[2026-05-09T17:55:16.681+0000] {local_task_job_runner.py:120} INFO - ::group::Pre task execution logs
[2026-05-09T17:55:16.704+0000] {taskinstance.py:2076} INFO - Dependencies all met for dep_context=non-requeueable deps ti=<TaskInstance: diabetes_mlops_pipeline.load_incremental_raw scheduled__2026-05-08T00:00:00+00:00 [queued]>
[2026-05-09T17:55:16.709+0000] {taskinstance.py:2076} INFO - Dependencies all met for dep_context=requeueable deps ti=<TaskInstance: diabetes_mlops_pipeline.load_incremental_raw scheduled__2026-05-08T00:00:00+00:00 [queued]>
[2026-05-09T17:55:16.710+0000] {taskinstance.py:2306} INFO - Starting attempt 6 of 6
[2026-05-09T17:55:16.721+0000] {taskinstance.py:2330} INFO - Executing <Task(PythonOperator): load_incremental_raw> on 2026-05-08 00:00:00+00:00
[2026-05-09T17:55:16.729+0000] {standard_task_runner.py:90} INFO - Running: ['airflow', 'tasks', 'run', 'diabetes_mlops_pipeline', 'load_incremental_raw', 'scheduled__2026-05-08T00:00:00+00:00', '--job-id', '24', '--raw', '--subdir', 'DAGS_FOLDER/mlops_pipeline.py', '--cfg-path', '/tmp/tmp17p2ghh0']
[2026-05-09T17:55:16.732+0000] {standard_task_runner.py:91} INFO - Job 24: Subtask load_incremental_raw
[2026-05-09T17:55:16.731+0000] {logging_mixin.py:188} WARNING - /home/airflow/.local/lib/python3.12/site-packages/airflow/task/task_runner/standard_task_runner.py:61 DeprecationWarning: This process (pid=626) is multi-threaded, use of fork() may lead to deadlocks in the child.
[2026-05-09T17:55:16.733+0000] {standard_task_runner.py:63} INFO - Started process 644 to run task
[2026-05-09T17:55:16.771+0000] {task_command.py:426} INFO - Running <TaskInstance: diabetes_mlops_pipeline.load_incremental_raw scheduled__2026-05-08T00:00:00+00:00 [running]> on host d709ff05c5f9
[2026-05-09T17:55:16.843+0000] {taskinstance.py:2648} INFO - Exporting env vars: AIRFLOW_CTX_DAG_OWNER='mlops_team' AIRFLOW_CTX_DAG_ID='diabetes_mlops_pipeline' AIRFLOW_CTX_TASK_ID='load_incremental_raw' AIRFLOW_CTX_EXECUTION_DATE='2026-05-08T00:00:00+00:00' AIRFLOW_CTX_TRY_NUMBER='6' AIRFLOW_CTX_DAG_RUN_ID='scheduled__2026-05-08T00:00:00+00:00'
[2026-05-09T17:55:16.844+0000] {taskinstance.py:430} INFO - ::endgroup::
[2026-05-09T17:55:18.362+0000] {crypto.py:82} WARNING - empty cryptography key - values will not be stored encrypted.
[2026-05-09T17:55:18.379+0000] {logging_mixin.py:188} INFO - Lote batch_20260509175516 insertado con 15000 registros.
[2026-05-09T17:55:18.384+0000] {python.py:237} INFO - Done. Returned value was: None
[2026-05-09T17:55:18.386+0000] {taskinstance.py:441} INFO - ::group::Post task execution logs
[2026-05-09T17:55:18.394+0000] {taskinstance.py:1206} INFO - Marking task as SUCCESS. dag_id=diabetes_mlops_pipeline, task_id=load_incremental_raw, run_id=scheduled__2026-05-08T00:00:00+00:00, execution_date=20260508T000000, start_date=20260509T175516, end_date=20260509T175518
[2026-05-09T17:55:18.436+0000] {local_task_job_runner.py:240} INFO - Task exited with return code 0
[2026-05-09T17:55:18.457+0000] {taskinstance.py:3498} INFO - 1 downstream tasks scheduled from follow-on schedule check
[2026-05-09T17:55:18.461+0000] {local_task_job_runner.py:222} INFO - ::endgroup::
