[2026-05-09T22:34:57.942+0000] {local_task_job_runner.py:120} INFO - ::group::Pre task execution logs
[2026-05-09T22:34:57.965+0000] {taskinstance.py:2076} INFO - Dependencies all met for dep_context=non-requeueable deps ti=<TaskInstance: diabetes_mlops_pipeline.process_and_clean manual__2026-05-09T22:30:53.541237+00:00 [queued]>
[2026-05-09T22:34:57.971+0000] {taskinstance.py:2076} INFO - Dependencies all met for dep_context=requeueable deps ti=<TaskInstance: diabetes_mlops_pipeline.process_and_clean manual__2026-05-09T22:30:53.541237+00:00 [queued]>
[2026-05-09T22:34:57.972+0000] {taskinstance.py:2306} INFO - Starting attempt 1 of 2
[2026-05-09T22:34:57.988+0000] {taskinstance.py:2330} INFO - Executing <Task(PythonOperator): process_and_clean> on 2026-05-09 22:30:53.541237+00:00
[2026-05-09T22:34:57.996+0000] {logging_mixin.py:188} WARNING - /home/airflow/.local/lib/python3.12/site-packages/airflow/task/task_runner/standard_task_runner.py:61 DeprecationWarning: This process (pid=7165) is multi-threaded, use of fork() may lead to deadlocks in the child.
[2026-05-09T22:34:57.997+0000] {standard_task_runner.py:63} INFO - Started process 7183 to run task
[2026-05-09T22:34:57.996+0000] {standard_task_runner.py:90} INFO - Running: ['airflow', 'tasks', 'run', 'diabetes_mlops_pipeline', 'process_and_clean', 'manual__2026-05-09T22:30:53.541237+00:00', '--job-id', '43', '--raw', '--subdir', 'DAGS_FOLDER/mlops_pipeline.py', '--cfg-path', '/tmp/tmp3gdjct_s']
[2026-05-09T22:34:57.998+0000] {standard_task_runner.py:91} INFO - Job 43: Subtask process_and_clean
[2026-05-09T22:34:58.041+0000] {task_command.py:426} INFO - Running <TaskInstance: diabetes_mlops_pipeline.process_and_clean manual__2026-05-09T22:30:53.541237+00:00 [running]> on host 3441b056496b
[2026-05-09T22:34:58.118+0000] {taskinstance.py:2648} INFO - Exporting env vars: AIRFLOW_CTX_DAG_OWNER='mlops_team' AIRFLOW_CTX_DAG_ID='diabetes_mlops_pipeline' AIRFLOW_CTX_TASK_ID='process_and_clean' AIRFLOW_CTX_EXECUTION_DATE='2026-05-09T22:30:53.541237+00:00' AIRFLOW_CTX_TRY_NUMBER='1' AIRFLOW_CTX_DAG_RUN_ID='manual__2026-05-09T22:30:53.541237+00:00'
[2026-05-09T22:34:58.120+0000] {taskinstance.py:430} INFO - ::endgroup::
[2026-05-09T22:34:58.144+0000] {taskinstance.py:441} INFO - ::group::Post task execution logs
[2026-05-09T22:34:58.145+0000] {taskinstance.py:2905} ERROR - Task failed with exception
Traceback (most recent call last):
  File "/home/airflow/.local/lib/python3.12/site-packages/sqlalchemy/engine/base.py", line 1910, in _execute_context
    self.dialect.do_execute(
  File "/home/airflow/.local/lib/python3.12/site-packages/sqlalchemy/engine/default.py", line 736, in do_execute
    cursor.execute(statement, parameters)
psycopg2.errors.UndefinedColumn: column "id" does not exist
LINE 1: SELECT id as raw_id, record_data FROM raw_data WHERE batch_i...
               ^


The above exception was the direct cause of the following exception:

Traceback (most recent call last):
  File "/home/airflow/.local/lib/python3.12/site-packages/airflow/models/taskinstance.py", line 465, in _execute_task
    result = _execute_callable(context=context, **execute_callable_kwargs)
             ^^^^^^^^^^^^^^^^^^^^^^^^^^^^^^^^^^^^^^^^^^^^^^^^^^^^^^^^^^^^^
  File "/home/airflow/.local/lib/python3.12/site-packages/airflow/models/taskinstance.py", line 432, in _execute_callable
    return execute_callable(context=context, **execute_callable_kwargs)
           ^^^^^^^^^^^^^^^^^^^^^^^^^^^^^^^^^^^^^^^^^^^^^^^^^^^^^^^^^^^^
  File "/home/airflow/.local/lib/python3.12/site-packages/airflow/models/baseoperator.py", line 400, in wrapper
    return func(self, *args, **kwargs)
           ^^^^^^^^^^^^^^^^^^^^^^^^^^^
  File "/home/airflow/.local/lib/python3.12/site-packages/airflow/operators/python.py", line 235, in execute
    return_value = self.execute_callable()
                   ^^^^^^^^^^^^^^^^^^^^^^^
  File "/home/airflow/.local/lib/python3.12/site-packages/airflow/operators/python.py", line 252, in execute_callable
    return self.python_callable(*self.op_args, **self.op_kwargs)
           ^^^^^^^^^^^^^^^^^^^^^^^^^^^^^^^^^^^^^^^^^^^^^^^^^^^^^
  File "/opt/airflow/dags/mlops_pipeline.py", line 103, in _process_and_clean
    raw_df = pd.read_sql(query, con=engine)
             ^^^^^^^^^^^^^^^^^^^^^^^^^^^^^^
  File "/home/airflow/.local/lib/python3.12/site-packages/pandas/io/sql.py", line 682, in read_sql
    return pandas_sql.read_query(
           ^^^^^^^^^^^^^^^^^^^^^^
  File "/home/airflow/.local/lib/python3.12/site-packages/pandas/io/sql.py", line 1776, in read_query
    result = self.execute(sql, params)
             ^^^^^^^^^^^^^^^^^^^^^^^^^
  File "/home/airflow/.local/lib/python3.12/site-packages/pandas/io/sql.py", line 1599, in execute
    return self.con.exec_driver_sql(sql, *args)
           ^^^^^^^^^^^^^^^^^^^^^^^^^^^^^^^^^^^^
  File "/home/airflow/.local/lib/python3.12/site-packages/sqlalchemy/engine/base.py", line 1770, in exec_driver_sql
    return self._exec_driver_sql(
           ^^^^^^^^^^^^^^^^^^^^^^
  File "/home/airflow/.local/lib/python3.12/site-packages/sqlalchemy/engine/base.py", line 1674, in _exec_driver_sql
    ret = self._execute_context(
          ^^^^^^^^^^^^^^^^^^^^^^
  File "/home/airflow/.local/lib/python3.12/site-packages/sqlalchemy/engine/base.py", line 1953, in _execute_context
    self._handle_dbapi_exception(
  File "/home/airflow/.local/lib/python3.12/site-packages/sqlalchemy/engine/base.py", line 2134, in _handle_dbapi_exception
    util.raise_(
  File "/home/airflow/.local/lib/python3.12/site-packages/sqlalchemy/util/compat.py", line 211, in raise_
    raise exception
  File "/home/airflow/.local/lib/python3.12/site-packages/sqlalchemy/engine/base.py", line 1910, in _execute_context
    self.dialect.do_execute(
  File "/home/airflow/.local/lib/python3.12/site-packages/sqlalchemy/engine/default.py", line 736, in do_execute
    cursor.execute(statement, parameters)
sqlalchemy.exc.ProgrammingError: (psycopg2.errors.UndefinedColumn) column "id" does not exist
LINE 1: SELECT id as raw_id, record_data FROM raw_data WHERE batch_i...
               ^

[SQL: SELECT id as raw_id, record_data FROM raw_data WHERE batch_id = 'manual__2026-05-09T22:30:53.541237+00:00']
(Background on this error at: https://sqlalche.me/e/14/f405)
[2026-05-09T22:34:58.155+0000] {taskinstance.py:1206} INFO - Marking task as UP_FOR_RETRY. dag_id=diabetes_mlops_pipeline, task_id=process_and_clean, run_id=manual__2026-05-09T22:30:53.541237+00:00, execution_date=20260509T223053, start_date=20260509T223457, end_date=20260509T223458
[2026-05-09T22:34:58.167+0000] {standard_task_runner.py:110} ERROR - Failed to execute job 43 for task process_and_clean ((psycopg2.errors.UndefinedColumn) column "id" does not exist
LINE 1: SELECT id as raw_id, record_data FROM raw_data WHERE batch_i...
               ^

[SQL: SELECT id as raw_id, record_data FROM raw_data WHERE batch_id = 'manual__2026-05-09T22:30:53.541237+00:00']
(Background on this error at: https://sqlalche.me/e/14/f405); 7183)
[2026-05-09T22:34:58.179+0000] {local_task_job_runner.py:240} INFO - Task exited with return code 1
[2026-05-09T22:34:58.199+0000] {taskinstance.py:3498} INFO - 0 downstream tasks scheduled from follow-on schedule check
[2026-05-09T22:34:58.203+0000] {local_task_job_runner.py:222} INFO - ::endgroup::
