[2026-05-30T01:11:09.774+0000] {local_task_job_runner.py:120} INFO - ::group::Pre task execution logs
[2026-05-30T01:11:09.808+0000] {taskinstance.py:2076} INFO - Dependencies all met for dep_context=non-requeueable deps ti=<TaskInstance: real_estate_mlops_pipeline.register_candidate_in_mlflow scheduled__2026-05-27T02:00:00+00:00 [queued]>
[2026-05-30T01:11:09.818+0000] {taskinstance.py:2076} INFO - Dependencies all met for dep_context=requeueable deps ti=<TaskInstance: real_estate_mlops_pipeline.register_candidate_in_mlflow scheduled__2026-05-27T02:00:00+00:00 [queued]>
[2026-05-30T01:11:09.818+0000] {taskinstance.py:2306} INFO - Starting attempt 3 of 3
[2026-05-30T01:11:09.836+0000] {taskinstance.py:2330} INFO - Executing <Task(PythonOperator): register_candidate_in_mlflow> on 2026-05-27 02:00:00+00:00
[2026-05-30T01:11:09.853+0000] {logging_mixin.py:188} WARNING - /home/airflow/.local/lib/python3.12/site-packages/airflow/task/task_runner/standard_task_runner.py:61 DeprecationWarning: This process (pid=176) is multi-threaded, use of fork() may lead to deadlocks in the child.
[2026-05-30T01:11:09.853+0000] {standard_task_runner.py:90} INFO - Running: ['airflow', 'tasks', 'run', 'real_estate_mlops_pipeline', 'register_candidate_in_mlflow', 'scheduled__2026-05-27T02:00:00+00:00', '--job-id', '83', '--raw', '--subdir', 'DAGS_FOLDER/mlops_pipeline.py', '--cfg-path', '/tmp/tmp_jfj99sq']
[2026-05-30T01:11:09.855+0000] {standard_task_runner.py:63} INFO - Started process 230 to run task
[2026-05-30T01:11:09.855+0000] {standard_task_runner.py:91} INFO - Job 83: Subtask register_candidate_in_mlflow
[2026-05-30T01:11:09.909+0000] {task_command.py:426} INFO - Running <TaskInstance: real_estate_mlops_pipeline.register_candidate_in_mlflow scheduled__2026-05-27T02:00:00+00:00 [running]> on host 123d1cd2e2a1
[2026-05-30T01:11:10.027+0000] {taskinstance.py:2648} INFO - Exporting env vars: AIRFLOW_CTX_DAG_OWNER='mlops_team' AIRFLOW_CTX_DAG_ID='real_estate_mlops_pipeline' AIRFLOW_CTX_TASK_ID='register_candidate_in_mlflow' AIRFLOW_CTX_EXECUTION_DATE='2026-05-27T02:00:00+00:00' AIRFLOW_CTX_TRY_NUMBER='3' AIRFLOW_CTX_DAG_RUN_ID='scheduled__2026-05-27T02:00:00+00:00'
[2026-05-30T01:11:10.029+0000] {taskinstance.py:430} INFO - ::endgroup::
[2026-05-30T01:11:12.064+0000] {connectionpool.py:874} WARNING - Retrying (Retry(total=4, connect=4, read=5, redirect=5, status=5)) after connection broken by 'NewConnectionError('<urllib3.connection.HTTPConnection object at 0x704d3e7ad9d0>: Failed to establish a new connection: [Errno 111] Connection refused')': /api/2.0/mlflow/experiments/get-by-name?experiment_name=RealEstate_Pricing
[2026-05-30T01:11:16.402+0000] {connectionpool.py:874} WARNING - Retrying (Retry(total=3, connect=3, read=5, redirect=5, status=5)) after connection broken by 'NewConnectionError('<urllib3.connection.HTTPConnection object at 0x704d3e7c7f80>: Failed to establish a new connection: [Errno 111] Connection refused')': /api/2.0/mlflow/experiments/get-by-name?experiment_name=RealEstate_Pricing
[2026-05-30T01:11:23.097+0000] {connectionpool.py:874} WARNING - Retrying (Retry(total=2, connect=2, read=5, redirect=5, status=5)) after connection broken by 'NewConnectionError('<urllib3.connection.HTTPConnection object at 0x704d3e7c4a40>: Failed to establish a new connection: [Errno 111] Connection refused')': /api/2.0/mlflow/experiments/get-by-name?experiment_name=RealEstate_Pricing
[2026-05-30T01:11:39.310+0000] {connectionpool.py:874} WARNING - Retrying (Retry(total=1, connect=1, read=5, redirect=5, status=5)) after connection broken by 'NewConnectionError('<urllib3.connection.HTTPConnection object at 0x704d76125fa0>: Failed to establish a new connection: [Errno 111] Connection refused')': /api/2.0/mlflow/experiments/get-by-name?experiment_name=RealEstate_Pricing
[2026-05-30T01:12:09.740+0000] {connectionpool.py:874} WARNING - Retrying (Retry(total=0, connect=0, read=5, redirect=5, status=5)) after connection broken by 'NewConnectionError('<urllib3.connection.HTTPConnection object at 0x704d3e7c7500>: Failed to establish a new connection: [Errno 111] Connection refused')': /api/2.0/mlflow/experiments/get-by-name?experiment_name=RealEstate_Pricing
[2026-05-30T01:12:09.891+0000] {logging_mixin.py:188} WARNING - 2026/05/30 01:12:09 WARNING mlflow.utils.git_utils: Failed to import Git (the Git executable is probably not on your PATH), so Git SHA is not available. Error: Failed to initialize: Bad git executable.
The git executable must be specified in one of the following ways:
    - be included in your $PATH
    - be set via $GIT_PYTHON_GIT_EXECUTABLE
    - explicitly set via git.refresh(<full-path-to-git-executable>)

All git commands will error until this is rectified.

This initial message can be silenced or aggravated in the future by setting the
$GIT_PYTHON_REFRESH environment variable. Use one of the following values:
    - quiet|q|silence|s|silent|none|n|0: for no message or exception
    - warn|w|warning|log|l|1: for a warning message (logging level CRITICAL, displayed by default)
    - error|e|exception|raise|r|2: for a raised exception

Example:
    export GIT_PYTHON_REFRESH=quiet
[2026-05-30T01:24:16.799+0000] {credentials.py:1147} INFO - Found credentials in environment variables.
[2026-05-30T01:24:17.768+0000] {logging_mixin.py:188} INFO - Modelo registrado oficialmente en MLflow (ID: 15c21a58a548410c8cf135f3dcc06979)
[2026-05-30T01:24:17.856+0000] {logging_mixin.py:188} INFO - Objeto temporal temp_models/candidate_scheduled__2026-05-27T02:00:00+00:00.pkl eliminado de MinIO.
[2026-05-30T01:24:17.892+0000] {python.py:237} INFO - Done. Returned value was: None
[2026-05-30T01:24:17.893+0000] {taskinstance.py:441} INFO - ::group::Post task execution logs
[2026-05-30T01:24:17.905+0000] {taskinstance.py:1206} INFO - Marking task as SUCCESS. dag_id=real_estate_mlops_pipeline, task_id=register_candidate_in_mlflow, run_id=scheduled__2026-05-27T02:00:00+00:00, execution_date=20260527T020000, start_date=20260530T011109, end_date=20260530T012417
[2026-05-30T01:24:17.985+0000] {local_task_job_runner.py:240} INFO - Task exited with return code 0
[2026-05-30T01:24:18.015+0000] {taskinstance.py:3498} INFO - 1 downstream tasks scheduled from follow-on schedule check
[2026-05-30T01:24:18.018+0000] {local_task_job_runner.py:222} INFO - ::endgroup::
