[2026-05-30T01:02:09.876+0000] {local_task_job_runner.py:120} INFO - ::group::Pre task execution logs
[2026-05-30T01:02:09.910+0000] {taskinstance.py:2076} INFO - Dependencies all met for dep_context=non-requeueable deps ti=<TaskInstance: real_estate_mlops_pipeline.register_candidate_in_mlflow scheduled__2026-05-27T02:00:00+00:00 [queued]>
[2026-05-30T01:02:09.919+0000] {taskinstance.py:2076} INFO - Dependencies all met for dep_context=requeueable deps ti=<TaskInstance: real_estate_mlops_pipeline.register_candidate_in_mlflow scheduled__2026-05-27T02:00:00+00:00 [queued]>
[2026-05-30T01:02:09.920+0000] {taskinstance.py:2306} INFO - Starting attempt 2 of 3
[2026-05-30T01:02:09.946+0000] {taskinstance.py:2330} INFO - Executing <Task(PythonOperator): register_candidate_in_mlflow> on 2026-05-27 02:00:00+00:00
[2026-05-30T01:02:09.961+0000] {logging_mixin.py:188} WARNING - /home/airflow/.local/lib/python3.12/site-packages/airflow/task/task_runner/standard_task_runner.py:61 DeprecationWarning: This process (pid=175) is multi-threaded, use of fork() may lead to deadlocks in the child.
[2026-05-30T01:02:09.962+0000] {standard_task_runner.py:63} INFO - Started process 230 to run task
[2026-05-30T01:02:09.961+0000] {standard_task_runner.py:90} INFO - Running: ['airflow', 'tasks', 'run', 'real_estate_mlops_pipeline', 'register_candidate_in_mlflow', 'scheduled__2026-05-27T02:00:00+00:00', '--job-id', '72', '--raw', '--subdir', 'DAGS_FOLDER/mlops_pipeline.py', '--cfg-path', '/tmp/tmpy74q45sk']
[2026-05-30T01:02:09.963+0000] {standard_task_runner.py:91} INFO - Job 72: Subtask register_candidate_in_mlflow
[2026-05-30T01:02:10.018+0000] {task_command.py:426} INFO - Running <TaskInstance: real_estate_mlops_pipeline.register_candidate_in_mlflow scheduled__2026-05-27T02:00:00+00:00 [running]> on host 028cb978595b
[2026-05-30T01:02:10.111+0000] {taskinstance.py:2648} INFO - Exporting env vars: AIRFLOW_CTX_DAG_OWNER='mlops_team' AIRFLOW_CTX_DAG_ID='real_estate_mlops_pipeline' AIRFLOW_CTX_TASK_ID='register_candidate_in_mlflow' AIRFLOW_CTX_EXECUTION_DATE='2026-05-27T02:00:00+00:00' AIRFLOW_CTX_TRY_NUMBER='2' AIRFLOW_CTX_DAG_RUN_ID='scheduled__2026-05-27T02:00:00+00:00'
[2026-05-30T01:02:10.112+0000] {taskinstance.py:430} INFO - ::endgroup::
[2026-05-30T01:02:12.334+0000] {connectionpool.py:874} WARNING - Retrying (Retry(total=4, connect=4, read=5, redirect=5, status=5)) after connection broken by 'NewConnectionError('<urllib3.connection.HTTPConnection object at 0x77e4fa621c40>: Failed to establish a new connection: [Errno 111] Connection refused')': /api/2.0/mlflow/experiments/get-by-name?experiment_name=RealEstate_Pricing
[2026-05-30T01:02:17.006+0000] {connectionpool.py:874} WARNING - Retrying (Retry(total=3, connect=3, read=5, redirect=5, status=5)) after connection broken by 'NewConnectionError('<urllib3.connection.HTTPConnection object at 0x77e4fa6cb0b0>: Failed to establish a new connection: [Errno 111] Connection refused')': /api/2.0/mlflow/experiments/get-by-name?experiment_name=RealEstate_Pricing
[2026-05-30T01:02:25.700+0000] {connectionpool.py:874} WARNING - Retrying (Retry(total=2, connect=2, read=5, redirect=5, status=5)) after connection broken by 'NewConnectionError('<urllib3.connection.HTTPConnection object at 0x77e4fa6cb740>: Failed to establish a new connection: [Errno 111] Connection refused')': /api/2.0/mlflow/experiments/get-by-name?experiment_name=RealEstate_Pricing
[2026-05-30T01:02:39.825+0000] {connectionpool.py:874} WARNING - Retrying (Retry(total=1, connect=1, read=5, redirect=5, status=5)) after connection broken by 'NewConnectionError('<urllib3.connection.HTTPConnection object at 0x77e4fa6300b0>: Failed to establish a new connection: [Errno 111] Connection refused')': /api/2.0/mlflow/experiments/get-by-name?experiment_name=RealEstate_Pricing
[2026-05-30T01:03:10.088+0000] {connectionpool.py:874} WARNING - Retrying (Retry(total=0, connect=0, read=5, redirect=5, status=5)) after connection broken by 'NewConnectionError('<urllib3.connection.HTTPConnection object at 0x77e4fa623500>: Failed to establish a new connection: [Errno 111] Connection refused')': /api/2.0/mlflow/experiments/get-by-name?experiment_name=RealEstate_Pricing
[2026-05-30T01:03:10.244+0000] {logging_mixin.py:188} WARNING - 2026/05/30 01:03:10 WARNING mlflow.utils.git_utils: Failed to import Git (the Git executable is probably not on your PATH), so Git SHA is not available. Error: Failed to initialize: Bad git executable.
The git executable must be specified in one of the following ways:
    - be included in your $PATH
    - be set via $GIT_PYTHON_GIT_EXECUTABLE
    - explicitly set via git.refresh(<full-path-to-git-executable>)

All git commands will error until this is rectified.

This initial message can be silenced or aggravated in the future by setting the
$GIT_PYTHON_REFRESH environment variable. Use one of the following values:
    - quiet|q|silence|s|silent|none|n|0: for no message or exception
    - warn|w|warning|log|l|1: for a warning message (logging level CRITICAL, displayed by default)
    - error|e|exception|raise|r|2: for a raised exception

Example:
    export GIT_PYTHON_REFRESH=quiet
[2026-05-30T01:05:23.159+0000] {local_task_job_runner.py:124} ERROR - Received SIGTERM. Terminating subprocesses
[2026-05-30T01:05:23.165+0000] {process_utils.py:132} INFO - Sending 15 to group 230. PIDs of all processes in the group: [230]
[2026-05-30T01:05:23.166+0000] {process_utils.py:87} INFO - Sending the signal 15 to group 230
[2026-05-30T01:05:23.167+0000] {taskinstance.py:2611} ERROR - Received SIGTERM. Terminating subprocesses.
[2026-05-30T01:05:23.352+0000] {taskinstance.py:441} INFO - ::group::Post task execution logs
[2026-05-30T01:05:23.370+0000] {taskinstance.py:2905} ERROR - Task failed with exception
Traceback (most recent call last):
  File "/home/airflow/.local/lib/python3.12/site-packages/airflow/models/taskinstance.py", line 465, in _execute_task
    result = _execute_callable(context=context, **execute_callable_kwargs)
             ^^^^^^^^^^^^^^^^^^^^^^^^^^^^^^^^^^^^^^^^^^^^^^^^^^^^^^^^^^^^^
  File "/home/airflow/.local/lib/python3.12/site-packages/airflow/models/taskinstance.py", line 432, in _execute_callable
    return execute_callable(context=context, **execute_callable_kwargs)
           ^^^^^^^^^^^^^^^^^^^^^^^^^^^^^^^^^^^^^^^^^^^^^^^^^^^^^^^^^^^^
  File "/home/airflow/.local/lib/python3.12/site-packages/airflow/models/baseoperator.py", line 400, in wrapper
    return func(self, *args, **kwargs)
           ^^^^^^^^^^^^^^^^^^^^^^^^^^^
  File "/home/airflow/.local/lib/python3.12/site-packages/airflow/operators/python.py", line 235, in execute
    return_value = self.execute_callable()
                   ^^^^^^^^^^^^^^^^^^^^^^^
  File "/home/airflow/.local/lib/python3.12/site-packages/airflow/operators/python.py", line 252, in execute_callable
    return self.python_callable(*self.op_args, **self.op_kwargs)
           ^^^^^^^^^^^^^^^^^^^^^^^^^^^^^^^^^^^^^^^^^^^^^^^^^^^^^
  File "/opt/airflow/dags/mlops_pipeline.py", line 294, in _register_candidate_in_mlflow
    signature = infer_signature(X_test, pipeline.predict(X_test))
                ^^^^^^^^^^^^^^^^^^^^^^^^^^^^^^^^^^^^^^^^^^^^^^^^^
  File "/home/airflow/.local/lib/python3.12/site-packages/mlflow/models/signature.py", line 213, in infer_signature
    inputs = _infer_schema(model_input) if model_input is not None else None
             ^^^^^^^^^^^^^^^^^^^^^^^^^^
  File "/home/airflow/.local/lib/python3.12/site-packages/mlflow/types/utils.py", line 329, in _infer_schema
    type=_infer_pandas_column(data[col]),
         ^^^^^^^^^^^^^^^^^^^^^^^^^^^^^^^
  File "/home/airflow/.local/lib/python3.12/site-packages/mlflow/types/utils.py", line 472, in _infer_pandas_column
    arr_type = _infer_colspec_type(col.to_list())
               ^^^^^^^^^^^^^^^^^^^^^^^^^^^^^^^^^^
  File "/home/airflow/.local/lib/python3.12/site-packages/mlflow/types/utils.py", line 97, in _infer_colspec_type
    dtype = _infer_datatype(data)
            ^^^^^^^^^^^^^^^^^^^^^
  File "/home/airflow/.local/lib/python3.12/site-packages/mlflow/types/utils.py", line 120, in _infer_datatype
    return _infer_array_datatype(data)
           ^^^^^^^^^^^^^^^^^^^^^^^^^^^
  File "/home/airflow/.local/lib/python3.12/site-packages/mlflow/types/utils.py", line 149, in _infer_array_datatype
    dtype = _infer_datatype(item)
            ^^^^^^^^^^^^^^^^^^^^^
  File "/home/airflow/.local/lib/python3.12/site-packages/mlflow/types/utils.py", line 122, in _infer_datatype
    return _infer_scalar_datatype(data)
           ^^^^^^^^^^^^^^^^^^^^^^^^^^^^
  File "/home/airflow/.local/lib/python3.12/site-packages/mlflow/types/utils.py", line 183, in _infer_scalar_datatype
    if DataType.is_integer(data):
       ^^^^^^^^^^^^^^^^^^^^^^^^^
  File "/home/airflow/.local/lib/python3.12/site-packages/mlflow/types/schema.py", line 87, in is_integer
    return type(value) in DataType.integer.get_all_types()
                          ^^^^^^^^^^^^^^^^^^^^^^^^^^^^^^^^
  File "/home/airflow/.local/lib/python3.12/site-packages/mlflow/types/schema.py", line 115, in get_all_types
    if importlib.util.find_spec("pyspark") is not None:
       ^^^^^^^^^^^^^^^^^^^^^^^^^^^^^^^^^^^
  File "<frozen importlib.util>", line 101, in find_spec
  File "<frozen importlib._bootstrap>", line 1262, in _find_spec
  File "<frozen importlib._bootstrap_external>", line 1528, in find_spec
  File "<frozen importlib._bootstrap_external>", line 1502, in _get_spec
  File "<frozen importlib._bootstrap_external>", line 1601, in find_spec
  File "<frozen importlib._bootstrap_external>", line 147, in _path_stat
  File "/home/airflow/.local/lib/python3.12/site-packages/airflow/models/taskinstance.py", line 2613, in signal_handler
    raise AirflowTaskTerminated("Task received SIGTERM signal")
airflow.exceptions.AirflowTaskTerminated: Task received SIGTERM signal
[2026-05-30T01:05:23.382+0000] {taskinstance.py:1206} INFO - Marking task as UP_FOR_RETRY. dag_id=real_estate_mlops_pipeline, task_id=register_candidate_in_mlflow, run_id=scheduled__2026-05-27T02:00:00+00:00, execution_date=20260527T020000, start_date=20260530T010209, end_date=20260530T010523
[2026-05-30T01:05:23.502+0000] {process_utils.py:80} INFO - Process psutil.Process(pid=230, status='terminated', exitcode=2, started='01:02:09') (230) terminated with exit code 2
[2026-05-30T01:05:23.503+0000] {local_task_job_runner.py:240} INFO - Task exited with return code 143
[2026-05-30T01:05:23.539+0000] {taskinstance.py:3498} INFO - 0 downstream tasks scheduled from follow-on schedule check
