[2026-05-27T02:40:14.047+0000] {local_task_job_runner.py:120} INFO - ::group::Pre task execution logs
[2026-05-27T02:40:14.078+0000] {taskinstance.py:2076} INFO - Dependencies all met for dep_context=non-requeueable deps ti=<TaskInstance: real_estate_mlops_pipeline.fetch_batch_from_api manual__2026-05-27T02:31:03.363362+00:00 [queued]>
[2026-05-27T02:40:14.087+0000] {taskinstance.py:2076} INFO - Dependencies all met for dep_context=requeueable deps ti=<TaskInstance: real_estate_mlops_pipeline.fetch_batch_from_api manual__2026-05-27T02:31:03.363362+00:00 [queued]>
[2026-05-27T02:40:14.087+0000] {taskinstance.py:2306} INFO - Starting attempt 4 of 5
[2026-05-27T02:40:14.121+0000] {taskinstance.py:2330} INFO - Executing <Task(PythonOperator): fetch_batch_from_api> on 2026-05-27 02:31:03.363362+00:00
[2026-05-27T02:40:14.142+0000] {logging_mixin.py:188} WARNING - /home/airflow/.local/lib/python3.12/site-packages/airflow/task/task_runner/standard_task_runner.py:61 DeprecationWarning: This process (pid=2353) is multi-threaded, use of fork() may lead to deadlocks in the child.
[2026-05-27T02:40:14.149+0000] {standard_task_runner.py:63} INFO - Started process 2388 to run task
[2026-05-27T02:40:14.141+0000] {standard_task_runner.py:90} INFO - Running: ['airflow', 'tasks', 'run', 'real_estate_mlops_pipeline', 'fetch_batch_from_api', 'manual__2026-05-27T02:31:03.363362+00:00', '--job-id', '12', '--raw', '--subdir', 'DAGS_FOLDER/mlops_pipeline.py', '--cfg-path', '/tmp/tmp5ygw86nn']
[2026-05-27T02:40:14.150+0000] {standard_task_runner.py:91} INFO - Job 12: Subtask fetch_batch_from_api
[2026-05-27T02:40:14.299+0000] {task_command.py:426} INFO - Running <TaskInstance: real_estate_mlops_pipeline.fetch_batch_from_api manual__2026-05-27T02:31:03.363362+00:00 [running]> on host 86717520d88f
[2026-05-27T02:40:14.556+0000] {taskinstance.py:2648} INFO - Exporting env vars: AIRFLOW_CTX_DAG_OWNER='mlops_team' AIRFLOW_CTX_DAG_ID='real_estate_mlops_pipeline' AIRFLOW_CTX_TASK_ID='fetch_batch_from_api' AIRFLOW_CTX_EXECUTION_DATE='2026-05-27T02:31:03.363362+00:00' AIRFLOW_CTX_TRY_NUMBER='4' AIRFLOW_CTX_DAG_RUN_ID='manual__2026-05-27T02:31:03.363362+00:00'
[2026-05-27T02:40:14.558+0000] {taskinstance.py:430} INFO - ::endgroup::
[2026-05-27T02:40:24.604+0000] {logging_mixin.py:188} INFO - Error crítico al consumir la API: HTTPConnectionPool(host='data-api', port=80): Read timed out. (read timeout=10)
[2026-05-27T02:40:24.605+0000] {taskinstance.py:441} INFO - ::group::Post task execution logs
[2026-05-27T02:40:24.605+0000] {taskinstance.py:2905} ERROR - Task failed with exception
Traceback (most recent call last):
  File "/home/airflow/.local/lib/python3.12/site-packages/urllib3/connectionpool.py", line 537, in _make_request
    response = conn.getresponse()
               ^^^^^^^^^^^^^^^^^^
  File "/home/airflow/.local/lib/python3.12/site-packages/urllib3/connection.py", line 466, in getresponse
    httplib_response = super().getresponse()
                       ^^^^^^^^^^^^^^^^^^^^^
  File "/usr/local/lib/python3.12/http/client.py", line 1428, in getresponse
    response.begin()
  File "/usr/local/lib/python3.12/http/client.py", line 331, in begin
    version, status, reason = self._read_status()
                              ^^^^^^^^^^^^^^^^^^^
  File "/usr/local/lib/python3.12/http/client.py", line 292, in _read_status
    line = str(self.fp.readline(_MAXLINE + 1), "iso-8859-1")
               ^^^^^^^^^^^^^^^^^^^^^^^^^^^^^^
  File "/usr/local/lib/python3.12/socket.py", line 707, in readinto
    return self._sock.recv_into(b)
           ^^^^^^^^^^^^^^^^^^^^^^^
TimeoutError: timed out

The above exception was the direct cause of the following exception:

Traceback (most recent call last):
  File "/home/airflow/.local/lib/python3.12/site-packages/requests/adapters.py", line 486, in send
    resp = conn.urlopen(
           ^^^^^^^^^^^^^
  File "/home/airflow/.local/lib/python3.12/site-packages/urllib3/connectionpool.py", line 847, in urlopen
    retries = retries.increment(
              ^^^^^^^^^^^^^^^^^^
  File "/home/airflow/.local/lib/python3.12/site-packages/urllib3/util/retry.py", line 470, in increment
    raise reraise(type(error), error, _stacktrace)
          ^^^^^^^^^^^^^^^^^^^^^^^^^^^^^^^^^^^^^^^^
  File "/home/airflow/.local/lib/python3.12/site-packages/urllib3/util/util.py", line 39, in reraise
    raise value
  File "/home/airflow/.local/lib/python3.12/site-packages/urllib3/connectionpool.py", line 793, in urlopen
    response = self._make_request(
               ^^^^^^^^^^^^^^^^^^^
  File "/home/airflow/.local/lib/python3.12/site-packages/urllib3/connectionpool.py", line 539, in _make_request
    self._raise_timeout(err=e, url=url, timeout_value=read_timeout)
  File "/home/airflow/.local/lib/python3.12/site-packages/urllib3/connectionpool.py", line 370, in _raise_timeout
    raise ReadTimeoutError(
urllib3.exceptions.ReadTimeoutError: HTTPConnectionPool(host='data-api', port=80): Read timed out. (read timeout=10)

During handling of the above exception, another exception occurred:

Traceback (most recent call last):
  File "/home/airflow/.local/lib/python3.12/site-packages/airflow/models/taskinstance.py", line 465, in _execute_task
    result = _execute_callable(context=context, **execute_callable_kwargs)
             ^^^^^^^^^^^^^^^^^^^^^^^^^^^^^^^^^^^^^^^^^^^^^^^^^^^^^^^^^^^^^
  File "/home/airflow/.local/lib/python3.12/site-packages/airflow/models/taskinstance.py", line 432, in _execute_callable
    return execute_callable(context=context, **execute_callable_kwargs)
           ^^^^^^^^^^^^^^^^^^^^^^^^^^^^^^^^^^^^^^^^^^^^^^^^^^^^^^^^^^^^
  File "/home/airflow/.local/lib/python3.12/site-packages/airflow/models/baseoperator.py", line 400, in wrapper
    return func(self, *args, **kwargs)
           ^^^^^^^^^^^^^^^^^^^^^^^^^^^
  File "/home/airflow/.local/lib/python3.12/site-packages/airflow/operators/python.py", line 235, in execute
    return_value = self.execute_callable()
                   ^^^^^^^^^^^^^^^^^^^^^^^
  File "/home/airflow/.local/lib/python3.12/site-packages/airflow/operators/python.py", line 252, in execute_callable
    return self.python_callable(*self.op_args, **self.op_kwargs)
           ^^^^^^^^^^^^^^^^^^^^^^^^^^^^^^^^^^^^^^^^^^^^^^^^^^^^^
  File "/opt/airflow/dags/mlops_pipeline.py", line 44, in _fetch_batch_from_api
    response = requests.get(DATA_API_URL, params={'group_number': GROUP_NUMBER}, timeout=10)
               ^^^^^^^^^^^^^^^^^^^^^^^^^^^^^^^^^^^^^^^^^^^^^^^^^^^^^^^^^^^^^^^^^^^^^^^^^^^^^
  File "/home/airflow/.local/lib/python3.12/site-packages/requests/api.py", line 73, in get
    return request("get", url, params=params, **kwargs)
           ^^^^^^^^^^^^^^^^^^^^^^^^^^^^^^^^^^^^^^^^^^^^
  File "/home/airflow/.local/lib/python3.12/site-packages/requests/api.py", line 59, in request
    return session.request(method=method, url=url, **kwargs)
           ^^^^^^^^^^^^^^^^^^^^^^^^^^^^^^^^^^^^^^^^^^^^^^^^^
  File "/home/airflow/.local/lib/python3.12/site-packages/requests/sessions.py", line 589, in request
    resp = self.send(prep, **send_kwargs)
           ^^^^^^^^^^^^^^^^^^^^^^^^^^^^^^
  File "/home/airflow/.local/lib/python3.12/site-packages/requests/sessions.py", line 703, in send
    r = adapter.send(request, **kwargs)
        ^^^^^^^^^^^^^^^^^^^^^^^^^^^^^^^
  File "/home/airflow/.local/lib/python3.12/site-packages/requests/adapters.py", line 532, in send
    raise ReadTimeout(e, request=request)
requests.exceptions.ReadTimeout: HTTPConnectionPool(host='data-api', port=80): Read timed out. (read timeout=10)
[2026-05-27T02:40:24.630+0000] {taskinstance.py:1206} INFO - Marking task as UP_FOR_RETRY. dag_id=real_estate_mlops_pipeline, task_id=fetch_batch_from_api, run_id=manual__2026-05-27T02:31:03.363362+00:00, execution_date=20260527T023103, start_date=20260527T024014, end_date=20260527T024024
[2026-05-27T02:40:24.645+0000] {standard_task_runner.py:110} ERROR - Failed to execute job 12 for task fetch_batch_from_api (HTTPConnectionPool(host='data-api', port=80): Read timed out. (read timeout=10); 2388)
[2026-05-27T02:40:24.682+0000] {local_task_job_runner.py:240} INFO - Task exited with return code 1
[2026-05-27T02:40:24.710+0000] {taskinstance.py:3498} INFO - 0 downstream tasks scheduled from follow-on schedule check
[2026-05-27T02:40:24.714+0000] {local_task_job_runner.py:222} INFO - ::endgroup::
