[2026-05-09T18:40:22.420+0000] {local_task_job_runner.py:120} INFO - ::group::Pre task execution logs
[2026-05-09T18:40:22.445+0000] {taskinstance.py:2076} INFO - Dependencies all met for dep_context=non-requeueable deps ti=<TaskInstance: diabetes_mlops_pipeline.promote_champion_model scheduled__2026-05-08T00:00:00+00:00 [queued]>
[2026-05-09T18:40:22.451+0000] {taskinstance.py:2076} INFO - Dependencies all met for dep_context=requeueable deps ti=<TaskInstance: diabetes_mlops_pipeline.promote_champion_model scheduled__2026-05-08T00:00:00+00:00 [queued]>
[2026-05-09T18:40:22.451+0000] {taskinstance.py:2306} INFO - Starting attempt 1 of 2
[2026-05-09T18:40:22.461+0000] {taskinstance.py:2330} INFO - Executing <Task(PythonOperator): promote_champion_model> on 2026-05-08 00:00:00+00:00
[2026-05-09T18:40:22.469+0000] {standard_task_runner.py:90} INFO - Running: ['airflow', 'tasks', 'run', 'diabetes_mlops_pipeline', 'promote_champion_model', 'scheduled__2026-05-08T00:00:00+00:00', '--job-id', '8', '--raw', '--subdir', 'DAGS_FOLDER/mlops_pipeline.py', '--cfg-path', '/tmp/tmpnj5ngwca']
[2026-05-09T18:40:22.471+0000] {standard_task_runner.py:91} INFO - Job 8: Subtask promote_champion_model
[2026-05-09T18:40:22.471+0000] {logging_mixin.py:188} WARNING - /home/airflow/.local/lib/python3.12/site-packages/airflow/task/task_runner/standard_task_runner.py:61 DeprecationWarning: This process (pid=782) is multi-threaded, use of fork() may lead to deadlocks in the child.
[2026-05-09T18:40:22.472+0000] {standard_task_runner.py:63} INFO - Started process 819 to run task
[2026-05-09T18:40:22.516+0000] {task_command.py:426} INFO - Running <TaskInstance: diabetes_mlops_pipeline.promote_champion_model scheduled__2026-05-08T00:00:00+00:00 [running]> on host f748990a7bb4
[2026-05-09T18:40:22.586+0000] {taskinstance.py:2648} INFO - Exporting env vars: AIRFLOW_CTX_DAG_OWNER='mlops_team' AIRFLOW_CTX_DAG_ID='diabetes_mlops_pipeline' AIRFLOW_CTX_TASK_ID='promote_champion_model' AIRFLOW_CTX_EXECUTION_DATE='2026-05-08T00:00:00+00:00' AIRFLOW_CTX_TRY_NUMBER='1' AIRFLOW_CTX_DAG_RUN_ID='scheduled__2026-05-08T00:00:00+00:00'
[2026-05-09T18:40:22.587+0000] {taskinstance.py:430} INFO - ::endgroup::
[2026-05-09T18:40:22.752+0000] {logging_mixin.py:188} WARNING - Successfully registered model 'Diabetes_Readmission_Model'.
[2026-05-09T18:40:22.826+0000] {logging_mixin.py:188} WARNING - 2026/05/09 18:40:22 INFO mlflow.store.model_registry.abstract_store: Waiting up to 300 seconds for model version to finish creation. Model name: Diabetes_Readmission_Model, version 1
[2026-05-09T18:40:22.827+0000] {logging_mixin.py:188} WARNING - Created version '1' of model 'Diabetes_Readmission_Model'.
[2026-05-09T18:40:22.892+0000] {logging_mixin.py:188} INFO - Modelo versión 1 promovido a champion (F1: 0.557753164556962)
[2026-05-09T18:40:22.892+0000] {python.py:237} INFO - Done. Returned value was: None
[2026-05-09T18:40:22.893+0000] {taskinstance.py:441} INFO - ::group::Post task execution logs
[2026-05-09T18:40:22.901+0000] {taskinstance.py:1206} INFO - Marking task as SUCCESS. dag_id=diabetes_mlops_pipeline, task_id=promote_champion_model, run_id=scheduled__2026-05-08T00:00:00+00:00, execution_date=20260508T000000, start_date=20260509T184022, end_date=20260509T184022
[2026-05-09T18:40:22.941+0000] {local_task_job_runner.py:240} INFO - Task exited with return code 0
[2026-05-09T18:40:22.957+0000] {taskinstance.py:3498} INFO - 0 downstream tasks scheduled from follow-on schedule check
[2026-05-09T18:40:22.960+0000] {local_task_job_runner.py:222} INFO - ::endgroup::
[2026-05-09T18:50:15.074+0000] {local_task_job_runner.py:120} INFO - ::group::Pre task execution logs
[2026-05-09T18:50:15.104+0000] {taskinstance.py:2076} INFO - Dependencies all met for dep_context=non-requeueable deps ti=<TaskInstance: diabetes_mlops_pipeline.promote_champion_model scheduled__2026-05-08T00:00:00+00:00 [queued]>
[2026-05-09T18:50:15.112+0000] {taskinstance.py:2076} INFO - Dependencies all met for dep_context=requeueable deps ti=<TaskInstance: diabetes_mlops_pipeline.promote_champion_model scheduled__2026-05-08T00:00:00+00:00 [queued]>
[2026-05-09T18:50:15.113+0000] {taskinstance.py:2306} INFO - Starting attempt 1 of 2
[2026-05-09T18:50:15.126+0000] {taskinstance.py:2330} INFO - Executing <Task(PythonOperator): promote_champion_model> on 2026-05-08 00:00:00+00:00
[2026-05-09T18:50:15.137+0000] {logging_mixin.py:188} WARNING - /home/airflow/.local/lib/python3.12/site-packages/airflow/task/task_runner/standard_task_runner.py:61 DeprecationWarning: This process (pid=381) is multi-threaded, use of fork() may lead to deadlocks in the child.
[2026-05-09T18:50:15.136+0000] {standard_task_runner.py:90} INFO - Running: ['airflow', 'tasks', 'run', 'diabetes_mlops_pipeline', 'promote_champion_model', 'scheduled__2026-05-08T00:00:00+00:00', '--job-id', '6', '--raw', '--subdir', 'DAGS_FOLDER/mlops_pipeline.py', '--cfg-path', '/tmp/tmpcr3upru_']
[2026-05-09T18:50:15.138+0000] {standard_task_runner.py:63} INFO - Started process 399 to run task
[2026-05-09T18:50:15.138+0000] {standard_task_runner.py:91} INFO - Job 6: Subtask promote_champion_model
[2026-05-09T18:50:15.185+0000] {task_command.py:426} INFO - Running <TaskInstance: diabetes_mlops_pipeline.promote_champion_model scheduled__2026-05-08T00:00:00+00:00 [running]> on host b4f9c666e238
[2026-05-09T18:50:15.264+0000] {taskinstance.py:2648} INFO - Exporting env vars: AIRFLOW_CTX_DAG_OWNER='mlops_team' AIRFLOW_CTX_DAG_ID='diabetes_mlops_pipeline' AIRFLOW_CTX_TASK_ID='promote_champion_model' AIRFLOW_CTX_EXECUTION_DATE='2026-05-08T00:00:00+00:00' AIRFLOW_CTX_TRY_NUMBER='1' AIRFLOW_CTX_DAG_RUN_ID='scheduled__2026-05-08T00:00:00+00:00'
[2026-05-09T18:50:15.265+0000] {taskinstance.py:430} INFO - ::endgroup::
[2026-05-09T18:50:15.546+0000] {logging_mixin.py:188} WARNING - Successfully registered model 'Diabetes_Readmission_Model'.
[2026-05-09T18:50:15.634+0000] {logging_mixin.py:188} WARNING - 2026/05/09 18:50:15 INFO mlflow.store.model_registry.abstract_store: Waiting up to 300 seconds for model version to finish creation. Model name: Diabetes_Readmission_Model, version 1
[2026-05-09T18:50:15.635+0000] {logging_mixin.py:188} WARNING - Created version '1' of model 'Diabetes_Readmission_Model'.
[2026-05-09T18:50:15.706+0000] {logging_mixin.py:188} INFO - Modelo versión 1 promovido a champion (F1: 0.557753164556962)
[2026-05-09T18:50:15.707+0000] {python.py:237} INFO - Done. Returned value was: None
[2026-05-09T18:50:15.708+0000] {taskinstance.py:441} INFO - ::group::Post task execution logs
[2026-05-09T18:50:15.718+0000] {taskinstance.py:1206} INFO - Marking task as SUCCESS. dag_id=diabetes_mlops_pipeline, task_id=promote_champion_model, run_id=scheduled__2026-05-08T00:00:00+00:00, execution_date=20260508T000000, start_date=20260509T185015, end_date=20260509T185015
[2026-05-09T18:50:15.770+0000] {local_task_job_runner.py:240} INFO - Task exited with return code 0
[2026-05-09T18:50:15.781+0000] {local_task_job_runner.py:222} INFO - ::endgroup::
