[2026-05-27T02:54:35.661+0000] {local_task_job_runner.py:120} INFO - ::group::Pre task execution logs
[2026-05-27T02:54:35.689+0000] {taskinstance.py:2076} INFO - Dependencies all met for dep_context=non-requeueable deps ti=<TaskInstance: real_estate_mlops_pipeline.register_candidate_in_mlflow manual__2026-05-27T02:41:38.136765+00:00 [queued]>
[2026-05-27T02:54:35.698+0000] {taskinstance.py:2076} INFO - Dependencies all met for dep_context=requeueable deps ti=<TaskInstance: real_estate_mlops_pipeline.register_candidate_in_mlflow manual__2026-05-27T02:41:38.136765+00:00 [queued]>
[2026-05-27T02:54:35.699+0000] {taskinstance.py:2306} INFO - Starting attempt 1 of 3
[2026-05-27T02:54:35.720+0000] {taskinstance.py:2330} INFO - Executing <Task(PythonOperator): register_candidate_in_mlflow> on 2026-05-27 02:41:38.136765+00:00
[2026-05-27T02:54:35.736+0000] {logging_mixin.py:188} WARNING - /home/airflow/.local/lib/python3.12/site-packages/airflow/task/task_runner/standard_task_runner.py:61 DeprecationWarning: This process (pid=3779) is multi-threaded, use of fork() may lead to deadlocks in the child.
[2026-05-27T02:54:35.736+0000] {standard_task_runner.py:90} INFO - Running: ['airflow', 'tasks', 'run', 'real_estate_mlops_pipeline', 'register_candidate_in_mlflow', 'manual__2026-05-27T02:41:38.136765+00:00', '--job-id', '55', '--raw', '--subdir', 'DAGS_FOLDER/mlops_pipeline.py', '--cfg-path', '/tmp/tmp2f_uaogz']
[2026-05-27T02:54:35.738+0000] {standard_task_runner.py:63} INFO - Started process 3797 to run task
[2026-05-27T02:54:35.738+0000] {standard_task_runner.py:91} INFO - Job 55: Subtask register_candidate_in_mlflow
[2026-05-27T02:54:35.797+0000] {task_command.py:426} INFO - Running <TaskInstance: real_estate_mlops_pipeline.register_candidate_in_mlflow manual__2026-05-27T02:41:38.136765+00:00 [running]> on host 86717520d88f
[2026-05-27T02:54:35.882+0000] {taskinstance.py:2648} INFO - Exporting env vars: AIRFLOW_CTX_DAG_OWNER='mlops_team' AIRFLOW_CTX_DAG_ID='real_estate_mlops_pipeline' AIRFLOW_CTX_TASK_ID='register_candidate_in_mlflow' AIRFLOW_CTX_EXECUTION_DATE='2026-05-27T02:41:38.136765+00:00' AIRFLOW_CTX_TRY_NUMBER='1' AIRFLOW_CTX_DAG_RUN_ID='manual__2026-05-27T02:41:38.136765+00:00'
[2026-05-27T02:54:35.885+0000] {taskinstance.py:430} INFO - ::endgroup::
[2026-05-27T02:54:36.823+0000] {logging_mixin.py:188} WARNING - 2026/05/27 02:54:36 WARNING mlflow.utils.git_utils: Failed to import Git (the Git executable is probably not on your PATH), so Git SHA is not available. Error: Failed to initialize: Bad git executable.
The git executable must be specified in one of the following ways:
    - be included in your $PATH
    - be set via $GIT_PYTHON_GIT_EXECUTABLE
    - explicitly set via git.refresh(<full-path-to-git-executable>)

All git commands will error until this is rectified.

This initial message can be silenced or aggravated in the future by setting the
$GIT_PYTHON_REFRESH environment variable. Use one of the following values:
    - quiet|q|silence|s|silent|none|n|0: for no message or exception
    - warn|w|warning|log|l|1: for a warning message (logging level CRITICAL, displayed by default)
    - error|e|exception|raise|r|2: for a raised exception

Example:
    export GIT_PYTHON_REFRESH=quiet
[2026-05-27T03:00:06.826+0000] {credentials.py:1147} INFO - Found credentials in environment variables.
[2026-05-27T03:00:07.707+0000] {logging_mixin.py:188} INFO - Modelo registrado oficialmente en MLflow (ID: bc760dcd32fd4987881c1ba7767eefd2)
[2026-05-27T03:00:07.746+0000] {logging_mixin.py:188} INFO - Objeto temporal temp_models/candidate_manual__2026-05-27T02:41:38.136765+00:00.pkl eliminado de MinIO.
[2026-05-27T03:00:07.760+0000] {python.py:237} INFO - Done. Returned value was: None
[2026-05-27T03:00:07.761+0000] {taskinstance.py:441} INFO - ::group::Post task execution logs
[2026-05-27T03:00:07.773+0000] {taskinstance.py:1206} INFO - Marking task as SUCCESS. dag_id=real_estate_mlops_pipeline, task_id=register_candidate_in_mlflow, run_id=manual__2026-05-27T02:41:38.136765+00:00, execution_date=20260527T024138, start_date=20260527T025435, end_date=20260527T030007
[2026-05-27T03:00:07.868+0000] {local_task_job_runner.py:240} INFO - Task exited with return code 0
[2026-05-27T03:00:07.895+0000] {taskinstance.py:3498} INFO - 1 downstream tasks scheduled from follow-on schedule check
[2026-05-27T03:00:07.899+0000] {local_task_job_runner.py:222} INFO - ::endgroup::
