[2026-05-09T22:40:01.932+0000] {local_task_job_runner.py:120} INFO - ::group::Pre task execution logs
[2026-05-09T22:40:01.954+0000] {taskinstance.py:2076} INFO - Dependencies all met for dep_context=non-requeueable deps ti=<TaskInstance: diabetes_mlops_pipeline.train_and_log_model manual__2026-05-09T22:30:53.541237+00:00 [queued]>
[2026-05-09T22:40:01.961+0000] {taskinstance.py:2076} INFO - Dependencies all met for dep_context=requeueable deps ti=<TaskInstance: diabetes_mlops_pipeline.train_and_log_model manual__2026-05-09T22:30:53.541237+00:00 [queued]>
[2026-05-09T22:40:01.961+0000] {taskinstance.py:2306} INFO - Starting attempt 1 of 2
[2026-05-09T22:40:01.972+0000] {taskinstance.py:2330} INFO - Executing <Task(PythonOperator): train_and_log_model> on 2026-05-09 22:30:53.541237+00:00
[2026-05-09T22:40:01.980+0000] {logging_mixin.py:188} WARNING - /home/airflow/.local/lib/python3.12/site-packages/airflow/task/task_runner/standard_task_runner.py:61 DeprecationWarning: This process (pid=7563) is multi-threaded, use of fork() may lead to deadlocks in the child.
[2026-05-09T22:40:01.981+0000] {standard_task_runner.py:63} INFO - Started process 7581 to run task
[2026-05-09T22:40:01.980+0000] {standard_task_runner.py:90} INFO - Running: ['airflow', 'tasks', 'run', 'diabetes_mlops_pipeline', 'train_and_log_model', 'manual__2026-05-09T22:30:53.541237+00:00', '--job-id', '50', '--raw', '--subdir', 'DAGS_FOLDER/mlops_pipeline.py', '--cfg-path', '/tmp/tmpaxllsfy4']
[2026-05-09T22:40:01.982+0000] {standard_task_runner.py:91} INFO - Job 50: Subtask train_and_log_model
[2026-05-09T22:40:02.023+0000] {task_command.py:426} INFO - Running <TaskInstance: diabetes_mlops_pipeline.train_and_log_model manual__2026-05-09T22:30:53.541237+00:00 [running]> on host 3441b056496b
[2026-05-09T22:40:02.096+0000] {taskinstance.py:2648} INFO - Exporting env vars: AIRFLOW_CTX_DAG_OWNER='mlops_team' AIRFLOW_CTX_DAG_ID='diabetes_mlops_pipeline' AIRFLOW_CTX_TASK_ID='train_and_log_model' AIRFLOW_CTX_EXECUTION_DATE='2026-05-09T22:30:53.541237+00:00' AIRFLOW_CTX_TRY_NUMBER='1' AIRFLOW_CTX_DAG_RUN_ID='manual__2026-05-09T22:30:53.541237+00:00'
[2026-05-09T22:40:02.097+0000] {taskinstance.py:430} INFO - ::endgroup::
[2026-05-09T22:40:02.555+0000] {logging_mixin.py:188} WARNING - 2026/05/09 22:40:02 WARNING mlflow.utils.git_utils: Failed to import Git (the Git executable is probably not on your PATH), so Git SHA is not available. Error: Failed to initialize: Bad git executable.
The git executable must be specified in one of the following ways:
    - be included in your $PATH
    - be set via $GIT_PYTHON_GIT_EXECUTABLE
    - explicitly set via git.refresh(<full-path-to-git-executable>)

All git commands will error until this is rectified.

This initial message can be silenced or aggravated in the future by setting the
$GIT_PYTHON_REFRESH environment variable. Use one of the following values:
    - quiet|q|silence|s|silent|none|n|0: for no message or exception
    - warn|w|warning|log|l|1: for a warning message (logging level CRITICAL, displayed by default)
    - error|e|exception|raise|r|2: for a raised exception

Example:
    export GIT_PYTHON_REFRESH=quiet
[2026-05-09T22:40:11.248+0000] {logging_mixin.py:188} WARNING - /home/airflow/.local/lib/python3.12/site-packages/mlflow/types/utils.py:393 UserWarning: Hint: Inferred schema contains integer column(s). Integer columns in Python cannot represent missing values. If your input data contains missing values at inference time, it will be encoded as floats and will cause a schema enforcement error. The best way to avoid this problem is to infer the model schema based on a realistic data sample (training dataset) that includes missing values. Alternatively, you can declare integer columns as doubles (float64) whenever these columns may have missing values. See `Handling Integers With Missing Values <https://www.mlflow.org/docs/latest/models.html#handling-integers-with-missing-values>`_ for more details.
[2026-05-09T22:40:14.535+0000] {credentials.py:1147} INFO - Found credentials in environment variables.
[2026-05-09T22:40:14.704+0000] {logging_mixin.py:188} INFO - Modelo entrenado con Pipeline. F1-Score: 0.5645283018867925
[2026-05-09T22:40:14.760+0000] {python.py:237} INFO - Done. Returned value was: None
[2026-05-09T22:40:14.760+0000] {taskinstance.py:441} INFO - ::group::Post task execution logs
[2026-05-09T22:40:14.769+0000] {taskinstance.py:1206} INFO - Marking task as SUCCESS. dag_id=diabetes_mlops_pipeline, task_id=train_and_log_model, run_id=manual__2026-05-09T22:30:53.541237+00:00, execution_date=20260509T223053, start_date=20260509T224001, end_date=20260509T224014
[2026-05-09T22:40:14.825+0000] {local_task_job_runner.py:240} INFO - Task exited with return code 0
[2026-05-09T22:40:14.842+0000] {taskinstance.py:3498} INFO - 1 downstream tasks scheduled from follow-on schedule check
[2026-05-09T22:40:14.846+0000] {local_task_job_runner.py:222} INFO - ::endgroup::
