[2026-05-27T02:42:35.969+0000] {local_task_job_runner.py:120} INFO - ::group::Pre task execution logs
[2026-05-27T02:42:36.005+0000] {taskinstance.py:2076} INFO - Dependencies all met for dep_context=non-requeueable deps ti=<TaskInstance: real_estate_mlops_pipeline.train_candidate_model manual__2026-05-27T02:41:38.136765+00:00 [queued]>
[2026-05-27T02:42:36.016+0000] {taskinstance.py:2076} INFO - Dependencies all met for dep_context=requeueable deps ti=<TaskInstance: real_estate_mlops_pipeline.train_candidate_model manual__2026-05-27T02:41:38.136765+00:00 [queued]>
[2026-05-27T02:42:36.016+0000] {taskinstance.py:2306} INFO - Starting attempt 1 of 3
[2026-05-27T02:42:36.032+0000] {taskinstance.py:2330} INFO - Executing <Task(PythonOperator): train_candidate_model> on 2026-05-27 02:41:38.136765+00:00
[2026-05-27T02:42:36.049+0000] {logging_mixin.py:188} WARNING - /home/airflow/.local/lib/python3.12/site-packages/airflow/task/task_runner/standard_task_runner.py:61 DeprecationWarning: This process (pid=2668) is multi-threaded, use of fork() may lead to deadlocks in the child.
[2026-05-27T02:42:36.050+0000] {standard_task_runner.py:63} INFO - Started process 2704 to run task
[2026-05-27T02:42:36.049+0000] {standard_task_runner.py:90} INFO - Running: ['airflow', 'tasks', 'run', 'real_estate_mlops_pipeline', 'train_candidate_model', 'manual__2026-05-27T02:41:38.136765+00:00', '--job-id', '24', '--raw', '--subdir', 'DAGS_FOLDER/mlops_pipeline.py', '--cfg-path', '/tmp/tmpdd_hxiq4']
[2026-05-27T02:42:36.052+0000] {standard_task_runner.py:91} INFO - Job 24: Subtask train_candidate_model
[2026-05-27T02:42:36.108+0000] {task_command.py:426} INFO - Running <TaskInstance: real_estate_mlops_pipeline.train_candidate_model manual__2026-05-27T02:41:38.136765+00:00 [running]> on host 86717520d88f
[2026-05-27T02:42:36.196+0000] {taskinstance.py:2648} INFO - Exporting env vars: AIRFLOW_CTX_DAG_OWNER='mlops_team' AIRFLOW_CTX_DAG_ID='real_estate_mlops_pipeline' AIRFLOW_CTX_TASK_ID='train_candidate_model' AIRFLOW_CTX_EXECUTION_DATE='2026-05-27T02:41:38.136765+00:00' AIRFLOW_CTX_TRY_NUMBER='1' AIRFLOW_CTX_DAG_RUN_ID='manual__2026-05-27T02:41:38.136765+00:00'
[2026-05-27T02:42:36.197+0000] {taskinstance.py:430} INFO - ::endgroup::
[2026-05-27T02:42:37.899+0000] {logging_mixin.py:188} WARNING - 2026/05/27 02:42:37 INFO mlflow.tracking.fluent: Experiment with name 'RealEstate_Pricing' does not exist. Creating a new experiment.
[2026-05-27T02:42:38.143+0000] {logging_mixin.py:188} WARNING - 2026/05/27 02:42:38 WARNING mlflow.utils.git_utils: Failed to import Git (the Git executable is probably not on your PATH), so Git SHA is not available. Error: Failed to initialize: Bad git executable.
The git executable must be specified in one of the following ways:
    - be included in your $PATH
    - be set via $GIT_PYTHON_GIT_EXECUTABLE
    - explicitly set via git.refresh(<full-path-to-git-executable>)

All git commands will error until this is rectified.

This initial message can be silenced or aggravated in the future by setting the
$GIT_PYTHON_REFRESH environment variable. Use one of the following values:
    - quiet|q|silence|s|silent|none|n|0: for no message or exception
    - warn|w|warning|log|l|1: for a warning message (logging level CRITICAL, displayed by default)
    - error|e|exception|raise|r|2: for a raised exception

Example:
    export GIT_PYTHON_REFRESH=quiet
[2026-05-27T02:43:11.088+0000] {logging_mixin.py:188} INFO - Modelo candidato entrenado: a1c7c5815fec496e83b435c478cfe743
[2026-05-27T02:43:11.139+0000] {python.py:237} INFO - Done. Returned value was: None
[2026-05-27T02:43:11.139+0000] {taskinstance.py:441} INFO - ::group::Post task execution logs
[2026-05-27T02:43:11.151+0000] {taskinstance.py:1206} INFO - Marking task as SUCCESS. dag_id=real_estate_mlops_pipeline, task_id=train_candidate_model, run_id=manual__2026-05-27T02:41:38.136765+00:00, execution_date=20260527T024138, start_date=20260527T024236, end_date=20260527T024311
[2026-05-27T02:43:11.226+0000] {local_task_job_runner.py:240} INFO - Task exited with return code 0
[2026-05-27T02:43:11.254+0000] {taskinstance.py:3498} INFO - 1 downstream tasks scheduled from follow-on schedule check
[2026-05-27T02:43:11.257+0000] {local_task_job_runner.py:222} INFO - ::endgroup::
