[2026-05-09T17:55:23.049+0000] {local_task_job_runner.py:120} INFO - ::group::Pre task execution logs
[2026-05-09T17:55:23.073+0000] {taskinstance.py:2076} INFO - Dependencies all met for dep_context=non-requeueable deps ti=<TaskInstance: diabetes_mlops_pipeline.process_and_clean scheduled__2026-05-08T00:00:00+00:00 [queued]>
[2026-05-09T17:55:23.079+0000] {taskinstance.py:2076} INFO - Dependencies all met for dep_context=requeueable deps ti=<TaskInstance: diabetes_mlops_pipeline.process_and_clean scheduled__2026-05-08T00:00:00+00:00 [queued]>
[2026-05-09T17:55:23.079+0000] {taskinstance.py:2306} INFO - Starting attempt 1 of 2
[2026-05-09T17:55:23.090+0000] {taskinstance.py:2330} INFO - Executing <Task(PythonOperator): process_and_clean> on 2026-05-08 00:00:00+00:00
[2026-05-09T17:55:23.100+0000] {logging_mixin.py:188} WARNING - /home/airflow/.local/lib/python3.12/site-packages/airflow/task/task_runner/standard_task_runner.py:61 DeprecationWarning: This process (pid=664) is multi-threaded, use of fork() may lead to deadlocks in the child.
[2026-05-09T17:55:23.098+0000] {standard_task_runner.py:90} INFO - Running: ['airflow', 'tasks', 'run', 'diabetes_mlops_pipeline', 'process_and_clean', 'scheduled__2026-05-08T00:00:00+00:00', '--job-id', '26', '--raw', '--subdir', 'DAGS_FOLDER/mlops_pipeline.py', '--cfg-path', '/tmp/tmpu00lmawb']
[2026-05-09T17:55:23.101+0000] {standard_task_runner.py:91} INFO - Job 26: Subtask process_and_clean
[2026-05-09T17:55:23.100+0000] {standard_task_runner.py:63} INFO - Started process 682 to run task
[2026-05-09T17:55:23.139+0000] {task_command.py:426} INFO - Running <TaskInstance: diabetes_mlops_pipeline.process_and_clean scheduled__2026-05-08T00:00:00+00:00 [running]> on host d709ff05c5f9
[2026-05-09T17:55:23.207+0000] {taskinstance.py:2648} INFO - Exporting env vars: AIRFLOW_CTX_DAG_OWNER='mlops_team' AIRFLOW_CTX_DAG_ID='diabetes_mlops_pipeline' AIRFLOW_CTX_TASK_ID='process_and_clean' AIRFLOW_CTX_EXECUTION_DATE='2026-05-08T00:00:00+00:00' AIRFLOW_CTX_TRY_NUMBER='1' AIRFLOW_CTX_DAG_RUN_ID='scheduled__2026-05-08T00:00:00+00:00'
[2026-05-09T17:55:23.208+0000] {taskinstance.py:430} INFO - ::endgroup::
[2026-05-09T17:55:23.529+0000] {taskinstance.py:441} INFO - ::group::Post task execution logs
[2026-05-09T17:55:23.530+0000] {taskinstance.py:2905} ERROR - Task failed with exception
Traceback (most recent call last):
  File "/home/airflow/.local/lib/python3.12/site-packages/airflow/models/taskinstance.py", line 465, in _execute_task
    result = _execute_callable(context=context, **execute_callable_kwargs)
             ^^^^^^^^^^^^^^^^^^^^^^^^^^^^^^^^^^^^^^^^^^^^^^^^^^^^^^^^^^^^^
  File "/home/airflow/.local/lib/python3.12/site-packages/airflow/models/taskinstance.py", line 432, in _execute_callable
    return execute_callable(context=context, **execute_callable_kwargs)
           ^^^^^^^^^^^^^^^^^^^^^^^^^^^^^^^^^^^^^^^^^^^^^^^^^^^^^^^^^^^^
  File "/home/airflow/.local/lib/python3.12/site-packages/airflow/models/baseoperator.py", line 400, in wrapper
    return func(self, *args, **kwargs)
           ^^^^^^^^^^^^^^^^^^^^^^^^^^^
  File "/home/airflow/.local/lib/python3.12/site-packages/airflow/operators/python.py", line 235, in execute
    return_value = self.execute_callable()
                   ^^^^^^^^^^^^^^^^^^^^^^^
  File "/home/airflow/.local/lib/python3.12/site-packages/airflow/operators/python.py", line 252, in execute_callable
    return self.python_callable(*self.op_args, **self.op_kwargs)
           ^^^^^^^^^^^^^^^^^^^^^^^^^^^^^^^^^^^^^^^^^^^^^^^^^^^^^
  File "/opt/airflow/dags/mlops_pipeline.py", line 91, in _process_and_clean
    features_df = pd.json_normalize(raw_df['record_data'].apply(json.loads))
                                    ^^^^^^^^^^^^^^^^^^^^^^^^^^^^^^^^^^^^^^^
  File "/home/airflow/.local/lib/python3.12/site-packages/pandas/core/series.py", line 4764, in apply
    ).apply()
      ^^^^^^^
  File "/home/airflow/.local/lib/python3.12/site-packages/pandas/core/apply.py", line 1209, in apply
    return self.apply_standard()
           ^^^^^^^^^^^^^^^^^^^^^
  File "/home/airflow/.local/lib/python3.12/site-packages/pandas/core/apply.py", line 1289, in apply_standard
    mapped = obj._map_values(
             ^^^^^^^^^^^^^^^^
  File "/home/airflow/.local/lib/python3.12/site-packages/pandas/core/base.py", line 921, in _map_values
    return algorithms.map_array(arr, mapper, na_action=na_action, convert=convert)
           ^^^^^^^^^^^^^^^^^^^^^^^^^^^^^^^^^^^^^^^^^^^^^^^^^^^^^^^^^^^^^^^^^^^^^^^
  File "/home/airflow/.local/lib/python3.12/site-packages/pandas/core/algorithms.py", line 1814, in map_array
    return lib.map_infer(values, mapper, convert=convert)
           ^^^^^^^^^^^^^^^^^^^^^^^^^^^^^^^^^^^^^^^^^^^^^^
  File "lib.pyx", line 2926, in pandas._libs.lib.map_infer
  File "/usr/local/lib/python3.12/json/__init__.py", line 339, in loads
    raise TypeError(f'the JSON object must be str, bytes or bytearray, '
TypeError: the JSON object must be str, bytes or bytearray, not dict
[2026-05-09T17:55:23.540+0000] {taskinstance.py:1206} INFO - Marking task as UP_FOR_RETRY. dag_id=diabetes_mlops_pipeline, task_id=process_and_clean, run_id=scheduled__2026-05-08T00:00:00+00:00, execution_date=20260508T000000, start_date=20260509T175523, end_date=20260509T175523
[2026-05-09T17:55:23.555+0000] {standard_task_runner.py:110} ERROR - Failed to execute job 26 for task process_and_clean (the JSON object must be str, bytes or bytearray, not dict; 682)
[2026-05-09T17:55:23.571+0000] {local_task_job_runner.py:240} INFO - Task exited with return code 1
[2026-05-09T17:55:23.590+0000] {taskinstance.py:3498} INFO - 0 downstream tasks scheduled from follow-on schedule check
[2026-05-09T17:55:23.593+0000] {local_task_job_runner.py:222} INFO - ::endgroup::
[2026-05-09T18:33:47.094+0000] {local_task_job_runner.py:120} INFO - ::group::Pre task execution logs
[2026-05-09T18:33:47.124+0000] {taskinstance.py:2076} INFO - Dependencies all met for dep_context=non-requeueable deps ti=<TaskInstance: diabetes_mlops_pipeline.process_and_clean scheduled__2026-05-08T00:00:00+00:00 [queued]>
[2026-05-09T18:33:47.131+0000] {taskinstance.py:2076} INFO - Dependencies all met for dep_context=requeueable deps ti=<TaskInstance: diabetes_mlops_pipeline.process_and_clean scheduled__2026-05-08T00:00:00+00:00 [queued]>
[2026-05-09T18:33:47.131+0000] {taskinstance.py:2306} INFO - Starting attempt 1 of 2
[2026-05-09T18:33:47.143+0000] {taskinstance.py:2330} INFO - Executing <Task(PythonOperator): process_and_clean> on 2026-05-08 00:00:00+00:00
[2026-05-09T18:33:47.154+0000] {standard_task_runner.py:90} INFO - Running: ['airflow', 'tasks', 'run', 'diabetes_mlops_pipeline', 'process_and_clean', 'scheduled__2026-05-08T00:00:00+00:00', '--job-id', '4', '--raw', '--subdir', 'DAGS_FOLDER/mlops_pipeline.py', '--cfg-path', '/tmp/tmp51hrrjx2']
[2026-05-09T18:33:47.156+0000] {standard_task_runner.py:91} INFO - Job 4: Subtask process_and_clean
[2026-05-09T18:33:47.156+0000] {logging_mixin.py:188} WARNING - /home/airflow/.local/lib/python3.12/site-packages/airflow/task/task_runner/standard_task_runner.py:61 DeprecationWarning: This process (pid=320) is multi-threaded, use of fork() may lead to deadlocks in the child.
[2026-05-09T18:33:47.157+0000] {standard_task_runner.py:63} INFO - Started process 338 to run task
[2026-05-09T18:33:47.203+0000] {task_command.py:426} INFO - Running <TaskInstance: diabetes_mlops_pipeline.process_and_clean scheduled__2026-05-08T00:00:00+00:00 [running]> on host f748990a7bb4
[2026-05-09T18:33:47.273+0000] {taskinstance.py:2648} INFO - Exporting env vars: AIRFLOW_CTX_DAG_OWNER='mlops_team' AIRFLOW_CTX_DAG_ID='diabetes_mlops_pipeline' AIRFLOW_CTX_TASK_ID='process_and_clean' AIRFLOW_CTX_EXECUTION_DATE='2026-05-08T00:00:00+00:00' AIRFLOW_CTX_TRY_NUMBER='1' AIRFLOW_CTX_DAG_RUN_ID='scheduled__2026-05-08T00:00:00+00:00'
[2026-05-09T18:33:47.275+0000] {taskinstance.py:430} INFO - ::endgroup::
[2026-05-09T18:33:51.173+0000] {logging_mixin.py:188} INFO - Datos procesados e insertados en clean_data.
[2026-05-09T18:33:51.210+0000] {python.py:237} INFO - Done. Returned value was: None
[2026-05-09T18:33:51.211+0000] {taskinstance.py:441} INFO - ::group::Post task execution logs
[2026-05-09T18:33:51.219+0000] {taskinstance.py:1206} INFO - Marking task as SUCCESS. dag_id=diabetes_mlops_pipeline, task_id=process_and_clean, run_id=scheduled__2026-05-08T00:00:00+00:00, execution_date=20260508T000000, start_date=20260509T183347, end_date=20260509T183351
[2026-05-09T18:33:51.275+0000] {local_task_job_runner.py:240} INFO - Task exited with return code 0
[2026-05-09T18:33:51.295+0000] {taskinstance.py:3498} INFO - 1 downstream tasks scheduled from follow-on schedule check
[2026-05-09T18:33:51.298+0000] {local_task_job_runner.py:222} INFO - ::endgroup::
[2026-05-09T18:49:51.268+0000] {local_task_job_runner.py:120} INFO - ::group::Pre task execution logs
[2026-05-09T18:49:51.325+0000] {taskinstance.py:2076} INFO - Dependencies all met for dep_context=non-requeueable deps ti=<TaskInstance: diabetes_mlops_pipeline.process_and_clean scheduled__2026-05-08T00:00:00+00:00 [queued]>
[2026-05-09T18:49:51.337+0000] {taskinstance.py:2076} INFO - Dependencies all met for dep_context=requeueable deps ti=<TaskInstance: diabetes_mlops_pipeline.process_and_clean scheduled__2026-05-08T00:00:00+00:00 [queued]>
[2026-05-09T18:49:51.338+0000] {taskinstance.py:2306} INFO - Starting attempt 1 of 2
[2026-05-09T18:49:51.366+0000] {taskinstance.py:2330} INFO - Executing <Task(PythonOperator): process_and_clean> on 2026-05-08 00:00:00+00:00
[2026-05-09T18:49:51.378+0000] {standard_task_runner.py:90} INFO - Running: ['airflow', 'tasks', 'run', 'diabetes_mlops_pipeline', 'process_and_clean', 'scheduled__2026-05-08T00:00:00+00:00', '--job-id', '4', '--raw', '--subdir', 'DAGS_FOLDER/mlops_pipeline.py', '--cfg-path', '/tmp/tmpmktmpv70']
[2026-05-09T18:49:51.382+0000] {standard_task_runner.py:91} INFO - Job 4: Subtask process_and_clean
[2026-05-09T18:49:51.383+0000] {logging_mixin.py:188} WARNING - /home/airflow/.local/lib/python3.12/site-packages/airflow/task/task_runner/standard_task_runner.py:61 DeprecationWarning: This process (pid=276) is multi-threaded, use of fork() may lead to deadlocks in the child.
[2026-05-09T18:49:51.385+0000] {standard_task_runner.py:63} INFO - Started process 294 to run task
[2026-05-09T18:49:51.453+0000] {task_command.py:426} INFO - Running <TaskInstance: diabetes_mlops_pipeline.process_and_clean scheduled__2026-05-08T00:00:00+00:00 [running]> on host b4f9c666e238
[2026-05-09T18:49:51.610+0000] {taskinstance.py:2648} INFO - Exporting env vars: AIRFLOW_CTX_DAG_OWNER='mlops_team' AIRFLOW_CTX_DAG_ID='diabetes_mlops_pipeline' AIRFLOW_CTX_TASK_ID='process_and_clean' AIRFLOW_CTX_EXECUTION_DATE='2026-05-08T00:00:00+00:00' AIRFLOW_CTX_TRY_NUMBER='1' AIRFLOW_CTX_DAG_RUN_ID='scheduled__2026-05-08T00:00:00+00:00'
[2026-05-09T18:49:51.613+0000] {taskinstance.py:430} INFO - ::endgroup::
[2026-05-09T18:49:57.370+0000] {logging_mixin.py:188} INFO - Datos procesados e insertados en clean_data.
[2026-05-09T18:49:57.413+0000] {python.py:237} INFO - Done. Returned value was: None
[2026-05-09T18:49:57.414+0000] {taskinstance.py:441} INFO - ::group::Post task execution logs
[2026-05-09T18:49:57.424+0000] {taskinstance.py:1206} INFO - Marking task as SUCCESS. dag_id=diabetes_mlops_pipeline, task_id=process_and_clean, run_id=scheduled__2026-05-08T00:00:00+00:00, execution_date=20260508T000000, start_date=20260509T184951, end_date=20260509T184957
[2026-05-09T18:49:57.492+0000] {local_task_job_runner.py:240} INFO - Task exited with return code 0
[2026-05-09T18:49:57.515+0000] {taskinstance.py:3498} INFO - 1 downstream tasks scheduled from follow-on schedule check
[2026-05-09T18:49:57.519+0000] {local_task_job_runner.py:222} INFO - ::endgroup::
