[2026-05-27T02:43:43.770+0000] {local_task_job_runner.py:120} INFO - ::group::Pre task execution logs
[2026-05-27T02:43:43.804+0000] {taskinstance.py:2076} INFO - Dependencies all met for dep_context=non-requeueable deps ti=<TaskInstance: real_estate_mlops_pipeline.train_candidate_model manual__2026-05-27T02:31:03.363362+00:00 [queued]>
[2026-05-27T02:43:43.814+0000] {taskinstance.py:2076} INFO - Dependencies all met for dep_context=requeueable deps ti=<TaskInstance: real_estate_mlops_pipeline.train_candidate_model manual__2026-05-27T02:31:03.363362+00:00 [queued]>
[2026-05-27T02:43:43.815+0000] {taskinstance.py:2306} INFO - Starting attempt 1 of 3
[2026-05-27T02:43:43.829+0000] {taskinstance.py:2330} INFO - Executing <Task(PythonOperator): train_candidate_model> on 2026-05-27 02:31:03.363362+00:00
[2026-05-27T02:43:43.843+0000] {logging_mixin.py:188} WARNING - /home/airflow/.local/lib/python3.12/site-packages/airflow/task/task_runner/standard_task_runner.py:61 DeprecationWarning: This process (pid=2944) is multi-threaded, use of fork() may lead to deadlocks in the child.
[2026-05-27T02:43:43.843+0000] {standard_task_runner.py:90} INFO - Running: ['airflow', 'tasks', 'run', 'real_estate_mlops_pipeline', 'train_candidate_model', 'manual__2026-05-27T02:31:03.363362+00:00', '--job-id', '36', '--raw', '--subdir', 'DAGS_FOLDER/mlops_pipeline.py', '--cfg-path', '/tmp/tmp48n7u9hz']
[2026-05-27T02:43:43.845+0000] {standard_task_runner.py:63} INFO - Started process 2962 to run task
[2026-05-27T02:43:43.845+0000] {standard_task_runner.py:91} INFO - Job 36: Subtask train_candidate_model
[2026-05-27T02:43:43.901+0000] {task_command.py:426} INFO - Running <TaskInstance: real_estate_mlops_pipeline.train_candidate_model manual__2026-05-27T02:31:03.363362+00:00 [running]> on host 86717520d88f
[2026-05-27T02:43:43.992+0000] {taskinstance.py:2648} INFO - Exporting env vars: AIRFLOW_CTX_DAG_OWNER='mlops_team' AIRFLOW_CTX_DAG_ID='real_estate_mlops_pipeline' AIRFLOW_CTX_TASK_ID='train_candidate_model' AIRFLOW_CTX_EXECUTION_DATE='2026-05-27T02:31:03.363362+00:00' AIRFLOW_CTX_TRY_NUMBER='1' AIRFLOW_CTX_DAG_RUN_ID='manual__2026-05-27T02:31:03.363362+00:00'
[2026-05-27T02:43:43.993+0000] {taskinstance.py:430} INFO - ::endgroup::
[2026-05-27T02:43:46.640+0000] {logging_mixin.py:188} WARNING - 2026/05/27 02:43:46 WARNING mlflow.utils.git_utils: Failed to import Git (the Git executable is probably not on your PATH), so Git SHA is not available. Error: Failed to initialize: Bad git executable.
The git executable must be specified in one of the following ways:
    - be included in your $PATH
    - be set via $GIT_PYTHON_GIT_EXECUTABLE
    - explicitly set via git.refresh(<full-path-to-git-executable>)

All git commands will error until this is rectified.

This initial message can be silenced or aggravated in the future by setting the
$GIT_PYTHON_REFRESH environment variable. Use one of the following values:
    - quiet|q|silence|s|silent|none|n|0: for no message or exception
    - warn|w|warning|log|l|1: for a warning message (logging level CRITICAL, displayed by default)
    - error|e|exception|raise|r|2: for a raised exception

Example:
    export GIT_PYTHON_REFRESH=quiet
[2026-05-27T02:45:12.785+0000] {logging_mixin.py:188} INFO - Modelo candidato entrenado: f7f1f3ea717842349a31b4cb71379a95
[2026-05-27T02:45:12.895+0000] {python.py:237} INFO - Done. Returned value was: None
[2026-05-27T02:45:12.895+0000] {taskinstance.py:441} INFO - ::group::Post task execution logs
[2026-05-27T02:45:12.906+0000] {taskinstance.py:1206} INFO - Marking task as SUCCESS. dag_id=real_estate_mlops_pipeline, task_id=train_candidate_model, run_id=manual__2026-05-27T02:31:03.363362+00:00, execution_date=20260527T023103, start_date=20260527T024343, end_date=20260527T024512
[2026-05-27T02:45:14.413+0000] {local_task_job_runner.py:240} INFO - Task exited with return code 0
[2026-05-27T02:45:14.438+0000] {taskinstance.py:3498} INFO - 0 downstream tasks scheduled from follow-on schedule check
[2026-05-27T02:45:14.442+0000] {local_task_job_runner.py:222} INFO - ::endgroup::
