[2026-05-09T17:50:30.250+0000] {local_task_job_runner.py:120} INFO - ::group::Pre task execution logs
[2026-05-09T17:50:30.274+0000] {taskinstance.py:2076} INFO - Dependencies all met for dep_context=non-requeueable deps ti=<TaskInstance: diabetes_mlops_pipeline.load_incremental_raw manual__2026-05-09T17:44:40.722096+00:00 [queued]>
[2026-05-09T17:50:30.279+0000] {taskinstance.py:2076} INFO - Dependencies all met for dep_context=requeueable deps ti=<TaskInstance: diabetes_mlops_pipeline.load_incremental_raw manual__2026-05-09T17:44:40.722096+00:00 [queued]>
[2026-05-09T17:50:30.280+0000] {taskinstance.py:2306} INFO - Starting attempt 3 of 4
[2026-05-09T17:50:30.290+0000] {taskinstance.py:2330} INFO - Executing <Task(PythonOperator): load_incremental_raw> on 2026-05-09 17:44:40.722096+00:00
[2026-05-09T17:50:30.299+0000] {standard_task_runner.py:90} INFO - Running: ['airflow', 'tasks', 'run', 'diabetes_mlops_pipeline', 'load_incremental_raw', 'manual__2026-05-09T17:44:40.722096+00:00', '--job-id', '18', '--raw', '--subdir', 'DAGS_FOLDER/mlops_pipeline.py', '--cfg-path', '/tmp/tmpzirwija5']
[2026-05-09T17:50:30.301+0000] {standard_task_runner.py:91} INFO - Job 18: Subtask load_incremental_raw
[2026-05-09T17:50:30.300+0000] {logging_mixin.py:188} WARNING - /home/airflow/.local/lib/python3.12/site-packages/airflow/task/task_runner/standard_task_runner.py:61 DeprecationWarning: This process (pid=314) is multi-threaded, use of fork() may lead to deadlocks in the child.
[2026-05-09T17:50:30.301+0000] {standard_task_runner.py:63} INFO - Started process 332 to run task
[2026-05-09T17:50:30.340+0000] {task_command.py:426} INFO - Running <TaskInstance: diabetes_mlops_pipeline.load_incremental_raw manual__2026-05-09T17:44:40.722096+00:00 [running]> on host d709ff05c5f9
[2026-05-09T17:50:30.409+0000] {taskinstance.py:2648} INFO - Exporting env vars: AIRFLOW_CTX_DAG_OWNER='mlops_team' AIRFLOW_CTX_DAG_ID='diabetes_mlops_pipeline' AIRFLOW_CTX_TASK_ID='load_incremental_raw' AIRFLOW_CTX_EXECUTION_DATE='2026-05-09T17:44:40.722096+00:00' AIRFLOW_CTX_TRY_NUMBER='3' AIRFLOW_CTX_DAG_RUN_ID='manual__2026-05-09T17:44:40.722096+00:00'
[2026-05-09T17:50:30.410+0000] {taskinstance.py:430} INFO - ::endgroup::
[2026-05-09T17:50:31.460+0000] {taskinstance.py:441} INFO - ::group::Post task execution logs
[2026-05-09T17:50:31.461+0000] {taskinstance.py:2905} ERROR - Task failed with exception
Traceback (most recent call last):
  File "/home/airflow/.local/lib/python3.12/site-packages/sqlalchemy/engine/base.py", line 1890, in _execute_context
    self.dialect.do_executemany(
  File "/home/airflow/.local/lib/python3.12/site-packages/sqlalchemy/dialects/postgresql/psycopg2.py", line 982, in do_executemany
    context._psycopg2_fetched_rows = xtras.execute_values(
                                     ^^^^^^^^^^^^^^^^^^^^^
  File "/home/airflow/.local/lib/python3.12/site-packages/psycopg2/extras.py", line 1299, in execute_values
    cur.execute(b''.join(parts))
psycopg2.errors.InvalidTextRepresentation: invalid input syntax for type json
LINE 1: ...h_20260509175030', 'diabetic_data.csv', 'loaded', '{"encount...
                                                             ^
DETAIL:  Token "NaN" is invalid.
CONTEXT:  JSON data, line 1: ... "?", "number_diagnoses": 1, "max_glu_serum": NaN...


The above exception was the direct cause of the following exception:

Traceback (most recent call last):
  File "/home/airflow/.local/lib/python3.12/site-packages/airflow/models/taskinstance.py", line 465, in _execute_task
    result = _execute_callable(context=context, **execute_callable_kwargs)
             ^^^^^^^^^^^^^^^^^^^^^^^^^^^^^^^^^^^^^^^^^^^^^^^^^^^^^^^^^^^^^
  File "/home/airflow/.local/lib/python3.12/site-packages/airflow/models/taskinstance.py", line 432, in _execute_callable
    return execute_callable(context=context, **execute_callable_kwargs)
           ^^^^^^^^^^^^^^^^^^^^^^^^^^^^^^^^^^^^^^^^^^^^^^^^^^^^^^^^^^^^
  File "/home/airflow/.local/lib/python3.12/site-packages/airflow/models/baseoperator.py", line 400, in wrapper
    return func(self, *args, **kwargs)
           ^^^^^^^^^^^^^^^^^^^^^^^^^^^
  File "/home/airflow/.local/lib/python3.12/site-packages/airflow/operators/python.py", line 235, in execute
    return_value = self.execute_callable()
                   ^^^^^^^^^^^^^^^^^^^^^^^
  File "/home/airflow/.local/lib/python3.12/site-packages/airflow/operators/python.py", line 252, in execute_callable
    return self.python_callable(*self.op_args, **self.op_kwargs)
           ^^^^^^^^^^^^^^^^^^^^^^^^^^^^^^^^^^^^^^^^^^^^^^^^^^^^^
  File "/opt/airflow/dags/mlops_pipeline.py", line 58, in _load_incremental_raw
    df_insert.to_sql('raw_data', con=engine, if_exists='append', index=False)
  File "/home/airflow/.local/lib/python3.12/site-packages/pandas/util/_decorators.py", line 333, in wrapper
    return func(*args, **kwargs)
           ^^^^^^^^^^^^^^^^^^^^^
  File "/home/airflow/.local/lib/python3.12/site-packages/pandas/core/generic.py", line 3008, in to_sql
    return sql.to_sql(
           ^^^^^^^^^^^
  File "/home/airflow/.local/lib/python3.12/site-packages/pandas/io/sql.py", line 788, in to_sql
    return pandas_sql.to_sql(
           ^^^^^^^^^^^^^^^^^^
  File "/home/airflow/.local/lib/python3.12/site-packages/pandas/io/sql.py", line 1958, in to_sql
    total_inserted = sql_engine.insert_records(
                     ^^^^^^^^^^^^^^^^^^^^^^^^^^
  File "/home/airflow/.local/lib/python3.12/site-packages/pandas/io/sql.py", line 1507, in insert_records
    raise err
  File "/home/airflow/.local/lib/python3.12/site-packages/pandas/io/sql.py", line 1498, in insert_records
    return table.insert(chunksize=chunksize, method=method)
           ^^^^^^^^^^^^^^^^^^^^^^^^^^^^^^^^^^^^^^^^^^^^^^^^
  File "/home/airflow/.local/lib/python3.12/site-packages/pandas/io/sql.py", line 1059, in insert
    num_inserted = exec_insert(conn, keys, chunk_iter)
                   ^^^^^^^^^^^^^^^^^^^^^^^^^^^^^^^^^^^
  File "/home/airflow/.local/lib/python3.12/site-packages/pandas/io/sql.py", line 951, in _execute_insert
    result = conn.execute(self.table.insert(), data)
             ^^^^^^^^^^^^^^^^^^^^^^^^^^^^^^^^^^^^^^^
  File "/home/airflow/.local/lib/python3.12/site-packages/sqlalchemy/engine/base.py", line 1385, in execute
    return meth(self, multiparams, params, _EMPTY_EXECUTION_OPTS)
           ^^^^^^^^^^^^^^^^^^^^^^^^^^^^^^^^^^^^^^^^^^^^^^^^^^^^^^
  File "/home/airflow/.local/lib/python3.12/site-packages/sqlalchemy/sql/elements.py", line 334, in _execute_on_connection
    return connection._execute_clauseelement(
           ^^^^^^^^^^^^^^^^^^^^^^^^^^^^^^^^^^
  File "/home/airflow/.local/lib/python3.12/site-packages/sqlalchemy/engine/base.py", line 1577, in _execute_clauseelement
    ret = self._execute_context(
          ^^^^^^^^^^^^^^^^^^^^^^
  File "/home/airflow/.local/lib/python3.12/site-packages/sqlalchemy/engine/base.py", line 1953, in _execute_context
    self._handle_dbapi_exception(
  File "/home/airflow/.local/lib/python3.12/site-packages/sqlalchemy/engine/base.py", line 2134, in _handle_dbapi_exception
    util.raise_(
  File "/home/airflow/.local/lib/python3.12/site-packages/sqlalchemy/util/compat.py", line 211, in raise_
    raise exception
  File "/home/airflow/.local/lib/python3.12/site-packages/sqlalchemy/engine/base.py", line 1890, in _execute_context
    self.dialect.do_executemany(
  File "/home/airflow/.local/lib/python3.12/site-packages/sqlalchemy/dialects/postgresql/psycopg2.py", line 982, in do_executemany
    context._psycopg2_fetched_rows = xtras.execute_values(
                                     ^^^^^^^^^^^^^^^^^^^^^
  File "/home/airflow/.local/lib/python3.12/site-packages/psycopg2/extras.py", line 1299, in execute_values
    cur.execute(b''.join(parts))
sqlalchemy.exc.DataError: (psycopg2.errors.InvalidTextRepresentation) invalid input syntax for type json
LINE 1: ...h_20260509175030', 'diabetic_data.csv', 'loaded', '{"encount...
                                                             ^
DETAIL:  Token "NaN" is invalid.
CONTEXT:  JSON data, line 1: ... "?", "number_diagnoses": 1, "max_glu_serum": NaN...

[SQL: INSERT INTO raw_data (batch_id, source_file, status, record_data) VALUES (%(batch_id)s, %(source_file)s, %(status)s, %(record_data)s)]
[parameters: ({'batch_id': 'batch_20260509175030', 'source_file': 'diabetic_data.csv', 'status': 'loaded', 'record_data': '{"encounter_id": 2278392, "patient_nbr": 8222157, "race": "Caucasian", "gender": "Female", "age": "[0-10)", "weight": "?", "admission_type_id": 6, "d ... (829 characters truncated) ... piride-pioglitazone": "No", "metformin-rosiglitazone": "No", "metformin-pioglitazone": "No", "change": "No", "diabetesMed": "No", "readmitted": "NO"}'}, {'batch_id': 'batch_20260509175030', 'source_file': 'diabetic_data.csv', 'status': 'loaded', 'record_data': '{"encounter_id": 149190, "patient_nbr": 55629189, "race": "Caucasian", "gender": "Female", "age": "[10-20)", "weight": "?", "admission_type_id": 1, " ... (813 characters truncated) ... ride-pioglitazone": "No", "metformin-rosiglitazone": "No", "metformin-pioglitazone": "No", "change": "Ch", "diabetesMed": "Yes", "readmitted": ">30"}'}, {'batch_id': 'batch_20260509175030', 'source_file': 'diabetic_data.csv', 'status': 'loaded', 'record_data': '{"encounter_id": 64410, "patient_nbr": 86047875, "race": "AfricanAmerican", "gender": "Female", "age": "[20-30)", "weight": "?", "admission_type_id": ... (818 characters truncated) ... iride-pioglitazone": "No", "metformin-rosiglitazone": "No", "metformin-pioglitazone": "No", "change": "No", "diabetesMed": "Yes", "readmitted": "NO"}'}, {'batch_id': 'batch_20260509175030', 'source_file': 'diabetic_data.csv', 'status': 'loaded', 'record_data': '{"encounter_id": 500364, "patient_nbr": 82442376, "race": "Caucasian", "gender": "Male", "age": "[30-40)", "weight": "?", "admission_type_id": 1, "di ... (808 characters truncated) ... iride-pioglitazone": "No", "metformin-rosiglitazone": "No", "metformin-pioglitazone": "No", "change": "Ch", "diabetesMed": "Yes", "readmitted": "NO"}'}, {'batch_id': 'batch_20260509175030', 'source_file': 'diabetic_data.csv', 'status': 'loaded', 'record_data': '{"encounter_id": 16680, "patient_nbr": 42519267, "race": "Caucasian", "gender": "Male", "age": "[40-50)", "weight": "?", "admission_type_id": 1, "dis ... (813 characters truncated) ... iride-pioglitazone": "No", "metformin-rosiglitazone": "No", "metformin-pioglitazone": "No", "change": "Ch", "diabetesMed": "Yes", "readmitted": "NO"}'}, {'batch_id': 'batch_20260509175030', 'source_file': 'diabetic_data.csv', 'status': 'loaded', 'record_data': '{"encounter_id": 35754, "patient_nbr": 82637451, "race": "Caucasian", "gender": "Male", "age": "[50-60)", "weight": "?", "admission_type_id": 2, "dis ... (811 characters truncated) ... ride-pioglitazone": "No", "metformin-rosiglitazone": "No", "metformin-pioglitazone": "No", "change": "No", "diabetesMed": "Yes", "readmitted": ">30"}'}, {'batch_id': 'batch_20260509175030', 'source_file': 'diabetic_data.csv', 'status': 'loaded', 'record_data': '{"encounter_id": 55842, "patient_nbr": 84259809, "race": "Caucasian", "gender": "Male", "age": "[60-70)", "weight": "?", "admission_type_id": 3, "dis ... (818 characters truncated) ... iride-pioglitazone": "No", "metformin-rosiglitazone": "No", "metformin-pioglitazone": "No", "change": "Ch", "diabetesMed": "Yes", "readmitted": "NO"}'}, {'batch_id': 'batch_20260509175030', 'source_file': 'diabetic_data.csv', 'status': 'loaded', 'record_data': '{"encounter_id": 63768, "patient_nbr": 114882984, "race": "Caucasian", "gender": "Male", "age": "[70-80)", "weight": "?", "admission_type_id": 1, "di ... (812 characters truncated) ... ride-pioglitazone": "No", "metformin-rosiglitazone": "No", "metformin-pioglitazone": "No", "change": "No", "diabetesMed": "Yes", "readmitted": ">30"}'}  ... displaying 10 of 15000 total bound parameter sets ...  {'batch_id': 'batch_20260509175030', 'source_file': 'diabetic_data.csv', 'status': 'loaded', 'record_data': '{"encounter_id": 57945906, "patient_nbr": 2670120, "race": "Caucasian", "gender": "Male", "age": "[30-40)", "weight": "?", "admission_type_id": 1, "d ... (828 characters truncated) ... ride-pioglitazone": "No", "metformin-rosiglitazone": "No", "metformin-pioglitazone": "No", "change": "No", "diabetesMed": "Yes", "readmitted": ">30"}'}, {'batch_id': 'batch_20260509175030', 'source_file': 'diabetic_data.csv', 'status': 'loaded', 'record_data': '{"encounter_id": 57947928, "patient_nbr": 119961, "race": "AfricanAmerican", "gender": "Male", "age": "[70-80)", "weight": "?", "admission_type_id":  ... (818 characters truncated) ... iride-pioglitazone": "No", "metformin-rosiglitazone": "No", "metformin-pioglitazone": "No", "change": "No", "diabetesMed": "Yes", "readmitted": "NO"}'})]
(Background on this error at: https://sqlalche.me/e/14/9h9h)
[2026-05-09T17:50:31.475+0000] {taskinstance.py:1206} INFO - Marking task as UP_FOR_RETRY. dag_id=diabetes_mlops_pipeline, task_id=load_incremental_raw, run_id=manual__2026-05-09T17:44:40.722096+00:00, execution_date=20260509T174440, start_date=20260509T175030, end_date=20260509T175031
[2026-05-09T17:50:31.488+0000] {standard_task_runner.py:110} ERROR - Failed to execute job 18 for task load_incremental_raw ((psycopg2.errors.InvalidTextRepresentation) invalid input syntax for type json
LINE 1: ...h_20260509175030', 'diabetic_data.csv', 'loaded', '{"encount...
                                                             ^
DETAIL:  Token "NaN" is invalid.
CONTEXT:  JSON data, line 1: ... "?", "number_diagnoses": 1, "max_glu_serum": NaN...

[SQL: INSERT INTO raw_data (batch_id, source_file, status, record_data) VALUES (%(batch_id)s, %(source_file)s, %(status)s, %(record_data)s)]
[parameters: ({'batch_id': 'batch_20260509175030', 'source_file': 'diabetic_data.csv', 'status': 'loaded', 'record_data': '{"encounter_id": 2278392, "patient_nbr": 8222157, "race": "Caucasian", "gender": "Female", "age": "[0-10)", "weight": "?", "admission_type_id": 6, "d ... (829 characters truncated) ... piride-pioglitazone": "No", "metformin-rosiglitazone": "No", "metformin-pioglitazone": "No", "change": "No", "diabetesMed": "No", "readmitted": "NO"}'}, {'batch_id': 'batch_20260509175030', 'source_file': 'diabetic_data.csv', 'status': 'loaded', 'record_data': '{"encounter_id": 149190, "patient_nbr": 55629189, "race": "Caucasian", "gender": "Female", "age": "[10-20)", "weight": "?", "admission_type_id": 1, " ... (813 characters truncated) ... ride-pioglitazone": "No", "metformin-rosiglitazone": "No", "metformin-pioglitazone": "No", "change": "Ch", "diabetesMed": "Yes", "readmitted": ">30"}'}, {'batch_id': 'batch_20260509175030', 'source_file': 'diabetic_data.csv', 'status': 'loaded', 'record_data': '{"encounter_id": 64410, "patient_nbr": 86047875, "race": "AfricanAmerican", "gender": "Female", "age": "[20-30)", "weight": "?", "admission_type_id": ... (818 characters truncated) ... iride-pioglitazone": "No", "metformin-rosiglitazone": "No", "metformin-pioglitazone": "No", "change": "No", "diabetesMed": "Yes", "readmitted": "NO"}'}, {'batch_id': 'batch_20260509175030', 'source_file': 'diabetic_data.csv', 'status': 'loaded', 'record_data': '{"encounter_id": 500364, "patient_nbr": 82442376, "race": "Caucasian", "gender": "Male", "age": "[30-40)", "weight": "?", "admission_type_id": 1, "di ... (808 characters truncated) ... iride-pioglitazone": "No", "metformin-rosiglitazone": "No", "metformin-pioglitazone": "No", "change": "Ch", "diabetesMed": "Yes", "readmitted": "NO"}'}, {'batch_id': 'batch_20260509175030', 'source_file': 'diabetic_data.csv', 'status': 'loaded', 'record_data': '{"encounter_id": 16680, "patient_nbr": 42519267, "race": "Caucasian", "gender": "Male", "age": "[40-50)", "weight": "?", "admission_type_id": 1, "dis ... (813 characters truncated) ... iride-pioglitazone": "No", "metformin-rosiglitazone": "No", "metformin-pioglitazone": "No", "change": "Ch", "diabetesMed": "Yes", "readmitted": "NO"}'}, {'batch_id': 'batch_20260509175030', 'source_file': 'diabetic_data.csv', 'status': 'loaded', 'record_data': '{"encounter_id": 35754, "patient_nbr": 82637451, "race": "Caucasian", "gender": "Male", "age": "[50-60)", "weight": "?", "admission_type_id": 2, "dis ... (811 characters truncated) ... ride-pioglitazone": "No", "metformin-rosiglitazone": "No", "metformin-pioglitazone": "No", "change": "No", "diabetesMed": "Yes", "readmitted": ">30"}'}, {'batch_id': 'batch_20260509175030', 'source_file': 'diabetic_data.csv', 'status': 'loaded', 'record_data': '{"encounter_id": 55842, "patient_nbr": 84259809, "race": "Caucasian", "gender": "Male", "age": "[60-70)", "weight": "?", "admission_type_id": 3, "dis ... (818 characters truncated) ... iride-pioglitazone": "No", "metformin-rosiglitazone": "No", "metformin-pioglitazone": "No", "change": "Ch", "diabetesMed": "Yes", "readmitted": "NO"}'}, {'batch_id': 'batch_20260509175030', 'source_file': 'diabetic_data.csv', 'status': 'loaded', 'record_data': '{"encounter_id": 63768, "patient_nbr": 114882984, "race": "Caucasian", "gender": "Male", "age": "[70-80)", "weight": "?", "admission_type_id": 1, "di ... (812 characters truncated) ... ride-pioglitazone": "No", "metformin-rosiglitazone": "No", "metformin-pioglitazone": "No", "change": "No", "diabetesMed": "Yes", "readmitted": ">30"}'}  ... displaying 10 of 15000 total bound parameter sets ...  {'batch_id': 'batch_20260509175030', 'source_file': 'diabetic_data.csv', 'status': 'loaded', 'record_data': '{"encounter_id": 57945906, "patient_nbr": 2670120, "race": "Caucasian", "gender": "Male", "age": "[30-40)", "weight": "?", "admission_type_id": 1, "d ... (828 characters truncated) ... ride-pioglitazone": "No", "metformin-rosiglitazone": "No", "metformin-pioglitazone": "No", "change": "No", "diabetesMed": "Yes", "readmitted": ">30"}'}, {'batch_id': 'batch_20260509175030', 'source_file': 'diabetic_data.csv', 'status': 'loaded', 'record_data': '{"encounter_id": 57947928, "patient_nbr": 119961, "race": "AfricanAmerican", "gender": "Male", "age": "[70-80)", "weight": "?", "admission_type_id":  ... (818 characters truncated) ... iride-pioglitazone": "No", "metformin-rosiglitazone": "No", "metformin-pioglitazone": "No", "change": "No", "diabetesMed": "Yes", "readmitted": "NO"}'})]
(Background on this error at: https://sqlalche.me/e/14/9h9h); 332)
[2026-05-09T17:50:31.508+0000] {local_task_job_runner.py:240} INFO - Task exited with return code 1
[2026-05-09T17:50:31.528+0000] {taskinstance.py:3498} INFO - 0 downstream tasks scheduled from follow-on schedule check
[2026-05-09T17:50:31.532+0000] {local_task_job_runner.py:222} INFO - ::endgroup::
