[2026-05-10T18:31:02.491+0000] {local_task_job_runner.py:120} INFO - ::group::Pre task execution logs
[2026-05-10T18:31:02.514+0000] {taskinstance.py:2076} INFO - Dependencies all met for dep_context=non-requeueable deps ti=<TaskInstance: diabetes_mlops_pipeline.promote_champion_model scheduled__2026-05-09T00:00:00+00:00 [queued]>
[2026-05-10T18:31:02.519+0000] {taskinstance.py:2076} INFO - Dependencies all met for dep_context=requeueable deps ti=<TaskInstance: diabetes_mlops_pipeline.promote_champion_model scheduled__2026-05-09T00:00:00+00:00 [queued]>
[2026-05-10T18:31:02.520+0000] {taskinstance.py:2306} INFO - Starting attempt 1 of 2
[2026-05-10T18:31:02.531+0000] {taskinstance.py:2330} INFO - Executing <Task(PythonOperator): promote_champion_model> on 2026-05-09 00:00:00+00:00
[2026-05-10T18:31:02.540+0000] {standard_task_runner.py:90} INFO - Running: ['airflow', 'tasks', 'run', 'diabetes_mlops_pipeline', 'promote_champion_model', 'scheduled__2026-05-09T00:00:00+00:00', '--job-id', '44', '--raw', '--subdir', 'DAGS_FOLDER/mlops_pipeline.py', '--cfg-path', '/tmp/tmpu3t4lxa6']
[2026-05-10T18:31:02.542+0000] {logging_mixin.py:188} WARNING - /home/airflow/.local/lib/python3.12/site-packages/airflow/task/task_runner/standard_task_runner.py:61 DeprecationWarning: This process (pid=436) is multi-threaded, use of fork() may lead to deadlocks in the child.
[2026-05-10T18:31:02.542+0000] {standard_task_runner.py:63} INFO - Started process 454 to run task
[2026-05-10T18:31:02.542+0000] {standard_task_runner.py:91} INFO - Job 44: Subtask promote_champion_model
[2026-05-10T18:31:02.584+0000] {task_command.py:426} INFO - Running <TaskInstance: diabetes_mlops_pipeline.promote_champion_model scheduled__2026-05-09T00:00:00+00:00 [running]> on host 313d73f6293b
[2026-05-10T18:31:02.650+0000] {taskinstance.py:2648} INFO - Exporting env vars: AIRFLOW_CTX_DAG_OWNER='mlops_team' AIRFLOW_CTX_DAG_ID='diabetes_mlops_pipeline' AIRFLOW_CTX_TASK_ID='promote_champion_model' AIRFLOW_CTX_EXECUTION_DATE='2026-05-09T00:00:00+00:00' AIRFLOW_CTX_TRY_NUMBER='1' AIRFLOW_CTX_DAG_RUN_ID='scheduled__2026-05-09T00:00:00+00:00'
[2026-05-10T18:31:02.652+0000] {taskinstance.py:430} INFO - ::endgroup::
[2026-05-10T18:31:02.818+0000] {logging_mixin.py:188} WARNING - Successfully registered model 'Diabetes_Readmission_Model'.
[2026-05-10T18:31:02.892+0000] {logging_mixin.py:188} WARNING - 2026/05/10 18:31:02 INFO mlflow.store.model_registry.abstract_store: Waiting up to 300 seconds for model version to finish creation. Model name: Diabetes_Readmission_Model, version 1
[2026-05-10T18:31:02.893+0000] {logging_mixin.py:188} WARNING - Created version '1' of model 'Diabetes_Readmission_Model'.
[2026-05-10T18:31:02.964+0000] {logging_mixin.py:188} INFO - Modelo versión 1 promovido a champion (F1: 0.573037927149831)
[2026-05-10T18:31:02.965+0000] {python.py:237} INFO - Done. Returned value was: None
[2026-05-10T18:31:02.966+0000] {taskinstance.py:441} INFO - ::group::Post task execution logs
[2026-05-10T18:31:02.973+0000] {taskinstance.py:1206} INFO - Marking task as SUCCESS. dag_id=diabetes_mlops_pipeline, task_id=promote_champion_model, run_id=scheduled__2026-05-09T00:00:00+00:00, execution_date=20260509T000000, start_date=20260510T183102, end_date=20260510T183102
[2026-05-10T18:31:03.013+0000] {local_task_job_runner.py:240} INFO - Task exited with return code 0
[2026-05-10T18:31:03.026+0000] {taskinstance.py:3498} INFO - 0 downstream tasks scheduled from follow-on schedule check
[2026-05-10T18:31:03.030+0000] {local_task_job_runner.py:222} INFO - ::endgroup::
