[2026-05-09T18:40:09.961+0000] {local_task_job_runner.py:120} INFO - ::group::Pre task execution logs
[2026-05-09T18:40:09.985+0000] {taskinstance.py:2076} INFO - Dependencies all met for dep_context=non-requeueable deps ti=<TaskInstance: diabetes_mlops_pipeline.train_and_log_model scheduled__2026-05-08T00:00:00+00:00 [queued]>
[2026-05-09T18:40:09.992+0000] {taskinstance.py:2076} INFO - Dependencies all met for dep_context=requeueable deps ti=<TaskInstance: diabetes_mlops_pipeline.train_and_log_model scheduled__2026-05-08T00:00:00+00:00 [queued]>
[2026-05-09T18:40:09.992+0000] {taskinstance.py:2306} INFO - Starting attempt 3 of 4
[2026-05-09T18:40:10.004+0000] {taskinstance.py:2330} INFO - Executing <Task(PythonOperator): train_and_log_model> on 2026-05-08 00:00:00+00:00
[2026-05-09T18:40:10.014+0000] {logging_mixin.py:188} WARNING - /home/airflow/.local/lib/python3.12/site-packages/airflow/task/task_runner/standard_task_runner.py:61 DeprecationWarning: This process (pid=715) is multi-threaded, use of fork() may lead to deadlocks in the child.
[2026-05-09T18:40:10.013+0000] {standard_task_runner.py:90} INFO - Running: ['airflow', 'tasks', 'run', 'diabetes_mlops_pipeline', 'train_and_log_model', 'scheduled__2026-05-08T00:00:00+00:00', '--job-id', '7', '--raw', '--subdir', 'DAGS_FOLDER/mlops_pipeline.py', '--cfg-path', '/tmp/tmpvjhwfmi1']
[2026-05-09T18:40:10.015+0000] {standard_task_runner.py:91} INFO - Job 7: Subtask train_and_log_model
[2026-05-09T18:40:10.015+0000] {standard_task_runner.py:63} INFO - Started process 733 to run task
[2026-05-09T18:40:10.057+0000] {task_command.py:426} INFO - Running <TaskInstance: diabetes_mlops_pipeline.train_and_log_model scheduled__2026-05-08T00:00:00+00:00 [running]> on host f748990a7bb4
[2026-05-09T18:40:10.129+0000] {taskinstance.py:2648} INFO - Exporting env vars: AIRFLOW_CTX_DAG_OWNER='mlops_team' AIRFLOW_CTX_DAG_ID='diabetes_mlops_pipeline' AIRFLOW_CTX_TASK_ID='train_and_log_model' AIRFLOW_CTX_EXECUTION_DATE='2026-05-08T00:00:00+00:00' AIRFLOW_CTX_TRY_NUMBER='3' AIRFLOW_CTX_DAG_RUN_ID='scheduled__2026-05-08T00:00:00+00:00'
[2026-05-09T18:40:10.131+0000] {taskinstance.py:430} INFO - ::endgroup::
[2026-05-09T18:40:13.944+0000] {logging_mixin.py:188} WARNING - 2026/05/09 18:40:13 WARNING mlflow.utils.git_utils: Failed to import Git (the Git executable is probably not on your PATH), so Git SHA is not available. Error: Failed to initialize: Bad git executable.
The git executable must be specified in one of the following ways:
    - be included in your $PATH
    - be set via $GIT_PYTHON_GIT_EXECUTABLE
    - explicitly set via git.refresh(<full-path-to-git-executable>)

All git commands will error until this is rectified.

This initial message can be silenced or aggravated in the future by setting the
$GIT_PYTHON_REFRESH environment variable. Use one of the following values:
    - quiet|q|silence|s|silent|none|n|0: for no message or exception
    - warn|w|warning|log|l|1: for a warning message (logging level CRITICAL, displayed by default)
    - error|e|exception|raise|r|2: for a raised exception

Example:
    export GIT_PYTHON_REFRESH=quiet
[2026-05-09T18:40:19.582+0000] {credentials.py:1147} INFO - Found credentials in environment variables.
[2026-05-09T18:40:19.752+0000] {logging_mixin.py:188} INFO - Modelo entrenado con F1-Score: 0.557753164556962
[2026-05-09T18:40:19.807+0000] {python.py:237} INFO - Done. Returned value was: None
[2026-05-09T18:40:19.808+0000] {taskinstance.py:441} INFO - ::group::Post task execution logs
[2026-05-09T18:40:19.817+0000] {taskinstance.py:1206} INFO - Marking task as SUCCESS. dag_id=diabetes_mlops_pipeline, task_id=train_and_log_model, run_id=scheduled__2026-05-08T00:00:00+00:00, execution_date=20260508T000000, start_date=20260509T184009, end_date=20260509T184019
[2026-05-09T18:40:19.875+0000] {local_task_job_runner.py:240} INFO - Task exited with return code 0
[2026-05-09T18:40:19.891+0000] {taskinstance.py:3498} INFO - 1 downstream tasks scheduled from follow-on schedule check
[2026-05-09T18:40:19.896+0000] {local_task_job_runner.py:222} INFO - ::endgroup::
