[2026-05-09T17:58:18.514+0000] {local_task_job_runner.py:120} INFO - ::group::Pre task execution logs
[2026-05-09T17:58:18.540+0000] {taskinstance.py:2076} INFO - Dependencies all met for dep_context=non-requeueable deps ti=<TaskInstance: diabetes_mlops_pipeline.process_and_clean manual__2026-05-09T17:54:10.958799+00:00 [queued]>
[2026-05-09T17:58:18.546+0000] {taskinstance.py:2076} INFO - Dependencies all met for dep_context=requeueable deps ti=<TaskInstance: diabetes_mlops_pipeline.process_and_clean manual__2026-05-09T17:54:10.958799+00:00 [queued]>
[2026-05-09T17:58:18.547+0000] {taskinstance.py:2306} INFO - Starting attempt 2 of 3
[2026-05-09T17:58:18.558+0000] {taskinstance.py:2330} INFO - Executing <Task(PythonOperator): process_and_clean> on 2026-05-09 17:54:10.958799+00:00
[2026-05-09T17:58:18.566+0000] {standard_task_runner.py:90} INFO - Running: ['airflow', 'tasks', 'run', 'diabetes_mlops_pipeline', 'process_and_clean', 'manual__2026-05-09T17:54:10.958799+00:00', '--job-id', '38', '--raw', '--subdir', 'DAGS_FOLDER/mlops_pipeline.py', '--cfg-path', '/tmp/tmpdsn08ti0']
[2026-05-09T17:58:18.568+0000] {logging_mixin.py:188} WARNING - /home/airflow/.local/lib/python3.12/site-packages/airflow/task/task_runner/standard_task_runner.py:61 DeprecationWarning: This process (pid=1028) is multi-threaded, use of fork() may lead to deadlocks in the child.
[2026-05-09T17:58:18.568+0000] {standard_task_runner.py:91} INFO - Job 38: Subtask process_and_clean
[2026-05-09T17:58:18.568+0000] {standard_task_runner.py:63} INFO - Started process 1064 to run task
[2026-05-09T17:58:18.609+0000] {task_command.py:426} INFO - Running <TaskInstance: diabetes_mlops_pipeline.process_and_clean manual__2026-05-09T17:54:10.958799+00:00 [running]> on host d709ff05c5f9
[2026-05-09T17:58:18.677+0000] {taskinstance.py:2648} INFO - Exporting env vars: AIRFLOW_CTX_DAG_OWNER='mlops_team' AIRFLOW_CTX_DAG_ID='diabetes_mlops_pipeline' AIRFLOW_CTX_TASK_ID='process_and_clean' AIRFLOW_CTX_EXECUTION_DATE='2026-05-09T17:54:10.958799+00:00' AIRFLOW_CTX_TRY_NUMBER='2' AIRFLOW_CTX_DAG_RUN_ID='manual__2026-05-09T17:54:10.958799+00:00'
[2026-05-09T17:58:18.678+0000] {taskinstance.py:430} INFO - ::endgroup::
[2026-05-09T17:58:22.038+0000] {taskinstance.py:441} INFO - ::group::Post task execution logs
[2026-05-09T17:58:22.039+0000] {taskinstance.py:2905} ERROR - Task failed with exception
Traceback (most recent call last):
  File "/home/airflow/.local/lib/python3.12/site-packages/sqlalchemy/engine/base.py", line 1890, in _execute_context
    self.dialect.do_executemany(
  File "/home/airflow/.local/lib/python3.12/site-packages/sqlalchemy/dialects/postgresql/psycopg2.py", line 982, in do_executemany
    context._psycopg2_fetched_rows = xtras.execute_values(
                                     ^^^^^^^^^^^^^^^^^^^^^
  File "/home/airflow/.local/lib/python3.12/site-packages/psycopg2/extras.py", line 1299, in execute_values
    cur.execute(b''.join(parts))
psycopg2.errors.InvalidTextRepresentation: invalid input syntax for type json
LINE 1: ...6, "glimepiride-pioglitazone": "No"}', 1),(75006, '{"age": "...
                                                             ^
DETAIL:  Token "NaN" is invalid.
CONTEXT:  JSON data, line 1: {"age": "[80-90)", "race": NaN...


The above exception was the direct cause of the following exception:

Traceback (most recent call last):
  File "/home/airflow/.local/lib/python3.12/site-packages/airflow/models/taskinstance.py", line 465, in _execute_task
    result = _execute_callable(context=context, **execute_callable_kwargs)
             ^^^^^^^^^^^^^^^^^^^^^^^^^^^^^^^^^^^^^^^^^^^^^^^^^^^^^^^^^^^^^
  File "/home/airflow/.local/lib/python3.12/site-packages/airflow/models/taskinstance.py", line 432, in _execute_callable
    return execute_callable(context=context, **execute_callable_kwargs)
           ^^^^^^^^^^^^^^^^^^^^^^^^^^^^^^^^^^^^^^^^^^^^^^^^^^^^^^^^^^^^
  File "/home/airflow/.local/lib/python3.12/site-packages/airflow/models/baseoperator.py", line 400, in wrapper
    return func(self, *args, **kwargs)
           ^^^^^^^^^^^^^^^^^^^^^^^^^^^
  File "/home/airflow/.local/lib/python3.12/site-packages/airflow/operators/python.py", line 235, in execute
    return_value = self.execute_callable()
                   ^^^^^^^^^^^^^^^^^^^^^^^
  File "/home/airflow/.local/lib/python3.12/site-packages/airflow/operators/python.py", line 252, in execute_callable
    return self.python_callable(*self.op_args, **self.op_kwargs)
           ^^^^^^^^^^^^^^^^^^^^^^^^^^^^^^^^^^^^^^^^^^^^^^^^^^^^^
  File "/opt/airflow/dags/mlops_pipeline.py", line 114, in _process_and_clean
    df_clean_insert.to_sql('clean_data', con=engine, if_exists='append', index=False)
  File "/home/airflow/.local/lib/python3.12/site-packages/pandas/util/_decorators.py", line 333, in wrapper
    return func(*args, **kwargs)
           ^^^^^^^^^^^^^^^^^^^^^
  File "/home/airflow/.local/lib/python3.12/site-packages/pandas/core/generic.py", line 3008, in to_sql
    return sql.to_sql(
           ^^^^^^^^^^^
  File "/home/airflow/.local/lib/python3.12/site-packages/pandas/io/sql.py", line 788, in to_sql
    return pandas_sql.to_sql(
           ^^^^^^^^^^^^^^^^^^
  File "/home/airflow/.local/lib/python3.12/site-packages/pandas/io/sql.py", line 1958, in to_sql
    total_inserted = sql_engine.insert_records(
                     ^^^^^^^^^^^^^^^^^^^^^^^^^^
  File "/home/airflow/.local/lib/python3.12/site-packages/pandas/io/sql.py", line 1507, in insert_records
    raise err
  File "/home/airflow/.local/lib/python3.12/site-packages/pandas/io/sql.py", line 1498, in insert_records
    return table.insert(chunksize=chunksize, method=method)
           ^^^^^^^^^^^^^^^^^^^^^^^^^^^^^^^^^^^^^^^^^^^^^^^^
  File "/home/airflow/.local/lib/python3.12/site-packages/pandas/io/sql.py", line 1059, in insert
    num_inserted = exec_insert(conn, keys, chunk_iter)
                   ^^^^^^^^^^^^^^^^^^^^^^^^^^^^^^^^^^^
  File "/home/airflow/.local/lib/python3.12/site-packages/pandas/io/sql.py", line 951, in _execute_insert
    result = conn.execute(self.table.insert(), data)
             ^^^^^^^^^^^^^^^^^^^^^^^^^^^^^^^^^^^^^^^
  File "/home/airflow/.local/lib/python3.12/site-packages/sqlalchemy/engine/base.py", line 1385, in execute
    return meth(self, multiparams, params, _EMPTY_EXECUTION_OPTS)
           ^^^^^^^^^^^^^^^^^^^^^^^^^^^^^^^^^^^^^^^^^^^^^^^^^^^^^^
  File "/home/airflow/.local/lib/python3.12/site-packages/sqlalchemy/sql/elements.py", line 334, in _execute_on_connection
    return connection._execute_clauseelement(
           ^^^^^^^^^^^^^^^^^^^^^^^^^^^^^^^^^^
  File "/home/airflow/.local/lib/python3.12/site-packages/sqlalchemy/engine/base.py", line 1577, in _execute_clauseelement
    ret = self._execute_context(
          ^^^^^^^^^^^^^^^^^^^^^^
  File "/home/airflow/.local/lib/python3.12/site-packages/sqlalchemy/engine/base.py", line 1953, in _execute_context
    self._handle_dbapi_exception(
  File "/home/airflow/.local/lib/python3.12/site-packages/sqlalchemy/engine/base.py", line 2134, in _handle_dbapi_exception
    util.raise_(
  File "/home/airflow/.local/lib/python3.12/site-packages/sqlalchemy/util/compat.py", line 211, in raise_
    raise exception
  File "/home/airflow/.local/lib/python3.12/site-packages/sqlalchemy/engine/base.py", line 1890, in _execute_context
    self.dialect.do_executemany(
  File "/home/airflow/.local/lib/python3.12/site-packages/sqlalchemy/dialects/postgresql/psycopg2.py", line 982, in do_executemany
    context._psycopg2_fetched_rows = xtras.execute_values(
                                     ^^^^^^^^^^^^^^^^^^^^^
  File "/home/airflow/.local/lib/python3.12/site-packages/psycopg2/extras.py", line 1299, in execute_values
    cur.execute(b''.join(parts))
sqlalchemy.exc.DataError: (psycopg2.errors.InvalidTextRepresentation) invalid input syntax for type json
LINE 1: ...6, "glimepiride-pioglitazone": "No"}', 1),(75006, '{"age": "...
                                                             ^
DETAIL:  Token "NaN" is invalid.
CONTEXT:  JSON data, line 1: {"age": "[80-90)", "race": NaN...

[SQL: INSERT INTO clean_data (raw_id, features, readmitted_binary) VALUES (%(raw_id)s, %(features)s, %(readmitted_binary)s)]
[parameters: ({'raw_id': 75001, 'features': '{"age": "[70-80)", "race": "Caucasian", "change": "No", "diag_1": "564", "diag_2": "562", "diag_3": "250", "gender": "Female", "examide": "No", "insu ... (639 characters truncated) ... e-metformin": "No", "metformin-pioglitazone": "No", "metformin-rosiglitazone": "No", "discharge_disposition_id": 1, "glimepiride-pioglitazone": "No"}', 'readmitted_binary': 0}, {'raw_id': 75002, 'features': '{"age": "[80-90)", "race": "AfricanAmerican", "change": "Ch", "diag_1": "584", "diag_2": "403", "diag_3": "276", "gender": "Male", "examide": "No", " ... (646 characters truncated) ... e-metformin": "No", "metformin-pioglitazone": "No", "metformin-rosiglitazone": "No", "discharge_disposition_id": 3, "glimepiride-pioglitazone": "No"}', 'readmitted_binary': 1}, {'raw_id': 75003, 'features': '{"age": "[50-60)", "race": "Caucasian", "change": "Ch", "diag_1": "427", "diag_2": "414", "diag_3": "426", "gender": "Male", "examide": "No", "insuli ... (646 characters truncated) ... e-metformin": "No", "metformin-pioglitazone": "No", "metformin-rosiglitazone": "No", "discharge_disposition_id": 1, "glimepiride-pioglitazone": "No"}', 'readmitted_binary': 0}, {'raw_id': 75004, 'features': '{"age": "[60-70)", "race": "Caucasian", "change": "No", "diag_1": "402", "diag_2": "162", "diag_3": "427", "gender": "Male", "examide": "No", "insuli ... (637 characters truncated) ... e-metformin": "No", "metformin-pioglitazone": "No", "metformin-rosiglitazone": "No", "discharge_disposition_id": 1, "glimepiride-pioglitazone": "No"}', 'readmitted_binary': 1}, {'raw_id': 75005, 'features': '{"age": "[80-90)", "race": "Caucasian", "change": "No", "diag_1": "569", "diag_2": "280", "diag_3": "562", "gender": "Female", "examide": "No", "insu ... (642 characters truncated) ... e-metformin": "No", "metformin-pioglitazone": "No", "metformin-rosiglitazone": "No", "discharge_disposition_id": 6, "glimepiride-pioglitazone": "No"}', 'readmitted_binary': 1}, {'raw_id': 75006, 'features': '{"age": "[80-90)", "race": NaN, "change": "Ch", "diag_1": "250.8", "diag_2": "682", "diag_3": "428", "gender": "Male", "examide": "No", "insulin": "D ... (633 characters truncated) ... e-metformin": "No", "metformin-pioglitazone": "No", "metformin-rosiglitazone": "No", "discharge_disposition_id": 3, "glimepiride-pioglitazone": "No"}', 'readmitted_binary': 1}, {'raw_id': 75007, 'features': '{"age": "[70-80)", "race": "Caucasian", "change": "No", "diag_1": "V57", "diag_2": "438", "diag_3": "438", "gender": "Male", "examide": "No", "insuli ... (643 characters truncated) ... tformin": "Steady", "metformin-pioglitazone": "No", "metformin-rosiglitazone": "No", "discharge_disposition_id": 1, "glimepiride-pioglitazone": "No"}', 'readmitted_binary': 0}, {'raw_id': 75008, 'features': '{"age": "[80-90)", "race": "Caucasian", "change": "Ch", "diag_1": "560", "diag_2": "496", "diag_3": "303", "gender": "Male", "examide": "No", "insuli ... (640 characters truncated) ... e-metformin": "No", "metformin-pioglitazone": "No", "metformin-rosiglitazone": "No", "discharge_disposition_id": 1, "glimepiride-pioglitazone": "No"}', 'readmitted_binary': 0}  ... displaying 10 of 15000 total bound parameter sets ...  {'raw_id': 89999, 'features': '{"age": "[30-40)", "race": NaN, "change": "Ch", "diag_1": "250.12", "diag_2": "295", "diag_3": "728", "gender": "Female", "examide": "No", "insulin": ... (645 characters truncated) ... e-metformin": "No", "metformin-pioglitazone": "No", "metformin-rosiglitazone": "No", "discharge_disposition_id": 1, "glimepiride-pioglitazone": "No"}', 'readmitted_binary': 1}, {'raw_id': 90000, 'features': '{"age": "[80-90)", "race": "Caucasian", "change": "No", "diag_1": "414", "diag_2": "411", "diag_3": "428", "gender": "Male", "examide": "No", "insuli ... (642 characters truncated) ... e-metformin": "No", "metformin-pioglitazone": "No", "metformin-rosiglitazone": "No", "discharge_disposition_id": 1, "glimepiride-pioglitazone": "No"}', 'readmitted_binary': 1})]
(Background on this error at: https://sqlalche.me/e/14/9h9h)
[2026-05-09T17:58:22.053+0000] {taskinstance.py:1206} INFO - Marking task as UP_FOR_RETRY. dag_id=diabetes_mlops_pipeline, task_id=process_and_clean, run_id=manual__2026-05-09T17:54:10.958799+00:00, execution_date=20260509T175410, start_date=20260509T175818, end_date=20260509T175822
[2026-05-09T17:58:22.069+0000] {standard_task_runner.py:110} ERROR - Failed to execute job 38 for task process_and_clean ((psycopg2.errors.InvalidTextRepresentation) invalid input syntax for type json
LINE 1: ...6, "glimepiride-pioglitazone": "No"}', 1),(75006, '{"age": "...
                                                             ^
DETAIL:  Token "NaN" is invalid.
CONTEXT:  JSON data, line 1: {"age": "[80-90)", "race": NaN...

[SQL: INSERT INTO clean_data (raw_id, features, readmitted_binary) VALUES (%(raw_id)s, %(features)s, %(readmitted_binary)s)]
[parameters: ({'raw_id': 75001, 'features': '{"age": "[70-80)", "race": "Caucasian", "change": "No", "diag_1": "564", "diag_2": "562", "diag_3": "250", "gender": "Female", "examide": "No", "insu ... (639 characters truncated) ... e-metformin": "No", "metformin-pioglitazone": "No", "metformin-rosiglitazone": "No", "discharge_disposition_id": 1, "glimepiride-pioglitazone": "No"}', 'readmitted_binary': 0}, {'raw_id': 75002, 'features': '{"age": "[80-90)", "race": "AfricanAmerican", "change": "Ch", "diag_1": "584", "diag_2": "403", "diag_3": "276", "gender": "Male", "examide": "No", " ... (646 characters truncated) ... e-metformin": "No", "metformin-pioglitazone": "No", "metformin-rosiglitazone": "No", "discharge_disposition_id": 3, "glimepiride-pioglitazone": "No"}', 'readmitted_binary': 1}, {'raw_id': 75003, 'features': '{"age": "[50-60)", "race": "Caucasian", "change": "Ch", "diag_1": "427", "diag_2": "414", "diag_3": "426", "gender": "Male", "examide": "No", "insuli ... (646 characters truncated) ... e-metformin": "No", "metformin-pioglitazone": "No", "metformin-rosiglitazone": "No", "discharge_disposition_id": 1, "glimepiride-pioglitazone": "No"}', 'readmitted_binary': 0}, {'raw_id': 75004, 'features': '{"age": "[60-70)", "race": "Caucasian", "change": "No", "diag_1": "402", "diag_2": "162", "diag_3": "427", "gender": "Male", "examide": "No", "insuli ... (637 characters truncated) ... e-metformin": "No", "metformin-pioglitazone": "No", "metformin-rosiglitazone": "No", "discharge_disposition_id": 1, "glimepiride-pioglitazone": "No"}', 'readmitted_binary': 1}, {'raw_id': 75005, 'features': '{"age": "[80-90)", "race": "Caucasian", "change": "No", "diag_1": "569", "diag_2": "280", "diag_3": "562", "gender": "Female", "examide": "No", "insu ... (642 characters truncated) ... e-metformin": "No", "metformin-pioglitazone": "No", "metformin-rosiglitazone": "No", "discharge_disposition_id": 6, "glimepiride-pioglitazone": "No"}', 'readmitted_binary': 1}, {'raw_id': 75006, 'features': '{"age": "[80-90)", "race": NaN, "change": "Ch", "diag_1": "250.8", "diag_2": "682", "diag_3": "428", "gender": "Male", "examide": "No", "insulin": "D ... (633 characters truncated) ... e-metformin": "No", "metformin-pioglitazone": "No", "metformin-rosiglitazone": "No", "discharge_disposition_id": 3, "glimepiride-pioglitazone": "No"}', 'readmitted_binary': 1}, {'raw_id': 75007, 'features': '{"age": "[70-80)", "race": "Caucasian", "change": "No", "diag_1": "V57", "diag_2": "438", "diag_3": "438", "gender": "Male", "examide": "No", "insuli ... (643 characters truncated) ... tformin": "Steady", "metformin-pioglitazone": "No", "metformin-rosiglitazone": "No", "discharge_disposition_id": 1, "glimepiride-pioglitazone": "No"}', 'readmitted_binary': 0}, {'raw_id': 75008, 'features': '{"age": "[80-90)", "race": "Caucasian", "change": "Ch", "diag_1": "560", "diag_2": "496", "diag_3": "303", "gender": "Male", "examide": "No", "insuli ... (640 characters truncated) ... e-metformin": "No", "metformin-pioglitazone": "No", "metformin-rosiglitazone": "No", "discharge_disposition_id": 1, "glimepiride-pioglitazone": "No"}', 'readmitted_binary': 0}  ... displaying 10 of 15000 total bound parameter sets ...  {'raw_id': 89999, 'features': '{"age": "[30-40)", "race": NaN, "change": "Ch", "diag_1": "250.12", "diag_2": "295", "diag_3": "728", "gender": "Female", "examide": "No", "insulin": ... (645 characters truncated) ... e-metformin": "No", "metformin-pioglitazone": "No", "metformin-rosiglitazone": "No", "discharge_disposition_id": 1, "glimepiride-pioglitazone": "No"}', 'readmitted_binary': 1}, {'raw_id': 90000, 'features': '{"age": "[80-90)", "race": "Caucasian", "change": "No", "diag_1": "414", "diag_2": "411", "diag_3": "428", "gender": "Male", "examide": "No", "insuli ... (642 characters truncated) ... e-metformin": "No", "metformin-pioglitazone": "No", "metformin-rosiglitazone": "No", "discharge_disposition_id": 1, "glimepiride-pioglitazone": "No"}', 'readmitted_binary': 1})]
(Background on this error at: https://sqlalche.me/e/14/9h9h); 1064)
[2026-05-09T17:58:22.115+0000] {local_task_job_runner.py:240} INFO - Task exited with return code 1
[2026-05-09T17:58:22.132+0000] {taskinstance.py:3498} INFO - 0 downstream tasks scheduled from follow-on schedule check
[2026-05-09T17:58:22.135+0000] {local_task_job_runner.py:222} INFO - ::endgroup::
