[2026-05-30T01:03:30.793+0000] {local_task_job_runner.py:120} INFO - ::group::Pre task execution logs
[2026-05-30T01:03:30.830+0000] {taskinstance.py:2076} INFO - Dependencies all met for dep_context=non-requeueable deps ti=<TaskInstance: real_estate_mlops_pipeline.train_candidate_model scheduled__2026-05-30T00:00:00+00:00 [queued]>
[2026-05-30T01:03:30.840+0000] {taskinstance.py:2076} INFO - Dependencies all met for dep_context=requeueable deps ti=<TaskInstance: real_estate_mlops_pipeline.train_candidate_model scheduled__2026-05-30T00:00:00+00:00 [queued]>
[2026-05-30T01:03:30.840+0000] {taskinstance.py:2306} INFO - Starting attempt 1 of 3
[2026-05-30T01:03:30.857+0000] {taskinstance.py:2330} INFO - Executing <Task(PythonOperator): train_candidate_model> on 2026-05-30 00:00:00+00:00
[2026-05-30T01:03:30.878+0000] {logging_mixin.py:188} WARNING - /home/airflow/.local/lib/python3.12/site-packages/airflow/task/task_runner/standard_task_runner.py:61 DeprecationWarning: This process (pid=422) is multi-threaded, use of fork() may lead to deadlocks in the child.
[2026-05-30T01:03:30.879+0000] {standard_task_runner.py:63} INFO - Started process 440 to run task
[2026-05-30T01:03:30.878+0000] {standard_task_runner.py:90} INFO - Running: ['airflow', 'tasks', 'run', 'real_estate_mlops_pipeline', 'train_candidate_model', 'scheduled__2026-05-30T00:00:00+00:00', '--job-id', '81', '--raw', '--subdir', 'DAGS_FOLDER/mlops_pipeline.py', '--cfg-path', '/tmp/tmpbplwtwmj']
[2026-05-30T01:03:30.880+0000] {standard_task_runner.py:91} INFO - Job 81: Subtask train_candidate_model
[2026-05-30T01:03:30.932+0000] {task_command.py:426} INFO - Running <TaskInstance: real_estate_mlops_pipeline.train_candidate_model scheduled__2026-05-30T00:00:00+00:00 [running]> on host 028cb978595b
[2026-05-30T01:03:31.024+0000] {taskinstance.py:2648} INFO - Exporting env vars: AIRFLOW_CTX_DAG_OWNER='mlops_team' AIRFLOW_CTX_DAG_ID='real_estate_mlops_pipeline' AIRFLOW_CTX_TASK_ID='train_candidate_model' AIRFLOW_CTX_EXECUTION_DATE='2026-05-30T00:00:00+00:00' AIRFLOW_CTX_TRY_NUMBER='1' AIRFLOW_CTX_DAG_RUN_ID='scheduled__2026-05-30T00:00:00+00:00'
[2026-05-30T01:03:31.026+0000] {taskinstance.py:430} INFO - ::endgroup::
[2026-05-30T01:05:23.159+0000] {local_task_job_runner.py:124} ERROR - Received SIGTERM. Terminating subprocesses
[2026-05-30T01:05:23.165+0000] {process_utils.py:132} INFO - Sending 15 to group 440. PIDs of all processes in the group: [440]
[2026-05-30T01:05:23.166+0000] {process_utils.py:87} INFO - Sending the signal 15 to group 440
[2026-05-30T01:05:24.046+0000] {taskinstance.py:2611} ERROR - Received SIGTERM. Terminating subprocesses.
[2026-05-30T01:05:24.047+0000] {taskinstance.py:441} INFO - ::group::Post task execution logs
[2026-05-30T01:05:24.061+0000] {taskinstance.py:2905} ERROR - Task failed with exception
Traceback (most recent call last):
  File "/home/airflow/.local/lib/python3.12/site-packages/airflow/models/taskinstance.py", line 465, in _execute_task
    result = _execute_callable(context=context, **execute_callable_kwargs)
             ^^^^^^^^^^^^^^^^^^^^^^^^^^^^^^^^^^^^^^^^^^^^^^^^^^^^^^^^^^^^^
  File "/home/airflow/.local/lib/python3.12/site-packages/airflow/models/taskinstance.py", line 432, in _execute_callable
    return execute_callable(context=context, **execute_callable_kwargs)
           ^^^^^^^^^^^^^^^^^^^^^^^^^^^^^^^^^^^^^^^^^^^^^^^^^^^^^^^^^^^^
  File "/home/airflow/.local/lib/python3.12/site-packages/airflow/models/baseoperator.py", line 400, in wrapper
    return func(self, *args, **kwargs)
           ^^^^^^^^^^^^^^^^^^^^^^^^^^^
  File "/home/airflow/.local/lib/python3.12/site-packages/airflow/operators/python.py", line 235, in execute
    return_value = self.execute_callable()
                   ^^^^^^^^^^^^^^^^^^^^^^^
  File "/home/airflow/.local/lib/python3.12/site-packages/airflow/operators/python.py", line 252, in execute_callable
    return self.python_callable(*self.op_args, **self.op_kwargs)
           ^^^^^^^^^^^^^^^^^^^^^^^^^^^^^^^^^^^^^^^^^^^^^^^^^^^^^
  File "/opt/airflow/dags/mlops_pipeline.py", line 236, in _train_candidate_model
    pipeline.fit(X_train, y_train)
  File "/home/airflow/.local/lib/python3.12/site-packages/sklearn/base.py", line 1351, in wrapper
    return fit_method(estimator, *args, **kwargs)
           ^^^^^^^^^^^^^^^^^^^^^^^^^^^^^^^^^^^^^^
  File "/home/airflow/.local/lib/python3.12/site-packages/sklearn/pipeline.py", line 475, in fit
    self._final_estimator.fit(Xt, y, **last_step_params["fit"])
  File "/home/airflow/.local/lib/python3.12/site-packages/sklearn/base.py", line 1351, in wrapper
    return fit_method(estimator, *args, **kwargs)
           ^^^^^^^^^^^^^^^^^^^^^^^^^^^^^^^^^^^^^^
  File "/home/airflow/.local/lib/python3.12/site-packages/sklearn/ensemble/_forest.py", line 489, in fit
    trees = Parallel(
            ^^^^^^^^^
  File "/home/airflow/.local/lib/python3.12/site-packages/sklearn/utils/parallel.py", line 67, in __call__
    return super().__call__(iterable_with_config)
           ^^^^^^^^^^^^^^^^^^^^^^^^^^^^^^^^^^^^^^
  File "/home/airflow/.local/lib/python3.12/site-packages/joblib/parallel.py", line 1986, in __call__
    return output if self.return_generator else list(output)
                                                ^^^^^^^^^^^^
  File "/home/airflow/.local/lib/python3.12/site-packages/joblib/parallel.py", line 1914, in _get_sequential_output
    res = func(*args, **kwargs)
          ^^^^^^^^^^^^^^^^^^^^^
  File "/home/airflow/.local/lib/python3.12/site-packages/sklearn/utils/parallel.py", line 129, in __call__
    return self.function(*args, **kwargs)
           ^^^^^^^^^^^^^^^^^^^^^^^^^^^^^^
  File "/home/airflow/.local/lib/python3.12/site-packages/sklearn/ensemble/_forest.py", line 192, in _parallel_build_trees
    tree._fit(
  File "/home/airflow/.local/lib/python3.12/site-packages/sklearn/tree/_classes.py", line 472, in _fit
    builder.build(self.tree_, X, y, sample_weight, missing_values_in_feature_mask)
  File "/home/airflow/.local/lib/python3.12/site-packages/airflow/models/taskinstance.py", line 2613, in signal_handler
    raise AirflowTaskTerminated("Task received SIGTERM signal")
airflow.exceptions.AirflowTaskTerminated: Task received SIGTERM signal
[2026-05-30T01:05:24.074+0000] {taskinstance.py:1206} INFO - Marking task as UP_FOR_RETRY. dag_id=real_estate_mlops_pipeline, task_id=train_candidate_model, run_id=scheduled__2026-05-30T00:00:00+00:00, execution_date=20260530T000000, start_date=20260530T010330, end_date=20260530T010524
