[2026-05-27T02:52:00.337+0000] {local_task_job_runner.py:120} INFO - ::group::Pre task execution logs
[2026-05-27T02:52:00.371+0000] {taskinstance.py:2076} INFO - Dependencies all met for dep_context=non-requeueable deps ti=<TaskInstance: real_estate_mlops_pipeline.decide_training manual__2026-05-27T02:41:38.136765+00:00 [queued]>
[2026-05-27T02:52:00.382+0000] {taskinstance.py:2076} INFO - Dependencies all met for dep_context=requeueable deps ti=<TaskInstance: real_estate_mlops_pipeline.decide_training manual__2026-05-27T02:41:38.136765+00:00 [queued]>
[2026-05-27T02:52:00.383+0000] {taskinstance.py:2306} INFO - Starting attempt 2 of 4
[2026-05-27T02:52:00.403+0000] {taskinstance.py:2330} INFO - Executing <Task(BranchPythonOperator): decide_training> on 2026-05-27 02:41:38.136765+00:00
[2026-05-27T02:52:00.419+0000] {logging_mixin.py:188} WARNING - /home/airflow/.local/lib/python3.12/site-packages/airflow/task/task_runner/standard_task_runner.py:61 DeprecationWarning: This process (pid=3617) is multi-threaded, use of fork() may lead to deadlocks in the child.
[2026-05-27T02:52:00.421+0000] {standard_task_runner.py:63} INFO - Started process 3635 to run task
[2026-05-27T02:52:00.419+0000] {standard_task_runner.py:90} INFO - Running: ['airflow', 'tasks', 'run', 'real_estate_mlops_pipeline', 'decide_training', 'manual__2026-05-27T02:41:38.136765+00:00', '--job-id', '52', '--raw', '--subdir', 'DAGS_FOLDER/mlops_pipeline.py', '--cfg-path', '/tmp/tmpdorox5pq']
[2026-05-27T02:52:00.421+0000] {standard_task_runner.py:91} INFO - Job 52: Subtask decide_training
[2026-05-27T02:52:00.482+0000] {task_command.py:426} INFO - Running <TaskInstance: real_estate_mlops_pipeline.decide_training manual__2026-05-27T02:41:38.136765+00:00 [running]> on host 86717520d88f
[2026-05-27T02:52:00.576+0000] {taskinstance.py:2648} INFO - Exporting env vars: AIRFLOW_CTX_DAG_OWNER='mlops_team' AIRFLOW_CTX_DAG_ID='real_estate_mlops_pipeline' AIRFLOW_CTX_TASK_ID='decide_training' AIRFLOW_CTX_EXECUTION_DATE='2026-05-27T02:41:38.136765+00:00' AIRFLOW_CTX_TRY_NUMBER='2' AIRFLOW_CTX_DAG_RUN_ID='manual__2026-05-27T02:41:38.136765+00:00'
[2026-05-27T02:52:00.577+0000] {taskinstance.py:430} INFO - ::endgroup::
[2026-05-27T02:52:00.587+0000] {baseoperator.py:399} WARNING - BranchPythonOperator.execute cannot be called outside TaskInstance!
[2026-05-27T02:52:00.618+0000] {python.py:237} INFO - Done. Returned value was: train_candidate_model
[2026-05-27T02:52:00.618+0000] {branch.py:36} INFO - Branch into train_candidate_model
[2026-05-27T02:52:00.619+0000] {skipmixin.py:178} INFO - Following branch train_candidate_model
[2026-05-27T02:52:00.642+0000] {skipmixin.py:246} INFO - Skipping tasks [('skip_training', -1)]
[2026-05-27T02:52:00.670+0000] {taskinstance.py:441} INFO - ::group::Post task execution logs
[2026-05-27T02:52:00.695+0000] {taskinstance.py:1206} INFO - Marking task as SUCCESS. dag_id=real_estate_mlops_pipeline, task_id=decide_training, run_id=manual__2026-05-27T02:41:38.136765+00:00, execution_date=20260527T024138, start_date=20260527T025200, end_date=20260527T025200
[2026-05-27T02:52:00.760+0000] {local_task_job_runner.py:240} INFO - Task exited with return code 0
[2026-05-27T02:52:00.794+0000] {taskinstance.py:3498} INFO - 1 downstream tasks scheduled from follow-on schedule check
[2026-05-27T02:52:00.798+0000] {local_task_job_runner.py:222} INFO - ::endgroup::
