[2026-05-27T03:00:19.763+0000] {local_task_job_runner.py:120} INFO - ::group::Pre task execution logs
[2026-05-27T03:00:19.806+0000] {taskinstance.py:2076} INFO - Dependencies all met for dep_context=non-requeueable deps ti=<TaskInstance: real_estate_mlops_pipeline.promote_model manual__2026-05-27T02:41:38.136765+00:00 [queued]>
[2026-05-27T03:00:19.816+0000] {taskinstance.py:2076} INFO - Dependencies all met for dep_context=requeueable deps ti=<TaskInstance: real_estate_mlops_pipeline.promote_model manual__2026-05-27T02:41:38.136765+00:00 [queued]>
[2026-05-27T03:00:19.817+0000] {taskinstance.py:2306} INFO - Starting attempt 1 of 3
[2026-05-27T03:00:19.839+0000] {taskinstance.py:2330} INFO - Executing <Task(PythonOperator): promote_model> on 2026-05-27 02:41:38.136765+00:00
[2026-05-27T03:00:19.855+0000] {logging_mixin.py:188} WARNING - /home/airflow/.local/lib/python3.12/site-packages/airflow/task/task_runner/standard_task_runner.py:61 DeprecationWarning: This process (pid=4137) is multi-threaded, use of fork() may lead to deadlocks in the child.
[2026-05-27T03:00:19.854+0000] {standard_task_runner.py:90} INFO - Running: ['airflow', 'tasks', 'run', 'real_estate_mlops_pipeline', 'promote_model', 'manual__2026-05-27T02:41:38.136765+00:00', '--job-id', '59', '--raw', '--subdir', 'DAGS_FOLDER/mlops_pipeline.py', '--cfg-path', '/tmp/tmpp893ovwr']
[2026-05-27T03:00:19.857+0000] {standard_task_runner.py:91} INFO - Job 59: Subtask promote_model
[2026-05-27T03:00:19.857+0000] {standard_task_runner.py:63} INFO - Started process 4174 to run task
[2026-05-27T03:00:19.915+0000] {task_command.py:426} INFO - Running <TaskInstance: real_estate_mlops_pipeline.promote_model manual__2026-05-27T02:41:38.136765+00:00 [running]> on host 86717520d88f
[2026-05-27T03:00:20.046+0000] {taskinstance.py:2648} INFO - Exporting env vars: AIRFLOW_CTX_DAG_OWNER='mlops_team' AIRFLOW_CTX_DAG_ID='real_estate_mlops_pipeline' AIRFLOW_CTX_TASK_ID='promote_model' AIRFLOW_CTX_EXECUTION_DATE='2026-05-27T02:41:38.136765+00:00' AIRFLOW_CTX_TRY_NUMBER='1' AIRFLOW_CTX_DAG_RUN_ID='manual__2026-05-27T02:41:38.136765+00:00'
[2026-05-27T03:00:20.048+0000] {taskinstance.py:430} INFO - ::endgroup::
[2026-05-27T03:00:20.223+0000] {logging_mixin.py:188} WARNING - Successfully registered model 'RealEstate_Pricing_Model'.
[2026-05-27T03:00:20.333+0000] {logging_mixin.py:188} WARNING - 2026/05/27 03:00:20 INFO mlflow.store.model_registry.abstract_store: Waiting up to 300 seconds for model version to finish creation. Model name: RealEstate_Pricing_Model, version 1
[2026-05-27T03:00:20.334+0000] {logging_mixin.py:188} WARNING - Created version '1' of model 'RealEstate_Pricing_Model'.
[2026-05-27T03:00:20.457+0000] {python.py:237} INFO - Done. Returned value was: None
[2026-05-27T03:00:20.458+0000] {taskinstance.py:441} INFO - ::group::Post task execution logs
[2026-05-27T03:00:20.479+0000] {taskinstance.py:1206} INFO - Marking task as SUCCESS. dag_id=real_estate_mlops_pipeline, task_id=promote_model, run_id=manual__2026-05-27T02:41:38.136765+00:00, execution_date=20260527T024138, start_date=20260527T030019, end_date=20260527T030020
[2026-05-27T03:00:20.527+0000] {local_task_job_runner.py:240} INFO - Task exited with return code 0
[2026-05-27T03:00:20.563+0000] {taskinstance.py:3498} INFO - 1 downstream tasks scheduled from follow-on schedule check
[2026-05-27T03:00:20.567+0000] {local_task_job_runner.py:222} INFO - ::endgroup::
