[2026-05-09T22:44:31.389+0000] {local_task_job_runner.py:120} INFO - ::group::Pre task execution logs
[2026-05-09T22:44:31.411+0000] {taskinstance.py:2076} INFO - Dependencies all met for dep_context=non-requeueable deps ti=<TaskInstance: diabetes_mlops_pipeline.promote_champion_model manual__2026-05-09T22:43:47.012806+00:00 [queued]>
[2026-05-09T22:44:31.417+0000] {taskinstance.py:2076} INFO - Dependencies all met for dep_context=requeueable deps ti=<TaskInstance: diabetes_mlops_pipeline.promote_champion_model manual__2026-05-09T22:43:47.012806+00:00 [queued]>
[2026-05-09T22:44:31.417+0000] {taskinstance.py:2306} INFO - Starting attempt 1 of 2
[2026-05-09T22:44:31.431+0000] {taskinstance.py:2330} INFO - Executing <Task(PythonOperator): promote_champion_model> on 2026-05-09 22:43:47.012806+00:00
[2026-05-09T22:44:31.439+0000] {logging_mixin.py:188} WARNING - /home/airflow/.local/lib/python3.12/site-packages/airflow/task/task_runner/standard_task_runner.py:61 DeprecationWarning: This process (pid=8083) is multi-threaded, use of fork() may lead to deadlocks in the child.
[2026-05-09T22:44:31.441+0000] {standard_task_runner.py:63} INFO - Started process 8121 to run task
[2026-05-09T22:44:31.440+0000] {standard_task_runner.py:90} INFO - Running: ['airflow', 'tasks', 'run', 'diabetes_mlops_pipeline', 'promote_champion_model', 'manual__2026-05-09T22:43:47.012806+00:00', '--job-id', '61', '--raw', '--subdir', 'DAGS_FOLDER/mlops_pipeline.py', '--cfg-path', '/tmp/tmp1vi6obi5']
[2026-05-09T22:44:31.442+0000] {standard_task_runner.py:91} INFO - Job 61: Subtask promote_champion_model
[2026-05-09T22:44:31.479+0000] {task_command.py:426} INFO - Running <TaskInstance: diabetes_mlops_pipeline.promote_champion_model manual__2026-05-09T22:43:47.012806+00:00 [running]> on host 3441b056496b
[2026-05-09T22:44:31.554+0000] {taskinstance.py:2648} INFO - Exporting env vars: AIRFLOW_CTX_DAG_OWNER='mlops_team' AIRFLOW_CTX_DAG_ID='diabetes_mlops_pipeline' AIRFLOW_CTX_TASK_ID='promote_champion_model' AIRFLOW_CTX_EXECUTION_DATE='2026-05-09T22:43:47.012806+00:00' AIRFLOW_CTX_TRY_NUMBER='1' AIRFLOW_CTX_DAG_RUN_ID='manual__2026-05-09T22:43:47.012806+00:00'
[2026-05-09T22:44:31.555+0000] {taskinstance.py:430} INFO - ::endgroup::
[2026-05-09T22:44:31.671+0000] {logging_mixin.py:188} WARNING - Registered model 'Diabetes_Readmission_Model' already exists. Creating a new version of this model...
[2026-05-09T22:44:31.741+0000] {logging_mixin.py:188} WARNING - 2026/05/09 22:44:31 INFO mlflow.store.model_registry.abstract_store: Waiting up to 300 seconds for model version to finish creation. Model name: Diabetes_Readmission_Model, version 15
[2026-05-09T22:44:31.744+0000] {logging_mixin.py:188} WARNING - Created version '15' of model 'Diabetes_Readmission_Model'.
[2026-05-09T22:44:31.802+0000] {logging_mixin.py:188} INFO - Modelo versión 15 promovido a champion (F1: 0.5216518497275595)
[2026-05-09T22:44:31.802+0000] {python.py:237} INFO - Done. Returned value was: None
[2026-05-09T22:44:31.803+0000] {taskinstance.py:441} INFO - ::group::Post task execution logs
[2026-05-09T22:44:31.811+0000] {taskinstance.py:1206} INFO - Marking task as SUCCESS. dag_id=diabetes_mlops_pipeline, task_id=promote_champion_model, run_id=manual__2026-05-09T22:43:47.012806+00:00, execution_date=20260509T224347, start_date=20260509T224431, end_date=20260509T224431
[2026-05-09T22:44:31.869+0000] {local_task_job_runner.py:240} INFO - Task exited with return code 0
[2026-05-09T22:44:31.885+0000] {taskinstance.py:3498} INFO - 0 downstream tasks scheduled from follow-on schedule check
[2026-05-09T22:44:31.890+0000] {local_task_job_runner.py:222} INFO - ::endgroup::
