[2026-02-25T04:40:38.404+0000] {processor.py:156} INFO - Started process (PID=52) to work on /home/airflow/.local/lib/python3.7/site-packages/airflow/example_dags/example_python_operator.py
[2026-02-25T04:40:38.407+0000] {processor.py:799} INFO - Processing file /home/airflow/.local/lib/python3.7/site-packages/airflow/example_dags/example_python_operator.py for tasks to queue
[2026-02-25T04:40:38.408+0000] {logging_mixin.py:149} INFO - [2026-02-25T04:40:38.408+0000] {dagbag.py:541} INFO - Filling up the DagBag from /home/airflow/.local/lib/python3.7/site-packages/airflow/example_dags/example_python_operator.py
[2026-02-25T04:40:38.418+0000] {logging_mixin.py:149} INFO - [2026-02-25T04:40:38.418+0000] {taskmixin.py:211} WARNING - Dependency <Task(_PythonDecoratedOperator): print_the_context>, log_sql_query already registered for DAG: example_python_operator
[2026-02-25T04:40:38.418+0000] {logging_mixin.py:149} INFO - [2026-02-25T04:40:38.418+0000] {taskmixin.py:211} WARNING - Dependency <Task(_PythonDecoratedOperator): log_sql_query>, print_the_context already registered for DAG: example_python_operator
[2026-02-25T04:40:38.419+0000] {logging_mixin.py:149} INFO - [2026-02-25T04:40:38.419+0000] {taskmixin.py:211} WARNING - Dependency <Task(_PythonDecoratedOperator): print_the_context>, log_sql_query already registered for DAG: example_python_operator
[2026-02-25T04:40:38.419+0000] {logging_mixin.py:149} INFO - [2026-02-25T04:40:38.419+0000] {taskmixin.py:211} WARNING - Dependency <Task(_PythonDecoratedOperator): log_sql_query>, print_the_context already registered for DAG: example_python_operator
[2026-02-25T04:40:38.420+0000] {logging_mixin.py:149} INFO - [2026-02-25T04:40:38.419+0000] {taskmixin.py:211} WARNING - Dependency <Task(_PythonDecoratedOperator): print_the_context>, log_sql_query already registered for DAG: example_python_operator
[2026-02-25T04:40:38.420+0000] {logging_mixin.py:149} INFO - [2026-02-25T04:40:38.420+0000] {taskmixin.py:211} WARNING - Dependency <Task(_PythonDecoratedOperator): log_sql_query>, print_the_context already registered for DAG: example_python_operator
[2026-02-25T04:40:38.420+0000] {logging_mixin.py:149} INFO - [2026-02-25T04:40:38.420+0000] {taskmixin.py:211} WARNING - Dependency <Task(_PythonDecoratedOperator): print_the_context>, log_sql_query already registered for DAG: example_python_operator
[2026-02-25T04:40:38.420+0000] {logging_mixin.py:149} INFO - [2026-02-25T04:40:38.420+0000] {taskmixin.py:211} WARNING - Dependency <Task(_PythonDecoratedOperator): log_sql_query>, print_the_context already registered for DAG: example_python_operator
[2026-02-25T04:40:38.422+0000] {processor.py:809} INFO - DAG(s) dict_keys(['example_python_operator']) retrieved from /home/airflow/.local/lib/python3.7/site-packages/airflow/example_dags/example_python_operator.py
[2026-02-25T04:40:38.528+0000] {logging_mixin.py:149} INFO - [2026-02-25T04:40:38.528+0000] {manager.py:504} INFO - Created Permission View: can edit on DAG:example_python_operator
[2026-02-25T04:40:38.540+0000] {logging_mixin.py:149} INFO - [2026-02-25T04:40:38.539+0000] {manager.py:504} INFO - Created Permission View: can delete on DAG:example_python_operator
[2026-02-25T04:40:38.547+0000] {logging_mixin.py:149} INFO - [2026-02-25T04:40:38.547+0000] {manager.py:504} INFO - Created Permission View: can read on DAG:example_python_operator
[2026-02-25T04:40:38.548+0000] {logging_mixin.py:149} INFO - [2026-02-25T04:40:38.548+0000] {dag.py:2726} INFO - Sync 1 DAGs
[2026-02-25T04:40:38.566+0000] {logging_mixin.py:149} INFO - [2026-02-25T04:40:38.566+0000] {dag.py:2747} INFO - Creating ORM DAG for example_python_operator
[2026-02-25T04:40:38.580+0000] {logging_mixin.py:149} INFO - [2026-02-25T04:40:38.579+0000] {dag.py:3490} INFO - Setting next_dagrun for example_python_operator to None, run_after=None
[2026-02-25T04:40:38.603+0000] {processor.py:178} INFO - Processing /home/airflow/.local/lib/python3.7/site-packages/airflow/example_dags/example_python_operator.py took 0.204 seconds
[2026-02-25T04:41:08.753+0000] {processor.py:156} INFO - Started process (PID=115) to work on /home/airflow/.local/lib/python3.7/site-packages/airflow/example_dags/example_python_operator.py
[2026-02-25T04:41:08.755+0000] {processor.py:799} INFO - Processing file /home/airflow/.local/lib/python3.7/site-packages/airflow/example_dags/example_python_operator.py for tasks to queue
[2026-02-25T04:41:08.756+0000] {logging_mixin.py:149} INFO - [2026-02-25T04:41:08.756+0000] {dagbag.py:541} INFO - Filling up the DagBag from /home/airflow/.local/lib/python3.7/site-packages/airflow/example_dags/example_python_operator.py
[2026-02-25T04:41:08.763+0000] {logging_mixin.py:149} INFO - [2026-02-25T04:41:08.762+0000] {taskmixin.py:211} WARNING - Dependency <Task(_PythonDecoratedOperator): print_the_context>, log_sql_query already registered for DAG: example_python_operator
[2026-02-25T04:41:08.764+0000] {logging_mixin.py:149} INFO - [2026-02-25T04:41:08.764+0000] {taskmixin.py:211} WARNING - Dependency <Task(_PythonDecoratedOperator): log_sql_query>, print_the_context already registered for DAG: example_python_operator
[2026-02-25T04:41:08.764+0000] {logging_mixin.py:149} INFO - [2026-02-25T04:41:08.764+0000] {taskmixin.py:211} WARNING - Dependency <Task(_PythonDecoratedOperator): print_the_context>, log_sql_query already registered for DAG: example_python_operator
[2026-02-25T04:41:08.765+0000] {logging_mixin.py:149} INFO - [2026-02-25T04:41:08.765+0000] {taskmixin.py:211} WARNING - Dependency <Task(_PythonDecoratedOperator): log_sql_query>, print_the_context already registered for DAG: example_python_operator
[2026-02-25T04:41:08.765+0000] {logging_mixin.py:149} INFO - [2026-02-25T04:41:08.765+0000] {taskmixin.py:211} WARNING - Dependency <Task(_PythonDecoratedOperator): print_the_context>, log_sql_query already registered for DAG: example_python_operator
[2026-02-25T04:41:08.766+0000] {logging_mixin.py:149} INFO - [2026-02-25T04:41:08.766+0000] {taskmixin.py:211} WARNING - Dependency <Task(_PythonDecoratedOperator): log_sql_query>, print_the_context already registered for DAG: example_python_operator
[2026-02-25T04:41:08.766+0000] {logging_mixin.py:149} INFO - [2026-02-25T04:41:08.766+0000] {taskmixin.py:211} WARNING - Dependency <Task(_PythonDecoratedOperator): print_the_context>, log_sql_query already registered for DAG: example_python_operator
[2026-02-25T04:41:08.768+0000] {logging_mixin.py:149} INFO - [2026-02-25T04:41:08.767+0000] {taskmixin.py:211} WARNING - Dependency <Task(_PythonDecoratedOperator): log_sql_query>, print_the_context already registered for DAG: example_python_operator
[2026-02-25T04:41:08.770+0000] {processor.py:809} INFO - DAG(s) dict_keys(['example_python_operator']) retrieved from /home/airflow/.local/lib/python3.7/site-packages/airflow/example_dags/example_python_operator.py
[2026-02-25T04:41:08.793+0000] {logging_mixin.py:149} INFO - [2026-02-25T04:41:08.792+0000] {dag.py:2726} INFO - Sync 1 DAGs
[2026-02-25T04:41:08.814+0000] {logging_mixin.py:149} INFO - [2026-02-25T04:41:08.814+0000] {dag.py:3490} INFO - Setting next_dagrun for example_python_operator to None, run_after=None
[2026-02-25T04:41:08.838+0000] {processor.py:178} INFO - Processing /home/airflow/.local/lib/python3.7/site-packages/airflow/example_dags/example_python_operator.py took 0.087 seconds
[2026-02-25T04:41:39.371+0000] {processor.py:156} INFO - Started process (PID=178) to work on /home/airflow/.local/lib/python3.7/site-packages/airflow/example_dags/example_python_operator.py
[2026-02-25T04:41:39.372+0000] {processor.py:799} INFO - Processing file /home/airflow/.local/lib/python3.7/site-packages/airflow/example_dags/example_python_operator.py for tasks to queue
[2026-02-25T04:41:39.372+0000] {logging_mixin.py:149} INFO - [2026-02-25T04:41:39.372+0000] {dagbag.py:541} INFO - Filling up the DagBag from /home/airflow/.local/lib/python3.7/site-packages/airflow/example_dags/example_python_operator.py
[2026-02-25T04:41:39.377+0000] {logging_mixin.py:149} INFO - [2026-02-25T04:41:39.377+0000] {taskmixin.py:211} WARNING - Dependency <Task(_PythonDecoratedOperator): print_the_context>, log_sql_query already registered for DAG: example_python_operator
[2026-02-25T04:41:39.378+0000] {logging_mixin.py:149} INFO - [2026-02-25T04:41:39.378+0000] {taskmixin.py:211} WARNING - Dependency <Task(_PythonDecoratedOperator): log_sql_query>, print_the_context already registered for DAG: example_python_operator
[2026-02-25T04:41:39.378+0000] {logging_mixin.py:149} INFO - [2026-02-25T04:41:39.378+0000] {taskmixin.py:211} WARNING - Dependency <Task(_PythonDecoratedOperator): print_the_context>, log_sql_query already registered for DAG: example_python_operator
[2026-02-25T04:41:39.379+0000] {logging_mixin.py:149} INFO - [2026-02-25T04:41:39.379+0000] {taskmixin.py:211} WARNING - Dependency <Task(_PythonDecoratedOperator): log_sql_query>, print_the_context already registered for DAG: example_python_operator
[2026-02-25T04:41:39.380+0000] {logging_mixin.py:149} INFO - [2026-02-25T04:41:39.380+0000] {taskmixin.py:211} WARNING - Dependency <Task(_PythonDecoratedOperator): print_the_context>, log_sql_query already registered for DAG: example_python_operator
[2026-02-25T04:41:39.381+0000] {logging_mixin.py:149} INFO - [2026-02-25T04:41:39.381+0000] {taskmixin.py:211} WARNING - Dependency <Task(_PythonDecoratedOperator): log_sql_query>, print_the_context already registered for DAG: example_python_operator
[2026-02-25T04:41:39.382+0000] {logging_mixin.py:149} INFO - [2026-02-25T04:41:39.381+0000] {taskmixin.py:211} WARNING - Dependency <Task(_PythonDecoratedOperator): print_the_context>, log_sql_query already registered for DAG: example_python_operator
[2026-02-25T04:41:39.383+0000] {logging_mixin.py:149} INFO - [2026-02-25T04:41:39.382+0000] {taskmixin.py:211} WARNING - Dependency <Task(_PythonDecoratedOperator): log_sql_query>, print_the_context already registered for DAG: example_python_operator
[2026-02-25T04:41:39.384+0000] {processor.py:809} INFO - DAG(s) dict_keys(['example_python_operator']) retrieved from /home/airflow/.local/lib/python3.7/site-packages/airflow/example_dags/example_python_operator.py
[2026-02-25T04:41:39.407+0000] {logging_mixin.py:149} INFO - [2026-02-25T04:41:39.407+0000] {dag.py:2726} INFO - Sync 1 DAGs
[2026-02-25T04:41:39.428+0000] {logging_mixin.py:149} INFO - [2026-02-25T04:41:39.428+0000] {dag.py:3490} INFO - Setting next_dagrun for example_python_operator to None, run_after=None
[2026-02-25T04:41:39.448+0000] {processor.py:178} INFO - Processing /home/airflow/.local/lib/python3.7/site-packages/airflow/example_dags/example_python_operator.py took 0.081 seconds
[2026-02-25T04:42:09.830+0000] {processor.py:156} INFO - Started process (PID=241) to work on /home/airflow/.local/lib/python3.7/site-packages/airflow/example_dags/example_python_operator.py
[2026-02-25T04:42:09.833+0000] {processor.py:799} INFO - Processing file /home/airflow/.local/lib/python3.7/site-packages/airflow/example_dags/example_python_operator.py for tasks to queue
[2026-02-25T04:42:09.833+0000] {logging_mixin.py:149} INFO - [2026-02-25T04:42:09.833+0000] {dagbag.py:541} INFO - Filling up the DagBag from /home/airflow/.local/lib/python3.7/site-packages/airflow/example_dags/example_python_operator.py
[2026-02-25T04:42:09.839+0000] {logging_mixin.py:149} INFO - [2026-02-25T04:42:09.839+0000] {taskmixin.py:211} WARNING - Dependency <Task(_PythonDecoratedOperator): print_the_context>, log_sql_query already registered for DAG: example_python_operator
[2026-02-25T04:42:09.839+0000] {logging_mixin.py:149} INFO - [2026-02-25T04:42:09.839+0000] {taskmixin.py:211} WARNING - Dependency <Task(_PythonDecoratedOperator): log_sql_query>, print_the_context already registered for DAG: example_python_operator
[2026-02-25T04:42:09.840+0000] {logging_mixin.py:149} INFO - [2026-02-25T04:42:09.840+0000] {taskmixin.py:211} WARNING - Dependency <Task(_PythonDecoratedOperator): print_the_context>, log_sql_query already registered for DAG: example_python_operator
[2026-02-25T04:42:09.842+0000] {logging_mixin.py:149} INFO - [2026-02-25T04:42:09.842+0000] {taskmixin.py:211} WARNING - Dependency <Task(_PythonDecoratedOperator): log_sql_query>, print_the_context already registered for DAG: example_python_operator
[2026-02-25T04:42:09.843+0000] {logging_mixin.py:149} INFO - [2026-02-25T04:42:09.842+0000] {taskmixin.py:211} WARNING - Dependency <Task(_PythonDecoratedOperator): print_the_context>, log_sql_query already registered for DAG: example_python_operator
[2026-02-25T04:42:09.844+0000] {logging_mixin.py:149} INFO - [2026-02-25T04:42:09.844+0000] {taskmixin.py:211} WARNING - Dependency <Task(_PythonDecoratedOperator): log_sql_query>, print_the_context already registered for DAG: example_python_operator
[2026-02-25T04:42:09.846+0000] {logging_mixin.py:149} INFO - [2026-02-25T04:42:09.846+0000] {taskmixin.py:211} WARNING - Dependency <Task(_PythonDecoratedOperator): print_the_context>, log_sql_query already registered for DAG: example_python_operator
[2026-02-25T04:42:09.846+0000] {logging_mixin.py:149} INFO - [2026-02-25T04:42:09.846+0000] {taskmixin.py:211} WARNING - Dependency <Task(_PythonDecoratedOperator): log_sql_query>, print_the_context already registered for DAG: example_python_operator
[2026-02-25T04:42:09.847+0000] {processor.py:809} INFO - DAG(s) dict_keys(['example_python_operator']) retrieved from /home/airflow/.local/lib/python3.7/site-packages/airflow/example_dags/example_python_operator.py
[2026-02-25T04:42:09.866+0000] {logging_mixin.py:149} INFO - [2026-02-25T04:42:09.866+0000] {dag.py:2726} INFO - Sync 1 DAGs
[2026-02-25T04:42:09.884+0000] {logging_mixin.py:149} INFO - [2026-02-25T04:42:09.884+0000] {dag.py:3490} INFO - Setting next_dagrun for example_python_operator to None, run_after=None
[2026-02-25T04:42:09.898+0000] {processor.py:178} INFO - Processing /home/airflow/.local/lib/python3.7/site-packages/airflow/example_dags/example_python_operator.py took 0.071 seconds
[2026-02-25T04:42:40.521+0000] {processor.py:156} INFO - Started process (PID=304) to work on /home/airflow/.local/lib/python3.7/site-packages/airflow/example_dags/example_python_operator.py
[2026-02-25T04:42:40.522+0000] {processor.py:799} INFO - Processing file /home/airflow/.local/lib/python3.7/site-packages/airflow/example_dags/example_python_operator.py for tasks to queue
[2026-02-25T04:42:40.523+0000] {logging_mixin.py:149} INFO - [2026-02-25T04:42:40.523+0000] {dagbag.py:541} INFO - Filling up the DagBag from /home/airflow/.local/lib/python3.7/site-packages/airflow/example_dags/example_python_operator.py
[2026-02-25T04:42:40.528+0000] {logging_mixin.py:149} INFO - [2026-02-25T04:42:40.528+0000] {taskmixin.py:211} WARNING - Dependency <Task(_PythonDecoratedOperator): print_the_context>, log_sql_query already registered for DAG: example_python_operator
[2026-02-25T04:42:40.528+0000] {logging_mixin.py:149} INFO - [2026-02-25T04:42:40.528+0000] {taskmixin.py:211} WARNING - Dependency <Task(_PythonDecoratedOperator): log_sql_query>, print_the_context already registered for DAG: example_python_operator
[2026-02-25T04:42:40.529+0000] {logging_mixin.py:149} INFO - [2026-02-25T04:42:40.529+0000] {taskmixin.py:211} WARNING - Dependency <Task(_PythonDecoratedOperator): print_the_context>, log_sql_query already registered for DAG: example_python_operator
[2026-02-25T04:42:40.529+0000] {logging_mixin.py:149} INFO - [2026-02-25T04:42:40.529+0000] {taskmixin.py:211} WARNING - Dependency <Task(_PythonDecoratedOperator): log_sql_query>, print_the_context already registered for DAG: example_python_operator
[2026-02-25T04:42:40.530+0000] {logging_mixin.py:149} INFO - [2026-02-25T04:42:40.530+0000] {taskmixin.py:211} WARNING - Dependency <Task(_PythonDecoratedOperator): print_the_context>, log_sql_query already registered for DAG: example_python_operator
[2026-02-25T04:42:40.530+0000] {logging_mixin.py:149} INFO - [2026-02-25T04:42:40.530+0000] {taskmixin.py:211} WARNING - Dependency <Task(_PythonDecoratedOperator): log_sql_query>, print_the_context already registered for DAG: example_python_operator
[2026-02-25T04:42:40.531+0000] {logging_mixin.py:149} INFO - [2026-02-25T04:42:40.531+0000] {taskmixin.py:211} WARNING - Dependency <Task(_PythonDecoratedOperator): print_the_context>, log_sql_query already registered for DAG: example_python_operator
[2026-02-25T04:42:40.531+0000] {logging_mixin.py:149} INFO - [2026-02-25T04:42:40.531+0000] {taskmixin.py:211} WARNING - Dependency <Task(_PythonDecoratedOperator): log_sql_query>, print_the_context already registered for DAG: example_python_operator
[2026-02-25T04:42:40.533+0000] {processor.py:809} INFO - DAG(s) dict_keys(['example_python_operator']) retrieved from /home/airflow/.local/lib/python3.7/site-packages/airflow/example_dags/example_python_operator.py
[2026-02-25T04:42:40.554+0000] {logging_mixin.py:149} INFO - [2026-02-25T04:42:40.554+0000] {dag.py:2726} INFO - Sync 1 DAGs
[2026-02-25T04:42:40.572+0000] {logging_mixin.py:149} INFO - [2026-02-25T04:42:40.572+0000] {dag.py:3490} INFO - Setting next_dagrun for example_python_operator to None, run_after=None
[2026-02-25T04:42:40.592+0000] {processor.py:178} INFO - Processing /home/airflow/.local/lib/python3.7/site-packages/airflow/example_dags/example_python_operator.py took 0.074 seconds
[2026-02-25T04:48:20.625+0000] {processor.py:156} INFO - Started process (PID=51) to work on /home/airflow/.local/lib/python3.7/site-packages/airflow/example_dags/example_python_operator.py
[2026-02-25T04:48:20.626+0000] {processor.py:799} INFO - Processing file /home/airflow/.local/lib/python3.7/site-packages/airflow/example_dags/example_python_operator.py for tasks to queue
[2026-02-25T04:48:20.627+0000] {logging_mixin.py:149} INFO - [2026-02-25T04:48:20.627+0000] {dagbag.py:541} INFO - Filling up the DagBag from /home/airflow/.local/lib/python3.7/site-packages/airflow/example_dags/example_python_operator.py
[2026-02-25T04:48:20.636+0000] {logging_mixin.py:149} INFO - [2026-02-25T04:48:20.636+0000] {taskmixin.py:211} WARNING - Dependency <Task(_PythonDecoratedOperator): print_the_context>, log_sql_query already registered for DAG: example_python_operator
[2026-02-25T04:48:20.637+0000] {logging_mixin.py:149} INFO - [2026-02-25T04:48:20.637+0000] {taskmixin.py:211} WARNING - Dependency <Task(_PythonDecoratedOperator): log_sql_query>, print_the_context already registered for DAG: example_python_operator
[2026-02-25T04:48:20.638+0000] {logging_mixin.py:149} INFO - [2026-02-25T04:48:20.637+0000] {taskmixin.py:211} WARNING - Dependency <Task(_PythonDecoratedOperator): print_the_context>, log_sql_query already registered for DAG: example_python_operator
[2026-02-25T04:48:20.638+0000] {logging_mixin.py:149} INFO - [2026-02-25T04:48:20.638+0000] {taskmixin.py:211} WARNING - Dependency <Task(_PythonDecoratedOperator): log_sql_query>, print_the_context already registered for DAG: example_python_operator
[2026-02-25T04:48:20.638+0000] {logging_mixin.py:149} INFO - [2026-02-25T04:48:20.638+0000] {taskmixin.py:211} WARNING - Dependency <Task(_PythonDecoratedOperator): print_the_context>, log_sql_query already registered for DAG: example_python_operator
[2026-02-25T04:48:20.639+0000] {logging_mixin.py:149} INFO - [2026-02-25T04:48:20.638+0000] {taskmixin.py:211} WARNING - Dependency <Task(_PythonDecoratedOperator): log_sql_query>, print_the_context already registered for DAG: example_python_operator
[2026-02-25T04:48:20.639+0000] {logging_mixin.py:149} INFO - [2026-02-25T04:48:20.639+0000] {taskmixin.py:211} WARNING - Dependency <Task(_PythonDecoratedOperator): print_the_context>, log_sql_query already registered for DAG: example_python_operator
[2026-02-25T04:48:20.639+0000] {logging_mixin.py:149} INFO - [2026-02-25T04:48:20.639+0000] {taskmixin.py:211} WARNING - Dependency <Task(_PythonDecoratedOperator): log_sql_query>, print_the_context already registered for DAG: example_python_operator
[2026-02-25T04:48:20.641+0000] {processor.py:809} INFO - DAG(s) dict_keys(['example_python_operator']) retrieved from /home/airflow/.local/lib/python3.7/site-packages/airflow/example_dags/example_python_operator.py
[2026-02-25T04:48:20.657+0000] {logging_mixin.py:149} INFO - [2026-02-25T04:48:20.656+0000] {dag.py:2726} INFO - Sync 1 DAGs
[2026-02-25T04:48:20.674+0000] {logging_mixin.py:149} INFO - [2026-02-25T04:48:20.674+0000] {dag.py:3490} INFO - Setting next_dagrun for example_python_operator to None, run_after=None
[2026-02-25T04:48:20.692+0000] {processor.py:178} INFO - Processing /home/airflow/.local/lib/python3.7/site-packages/airflow/example_dags/example_python_operator.py took 0.069 seconds
[2026-02-25T04:48:51.059+0000] {processor.py:156} INFO - Started process (PID=114) to work on /home/airflow/.local/lib/python3.7/site-packages/airflow/example_dags/example_python_operator.py
[2026-02-25T04:48:51.062+0000] {processor.py:799} INFO - Processing file /home/airflow/.local/lib/python3.7/site-packages/airflow/example_dags/example_python_operator.py for tasks to queue
[2026-02-25T04:48:51.063+0000] {logging_mixin.py:149} INFO - [2026-02-25T04:48:51.063+0000] {dagbag.py:541} INFO - Filling up the DagBag from /home/airflow/.local/lib/python3.7/site-packages/airflow/example_dags/example_python_operator.py
[2026-02-25T04:48:51.068+0000] {logging_mixin.py:149} INFO - [2026-02-25T04:48:51.068+0000] {taskmixin.py:211} WARNING - Dependency <Task(_PythonDecoratedOperator): print_the_context>, log_sql_query already registered for DAG: example_python_operator
[2026-02-25T04:48:51.069+0000] {logging_mixin.py:149} INFO - [2026-02-25T04:48:51.069+0000] {taskmixin.py:211} WARNING - Dependency <Task(_PythonDecoratedOperator): log_sql_query>, print_the_context already registered for DAG: example_python_operator
[2026-02-25T04:48:51.069+0000] {logging_mixin.py:149} INFO - [2026-02-25T04:48:51.069+0000] {taskmixin.py:211} WARNING - Dependency <Task(_PythonDecoratedOperator): print_the_context>, log_sql_query already registered for DAG: example_python_operator
[2026-02-25T04:48:51.070+0000] {logging_mixin.py:149} INFO - [2026-02-25T04:48:51.070+0000] {taskmixin.py:211} WARNING - Dependency <Task(_PythonDecoratedOperator): log_sql_query>, print_the_context already registered for DAG: example_python_operator
[2026-02-25T04:48:51.071+0000] {logging_mixin.py:149} INFO - [2026-02-25T04:48:51.071+0000] {taskmixin.py:211} WARNING - Dependency <Task(_PythonDecoratedOperator): print_the_context>, log_sql_query already registered for DAG: example_python_operator
[2026-02-25T04:48:51.071+0000] {logging_mixin.py:149} INFO - [2026-02-25T04:48:51.071+0000] {taskmixin.py:211} WARNING - Dependency <Task(_PythonDecoratedOperator): log_sql_query>, print_the_context already registered for DAG: example_python_operator
[2026-02-25T04:48:51.072+0000] {logging_mixin.py:149} INFO - [2026-02-25T04:48:51.072+0000] {taskmixin.py:211} WARNING - Dependency <Task(_PythonDecoratedOperator): print_the_context>, log_sql_query already registered for DAG: example_python_operator
[2026-02-25T04:48:51.074+0000] {logging_mixin.py:149} INFO - [2026-02-25T04:48:51.074+0000] {taskmixin.py:211} WARNING - Dependency <Task(_PythonDecoratedOperator): log_sql_query>, print_the_context already registered for DAG: example_python_operator
[2026-02-25T04:48:51.076+0000] {processor.py:809} INFO - DAG(s) dict_keys(['example_python_operator']) retrieved from /home/airflow/.local/lib/python3.7/site-packages/airflow/example_dags/example_python_operator.py
[2026-02-25T04:48:51.127+0000] {logging_mixin.py:149} INFO - [2026-02-25T04:48:51.126+0000] {dag.py:2726} INFO - Sync 1 DAGs
[2026-02-25T04:48:51.147+0000] {logging_mixin.py:149} INFO - [2026-02-25T04:48:51.147+0000] {dag.py:3490} INFO - Setting next_dagrun for example_python_operator to None, run_after=None
[2026-02-25T04:48:51.167+0000] {processor.py:178} INFO - Processing /home/airflow/.local/lib/python3.7/site-packages/airflow/example_dags/example_python_operator.py took 0.110 seconds
[2026-02-25T04:49:21.581+0000] {processor.py:156} INFO - Started process (PID=177) to work on /home/airflow/.local/lib/python3.7/site-packages/airflow/example_dags/example_python_operator.py
[2026-02-25T04:49:21.582+0000] {processor.py:799} INFO - Processing file /home/airflow/.local/lib/python3.7/site-packages/airflow/example_dags/example_python_operator.py for tasks to queue
[2026-02-25T04:49:21.583+0000] {logging_mixin.py:149} INFO - [2026-02-25T04:49:21.583+0000] {dagbag.py:541} INFO - Filling up the DagBag from /home/airflow/.local/lib/python3.7/site-packages/airflow/example_dags/example_python_operator.py
[2026-02-25T04:49:21.590+0000] {logging_mixin.py:149} INFO - [2026-02-25T04:49:21.590+0000] {taskmixin.py:211} WARNING - Dependency <Task(_PythonDecoratedOperator): print_the_context>, log_sql_query already registered for DAG: example_python_operator
[2026-02-25T04:49:21.590+0000] {logging_mixin.py:149} INFO - [2026-02-25T04:49:21.590+0000] {taskmixin.py:211} WARNING - Dependency <Task(_PythonDecoratedOperator): log_sql_query>, print_the_context already registered for DAG: example_python_operator
[2026-02-25T04:49:21.591+0000] {logging_mixin.py:149} INFO - [2026-02-25T04:49:21.591+0000] {taskmixin.py:211} WARNING - Dependency <Task(_PythonDecoratedOperator): print_the_context>, log_sql_query already registered for DAG: example_python_operator
[2026-02-25T04:49:21.591+0000] {logging_mixin.py:149} INFO - [2026-02-25T04:49:21.591+0000] {taskmixin.py:211} WARNING - Dependency <Task(_PythonDecoratedOperator): log_sql_query>, print_the_context already registered for DAG: example_python_operator
[2026-02-25T04:49:21.591+0000] {logging_mixin.py:149} INFO - [2026-02-25T04:49:21.591+0000] {taskmixin.py:211} WARNING - Dependency <Task(_PythonDecoratedOperator): print_the_context>, log_sql_query already registered for DAG: example_python_operator
[2026-02-25T04:49:21.591+0000] {logging_mixin.py:149} INFO - [2026-02-25T04:49:21.591+0000] {taskmixin.py:211} WARNING - Dependency <Task(_PythonDecoratedOperator): log_sql_query>, print_the_context already registered for DAG: example_python_operator
[2026-02-25T04:49:21.592+0000] {logging_mixin.py:149} INFO - [2026-02-25T04:49:21.592+0000] {taskmixin.py:211} WARNING - Dependency <Task(_PythonDecoratedOperator): print_the_context>, log_sql_query already registered for DAG: example_python_operator
[2026-02-25T04:49:21.592+0000] {logging_mixin.py:149} INFO - [2026-02-25T04:49:21.592+0000] {taskmixin.py:211} WARNING - Dependency <Task(_PythonDecoratedOperator): log_sql_query>, print_the_context already registered for DAG: example_python_operator
[2026-02-25T04:49:21.593+0000] {processor.py:809} INFO - DAG(s) dict_keys(['example_python_operator']) retrieved from /home/airflow/.local/lib/python3.7/site-packages/airflow/example_dags/example_python_operator.py
[2026-02-25T04:49:21.613+0000] {logging_mixin.py:149} INFO - [2026-02-25T04:49:21.613+0000] {dag.py:2726} INFO - Sync 1 DAGs
[2026-02-25T04:49:21.632+0000] {logging_mixin.py:149} INFO - [2026-02-25T04:49:21.632+0000] {dag.py:3490} INFO - Setting next_dagrun for example_python_operator to None, run_after=None
[2026-02-25T04:49:21.650+0000] {processor.py:178} INFO - Processing /home/airflow/.local/lib/python3.7/site-packages/airflow/example_dags/example_python_operator.py took 0.072 seconds
[2026-02-25T04:49:52.179+0000] {processor.py:156} INFO - Started process (PID=240) to work on /home/airflow/.local/lib/python3.7/site-packages/airflow/example_dags/example_python_operator.py
[2026-02-25T04:49:52.180+0000] {processor.py:799} INFO - Processing file /home/airflow/.local/lib/python3.7/site-packages/airflow/example_dags/example_python_operator.py for tasks to queue
[2026-02-25T04:49:52.180+0000] {logging_mixin.py:149} INFO - [2026-02-25T04:49:52.180+0000] {dagbag.py:541} INFO - Filling up the DagBag from /home/airflow/.local/lib/python3.7/site-packages/airflow/example_dags/example_python_operator.py
[2026-02-25T04:49:52.186+0000] {logging_mixin.py:149} INFO - [2026-02-25T04:49:52.186+0000] {taskmixin.py:211} WARNING - Dependency <Task(_PythonDecoratedOperator): print_the_context>, log_sql_query already registered for DAG: example_python_operator
[2026-02-25T04:49:52.186+0000] {logging_mixin.py:149} INFO - [2026-02-25T04:49:52.186+0000] {taskmixin.py:211} WARNING - Dependency <Task(_PythonDecoratedOperator): log_sql_query>, print_the_context already registered for DAG: example_python_operator
[2026-02-25T04:49:52.187+0000] {logging_mixin.py:149} INFO - [2026-02-25T04:49:52.186+0000] {taskmixin.py:211} WARNING - Dependency <Task(_PythonDecoratedOperator): print_the_context>, log_sql_query already registered for DAG: example_python_operator
[2026-02-25T04:49:52.187+0000] {logging_mixin.py:149} INFO - [2026-02-25T04:49:52.187+0000] {taskmixin.py:211} WARNING - Dependency <Task(_PythonDecoratedOperator): log_sql_query>, print_the_context already registered for DAG: example_python_operator
[2026-02-25T04:49:52.188+0000] {logging_mixin.py:149} INFO - [2026-02-25T04:49:52.188+0000] {taskmixin.py:211} WARNING - Dependency <Task(_PythonDecoratedOperator): print_the_context>, log_sql_query already registered for DAG: example_python_operator
[2026-02-25T04:49:52.188+0000] {logging_mixin.py:149} INFO - [2026-02-25T04:49:52.188+0000] {taskmixin.py:211} WARNING - Dependency <Task(_PythonDecoratedOperator): log_sql_query>, print_the_context already registered for DAG: example_python_operator
[2026-02-25T04:49:52.188+0000] {logging_mixin.py:149} INFO - [2026-02-25T04:49:52.188+0000] {taskmixin.py:211} WARNING - Dependency <Task(_PythonDecoratedOperator): print_the_context>, log_sql_query already registered for DAG: example_python_operator
[2026-02-25T04:49:52.189+0000] {logging_mixin.py:149} INFO - [2026-02-25T04:49:52.189+0000] {taskmixin.py:211} WARNING - Dependency <Task(_PythonDecoratedOperator): log_sql_query>, print_the_context already registered for DAG: example_python_operator
[2026-02-25T04:49:52.191+0000] {processor.py:809} INFO - DAG(s) dict_keys(['example_python_operator']) retrieved from /home/airflow/.local/lib/python3.7/site-packages/airflow/example_dags/example_python_operator.py
[2026-02-25T04:49:52.217+0000] {logging_mixin.py:149} INFO - [2026-02-25T04:49:52.217+0000] {dag.py:2726} INFO - Sync 1 DAGs
[2026-02-25T04:49:52.240+0000] {logging_mixin.py:149} INFO - [2026-02-25T04:49:52.239+0000] {dag.py:3490} INFO - Setting next_dagrun for example_python_operator to None, run_after=None
[2026-02-25T04:49:52.261+0000] {processor.py:178} INFO - Processing /home/airflow/.local/lib/python3.7/site-packages/airflow/example_dags/example_python_operator.py took 0.084 seconds
[2026-02-25T04:50:22.604+0000] {processor.py:156} INFO - Started process (PID=303) to work on /home/airflow/.local/lib/python3.7/site-packages/airflow/example_dags/example_python_operator.py
[2026-02-25T04:50:22.605+0000] {processor.py:799} INFO - Processing file /home/airflow/.local/lib/python3.7/site-packages/airflow/example_dags/example_python_operator.py for tasks to queue
[2026-02-25T04:50:22.606+0000] {logging_mixin.py:149} INFO - [2026-02-25T04:50:22.606+0000] {dagbag.py:541} INFO - Filling up the DagBag from /home/airflow/.local/lib/python3.7/site-packages/airflow/example_dags/example_python_operator.py
[2026-02-25T04:50:22.614+0000] {logging_mixin.py:149} INFO - [2026-02-25T04:50:22.613+0000] {taskmixin.py:211} WARNING - Dependency <Task(_PythonDecoratedOperator): print_the_context>, log_sql_query already registered for DAG: example_python_operator
[2026-02-25T04:50:22.614+0000] {logging_mixin.py:149} INFO - [2026-02-25T04:50:22.614+0000] {taskmixin.py:211} WARNING - Dependency <Task(_PythonDecoratedOperator): log_sql_query>, print_the_context already registered for DAG: example_python_operator
[2026-02-25T04:50:22.614+0000] {logging_mixin.py:149} INFO - [2026-02-25T04:50:22.614+0000] {taskmixin.py:211} WARNING - Dependency <Task(_PythonDecoratedOperator): print_the_context>, log_sql_query already registered for DAG: example_python_operator
[2026-02-25T04:50:22.615+0000] {logging_mixin.py:149} INFO - [2026-02-25T04:50:22.614+0000] {taskmixin.py:211} WARNING - Dependency <Task(_PythonDecoratedOperator): log_sql_query>, print_the_context already registered for DAG: example_python_operator
[2026-02-25T04:50:22.615+0000] {logging_mixin.py:149} INFO - [2026-02-25T04:50:22.615+0000] {taskmixin.py:211} WARNING - Dependency <Task(_PythonDecoratedOperator): print_the_context>, log_sql_query already registered for DAG: example_python_operator
[2026-02-25T04:50:22.615+0000] {logging_mixin.py:149} INFO - [2026-02-25T04:50:22.615+0000] {taskmixin.py:211} WARNING - Dependency <Task(_PythonDecoratedOperator): log_sql_query>, print_the_context already registered for DAG: example_python_operator
[2026-02-25T04:50:22.616+0000] {logging_mixin.py:149} INFO - [2026-02-25T04:50:22.616+0000] {taskmixin.py:211} WARNING - Dependency <Task(_PythonDecoratedOperator): print_the_context>, log_sql_query already registered for DAG: example_python_operator
[2026-02-25T04:50:22.616+0000] {logging_mixin.py:149} INFO - [2026-02-25T04:50:22.616+0000] {taskmixin.py:211} WARNING - Dependency <Task(_PythonDecoratedOperator): log_sql_query>, print_the_context already registered for DAG: example_python_operator
[2026-02-25T04:50:22.620+0000] {processor.py:809} INFO - DAG(s) dict_keys(['example_python_operator']) retrieved from /home/airflow/.local/lib/python3.7/site-packages/airflow/example_dags/example_python_operator.py
[2026-02-25T04:50:22.643+0000] {logging_mixin.py:149} INFO - [2026-02-25T04:50:22.643+0000] {dag.py:2726} INFO - Sync 1 DAGs
[2026-02-25T04:50:22.667+0000] {logging_mixin.py:149} INFO - [2026-02-25T04:50:22.667+0000] {dag.py:3490} INFO - Setting next_dagrun for example_python_operator to None, run_after=None
[2026-02-25T04:50:22.679+0000] {processor.py:178} INFO - Processing /home/airflow/.local/lib/python3.7/site-packages/airflow/example_dags/example_python_operator.py took 0.078 seconds
[2026-02-25T04:50:52.830+0000] {processor.py:156} INFO - Started process (PID=366) to work on /home/airflow/.local/lib/python3.7/site-packages/airflow/example_dags/example_python_operator.py
[2026-02-25T04:50:52.831+0000] {processor.py:799} INFO - Processing file /home/airflow/.local/lib/python3.7/site-packages/airflow/example_dags/example_python_operator.py for tasks to queue
[2026-02-25T04:50:52.831+0000] {logging_mixin.py:149} INFO - [2026-02-25T04:50:52.831+0000] {dagbag.py:541} INFO - Filling up the DagBag from /home/airflow/.local/lib/python3.7/site-packages/airflow/example_dags/example_python_operator.py
[2026-02-25T04:50:52.836+0000] {logging_mixin.py:149} INFO - [2026-02-25T04:50:52.836+0000] {taskmixin.py:211} WARNING - Dependency <Task(_PythonDecoratedOperator): print_the_context>, log_sql_query already registered for DAG: example_python_operator
[2026-02-25T04:50:52.837+0000] {logging_mixin.py:149} INFO - [2026-02-25T04:50:52.837+0000] {taskmixin.py:211} WARNING - Dependency <Task(_PythonDecoratedOperator): log_sql_query>, print_the_context already registered for DAG: example_python_operator
[2026-02-25T04:50:52.837+0000] {logging_mixin.py:149} INFO - [2026-02-25T04:50:52.837+0000] {taskmixin.py:211} WARNING - Dependency <Task(_PythonDecoratedOperator): print_the_context>, log_sql_query already registered for DAG: example_python_operator
[2026-02-25T04:50:52.838+0000] {logging_mixin.py:149} INFO - [2026-02-25T04:50:52.838+0000] {taskmixin.py:211} WARNING - Dependency <Task(_PythonDecoratedOperator): log_sql_query>, print_the_context already registered for DAG: example_python_operator
[2026-02-25T04:50:52.838+0000] {logging_mixin.py:149} INFO - [2026-02-25T04:50:52.838+0000] {taskmixin.py:211} WARNING - Dependency <Task(_PythonDecoratedOperator): print_the_context>, log_sql_query already registered for DAG: example_python_operator
[2026-02-25T04:50:52.838+0000] {logging_mixin.py:149} INFO - [2026-02-25T04:50:52.838+0000] {taskmixin.py:211} WARNING - Dependency <Task(_PythonDecoratedOperator): log_sql_query>, print_the_context already registered for DAG: example_python_operator
[2026-02-25T04:50:52.839+0000] {logging_mixin.py:149} INFO - [2026-02-25T04:50:52.839+0000] {taskmixin.py:211} WARNING - Dependency <Task(_PythonDecoratedOperator): print_the_context>, log_sql_query already registered for DAG: example_python_operator
[2026-02-25T04:50:52.839+0000] {logging_mixin.py:149} INFO - [2026-02-25T04:50:52.839+0000] {taskmixin.py:211} WARNING - Dependency <Task(_PythonDecoratedOperator): log_sql_query>, print_the_context already registered for DAG: example_python_operator
[2026-02-25T04:50:52.842+0000] {processor.py:809} INFO - DAG(s) dict_keys(['example_python_operator']) retrieved from /home/airflow/.local/lib/python3.7/site-packages/airflow/example_dags/example_python_operator.py
[2026-02-25T04:50:52.863+0000] {logging_mixin.py:149} INFO - [2026-02-25T04:50:52.863+0000] {dag.py:2726} INFO - Sync 1 DAGs
[2026-02-25T04:50:52.880+0000] {logging_mixin.py:149} INFO - [2026-02-25T04:50:52.880+0000] {dag.py:3490} INFO - Setting next_dagrun for example_python_operator to None, run_after=None
[2026-02-25T04:50:52.896+0000] {processor.py:178} INFO - Processing /home/airflow/.local/lib/python3.7/site-packages/airflow/example_dags/example_python_operator.py took 0.068 seconds
[2026-02-25T04:51:23.169+0000] {processor.py:156} INFO - Started process (PID=429) to work on /home/airflow/.local/lib/python3.7/site-packages/airflow/example_dags/example_python_operator.py
[2026-02-25T04:51:23.171+0000] {processor.py:799} INFO - Processing file /home/airflow/.local/lib/python3.7/site-packages/airflow/example_dags/example_python_operator.py for tasks to queue
[2026-02-25T04:51:23.171+0000] {logging_mixin.py:149} INFO - [2026-02-25T04:51:23.171+0000] {dagbag.py:541} INFO - Filling up the DagBag from /home/airflow/.local/lib/python3.7/site-packages/airflow/example_dags/example_python_operator.py
[2026-02-25T04:51:23.178+0000] {logging_mixin.py:149} INFO - [2026-02-25T04:51:23.178+0000] {taskmixin.py:211} WARNING - Dependency <Task(_PythonDecoratedOperator): print_the_context>, log_sql_query already registered for DAG: example_python_operator
[2026-02-25T04:51:23.178+0000] {logging_mixin.py:149} INFO - [2026-02-25T04:51:23.178+0000] {taskmixin.py:211} WARNING - Dependency <Task(_PythonDecoratedOperator): log_sql_query>, print_the_context already registered for DAG: example_python_operator
[2026-02-25T04:51:23.178+0000] {logging_mixin.py:149} INFO - [2026-02-25T04:51:23.178+0000] {taskmixin.py:211} WARNING - Dependency <Task(_PythonDecoratedOperator): print_the_context>, log_sql_query already registered for DAG: example_python_operator
[2026-02-25T04:51:23.178+0000] {logging_mixin.py:149} INFO - [2026-02-25T04:51:23.178+0000] {taskmixin.py:211} WARNING - Dependency <Task(_PythonDecoratedOperator): log_sql_query>, print_the_context already registered for DAG: example_python_operator
[2026-02-25T04:51:23.179+0000] {logging_mixin.py:149} INFO - [2026-02-25T04:51:23.179+0000] {taskmixin.py:211} WARNING - Dependency <Task(_PythonDecoratedOperator): print_the_context>, log_sql_query already registered for DAG: example_python_operator
[2026-02-25T04:51:23.179+0000] {logging_mixin.py:149} INFO - [2026-02-25T04:51:23.179+0000] {taskmixin.py:211} WARNING - Dependency <Task(_PythonDecoratedOperator): log_sql_query>, print_the_context already registered for DAG: example_python_operator
[2026-02-25T04:51:23.179+0000] {logging_mixin.py:149} INFO - [2026-02-25T04:51:23.179+0000] {taskmixin.py:211} WARNING - Dependency <Task(_PythonDecoratedOperator): print_the_context>, log_sql_query already registered for DAG: example_python_operator
[2026-02-25T04:51:23.179+0000] {logging_mixin.py:149} INFO - [2026-02-25T04:51:23.179+0000] {taskmixin.py:211} WARNING - Dependency <Task(_PythonDecoratedOperator): log_sql_query>, print_the_context already registered for DAG: example_python_operator
[2026-02-25T04:51:23.181+0000] {processor.py:809} INFO - DAG(s) dict_keys(['example_python_operator']) retrieved from /home/airflow/.local/lib/python3.7/site-packages/airflow/example_dags/example_python_operator.py
[2026-02-25T04:51:23.201+0000] {logging_mixin.py:149} INFO - [2026-02-25T04:51:23.201+0000] {dag.py:2726} INFO - Sync 1 DAGs
[2026-02-25T04:51:23.220+0000] {logging_mixin.py:149} INFO - [2026-02-25T04:51:23.220+0000] {dag.py:3490} INFO - Setting next_dagrun for example_python_operator to None, run_after=None
[2026-02-25T04:51:23.241+0000] {processor.py:178} INFO - Processing /home/airflow/.local/lib/python3.7/site-packages/airflow/example_dags/example_python_operator.py took 0.074 seconds
[2026-02-25T04:51:53.298+0000] {processor.py:156} INFO - Started process (PID=492) to work on /home/airflow/.local/lib/python3.7/site-packages/airflow/example_dags/example_python_operator.py
[2026-02-25T04:51:53.301+0000] {processor.py:799} INFO - Processing file /home/airflow/.local/lib/python3.7/site-packages/airflow/example_dags/example_python_operator.py for tasks to queue
[2026-02-25T04:51:53.302+0000] {logging_mixin.py:149} INFO - [2026-02-25T04:51:53.302+0000] {dagbag.py:541} INFO - Filling up the DagBag from /home/airflow/.local/lib/python3.7/site-packages/airflow/example_dags/example_python_operator.py
[2026-02-25T04:51:53.309+0000] {logging_mixin.py:149} INFO - [2026-02-25T04:51:53.309+0000] {taskmixin.py:211} WARNING - Dependency <Task(_PythonDecoratedOperator): print_the_context>, log_sql_query already registered for DAG: example_python_operator
[2026-02-25T04:51:53.309+0000] {logging_mixin.py:149} INFO - [2026-02-25T04:51:53.309+0000] {taskmixin.py:211} WARNING - Dependency <Task(_PythonDecoratedOperator): log_sql_query>, print_the_context already registered for DAG: example_python_operator
[2026-02-25T04:51:53.311+0000] {logging_mixin.py:149} INFO - [2026-02-25T04:51:53.310+0000] {taskmixin.py:211} WARNING - Dependency <Task(_PythonDecoratedOperator): print_the_context>, log_sql_query already registered for DAG: example_python_operator
[2026-02-25T04:51:53.312+0000] {logging_mixin.py:149} INFO - [2026-02-25T04:51:53.312+0000] {taskmixin.py:211} WARNING - Dependency <Task(_PythonDecoratedOperator): log_sql_query>, print_the_context already registered for DAG: example_python_operator
[2026-02-25T04:51:53.312+0000] {logging_mixin.py:149} INFO - [2026-02-25T04:51:53.312+0000] {taskmixin.py:211} WARNING - Dependency <Task(_PythonDecoratedOperator): print_the_context>, log_sql_query already registered for DAG: example_python_operator
[2026-02-25T04:51:53.314+0000] {logging_mixin.py:149} INFO - [2026-02-25T04:51:53.314+0000] {taskmixin.py:211} WARNING - Dependency <Task(_PythonDecoratedOperator): log_sql_query>, print_the_context already registered for DAG: example_python_operator
[2026-02-25T04:51:53.314+0000] {logging_mixin.py:149} INFO - [2026-02-25T04:51:53.314+0000] {taskmixin.py:211} WARNING - Dependency <Task(_PythonDecoratedOperator): print_the_context>, log_sql_query already registered for DAG: example_python_operator
[2026-02-25T04:51:53.314+0000] {logging_mixin.py:149} INFO - [2026-02-25T04:51:53.314+0000] {taskmixin.py:211} WARNING - Dependency <Task(_PythonDecoratedOperator): log_sql_query>, print_the_context already registered for DAG: example_python_operator
[2026-02-25T04:51:53.316+0000] {processor.py:809} INFO - DAG(s) dict_keys(['example_python_operator']) retrieved from /home/airflow/.local/lib/python3.7/site-packages/airflow/example_dags/example_python_operator.py
[2026-02-25T04:51:53.339+0000] {logging_mixin.py:149} INFO - [2026-02-25T04:51:53.339+0000] {dag.py:2726} INFO - Sync 1 DAGs
[2026-02-25T04:51:53.358+0000] {logging_mixin.py:149} INFO - [2026-02-25T04:51:53.358+0000] {dag.py:3490} INFO - Setting next_dagrun for example_python_operator to None, run_after=None
[2026-02-25T04:51:53.378+0000] {processor.py:178} INFO - Processing /home/airflow/.local/lib/python3.7/site-packages/airflow/example_dags/example_python_operator.py took 0.082 seconds
[2026-02-25T04:52:23.878+0000] {processor.py:156} INFO - Started process (PID=555) to work on /home/airflow/.local/lib/python3.7/site-packages/airflow/example_dags/example_python_operator.py
[2026-02-25T04:52:23.878+0000] {processor.py:799} INFO - Processing file /home/airflow/.local/lib/python3.7/site-packages/airflow/example_dags/example_python_operator.py for tasks to queue
[2026-02-25T04:52:23.879+0000] {logging_mixin.py:149} INFO - [2026-02-25T04:52:23.879+0000] {dagbag.py:541} INFO - Filling up the DagBag from /home/airflow/.local/lib/python3.7/site-packages/airflow/example_dags/example_python_operator.py
[2026-02-25T04:52:23.886+0000] {logging_mixin.py:149} INFO - [2026-02-25T04:52:23.885+0000] {taskmixin.py:211} WARNING - Dependency <Task(_PythonDecoratedOperator): print_the_context>, log_sql_query already registered for DAG: example_python_operator
[2026-02-25T04:52:23.887+0000] {logging_mixin.py:149} INFO - [2026-02-25T04:52:23.886+0000] {taskmixin.py:211} WARNING - Dependency <Task(_PythonDecoratedOperator): log_sql_query>, print_the_context already registered for DAG: example_python_operator
[2026-02-25T04:52:23.888+0000] {logging_mixin.py:149} INFO - [2026-02-25T04:52:23.887+0000] {taskmixin.py:211} WARNING - Dependency <Task(_PythonDecoratedOperator): print_the_context>, log_sql_query already registered for DAG: example_python_operator
[2026-02-25T04:52:23.888+0000] {logging_mixin.py:149} INFO - [2026-02-25T04:52:23.888+0000] {taskmixin.py:211} WARNING - Dependency <Task(_PythonDecoratedOperator): log_sql_query>, print_the_context already registered for DAG: example_python_operator
[2026-02-25T04:52:23.890+0000] {logging_mixin.py:149} INFO - [2026-02-25T04:52:23.890+0000] {taskmixin.py:211} WARNING - Dependency <Task(_PythonDecoratedOperator): print_the_context>, log_sql_query already registered for DAG: example_python_operator
[2026-02-25T04:52:23.891+0000] {logging_mixin.py:149} INFO - [2026-02-25T04:52:23.891+0000] {taskmixin.py:211} WARNING - Dependency <Task(_PythonDecoratedOperator): log_sql_query>, print_the_context already registered for DAG: example_python_operator
[2026-02-25T04:52:23.892+0000] {logging_mixin.py:149} INFO - [2026-02-25T04:52:23.892+0000] {taskmixin.py:211} WARNING - Dependency <Task(_PythonDecoratedOperator): print_the_context>, log_sql_query already registered for DAG: example_python_operator
[2026-02-25T04:52:23.892+0000] {logging_mixin.py:149} INFO - [2026-02-25T04:52:23.892+0000] {taskmixin.py:211} WARNING - Dependency <Task(_PythonDecoratedOperator): log_sql_query>, print_the_context already registered for DAG: example_python_operator
[2026-02-25T04:52:23.894+0000] {processor.py:809} INFO - DAG(s) dict_keys(['example_python_operator']) retrieved from /home/airflow/.local/lib/python3.7/site-packages/airflow/example_dags/example_python_operator.py
[2026-02-25T04:52:23.915+0000] {logging_mixin.py:149} INFO - [2026-02-25T04:52:23.915+0000] {dag.py:2726} INFO - Sync 1 DAGs
[2026-02-25T04:52:23.933+0000] {logging_mixin.py:149} INFO - [2026-02-25T04:52:23.933+0000] {dag.py:3490} INFO - Setting next_dagrun for example_python_operator to None, run_after=None
[2026-02-25T04:52:23.956+0000] {processor.py:178} INFO - Processing /home/airflow/.local/lib/python3.7/site-packages/airflow/example_dags/example_python_operator.py took 0.081 seconds
[2026-02-25T04:52:54.288+0000] {processor.py:156} INFO - Started process (PID=625) to work on /home/airflow/.local/lib/python3.7/site-packages/airflow/example_dags/example_python_operator.py
[2026-02-25T04:52:54.289+0000] {processor.py:799} INFO - Processing file /home/airflow/.local/lib/python3.7/site-packages/airflow/example_dags/example_python_operator.py for tasks to queue
[2026-02-25T04:52:54.290+0000] {logging_mixin.py:149} INFO - [2026-02-25T04:52:54.290+0000] {dagbag.py:541} INFO - Filling up the DagBag from /home/airflow/.local/lib/python3.7/site-packages/airflow/example_dags/example_python_operator.py
[2026-02-25T04:52:54.295+0000] {logging_mixin.py:149} INFO - [2026-02-25T04:52:54.295+0000] {taskmixin.py:211} WARNING - Dependency <Task(_PythonDecoratedOperator): print_the_context>, log_sql_query already registered for DAG: example_python_operator
[2026-02-25T04:52:54.295+0000] {logging_mixin.py:149} INFO - [2026-02-25T04:52:54.295+0000] {taskmixin.py:211} WARNING - Dependency <Task(_PythonDecoratedOperator): log_sql_query>, print_the_context already registered for DAG: example_python_operator
[2026-02-25T04:52:54.296+0000] {logging_mixin.py:149} INFO - [2026-02-25T04:52:54.296+0000] {taskmixin.py:211} WARNING - Dependency <Task(_PythonDecoratedOperator): print_the_context>, log_sql_query already registered for DAG: example_python_operator
[2026-02-25T04:52:54.296+0000] {logging_mixin.py:149} INFO - [2026-02-25T04:52:54.296+0000] {taskmixin.py:211} WARNING - Dependency <Task(_PythonDecoratedOperator): log_sql_query>, print_the_context already registered for DAG: example_python_operator
[2026-02-25T04:52:54.296+0000] {logging_mixin.py:149} INFO - [2026-02-25T04:52:54.296+0000] {taskmixin.py:211} WARNING - Dependency <Task(_PythonDecoratedOperator): print_the_context>, log_sql_query already registered for DAG: example_python_operator
[2026-02-25T04:52:54.297+0000] {logging_mixin.py:149} INFO - [2026-02-25T04:52:54.297+0000] {taskmixin.py:211} WARNING - Dependency <Task(_PythonDecoratedOperator): log_sql_query>, print_the_context already registered for DAG: example_python_operator
[2026-02-25T04:52:54.297+0000] {logging_mixin.py:149} INFO - [2026-02-25T04:52:54.297+0000] {taskmixin.py:211} WARNING - Dependency <Task(_PythonDecoratedOperator): print_the_context>, log_sql_query already registered for DAG: example_python_operator
[2026-02-25T04:52:54.297+0000] {logging_mixin.py:149} INFO - [2026-02-25T04:52:54.297+0000] {taskmixin.py:211} WARNING - Dependency <Task(_PythonDecoratedOperator): log_sql_query>, print_the_context already registered for DAG: example_python_operator
[2026-02-25T04:52:54.299+0000] {processor.py:809} INFO - DAG(s) dict_keys(['example_python_operator']) retrieved from /home/airflow/.local/lib/python3.7/site-packages/airflow/example_dags/example_python_operator.py
[2026-02-25T04:52:54.318+0000] {logging_mixin.py:149} INFO - [2026-02-25T04:52:54.318+0000] {dag.py:2726} INFO - Sync 1 DAGs
[2026-02-25T04:52:54.340+0000] {logging_mixin.py:149} INFO - [2026-02-25T04:52:54.340+0000] {dag.py:3490} INFO - Setting next_dagrun for example_python_operator to None, run_after=None
[2026-02-25T04:52:54.361+0000] {processor.py:178} INFO - Processing /home/airflow/.local/lib/python3.7/site-packages/airflow/example_dags/example_python_operator.py took 0.075 seconds
[2026-02-25T04:53:24.872+0000] {processor.py:156} INFO - Started process (PID=688) to work on /home/airflow/.local/lib/python3.7/site-packages/airflow/example_dags/example_python_operator.py
[2026-02-25T04:53:24.873+0000] {processor.py:799} INFO - Processing file /home/airflow/.local/lib/python3.7/site-packages/airflow/example_dags/example_python_operator.py for tasks to queue
[2026-02-25T04:53:24.875+0000] {logging_mixin.py:149} INFO - [2026-02-25T04:53:24.875+0000] {dagbag.py:541} INFO - Filling up the DagBag from /home/airflow/.local/lib/python3.7/site-packages/airflow/example_dags/example_python_operator.py
[2026-02-25T04:53:24.879+0000] {logging_mixin.py:149} INFO - [2026-02-25T04:53:24.879+0000] {taskmixin.py:211} WARNING - Dependency <Task(_PythonDecoratedOperator): print_the_context>, log_sql_query already registered for DAG: example_python_operator
[2026-02-25T04:53:24.880+0000] {logging_mixin.py:149} INFO - [2026-02-25T04:53:24.879+0000] {taskmixin.py:211} WARNING - Dependency <Task(_PythonDecoratedOperator): log_sql_query>, print_the_context already registered for DAG: example_python_operator
[2026-02-25T04:53:24.880+0000] {logging_mixin.py:149} INFO - [2026-02-25T04:53:24.880+0000] {taskmixin.py:211} WARNING - Dependency <Task(_PythonDecoratedOperator): print_the_context>, log_sql_query already registered for DAG: example_python_operator
[2026-02-25T04:53:24.880+0000] {logging_mixin.py:149} INFO - [2026-02-25T04:53:24.880+0000] {taskmixin.py:211} WARNING - Dependency <Task(_PythonDecoratedOperator): log_sql_query>, print_the_context already registered for DAG: example_python_operator
[2026-02-25T04:53:24.880+0000] {logging_mixin.py:149} INFO - [2026-02-25T04:53:24.880+0000] {taskmixin.py:211} WARNING - Dependency <Task(_PythonDecoratedOperator): print_the_context>, log_sql_query already registered for DAG: example_python_operator
[2026-02-25T04:53:24.880+0000] {logging_mixin.py:149} INFO - [2026-02-25T04:53:24.880+0000] {taskmixin.py:211} WARNING - Dependency <Task(_PythonDecoratedOperator): log_sql_query>, print_the_context already registered for DAG: example_python_operator
[2026-02-25T04:53:24.881+0000] {logging_mixin.py:149} INFO - [2026-02-25T04:53:24.881+0000] {taskmixin.py:211} WARNING - Dependency <Task(_PythonDecoratedOperator): print_the_context>, log_sql_query already registered for DAG: example_python_operator
[2026-02-25T04:53:24.881+0000] {logging_mixin.py:149} INFO - [2026-02-25T04:53:24.881+0000] {taskmixin.py:211} WARNING - Dependency <Task(_PythonDecoratedOperator): log_sql_query>, print_the_context already registered for DAG: example_python_operator
[2026-02-25T04:53:24.883+0000] {processor.py:809} INFO - DAG(s) dict_keys(['example_python_operator']) retrieved from /home/airflow/.local/lib/python3.7/site-packages/airflow/example_dags/example_python_operator.py
[2026-02-25T04:53:24.906+0000] {logging_mixin.py:149} INFO - [2026-02-25T04:53:24.906+0000] {dag.py:2726} INFO - Sync 1 DAGs
[2026-02-25T04:53:24.928+0000] {logging_mixin.py:149} INFO - [2026-02-25T04:53:24.928+0000] {dag.py:3490} INFO - Setting next_dagrun for example_python_operator to None, run_after=None
[2026-02-25T04:53:24.946+0000] {processor.py:178} INFO - Processing /home/airflow/.local/lib/python3.7/site-packages/airflow/example_dags/example_python_operator.py took 0.084 seconds
[2026-02-25T04:53:55.452+0000] {processor.py:156} INFO - Started process (PID=751) to work on /home/airflow/.local/lib/python3.7/site-packages/airflow/example_dags/example_python_operator.py
[2026-02-25T04:53:55.455+0000] {processor.py:799} INFO - Processing file /home/airflow/.local/lib/python3.7/site-packages/airflow/example_dags/example_python_operator.py for tasks to queue
[2026-02-25T04:53:55.455+0000] {logging_mixin.py:149} INFO - [2026-02-25T04:53:55.455+0000] {dagbag.py:541} INFO - Filling up the DagBag from /home/airflow/.local/lib/python3.7/site-packages/airflow/example_dags/example_python_operator.py
[2026-02-25T04:53:55.463+0000] {logging_mixin.py:149} INFO - [2026-02-25T04:53:55.462+0000] {taskmixin.py:211} WARNING - Dependency <Task(_PythonDecoratedOperator): print_the_context>, log_sql_query already registered for DAG: example_python_operator
[2026-02-25T04:53:55.464+0000] {logging_mixin.py:149} INFO - [2026-02-25T04:53:55.463+0000] {taskmixin.py:211} WARNING - Dependency <Task(_PythonDecoratedOperator): log_sql_query>, print_the_context already registered for DAG: example_python_operator
[2026-02-25T04:53:55.465+0000] {logging_mixin.py:149} INFO - [2026-02-25T04:53:55.464+0000] {taskmixin.py:211} WARNING - Dependency <Task(_PythonDecoratedOperator): print_the_context>, log_sql_query already registered for DAG: example_python_operator
[2026-02-25T04:53:55.466+0000] {logging_mixin.py:149} INFO - [2026-02-25T04:53:55.465+0000] {taskmixin.py:211} WARNING - Dependency <Task(_PythonDecoratedOperator): log_sql_query>, print_the_context already registered for DAG: example_python_operator
[2026-02-25T04:53:55.467+0000] {logging_mixin.py:149} INFO - [2026-02-25T04:53:55.466+0000] {taskmixin.py:211} WARNING - Dependency <Task(_PythonDecoratedOperator): print_the_context>, log_sql_query already registered for DAG: example_python_operator
[2026-02-25T04:53:55.467+0000] {logging_mixin.py:149} INFO - [2026-02-25T04:53:55.467+0000] {taskmixin.py:211} WARNING - Dependency <Task(_PythonDecoratedOperator): log_sql_query>, print_the_context already registered for DAG: example_python_operator
[2026-02-25T04:53:55.467+0000] {logging_mixin.py:149} INFO - [2026-02-25T04:53:55.467+0000] {taskmixin.py:211} WARNING - Dependency <Task(_PythonDecoratedOperator): print_the_context>, log_sql_query already registered for DAG: example_python_operator
[2026-02-25T04:53:55.468+0000] {logging_mixin.py:149} INFO - [2026-02-25T04:53:55.468+0000] {taskmixin.py:211} WARNING - Dependency <Task(_PythonDecoratedOperator): log_sql_query>, print_the_context already registered for DAG: example_python_operator
[2026-02-25T04:53:55.471+0000] {processor.py:809} INFO - DAG(s) dict_keys(['example_python_operator']) retrieved from /home/airflow/.local/lib/python3.7/site-packages/airflow/example_dags/example_python_operator.py
[2026-02-25T04:53:55.494+0000] {logging_mixin.py:149} INFO - [2026-02-25T04:53:55.494+0000] {dag.py:2726} INFO - Sync 1 DAGs
[2026-02-25T04:53:55.513+0000] {logging_mixin.py:149} INFO - [2026-02-25T04:53:55.513+0000] {dag.py:3490} INFO - Setting next_dagrun for example_python_operator to None, run_after=None
[2026-02-25T04:53:55.530+0000] {processor.py:178} INFO - Processing /home/airflow/.local/lib/python3.7/site-packages/airflow/example_dags/example_python_operator.py took 0.081 seconds
[2026-02-25T04:54:25.867+0000] {processor.py:156} INFO - Started process (PID=814) to work on /home/airflow/.local/lib/python3.7/site-packages/airflow/example_dags/example_python_operator.py
[2026-02-25T04:54:25.868+0000] {processor.py:799} INFO - Processing file /home/airflow/.local/lib/python3.7/site-packages/airflow/example_dags/example_python_operator.py for tasks to queue
[2026-02-25T04:54:25.868+0000] {logging_mixin.py:149} INFO - [2026-02-25T04:54:25.868+0000] {dagbag.py:541} INFO - Filling up the DagBag from /home/airflow/.local/lib/python3.7/site-packages/airflow/example_dags/example_python_operator.py
[2026-02-25T04:54:25.873+0000] {logging_mixin.py:149} INFO - [2026-02-25T04:54:25.873+0000] {taskmixin.py:211} WARNING - Dependency <Task(_PythonDecoratedOperator): print_the_context>, log_sql_query already registered for DAG: example_python_operator
[2026-02-25T04:54:25.873+0000] {logging_mixin.py:149} INFO - [2026-02-25T04:54:25.873+0000] {taskmixin.py:211} WARNING - Dependency <Task(_PythonDecoratedOperator): log_sql_query>, print_the_context already registered for DAG: example_python_operator
[2026-02-25T04:54:25.874+0000] {logging_mixin.py:149} INFO - [2026-02-25T04:54:25.874+0000] {taskmixin.py:211} WARNING - Dependency <Task(_PythonDecoratedOperator): print_the_context>, log_sql_query already registered for DAG: example_python_operator
[2026-02-25T04:54:25.875+0000] {logging_mixin.py:149} INFO - [2026-02-25T04:54:25.875+0000] {taskmixin.py:211} WARNING - Dependency <Task(_PythonDecoratedOperator): log_sql_query>, print_the_context already registered for DAG: example_python_operator
[2026-02-25T04:54:25.876+0000] {logging_mixin.py:149} INFO - [2026-02-25T04:54:25.876+0000] {taskmixin.py:211} WARNING - Dependency <Task(_PythonDecoratedOperator): print_the_context>, log_sql_query already registered for DAG: example_python_operator
[2026-02-25T04:54:25.877+0000] {logging_mixin.py:149} INFO - [2026-02-25T04:54:25.877+0000] {taskmixin.py:211} WARNING - Dependency <Task(_PythonDecoratedOperator): log_sql_query>, print_the_context already registered for DAG: example_python_operator
[2026-02-25T04:54:25.878+0000] {logging_mixin.py:149} INFO - [2026-02-25T04:54:25.877+0000] {taskmixin.py:211} WARNING - Dependency <Task(_PythonDecoratedOperator): print_the_context>, log_sql_query already registered for DAG: example_python_operator
[2026-02-25T04:54:25.878+0000] {logging_mixin.py:149} INFO - [2026-02-25T04:54:25.878+0000] {taskmixin.py:211} WARNING - Dependency <Task(_PythonDecoratedOperator): log_sql_query>, print_the_context already registered for DAG: example_python_operator
[2026-02-25T04:54:25.879+0000] {processor.py:809} INFO - DAG(s) dict_keys(['example_python_operator']) retrieved from /home/airflow/.local/lib/python3.7/site-packages/airflow/example_dags/example_python_operator.py
[2026-02-25T04:54:25.898+0000] {logging_mixin.py:149} INFO - [2026-02-25T04:54:25.898+0000] {dag.py:2726} INFO - Sync 1 DAGs
[2026-02-25T04:54:25.918+0000] {logging_mixin.py:149} INFO - [2026-02-25T04:54:25.918+0000] {dag.py:3490} INFO - Setting next_dagrun for example_python_operator to None, run_after=None
[2026-02-25T04:54:25.934+0000] {processor.py:178} INFO - Processing /home/airflow/.local/lib/python3.7/site-packages/airflow/example_dags/example_python_operator.py took 0.070 seconds
[2026-02-25T04:54:56.181+0000] {processor.py:156} INFO - Started process (PID=877) to work on /home/airflow/.local/lib/python3.7/site-packages/airflow/example_dags/example_python_operator.py
[2026-02-25T04:54:56.182+0000] {processor.py:799} INFO - Processing file /home/airflow/.local/lib/python3.7/site-packages/airflow/example_dags/example_python_operator.py for tasks to queue
[2026-02-25T04:54:56.183+0000] {logging_mixin.py:149} INFO - [2026-02-25T04:54:56.183+0000] {dagbag.py:541} INFO - Filling up the DagBag from /home/airflow/.local/lib/python3.7/site-packages/airflow/example_dags/example_python_operator.py
[2026-02-25T04:54:56.188+0000] {logging_mixin.py:149} INFO - [2026-02-25T04:54:56.188+0000] {taskmixin.py:211} WARNING - Dependency <Task(_PythonDecoratedOperator): print_the_context>, log_sql_query already registered for DAG: example_python_operator
[2026-02-25T04:54:56.188+0000] {logging_mixin.py:149} INFO - [2026-02-25T04:54:56.188+0000] {taskmixin.py:211} WARNING - Dependency <Task(_PythonDecoratedOperator): log_sql_query>, print_the_context already registered for DAG: example_python_operator
[2026-02-25T04:54:56.189+0000] {logging_mixin.py:149} INFO - [2026-02-25T04:54:56.189+0000] {taskmixin.py:211} WARNING - Dependency <Task(_PythonDecoratedOperator): print_the_context>, log_sql_query already registered for DAG: example_python_operator
[2026-02-25T04:54:56.189+0000] {logging_mixin.py:149} INFO - [2026-02-25T04:54:56.189+0000] {taskmixin.py:211} WARNING - Dependency <Task(_PythonDecoratedOperator): log_sql_query>, print_the_context already registered for DAG: example_python_operator
[2026-02-25T04:54:56.189+0000] {logging_mixin.py:149} INFO - [2026-02-25T04:54:56.189+0000] {taskmixin.py:211} WARNING - Dependency <Task(_PythonDecoratedOperator): print_the_context>, log_sql_query already registered for DAG: example_python_operator
[2026-02-25T04:54:56.189+0000] {logging_mixin.py:149} INFO - [2026-02-25T04:54:56.189+0000] {taskmixin.py:211} WARNING - Dependency <Task(_PythonDecoratedOperator): log_sql_query>, print_the_context already registered for DAG: example_python_operator
[2026-02-25T04:54:56.190+0000] {logging_mixin.py:149} INFO - [2026-02-25T04:54:56.190+0000] {taskmixin.py:211} WARNING - Dependency <Task(_PythonDecoratedOperator): print_the_context>, log_sql_query already registered for DAG: example_python_operator
[2026-02-25T04:54:56.190+0000] {logging_mixin.py:149} INFO - [2026-02-25T04:54:56.190+0000] {taskmixin.py:211} WARNING - Dependency <Task(_PythonDecoratedOperator): log_sql_query>, print_the_context already registered for DAG: example_python_operator
[2026-02-25T04:54:56.192+0000] {processor.py:809} INFO - DAG(s) dict_keys(['example_python_operator']) retrieved from /home/airflow/.local/lib/python3.7/site-packages/airflow/example_dags/example_python_operator.py
[2026-02-25T04:54:56.212+0000] {logging_mixin.py:149} INFO - [2026-02-25T04:54:56.211+0000] {dag.py:2726} INFO - Sync 1 DAGs
[2026-02-25T04:54:56.232+0000] {logging_mixin.py:149} INFO - [2026-02-25T04:54:56.232+0000] {dag.py:3490} INFO - Setting next_dagrun for example_python_operator to None, run_after=None
[2026-02-25T04:54:56.246+0000] {processor.py:178} INFO - Processing /home/airflow/.local/lib/python3.7/site-packages/airflow/example_dags/example_python_operator.py took 0.067 seconds
[2026-02-25T04:55:26.524+0000] {processor.py:156} INFO - Started process (PID=940) to work on /home/airflow/.local/lib/python3.7/site-packages/airflow/example_dags/example_python_operator.py
[2026-02-25T04:55:26.525+0000] {processor.py:799} INFO - Processing file /home/airflow/.local/lib/python3.7/site-packages/airflow/example_dags/example_python_operator.py for tasks to queue
[2026-02-25T04:55:26.526+0000] {logging_mixin.py:149} INFO - [2026-02-25T04:55:26.526+0000] {dagbag.py:541} INFO - Filling up the DagBag from /home/airflow/.local/lib/python3.7/site-packages/airflow/example_dags/example_python_operator.py
[2026-02-25T04:55:26.531+0000] {logging_mixin.py:149} INFO - [2026-02-25T04:55:26.531+0000] {taskmixin.py:211} WARNING - Dependency <Task(_PythonDecoratedOperator): print_the_context>, log_sql_query already registered for DAG: example_python_operator
[2026-02-25T04:55:26.531+0000] {logging_mixin.py:149} INFO - [2026-02-25T04:55:26.531+0000] {taskmixin.py:211} WARNING - Dependency <Task(_PythonDecoratedOperator): log_sql_query>, print_the_context already registered for DAG: example_python_operator
[2026-02-25T04:55:26.532+0000] {logging_mixin.py:149} INFO - [2026-02-25T04:55:26.532+0000] {taskmixin.py:211} WARNING - Dependency <Task(_PythonDecoratedOperator): print_the_context>, log_sql_query already registered for DAG: example_python_operator
[2026-02-25T04:55:26.532+0000] {logging_mixin.py:149} INFO - [2026-02-25T04:55:26.532+0000] {taskmixin.py:211} WARNING - Dependency <Task(_PythonDecoratedOperator): log_sql_query>, print_the_context already registered for DAG: example_python_operator
[2026-02-25T04:55:26.533+0000] {logging_mixin.py:149} INFO - [2026-02-25T04:55:26.533+0000] {taskmixin.py:211} WARNING - Dependency <Task(_PythonDecoratedOperator): print_the_context>, log_sql_query already registered for DAG: example_python_operator
[2026-02-25T04:55:26.533+0000] {logging_mixin.py:149} INFO - [2026-02-25T04:55:26.533+0000] {taskmixin.py:211} WARNING - Dependency <Task(_PythonDecoratedOperator): log_sql_query>, print_the_context already registered for DAG: example_python_operator
[2026-02-25T04:55:26.534+0000] {logging_mixin.py:149} INFO - [2026-02-25T04:55:26.534+0000] {taskmixin.py:211} WARNING - Dependency <Task(_PythonDecoratedOperator): print_the_context>, log_sql_query already registered for DAG: example_python_operator
[2026-02-25T04:55:26.534+0000] {logging_mixin.py:149} INFO - [2026-02-25T04:55:26.534+0000] {taskmixin.py:211} WARNING - Dependency <Task(_PythonDecoratedOperator): log_sql_query>, print_the_context already registered for DAG: example_python_operator
[2026-02-25T04:55:26.539+0000] {processor.py:809} INFO - DAG(s) dict_keys(['example_python_operator']) retrieved from /home/airflow/.local/lib/python3.7/site-packages/airflow/example_dags/example_python_operator.py
[2026-02-25T04:55:26.560+0000] {logging_mixin.py:149} INFO - [2026-02-25T04:55:26.560+0000] {dag.py:2726} INFO - Sync 1 DAGs
[2026-02-25T04:55:26.582+0000] {logging_mixin.py:149} INFO - [2026-02-25T04:55:26.582+0000] {dag.py:3490} INFO - Setting next_dagrun for example_python_operator to None, run_after=None
[2026-02-25T04:55:26.606+0000] {processor.py:178} INFO - Processing /home/airflow/.local/lib/python3.7/site-packages/airflow/example_dags/example_python_operator.py took 0.086 seconds
[2026-02-25T04:55:57.089+0000] {processor.py:156} INFO - Started process (PID=1003) to work on /home/airflow/.local/lib/python3.7/site-packages/airflow/example_dags/example_python_operator.py
[2026-02-25T04:55:57.091+0000] {processor.py:799} INFO - Processing file /home/airflow/.local/lib/python3.7/site-packages/airflow/example_dags/example_python_operator.py for tasks to queue
[2026-02-25T04:55:57.091+0000] {logging_mixin.py:149} INFO - [2026-02-25T04:55:57.091+0000] {dagbag.py:541} INFO - Filling up the DagBag from /home/airflow/.local/lib/python3.7/site-packages/airflow/example_dags/example_python_operator.py
[2026-02-25T04:55:57.096+0000] {logging_mixin.py:149} INFO - [2026-02-25T04:55:57.096+0000] {taskmixin.py:211} WARNING - Dependency <Task(_PythonDecoratedOperator): print_the_context>, log_sql_query already registered for DAG: example_python_operator
[2026-02-25T04:55:57.097+0000] {logging_mixin.py:149} INFO - [2026-02-25T04:55:57.097+0000] {taskmixin.py:211} WARNING - Dependency <Task(_PythonDecoratedOperator): log_sql_query>, print_the_context already registered for DAG: example_python_operator
[2026-02-25T04:55:57.097+0000] {logging_mixin.py:149} INFO - [2026-02-25T04:55:57.097+0000] {taskmixin.py:211} WARNING - Dependency <Task(_PythonDecoratedOperator): print_the_context>, log_sql_query already registered for DAG: example_python_operator
[2026-02-25T04:55:57.097+0000] {logging_mixin.py:149} INFO - [2026-02-25T04:55:57.097+0000] {taskmixin.py:211} WARNING - Dependency <Task(_PythonDecoratedOperator): log_sql_query>, print_the_context already registered for DAG: example_python_operator
[2026-02-25T04:55:57.098+0000] {logging_mixin.py:149} INFO - [2026-02-25T04:55:57.098+0000] {taskmixin.py:211} WARNING - Dependency <Task(_PythonDecoratedOperator): print_the_context>, log_sql_query already registered for DAG: example_python_operator
[2026-02-25T04:55:57.098+0000] {logging_mixin.py:149} INFO - [2026-02-25T04:55:57.098+0000] {taskmixin.py:211} WARNING - Dependency <Task(_PythonDecoratedOperator): log_sql_query>, print_the_context already registered for DAG: example_python_operator
[2026-02-25T04:55:57.099+0000] {logging_mixin.py:149} INFO - [2026-02-25T04:55:57.099+0000] {taskmixin.py:211} WARNING - Dependency <Task(_PythonDecoratedOperator): print_the_context>, log_sql_query already registered for DAG: example_python_operator
[2026-02-25T04:55:57.099+0000] {logging_mixin.py:149} INFO - [2026-02-25T04:55:57.099+0000] {taskmixin.py:211} WARNING - Dependency <Task(_PythonDecoratedOperator): log_sql_query>, print_the_context already registered for DAG: example_python_operator
[2026-02-25T04:55:57.101+0000] {processor.py:809} INFO - DAG(s) dict_keys(['example_python_operator']) retrieved from /home/airflow/.local/lib/python3.7/site-packages/airflow/example_dags/example_python_operator.py
[2026-02-25T04:55:57.124+0000] {logging_mixin.py:149} INFO - [2026-02-25T04:55:57.124+0000] {dag.py:2726} INFO - Sync 1 DAGs
[2026-02-25T04:55:57.155+0000] {logging_mixin.py:149} INFO - [2026-02-25T04:55:57.155+0000] {dag.py:3490} INFO - Setting next_dagrun for example_python_operator to None, run_after=None
[2026-02-25T04:55:57.179+0000] {processor.py:178} INFO - Processing /home/airflow/.local/lib/python3.7/site-packages/airflow/example_dags/example_python_operator.py took 0.094 seconds
[2026-02-25T04:56:27.492+0000] {processor.py:156} INFO - Started process (PID=1066) to work on /home/airflow/.local/lib/python3.7/site-packages/airflow/example_dags/example_python_operator.py
[2026-02-25T04:56:27.493+0000] {processor.py:799} INFO - Processing file /home/airflow/.local/lib/python3.7/site-packages/airflow/example_dags/example_python_operator.py for tasks to queue
[2026-02-25T04:56:27.494+0000] {logging_mixin.py:149} INFO - [2026-02-25T04:56:27.494+0000] {dagbag.py:541} INFO - Filling up the DagBag from /home/airflow/.local/lib/python3.7/site-packages/airflow/example_dags/example_python_operator.py
[2026-02-25T04:56:27.500+0000] {logging_mixin.py:149} INFO - [2026-02-25T04:56:27.500+0000] {taskmixin.py:211} WARNING - Dependency <Task(_PythonDecoratedOperator): print_the_context>, log_sql_query already registered for DAG: example_python_operator
[2026-02-25T04:56:27.501+0000] {logging_mixin.py:149} INFO - [2026-02-25T04:56:27.501+0000] {taskmixin.py:211} WARNING - Dependency <Task(_PythonDecoratedOperator): log_sql_query>, print_the_context already registered for DAG: example_python_operator
[2026-02-25T04:56:27.503+0000] {logging_mixin.py:149} INFO - [2026-02-25T04:56:27.503+0000] {taskmixin.py:211} WARNING - Dependency <Task(_PythonDecoratedOperator): print_the_context>, log_sql_query already registered for DAG: example_python_operator
[2026-02-25T04:56:27.504+0000] {logging_mixin.py:149} INFO - [2026-02-25T04:56:27.504+0000] {taskmixin.py:211} WARNING - Dependency <Task(_PythonDecoratedOperator): log_sql_query>, print_the_context already registered for DAG: example_python_operator
[2026-02-25T04:56:27.504+0000] {logging_mixin.py:149} INFO - [2026-02-25T04:56:27.504+0000] {taskmixin.py:211} WARNING - Dependency <Task(_PythonDecoratedOperator): print_the_context>, log_sql_query already registered for DAG: example_python_operator
[2026-02-25T04:56:27.505+0000] {logging_mixin.py:149} INFO - [2026-02-25T04:56:27.505+0000] {taskmixin.py:211} WARNING - Dependency <Task(_PythonDecoratedOperator): log_sql_query>, print_the_context already registered for DAG: example_python_operator
[2026-02-25T04:56:27.507+0000] {logging_mixin.py:149} INFO - [2026-02-25T04:56:27.507+0000] {taskmixin.py:211} WARNING - Dependency <Task(_PythonDecoratedOperator): print_the_context>, log_sql_query already registered for DAG: example_python_operator
[2026-02-25T04:56:27.507+0000] {logging_mixin.py:149} INFO - [2026-02-25T04:56:27.507+0000] {taskmixin.py:211} WARNING - Dependency <Task(_PythonDecoratedOperator): log_sql_query>, print_the_context already registered for DAG: example_python_operator
[2026-02-25T04:56:27.509+0000] {processor.py:809} INFO - DAG(s) dict_keys(['example_python_operator']) retrieved from /home/airflow/.local/lib/python3.7/site-packages/airflow/example_dags/example_python_operator.py
[2026-02-25T04:56:27.532+0000] {logging_mixin.py:149} INFO - [2026-02-25T04:56:27.531+0000] {dag.py:2726} INFO - Sync 1 DAGs
[2026-02-25T04:56:27.551+0000] {logging_mixin.py:149} INFO - [2026-02-25T04:56:27.551+0000] {dag.py:3490} INFO - Setting next_dagrun for example_python_operator to None, run_after=None
[2026-02-25T04:56:27.571+0000] {processor.py:178} INFO - Processing /home/airflow/.local/lib/python3.7/site-packages/airflow/example_dags/example_python_operator.py took 0.082 seconds
[2026-02-25T04:56:58.107+0000] {processor.py:156} INFO - Started process (PID=1129) to work on /home/airflow/.local/lib/python3.7/site-packages/airflow/example_dags/example_python_operator.py
[2026-02-25T04:56:58.108+0000] {processor.py:799} INFO - Processing file /home/airflow/.local/lib/python3.7/site-packages/airflow/example_dags/example_python_operator.py for tasks to queue
[2026-02-25T04:56:58.111+0000] {logging_mixin.py:149} INFO - [2026-02-25T04:56:58.110+0000] {dagbag.py:541} INFO - Filling up the DagBag from /home/airflow/.local/lib/python3.7/site-packages/airflow/example_dags/example_python_operator.py
[2026-02-25T04:56:58.119+0000] {logging_mixin.py:149} INFO - [2026-02-25T04:56:58.119+0000] {taskmixin.py:211} WARNING - Dependency <Task(_PythonDecoratedOperator): print_the_context>, log_sql_query already registered for DAG: example_python_operator
[2026-02-25T04:56:58.119+0000] {logging_mixin.py:149} INFO - [2026-02-25T04:56:58.119+0000] {taskmixin.py:211} WARNING - Dependency <Task(_PythonDecoratedOperator): log_sql_query>, print_the_context already registered for DAG: example_python_operator
[2026-02-25T04:56:58.120+0000] {logging_mixin.py:149} INFO - [2026-02-25T04:56:58.120+0000] {taskmixin.py:211} WARNING - Dependency <Task(_PythonDecoratedOperator): print_the_context>, log_sql_query already registered for DAG: example_python_operator
[2026-02-25T04:56:58.120+0000] {logging_mixin.py:149} INFO - [2026-02-25T04:56:58.120+0000] {taskmixin.py:211} WARNING - Dependency <Task(_PythonDecoratedOperator): log_sql_query>, print_the_context already registered for DAG: example_python_operator
[2026-02-25T04:56:58.120+0000] {logging_mixin.py:149} INFO - [2026-02-25T04:56:58.120+0000] {taskmixin.py:211} WARNING - Dependency <Task(_PythonDecoratedOperator): print_the_context>, log_sql_query already registered for DAG: example_python_operator
[2026-02-25T04:56:58.120+0000] {logging_mixin.py:149} INFO - [2026-02-25T04:56:58.120+0000] {taskmixin.py:211} WARNING - Dependency <Task(_PythonDecoratedOperator): log_sql_query>, print_the_context already registered for DAG: example_python_operator
[2026-02-25T04:56:58.121+0000] {logging_mixin.py:149} INFO - [2026-02-25T04:56:58.121+0000] {taskmixin.py:211} WARNING - Dependency <Task(_PythonDecoratedOperator): print_the_context>, log_sql_query already registered for DAG: example_python_operator
[2026-02-25T04:56:58.121+0000] {logging_mixin.py:149} INFO - [2026-02-25T04:56:58.121+0000] {taskmixin.py:211} WARNING - Dependency <Task(_PythonDecoratedOperator): log_sql_query>, print_the_context already registered for DAG: example_python_operator
[2026-02-25T04:56:58.122+0000] {processor.py:809} INFO - DAG(s) dict_keys(['example_python_operator']) retrieved from /home/airflow/.local/lib/python3.7/site-packages/airflow/example_dags/example_python_operator.py
[2026-02-25T04:56:58.151+0000] {logging_mixin.py:149} INFO - [2026-02-25T04:56:58.151+0000] {dag.py:2726} INFO - Sync 1 DAGs
[2026-02-25T04:56:58.174+0000] {logging_mixin.py:149} INFO - [2026-02-25T04:56:58.174+0000] {dag.py:3490} INFO - Setting next_dagrun for example_python_operator to None, run_after=None
[2026-02-25T04:56:58.194+0000] {processor.py:178} INFO - Processing /home/airflow/.local/lib/python3.7/site-packages/airflow/example_dags/example_python_operator.py took 0.091 seconds
[2026-02-25T04:57:28.536+0000] {processor.py:156} INFO - Started process (PID=1192) to work on /home/airflow/.local/lib/python3.7/site-packages/airflow/example_dags/example_python_operator.py
[2026-02-25T04:57:28.537+0000] {processor.py:799} INFO - Processing file /home/airflow/.local/lib/python3.7/site-packages/airflow/example_dags/example_python_operator.py for tasks to queue
[2026-02-25T04:57:28.537+0000] {logging_mixin.py:149} INFO - [2026-02-25T04:57:28.537+0000] {dagbag.py:541} INFO - Filling up the DagBag from /home/airflow/.local/lib/python3.7/site-packages/airflow/example_dags/example_python_operator.py
[2026-02-25T04:57:28.542+0000] {logging_mixin.py:149} INFO - [2026-02-25T04:57:28.542+0000] {taskmixin.py:211} WARNING - Dependency <Task(_PythonDecoratedOperator): print_the_context>, log_sql_query already registered for DAG: example_python_operator
[2026-02-25T04:57:28.543+0000] {logging_mixin.py:149} INFO - [2026-02-25T04:57:28.543+0000] {taskmixin.py:211} WARNING - Dependency <Task(_PythonDecoratedOperator): log_sql_query>, print_the_context already registered for DAG: example_python_operator
[2026-02-25T04:57:28.544+0000] {logging_mixin.py:149} INFO - [2026-02-25T04:57:28.544+0000] {taskmixin.py:211} WARNING - Dependency <Task(_PythonDecoratedOperator): print_the_context>, log_sql_query already registered for DAG: example_python_operator
[2026-02-25T04:57:28.544+0000] {logging_mixin.py:149} INFO - [2026-02-25T04:57:28.544+0000] {taskmixin.py:211} WARNING - Dependency <Task(_PythonDecoratedOperator): log_sql_query>, print_the_context already registered for DAG: example_python_operator
[2026-02-25T04:57:28.544+0000] {logging_mixin.py:149} INFO - [2026-02-25T04:57:28.544+0000] {taskmixin.py:211} WARNING - Dependency <Task(_PythonDecoratedOperator): print_the_context>, log_sql_query already registered for DAG: example_python_operator
[2026-02-25T04:57:28.544+0000] {logging_mixin.py:149} INFO - [2026-02-25T04:57:28.544+0000] {taskmixin.py:211} WARNING - Dependency <Task(_PythonDecoratedOperator): log_sql_query>, print_the_context already registered for DAG: example_python_operator
[2026-02-25T04:57:28.545+0000] {logging_mixin.py:149} INFO - [2026-02-25T04:57:28.545+0000] {taskmixin.py:211} WARNING - Dependency <Task(_PythonDecoratedOperator): print_the_context>, log_sql_query already registered for DAG: example_python_operator
[2026-02-25T04:57:28.545+0000] {logging_mixin.py:149} INFO - [2026-02-25T04:57:28.545+0000] {taskmixin.py:211} WARNING - Dependency <Task(_PythonDecoratedOperator): log_sql_query>, print_the_context already registered for DAG: example_python_operator
[2026-02-25T04:57:28.547+0000] {processor.py:809} INFO - DAG(s) dict_keys(['example_python_operator']) retrieved from /home/airflow/.local/lib/python3.7/site-packages/airflow/example_dags/example_python_operator.py
[2026-02-25T04:57:28.566+0000] {logging_mixin.py:149} INFO - [2026-02-25T04:57:28.566+0000] {dag.py:2726} INFO - Sync 1 DAGs
[2026-02-25T04:57:28.585+0000] {logging_mixin.py:149} INFO - [2026-02-25T04:57:28.584+0000] {dag.py:3490} INFO - Setting next_dagrun for example_python_operator to None, run_after=None
[2026-02-25T04:57:28.603+0000] {processor.py:178} INFO - Processing /home/airflow/.local/lib/python3.7/site-packages/airflow/example_dags/example_python_operator.py took 0.070 seconds
[2026-02-25T04:57:58.885+0000] {processor.py:156} INFO - Started process (PID=1255) to work on /home/airflow/.local/lib/python3.7/site-packages/airflow/example_dags/example_python_operator.py
[2026-02-25T04:57:58.886+0000] {processor.py:799} INFO - Processing file /home/airflow/.local/lib/python3.7/site-packages/airflow/example_dags/example_python_operator.py for tasks to queue
[2026-02-25T04:57:58.887+0000] {logging_mixin.py:149} INFO - [2026-02-25T04:57:58.887+0000] {dagbag.py:541} INFO - Filling up the DagBag from /home/airflow/.local/lib/python3.7/site-packages/airflow/example_dags/example_python_operator.py
[2026-02-25T04:57:58.892+0000] {logging_mixin.py:149} INFO - [2026-02-25T04:57:58.892+0000] {taskmixin.py:211} WARNING - Dependency <Task(_PythonDecoratedOperator): print_the_context>, log_sql_query already registered for DAG: example_python_operator
[2026-02-25T04:57:58.892+0000] {logging_mixin.py:149} INFO - [2026-02-25T04:57:58.892+0000] {taskmixin.py:211} WARNING - Dependency <Task(_PythonDecoratedOperator): log_sql_query>, print_the_context already registered for DAG: example_python_operator
[2026-02-25T04:57:58.893+0000] {logging_mixin.py:149} INFO - [2026-02-25T04:57:58.893+0000] {taskmixin.py:211} WARNING - Dependency <Task(_PythonDecoratedOperator): print_the_context>, log_sql_query already registered for DAG: example_python_operator
[2026-02-25T04:57:58.893+0000] {logging_mixin.py:149} INFO - [2026-02-25T04:57:58.893+0000] {taskmixin.py:211} WARNING - Dependency <Task(_PythonDecoratedOperator): log_sql_query>, print_the_context already registered for DAG: example_python_operator
[2026-02-25T04:57:58.893+0000] {logging_mixin.py:149} INFO - [2026-02-25T04:57:58.893+0000] {taskmixin.py:211} WARNING - Dependency <Task(_PythonDecoratedOperator): print_the_context>, log_sql_query already registered for DAG: example_python_operator
[2026-02-25T04:57:58.894+0000] {logging_mixin.py:149} INFO - [2026-02-25T04:57:58.894+0000] {taskmixin.py:211} WARNING - Dependency <Task(_PythonDecoratedOperator): log_sql_query>, print_the_context already registered for DAG: example_python_operator
[2026-02-25T04:57:58.894+0000] {logging_mixin.py:149} INFO - [2026-02-25T04:57:58.894+0000] {taskmixin.py:211} WARNING - Dependency <Task(_PythonDecoratedOperator): print_the_context>, log_sql_query already registered for DAG: example_python_operator
[2026-02-25T04:57:58.894+0000] {logging_mixin.py:149} INFO - [2026-02-25T04:57:58.894+0000] {taskmixin.py:211} WARNING - Dependency <Task(_PythonDecoratedOperator): log_sql_query>, print_the_context already registered for DAG: example_python_operator
[2026-02-25T04:57:58.896+0000] {processor.py:809} INFO - DAG(s) dict_keys(['example_python_operator']) retrieved from /home/airflow/.local/lib/python3.7/site-packages/airflow/example_dags/example_python_operator.py
[2026-02-25T04:57:58.918+0000] {logging_mixin.py:149} INFO - [2026-02-25T04:57:58.918+0000] {dag.py:2726} INFO - Sync 1 DAGs
[2026-02-25T04:57:58.937+0000] {logging_mixin.py:149} INFO - [2026-02-25T04:57:58.937+0000] {dag.py:3490} INFO - Setting next_dagrun for example_python_operator to None, run_after=None
[2026-02-25T04:57:58.951+0000] {processor.py:178} INFO - Processing /home/airflow/.local/lib/python3.7/site-packages/airflow/example_dags/example_python_operator.py took 0.069 seconds
[2026-02-25T04:58:29.468+0000] {processor.py:156} INFO - Started process (PID=1318) to work on /home/airflow/.local/lib/python3.7/site-packages/airflow/example_dags/example_python_operator.py
[2026-02-25T04:58:29.468+0000] {processor.py:799} INFO - Processing file /home/airflow/.local/lib/python3.7/site-packages/airflow/example_dags/example_python_operator.py for tasks to queue
[2026-02-25T04:58:29.469+0000] {logging_mixin.py:149} INFO - [2026-02-25T04:58:29.469+0000] {dagbag.py:541} INFO - Filling up the DagBag from /home/airflow/.local/lib/python3.7/site-packages/airflow/example_dags/example_python_operator.py
[2026-02-25T04:58:29.474+0000] {logging_mixin.py:149} INFO - [2026-02-25T04:58:29.473+0000] {taskmixin.py:211} WARNING - Dependency <Task(_PythonDecoratedOperator): print_the_context>, log_sql_query already registered for DAG: example_python_operator
[2026-02-25T04:58:29.474+0000] {logging_mixin.py:149} INFO - [2026-02-25T04:58:29.474+0000] {taskmixin.py:211} WARNING - Dependency <Task(_PythonDecoratedOperator): log_sql_query>, print_the_context already registered for DAG: example_python_operator
[2026-02-25T04:58:29.474+0000] {logging_mixin.py:149} INFO - [2026-02-25T04:58:29.474+0000] {taskmixin.py:211} WARNING - Dependency <Task(_PythonDecoratedOperator): print_the_context>, log_sql_query already registered for DAG: example_python_operator
[2026-02-25T04:58:29.474+0000] {logging_mixin.py:149} INFO - [2026-02-25T04:58:29.474+0000] {taskmixin.py:211} WARNING - Dependency <Task(_PythonDecoratedOperator): log_sql_query>, print_the_context already registered for DAG: example_python_operator
[2026-02-25T04:58:29.475+0000] {logging_mixin.py:149} INFO - [2026-02-25T04:58:29.475+0000] {taskmixin.py:211} WARNING - Dependency <Task(_PythonDecoratedOperator): print_the_context>, log_sql_query already registered for DAG: example_python_operator
[2026-02-25T04:58:29.475+0000] {logging_mixin.py:149} INFO - [2026-02-25T04:58:29.475+0000] {taskmixin.py:211} WARNING - Dependency <Task(_PythonDecoratedOperator): log_sql_query>, print_the_context already registered for DAG: example_python_operator
[2026-02-25T04:58:29.475+0000] {logging_mixin.py:149} INFO - [2026-02-25T04:58:29.475+0000] {taskmixin.py:211} WARNING - Dependency <Task(_PythonDecoratedOperator): print_the_context>, log_sql_query already registered for DAG: example_python_operator
[2026-02-25T04:58:29.475+0000] {logging_mixin.py:149} INFO - [2026-02-25T04:58:29.475+0000] {taskmixin.py:211} WARNING - Dependency <Task(_PythonDecoratedOperator): log_sql_query>, print_the_context already registered for DAG: example_python_operator
[2026-02-25T04:58:29.477+0000] {processor.py:809} INFO - DAG(s) dict_keys(['example_python_operator']) retrieved from /home/airflow/.local/lib/python3.7/site-packages/airflow/example_dags/example_python_operator.py
[2026-02-25T04:58:29.494+0000] {logging_mixin.py:149} INFO - [2026-02-25T04:58:29.494+0000] {dag.py:2726} INFO - Sync 1 DAGs
[2026-02-25T04:58:29.508+0000] {logging_mixin.py:149} INFO - [2026-02-25T04:58:29.508+0000] {dag.py:3490} INFO - Setting next_dagrun for example_python_operator to None, run_after=None
[2026-02-25T04:58:29.519+0000] {processor.py:178} INFO - Processing /home/airflow/.local/lib/python3.7/site-packages/airflow/example_dags/example_python_operator.py took 0.053 seconds
[2026-02-25T04:59:00.143+0000] {processor.py:156} INFO - Started process (PID=1380) to work on /home/airflow/.local/lib/python3.7/site-packages/airflow/example_dags/example_python_operator.py
[2026-02-25T04:59:00.144+0000] {processor.py:799} INFO - Processing file /home/airflow/.local/lib/python3.7/site-packages/airflow/example_dags/example_python_operator.py for tasks to queue
[2026-02-25T04:59:00.144+0000] {logging_mixin.py:149} INFO - [2026-02-25T04:59:00.144+0000] {dagbag.py:541} INFO - Filling up the DagBag from /home/airflow/.local/lib/python3.7/site-packages/airflow/example_dags/example_python_operator.py
[2026-02-25T04:59:00.149+0000] {logging_mixin.py:149} INFO - [2026-02-25T04:59:00.149+0000] {taskmixin.py:211} WARNING - Dependency <Task(_PythonDecoratedOperator): print_the_context>, log_sql_query already registered for DAG: example_python_operator
[2026-02-25T04:59:00.149+0000] {logging_mixin.py:149} INFO - [2026-02-25T04:59:00.149+0000] {taskmixin.py:211} WARNING - Dependency <Task(_PythonDecoratedOperator): log_sql_query>, print_the_context already registered for DAG: example_python_operator
[2026-02-25T04:59:00.150+0000] {logging_mixin.py:149} INFO - [2026-02-25T04:59:00.150+0000] {taskmixin.py:211} WARNING - Dependency <Task(_PythonDecoratedOperator): print_the_context>, log_sql_query already registered for DAG: example_python_operator
[2026-02-25T04:59:00.150+0000] {logging_mixin.py:149} INFO - [2026-02-25T04:59:00.150+0000] {taskmixin.py:211} WARNING - Dependency <Task(_PythonDecoratedOperator): log_sql_query>, print_the_context already registered for DAG: example_python_operator
[2026-02-25T04:59:00.151+0000] {logging_mixin.py:149} INFO - [2026-02-25T04:59:00.150+0000] {taskmixin.py:211} WARNING - Dependency <Task(_PythonDecoratedOperator): print_the_context>, log_sql_query already registered for DAG: example_python_operator
[2026-02-25T04:59:00.151+0000] {logging_mixin.py:149} INFO - [2026-02-25T04:59:00.151+0000] {taskmixin.py:211} WARNING - Dependency <Task(_PythonDecoratedOperator): log_sql_query>, print_the_context already registered for DAG: example_python_operator
[2026-02-25T04:59:00.151+0000] {logging_mixin.py:149} INFO - [2026-02-25T04:59:00.151+0000] {taskmixin.py:211} WARNING - Dependency <Task(_PythonDecoratedOperator): print_the_context>, log_sql_query already registered for DAG: example_python_operator
[2026-02-25T04:59:00.151+0000] {logging_mixin.py:149} INFO - [2026-02-25T04:59:00.151+0000] {taskmixin.py:211} WARNING - Dependency <Task(_PythonDecoratedOperator): log_sql_query>, print_the_context already registered for DAG: example_python_operator
[2026-02-25T04:59:00.153+0000] {processor.py:809} INFO - DAG(s) dict_keys(['example_python_operator']) retrieved from /home/airflow/.local/lib/python3.7/site-packages/airflow/example_dags/example_python_operator.py
[2026-02-25T04:59:00.175+0000] {logging_mixin.py:149} INFO - [2026-02-25T04:59:00.175+0000] {dag.py:2726} INFO - Sync 1 DAGs
[2026-02-25T04:59:00.192+0000] {logging_mixin.py:149} INFO - [2026-02-25T04:59:00.192+0000] {dag.py:3490} INFO - Setting next_dagrun for example_python_operator to None, run_after=None
[2026-02-25T04:59:00.211+0000] {processor.py:178} INFO - Processing /home/airflow/.local/lib/python3.7/site-packages/airflow/example_dags/example_python_operator.py took 0.070 seconds
[2026-02-25T04:59:30.698+0000] {processor.py:156} INFO - Started process (PID=1443) to work on /home/airflow/.local/lib/python3.7/site-packages/airflow/example_dags/example_python_operator.py
[2026-02-25T04:59:30.699+0000] {processor.py:799} INFO - Processing file /home/airflow/.local/lib/python3.7/site-packages/airflow/example_dags/example_python_operator.py for tasks to queue
[2026-02-25T04:59:30.701+0000] {logging_mixin.py:149} INFO - [2026-02-25T04:59:30.701+0000] {dagbag.py:541} INFO - Filling up the DagBag from /home/airflow/.local/lib/python3.7/site-packages/airflow/example_dags/example_python_operator.py
[2026-02-25T04:59:30.709+0000] {logging_mixin.py:149} INFO - [2026-02-25T04:59:30.709+0000] {taskmixin.py:211} WARNING - Dependency <Task(_PythonDecoratedOperator): print_the_context>, log_sql_query already registered for DAG: example_python_operator
[2026-02-25T04:59:30.711+0000] {logging_mixin.py:149} INFO - [2026-02-25T04:59:30.711+0000] {taskmixin.py:211} WARNING - Dependency <Task(_PythonDecoratedOperator): log_sql_query>, print_the_context already registered for DAG: example_python_operator
[2026-02-25T04:59:30.712+0000] {logging_mixin.py:149} INFO - [2026-02-25T04:59:30.712+0000] {taskmixin.py:211} WARNING - Dependency <Task(_PythonDecoratedOperator): print_the_context>, log_sql_query already registered for DAG: example_python_operator
[2026-02-25T04:59:30.713+0000] {logging_mixin.py:149} INFO - [2026-02-25T04:59:30.712+0000] {taskmixin.py:211} WARNING - Dependency <Task(_PythonDecoratedOperator): log_sql_query>, print_the_context already registered for DAG: example_python_operator
[2026-02-25T04:59:30.713+0000] {logging_mixin.py:149} INFO - [2026-02-25T04:59:30.713+0000] {taskmixin.py:211} WARNING - Dependency <Task(_PythonDecoratedOperator): print_the_context>, log_sql_query already registered for DAG: example_python_operator
[2026-02-25T04:59:30.714+0000] {logging_mixin.py:149} INFO - [2026-02-25T04:59:30.714+0000] {taskmixin.py:211} WARNING - Dependency <Task(_PythonDecoratedOperator): log_sql_query>, print_the_context already registered for DAG: example_python_operator
[2026-02-25T04:59:30.714+0000] {logging_mixin.py:149} INFO - [2026-02-25T04:59:30.714+0000] {taskmixin.py:211} WARNING - Dependency <Task(_PythonDecoratedOperator): print_the_context>, log_sql_query already registered for DAG: example_python_operator
[2026-02-25T04:59:30.715+0000] {logging_mixin.py:149} INFO - [2026-02-25T04:59:30.715+0000] {taskmixin.py:211} WARNING - Dependency <Task(_PythonDecoratedOperator): log_sql_query>, print_the_context already registered for DAG: example_python_operator
[2026-02-25T04:59:30.716+0000] {processor.py:809} INFO - DAG(s) dict_keys(['example_python_operator']) retrieved from /home/airflow/.local/lib/python3.7/site-packages/airflow/example_dags/example_python_operator.py
[2026-02-25T04:59:30.741+0000] {logging_mixin.py:149} INFO - [2026-02-25T04:59:30.741+0000] {dag.py:2726} INFO - Sync 1 DAGs
[2026-02-25T04:59:30.761+0000] {logging_mixin.py:149} INFO - [2026-02-25T04:59:30.761+0000] {dag.py:3490} INFO - Setting next_dagrun for example_python_operator to None, run_after=None
[2026-02-25T04:59:30.775+0000] {processor.py:178} INFO - Processing /home/airflow/.local/lib/python3.7/site-packages/airflow/example_dags/example_python_operator.py took 0.080 seconds
