[2026-02-25T04:40:38.939+0000] {processor.py:156} INFO - Started process (PID=57) to work on /home/airflow/.local/lib/python3.7/site-packages/airflow/example_dags/example_complex.py
[2026-02-25T04:40:38.940+0000] {processor.py:799} INFO - Processing file /home/airflow/.local/lib/python3.7/site-packages/airflow/example_dags/example_complex.py for tasks to queue
[2026-02-25T04:40:38.941+0000] {logging_mixin.py:149} INFO - [2026-02-25T04:40:38.941+0000] {dagbag.py:541} INFO - Filling up the DagBag from /home/airflow/.local/lib/python3.7/site-packages/airflow/example_dags/example_complex.py
[2026-02-25T04:40:38.957+0000] {logging_mixin.py:149} INFO - [2026-02-25T04:40:38.956+0000] {taskmixin.py:211} WARNING - Dependency <Task(BashOperator): create_entry_group>, delete_entry_group already registered for DAG: example_complex
[2026-02-25T04:40:38.958+0000] {logging_mixin.py:149} INFO - [2026-02-25T04:40:38.958+0000] {taskmixin.py:211} WARNING - Dependency <Task(BashOperator): delete_entry_group>, create_entry_group already registered for DAG: example_complex
[2026-02-25T04:40:38.961+0000] {logging_mixin.py:149} INFO - [2026-02-25T04:40:38.961+0000] {taskmixin.py:211} WARNING - Dependency <Task(BashOperator): create_entry_gcs>, delete_entry already registered for DAG: example_complex
[2026-02-25T04:40:38.962+0000] {logging_mixin.py:149} INFO - [2026-02-25T04:40:38.961+0000] {taskmixin.py:211} WARNING - Dependency <Task(BashOperator): delete_entry>, create_entry_gcs already registered for DAG: example_complex
[2026-02-25T04:40:38.962+0000] {logging_mixin.py:149} INFO - [2026-02-25T04:40:38.962+0000] {taskmixin.py:211} WARNING - Dependency <Task(BashOperator): create_tag>, delete_tag already registered for DAG: example_complex
[2026-02-25T04:40:38.963+0000] {logging_mixin.py:149} INFO - [2026-02-25T04:40:38.963+0000] {taskmixin.py:211} WARNING - Dependency <Task(BashOperator): delete_tag>, create_tag already registered for DAG: example_complex
[2026-02-25T04:40:38.965+0000] {processor.py:809} INFO - DAG(s) dict_keys(['example_complex']) retrieved from /home/airflow/.local/lib/python3.7/site-packages/airflow/example_dags/example_complex.py
[2026-02-25T04:40:39.096+0000] {logging_mixin.py:149} INFO - [2026-02-25T04:40:39.096+0000] {manager.py:504} INFO - Created Permission View: can edit on DAG:example_complex
[2026-02-25T04:40:39.103+0000] {logging_mixin.py:149} INFO - [2026-02-25T04:40:39.103+0000] {manager.py:504} INFO - Created Permission View: can delete on DAG:example_complex
[2026-02-25T04:40:39.109+0000] {logging_mixin.py:149} INFO - [2026-02-25T04:40:39.109+0000] {manager.py:504} INFO - Created Permission View: can read on DAG:example_complex
[2026-02-25T04:40:39.109+0000] {logging_mixin.py:149} INFO - [2026-02-25T04:40:39.109+0000] {dag.py:2726} INFO - Sync 1 DAGs
[2026-02-25T04:40:39.118+0000] {logging_mixin.py:149} INFO - [2026-02-25T04:40:39.118+0000] {dag.py:2747} INFO - Creating ORM DAG for example_complex
[2026-02-25T04:40:39.130+0000] {logging_mixin.py:149} INFO - [2026-02-25T04:40:39.130+0000] {dag.py:3490} INFO - Setting next_dagrun for example_complex to None, run_after=None
[2026-02-25T04:40:39.147+0000] {processor.py:178} INFO - Processing /home/airflow/.local/lib/python3.7/site-packages/airflow/example_dags/example_complex.py took 0.211 seconds
[2026-02-25T04:41:09.970+0000] {processor.py:156} INFO - Started process (PID=120) to work on /home/airflow/.local/lib/python3.7/site-packages/airflow/example_dags/example_complex.py
[2026-02-25T04:41:09.971+0000] {processor.py:799} INFO - Processing file /home/airflow/.local/lib/python3.7/site-packages/airflow/example_dags/example_complex.py for tasks to queue
[2026-02-25T04:41:09.973+0000] {logging_mixin.py:149} INFO - [2026-02-25T04:41:09.973+0000] {dagbag.py:541} INFO - Filling up the DagBag from /home/airflow/.local/lib/python3.7/site-packages/airflow/example_dags/example_complex.py
[2026-02-25T04:41:09.980+0000] {logging_mixin.py:149} INFO - [2026-02-25T04:41:09.980+0000] {taskmixin.py:211} WARNING - Dependency <Task(BashOperator): create_entry_group>, delete_entry_group already registered for DAG: example_complex
[2026-02-25T04:41:09.981+0000] {logging_mixin.py:149} INFO - [2026-02-25T04:41:09.981+0000] {taskmixin.py:211} WARNING - Dependency <Task(BashOperator): delete_entry_group>, create_entry_group already registered for DAG: example_complex
[2026-02-25T04:41:09.981+0000] {logging_mixin.py:149} INFO - [2026-02-25T04:41:09.981+0000] {taskmixin.py:211} WARNING - Dependency <Task(BashOperator): create_entry_gcs>, delete_entry already registered for DAG: example_complex
[2026-02-25T04:41:09.981+0000] {logging_mixin.py:149} INFO - [2026-02-25T04:41:09.981+0000] {taskmixin.py:211} WARNING - Dependency <Task(BashOperator): delete_entry>, create_entry_gcs already registered for DAG: example_complex
[2026-02-25T04:41:09.981+0000] {logging_mixin.py:149} INFO - [2026-02-25T04:41:09.981+0000] {taskmixin.py:211} WARNING - Dependency <Task(BashOperator): create_tag>, delete_tag already registered for DAG: example_complex
[2026-02-25T04:41:09.982+0000] {logging_mixin.py:149} INFO - [2026-02-25T04:41:09.981+0000] {taskmixin.py:211} WARNING - Dependency <Task(BashOperator): delete_tag>, create_tag already registered for DAG: example_complex
[2026-02-25T04:41:09.983+0000] {processor.py:809} INFO - DAG(s) dict_keys(['example_complex']) retrieved from /home/airflow/.local/lib/python3.7/site-packages/airflow/example_dags/example_complex.py
[2026-02-25T04:41:10.011+0000] {logging_mixin.py:149} INFO - [2026-02-25T04:41:10.011+0000] {dag.py:2726} INFO - Sync 1 DAGs
[2026-02-25T04:41:10.032+0000] {logging_mixin.py:149} INFO - [2026-02-25T04:41:10.032+0000] {dag.py:3490} INFO - Setting next_dagrun for example_complex to None, run_after=None
[2026-02-25T04:41:10.048+0000] {processor.py:178} INFO - Processing /home/airflow/.local/lib/python3.7/site-packages/airflow/example_dags/example_complex.py took 0.082 seconds
[2026-02-25T04:41:40.550+0000] {processor.py:156} INFO - Started process (PID=183) to work on /home/airflow/.local/lib/python3.7/site-packages/airflow/example_dags/example_complex.py
[2026-02-25T04:41:40.552+0000] {processor.py:799} INFO - Processing file /home/airflow/.local/lib/python3.7/site-packages/airflow/example_dags/example_complex.py for tasks to queue
[2026-02-25T04:41:40.552+0000] {logging_mixin.py:149} INFO - [2026-02-25T04:41:40.552+0000] {dagbag.py:541} INFO - Filling up the DagBag from /home/airflow/.local/lib/python3.7/site-packages/airflow/example_dags/example_complex.py
[2026-02-25T04:41:40.560+0000] {logging_mixin.py:149} INFO - [2026-02-25T04:41:40.560+0000] {taskmixin.py:211} WARNING - Dependency <Task(BashOperator): create_entry_group>, delete_entry_group already registered for DAG: example_complex
[2026-02-25T04:41:40.561+0000] {logging_mixin.py:149} INFO - [2026-02-25T04:41:40.561+0000] {taskmixin.py:211} WARNING - Dependency <Task(BashOperator): delete_entry_group>, create_entry_group already registered for DAG: example_complex
[2026-02-25T04:41:40.562+0000] {logging_mixin.py:149} INFO - [2026-02-25T04:41:40.562+0000] {taskmixin.py:211} WARNING - Dependency <Task(BashOperator): create_entry_gcs>, delete_entry already registered for DAG: example_complex
[2026-02-25T04:41:40.563+0000] {logging_mixin.py:149} INFO - [2026-02-25T04:41:40.562+0000] {taskmixin.py:211} WARNING - Dependency <Task(BashOperator): delete_entry>, create_entry_gcs already registered for DAG: example_complex
[2026-02-25T04:41:40.563+0000] {logging_mixin.py:149} INFO - [2026-02-25T04:41:40.563+0000] {taskmixin.py:211} WARNING - Dependency <Task(BashOperator): create_tag>, delete_tag already registered for DAG: example_complex
[2026-02-25T04:41:40.563+0000] {logging_mixin.py:149} INFO - [2026-02-25T04:41:40.563+0000] {taskmixin.py:211} WARNING - Dependency <Task(BashOperator): delete_tag>, create_tag already registered for DAG: example_complex
[2026-02-25T04:41:40.565+0000] {processor.py:809} INFO - DAG(s) dict_keys(['example_complex']) retrieved from /home/airflow/.local/lib/python3.7/site-packages/airflow/example_dags/example_complex.py
[2026-02-25T04:41:40.591+0000] {logging_mixin.py:149} INFO - [2026-02-25T04:41:40.591+0000] {dag.py:2726} INFO - Sync 1 DAGs
[2026-02-25T04:41:40.614+0000] {logging_mixin.py:149} INFO - [2026-02-25T04:41:40.614+0000] {dag.py:3490} INFO - Setting next_dagrun for example_complex to None, run_after=None
[2026-02-25T04:41:40.629+0000] {processor.py:178} INFO - Processing /home/airflow/.local/lib/python3.7/site-packages/airflow/example_dags/example_complex.py took 0.081 seconds
[2026-02-25T04:42:11.014+0000] {processor.py:156} INFO - Started process (PID=253) to work on /home/airflow/.local/lib/python3.7/site-packages/airflow/example_dags/example_complex.py
[2026-02-25T04:42:11.014+0000] {processor.py:799} INFO - Processing file /home/airflow/.local/lib/python3.7/site-packages/airflow/example_dags/example_complex.py for tasks to queue
[2026-02-25T04:42:11.015+0000] {logging_mixin.py:149} INFO - [2026-02-25T04:42:11.015+0000] {dagbag.py:541} INFO - Filling up the DagBag from /home/airflow/.local/lib/python3.7/site-packages/airflow/example_dags/example_complex.py
[2026-02-25T04:42:11.023+0000] {logging_mixin.py:149} INFO - [2026-02-25T04:42:11.022+0000] {taskmixin.py:211} WARNING - Dependency <Task(BashOperator): create_entry_group>, delete_entry_group already registered for DAG: example_complex
[2026-02-25T04:42:11.023+0000] {logging_mixin.py:149} INFO - [2026-02-25T04:42:11.023+0000] {taskmixin.py:211} WARNING - Dependency <Task(BashOperator): delete_entry_group>, create_entry_group already registered for DAG: example_complex
[2026-02-25T04:42:11.025+0000] {logging_mixin.py:149} INFO - [2026-02-25T04:42:11.025+0000] {taskmixin.py:211} WARNING - Dependency <Task(BashOperator): create_entry_gcs>, delete_entry already registered for DAG: example_complex
[2026-02-25T04:42:11.025+0000] {logging_mixin.py:149} INFO - [2026-02-25T04:42:11.025+0000] {taskmixin.py:211} WARNING - Dependency <Task(BashOperator): delete_entry>, create_entry_gcs already registered for DAG: example_complex
[2026-02-25T04:42:11.026+0000] {logging_mixin.py:149} INFO - [2026-02-25T04:42:11.026+0000] {taskmixin.py:211} WARNING - Dependency <Task(BashOperator): create_tag>, delete_tag already registered for DAG: example_complex
[2026-02-25T04:42:11.027+0000] {logging_mixin.py:149} INFO - [2026-02-25T04:42:11.026+0000] {taskmixin.py:211} WARNING - Dependency <Task(BashOperator): delete_tag>, create_tag already registered for DAG: example_complex
[2026-02-25T04:42:11.028+0000] {processor.py:809} INFO - DAG(s) dict_keys(['example_complex']) retrieved from /home/airflow/.local/lib/python3.7/site-packages/airflow/example_dags/example_complex.py
[2026-02-25T04:42:11.059+0000] {logging_mixin.py:149} INFO - [2026-02-25T04:42:11.059+0000] {dag.py:2726} INFO - Sync 1 DAGs
[2026-02-25T04:42:11.079+0000] {logging_mixin.py:149} INFO - [2026-02-25T04:42:11.079+0000] {dag.py:3490} INFO - Setting next_dagrun for example_complex to None, run_after=None
[2026-02-25T04:42:11.097+0000] {processor.py:178} INFO - Processing /home/airflow/.local/lib/python3.7/site-packages/airflow/example_dags/example_complex.py took 0.085 seconds
[2026-02-25T04:42:41.724+0000] {processor.py:156} INFO - Started process (PID=316) to work on /home/airflow/.local/lib/python3.7/site-packages/airflow/example_dags/example_complex.py
[2026-02-25T04:42:41.729+0000] {processor.py:799} INFO - Processing file /home/airflow/.local/lib/python3.7/site-packages/airflow/example_dags/example_complex.py for tasks to queue
[2026-02-25T04:42:41.729+0000] {logging_mixin.py:149} INFO - [2026-02-25T04:42:41.729+0000] {dagbag.py:541} INFO - Filling up the DagBag from /home/airflow/.local/lib/python3.7/site-packages/airflow/example_dags/example_complex.py
[2026-02-25T04:42:41.739+0000] {logging_mixin.py:149} INFO - [2026-02-25T04:42:41.739+0000] {taskmixin.py:211} WARNING - Dependency <Task(BashOperator): create_entry_group>, delete_entry_group already registered for DAG: example_complex
[2026-02-25T04:42:41.740+0000] {logging_mixin.py:149} INFO - [2026-02-25T04:42:41.740+0000] {taskmixin.py:211} WARNING - Dependency <Task(BashOperator): delete_entry_group>, create_entry_group already registered for DAG: example_complex
[2026-02-25T04:42:41.740+0000] {logging_mixin.py:149} INFO - [2026-02-25T04:42:41.740+0000] {taskmixin.py:211} WARNING - Dependency <Task(BashOperator): create_entry_gcs>, delete_entry already registered for DAG: example_complex
[2026-02-25T04:42:41.741+0000] {logging_mixin.py:149} INFO - [2026-02-25T04:42:41.740+0000] {taskmixin.py:211} WARNING - Dependency <Task(BashOperator): delete_entry>, create_entry_gcs already registered for DAG: example_complex
[2026-02-25T04:42:41.741+0000] {logging_mixin.py:149} INFO - [2026-02-25T04:42:41.741+0000] {taskmixin.py:211} WARNING - Dependency <Task(BashOperator): create_tag>, delete_tag already registered for DAG: example_complex
[2026-02-25T04:42:41.741+0000] {logging_mixin.py:149} INFO - [2026-02-25T04:42:41.741+0000] {taskmixin.py:211} WARNING - Dependency <Task(BashOperator): delete_tag>, create_tag already registered for DAG: example_complex
[2026-02-25T04:42:41.742+0000] {processor.py:809} INFO - DAG(s) dict_keys(['example_complex']) retrieved from /home/airflow/.local/lib/python3.7/site-packages/airflow/example_dags/example_complex.py
[2026-02-25T04:42:41.772+0000] {logging_mixin.py:149} INFO - [2026-02-25T04:42:41.772+0000] {dag.py:2726} INFO - Sync 1 DAGs
[2026-02-25T04:42:41.790+0000] {logging_mixin.py:149} INFO - [2026-02-25T04:42:41.789+0000] {dag.py:3490} INFO - Setting next_dagrun for example_complex to None, run_after=None
[2026-02-25T04:42:41.805+0000] {processor.py:178} INFO - Processing /home/airflow/.local/lib/python3.7/site-packages/airflow/example_dags/example_complex.py took 0.085 seconds
[2026-02-25T04:48:20.873+0000] {processor.py:156} INFO - Started process (PID=56) to work on /home/airflow/.local/lib/python3.7/site-packages/airflow/example_dags/example_complex.py
[2026-02-25T04:48:20.874+0000] {processor.py:799} INFO - Processing file /home/airflow/.local/lib/python3.7/site-packages/airflow/example_dags/example_complex.py for tasks to queue
[2026-02-25T04:48:20.875+0000] {logging_mixin.py:149} INFO - [2026-02-25T04:48:20.875+0000] {dagbag.py:541} INFO - Filling up the DagBag from /home/airflow/.local/lib/python3.7/site-packages/airflow/example_dags/example_complex.py
[2026-02-25T04:48:20.886+0000] {logging_mixin.py:149} INFO - [2026-02-25T04:48:20.886+0000] {taskmixin.py:211} WARNING - Dependency <Task(BashOperator): create_entry_group>, delete_entry_group already registered for DAG: example_complex
[2026-02-25T04:48:20.888+0000] {logging_mixin.py:149} INFO - [2026-02-25T04:48:20.888+0000] {taskmixin.py:211} WARNING - Dependency <Task(BashOperator): delete_entry_group>, create_entry_group already registered for DAG: example_complex
[2026-02-25T04:48:20.888+0000] {logging_mixin.py:149} INFO - [2026-02-25T04:48:20.888+0000] {taskmixin.py:211} WARNING - Dependency <Task(BashOperator): create_entry_gcs>, delete_entry already registered for DAG: example_complex
[2026-02-25T04:48:20.888+0000] {logging_mixin.py:149} INFO - [2026-02-25T04:48:20.888+0000] {taskmixin.py:211} WARNING - Dependency <Task(BashOperator): delete_entry>, create_entry_gcs already registered for DAG: example_complex
[2026-02-25T04:48:20.889+0000] {logging_mixin.py:149} INFO - [2026-02-25T04:48:20.889+0000] {taskmixin.py:211} WARNING - Dependency <Task(BashOperator): create_tag>, delete_tag already registered for DAG: example_complex
[2026-02-25T04:48:20.889+0000] {logging_mixin.py:149} INFO - [2026-02-25T04:48:20.889+0000] {taskmixin.py:211} WARNING - Dependency <Task(BashOperator): delete_tag>, create_tag already registered for DAG: example_complex
[2026-02-25T04:48:20.890+0000] {processor.py:809} INFO - DAG(s) dict_keys(['example_complex']) retrieved from /home/airflow/.local/lib/python3.7/site-packages/airflow/example_dags/example_complex.py
[2026-02-25T04:48:20.904+0000] {logging_mixin.py:149} INFO - [2026-02-25T04:48:20.904+0000] {dag.py:2726} INFO - Sync 1 DAGs
[2026-02-25T04:48:20.924+0000] {logging_mixin.py:149} INFO - [2026-02-25T04:48:20.923+0000] {dag.py:3490} INFO - Setting next_dagrun for example_complex to None, run_after=None
[2026-02-25T04:48:20.939+0000] {processor.py:178} INFO - Processing /home/airflow/.local/lib/python3.7/site-packages/airflow/example_dags/example_complex.py took 0.068 seconds
[2026-02-25T04:48:51.352+0000] {processor.py:156} INFO - Started process (PID=119) to work on /home/airflow/.local/lib/python3.7/site-packages/airflow/example_dags/example_complex.py
[2026-02-25T04:48:51.353+0000] {processor.py:799} INFO - Processing file /home/airflow/.local/lib/python3.7/site-packages/airflow/example_dags/example_complex.py for tasks to queue
[2026-02-25T04:48:51.354+0000] {logging_mixin.py:149} INFO - [2026-02-25T04:48:51.354+0000] {dagbag.py:541} INFO - Filling up the DagBag from /home/airflow/.local/lib/python3.7/site-packages/airflow/example_dags/example_complex.py
[2026-02-25T04:48:51.361+0000] {logging_mixin.py:149} INFO - [2026-02-25T04:48:51.361+0000] {taskmixin.py:211} WARNING - Dependency <Task(BashOperator): create_entry_group>, delete_entry_group already registered for DAG: example_complex
[2026-02-25T04:48:51.362+0000] {logging_mixin.py:149} INFO - [2026-02-25T04:48:51.362+0000] {taskmixin.py:211} WARNING - Dependency <Task(BashOperator): delete_entry_group>, create_entry_group already registered for DAG: example_complex
[2026-02-25T04:48:51.365+0000] {logging_mixin.py:149} INFO - [2026-02-25T04:48:51.365+0000] {taskmixin.py:211} WARNING - Dependency <Task(BashOperator): create_entry_gcs>, delete_entry already registered for DAG: example_complex
[2026-02-25T04:48:51.365+0000] {logging_mixin.py:149} INFO - [2026-02-25T04:48:51.365+0000] {taskmixin.py:211} WARNING - Dependency <Task(BashOperator): delete_entry>, create_entry_gcs already registered for DAG: example_complex
[2026-02-25T04:48:51.365+0000] {logging_mixin.py:149} INFO - [2026-02-25T04:48:51.365+0000] {taskmixin.py:211} WARNING - Dependency <Task(BashOperator): create_tag>, delete_tag already registered for DAG: example_complex
[2026-02-25T04:48:51.365+0000] {logging_mixin.py:149} INFO - [2026-02-25T04:48:51.365+0000] {taskmixin.py:211} WARNING - Dependency <Task(BashOperator): delete_tag>, create_tag already registered for DAG: example_complex
[2026-02-25T04:48:51.366+0000] {processor.py:809} INFO - DAG(s) dict_keys(['example_complex']) retrieved from /home/airflow/.local/lib/python3.7/site-packages/airflow/example_dags/example_complex.py
[2026-02-25T04:48:51.393+0000] {logging_mixin.py:149} INFO - [2026-02-25T04:48:51.393+0000] {dag.py:2726} INFO - Sync 1 DAGs
[2026-02-25T04:48:51.414+0000] {logging_mixin.py:149} INFO - [2026-02-25T04:48:51.414+0000] {dag.py:3490} INFO - Setting next_dagrun for example_complex to None, run_after=None
[2026-02-25T04:48:51.433+0000] {processor.py:178} INFO - Processing /home/airflow/.local/lib/python3.7/site-packages/airflow/example_dags/example_complex.py took 0.083 seconds
[2026-02-25T04:49:21.810+0000] {processor.py:156} INFO - Started process (PID=182) to work on /home/airflow/.local/lib/python3.7/site-packages/airflow/example_dags/example_complex.py
[2026-02-25T04:49:21.810+0000] {processor.py:799} INFO - Processing file /home/airflow/.local/lib/python3.7/site-packages/airflow/example_dags/example_complex.py for tasks to queue
[2026-02-25T04:49:21.811+0000] {logging_mixin.py:149} INFO - [2026-02-25T04:49:21.811+0000] {dagbag.py:541} INFO - Filling up the DagBag from /home/airflow/.local/lib/python3.7/site-packages/airflow/example_dags/example_complex.py
[2026-02-25T04:49:21.817+0000] {logging_mixin.py:149} INFO - [2026-02-25T04:49:21.817+0000] {taskmixin.py:211} WARNING - Dependency <Task(BashOperator): create_entry_group>, delete_entry_group already registered for DAG: example_complex
[2026-02-25T04:49:21.817+0000] {logging_mixin.py:149} INFO - [2026-02-25T04:49:21.817+0000] {taskmixin.py:211} WARNING - Dependency <Task(BashOperator): delete_entry_group>, create_entry_group already registered for DAG: example_complex
[2026-02-25T04:49:21.817+0000] {logging_mixin.py:149} INFO - [2026-02-25T04:49:21.817+0000] {taskmixin.py:211} WARNING - Dependency <Task(BashOperator): create_entry_gcs>, delete_entry already registered for DAG: example_complex
[2026-02-25T04:49:21.818+0000] {logging_mixin.py:149} INFO - [2026-02-25T04:49:21.817+0000] {taskmixin.py:211} WARNING - Dependency <Task(BashOperator): delete_entry>, create_entry_gcs already registered for DAG: example_complex
[2026-02-25T04:49:21.818+0000] {logging_mixin.py:149} INFO - [2026-02-25T04:49:21.818+0000] {taskmixin.py:211} WARNING - Dependency <Task(BashOperator): create_tag>, delete_tag already registered for DAG: example_complex
[2026-02-25T04:49:21.818+0000] {logging_mixin.py:149} INFO - [2026-02-25T04:49:21.818+0000] {taskmixin.py:211} WARNING - Dependency <Task(BashOperator): delete_tag>, create_tag already registered for DAG: example_complex
[2026-02-25T04:49:21.819+0000] {processor.py:809} INFO - DAG(s) dict_keys(['example_complex']) retrieved from /home/airflow/.local/lib/python3.7/site-packages/airflow/example_dags/example_complex.py
[2026-02-25T04:49:21.842+0000] {logging_mixin.py:149} INFO - [2026-02-25T04:49:21.842+0000] {dag.py:2726} INFO - Sync 1 DAGs
[2026-02-25T04:49:21.858+0000] {logging_mixin.py:149} INFO - [2026-02-25T04:49:21.858+0000] {dag.py:3490} INFO - Setting next_dagrun for example_complex to None, run_after=None
[2026-02-25T04:49:21.869+0000] {processor.py:178} INFO - Processing /home/airflow/.local/lib/python3.7/site-packages/airflow/example_dags/example_complex.py took 0.062 seconds
[2026-02-25T04:49:52.375+0000] {processor.py:156} INFO - Started process (PID=245) to work on /home/airflow/.local/lib/python3.7/site-packages/airflow/example_dags/example_complex.py
[2026-02-25T04:49:52.377+0000] {processor.py:799} INFO - Processing file /home/airflow/.local/lib/python3.7/site-packages/airflow/example_dags/example_complex.py for tasks to queue
[2026-02-25T04:49:52.380+0000] {logging_mixin.py:149} INFO - [2026-02-25T04:49:52.380+0000] {dagbag.py:541} INFO - Filling up the DagBag from /home/airflow/.local/lib/python3.7/site-packages/airflow/example_dags/example_complex.py
[2026-02-25T04:49:52.389+0000] {logging_mixin.py:149} INFO - [2026-02-25T04:49:52.389+0000] {taskmixin.py:211} WARNING - Dependency <Task(BashOperator): create_entry_group>, delete_entry_group already registered for DAG: example_complex
[2026-02-25T04:49:52.389+0000] {logging_mixin.py:149} INFO - [2026-02-25T04:49:52.389+0000] {taskmixin.py:211} WARNING - Dependency <Task(BashOperator): delete_entry_group>, create_entry_group already registered for DAG: example_complex
[2026-02-25T04:49:52.391+0000] {logging_mixin.py:149} INFO - [2026-02-25T04:49:52.390+0000] {taskmixin.py:211} WARNING - Dependency <Task(BashOperator): create_entry_gcs>, delete_entry already registered for DAG: example_complex
[2026-02-25T04:49:52.391+0000] {logging_mixin.py:149} INFO - [2026-02-25T04:49:52.391+0000] {taskmixin.py:211} WARNING - Dependency <Task(BashOperator): delete_entry>, create_entry_gcs already registered for DAG: example_complex
[2026-02-25T04:49:52.391+0000] {logging_mixin.py:149} INFO - [2026-02-25T04:49:52.391+0000] {taskmixin.py:211} WARNING - Dependency <Task(BashOperator): create_tag>, delete_tag already registered for DAG: example_complex
[2026-02-25T04:49:52.391+0000] {logging_mixin.py:149} INFO - [2026-02-25T04:49:52.391+0000] {taskmixin.py:211} WARNING - Dependency <Task(BashOperator): delete_tag>, create_tag already registered for DAG: example_complex
[2026-02-25T04:49:52.392+0000] {processor.py:809} INFO - DAG(s) dict_keys(['example_complex']) retrieved from /home/airflow/.local/lib/python3.7/site-packages/airflow/example_dags/example_complex.py
[2026-02-25T04:49:52.433+0000] {logging_mixin.py:149} INFO - [2026-02-25T04:49:52.433+0000] {dag.py:2726} INFO - Sync 1 DAGs
[2026-02-25T04:49:52.454+0000] {logging_mixin.py:149} INFO - [2026-02-25T04:49:52.454+0000] {dag.py:3490} INFO - Setting next_dagrun for example_complex to None, run_after=None
[2026-02-25T04:49:52.474+0000] {processor.py:178} INFO - Processing /home/airflow/.local/lib/python3.7/site-packages/airflow/example_dags/example_complex.py took 0.100 seconds
[2026-02-25T04:50:22.849+0000] {processor.py:156} INFO - Started process (PID=308) to work on /home/airflow/.local/lib/python3.7/site-packages/airflow/example_dags/example_complex.py
[2026-02-25T04:50:22.852+0000] {processor.py:799} INFO - Processing file /home/airflow/.local/lib/python3.7/site-packages/airflow/example_dags/example_complex.py for tasks to queue
[2026-02-25T04:50:22.852+0000] {logging_mixin.py:149} INFO - [2026-02-25T04:50:22.852+0000] {dagbag.py:541} INFO - Filling up the DagBag from /home/airflow/.local/lib/python3.7/site-packages/airflow/example_dags/example_complex.py
[2026-02-25T04:50:22.862+0000] {logging_mixin.py:149} INFO - [2026-02-25T04:50:22.862+0000] {taskmixin.py:211} WARNING - Dependency <Task(BashOperator): create_entry_group>, delete_entry_group already registered for DAG: example_complex
[2026-02-25T04:50:22.863+0000] {logging_mixin.py:149} INFO - [2026-02-25T04:50:22.862+0000] {taskmixin.py:211} WARNING - Dependency <Task(BashOperator): delete_entry_group>, create_entry_group already registered for DAG: example_complex
[2026-02-25T04:50:22.864+0000] {logging_mixin.py:149} INFO - [2026-02-25T04:50:22.864+0000] {taskmixin.py:211} WARNING - Dependency <Task(BashOperator): create_entry_gcs>, delete_entry already registered for DAG: example_complex
[2026-02-25T04:50:22.865+0000] {logging_mixin.py:149} INFO - [2026-02-25T04:50:22.864+0000] {taskmixin.py:211} WARNING - Dependency <Task(BashOperator): delete_entry>, create_entry_gcs already registered for DAG: example_complex
[2026-02-25T04:50:22.868+0000] {logging_mixin.py:149} INFO - [2026-02-25T04:50:22.868+0000] {taskmixin.py:211} WARNING - Dependency <Task(BashOperator): create_tag>, delete_tag already registered for DAG: example_complex
[2026-02-25T04:50:22.868+0000] {logging_mixin.py:149} INFO - [2026-02-25T04:50:22.868+0000] {taskmixin.py:211} WARNING - Dependency <Task(BashOperator): delete_tag>, create_tag already registered for DAG: example_complex
[2026-02-25T04:50:22.869+0000] {processor.py:809} INFO - DAG(s) dict_keys(['example_complex']) retrieved from /home/airflow/.local/lib/python3.7/site-packages/airflow/example_dags/example_complex.py
[2026-02-25T04:50:22.905+0000] {logging_mixin.py:149} INFO - [2026-02-25T04:50:22.905+0000] {dag.py:2726} INFO - Sync 1 DAGs
[2026-02-25T04:50:22.928+0000] {logging_mixin.py:149} INFO - [2026-02-25T04:50:22.928+0000] {dag.py:3490} INFO - Setting next_dagrun for example_complex to None, run_after=None
[2026-02-25T04:50:22.943+0000] {processor.py:178} INFO - Processing /home/airflow/.local/lib/python3.7/site-packages/airflow/example_dags/example_complex.py took 0.097 seconds
[2026-02-25T04:50:53.005+0000] {processor.py:156} INFO - Started process (PID=371) to work on /home/airflow/.local/lib/python3.7/site-packages/airflow/example_dags/example_complex.py
[2026-02-25T04:50:53.006+0000] {processor.py:799} INFO - Processing file /home/airflow/.local/lib/python3.7/site-packages/airflow/example_dags/example_complex.py for tasks to queue
[2026-02-25T04:50:53.006+0000] {logging_mixin.py:149} INFO - [2026-02-25T04:50:53.006+0000] {dagbag.py:541} INFO - Filling up the DagBag from /home/airflow/.local/lib/python3.7/site-packages/airflow/example_dags/example_complex.py
[2026-02-25T04:50:53.015+0000] {logging_mixin.py:149} INFO - [2026-02-25T04:50:53.015+0000] {taskmixin.py:211} WARNING - Dependency <Task(BashOperator): create_entry_group>, delete_entry_group already registered for DAG: example_complex
[2026-02-25T04:50:53.018+0000] {logging_mixin.py:149} INFO - [2026-02-25T04:50:53.017+0000] {taskmixin.py:211} WARNING - Dependency <Task(BashOperator): delete_entry_group>, create_entry_group already registered for DAG: example_complex
[2026-02-25T04:50:53.019+0000] {logging_mixin.py:149} INFO - [2026-02-25T04:50:53.018+0000] {taskmixin.py:211} WARNING - Dependency <Task(BashOperator): create_entry_gcs>, delete_entry already registered for DAG: example_complex
[2026-02-25T04:50:53.019+0000] {logging_mixin.py:149} INFO - [2026-02-25T04:50:53.019+0000] {taskmixin.py:211} WARNING - Dependency <Task(BashOperator): delete_entry>, create_entry_gcs already registered for DAG: example_complex
[2026-02-25T04:50:53.019+0000] {logging_mixin.py:149} INFO - [2026-02-25T04:50:53.019+0000] {taskmixin.py:211} WARNING - Dependency <Task(BashOperator): create_tag>, delete_tag already registered for DAG: example_complex
[2026-02-25T04:50:53.019+0000] {logging_mixin.py:149} INFO - [2026-02-25T04:50:53.019+0000] {taskmixin.py:211} WARNING - Dependency <Task(BashOperator): delete_tag>, create_tag already registered for DAG: example_complex
[2026-02-25T04:50:53.020+0000] {processor.py:809} INFO - DAG(s) dict_keys(['example_complex']) retrieved from /home/airflow/.local/lib/python3.7/site-packages/airflow/example_dags/example_complex.py
[2026-02-25T04:50:53.051+0000] {logging_mixin.py:149} INFO - [2026-02-25T04:50:53.051+0000] {dag.py:2726} INFO - Sync 1 DAGs
[2026-02-25T04:50:53.072+0000] {logging_mixin.py:149} INFO - [2026-02-25T04:50:53.072+0000] {dag.py:3490} INFO - Setting next_dagrun for example_complex to None, run_after=None
[2026-02-25T04:50:53.087+0000] {processor.py:178} INFO - Processing /home/airflow/.local/lib/python3.7/site-packages/airflow/example_dags/example_complex.py took 0.084 seconds
[2026-02-25T04:51:23.352+0000] {processor.py:156} INFO - Started process (PID=434) to work on /home/airflow/.local/lib/python3.7/site-packages/airflow/example_dags/example_complex.py
[2026-02-25T04:51:23.352+0000] {processor.py:799} INFO - Processing file /home/airflow/.local/lib/python3.7/site-packages/airflow/example_dags/example_complex.py for tasks to queue
[2026-02-25T04:51:23.353+0000] {logging_mixin.py:149} INFO - [2026-02-25T04:51:23.353+0000] {dagbag.py:541} INFO - Filling up the DagBag from /home/airflow/.local/lib/python3.7/site-packages/airflow/example_dags/example_complex.py
[2026-02-25T04:51:23.360+0000] {logging_mixin.py:149} INFO - [2026-02-25T04:51:23.360+0000] {taskmixin.py:211} WARNING - Dependency <Task(BashOperator): create_entry_group>, delete_entry_group already registered for DAG: example_complex
[2026-02-25T04:51:23.361+0000] {logging_mixin.py:149} INFO - [2026-02-25T04:51:23.361+0000] {taskmixin.py:211} WARNING - Dependency <Task(BashOperator): delete_entry_group>, create_entry_group already registered for DAG: example_complex
[2026-02-25T04:51:23.362+0000] {logging_mixin.py:149} INFO - [2026-02-25T04:51:23.362+0000] {taskmixin.py:211} WARNING - Dependency <Task(BashOperator): create_entry_gcs>, delete_entry already registered for DAG: example_complex
[2026-02-25T04:51:23.362+0000] {logging_mixin.py:149} INFO - [2026-02-25T04:51:23.362+0000] {taskmixin.py:211} WARNING - Dependency <Task(BashOperator): delete_entry>, create_entry_gcs already registered for DAG: example_complex
[2026-02-25T04:51:23.362+0000] {logging_mixin.py:149} INFO - [2026-02-25T04:51:23.362+0000] {taskmixin.py:211} WARNING - Dependency <Task(BashOperator): create_tag>, delete_tag already registered for DAG: example_complex
[2026-02-25T04:51:23.362+0000] {logging_mixin.py:149} INFO - [2026-02-25T04:51:23.362+0000] {taskmixin.py:211} WARNING - Dependency <Task(BashOperator): delete_tag>, create_tag already registered for DAG: example_complex
[2026-02-25T04:51:23.363+0000] {processor.py:809} INFO - DAG(s) dict_keys(['example_complex']) retrieved from /home/airflow/.local/lib/python3.7/site-packages/airflow/example_dags/example_complex.py
[2026-02-25T04:51:23.391+0000] {logging_mixin.py:149} INFO - [2026-02-25T04:51:23.391+0000] {dag.py:2726} INFO - Sync 1 DAGs
[2026-02-25T04:51:23.410+0000] {logging_mixin.py:149} INFO - [2026-02-25T04:51:23.410+0000] {dag.py:3490} INFO - Setting next_dagrun for example_complex to None, run_after=None
[2026-02-25T04:51:23.429+0000] {processor.py:178} INFO - Processing /home/airflow/.local/lib/python3.7/site-packages/airflow/example_dags/example_complex.py took 0.079 seconds
[2026-02-25T04:51:53.527+0000] {processor.py:156} INFO - Started process (PID=497) to work on /home/airflow/.local/lib/python3.7/site-packages/airflow/example_dags/example_complex.py
[2026-02-25T04:51:53.530+0000] {processor.py:799} INFO - Processing file /home/airflow/.local/lib/python3.7/site-packages/airflow/example_dags/example_complex.py for tasks to queue
[2026-02-25T04:51:53.530+0000] {logging_mixin.py:149} INFO - [2026-02-25T04:51:53.530+0000] {dagbag.py:541} INFO - Filling up the DagBag from /home/airflow/.local/lib/python3.7/site-packages/airflow/example_dags/example_complex.py
[2026-02-25T04:51:53.538+0000] {logging_mixin.py:149} INFO - [2026-02-25T04:51:53.538+0000] {taskmixin.py:211} WARNING - Dependency <Task(BashOperator): create_entry_group>, delete_entry_group already registered for DAG: example_complex
[2026-02-25T04:51:53.540+0000] {logging_mixin.py:149} INFO - [2026-02-25T04:51:53.539+0000] {taskmixin.py:211} WARNING - Dependency <Task(BashOperator): delete_entry_group>, create_entry_group already registered for DAG: example_complex
[2026-02-25T04:51:53.540+0000] {logging_mixin.py:149} INFO - [2026-02-25T04:51:53.540+0000] {taskmixin.py:211} WARNING - Dependency <Task(BashOperator): create_entry_gcs>, delete_entry already registered for DAG: example_complex
[2026-02-25T04:51:53.541+0000] {logging_mixin.py:149} INFO - [2026-02-25T04:51:53.541+0000] {taskmixin.py:211} WARNING - Dependency <Task(BashOperator): delete_entry>, create_entry_gcs already registered for DAG: example_complex
[2026-02-25T04:51:53.542+0000] {logging_mixin.py:149} INFO - [2026-02-25T04:51:53.542+0000] {taskmixin.py:211} WARNING - Dependency <Task(BashOperator): create_tag>, delete_tag already registered for DAG: example_complex
[2026-02-25T04:51:53.542+0000] {logging_mixin.py:149} INFO - [2026-02-25T04:51:53.542+0000] {taskmixin.py:211} WARNING - Dependency <Task(BashOperator): delete_tag>, create_tag already registered for DAG: example_complex
[2026-02-25T04:51:53.545+0000] {processor.py:809} INFO - DAG(s) dict_keys(['example_complex']) retrieved from /home/airflow/.local/lib/python3.7/site-packages/airflow/example_dags/example_complex.py
[2026-02-25T04:51:53.572+0000] {logging_mixin.py:149} INFO - [2026-02-25T04:51:53.572+0000] {dag.py:2726} INFO - Sync 1 DAGs
[2026-02-25T04:51:53.596+0000] {logging_mixin.py:149} INFO - [2026-02-25T04:51:53.596+0000] {dag.py:3490} INFO - Setting next_dagrun for example_complex to None, run_after=None
[2026-02-25T04:51:53.617+0000] {processor.py:178} INFO - Processing /home/airflow/.local/lib/python3.7/site-packages/airflow/example_dags/example_complex.py took 0.093 seconds
[2026-02-25T04:52:24.095+0000] {processor.py:156} INFO - Started process (PID=566) to work on /home/airflow/.local/lib/python3.7/site-packages/airflow/example_dags/example_complex.py
[2026-02-25T04:52:24.095+0000] {processor.py:799} INFO - Processing file /home/airflow/.local/lib/python3.7/site-packages/airflow/example_dags/example_complex.py for tasks to queue
[2026-02-25T04:52:24.096+0000] {logging_mixin.py:149} INFO - [2026-02-25T04:52:24.096+0000] {dagbag.py:541} INFO - Filling up the DagBag from /home/airflow/.local/lib/python3.7/site-packages/airflow/example_dags/example_complex.py
[2026-02-25T04:52:24.103+0000] {logging_mixin.py:149} INFO - [2026-02-25T04:52:24.102+0000] {taskmixin.py:211} WARNING - Dependency <Task(BashOperator): create_entry_group>, delete_entry_group already registered for DAG: example_complex
[2026-02-25T04:52:24.103+0000] {logging_mixin.py:149} INFO - [2026-02-25T04:52:24.103+0000] {taskmixin.py:211} WARNING - Dependency <Task(BashOperator): delete_entry_group>, create_entry_group already registered for DAG: example_complex
[2026-02-25T04:52:24.103+0000] {logging_mixin.py:149} INFO - [2026-02-25T04:52:24.103+0000] {taskmixin.py:211} WARNING - Dependency <Task(BashOperator): create_entry_gcs>, delete_entry already registered for DAG: example_complex
[2026-02-25T04:52:24.104+0000] {logging_mixin.py:149} INFO - [2026-02-25T04:52:24.103+0000] {taskmixin.py:211} WARNING - Dependency <Task(BashOperator): delete_entry>, create_entry_gcs already registered for DAG: example_complex
[2026-02-25T04:52:24.104+0000] {logging_mixin.py:149} INFO - [2026-02-25T04:52:24.104+0000] {taskmixin.py:211} WARNING - Dependency <Task(BashOperator): create_tag>, delete_tag already registered for DAG: example_complex
[2026-02-25T04:52:24.104+0000] {logging_mixin.py:149} INFO - [2026-02-25T04:52:24.104+0000] {taskmixin.py:211} WARNING - Dependency <Task(BashOperator): delete_tag>, create_tag already registered for DAG: example_complex
[2026-02-25T04:52:24.106+0000] {processor.py:809} INFO - DAG(s) dict_keys(['example_complex']) retrieved from /home/airflow/.local/lib/python3.7/site-packages/airflow/example_dags/example_complex.py
[2026-02-25T04:52:24.134+0000] {logging_mixin.py:149} INFO - [2026-02-25T04:52:24.134+0000] {dag.py:2726} INFO - Sync 1 DAGs
[2026-02-25T04:52:24.160+0000] {logging_mixin.py:149} INFO - [2026-02-25T04:52:24.160+0000] {dag.py:3490} INFO - Setting next_dagrun for example_complex to None, run_after=None
[2026-02-25T04:52:24.179+0000] {processor.py:178} INFO - Processing /home/airflow/.local/lib/python3.7/site-packages/airflow/example_dags/example_complex.py took 0.087 seconds
[2026-02-25T04:52:54.485+0000] {processor.py:156} INFO - Started process (PID=630) to work on /home/airflow/.local/lib/python3.7/site-packages/airflow/example_dags/example_complex.py
[2026-02-25T04:52:54.486+0000] {processor.py:799} INFO - Processing file /home/airflow/.local/lib/python3.7/site-packages/airflow/example_dags/example_complex.py for tasks to queue
[2026-02-25T04:52:54.487+0000] {logging_mixin.py:149} INFO - [2026-02-25T04:52:54.487+0000] {dagbag.py:541} INFO - Filling up the DagBag from /home/airflow/.local/lib/python3.7/site-packages/airflow/example_dags/example_complex.py
[2026-02-25T04:52:54.494+0000] {logging_mixin.py:149} INFO - [2026-02-25T04:52:54.494+0000] {taskmixin.py:211} WARNING - Dependency <Task(BashOperator): create_entry_group>, delete_entry_group already registered for DAG: example_complex
[2026-02-25T04:52:54.494+0000] {logging_mixin.py:149} INFO - [2026-02-25T04:52:54.494+0000] {taskmixin.py:211} WARNING - Dependency <Task(BashOperator): delete_entry_group>, create_entry_group already registered for DAG: example_complex
[2026-02-25T04:52:54.494+0000] {logging_mixin.py:149} INFO - [2026-02-25T04:52:54.494+0000] {taskmixin.py:211} WARNING - Dependency <Task(BashOperator): create_entry_gcs>, delete_entry already registered for DAG: example_complex
[2026-02-25T04:52:54.494+0000] {logging_mixin.py:149} INFO - [2026-02-25T04:52:54.494+0000] {taskmixin.py:211} WARNING - Dependency <Task(BashOperator): delete_entry>, create_entry_gcs already registered for DAG: example_complex
[2026-02-25T04:52:54.495+0000] {logging_mixin.py:149} INFO - [2026-02-25T04:52:54.495+0000] {taskmixin.py:211} WARNING - Dependency <Task(BashOperator): create_tag>, delete_tag already registered for DAG: example_complex
[2026-02-25T04:52:54.495+0000] {logging_mixin.py:149} INFO - [2026-02-25T04:52:54.495+0000] {taskmixin.py:211} WARNING - Dependency <Task(BashOperator): delete_tag>, create_tag already registered for DAG: example_complex
[2026-02-25T04:52:54.496+0000] {processor.py:809} INFO - DAG(s) dict_keys(['example_complex']) retrieved from /home/airflow/.local/lib/python3.7/site-packages/airflow/example_dags/example_complex.py
[2026-02-25T04:52:54.523+0000] {logging_mixin.py:149} INFO - [2026-02-25T04:52:54.523+0000] {dag.py:2726} INFO - Sync 1 DAGs
[2026-02-25T04:52:54.541+0000] {logging_mixin.py:149} INFO - [2026-02-25T04:52:54.541+0000] {dag.py:3490} INFO - Setting next_dagrun for example_complex to None, run_after=None
[2026-02-25T04:52:54.558+0000] {processor.py:178} INFO - Processing /home/airflow/.local/lib/python3.7/site-packages/airflow/example_dags/example_complex.py took 0.075 seconds
[2026-02-25T04:53:25.103+0000] {processor.py:156} INFO - Started process (PID=693) to work on /home/airflow/.local/lib/python3.7/site-packages/airflow/example_dags/example_complex.py
[2026-02-25T04:53:25.103+0000] {processor.py:799} INFO - Processing file /home/airflow/.local/lib/python3.7/site-packages/airflow/example_dags/example_complex.py for tasks to queue
[2026-02-25T04:53:25.104+0000] {logging_mixin.py:149} INFO - [2026-02-25T04:53:25.104+0000] {dagbag.py:541} INFO - Filling up the DagBag from /home/airflow/.local/lib/python3.7/site-packages/airflow/example_dags/example_complex.py
[2026-02-25T04:53:25.110+0000] {logging_mixin.py:149} INFO - [2026-02-25T04:53:25.110+0000] {taskmixin.py:211} WARNING - Dependency <Task(BashOperator): create_entry_group>, delete_entry_group already registered for DAG: example_complex
[2026-02-25T04:53:25.110+0000] {logging_mixin.py:149} INFO - [2026-02-25T04:53:25.110+0000] {taskmixin.py:211} WARNING - Dependency <Task(BashOperator): delete_entry_group>, create_entry_group already registered for DAG: example_complex
[2026-02-25T04:53:25.110+0000] {logging_mixin.py:149} INFO - [2026-02-25T04:53:25.110+0000] {taskmixin.py:211} WARNING - Dependency <Task(BashOperator): create_entry_gcs>, delete_entry already registered for DAG: example_complex
[2026-02-25T04:53:25.110+0000] {logging_mixin.py:149} INFO - [2026-02-25T04:53:25.110+0000] {taskmixin.py:211} WARNING - Dependency <Task(BashOperator): delete_entry>, create_entry_gcs already registered for DAG: example_complex
[2026-02-25T04:53:25.111+0000] {logging_mixin.py:149} INFO - [2026-02-25T04:53:25.111+0000] {taskmixin.py:211} WARNING - Dependency <Task(BashOperator): create_tag>, delete_tag already registered for DAG: example_complex
[2026-02-25T04:53:25.111+0000] {logging_mixin.py:149} INFO - [2026-02-25T04:53:25.111+0000] {taskmixin.py:211} WARNING - Dependency <Task(BashOperator): delete_tag>, create_tag already registered for DAG: example_complex
[2026-02-25T04:53:25.112+0000] {processor.py:809} INFO - DAG(s) dict_keys(['example_complex']) retrieved from /home/airflow/.local/lib/python3.7/site-packages/airflow/example_dags/example_complex.py
[2026-02-25T04:53:25.133+0000] {logging_mixin.py:149} INFO - [2026-02-25T04:53:25.132+0000] {dag.py:2726} INFO - Sync 1 DAGs
[2026-02-25T04:53:25.147+0000] {logging_mixin.py:149} INFO - [2026-02-25T04:53:25.147+0000] {dag.py:3490} INFO - Setting next_dagrun for example_complex to None, run_after=None
[2026-02-25T04:53:25.157+0000] {processor.py:178} INFO - Processing /home/airflow/.local/lib/python3.7/site-packages/airflow/example_dags/example_complex.py took 0.057 seconds
[2026-02-25T04:53:55.662+0000] {processor.py:156} INFO - Started process (PID=756) to work on /home/airflow/.local/lib/python3.7/site-packages/airflow/example_dags/example_complex.py
[2026-02-25T04:53:55.664+0000] {processor.py:799} INFO - Processing file /home/airflow/.local/lib/python3.7/site-packages/airflow/example_dags/example_complex.py for tasks to queue
[2026-02-25T04:53:55.666+0000] {logging_mixin.py:149} INFO - [2026-02-25T04:53:55.666+0000] {dagbag.py:541} INFO - Filling up the DagBag from /home/airflow/.local/lib/python3.7/site-packages/airflow/example_dags/example_complex.py
[2026-02-25T04:53:55.675+0000] {logging_mixin.py:149} INFO - [2026-02-25T04:53:55.675+0000] {taskmixin.py:211} WARNING - Dependency <Task(BashOperator): create_entry_group>, delete_entry_group already registered for DAG: example_complex
[2026-02-25T04:53:55.675+0000] {logging_mixin.py:149} INFO - [2026-02-25T04:53:55.675+0000] {taskmixin.py:211} WARNING - Dependency <Task(BashOperator): delete_entry_group>, create_entry_group already registered for DAG: example_complex
[2026-02-25T04:53:55.676+0000] {logging_mixin.py:149} INFO - [2026-02-25T04:53:55.676+0000] {taskmixin.py:211} WARNING - Dependency <Task(BashOperator): create_entry_gcs>, delete_entry already registered for DAG: example_complex
[2026-02-25T04:53:55.677+0000] {logging_mixin.py:149} INFO - [2026-02-25T04:53:55.677+0000] {taskmixin.py:211} WARNING - Dependency <Task(BashOperator): delete_entry>, create_entry_gcs already registered for DAG: example_complex
[2026-02-25T04:53:55.677+0000] {logging_mixin.py:149} INFO - [2026-02-25T04:53:55.677+0000] {taskmixin.py:211} WARNING - Dependency <Task(BashOperator): create_tag>, delete_tag already registered for DAG: example_complex
[2026-02-25T04:53:55.678+0000] {logging_mixin.py:149} INFO - [2026-02-25T04:53:55.678+0000] {taskmixin.py:211} WARNING - Dependency <Task(BashOperator): delete_tag>, create_tag already registered for DAG: example_complex
[2026-02-25T04:53:55.684+0000] {processor.py:809} INFO - DAG(s) dict_keys(['example_complex']) retrieved from /home/airflow/.local/lib/python3.7/site-packages/airflow/example_dags/example_complex.py
[2026-02-25T04:53:55.713+0000] {logging_mixin.py:149} INFO - [2026-02-25T04:53:55.713+0000] {dag.py:2726} INFO - Sync 1 DAGs
[2026-02-25T04:53:55.732+0000] {logging_mixin.py:149} INFO - [2026-02-25T04:53:55.732+0000] {dag.py:3490} INFO - Setting next_dagrun for example_complex to None, run_after=None
[2026-02-25T04:53:55.752+0000] {processor.py:178} INFO - Processing /home/airflow/.local/lib/python3.7/site-packages/airflow/example_dags/example_complex.py took 0.093 seconds
[2026-02-25T04:54:26.067+0000] {processor.py:156} INFO - Started process (PID=819) to work on /home/airflow/.local/lib/python3.7/site-packages/airflow/example_dags/example_complex.py
[2026-02-25T04:54:26.068+0000] {processor.py:799} INFO - Processing file /home/airflow/.local/lib/python3.7/site-packages/airflow/example_dags/example_complex.py for tasks to queue
[2026-02-25T04:54:26.069+0000] {logging_mixin.py:149} INFO - [2026-02-25T04:54:26.069+0000] {dagbag.py:541} INFO - Filling up the DagBag from /home/airflow/.local/lib/python3.7/site-packages/airflow/example_dags/example_complex.py
[2026-02-25T04:54:26.079+0000] {logging_mixin.py:149} INFO - [2026-02-25T04:54:26.079+0000] {taskmixin.py:211} WARNING - Dependency <Task(BashOperator): create_entry_group>, delete_entry_group already registered for DAG: example_complex
[2026-02-25T04:54:26.079+0000] {logging_mixin.py:149} INFO - [2026-02-25T04:54:26.079+0000] {taskmixin.py:211} WARNING - Dependency <Task(BashOperator): delete_entry_group>, create_entry_group already registered for DAG: example_complex
[2026-02-25T04:54:26.080+0000] {logging_mixin.py:149} INFO - [2026-02-25T04:54:26.080+0000] {taskmixin.py:211} WARNING - Dependency <Task(BashOperator): create_entry_gcs>, delete_entry already registered for DAG: example_complex
[2026-02-25T04:54:26.080+0000] {logging_mixin.py:149} INFO - [2026-02-25T04:54:26.080+0000] {taskmixin.py:211} WARNING - Dependency <Task(BashOperator): delete_entry>, create_entry_gcs already registered for DAG: example_complex
[2026-02-25T04:54:26.080+0000] {logging_mixin.py:149} INFO - [2026-02-25T04:54:26.080+0000] {taskmixin.py:211} WARNING - Dependency <Task(BashOperator): create_tag>, delete_tag already registered for DAG: example_complex
[2026-02-25T04:54:26.081+0000] {logging_mixin.py:149} INFO - [2026-02-25T04:54:26.081+0000] {taskmixin.py:211} WARNING - Dependency <Task(BashOperator): delete_tag>, create_tag already registered for DAG: example_complex
[2026-02-25T04:54:26.082+0000] {processor.py:809} INFO - DAG(s) dict_keys(['example_complex']) retrieved from /home/airflow/.local/lib/python3.7/site-packages/airflow/example_dags/example_complex.py
[2026-02-25T04:54:26.108+0000] {logging_mixin.py:149} INFO - [2026-02-25T04:54:26.107+0000] {dag.py:2726} INFO - Sync 1 DAGs
[2026-02-25T04:54:26.127+0000] {logging_mixin.py:149} INFO - [2026-02-25T04:54:26.127+0000] {dag.py:3490} INFO - Setting next_dagrun for example_complex to None, run_after=None
[2026-02-25T04:54:26.142+0000] {processor.py:178} INFO - Processing /home/airflow/.local/lib/python3.7/site-packages/airflow/example_dags/example_complex.py took 0.077 seconds
[2026-02-25T04:54:56.364+0000] {processor.py:156} INFO - Started process (PID=882) to work on /home/airflow/.local/lib/python3.7/site-packages/airflow/example_dags/example_complex.py
[2026-02-25T04:54:56.365+0000] {processor.py:799} INFO - Processing file /home/airflow/.local/lib/python3.7/site-packages/airflow/example_dags/example_complex.py for tasks to queue
[2026-02-25T04:54:56.366+0000] {logging_mixin.py:149} INFO - [2026-02-25T04:54:56.365+0000] {dagbag.py:541} INFO - Filling up the DagBag from /home/airflow/.local/lib/python3.7/site-packages/airflow/example_dags/example_complex.py
[2026-02-25T04:54:56.375+0000] {logging_mixin.py:149} INFO - [2026-02-25T04:54:56.375+0000] {taskmixin.py:211} WARNING - Dependency <Task(BashOperator): create_entry_group>, delete_entry_group already registered for DAG: example_complex
[2026-02-25T04:54:56.376+0000] {logging_mixin.py:149} INFO - [2026-02-25T04:54:56.376+0000] {taskmixin.py:211} WARNING - Dependency <Task(BashOperator): delete_entry_group>, create_entry_group already registered for DAG: example_complex
[2026-02-25T04:54:56.376+0000] {logging_mixin.py:149} INFO - [2026-02-25T04:54:56.376+0000] {taskmixin.py:211} WARNING - Dependency <Task(BashOperator): create_entry_gcs>, delete_entry already registered for DAG: example_complex
[2026-02-25T04:54:56.376+0000] {logging_mixin.py:149} INFO - [2026-02-25T04:54:56.376+0000] {taskmixin.py:211} WARNING - Dependency <Task(BashOperator): delete_entry>, create_entry_gcs already registered for DAG: example_complex
[2026-02-25T04:54:56.376+0000] {logging_mixin.py:149} INFO - [2026-02-25T04:54:56.376+0000] {taskmixin.py:211} WARNING - Dependency <Task(BashOperator): create_tag>, delete_tag already registered for DAG: example_complex
[2026-02-25T04:54:56.377+0000] {logging_mixin.py:149} INFO - [2026-02-25T04:54:56.376+0000] {taskmixin.py:211} WARNING - Dependency <Task(BashOperator): delete_tag>, create_tag already registered for DAG: example_complex
[2026-02-25T04:54:56.378+0000] {processor.py:809} INFO - DAG(s) dict_keys(['example_complex']) retrieved from /home/airflow/.local/lib/python3.7/site-packages/airflow/example_dags/example_complex.py
[2026-02-25T04:54:56.401+0000] {logging_mixin.py:149} INFO - [2026-02-25T04:54:56.401+0000] {dag.py:2726} INFO - Sync 1 DAGs
[2026-02-25T04:54:56.420+0000] {logging_mixin.py:149} INFO - [2026-02-25T04:54:56.420+0000] {dag.py:3490} INFO - Setting next_dagrun for example_complex to None, run_after=None
[2026-02-25T04:54:56.439+0000] {processor.py:178} INFO - Processing /home/airflow/.local/lib/python3.7/site-packages/airflow/example_dags/example_complex.py took 0.077 seconds
[2026-02-25T04:55:26.712+0000] {processor.py:156} INFO - Started process (PID=945) to work on /home/airflow/.local/lib/python3.7/site-packages/airflow/example_dags/example_complex.py
[2026-02-25T04:55:26.713+0000] {processor.py:799} INFO - Processing file /home/airflow/.local/lib/python3.7/site-packages/airflow/example_dags/example_complex.py for tasks to queue
[2026-02-25T04:55:26.715+0000] {logging_mixin.py:149} INFO - [2026-02-25T04:55:26.714+0000] {dagbag.py:541} INFO - Filling up the DagBag from /home/airflow/.local/lib/python3.7/site-packages/airflow/example_dags/example_complex.py
[2026-02-25T04:55:26.724+0000] {logging_mixin.py:149} INFO - [2026-02-25T04:55:26.724+0000] {taskmixin.py:211} WARNING - Dependency <Task(BashOperator): create_entry_group>, delete_entry_group already registered for DAG: example_complex
[2026-02-25T04:55:26.725+0000] {logging_mixin.py:149} INFO - [2026-02-25T04:55:26.725+0000] {taskmixin.py:211} WARNING - Dependency <Task(BashOperator): delete_entry_group>, create_entry_group already registered for DAG: example_complex
[2026-02-25T04:55:26.725+0000] {logging_mixin.py:149} INFO - [2026-02-25T04:55:26.725+0000] {taskmixin.py:211} WARNING - Dependency <Task(BashOperator): create_entry_gcs>, delete_entry already registered for DAG: example_complex
[2026-02-25T04:55:26.725+0000] {logging_mixin.py:149} INFO - [2026-02-25T04:55:26.725+0000] {taskmixin.py:211} WARNING - Dependency <Task(BashOperator): delete_entry>, create_entry_gcs already registered for DAG: example_complex
[2026-02-25T04:55:26.726+0000] {logging_mixin.py:149} INFO - [2026-02-25T04:55:26.726+0000] {taskmixin.py:211} WARNING - Dependency <Task(BashOperator): create_tag>, delete_tag already registered for DAG: example_complex
[2026-02-25T04:55:26.726+0000] {logging_mixin.py:149} INFO - [2026-02-25T04:55:26.726+0000] {taskmixin.py:211} WARNING - Dependency <Task(BashOperator): delete_tag>, create_tag already registered for DAG: example_complex
[2026-02-25T04:55:26.727+0000] {processor.py:809} INFO - DAG(s) dict_keys(['example_complex']) retrieved from /home/airflow/.local/lib/python3.7/site-packages/airflow/example_dags/example_complex.py
[2026-02-25T04:55:26.762+0000] {logging_mixin.py:149} INFO - [2026-02-25T04:55:26.761+0000] {dag.py:2726} INFO - Sync 1 DAGs
[2026-02-25T04:55:26.782+0000] {logging_mixin.py:149} INFO - [2026-02-25T04:55:26.781+0000] {dag.py:3490} INFO - Setting next_dagrun for example_complex to None, run_after=None
[2026-02-25T04:55:26.801+0000] {processor.py:178} INFO - Processing /home/airflow/.local/lib/python3.7/site-packages/airflow/example_dags/example_complex.py took 0.091 seconds
[2026-02-25T04:55:57.346+0000] {processor.py:156} INFO - Started process (PID=1008) to work on /home/airflow/.local/lib/python3.7/site-packages/airflow/example_dags/example_complex.py
[2026-02-25T04:55:57.347+0000] {processor.py:799} INFO - Processing file /home/airflow/.local/lib/python3.7/site-packages/airflow/example_dags/example_complex.py for tasks to queue
[2026-02-25T04:55:57.349+0000] {logging_mixin.py:149} INFO - [2026-02-25T04:55:57.349+0000] {dagbag.py:541} INFO - Filling up the DagBag from /home/airflow/.local/lib/python3.7/site-packages/airflow/example_dags/example_complex.py
[2026-02-25T04:55:57.355+0000] {logging_mixin.py:149} INFO - [2026-02-25T04:55:57.355+0000] {taskmixin.py:211} WARNING - Dependency <Task(BashOperator): create_entry_group>, delete_entry_group already registered for DAG: example_complex
[2026-02-25T04:55:57.358+0000] {logging_mixin.py:149} INFO - [2026-02-25T04:55:57.358+0000] {taskmixin.py:211} WARNING - Dependency <Task(BashOperator): delete_entry_group>, create_entry_group already registered for DAG: example_complex
[2026-02-25T04:55:57.358+0000] {logging_mixin.py:149} INFO - [2026-02-25T04:55:57.358+0000] {taskmixin.py:211} WARNING - Dependency <Task(BashOperator): create_entry_gcs>, delete_entry already registered for DAG: example_complex
[2026-02-25T04:55:57.358+0000] {logging_mixin.py:149} INFO - [2026-02-25T04:55:57.358+0000] {taskmixin.py:211} WARNING - Dependency <Task(BashOperator): delete_entry>, create_entry_gcs already registered for DAG: example_complex
[2026-02-25T04:55:57.358+0000] {logging_mixin.py:149} INFO - [2026-02-25T04:55:57.358+0000] {taskmixin.py:211} WARNING - Dependency <Task(BashOperator): create_tag>, delete_tag already registered for DAG: example_complex
[2026-02-25T04:55:57.358+0000] {logging_mixin.py:149} INFO - [2026-02-25T04:55:57.358+0000] {taskmixin.py:211} WARNING - Dependency <Task(BashOperator): delete_tag>, create_tag already registered for DAG: example_complex
[2026-02-25T04:55:57.359+0000] {processor.py:809} INFO - DAG(s) dict_keys(['example_complex']) retrieved from /home/airflow/.local/lib/python3.7/site-packages/airflow/example_dags/example_complex.py
[2026-02-25T04:55:57.390+0000] {logging_mixin.py:149} INFO - [2026-02-25T04:55:57.390+0000] {dag.py:2726} INFO - Sync 1 DAGs
[2026-02-25T04:55:57.414+0000] {logging_mixin.py:149} INFO - [2026-02-25T04:55:57.413+0000] {dag.py:3490} INFO - Setting next_dagrun for example_complex to None, run_after=None
[2026-02-25T04:55:57.435+0000] {processor.py:178} INFO - Processing /home/airflow/.local/lib/python3.7/site-packages/airflow/example_dags/example_complex.py took 0.091 seconds
[2026-02-25T04:56:27.673+0000] {processor.py:156} INFO - Started process (PID=1071) to work on /home/airflow/.local/lib/python3.7/site-packages/airflow/example_dags/example_complex.py
[2026-02-25T04:56:27.675+0000] {processor.py:799} INFO - Processing file /home/airflow/.local/lib/python3.7/site-packages/airflow/example_dags/example_complex.py for tasks to queue
[2026-02-25T04:56:27.675+0000] {logging_mixin.py:149} INFO - [2026-02-25T04:56:27.675+0000] {dagbag.py:541} INFO - Filling up the DagBag from /home/airflow/.local/lib/python3.7/site-packages/airflow/example_dags/example_complex.py
[2026-02-25T04:56:27.681+0000] {logging_mixin.py:149} INFO - [2026-02-25T04:56:27.681+0000] {taskmixin.py:211} WARNING - Dependency <Task(BashOperator): create_entry_group>, delete_entry_group already registered for DAG: example_complex
[2026-02-25T04:56:27.682+0000] {logging_mixin.py:149} INFO - [2026-02-25T04:56:27.682+0000] {taskmixin.py:211} WARNING - Dependency <Task(BashOperator): delete_entry_group>, create_entry_group already registered for DAG: example_complex
[2026-02-25T04:56:27.682+0000] {logging_mixin.py:149} INFO - [2026-02-25T04:56:27.682+0000] {taskmixin.py:211} WARNING - Dependency <Task(BashOperator): create_entry_gcs>, delete_entry already registered for DAG: example_complex
[2026-02-25T04:56:27.682+0000] {logging_mixin.py:149} INFO - [2026-02-25T04:56:27.682+0000] {taskmixin.py:211} WARNING - Dependency <Task(BashOperator): delete_entry>, create_entry_gcs already registered for DAG: example_complex
[2026-02-25T04:56:27.682+0000] {logging_mixin.py:149} INFO - [2026-02-25T04:56:27.682+0000] {taskmixin.py:211} WARNING - Dependency <Task(BashOperator): create_tag>, delete_tag already registered for DAG: example_complex
[2026-02-25T04:56:27.682+0000] {logging_mixin.py:149} INFO - [2026-02-25T04:56:27.682+0000] {taskmixin.py:211} WARNING - Dependency <Task(BashOperator): delete_tag>, create_tag already registered for DAG: example_complex
[2026-02-25T04:56:27.683+0000] {processor.py:809} INFO - DAG(s) dict_keys(['example_complex']) retrieved from /home/airflow/.local/lib/python3.7/site-packages/airflow/example_dags/example_complex.py
[2026-02-25T04:56:27.711+0000] {logging_mixin.py:149} INFO - [2026-02-25T04:56:27.711+0000] {dag.py:2726} INFO - Sync 1 DAGs
[2026-02-25T04:56:27.726+0000] {logging_mixin.py:149} INFO - [2026-02-25T04:56:27.726+0000] {dag.py:3490} INFO - Setting next_dagrun for example_complex to None, run_after=None
[2026-02-25T04:56:27.745+0000] {processor.py:178} INFO - Processing /home/airflow/.local/lib/python3.7/site-packages/airflow/example_dags/example_complex.py took 0.074 seconds
[2026-02-25T04:56:58.341+0000] {processor.py:156} INFO - Started process (PID=1134) to work on /home/airflow/.local/lib/python3.7/site-packages/airflow/example_dags/example_complex.py
[2026-02-25T04:56:58.343+0000] {processor.py:799} INFO - Processing file /home/airflow/.local/lib/python3.7/site-packages/airflow/example_dags/example_complex.py for tasks to queue
[2026-02-25T04:56:58.344+0000] {logging_mixin.py:149} INFO - [2026-02-25T04:56:58.344+0000] {dagbag.py:541} INFO - Filling up the DagBag from /home/airflow/.local/lib/python3.7/site-packages/airflow/example_dags/example_complex.py
[2026-02-25T04:56:58.352+0000] {logging_mixin.py:149} INFO - [2026-02-25T04:56:58.352+0000] {taskmixin.py:211} WARNING - Dependency <Task(BashOperator): create_entry_group>, delete_entry_group already registered for DAG: example_complex
[2026-02-25T04:56:58.354+0000] {logging_mixin.py:149} INFO - [2026-02-25T04:56:58.354+0000] {taskmixin.py:211} WARNING - Dependency <Task(BashOperator): delete_entry_group>, create_entry_group already registered for DAG: example_complex
[2026-02-25T04:56:58.355+0000] {logging_mixin.py:149} INFO - [2026-02-25T04:56:58.355+0000] {taskmixin.py:211} WARNING - Dependency <Task(BashOperator): create_entry_gcs>, delete_entry already registered for DAG: example_complex
[2026-02-25T04:56:58.355+0000] {logging_mixin.py:149} INFO - [2026-02-25T04:56:58.355+0000] {taskmixin.py:211} WARNING - Dependency <Task(BashOperator): delete_entry>, create_entry_gcs already registered for DAG: example_complex
[2026-02-25T04:56:58.356+0000] {logging_mixin.py:149} INFO - [2026-02-25T04:56:58.356+0000] {taskmixin.py:211} WARNING - Dependency <Task(BashOperator): create_tag>, delete_tag already registered for DAG: example_complex
[2026-02-25T04:56:58.356+0000] {logging_mixin.py:149} INFO - [2026-02-25T04:56:58.356+0000] {taskmixin.py:211} WARNING - Dependency <Task(BashOperator): delete_tag>, create_tag already registered for DAG: example_complex
[2026-02-25T04:56:58.357+0000] {processor.py:809} INFO - DAG(s) dict_keys(['example_complex']) retrieved from /home/airflow/.local/lib/python3.7/site-packages/airflow/example_dags/example_complex.py
[2026-02-25T04:56:58.393+0000] {logging_mixin.py:149} INFO - [2026-02-25T04:56:58.393+0000] {dag.py:2726} INFO - Sync 1 DAGs
[2026-02-25T04:56:58.413+0000] {logging_mixin.py:149} INFO - [2026-02-25T04:56:58.413+0000] {dag.py:3490} INFO - Setting next_dagrun for example_complex to None, run_after=None
[2026-02-25T04:56:58.433+0000] {processor.py:178} INFO - Processing /home/airflow/.local/lib/python3.7/site-packages/airflow/example_dags/example_complex.py took 0.096 seconds
[2026-02-25T04:57:28.719+0000] {processor.py:156} INFO - Started process (PID=1197) to work on /home/airflow/.local/lib/python3.7/site-packages/airflow/example_dags/example_complex.py
[2026-02-25T04:57:28.723+0000] {processor.py:799} INFO - Processing file /home/airflow/.local/lib/python3.7/site-packages/airflow/example_dags/example_complex.py for tasks to queue
[2026-02-25T04:57:28.723+0000] {logging_mixin.py:149} INFO - [2026-02-25T04:57:28.723+0000] {dagbag.py:541} INFO - Filling up the DagBag from /home/airflow/.local/lib/python3.7/site-packages/airflow/example_dags/example_complex.py
[2026-02-25T04:57:28.729+0000] {logging_mixin.py:149} INFO - [2026-02-25T04:57:28.729+0000] {taskmixin.py:211} WARNING - Dependency <Task(BashOperator): create_entry_group>, delete_entry_group already registered for DAG: example_complex
[2026-02-25T04:57:28.729+0000] {logging_mixin.py:149} INFO - [2026-02-25T04:57:28.729+0000] {taskmixin.py:211} WARNING - Dependency <Task(BashOperator): delete_entry_group>, create_entry_group already registered for DAG: example_complex
[2026-02-25T04:57:28.730+0000] {logging_mixin.py:149} INFO - [2026-02-25T04:57:28.730+0000] {taskmixin.py:211} WARNING - Dependency <Task(BashOperator): create_entry_gcs>, delete_entry already registered for DAG: example_complex
[2026-02-25T04:57:28.730+0000] {logging_mixin.py:149} INFO - [2026-02-25T04:57:28.730+0000] {taskmixin.py:211} WARNING - Dependency <Task(BashOperator): delete_entry>, create_entry_gcs already registered for DAG: example_complex
[2026-02-25T04:57:28.730+0000] {logging_mixin.py:149} INFO - [2026-02-25T04:57:28.730+0000] {taskmixin.py:211} WARNING - Dependency <Task(BashOperator): create_tag>, delete_tag already registered for DAG: example_complex
[2026-02-25T04:57:28.730+0000] {logging_mixin.py:149} INFO - [2026-02-25T04:57:28.730+0000] {taskmixin.py:211} WARNING - Dependency <Task(BashOperator): delete_tag>, create_tag already registered for DAG: example_complex
[2026-02-25T04:57:28.731+0000] {processor.py:809} INFO - DAG(s) dict_keys(['example_complex']) retrieved from /home/airflow/.local/lib/python3.7/site-packages/airflow/example_dags/example_complex.py
[2026-02-25T04:57:28.762+0000] {logging_mixin.py:149} INFO - [2026-02-25T04:57:28.762+0000] {dag.py:2726} INFO - Sync 1 DAGs
[2026-02-25T04:57:28.780+0000] {logging_mixin.py:149} INFO - [2026-02-25T04:57:28.780+0000] {dag.py:3490} INFO - Setting next_dagrun for example_complex to None, run_after=None
[2026-02-25T04:57:28.792+0000] {processor.py:178} INFO - Processing /home/airflow/.local/lib/python3.7/site-packages/airflow/example_dags/example_complex.py took 0.076 seconds
[2026-02-25T04:57:59.079+0000] {processor.py:156} INFO - Started process (PID=1260) to work on /home/airflow/.local/lib/python3.7/site-packages/airflow/example_dags/example_complex.py
[2026-02-25T04:57:59.080+0000] {processor.py:799} INFO - Processing file /home/airflow/.local/lib/python3.7/site-packages/airflow/example_dags/example_complex.py for tasks to queue
[2026-02-25T04:57:59.081+0000] {logging_mixin.py:149} INFO - [2026-02-25T04:57:59.081+0000] {dagbag.py:541} INFO - Filling up the DagBag from /home/airflow/.local/lib/python3.7/site-packages/airflow/example_dags/example_complex.py
[2026-02-25T04:57:59.090+0000] {logging_mixin.py:149} INFO - [2026-02-25T04:57:59.090+0000] {taskmixin.py:211} WARNING - Dependency <Task(BashOperator): create_entry_group>, delete_entry_group already registered for DAG: example_complex
[2026-02-25T04:57:59.091+0000] {logging_mixin.py:149} INFO - [2026-02-25T04:57:59.091+0000] {taskmixin.py:211} WARNING - Dependency <Task(BashOperator): delete_entry_group>, create_entry_group already registered for DAG: example_complex
[2026-02-25T04:57:59.091+0000] {logging_mixin.py:149} INFO - [2026-02-25T04:57:59.091+0000] {taskmixin.py:211} WARNING - Dependency <Task(BashOperator): create_entry_gcs>, delete_entry already registered for DAG: example_complex
[2026-02-25T04:57:59.091+0000] {logging_mixin.py:149} INFO - [2026-02-25T04:57:59.091+0000] {taskmixin.py:211} WARNING - Dependency <Task(BashOperator): delete_entry>, create_entry_gcs already registered for DAG: example_complex
[2026-02-25T04:57:59.091+0000] {logging_mixin.py:149} INFO - [2026-02-25T04:57:59.091+0000] {taskmixin.py:211} WARNING - Dependency <Task(BashOperator): create_tag>, delete_tag already registered for DAG: example_complex
[2026-02-25T04:57:59.092+0000] {logging_mixin.py:149} INFO - [2026-02-25T04:57:59.092+0000] {taskmixin.py:211} WARNING - Dependency <Task(BashOperator): delete_tag>, create_tag already registered for DAG: example_complex
[2026-02-25T04:57:59.093+0000] {processor.py:809} INFO - DAG(s) dict_keys(['example_complex']) retrieved from /home/airflow/.local/lib/python3.7/site-packages/airflow/example_dags/example_complex.py
[2026-02-25T04:57:59.121+0000] {logging_mixin.py:149} INFO - [2026-02-25T04:57:59.121+0000] {dag.py:2726} INFO - Sync 1 DAGs
[2026-02-25T04:57:59.143+0000] {logging_mixin.py:149} INFO - [2026-02-25T04:57:59.143+0000] {dag.py:3490} INFO - Setting next_dagrun for example_complex to None, run_after=None
[2026-02-25T04:57:59.160+0000] {processor.py:178} INFO - Processing /home/airflow/.local/lib/python3.7/site-packages/airflow/example_dags/example_complex.py took 0.086 seconds
[2026-02-25T04:58:29.689+0000] {processor.py:156} INFO - Started process (PID=1323) to work on /home/airflow/.local/lib/python3.7/site-packages/airflow/example_dags/example_complex.py
[2026-02-25T04:58:29.689+0000] {processor.py:799} INFO - Processing file /home/airflow/.local/lib/python3.7/site-packages/airflow/example_dags/example_complex.py for tasks to queue
[2026-02-25T04:58:29.690+0000] {logging_mixin.py:149} INFO - [2026-02-25T04:58:29.690+0000] {dagbag.py:541} INFO - Filling up the DagBag from /home/airflow/.local/lib/python3.7/site-packages/airflow/example_dags/example_complex.py
[2026-02-25T04:58:29.696+0000] {logging_mixin.py:149} INFO - [2026-02-25T04:58:29.696+0000] {taskmixin.py:211} WARNING - Dependency <Task(BashOperator): create_entry_group>, delete_entry_group already registered for DAG: example_complex
[2026-02-25T04:58:29.696+0000] {logging_mixin.py:149} INFO - [2026-02-25T04:58:29.696+0000] {taskmixin.py:211} WARNING - Dependency <Task(BashOperator): delete_entry_group>, create_entry_group already registered for DAG: example_complex
[2026-02-25T04:58:29.696+0000] {logging_mixin.py:149} INFO - [2026-02-25T04:58:29.696+0000] {taskmixin.py:211} WARNING - Dependency <Task(BashOperator): create_entry_gcs>, delete_entry already registered for DAG: example_complex
[2026-02-25T04:58:29.696+0000] {logging_mixin.py:149} INFO - [2026-02-25T04:58:29.696+0000] {taskmixin.py:211} WARNING - Dependency <Task(BashOperator): delete_entry>, create_entry_gcs already registered for DAG: example_complex
[2026-02-25T04:58:29.697+0000] {logging_mixin.py:149} INFO - [2026-02-25T04:58:29.697+0000] {taskmixin.py:211} WARNING - Dependency <Task(BashOperator): create_tag>, delete_tag already registered for DAG: example_complex
[2026-02-25T04:58:29.697+0000] {logging_mixin.py:149} INFO - [2026-02-25T04:58:29.697+0000] {taskmixin.py:211} WARNING - Dependency <Task(BashOperator): delete_tag>, create_tag already registered for DAG: example_complex
[2026-02-25T04:58:29.698+0000] {processor.py:809} INFO - DAG(s) dict_keys(['example_complex']) retrieved from /home/airflow/.local/lib/python3.7/site-packages/airflow/example_dags/example_complex.py
[2026-02-25T04:58:29.721+0000] {logging_mixin.py:149} INFO - [2026-02-25T04:58:29.720+0000] {dag.py:2726} INFO - Sync 1 DAGs
[2026-02-25T04:58:29.740+0000] {logging_mixin.py:149} INFO - [2026-02-25T04:58:29.740+0000] {dag.py:3490} INFO - Setting next_dagrun for example_complex to None, run_after=None
[2026-02-25T04:58:29.752+0000] {processor.py:178} INFO - Processing /home/airflow/.local/lib/python3.7/site-packages/airflow/example_dags/example_complex.py took 0.066 seconds
[2026-02-25T04:59:00.360+0000] {processor.py:156} INFO - Started process (PID=1385) to work on /home/airflow/.local/lib/python3.7/site-packages/airflow/example_dags/example_complex.py
[2026-02-25T04:59:00.361+0000] {processor.py:799} INFO - Processing file /home/airflow/.local/lib/python3.7/site-packages/airflow/example_dags/example_complex.py for tasks to queue
[2026-02-25T04:59:00.361+0000] {logging_mixin.py:149} INFO - [2026-02-25T04:59:00.361+0000] {dagbag.py:541} INFO - Filling up the DagBag from /home/airflow/.local/lib/python3.7/site-packages/airflow/example_dags/example_complex.py
[2026-02-25T04:59:00.368+0000] {logging_mixin.py:149} INFO - [2026-02-25T04:59:00.367+0000] {taskmixin.py:211} WARNING - Dependency <Task(BashOperator): create_entry_group>, delete_entry_group already registered for DAG: example_complex
[2026-02-25T04:59:00.368+0000] {logging_mixin.py:149} INFO - [2026-02-25T04:59:00.368+0000] {taskmixin.py:211} WARNING - Dependency <Task(BashOperator): delete_entry_group>, create_entry_group already registered for DAG: example_complex
[2026-02-25T04:59:00.368+0000] {logging_mixin.py:149} INFO - [2026-02-25T04:59:00.368+0000] {taskmixin.py:211} WARNING - Dependency <Task(BashOperator): create_entry_gcs>, delete_entry already registered for DAG: example_complex
[2026-02-25T04:59:00.368+0000] {logging_mixin.py:149} INFO - [2026-02-25T04:59:00.368+0000] {taskmixin.py:211} WARNING - Dependency <Task(BashOperator): delete_entry>, create_entry_gcs already registered for DAG: example_complex
[2026-02-25T04:59:00.369+0000] {logging_mixin.py:149} INFO - [2026-02-25T04:59:00.368+0000] {taskmixin.py:211} WARNING - Dependency <Task(BashOperator): create_tag>, delete_tag already registered for DAG: example_complex
[2026-02-25T04:59:00.369+0000] {logging_mixin.py:149} INFO - [2026-02-25T04:59:00.369+0000] {taskmixin.py:211} WARNING - Dependency <Task(BashOperator): delete_tag>, create_tag already registered for DAG: example_complex
[2026-02-25T04:59:00.370+0000] {processor.py:809} INFO - DAG(s) dict_keys(['example_complex']) retrieved from /home/airflow/.local/lib/python3.7/site-packages/airflow/example_dags/example_complex.py
[2026-02-25T04:59:00.395+0000] {logging_mixin.py:149} INFO - [2026-02-25T04:59:00.395+0000] {dag.py:2726} INFO - Sync 1 DAGs
[2026-02-25T04:59:00.417+0000] {logging_mixin.py:149} INFO - [2026-02-25T04:59:00.416+0000] {dag.py:3490} INFO - Setting next_dagrun for example_complex to None, run_after=None
[2026-02-25T04:59:00.434+0000] {processor.py:178} INFO - Processing /home/airflow/.local/lib/python3.7/site-packages/airflow/example_dags/example_complex.py took 0.077 seconds
[2026-02-25T04:59:30.925+0000] {processor.py:156} INFO - Started process (PID=1448) to work on /home/airflow/.local/lib/python3.7/site-packages/airflow/example_dags/example_complex.py
[2026-02-25T04:59:30.926+0000] {processor.py:799} INFO - Processing file /home/airflow/.local/lib/python3.7/site-packages/airflow/example_dags/example_complex.py for tasks to queue
[2026-02-25T04:59:30.928+0000] {logging_mixin.py:149} INFO - [2026-02-25T04:59:30.927+0000] {dagbag.py:541} INFO - Filling up the DagBag from /home/airflow/.local/lib/python3.7/site-packages/airflow/example_dags/example_complex.py
[2026-02-25T04:59:30.935+0000] {logging_mixin.py:149} INFO - [2026-02-25T04:59:30.935+0000] {taskmixin.py:211} WARNING - Dependency <Task(BashOperator): create_entry_group>, delete_entry_group already registered for DAG: example_complex
[2026-02-25T04:59:30.935+0000] {logging_mixin.py:149} INFO - [2026-02-25T04:59:30.935+0000] {taskmixin.py:211} WARNING - Dependency <Task(BashOperator): delete_entry_group>, create_entry_group already registered for DAG: example_complex
[2026-02-25T04:59:30.935+0000] {logging_mixin.py:149} INFO - [2026-02-25T04:59:30.935+0000] {taskmixin.py:211} WARNING - Dependency <Task(BashOperator): create_entry_gcs>, delete_entry already registered for DAG: example_complex
[2026-02-25T04:59:30.935+0000] {logging_mixin.py:149} INFO - [2026-02-25T04:59:30.935+0000] {taskmixin.py:211} WARNING - Dependency <Task(BashOperator): delete_entry>, create_entry_gcs already registered for DAG: example_complex
[2026-02-25T04:59:30.936+0000] {logging_mixin.py:149} INFO - [2026-02-25T04:59:30.936+0000] {taskmixin.py:211} WARNING - Dependency <Task(BashOperator): create_tag>, delete_tag already registered for DAG: example_complex
[2026-02-25T04:59:30.938+0000] {logging_mixin.py:149} INFO - [2026-02-25T04:59:30.938+0000] {taskmixin.py:211} WARNING - Dependency <Task(BashOperator): delete_tag>, create_tag already registered for DAG: example_complex
[2026-02-25T04:59:30.940+0000] {processor.py:809} INFO - DAG(s) dict_keys(['example_complex']) retrieved from /home/airflow/.local/lib/python3.7/site-packages/airflow/example_dags/example_complex.py
[2026-02-25T04:59:30.966+0000] {logging_mixin.py:149} INFO - [2026-02-25T04:59:30.966+0000] {dag.py:2726} INFO - Sync 1 DAGs
[2026-02-25T04:59:30.988+0000] {logging_mixin.py:149} INFO - [2026-02-25T04:59:30.988+0000] {dag.py:3490} INFO - Setting next_dagrun for example_complex to None, run_after=None
[2026-02-25T04:59:31.002+0000] {processor.py:178} INFO - Processing /home/airflow/.local/lib/python3.7/site-packages/airflow/example_dags/example_complex.py took 0.079 seconds
