[2026-02-25T04:40:36.755+0000] {processor.py:156} INFO - Started process (PID=39) to work on /home/airflow/.local/lib/python3.7/site-packages/airflow/example_dags/example_skip_dag.py
[2026-02-25T04:40:36.758+0000] {processor.py:799} INFO - Processing file /home/airflow/.local/lib/python3.7/site-packages/airflow/example_dags/example_skip_dag.py for tasks to queue
[2026-02-25T04:40:36.761+0000] {logging_mixin.py:149} INFO - [2026-02-25T04:40:36.761+0000] {dagbag.py:541} INFO - Filling up the DagBag from /home/airflow/.local/lib/python3.7/site-packages/airflow/example_dags/example_skip_dag.py
[2026-02-25T04:40:36.797+0000] {processor.py:809} INFO - DAG(s) dict_keys(['example_skip_dag']) retrieved from /home/airflow/.local/lib/python3.7/site-packages/airflow/example_dags/example_skip_dag.py
[2026-02-25T04:40:37.202+0000] {logging_mixin.py:149} INFO - [2026-02-25T04:40:37.202+0000] {manager.py:504} INFO - Created Permission View: can edit on DAG:example_skip_dag
[2026-02-25T04:40:37.214+0000] {logging_mixin.py:149} INFO - [2026-02-25T04:40:37.213+0000] {manager.py:504} INFO - Created Permission View: can delete on DAG:example_skip_dag
[2026-02-25T04:40:37.221+0000] {logging_mixin.py:149} INFO - [2026-02-25T04:40:37.221+0000] {manager.py:504} INFO - Created Permission View: can read on DAG:example_skip_dag
[2026-02-25T04:40:37.221+0000] {logging_mixin.py:149} INFO - [2026-02-25T04:40:37.221+0000] {dag.py:2726} INFO - Sync 1 DAGs
[2026-02-25T04:40:37.232+0000] {logging_mixin.py:149} INFO - [2026-02-25T04:40:37.231+0000] {dag.py:2747} INFO - Creating ORM DAG for example_skip_dag
[2026-02-25T04:40:37.243+0000] {logging_mixin.py:149} INFO - [2026-02-25T04:40:37.243+0000] {dag.py:3490} INFO - Setting next_dagrun for example_skip_dag to 2026-02-24T04:40:37.243059+00:00, run_after=2026-02-25T04:40:37.243059+00:00
[2026-02-25T04:40:37.264+0000] {processor.py:178} INFO - Processing /home/airflow/.local/lib/python3.7/site-packages/airflow/example_dags/example_skip_dag.py took 0.512 seconds
[2026-02-25T04:41:08.122+0000] {processor.py:156} INFO - Started process (PID=102) to work on /home/airflow/.local/lib/python3.7/site-packages/airflow/example_dags/example_skip_dag.py
[2026-02-25T04:41:08.124+0000] {processor.py:799} INFO - Processing file /home/airflow/.local/lib/python3.7/site-packages/airflow/example_dags/example_skip_dag.py for tasks to queue
[2026-02-25T04:41:08.126+0000] {logging_mixin.py:149} INFO - [2026-02-25T04:41:08.126+0000] {dagbag.py:541} INFO - Filling up the DagBag from /home/airflow/.local/lib/python3.7/site-packages/airflow/example_dags/example_skip_dag.py
[2026-02-25T04:41:08.147+0000] {processor.py:809} INFO - DAG(s) dict_keys(['example_skip_dag']) retrieved from /home/airflow/.local/lib/python3.7/site-packages/airflow/example_dags/example_skip_dag.py
[2026-02-25T04:41:08.181+0000] {logging_mixin.py:149} INFO - [2026-02-25T04:41:08.180+0000] {dag.py:2726} INFO - Sync 1 DAGs
[2026-02-25T04:41:08.204+0000] {logging_mixin.py:149} INFO - [2026-02-25T04:41:08.204+0000] {dag.py:3490} INFO - Setting next_dagrun for example_skip_dag to 2026-02-24T04:41:08.203897+00:00, run_after=2026-02-25T04:41:08.203897+00:00
[2026-02-25T04:41:08.227+0000] {processor.py:178} INFO - Processing /home/airflow/.local/lib/python3.7/site-packages/airflow/example_dags/example_skip_dag.py took 0.110 seconds
[2026-02-25T04:41:38.650+0000] {processor.py:156} INFO - Started process (PID=165) to work on /home/airflow/.local/lib/python3.7/site-packages/airflow/example_dags/example_skip_dag.py
[2026-02-25T04:41:38.654+0000] {processor.py:799} INFO - Processing file /home/airflow/.local/lib/python3.7/site-packages/airflow/example_dags/example_skip_dag.py for tasks to queue
[2026-02-25T04:41:38.656+0000] {logging_mixin.py:149} INFO - [2026-02-25T04:41:38.656+0000] {dagbag.py:541} INFO - Filling up the DagBag from /home/airflow/.local/lib/python3.7/site-packages/airflow/example_dags/example_skip_dag.py
[2026-02-25T04:41:38.673+0000] {processor.py:809} INFO - DAG(s) dict_keys(['example_skip_dag']) retrieved from /home/airflow/.local/lib/python3.7/site-packages/airflow/example_dags/example_skip_dag.py
[2026-02-25T04:41:38.720+0000] {logging_mixin.py:149} INFO - [2026-02-25T04:41:38.720+0000] {dag.py:2726} INFO - Sync 1 DAGs
[2026-02-25T04:41:38.756+0000] {logging_mixin.py:149} INFO - [2026-02-25T04:41:38.756+0000] {dag.py:3490} INFO - Setting next_dagrun for example_skip_dag to 2026-02-24T04:41:38.755612+00:00, run_after=2026-02-25T04:41:38.755612+00:00
[2026-02-25T04:41:38.779+0000] {processor.py:178} INFO - Processing /home/airflow/.local/lib/python3.7/site-packages/airflow/example_dags/example_skip_dag.py took 0.136 seconds
[2026-02-25T04:42:09.148+0000] {processor.py:156} INFO - Started process (PID=228) to work on /home/airflow/.local/lib/python3.7/site-packages/airflow/example_dags/example_skip_dag.py
[2026-02-25T04:42:09.149+0000] {processor.py:799} INFO - Processing file /home/airflow/.local/lib/python3.7/site-packages/airflow/example_dags/example_skip_dag.py for tasks to queue
[2026-02-25T04:42:09.151+0000] {logging_mixin.py:149} INFO - [2026-02-25T04:42:09.151+0000] {dagbag.py:541} INFO - Filling up the DagBag from /home/airflow/.local/lib/python3.7/site-packages/airflow/example_dags/example_skip_dag.py
[2026-02-25T04:42:09.172+0000] {processor.py:809} INFO - DAG(s) dict_keys(['example_skip_dag']) retrieved from /home/airflow/.local/lib/python3.7/site-packages/airflow/example_dags/example_skip_dag.py
[2026-02-25T04:42:09.217+0000] {logging_mixin.py:149} INFO - [2026-02-25T04:42:09.217+0000] {dag.py:2726} INFO - Sync 1 DAGs
[2026-02-25T04:42:09.245+0000] {logging_mixin.py:149} INFO - [2026-02-25T04:42:09.245+0000] {dag.py:3490} INFO - Setting next_dagrun for example_skip_dag to 2026-02-24T04:42:09.245357+00:00, run_after=2026-02-25T04:42:09.245357+00:00
[2026-02-25T04:42:09.265+0000] {processor.py:178} INFO - Processing /home/airflow/.local/lib/python3.7/site-packages/airflow/example_dags/example_skip_dag.py took 0.126 seconds
[2026-02-25T04:42:39.781+0000] {processor.py:156} INFO - Started process (PID=291) to work on /home/airflow/.local/lib/python3.7/site-packages/airflow/example_dags/example_skip_dag.py
[2026-02-25T04:42:39.784+0000] {processor.py:799} INFO - Processing file /home/airflow/.local/lib/python3.7/site-packages/airflow/example_dags/example_skip_dag.py for tasks to queue
[2026-02-25T04:42:39.785+0000] {logging_mixin.py:149} INFO - [2026-02-25T04:42:39.785+0000] {dagbag.py:541} INFO - Filling up the DagBag from /home/airflow/.local/lib/python3.7/site-packages/airflow/example_dags/example_skip_dag.py
[2026-02-25T04:42:39.805+0000] {processor.py:809} INFO - DAG(s) dict_keys(['example_skip_dag']) retrieved from /home/airflow/.local/lib/python3.7/site-packages/airflow/example_dags/example_skip_dag.py
[2026-02-25T04:42:39.894+0000] {logging_mixin.py:149} INFO - [2026-02-25T04:42:39.894+0000] {dag.py:2726} INFO - Sync 1 DAGs
[2026-02-25T04:42:39.942+0000] {logging_mixin.py:149} INFO - [2026-02-25T04:42:39.942+0000] {dag.py:3490} INFO - Setting next_dagrun for example_skip_dag to 2026-02-24T04:42:39.941446+00:00, run_after=2026-02-25T04:42:39.941446+00:00
[2026-02-25T04:42:39.965+0000] {processor.py:178} INFO - Processing /home/airflow/.local/lib/python3.7/site-packages/airflow/example_dags/example_skip_dag.py took 0.198 seconds
[2026-02-25T04:48:19.698+0000] {processor.py:156} INFO - Started process (PID=38) to work on /home/airflow/.local/lib/python3.7/site-packages/airflow/example_dags/example_skip_dag.py
[2026-02-25T04:48:19.700+0000] {processor.py:799} INFO - Processing file /home/airflow/.local/lib/python3.7/site-packages/airflow/example_dags/example_skip_dag.py for tasks to queue
[2026-02-25T04:48:19.704+0000] {logging_mixin.py:149} INFO - [2026-02-25T04:48:19.704+0000] {dagbag.py:541} INFO - Filling up the DagBag from /home/airflow/.local/lib/python3.7/site-packages/airflow/example_dags/example_skip_dag.py
[2026-02-25T04:48:19.753+0000] {processor.py:809} INFO - DAG(s) dict_keys(['example_skip_dag']) retrieved from /home/airflow/.local/lib/python3.7/site-packages/airflow/example_dags/example_skip_dag.py
[2026-02-25T04:48:19.981+0000] {logging_mixin.py:149} INFO - [2026-02-25T04:48:19.981+0000] {dag.py:2726} INFO - Sync 1 DAGs
[2026-02-25T04:48:20.004+0000] {logging_mixin.py:149} INFO - [2026-02-25T04:48:20.004+0000] {dag.py:3490} INFO - Setting next_dagrun for example_skip_dag to 2026-02-24T04:48:20.004320+00:00, run_after=2026-02-25T04:48:20.004320+00:00
[2026-02-25T04:48:20.027+0000] {processor.py:178} INFO - Processing /home/airflow/.local/lib/python3.7/site-packages/airflow/example_dags/example_skip_dag.py took 0.333 seconds
[2026-02-25T04:48:50.352+0000] {processor.py:156} INFO - Started process (PID=101) to work on /home/airflow/.local/lib/python3.7/site-packages/airflow/example_dags/example_skip_dag.py
[2026-02-25T04:48:50.355+0000] {processor.py:799} INFO - Processing file /home/airflow/.local/lib/python3.7/site-packages/airflow/example_dags/example_skip_dag.py for tasks to queue
[2026-02-25T04:48:50.358+0000] {logging_mixin.py:149} INFO - [2026-02-25T04:48:50.358+0000] {dagbag.py:541} INFO - Filling up the DagBag from /home/airflow/.local/lib/python3.7/site-packages/airflow/example_dags/example_skip_dag.py
[2026-02-25T04:48:50.373+0000] {processor.py:809} INFO - DAG(s) dict_keys(['example_skip_dag']) retrieved from /home/airflow/.local/lib/python3.7/site-packages/airflow/example_dags/example_skip_dag.py
[2026-02-25T04:48:50.414+0000] {logging_mixin.py:149} INFO - [2026-02-25T04:48:50.413+0000] {dag.py:2726} INFO - Sync 1 DAGs
[2026-02-25T04:48:50.439+0000] {logging_mixin.py:149} INFO - [2026-02-25T04:48:50.439+0000] {dag.py:3490} INFO - Setting next_dagrun for example_skip_dag to 2026-02-24T04:48:50.437979+00:00, run_after=2026-02-25T04:48:50.437979+00:00
[2026-02-25T04:48:50.459+0000] {processor.py:178} INFO - Processing /home/airflow/.local/lib/python3.7/site-packages/airflow/example_dags/example_skip_dag.py took 0.113 seconds
[2026-02-25T04:49:20.811+0000] {processor.py:156} INFO - Started process (PID=164) to work on /home/airflow/.local/lib/python3.7/site-packages/airflow/example_dags/example_skip_dag.py
[2026-02-25T04:49:20.813+0000] {processor.py:799} INFO - Processing file /home/airflow/.local/lib/python3.7/site-packages/airflow/example_dags/example_skip_dag.py for tasks to queue
[2026-02-25T04:49:20.815+0000] {logging_mixin.py:149} INFO - [2026-02-25T04:49:20.815+0000] {dagbag.py:541} INFO - Filling up the DagBag from /home/airflow/.local/lib/python3.7/site-packages/airflow/example_dags/example_skip_dag.py
[2026-02-25T04:49:20.835+0000] {processor.py:809} INFO - DAG(s) dict_keys(['example_skip_dag']) retrieved from /home/airflow/.local/lib/python3.7/site-packages/airflow/example_dags/example_skip_dag.py
[2026-02-25T04:49:20.873+0000] {logging_mixin.py:149} INFO - [2026-02-25T04:49:20.873+0000] {dag.py:2726} INFO - Sync 1 DAGs
[2026-02-25T04:49:20.905+0000] {logging_mixin.py:149} INFO - [2026-02-25T04:49:20.905+0000] {dag.py:3490} INFO - Setting next_dagrun for example_skip_dag to 2026-02-24T04:49:20.905046+00:00, run_after=2026-02-25T04:49:20.905046+00:00
[2026-02-25T04:49:20.929+0000] {processor.py:178} INFO - Processing /home/airflow/.local/lib/python3.7/site-packages/airflow/example_dags/example_skip_dag.py took 0.126 seconds
[2026-02-25T04:49:51.409+0000] {processor.py:156} INFO - Started process (PID=227) to work on /home/airflow/.local/lib/python3.7/site-packages/airflow/example_dags/example_skip_dag.py
[2026-02-25T04:49:51.411+0000] {processor.py:799} INFO - Processing file /home/airflow/.local/lib/python3.7/site-packages/airflow/example_dags/example_skip_dag.py for tasks to queue
[2026-02-25T04:49:51.412+0000] {logging_mixin.py:149} INFO - [2026-02-25T04:49:51.412+0000] {dagbag.py:541} INFO - Filling up the DagBag from /home/airflow/.local/lib/python3.7/site-packages/airflow/example_dags/example_skip_dag.py
[2026-02-25T04:49:51.431+0000] {processor.py:809} INFO - DAG(s) dict_keys(['example_skip_dag']) retrieved from /home/airflow/.local/lib/python3.7/site-packages/airflow/example_dags/example_skip_dag.py
[2026-02-25T04:49:51.478+0000] {logging_mixin.py:149} INFO - [2026-02-25T04:49:51.478+0000] {dag.py:2726} INFO - Sync 1 DAGs
[2026-02-25T04:49:51.510+0000] {logging_mixin.py:149} INFO - [2026-02-25T04:49:51.510+0000] {dag.py:3490} INFO - Setting next_dagrun for example_skip_dag to 2026-02-24T04:49:51.510280+00:00, run_after=2026-02-25T04:49:51.510280+00:00
[2026-02-25T04:49:51.535+0000] {processor.py:178} INFO - Processing /home/airflow/.local/lib/python3.7/site-packages/airflow/example_dags/example_skip_dag.py took 0.132 seconds
[2026-02-25T04:50:21.930+0000] {processor.py:156} INFO - Started process (PID=290) to work on /home/airflow/.local/lib/python3.7/site-packages/airflow/example_dags/example_skip_dag.py
[2026-02-25T04:50:21.931+0000] {processor.py:799} INFO - Processing file /home/airflow/.local/lib/python3.7/site-packages/airflow/example_dags/example_skip_dag.py for tasks to queue
[2026-02-25T04:50:21.936+0000] {logging_mixin.py:149} INFO - [2026-02-25T04:50:21.936+0000] {dagbag.py:541} INFO - Filling up the DagBag from /home/airflow/.local/lib/python3.7/site-packages/airflow/example_dags/example_skip_dag.py
[2026-02-25T04:50:21.950+0000] {processor.py:809} INFO - DAG(s) dict_keys(['example_skip_dag']) retrieved from /home/airflow/.local/lib/python3.7/site-packages/airflow/example_dags/example_skip_dag.py
[2026-02-25T04:50:21.990+0000] {logging_mixin.py:149} INFO - [2026-02-25T04:50:21.990+0000] {dag.py:2726} INFO - Sync 1 DAGs
[2026-02-25T04:50:22.019+0000] {logging_mixin.py:149} INFO - [2026-02-25T04:50:22.019+0000] {dag.py:3490} INFO - Setting next_dagrun for example_skip_dag to 2026-02-24T04:50:22.018743+00:00, run_after=2026-02-25T04:50:22.018743+00:00
[2026-02-25T04:50:22.047+0000] {processor.py:178} INFO - Processing /home/airflow/.local/lib/python3.7/site-packages/airflow/example_dags/example_skip_dag.py took 0.123 seconds
[2026-02-25T04:50:52.273+0000] {processor.py:156} INFO - Started process (PID=353) to work on /home/airflow/.local/lib/python3.7/site-packages/airflow/example_dags/example_skip_dag.py
[2026-02-25T04:50:52.274+0000] {processor.py:799} INFO - Processing file /home/airflow/.local/lib/python3.7/site-packages/airflow/example_dags/example_skip_dag.py for tasks to queue
[2026-02-25T04:50:52.274+0000] {logging_mixin.py:149} INFO - [2026-02-25T04:50:52.274+0000] {dagbag.py:541} INFO - Filling up the DagBag from /home/airflow/.local/lib/python3.7/site-packages/airflow/example_dags/example_skip_dag.py
[2026-02-25T04:50:52.282+0000] {processor.py:809} INFO - DAG(s) dict_keys(['example_skip_dag']) retrieved from /home/airflow/.local/lib/python3.7/site-packages/airflow/example_dags/example_skip_dag.py
[2026-02-25T04:50:52.313+0000] {logging_mixin.py:149} INFO - [2026-02-25T04:50:52.313+0000] {dag.py:2726} INFO - Sync 1 DAGs
[2026-02-25T04:50:52.333+0000] {logging_mixin.py:149} INFO - [2026-02-25T04:50:52.333+0000] {dag.py:3490} INFO - Setting next_dagrun for example_skip_dag to 2026-02-24T04:50:52.332793+00:00, run_after=2026-02-25T04:50:52.332793+00:00
[2026-02-25T04:50:52.351+0000] {processor.py:178} INFO - Processing /home/airflow/.local/lib/python3.7/site-packages/airflow/example_dags/example_skip_dag.py took 0.081 seconds
[2026-02-25T04:51:22.527+0000] {processor.py:156} INFO - Started process (PID=416) to work on /home/airflow/.local/lib/python3.7/site-packages/airflow/example_dags/example_skip_dag.py
[2026-02-25T04:51:22.528+0000] {processor.py:799} INFO - Processing file /home/airflow/.local/lib/python3.7/site-packages/airflow/example_dags/example_skip_dag.py for tasks to queue
[2026-02-25T04:51:22.529+0000] {logging_mixin.py:149} INFO - [2026-02-25T04:51:22.529+0000] {dagbag.py:541} INFO - Filling up the DagBag from /home/airflow/.local/lib/python3.7/site-packages/airflow/example_dags/example_skip_dag.py
[2026-02-25T04:51:22.545+0000] {processor.py:809} INFO - DAG(s) dict_keys(['example_skip_dag']) retrieved from /home/airflow/.local/lib/python3.7/site-packages/airflow/example_dags/example_skip_dag.py
[2026-02-25T04:51:22.592+0000] {logging_mixin.py:149} INFO - [2026-02-25T04:51:22.592+0000] {dag.py:2726} INFO - Sync 1 DAGs
[2026-02-25T04:51:22.618+0000] {logging_mixin.py:149} INFO - [2026-02-25T04:51:22.618+0000] {dag.py:3490} INFO - Setting next_dagrun for example_skip_dag to 2026-02-24T04:51:22.617679+00:00, run_after=2026-02-25T04:51:22.617679+00:00
[2026-02-25T04:51:22.644+0000] {processor.py:178} INFO - Processing /home/airflow/.local/lib/python3.7/site-packages/airflow/example_dags/example_skip_dag.py took 0.122 seconds
[2026-02-25T04:51:52.742+0000] {processor.py:156} INFO - Started process (PID=479) to work on /home/airflow/.local/lib/python3.7/site-packages/airflow/example_dags/example_skip_dag.py
[2026-02-25T04:51:52.743+0000] {processor.py:799} INFO - Processing file /home/airflow/.local/lib/python3.7/site-packages/airflow/example_dags/example_skip_dag.py for tasks to queue
[2026-02-25T04:51:52.743+0000] {logging_mixin.py:149} INFO - [2026-02-25T04:51:52.743+0000] {dagbag.py:541} INFO - Filling up the DagBag from /home/airflow/.local/lib/python3.7/site-packages/airflow/example_dags/example_skip_dag.py
[2026-02-25T04:51:52.752+0000] {processor.py:809} INFO - DAG(s) dict_keys(['example_skip_dag']) retrieved from /home/airflow/.local/lib/python3.7/site-packages/airflow/example_dags/example_skip_dag.py
[2026-02-25T04:51:52.779+0000] {logging_mixin.py:149} INFO - [2026-02-25T04:51:52.779+0000] {dag.py:2726} INFO - Sync 1 DAGs
[2026-02-25T04:51:52.796+0000] {logging_mixin.py:149} INFO - [2026-02-25T04:51:52.796+0000] {dag.py:3490} INFO - Setting next_dagrun for example_skip_dag to 2026-02-24T04:51:52.796713+00:00, run_after=2026-02-25T04:51:52.796713+00:00
[2026-02-25T04:51:52.813+0000] {processor.py:178} INFO - Processing /home/airflow/.local/lib/python3.7/site-packages/airflow/example_dags/example_skip_dag.py took 0.074 seconds
[2026-02-25T04:52:23.230+0000] {processor.py:156} INFO - Started process (PID=542) to work on /home/airflow/.local/lib/python3.7/site-packages/airflow/example_dags/example_skip_dag.py
[2026-02-25T04:52:23.231+0000] {processor.py:799} INFO - Processing file /home/airflow/.local/lib/python3.7/site-packages/airflow/example_dags/example_skip_dag.py for tasks to queue
[2026-02-25T04:52:23.232+0000] {logging_mixin.py:149} INFO - [2026-02-25T04:52:23.232+0000] {dagbag.py:541} INFO - Filling up the DagBag from /home/airflow/.local/lib/python3.7/site-packages/airflow/example_dags/example_skip_dag.py
[2026-02-25T04:52:23.243+0000] {processor.py:809} INFO - DAG(s) dict_keys(['example_skip_dag']) retrieved from /home/airflow/.local/lib/python3.7/site-packages/airflow/example_dags/example_skip_dag.py
[2026-02-25T04:52:23.267+0000] {logging_mixin.py:149} INFO - [2026-02-25T04:52:23.267+0000] {dag.py:2726} INFO - Sync 1 DAGs
[2026-02-25T04:52:23.289+0000] {logging_mixin.py:149} INFO - [2026-02-25T04:52:23.289+0000] {dag.py:3490} INFO - Setting next_dagrun for example_skip_dag to 2026-02-24T04:52:23.288865+00:00, run_after=2026-02-25T04:52:23.288865+00:00
[2026-02-25T04:52:23.309+0000] {processor.py:178} INFO - Processing /home/airflow/.local/lib/python3.7/site-packages/airflow/example_dags/example_skip_dag.py took 0.083 seconds
[2026-02-25T04:52:53.607+0000] {processor.py:156} INFO - Started process (PID=605) to work on /home/airflow/.local/lib/python3.7/site-packages/airflow/example_dags/example_skip_dag.py
[2026-02-25T04:52:53.610+0000] {processor.py:799} INFO - Processing file /home/airflow/.local/lib/python3.7/site-packages/airflow/example_dags/example_skip_dag.py for tasks to queue
[2026-02-25T04:52:53.613+0000] {logging_mixin.py:149} INFO - [2026-02-25T04:52:53.613+0000] {dagbag.py:541} INFO - Filling up the DagBag from /home/airflow/.local/lib/python3.7/site-packages/airflow/example_dags/example_skip_dag.py
[2026-02-25T04:52:53.632+0000] {processor.py:809} INFO - DAG(s) dict_keys(['example_skip_dag']) retrieved from /home/airflow/.local/lib/python3.7/site-packages/airflow/example_dags/example_skip_dag.py
[2026-02-25T04:52:53.669+0000] {logging_mixin.py:149} INFO - [2026-02-25T04:52:53.669+0000] {dag.py:2726} INFO - Sync 1 DAGs
[2026-02-25T04:52:53.699+0000] {logging_mixin.py:149} INFO - [2026-02-25T04:52:53.699+0000] {dag.py:3490} INFO - Setting next_dagrun for example_skip_dag to 2026-02-24T04:52:53.698620+00:00, run_after=2026-02-25T04:52:53.698620+00:00
[2026-02-25T04:52:53.723+0000] {processor.py:178} INFO - Processing /home/airflow/.local/lib/python3.7/site-packages/airflow/example_dags/example_skip_dag.py took 0.125 seconds
[2026-02-25T04:53:24.186+0000] {processor.py:156} INFO - Started process (PID=668) to work on /home/airflow/.local/lib/python3.7/site-packages/airflow/example_dags/example_skip_dag.py
[2026-02-25T04:53:24.188+0000] {processor.py:799} INFO - Processing file /home/airflow/.local/lib/python3.7/site-packages/airflow/example_dags/example_skip_dag.py for tasks to queue
[2026-02-25T04:53:24.190+0000] {logging_mixin.py:149} INFO - [2026-02-25T04:53:24.190+0000] {dagbag.py:541} INFO - Filling up the DagBag from /home/airflow/.local/lib/python3.7/site-packages/airflow/example_dags/example_skip_dag.py
[2026-02-25T04:53:24.204+0000] {processor.py:809} INFO - DAG(s) dict_keys(['example_skip_dag']) retrieved from /home/airflow/.local/lib/python3.7/site-packages/airflow/example_dags/example_skip_dag.py
[2026-02-25T04:53:24.246+0000] {logging_mixin.py:149} INFO - [2026-02-25T04:53:24.246+0000] {dag.py:2726} INFO - Sync 1 DAGs
[2026-02-25T04:53:24.275+0000] {logging_mixin.py:149} INFO - [2026-02-25T04:53:24.275+0000] {dag.py:3490} INFO - Setting next_dagrun for example_skip_dag to 2026-02-24T04:53:24.274447+00:00, run_after=2026-02-25T04:53:24.274447+00:00
[2026-02-25T04:53:24.304+0000] {processor.py:178} INFO - Processing /home/airflow/.local/lib/python3.7/site-packages/airflow/example_dags/example_skip_dag.py took 0.121 seconds
[2026-02-25T04:53:54.798+0000] {processor.py:156} INFO - Started process (PID=738) to work on /home/airflow/.local/lib/python3.7/site-packages/airflow/example_dags/example_skip_dag.py
[2026-02-25T04:53:54.799+0000] {processor.py:799} INFO - Processing file /home/airflow/.local/lib/python3.7/site-packages/airflow/example_dags/example_skip_dag.py for tasks to queue
[2026-02-25T04:53:54.800+0000] {logging_mixin.py:149} INFO - [2026-02-25T04:53:54.800+0000] {dagbag.py:541} INFO - Filling up the DagBag from /home/airflow/.local/lib/python3.7/site-packages/airflow/example_dags/example_skip_dag.py
[2026-02-25T04:53:54.814+0000] {processor.py:809} INFO - DAG(s) dict_keys(['example_skip_dag']) retrieved from /home/airflow/.local/lib/python3.7/site-packages/airflow/example_dags/example_skip_dag.py
[2026-02-25T04:53:54.856+0000] {logging_mixin.py:149} INFO - [2026-02-25T04:53:54.856+0000] {dag.py:2726} INFO - Sync 1 DAGs
[2026-02-25T04:53:54.886+0000] {logging_mixin.py:149} INFO - [2026-02-25T04:53:54.886+0000] {dag.py:3490} INFO - Setting next_dagrun for example_skip_dag to 2026-02-24T04:53:54.885819+00:00, run_after=2026-02-25T04:53:54.885819+00:00
[2026-02-25T04:53:54.906+0000] {processor.py:178} INFO - Processing /home/airflow/.local/lib/python3.7/site-packages/airflow/example_dags/example_skip_dag.py took 0.113 seconds
[2026-02-25T04:54:25.230+0000] {processor.py:156} INFO - Started process (PID=801) to work on /home/airflow/.local/lib/python3.7/site-packages/airflow/example_dags/example_skip_dag.py
[2026-02-25T04:54:25.232+0000] {processor.py:799} INFO - Processing file /home/airflow/.local/lib/python3.7/site-packages/airflow/example_dags/example_skip_dag.py for tasks to queue
[2026-02-25T04:54:25.233+0000] {logging_mixin.py:149} INFO - [2026-02-25T04:54:25.233+0000] {dagbag.py:541} INFO - Filling up the DagBag from /home/airflow/.local/lib/python3.7/site-packages/airflow/example_dags/example_skip_dag.py
[2026-02-25T04:54:25.251+0000] {processor.py:809} INFO - DAG(s) dict_keys(['example_skip_dag']) retrieved from /home/airflow/.local/lib/python3.7/site-packages/airflow/example_dags/example_skip_dag.py
[2026-02-25T04:54:25.286+0000] {logging_mixin.py:149} INFO - [2026-02-25T04:54:25.286+0000] {dag.py:2726} INFO - Sync 1 DAGs
[2026-02-25T04:54:25.312+0000] {logging_mixin.py:149} INFO - [2026-02-25T04:54:25.311+0000] {dag.py:3490} INFO - Setting next_dagrun for example_skip_dag to 2026-02-24T04:54:25.311440+00:00, run_after=2026-02-25T04:54:25.311440+00:00
[2026-02-25T04:54:25.337+0000] {processor.py:178} INFO - Processing /home/airflow/.local/lib/python3.7/site-packages/airflow/example_dags/example_skip_dag.py took 0.111 seconds
[2026-02-25T04:54:55.540+0000] {processor.py:156} INFO - Started process (PID=864) to work on /home/airflow/.local/lib/python3.7/site-packages/airflow/example_dags/example_skip_dag.py
[2026-02-25T04:54:55.541+0000] {processor.py:799} INFO - Processing file /home/airflow/.local/lib/python3.7/site-packages/airflow/example_dags/example_skip_dag.py for tasks to queue
[2026-02-25T04:54:55.542+0000] {logging_mixin.py:149} INFO - [2026-02-25T04:54:55.542+0000] {dagbag.py:541} INFO - Filling up the DagBag from /home/airflow/.local/lib/python3.7/site-packages/airflow/example_dags/example_skip_dag.py
[2026-02-25T04:54:55.557+0000] {processor.py:809} INFO - DAG(s) dict_keys(['example_skip_dag']) retrieved from /home/airflow/.local/lib/python3.7/site-packages/airflow/example_dags/example_skip_dag.py
[2026-02-25T04:54:55.587+0000] {logging_mixin.py:149} INFO - [2026-02-25T04:54:55.587+0000] {dag.py:2726} INFO - Sync 1 DAGs
[2026-02-25T04:54:55.613+0000] {logging_mixin.py:149} INFO - [2026-02-25T04:54:55.613+0000] {dag.py:3490} INFO - Setting next_dagrun for example_skip_dag to 2026-02-24T04:54:55.613551+00:00, run_after=2026-02-25T04:54:55.613551+00:00
[2026-02-25T04:54:55.637+0000] {processor.py:178} INFO - Processing /home/airflow/.local/lib/python3.7/site-packages/airflow/example_dags/example_skip_dag.py took 0.100 seconds
[2026-02-25T04:55:25.877+0000] {processor.py:156} INFO - Started process (PID=927) to work on /home/airflow/.local/lib/python3.7/site-packages/airflow/example_dags/example_skip_dag.py
[2026-02-25T04:55:25.879+0000] {processor.py:799} INFO - Processing file /home/airflow/.local/lib/python3.7/site-packages/airflow/example_dags/example_skip_dag.py for tasks to queue
[2026-02-25T04:55:25.880+0000] {logging_mixin.py:149} INFO - [2026-02-25T04:55:25.880+0000] {dagbag.py:541} INFO - Filling up the DagBag from /home/airflow/.local/lib/python3.7/site-packages/airflow/example_dags/example_skip_dag.py
[2026-02-25T04:55:25.897+0000] {processor.py:809} INFO - DAG(s) dict_keys(['example_skip_dag']) retrieved from /home/airflow/.local/lib/python3.7/site-packages/airflow/example_dags/example_skip_dag.py
[2026-02-25T04:55:25.936+0000] {logging_mixin.py:149} INFO - [2026-02-25T04:55:25.936+0000] {dag.py:2726} INFO - Sync 1 DAGs
[2026-02-25T04:55:25.964+0000] {logging_mixin.py:149} INFO - [2026-02-25T04:55:25.963+0000] {dag.py:3490} INFO - Setting next_dagrun for example_skip_dag to 2026-02-24T04:55:25.962146+00:00, run_after=2026-02-25T04:55:25.962146+00:00
[2026-02-25T04:55:25.986+0000] {processor.py:178} INFO - Processing /home/airflow/.local/lib/python3.7/site-packages/airflow/example_dags/example_skip_dag.py took 0.112 seconds
[2026-02-25T04:55:56.356+0000] {processor.py:156} INFO - Started process (PID=990) to work on /home/airflow/.local/lib/python3.7/site-packages/airflow/example_dags/example_skip_dag.py
[2026-02-25T04:55:56.358+0000] {processor.py:799} INFO - Processing file /home/airflow/.local/lib/python3.7/site-packages/airflow/example_dags/example_skip_dag.py for tasks to queue
[2026-02-25T04:55:56.359+0000] {logging_mixin.py:149} INFO - [2026-02-25T04:55:56.359+0000] {dagbag.py:541} INFO - Filling up the DagBag from /home/airflow/.local/lib/python3.7/site-packages/airflow/example_dags/example_skip_dag.py
[2026-02-25T04:55:56.381+0000] {processor.py:809} INFO - DAG(s) dict_keys(['example_skip_dag']) retrieved from /home/airflow/.local/lib/python3.7/site-packages/airflow/example_dags/example_skip_dag.py
[2026-02-25T04:55:56.427+0000] {logging_mixin.py:149} INFO - [2026-02-25T04:55:56.426+0000] {dag.py:2726} INFO - Sync 1 DAGs
[2026-02-25T04:55:56.452+0000] {logging_mixin.py:149} INFO - [2026-02-25T04:55:56.452+0000] {dag.py:3490} INFO - Setting next_dagrun for example_skip_dag to 2026-02-24T04:55:56.452222+00:00, run_after=2026-02-25T04:55:56.452222+00:00
[2026-02-25T04:55:56.472+0000] {processor.py:178} INFO - Processing /home/airflow/.local/lib/python3.7/site-packages/airflow/example_dags/example_skip_dag.py took 0.168 seconds
[2026-02-25T04:56:26.929+0000] {processor.py:156} INFO - Started process (PID=1053) to work on /home/airflow/.local/lib/python3.7/site-packages/airflow/example_dags/example_skip_dag.py
[2026-02-25T04:56:26.930+0000] {processor.py:799} INFO - Processing file /home/airflow/.local/lib/python3.7/site-packages/airflow/example_dags/example_skip_dag.py for tasks to queue
[2026-02-25T04:56:26.931+0000] {logging_mixin.py:149} INFO - [2026-02-25T04:56:26.931+0000] {dagbag.py:541} INFO - Filling up the DagBag from /home/airflow/.local/lib/python3.7/site-packages/airflow/example_dags/example_skip_dag.py
[2026-02-25T04:56:26.942+0000] {processor.py:809} INFO - DAG(s) dict_keys(['example_skip_dag']) retrieved from /home/airflow/.local/lib/python3.7/site-packages/airflow/example_dags/example_skip_dag.py
[2026-02-25T04:56:26.964+0000] {logging_mixin.py:149} INFO - [2026-02-25T04:56:26.964+0000] {dag.py:2726} INFO - Sync 1 DAGs
[2026-02-25T04:56:26.986+0000] {logging_mixin.py:149} INFO - [2026-02-25T04:56:26.986+0000] {dag.py:3490} INFO - Setting next_dagrun for example_skip_dag to 2026-02-24T04:56:26.985760+00:00, run_after=2026-02-25T04:56:26.985760+00:00
[2026-02-25T04:56:27.002+0000] {processor.py:178} INFO - Processing /home/airflow/.local/lib/python3.7/site-packages/airflow/example_dags/example_skip_dag.py took 0.077 seconds
[2026-02-25T04:56:57.313+0000] {processor.py:156} INFO - Started process (PID=1116) to work on /home/airflow/.local/lib/python3.7/site-packages/airflow/example_dags/example_skip_dag.py
[2026-02-25T04:56:57.315+0000] {processor.py:799} INFO - Processing file /home/airflow/.local/lib/python3.7/site-packages/airflow/example_dags/example_skip_dag.py for tasks to queue
[2026-02-25T04:56:57.316+0000] {logging_mixin.py:149} INFO - [2026-02-25T04:56:57.316+0000] {dagbag.py:541} INFO - Filling up the DagBag from /home/airflow/.local/lib/python3.7/site-packages/airflow/example_dags/example_skip_dag.py
[2026-02-25T04:56:57.339+0000] {processor.py:809} INFO - DAG(s) dict_keys(['example_skip_dag']) retrieved from /home/airflow/.local/lib/python3.7/site-packages/airflow/example_dags/example_skip_dag.py
[2026-02-25T04:56:57.392+0000] {logging_mixin.py:149} INFO - [2026-02-25T04:56:57.392+0000] {dag.py:2726} INFO - Sync 1 DAGs
[2026-02-25T04:56:57.424+0000] {logging_mixin.py:149} INFO - [2026-02-25T04:56:57.424+0000] {dag.py:3490} INFO - Setting next_dagrun for example_skip_dag to 2026-02-24T04:56:57.424233+00:00, run_after=2026-02-25T04:56:57.424233+00:00
[2026-02-25T04:56:57.449+0000] {processor.py:178} INFO - Processing /home/airflow/.local/lib/python3.7/site-packages/airflow/example_dags/example_skip_dag.py took 0.139 seconds
[2026-02-25T04:57:27.951+0000] {processor.py:156} INFO - Started process (PID=1179) to work on /home/airflow/.local/lib/python3.7/site-packages/airflow/example_dags/example_skip_dag.py
[2026-02-25T04:57:27.953+0000] {processor.py:799} INFO - Processing file /home/airflow/.local/lib/python3.7/site-packages/airflow/example_dags/example_skip_dag.py for tasks to queue
[2026-02-25T04:57:27.954+0000] {logging_mixin.py:149} INFO - [2026-02-25T04:57:27.954+0000] {dagbag.py:541} INFO - Filling up the DagBag from /home/airflow/.local/lib/python3.7/site-packages/airflow/example_dags/example_skip_dag.py
[2026-02-25T04:57:27.966+0000] {processor.py:809} INFO - DAG(s) dict_keys(['example_skip_dag']) retrieved from /home/airflow/.local/lib/python3.7/site-packages/airflow/example_dags/example_skip_dag.py
[2026-02-25T04:57:27.995+0000] {logging_mixin.py:149} INFO - [2026-02-25T04:57:27.995+0000] {dag.py:2726} INFO - Sync 1 DAGs
[2026-02-25T04:57:28.015+0000] {logging_mixin.py:149} INFO - [2026-02-25T04:57:28.015+0000] {dag.py:3490} INFO - Setting next_dagrun for example_skip_dag to 2026-02-24T04:57:28.015511+00:00, run_after=2026-02-25T04:57:28.015511+00:00
[2026-02-25T04:57:28.036+0000] {processor.py:178} INFO - Processing /home/airflow/.local/lib/python3.7/site-packages/airflow/example_dags/example_skip_dag.py took 0.088 seconds
[2026-02-25T04:57:58.294+0000] {processor.py:156} INFO - Started process (PID=1242) to work on /home/airflow/.local/lib/python3.7/site-packages/airflow/example_dags/example_skip_dag.py
[2026-02-25T04:57:58.296+0000] {processor.py:799} INFO - Processing file /home/airflow/.local/lib/python3.7/site-packages/airflow/example_dags/example_skip_dag.py for tasks to queue
[2026-02-25T04:57:58.298+0000] {logging_mixin.py:149} INFO - [2026-02-25T04:57:58.298+0000] {dagbag.py:541} INFO - Filling up the DagBag from /home/airflow/.local/lib/python3.7/site-packages/airflow/example_dags/example_skip_dag.py
[2026-02-25T04:57:58.311+0000] {processor.py:809} INFO - DAG(s) dict_keys(['example_skip_dag']) retrieved from /home/airflow/.local/lib/python3.7/site-packages/airflow/example_dags/example_skip_dag.py
[2026-02-25T04:57:58.336+0000] {logging_mixin.py:149} INFO - [2026-02-25T04:57:58.336+0000] {dag.py:2726} INFO - Sync 1 DAGs
[2026-02-25T04:57:58.357+0000] {logging_mixin.py:149} INFO - [2026-02-25T04:57:58.357+0000] {dag.py:3490} INFO - Setting next_dagrun for example_skip_dag to 2026-02-24T04:57:58.357351+00:00, run_after=2026-02-25T04:57:58.357351+00:00
[2026-02-25T04:57:58.377+0000] {processor.py:178} INFO - Processing /home/airflow/.local/lib/python3.7/site-packages/airflow/example_dags/example_skip_dag.py took 0.086 seconds
[2026-02-25T04:58:28.685+0000] {processor.py:156} INFO - Started process (PID=1305) to work on /home/airflow/.local/lib/python3.7/site-packages/airflow/example_dags/example_skip_dag.py
[2026-02-25T04:58:28.687+0000] {processor.py:799} INFO - Processing file /home/airflow/.local/lib/python3.7/site-packages/airflow/example_dags/example_skip_dag.py for tasks to queue
[2026-02-25T04:58:28.692+0000] {logging_mixin.py:149} INFO - [2026-02-25T04:58:28.691+0000] {dagbag.py:541} INFO - Filling up the DagBag from /home/airflow/.local/lib/python3.7/site-packages/airflow/example_dags/example_skip_dag.py
[2026-02-25T04:58:28.721+0000] {processor.py:809} INFO - DAG(s) dict_keys(['example_skip_dag']) retrieved from /home/airflow/.local/lib/python3.7/site-packages/airflow/example_dags/example_skip_dag.py
[2026-02-25T04:58:28.777+0000] {logging_mixin.py:149} INFO - [2026-02-25T04:58:28.777+0000] {dag.py:2726} INFO - Sync 1 DAGs
[2026-02-25T04:58:28.821+0000] {logging_mixin.py:149} INFO - [2026-02-25T04:58:28.821+0000] {dag.py:3490} INFO - Setting next_dagrun for example_skip_dag to 2026-02-24T04:58:28.820682+00:00, run_after=2026-02-25T04:58:28.820682+00:00
[2026-02-25T04:58:28.851+0000] {processor.py:178} INFO - Processing /home/airflow/.local/lib/python3.7/site-packages/airflow/example_dags/example_skip_dag.py took 0.183 seconds
[2026-02-25T04:58:59.382+0000] {processor.py:156} INFO - Started process (PID=1367) to work on /home/airflow/.local/lib/python3.7/site-packages/airflow/example_dags/example_skip_dag.py
[2026-02-25T04:58:59.384+0000] {processor.py:799} INFO - Processing file /home/airflow/.local/lib/python3.7/site-packages/airflow/example_dags/example_skip_dag.py for tasks to queue
[2026-02-25T04:58:59.385+0000] {logging_mixin.py:149} INFO - [2026-02-25T04:58:59.385+0000] {dagbag.py:541} INFO - Filling up the DagBag from /home/airflow/.local/lib/python3.7/site-packages/airflow/example_dags/example_skip_dag.py
[2026-02-25T04:58:59.402+0000] {processor.py:809} INFO - DAG(s) dict_keys(['example_skip_dag']) retrieved from /home/airflow/.local/lib/python3.7/site-packages/airflow/example_dags/example_skip_dag.py
[2026-02-25T04:58:59.448+0000] {logging_mixin.py:149} INFO - [2026-02-25T04:58:59.447+0000] {dag.py:2726} INFO - Sync 1 DAGs
[2026-02-25T04:58:59.482+0000] {logging_mixin.py:149} INFO - [2026-02-25T04:58:59.482+0000] {dag.py:3490} INFO - Setting next_dagrun for example_skip_dag to 2026-02-24T04:58:59.482363+00:00, run_after=2026-02-25T04:58:59.482363+00:00
[2026-02-25T04:58:59.512+0000] {processor.py:178} INFO - Processing /home/airflow/.local/lib/python3.7/site-packages/airflow/example_dags/example_skip_dag.py took 0.134 seconds
[2026-02-25T04:59:30.048+0000] {processor.py:156} INFO - Started process (PID=1430) to work on /home/airflow/.local/lib/python3.7/site-packages/airflow/example_dags/example_skip_dag.py
[2026-02-25T04:59:30.049+0000] {processor.py:799} INFO - Processing file /home/airflow/.local/lib/python3.7/site-packages/airflow/example_dags/example_skip_dag.py for tasks to queue
[2026-02-25T04:59:30.050+0000] {logging_mixin.py:149} INFO - [2026-02-25T04:59:30.050+0000] {dagbag.py:541} INFO - Filling up the DagBag from /home/airflow/.local/lib/python3.7/site-packages/airflow/example_dags/example_skip_dag.py
[2026-02-25T04:59:30.065+0000] {processor.py:809} INFO - DAG(s) dict_keys(['example_skip_dag']) retrieved from /home/airflow/.local/lib/python3.7/site-packages/airflow/example_dags/example_skip_dag.py
[2026-02-25T04:59:30.094+0000] {logging_mixin.py:149} INFO - [2026-02-25T04:59:30.094+0000] {dag.py:2726} INFO - Sync 1 DAGs
[2026-02-25T04:59:30.120+0000] {logging_mixin.py:149} INFO - [2026-02-25T04:59:30.120+0000] {dag.py:3490} INFO - Setting next_dagrun for example_skip_dag to 2026-02-24T04:59:30.119789+00:00, run_after=2026-02-25T04:59:30.119789+00:00
[2026-02-25T04:59:30.141+0000] {processor.py:178} INFO - Processing /home/airflow/.local/lib/python3.7/site-packages/airflow/example_dags/example_skip_dag.py took 0.097 seconds
