[2026-02-25T04:40:41.885+0000] {processor.py:156} INFO - Started process (PID=86) to work on /home/airflow/.local/lib/python3.7/site-packages/airflow/example_dags/example_sla_dag.py
[2026-02-25T04:40:41.885+0000] {processor.py:799} INFO - Processing file /home/airflow/.local/lib/python3.7/site-packages/airflow/example_dags/example_sla_dag.py for tasks to queue
[2026-02-25T04:40:41.886+0000] {logging_mixin.py:149} INFO - [2026-02-25T04:40:41.886+0000] {dagbag.py:541} INFO - Filling up the DagBag from /home/airflow/.local/lib/python3.7/site-packages/airflow/example_dags/example_sla_dag.py
[2026-02-25T04:40:41.892+0000] {processor.py:809} INFO - DAG(s) dict_keys(['example_sla_dag']) retrieved from /home/airflow/.local/lib/python3.7/site-packages/airflow/example_dags/example_sla_dag.py
[2026-02-25T04:40:41.964+0000] {logging_mixin.py:149} INFO - [2026-02-25T04:40:41.964+0000] {manager.py:504} INFO - Created Permission View: can edit on DAG:example_sla_dag
[2026-02-25T04:40:41.972+0000] {logging_mixin.py:149} INFO - [2026-02-25T04:40:41.972+0000] {manager.py:504} INFO - Created Permission View: can delete on DAG:example_sla_dag
[2026-02-25T04:40:41.978+0000] {logging_mixin.py:149} INFO - [2026-02-25T04:40:41.978+0000] {manager.py:504} INFO - Created Permission View: can read on DAG:example_sla_dag
[2026-02-25T04:40:41.978+0000] {logging_mixin.py:149} INFO - [2026-02-25T04:40:41.978+0000] {dag.py:2726} INFO - Sync 1 DAGs
[2026-02-25T04:40:41.988+0000] {logging_mixin.py:149} INFO - [2026-02-25T04:40:41.988+0000] {dag.py:2747} INFO - Creating ORM DAG for example_sla_dag
[2026-02-25T04:40:41.998+0000] {logging_mixin.py:149} INFO - [2026-02-25T04:40:41.998+0000] {dag.py:3490} INFO - Setting next_dagrun for example_sla_dag to 2026-02-25T04:38:00+00:00, run_after=2026-02-25T04:40:00+00:00
[2026-02-25T04:40:42.009+0000] {processor.py:178} INFO - Processing /home/airflow/.local/lib/python3.7/site-packages/airflow/example_dags/example_sla_dag.py took 0.126 seconds
[2026-02-25T04:41:12.184+0000] {processor.py:156} INFO - Started process (PID=149) to work on /home/airflow/.local/lib/python3.7/site-packages/airflow/example_dags/example_sla_dag.py
[2026-02-25T04:41:12.184+0000] {processor.py:799} INFO - Processing file /home/airflow/.local/lib/python3.7/site-packages/airflow/example_dags/example_sla_dag.py for tasks to queue
[2026-02-25T04:41:12.185+0000] {logging_mixin.py:149} INFO - [2026-02-25T04:41:12.185+0000] {dagbag.py:541} INFO - Filling up the DagBag from /home/airflow/.local/lib/python3.7/site-packages/airflow/example_dags/example_sla_dag.py
[2026-02-25T04:41:12.190+0000] {processor.py:809} INFO - DAG(s) dict_keys(['example_sla_dag']) retrieved from /home/airflow/.local/lib/python3.7/site-packages/airflow/example_dags/example_sla_dag.py
[2026-02-25T04:41:12.206+0000] {logging_mixin.py:149} INFO - [2026-02-25T04:41:12.206+0000] {dag.py:2726} INFO - Sync 1 DAGs
[2026-02-25T04:41:12.222+0000] {logging_mixin.py:149} INFO - [2026-02-25T04:41:12.222+0000] {dag.py:3490} INFO - Setting next_dagrun for example_sla_dag to 2026-02-25T04:38:00+00:00, run_after=2026-02-25T04:40:00+00:00
[2026-02-25T04:41:12.232+0000] {processor.py:178} INFO - Processing /home/airflow/.local/lib/python3.7/site-packages/airflow/example_dags/example_sla_dag.py took 0.051 seconds
[2026-02-25T04:41:43.239+0000] {processor.py:156} INFO - Started process (PID=212) to work on /home/airflow/.local/lib/python3.7/site-packages/airflow/example_dags/example_sla_dag.py
[2026-02-25T04:41:43.239+0000] {processor.py:799} INFO - Processing file /home/airflow/.local/lib/python3.7/site-packages/airflow/example_dags/example_sla_dag.py for tasks to queue
[2026-02-25T04:41:43.240+0000] {logging_mixin.py:149} INFO - [2026-02-25T04:41:43.240+0000] {dagbag.py:541} INFO - Filling up the DagBag from /home/airflow/.local/lib/python3.7/site-packages/airflow/example_dags/example_sla_dag.py
[2026-02-25T04:41:43.247+0000] {processor.py:809} INFO - DAG(s) dict_keys(['example_sla_dag']) retrieved from /home/airflow/.local/lib/python3.7/site-packages/airflow/example_dags/example_sla_dag.py
[2026-02-25T04:41:43.265+0000] {logging_mixin.py:149} INFO - [2026-02-25T04:41:43.265+0000] {dag.py:2726} INFO - Sync 1 DAGs
[2026-02-25T04:41:43.287+0000] {logging_mixin.py:149} INFO - [2026-02-25T04:41:43.287+0000] {dag.py:3490} INFO - Setting next_dagrun for example_sla_dag to 2026-02-25T04:38:00+00:00, run_after=2026-02-25T04:40:00+00:00
[2026-02-25T04:41:43.304+0000] {processor.py:178} INFO - Processing /home/airflow/.local/lib/python3.7/site-packages/airflow/example_dags/example_sla_dag.py took 0.071 seconds
[2026-02-25T04:42:14.273+0000] {processor.py:156} INFO - Started process (PID=275) to work on /home/airflow/.local/lib/python3.7/site-packages/airflow/example_dags/example_sla_dag.py
[2026-02-25T04:42:14.274+0000] {processor.py:799} INFO - Processing file /home/airflow/.local/lib/python3.7/site-packages/airflow/example_dags/example_sla_dag.py for tasks to queue
[2026-02-25T04:42:14.275+0000] {logging_mixin.py:149} INFO - [2026-02-25T04:42:14.274+0000] {dagbag.py:541} INFO - Filling up the DagBag from /home/airflow/.local/lib/python3.7/site-packages/airflow/example_dags/example_sla_dag.py
[2026-02-25T04:42:14.280+0000] {processor.py:809} INFO - DAG(s) dict_keys(['example_sla_dag']) retrieved from /home/airflow/.local/lib/python3.7/site-packages/airflow/example_dags/example_sla_dag.py
[2026-02-25T04:42:14.296+0000] {logging_mixin.py:149} INFO - [2026-02-25T04:42:14.295+0000] {dag.py:2726} INFO - Sync 1 DAGs
[2026-02-25T04:42:14.314+0000] {logging_mixin.py:149} INFO - [2026-02-25T04:42:14.314+0000] {dag.py:3490} INFO - Setting next_dagrun for example_sla_dag to 2026-02-25T04:40:00+00:00, run_after=2026-02-25T04:42:00+00:00
[2026-02-25T04:42:14.330+0000] {processor.py:178} INFO - Processing /home/airflow/.local/lib/python3.7/site-packages/airflow/example_dags/example_sla_dag.py took 0.059 seconds
[2026-02-25T04:42:44.930+0000] {processor.py:156} INFO - Started process (PID=338) to work on /home/airflow/.local/lib/python3.7/site-packages/airflow/example_dags/example_sla_dag.py
[2026-02-25T04:42:44.930+0000] {processor.py:799} INFO - Processing file /home/airflow/.local/lib/python3.7/site-packages/airflow/example_dags/example_sla_dag.py for tasks to queue
[2026-02-25T04:42:44.931+0000] {logging_mixin.py:149} INFO - [2026-02-25T04:42:44.931+0000] {dagbag.py:541} INFO - Filling up the DagBag from /home/airflow/.local/lib/python3.7/site-packages/airflow/example_dags/example_sla_dag.py
[2026-02-25T04:42:44.937+0000] {processor.py:809} INFO - DAG(s) dict_keys(['example_sla_dag']) retrieved from /home/airflow/.local/lib/python3.7/site-packages/airflow/example_dags/example_sla_dag.py
[2026-02-25T04:42:44.957+0000] {logging_mixin.py:149} INFO - [2026-02-25T04:42:44.957+0000] {dag.py:2726} INFO - Sync 1 DAGs
[2026-02-25T04:42:44.981+0000] {logging_mixin.py:149} INFO - [2026-02-25T04:42:44.981+0000] {dag.py:3490} INFO - Setting next_dagrun for example_sla_dag to 2026-02-25T04:40:00+00:00, run_after=2026-02-25T04:42:00+00:00
[2026-02-25T04:42:44.998+0000] {processor.py:178} INFO - Processing /home/airflow/.local/lib/python3.7/site-packages/airflow/example_dags/example_sla_dag.py took 0.070 seconds
[2026-02-25T04:48:22.847+0000] {processor.py:156} INFO - Started process (PID=78) to work on /home/airflow/.local/lib/python3.7/site-packages/airflow/example_dags/example_sla_dag.py
[2026-02-25T04:48:22.849+0000] {processor.py:799} INFO - Processing file /home/airflow/.local/lib/python3.7/site-packages/airflow/example_dags/example_sla_dag.py for tasks to queue
[2026-02-25T04:48:22.850+0000] {logging_mixin.py:149} INFO - [2026-02-25T04:48:22.850+0000] {dagbag.py:541} INFO - Filling up the DagBag from /home/airflow/.local/lib/python3.7/site-packages/airflow/example_dags/example_sla_dag.py
[2026-02-25T04:48:22.857+0000] {processor.py:809} INFO - DAG(s) dict_keys(['example_sla_dag']) retrieved from /home/airflow/.local/lib/python3.7/site-packages/airflow/example_dags/example_sla_dag.py
[2026-02-25T04:48:22.876+0000] {logging_mixin.py:149} INFO - [2026-02-25T04:48:22.876+0000] {dag.py:2726} INFO - Sync 1 DAGs
[2026-02-25T04:48:22.906+0000] {logging_mixin.py:149} INFO - [2026-02-25T04:48:22.905+0000] {dag.py:3490} INFO - Setting next_dagrun for example_sla_dag to 2026-02-25T04:46:00+00:00, run_after=2026-02-25T04:48:00+00:00
[2026-02-25T04:48:22.926+0000] {processor.py:178} INFO - Processing /home/airflow/.local/lib/python3.7/site-packages/airflow/example_dags/example_sla_dag.py took 0.082 seconds
[2026-02-25T04:48:53.417+0000] {processor.py:156} INFO - Started process (PID=141) to work on /home/airflow/.local/lib/python3.7/site-packages/airflow/example_dags/example_sla_dag.py
[2026-02-25T04:48:53.418+0000] {processor.py:799} INFO - Processing file /home/airflow/.local/lib/python3.7/site-packages/airflow/example_dags/example_sla_dag.py for tasks to queue
[2026-02-25T04:48:53.419+0000] {logging_mixin.py:149} INFO - [2026-02-25T04:48:53.419+0000] {dagbag.py:541} INFO - Filling up the DagBag from /home/airflow/.local/lib/python3.7/site-packages/airflow/example_dags/example_sla_dag.py
[2026-02-25T04:48:53.427+0000] {processor.py:809} INFO - DAG(s) dict_keys(['example_sla_dag']) retrieved from /home/airflow/.local/lib/python3.7/site-packages/airflow/example_dags/example_sla_dag.py
[2026-02-25T04:48:53.447+0000] {logging_mixin.py:149} INFO - [2026-02-25T04:48:53.447+0000] {dag.py:2726} INFO - Sync 1 DAGs
[2026-02-25T04:48:53.468+0000] {logging_mixin.py:149} INFO - [2026-02-25T04:48:53.468+0000] {dag.py:3490} INFO - Setting next_dagrun for example_sla_dag to 2026-02-25T04:46:00+00:00, run_after=2026-02-25T04:48:00+00:00
[2026-02-25T04:48:53.486+0000] {processor.py:178} INFO - Processing /home/airflow/.local/lib/python3.7/site-packages/airflow/example_dags/example_sla_dag.py took 0.072 seconds
[2026-02-25T04:49:23.945+0000] {processor.py:156} INFO - Started process (PID=211) to work on /home/airflow/.local/lib/python3.7/site-packages/airflow/example_dags/example_sla_dag.py
[2026-02-25T04:49:23.946+0000] {processor.py:799} INFO - Processing file /home/airflow/.local/lib/python3.7/site-packages/airflow/example_dags/example_sla_dag.py for tasks to queue
[2026-02-25T04:49:23.947+0000] {logging_mixin.py:149} INFO - [2026-02-25T04:49:23.946+0000] {dagbag.py:541} INFO - Filling up the DagBag from /home/airflow/.local/lib/python3.7/site-packages/airflow/example_dags/example_sla_dag.py
[2026-02-25T04:49:23.952+0000] {processor.py:809} INFO - DAG(s) dict_keys(['example_sla_dag']) retrieved from /home/airflow/.local/lib/python3.7/site-packages/airflow/example_dags/example_sla_dag.py
[2026-02-25T04:49:23.977+0000] {logging_mixin.py:149} INFO - [2026-02-25T04:49:23.977+0000] {dag.py:2726} INFO - Sync 1 DAGs
[2026-02-25T04:49:23.997+0000] {logging_mixin.py:149} INFO - [2026-02-25T04:49:23.997+0000] {dag.py:3490} INFO - Setting next_dagrun for example_sla_dag to 2026-02-25T04:46:00+00:00, run_after=2026-02-25T04:48:00+00:00
[2026-02-25T04:49:24.013+0000] {processor.py:178} INFO - Processing /home/airflow/.local/lib/python3.7/site-packages/airflow/example_dags/example_sla_dag.py took 0.070 seconds
[2026-02-25T04:49:54.514+0000] {processor.py:156} INFO - Started process (PID=274) to work on /home/airflow/.local/lib/python3.7/site-packages/airflow/example_dags/example_sla_dag.py
[2026-02-25T04:49:54.515+0000] {processor.py:799} INFO - Processing file /home/airflow/.local/lib/python3.7/site-packages/airflow/example_dags/example_sla_dag.py for tasks to queue
[2026-02-25T04:49:54.517+0000] {logging_mixin.py:149} INFO - [2026-02-25T04:49:54.516+0000] {dagbag.py:541} INFO - Filling up the DagBag from /home/airflow/.local/lib/python3.7/site-packages/airflow/example_dags/example_sla_dag.py
[2026-02-25T04:49:54.522+0000] {processor.py:809} INFO - DAG(s) dict_keys(['example_sla_dag']) retrieved from /home/airflow/.local/lib/python3.7/site-packages/airflow/example_dags/example_sla_dag.py
[2026-02-25T04:49:54.543+0000] {logging_mixin.py:149} INFO - [2026-02-25T04:49:54.543+0000] {dag.py:2726} INFO - Sync 1 DAGs
[2026-02-25T04:49:54.565+0000] {logging_mixin.py:149} INFO - [2026-02-25T04:49:54.565+0000] {dag.py:3490} INFO - Setting next_dagrun for example_sla_dag to 2026-02-25T04:46:00+00:00, run_after=2026-02-25T04:48:00+00:00
[2026-02-25T04:49:54.580+0000] {processor.py:178} INFO - Processing /home/airflow/.local/lib/python3.7/site-packages/airflow/example_dags/example_sla_dag.py took 0.067 seconds
[2026-02-25T04:50:24.943+0000] {processor.py:156} INFO - Started process (PID=337) to work on /home/airflow/.local/lib/python3.7/site-packages/airflow/example_dags/example_sla_dag.py
[2026-02-25T04:50:24.944+0000] {processor.py:799} INFO - Processing file /home/airflow/.local/lib/python3.7/site-packages/airflow/example_dags/example_sla_dag.py for tasks to queue
[2026-02-25T04:50:24.945+0000] {logging_mixin.py:149} INFO - [2026-02-25T04:50:24.945+0000] {dagbag.py:541} INFO - Filling up the DagBag from /home/airflow/.local/lib/python3.7/site-packages/airflow/example_dags/example_sla_dag.py
[2026-02-25T04:50:24.951+0000] {processor.py:809} INFO - DAG(s) dict_keys(['example_sla_dag']) retrieved from /home/airflow/.local/lib/python3.7/site-packages/airflow/example_dags/example_sla_dag.py
[2026-02-25T04:50:24.969+0000] {logging_mixin.py:149} INFO - [2026-02-25T04:50:24.969+0000] {dag.py:2726} INFO - Sync 1 DAGs
[2026-02-25T04:50:24.990+0000] {logging_mixin.py:149} INFO - [2026-02-25T04:50:24.990+0000] {dag.py:3490} INFO - Setting next_dagrun for example_sla_dag to 2026-02-25T04:48:00+00:00, run_after=2026-02-25T04:50:00+00:00
[2026-02-25T04:50:25.007+0000] {processor.py:178} INFO - Processing /home/airflow/.local/lib/python3.7/site-packages/airflow/example_dags/example_sla_dag.py took 0.066 seconds
[2026-02-25T04:50:55.191+0000] {processor.py:156} INFO - Started process (PID=400) to work on /home/airflow/.local/lib/python3.7/site-packages/airflow/example_dags/example_sla_dag.py
[2026-02-25T04:50:55.192+0000] {processor.py:799} INFO - Processing file /home/airflow/.local/lib/python3.7/site-packages/airflow/example_dags/example_sla_dag.py for tasks to queue
[2026-02-25T04:50:55.192+0000] {logging_mixin.py:149} INFO - [2026-02-25T04:50:55.192+0000] {dagbag.py:541} INFO - Filling up the DagBag from /home/airflow/.local/lib/python3.7/site-packages/airflow/example_dags/example_sla_dag.py
[2026-02-25T04:50:55.198+0000] {processor.py:809} INFO - DAG(s) dict_keys(['example_sla_dag']) retrieved from /home/airflow/.local/lib/python3.7/site-packages/airflow/example_dags/example_sla_dag.py
[2026-02-25T04:50:55.219+0000] {logging_mixin.py:149} INFO - [2026-02-25T04:50:55.219+0000] {dag.py:2726} INFO - Sync 1 DAGs
[2026-02-25T04:50:55.241+0000] {logging_mixin.py:149} INFO - [2026-02-25T04:50:55.240+0000] {dag.py:3490} INFO - Setting next_dagrun for example_sla_dag to 2026-02-25T04:48:00+00:00, run_after=2026-02-25T04:50:00+00:00
[2026-02-25T04:50:55.256+0000] {processor.py:178} INFO - Processing /home/airflow/.local/lib/python3.7/site-packages/airflow/example_dags/example_sla_dag.py took 0.068 seconds
[2026-02-25T04:51:25.404+0000] {processor.py:156} INFO - Started process (PID=463) to work on /home/airflow/.local/lib/python3.7/site-packages/airflow/example_dags/example_sla_dag.py
[2026-02-25T04:51:25.406+0000] {processor.py:799} INFO - Processing file /home/airflow/.local/lib/python3.7/site-packages/airflow/example_dags/example_sla_dag.py for tasks to queue
[2026-02-25T04:51:25.407+0000] {logging_mixin.py:149} INFO - [2026-02-25T04:51:25.406+0000] {dagbag.py:541} INFO - Filling up the DagBag from /home/airflow/.local/lib/python3.7/site-packages/airflow/example_dags/example_sla_dag.py
[2026-02-25T04:51:25.412+0000] {processor.py:809} INFO - DAG(s) dict_keys(['example_sla_dag']) retrieved from /home/airflow/.local/lib/python3.7/site-packages/airflow/example_dags/example_sla_dag.py
[2026-02-25T04:51:25.430+0000] {logging_mixin.py:149} INFO - [2026-02-25T04:51:25.430+0000] {dag.py:2726} INFO - Sync 1 DAGs
[2026-02-25T04:51:25.451+0000] {logging_mixin.py:149} INFO - [2026-02-25T04:51:25.451+0000] {dag.py:3490} INFO - Setting next_dagrun for example_sla_dag to 2026-02-25T04:48:00+00:00, run_after=2026-02-25T04:50:00+00:00
[2026-02-25T04:51:25.465+0000] {processor.py:178} INFO - Processing /home/airflow/.local/lib/python3.7/site-packages/airflow/example_dags/example_sla_dag.py took 0.063 seconds
[2026-02-25T04:51:55.779+0000] {processor.py:156} INFO - Started process (PID=526) to work on /home/airflow/.local/lib/python3.7/site-packages/airflow/example_dags/example_sla_dag.py
[2026-02-25T04:51:55.779+0000] {processor.py:799} INFO - Processing file /home/airflow/.local/lib/python3.7/site-packages/airflow/example_dags/example_sla_dag.py for tasks to queue
[2026-02-25T04:51:55.780+0000] {logging_mixin.py:149} INFO - [2026-02-25T04:51:55.780+0000] {dagbag.py:541} INFO - Filling up the DagBag from /home/airflow/.local/lib/python3.7/site-packages/airflow/example_dags/example_sla_dag.py
[2026-02-25T04:51:55.785+0000] {processor.py:809} INFO - DAG(s) dict_keys(['example_sla_dag']) retrieved from /home/airflow/.local/lib/python3.7/site-packages/airflow/example_dags/example_sla_dag.py
[2026-02-25T04:51:55.801+0000] {logging_mixin.py:149} INFO - [2026-02-25T04:51:55.800+0000] {dag.py:2726} INFO - Sync 1 DAGs
[2026-02-25T04:51:55.818+0000] {logging_mixin.py:149} INFO - [2026-02-25T04:51:55.818+0000] {dag.py:3490} INFO - Setting next_dagrun for example_sla_dag to 2026-02-25T04:48:00+00:00, run_after=2026-02-25T04:50:00+00:00
[2026-02-25T04:51:55.828+0000] {processor.py:178} INFO - Processing /home/airflow/.local/lib/python3.7/site-packages/airflow/example_dags/example_sla_dag.py took 0.052 seconds
[2026-02-25T04:52:26.166+0000] {processor.py:156} INFO - Started process (PID=589) to work on /home/airflow/.local/lib/python3.7/site-packages/airflow/example_dags/example_sla_dag.py
[2026-02-25T04:52:26.166+0000] {processor.py:799} INFO - Processing file /home/airflow/.local/lib/python3.7/site-packages/airflow/example_dags/example_sla_dag.py for tasks to queue
[2026-02-25T04:52:26.168+0000] {logging_mixin.py:149} INFO - [2026-02-25T04:52:26.168+0000] {dagbag.py:541} INFO - Filling up the DagBag from /home/airflow/.local/lib/python3.7/site-packages/airflow/example_dags/example_sla_dag.py
[2026-02-25T04:52:26.174+0000] {processor.py:809} INFO - DAG(s) dict_keys(['example_sla_dag']) retrieved from /home/airflow/.local/lib/python3.7/site-packages/airflow/example_dags/example_sla_dag.py
[2026-02-25T04:52:26.191+0000] {logging_mixin.py:149} INFO - [2026-02-25T04:52:26.191+0000] {dag.py:2726} INFO - Sync 1 DAGs
[2026-02-25T04:52:26.215+0000] {logging_mixin.py:149} INFO - [2026-02-25T04:52:26.215+0000] {dag.py:3490} INFO - Setting next_dagrun for example_sla_dag to 2026-02-25T04:50:00+00:00, run_after=2026-02-25T04:52:00+00:00
[2026-02-25T04:52:26.226+0000] {processor.py:178} INFO - Processing /home/airflow/.local/lib/python3.7/site-packages/airflow/example_dags/example_sla_dag.py took 0.063 seconds
[2026-02-25T04:52:56.678+0000] {processor.py:156} INFO - Started process (PID=652) to work on /home/airflow/.local/lib/python3.7/site-packages/airflow/example_dags/example_sla_dag.py
[2026-02-25T04:52:56.679+0000] {processor.py:799} INFO - Processing file /home/airflow/.local/lib/python3.7/site-packages/airflow/example_dags/example_sla_dag.py for tasks to queue
[2026-02-25T04:52:56.679+0000] {logging_mixin.py:149} INFO - [2026-02-25T04:52:56.679+0000] {dagbag.py:541} INFO - Filling up the DagBag from /home/airflow/.local/lib/python3.7/site-packages/airflow/example_dags/example_sla_dag.py
[2026-02-25T04:52:56.685+0000] {processor.py:809} INFO - DAG(s) dict_keys(['example_sla_dag']) retrieved from /home/airflow/.local/lib/python3.7/site-packages/airflow/example_dags/example_sla_dag.py
[2026-02-25T04:52:56.711+0000] {logging_mixin.py:149} INFO - [2026-02-25T04:52:56.711+0000] {dag.py:2726} INFO - Sync 1 DAGs
[2026-02-25T04:52:56.736+0000] {logging_mixin.py:149} INFO - [2026-02-25T04:52:56.736+0000] {dag.py:3490} INFO - Setting next_dagrun for example_sla_dag to 2026-02-25T04:50:00+00:00, run_after=2026-02-25T04:52:00+00:00
[2026-02-25T04:52:56.752+0000] {processor.py:178} INFO - Processing /home/airflow/.local/lib/python3.7/site-packages/airflow/example_dags/example_sla_dag.py took 0.079 seconds
[2026-02-25T04:53:27.393+0000] {processor.py:156} INFO - Started process (PID=715) to work on /home/airflow/.local/lib/python3.7/site-packages/airflow/example_dags/example_sla_dag.py
[2026-02-25T04:53:27.394+0000] {processor.py:799} INFO - Processing file /home/airflow/.local/lib/python3.7/site-packages/airflow/example_dags/example_sla_dag.py for tasks to queue
[2026-02-25T04:53:27.395+0000] {logging_mixin.py:149} INFO - [2026-02-25T04:53:27.395+0000] {dagbag.py:541} INFO - Filling up the DagBag from /home/airflow/.local/lib/python3.7/site-packages/airflow/example_dags/example_sla_dag.py
[2026-02-25T04:53:27.401+0000] {processor.py:809} INFO - DAG(s) dict_keys(['example_sla_dag']) retrieved from /home/airflow/.local/lib/python3.7/site-packages/airflow/example_dags/example_sla_dag.py
[2026-02-25T04:53:27.418+0000] {logging_mixin.py:149} INFO - [2026-02-25T04:53:27.418+0000] {dag.py:2726} INFO - Sync 1 DAGs
[2026-02-25T04:53:27.439+0000] {logging_mixin.py:149} INFO - [2026-02-25T04:53:27.439+0000] {dag.py:3490} INFO - Setting next_dagrun for example_sla_dag to 2026-02-25T04:50:00+00:00, run_after=2026-02-25T04:52:00+00:00
[2026-02-25T04:53:27.451+0000] {processor.py:178} INFO - Processing /home/airflow/.local/lib/python3.7/site-packages/airflow/example_dags/example_sla_dag.py took 0.061 seconds
[2026-02-25T04:53:57.825+0000] {processor.py:156} INFO - Started process (PID=779) to work on /home/airflow/.local/lib/python3.7/site-packages/airflow/example_dags/example_sla_dag.py
[2026-02-25T04:53:57.826+0000] {processor.py:799} INFO - Processing file /home/airflow/.local/lib/python3.7/site-packages/airflow/example_dags/example_sla_dag.py for tasks to queue
[2026-02-25T04:53:57.828+0000] {logging_mixin.py:149} INFO - [2026-02-25T04:53:57.827+0000] {dagbag.py:541} INFO - Filling up the DagBag from /home/airflow/.local/lib/python3.7/site-packages/airflow/example_dags/example_sla_dag.py
[2026-02-25T04:53:57.836+0000] {processor.py:809} INFO - DAG(s) dict_keys(['example_sla_dag']) retrieved from /home/airflow/.local/lib/python3.7/site-packages/airflow/example_dags/example_sla_dag.py
[2026-02-25T04:53:57.856+0000] {logging_mixin.py:149} INFO - [2026-02-25T04:53:57.856+0000] {dag.py:2726} INFO - Sync 1 DAGs
[2026-02-25T04:53:57.881+0000] {logging_mixin.py:149} INFO - [2026-02-25T04:53:57.881+0000] {dag.py:3490} INFO - Setting next_dagrun for example_sla_dag to 2026-02-25T04:50:00+00:00, run_after=2026-02-25T04:52:00+00:00
[2026-02-25T04:53:57.896+0000] {processor.py:178} INFO - Processing /home/airflow/.local/lib/python3.7/site-packages/airflow/example_dags/example_sla_dag.py took 0.072 seconds
[2026-02-25T04:54:28.181+0000] {processor.py:156} INFO - Started process (PID=841) to work on /home/airflow/.local/lib/python3.7/site-packages/airflow/example_dags/example_sla_dag.py
[2026-02-25T04:54:28.182+0000] {processor.py:799} INFO - Processing file /home/airflow/.local/lib/python3.7/site-packages/airflow/example_dags/example_sla_dag.py for tasks to queue
[2026-02-25T04:54:28.182+0000] {logging_mixin.py:149} INFO - [2026-02-25T04:54:28.182+0000] {dagbag.py:541} INFO - Filling up the DagBag from /home/airflow/.local/lib/python3.7/site-packages/airflow/example_dags/example_sla_dag.py
[2026-02-25T04:54:28.187+0000] {processor.py:809} INFO - DAG(s) dict_keys(['example_sla_dag']) retrieved from /home/airflow/.local/lib/python3.7/site-packages/airflow/example_dags/example_sla_dag.py
[2026-02-25T04:54:28.205+0000] {logging_mixin.py:149} INFO - [2026-02-25T04:54:28.205+0000] {dag.py:2726} INFO - Sync 1 DAGs
[2026-02-25T04:54:28.233+0000] {logging_mixin.py:149} INFO - [2026-02-25T04:54:28.233+0000] {dag.py:3490} INFO - Setting next_dagrun for example_sla_dag to 2026-02-25T04:52:00+00:00, run_after=2026-02-25T04:54:00+00:00
[2026-02-25T04:54:28.253+0000] {processor.py:178} INFO - Processing /home/airflow/.local/lib/python3.7/site-packages/airflow/example_dags/example_sla_dag.py took 0.074 seconds
[2026-02-25T04:54:58.493+0000] {processor.py:156} INFO - Started process (PID=905) to work on /home/airflow/.local/lib/python3.7/site-packages/airflow/example_dags/example_sla_dag.py
[2026-02-25T04:54:58.494+0000] {processor.py:799} INFO - Processing file /home/airflow/.local/lib/python3.7/site-packages/airflow/example_dags/example_sla_dag.py for tasks to queue
[2026-02-25T04:54:58.494+0000] {logging_mixin.py:149} INFO - [2026-02-25T04:54:58.494+0000] {dagbag.py:541} INFO - Filling up the DagBag from /home/airflow/.local/lib/python3.7/site-packages/airflow/example_dags/example_sla_dag.py
[2026-02-25T04:54:58.500+0000] {processor.py:809} INFO - DAG(s) dict_keys(['example_sla_dag']) retrieved from /home/airflow/.local/lib/python3.7/site-packages/airflow/example_dags/example_sla_dag.py
[2026-02-25T04:54:58.518+0000] {logging_mixin.py:149} INFO - [2026-02-25T04:54:58.517+0000] {dag.py:2726} INFO - Sync 1 DAGs
[2026-02-25T04:54:58.540+0000] {logging_mixin.py:149} INFO - [2026-02-25T04:54:58.540+0000] {dag.py:3490} INFO - Setting next_dagrun for example_sla_dag to 2026-02-25T04:52:00+00:00, run_after=2026-02-25T04:54:00+00:00
[2026-02-25T04:54:58.557+0000] {processor.py:178} INFO - Processing /home/airflow/.local/lib/python3.7/site-packages/airflow/example_dags/example_sla_dag.py took 0.066 seconds
[2026-02-25T04:55:28.811+0000] {processor.py:156} INFO - Started process (PID=967) to work on /home/airflow/.local/lib/python3.7/site-packages/airflow/example_dags/example_sla_dag.py
[2026-02-25T04:55:28.812+0000] {processor.py:799} INFO - Processing file /home/airflow/.local/lib/python3.7/site-packages/airflow/example_dags/example_sla_dag.py for tasks to queue
[2026-02-25T04:55:28.816+0000] {logging_mixin.py:149} INFO - [2026-02-25T04:55:28.816+0000] {dagbag.py:541} INFO - Filling up the DagBag from /home/airflow/.local/lib/python3.7/site-packages/airflow/example_dags/example_sla_dag.py
[2026-02-25T04:55:28.825+0000] {processor.py:809} INFO - DAG(s) dict_keys(['example_sla_dag']) retrieved from /home/airflow/.local/lib/python3.7/site-packages/airflow/example_dags/example_sla_dag.py
[2026-02-25T04:55:28.851+0000] {logging_mixin.py:149} INFO - [2026-02-25T04:55:28.851+0000] {dag.py:2726} INFO - Sync 1 DAGs
[2026-02-25T04:55:28.874+0000] {logging_mixin.py:149} INFO - [2026-02-25T04:55:28.874+0000] {dag.py:3490} INFO - Setting next_dagrun for example_sla_dag to 2026-02-25T04:52:00+00:00, run_after=2026-02-25T04:54:00+00:00
[2026-02-25T04:55:28.887+0000] {processor.py:178} INFO - Processing /home/airflow/.local/lib/python3.7/site-packages/airflow/example_dags/example_sla_dag.py took 0.080 seconds
[2026-02-25T04:55:59.507+0000] {processor.py:156} INFO - Started process (PID=1030) to work on /home/airflow/.local/lib/python3.7/site-packages/airflow/example_dags/example_sla_dag.py
[2026-02-25T04:55:59.508+0000] {processor.py:799} INFO - Processing file /home/airflow/.local/lib/python3.7/site-packages/airflow/example_dags/example_sla_dag.py for tasks to queue
[2026-02-25T04:55:59.510+0000] {logging_mixin.py:149} INFO - [2026-02-25T04:55:59.510+0000] {dagbag.py:541} INFO - Filling up the DagBag from /home/airflow/.local/lib/python3.7/site-packages/airflow/example_dags/example_sla_dag.py
[2026-02-25T04:55:59.515+0000] {processor.py:809} INFO - DAG(s) dict_keys(['example_sla_dag']) retrieved from /home/airflow/.local/lib/python3.7/site-packages/airflow/example_dags/example_sla_dag.py
[2026-02-25T04:55:59.531+0000] {logging_mixin.py:149} INFO - [2026-02-25T04:55:59.531+0000] {dag.py:2726} INFO - Sync 1 DAGs
[2026-02-25T04:55:59.550+0000] {logging_mixin.py:149} INFO - [2026-02-25T04:55:59.550+0000] {dag.py:3490} INFO - Setting next_dagrun for example_sla_dag to 2026-02-25T04:52:00+00:00, run_after=2026-02-25T04:54:00+00:00
[2026-02-25T04:55:59.566+0000] {processor.py:178} INFO - Processing /home/airflow/.local/lib/python3.7/site-packages/airflow/example_dags/example_sla_dag.py took 0.062 seconds
[2026-02-25T04:56:29.904+0000] {processor.py:156} INFO - Started process (PID=1093) to work on /home/airflow/.local/lib/python3.7/site-packages/airflow/example_dags/example_sla_dag.py
[2026-02-25T04:56:29.904+0000] {processor.py:799} INFO - Processing file /home/airflow/.local/lib/python3.7/site-packages/airflow/example_dags/example_sla_dag.py for tasks to queue
[2026-02-25T04:56:29.906+0000] {logging_mixin.py:149} INFO - [2026-02-25T04:56:29.906+0000] {dagbag.py:541} INFO - Filling up the DagBag from /home/airflow/.local/lib/python3.7/site-packages/airflow/example_dags/example_sla_dag.py
[2026-02-25T04:56:29.912+0000] {processor.py:809} INFO - DAG(s) dict_keys(['example_sla_dag']) retrieved from /home/airflow/.local/lib/python3.7/site-packages/airflow/example_dags/example_sla_dag.py
[2026-02-25T04:56:29.929+0000] {logging_mixin.py:149} INFO - [2026-02-25T04:56:29.929+0000] {dag.py:2726} INFO - Sync 1 DAGs
[2026-02-25T04:56:29.950+0000] {logging_mixin.py:149} INFO - [2026-02-25T04:56:29.950+0000] {dag.py:3490} INFO - Setting next_dagrun for example_sla_dag to 2026-02-25T04:54:00+00:00, run_after=2026-02-25T04:56:00+00:00
[2026-02-25T04:56:29.963+0000] {processor.py:178} INFO - Processing /home/airflow/.local/lib/python3.7/site-packages/airflow/example_dags/example_sla_dag.py took 0.063 seconds
[2026-02-25T04:57:00.542+0000] {processor.py:156} INFO - Started process (PID=1156) to work on /home/airflow/.local/lib/python3.7/site-packages/airflow/example_dags/example_sla_dag.py
[2026-02-25T04:57:00.543+0000] {processor.py:799} INFO - Processing file /home/airflow/.local/lib/python3.7/site-packages/airflow/example_dags/example_sla_dag.py for tasks to queue
[2026-02-25T04:57:00.544+0000] {logging_mixin.py:149} INFO - [2026-02-25T04:57:00.544+0000] {dagbag.py:541} INFO - Filling up the DagBag from /home/airflow/.local/lib/python3.7/site-packages/airflow/example_dags/example_sla_dag.py
[2026-02-25T04:57:00.550+0000] {processor.py:809} INFO - DAG(s) dict_keys(['example_sla_dag']) retrieved from /home/airflow/.local/lib/python3.7/site-packages/airflow/example_dags/example_sla_dag.py
[2026-02-25T04:57:00.570+0000] {logging_mixin.py:149} INFO - [2026-02-25T04:57:00.570+0000] {dag.py:2726} INFO - Sync 1 DAGs
[2026-02-25T04:57:00.589+0000] {logging_mixin.py:149} INFO - [2026-02-25T04:57:00.589+0000] {dag.py:3490} INFO - Setting next_dagrun for example_sla_dag to 2026-02-25T04:54:00+00:00, run_after=2026-02-25T04:56:00+00:00
[2026-02-25T04:57:00.603+0000] {processor.py:178} INFO - Processing /home/airflow/.local/lib/python3.7/site-packages/airflow/example_dags/example_sla_dag.py took 0.063 seconds
[2026-02-25T04:57:30.787+0000] {processor.py:156} INFO - Started process (PID=1219) to work on /home/airflow/.local/lib/python3.7/site-packages/airflow/example_dags/example_sla_dag.py
[2026-02-25T04:57:30.788+0000] {processor.py:799} INFO - Processing file /home/airflow/.local/lib/python3.7/site-packages/airflow/example_dags/example_sla_dag.py for tasks to queue
[2026-02-25T04:57:30.790+0000] {logging_mixin.py:149} INFO - [2026-02-25T04:57:30.790+0000] {dagbag.py:541} INFO - Filling up the DagBag from /home/airflow/.local/lib/python3.7/site-packages/airflow/example_dags/example_sla_dag.py
[2026-02-25T04:57:30.796+0000] {processor.py:809} INFO - DAG(s) dict_keys(['example_sla_dag']) retrieved from /home/airflow/.local/lib/python3.7/site-packages/airflow/example_dags/example_sla_dag.py
[2026-02-25T04:57:30.821+0000] {logging_mixin.py:149} INFO - [2026-02-25T04:57:30.821+0000] {dag.py:2726} INFO - Sync 1 DAGs
[2026-02-25T04:57:30.842+0000] {logging_mixin.py:149} INFO - [2026-02-25T04:57:30.842+0000] {dag.py:3490} INFO - Setting next_dagrun for example_sla_dag to 2026-02-25T04:54:00+00:00, run_after=2026-02-25T04:56:00+00:00
[2026-02-25T04:57:30.856+0000] {processor.py:178} INFO - Processing /home/airflow/.local/lib/python3.7/site-packages/airflow/example_dags/example_sla_dag.py took 0.072 seconds
[2026-02-25T04:58:01.234+0000] {processor.py:156} INFO - Started process (PID=1282) to work on /home/airflow/.local/lib/python3.7/site-packages/airflow/example_dags/example_sla_dag.py
[2026-02-25T04:58:01.234+0000] {processor.py:799} INFO - Processing file /home/airflow/.local/lib/python3.7/site-packages/airflow/example_dags/example_sla_dag.py for tasks to queue
[2026-02-25T04:58:01.235+0000] {logging_mixin.py:149} INFO - [2026-02-25T04:58:01.234+0000] {dagbag.py:541} INFO - Filling up the DagBag from /home/airflow/.local/lib/python3.7/site-packages/airflow/example_dags/example_sla_dag.py
[2026-02-25T04:58:01.240+0000] {processor.py:809} INFO - DAG(s) dict_keys(['example_sla_dag']) retrieved from /home/airflow/.local/lib/python3.7/site-packages/airflow/example_dags/example_sla_dag.py
[2026-02-25T04:58:01.261+0000] {logging_mixin.py:149} INFO - [2026-02-25T04:58:01.261+0000] {dag.py:2726} INFO - Sync 1 DAGs
[2026-02-25T04:58:01.288+0000] {logging_mixin.py:149} INFO - [2026-02-25T04:58:01.288+0000] {dag.py:3490} INFO - Setting next_dagrun for example_sla_dag to 2026-02-25T04:56:00+00:00, run_after=2026-02-25T04:58:00+00:00
[2026-02-25T04:58:01.305+0000] {processor.py:178} INFO - Processing /home/airflow/.local/lib/python3.7/site-packages/airflow/example_dags/example_sla_dag.py took 0.074 seconds
[2026-02-25T04:58:31.994+0000] {processor.py:156} INFO - Started process (PID=1345) to work on /home/airflow/.local/lib/python3.7/site-packages/airflow/example_dags/example_sla_dag.py
[2026-02-25T04:58:31.995+0000] {processor.py:799} INFO - Processing file /home/airflow/.local/lib/python3.7/site-packages/airflow/example_dags/example_sla_dag.py for tasks to queue
[2026-02-25T04:58:31.995+0000] {logging_mixin.py:149} INFO - [2026-02-25T04:58:31.995+0000] {dagbag.py:541} INFO - Filling up the DagBag from /home/airflow/.local/lib/python3.7/site-packages/airflow/example_dags/example_sla_dag.py
[2026-02-25T04:58:32.001+0000] {processor.py:809} INFO - DAG(s) dict_keys(['example_sla_dag']) retrieved from /home/airflow/.local/lib/python3.7/site-packages/airflow/example_dags/example_sla_dag.py
[2026-02-25T04:58:32.017+0000] {logging_mixin.py:149} INFO - [2026-02-25T04:58:32.017+0000] {dag.py:2726} INFO - Sync 1 DAGs
[2026-02-25T04:58:32.039+0000] {logging_mixin.py:149} INFO - [2026-02-25T04:58:32.039+0000] {dag.py:3490} INFO - Setting next_dagrun for example_sla_dag to 2026-02-25T04:56:00+00:00, run_after=2026-02-25T04:58:00+00:00
[2026-02-25T04:58:32.056+0000] {processor.py:178} INFO - Processing /home/airflow/.local/lib/python3.7/site-packages/airflow/example_dags/example_sla_dag.py took 0.065 seconds
[2026-02-25T04:59:02.562+0000] {processor.py:156} INFO - Started process (PID=1407) to work on /home/airflow/.local/lib/python3.7/site-packages/airflow/example_dags/example_sla_dag.py
[2026-02-25T04:59:02.564+0000] {processor.py:799} INFO - Processing file /home/airflow/.local/lib/python3.7/site-packages/airflow/example_dags/example_sla_dag.py for tasks to queue
[2026-02-25T04:59:02.565+0000] {logging_mixin.py:149} INFO - [2026-02-25T04:59:02.565+0000] {dagbag.py:541} INFO - Filling up the DagBag from /home/airflow/.local/lib/python3.7/site-packages/airflow/example_dags/example_sla_dag.py
[2026-02-25T04:59:02.571+0000] {processor.py:809} INFO - DAG(s) dict_keys(['example_sla_dag']) retrieved from /home/airflow/.local/lib/python3.7/site-packages/airflow/example_dags/example_sla_dag.py
[2026-02-25T04:59:02.594+0000] {logging_mixin.py:149} INFO - [2026-02-25T04:59:02.594+0000] {dag.py:2726} INFO - Sync 1 DAGs
[2026-02-25T04:59:02.614+0000] {logging_mixin.py:149} INFO - [2026-02-25T04:59:02.614+0000] {dag.py:3490} INFO - Setting next_dagrun for example_sla_dag to 2026-02-25T04:56:00+00:00, run_after=2026-02-25T04:58:00+00:00
[2026-02-25T04:59:02.627+0000] {processor.py:178} INFO - Processing /home/airflow/.local/lib/python3.7/site-packages/airflow/example_dags/example_sla_dag.py took 0.069 seconds
[2026-02-25T04:59:33.387+0000] {processor.py:156} INFO - Started process (PID=1470) to work on /home/airflow/.local/lib/python3.7/site-packages/airflow/example_dags/example_sla_dag.py
[2026-02-25T04:59:33.387+0000] {processor.py:799} INFO - Processing file /home/airflow/.local/lib/python3.7/site-packages/airflow/example_dags/example_sla_dag.py for tasks to queue
[2026-02-25T04:59:33.388+0000] {logging_mixin.py:149} INFO - [2026-02-25T04:59:33.387+0000] {dagbag.py:541} INFO - Filling up the DagBag from /home/airflow/.local/lib/python3.7/site-packages/airflow/example_dags/example_sla_dag.py
[2026-02-25T04:59:33.393+0000] {processor.py:809} INFO - DAG(s) dict_keys(['example_sla_dag']) retrieved from /home/airflow/.local/lib/python3.7/site-packages/airflow/example_dags/example_sla_dag.py
[2026-02-25T04:59:33.416+0000] {logging_mixin.py:149} INFO - [2026-02-25T04:59:33.416+0000] {dag.py:2726} INFO - Sync 1 DAGs
[2026-02-25T04:59:33.437+0000] {logging_mixin.py:149} INFO - [2026-02-25T04:59:33.437+0000] {dag.py:3490} INFO - Setting next_dagrun for example_sla_dag to 2026-02-25T04:56:00+00:00, run_after=2026-02-25T04:58:00+00:00
[2026-02-25T04:59:33.455+0000] {processor.py:178} INFO - Processing /home/airflow/.local/lib/python3.7/site-packages/airflow/example_dags/example_sla_dag.py took 0.071 seconds
