[2026-02-25T04:40:37.578+0000] {processor.py:156} INFO - Started process (PID=45) to work on /home/airflow/.local/lib/python3.7/site-packages/airflow/example_dags/example_branch_python_dop_operator_3.py
[2026-02-25T04:40:37.578+0000] {processor.py:799} INFO - Processing file /home/airflow/.local/lib/python3.7/site-packages/airflow/example_dags/example_branch_python_dop_operator_3.py for tasks to queue
[2026-02-25T04:40:37.579+0000] {logging_mixin.py:149} INFO - [2026-02-25T04:40:37.579+0000] {dagbag.py:541} INFO - Filling up the DagBag from /home/airflow/.local/lib/python3.7/site-packages/airflow/example_dags/example_branch_python_dop_operator_3.py
[2026-02-25T04:40:37.586+0000] {processor.py:809} INFO - DAG(s) dict_keys(['example_branch_dop_operator_v3']) retrieved from /home/airflow/.local/lib/python3.7/site-packages/airflow/example_dags/example_branch_python_dop_operator_3.py
[2026-02-25T04:40:37.672+0000] {logging_mixin.py:149} INFO - [2026-02-25T04:40:37.672+0000] {manager.py:504} INFO - Created Permission View: can edit on DAG:example_branch_dop_operator_v3
[2026-02-25T04:40:37.680+0000] {logging_mixin.py:149} INFO - [2026-02-25T04:40:37.680+0000] {manager.py:504} INFO - Created Permission View: can delete on DAG:example_branch_dop_operator_v3
[2026-02-25T04:40:37.689+0000] {logging_mixin.py:149} INFO - [2026-02-25T04:40:37.689+0000] {manager.py:504} INFO - Created Permission View: can read on DAG:example_branch_dop_operator_v3
[2026-02-25T04:40:37.692+0000] {logging_mixin.py:149} INFO - [2026-02-25T04:40:37.691+0000] {dag.py:2726} INFO - Sync 1 DAGs
[2026-02-25T04:40:37.701+0000] {logging_mixin.py:149} INFO - [2026-02-25T04:40:37.701+0000] {dag.py:2747} INFO - Creating ORM DAG for example_branch_dop_operator_v3
[2026-02-25T04:40:37.715+0000] {logging_mixin.py:149} INFO - [2026-02-25T04:40:37.714+0000] {dag.py:3490} INFO - Setting next_dagrun for example_branch_dop_operator_v3 to 2026-02-25T04:39:00+00:00, run_after=2026-02-25T04:40:00+00:00
[2026-02-25T04:40:37.733+0000] {processor.py:178} INFO - Processing /home/airflow/.local/lib/python3.7/site-packages/airflow/example_dags/example_branch_python_dop_operator_3.py took 0.158 seconds
[2026-02-25T04:41:08.459+0000] {processor.py:156} INFO - Started process (PID=108) to work on /home/airflow/.local/lib/python3.7/site-packages/airflow/example_dags/example_branch_python_dop_operator_3.py
[2026-02-25T04:41:08.460+0000] {processor.py:799} INFO - Processing file /home/airflow/.local/lib/python3.7/site-packages/airflow/example_dags/example_branch_python_dop_operator_3.py for tasks to queue
[2026-02-25T04:41:08.461+0000] {logging_mixin.py:149} INFO - [2026-02-25T04:41:08.460+0000] {dagbag.py:541} INFO - Filling up the DagBag from /home/airflow/.local/lib/python3.7/site-packages/airflow/example_dags/example_branch_python_dop_operator_3.py
[2026-02-25T04:41:08.470+0000] {processor.py:809} INFO - DAG(s) dict_keys(['example_branch_dop_operator_v3']) retrieved from /home/airflow/.local/lib/python3.7/site-packages/airflow/example_dags/example_branch_python_dop_operator_3.py
[2026-02-25T04:41:08.488+0000] {logging_mixin.py:149} INFO - [2026-02-25T04:41:08.488+0000] {dag.py:2726} INFO - Sync 1 DAGs
[2026-02-25T04:41:08.512+0000] {logging_mixin.py:149} INFO - [2026-02-25T04:41:08.512+0000] {dag.py:3490} INFO - Setting next_dagrun for example_branch_dop_operator_v3 to 2026-02-25T04:40:00+00:00, run_after=2026-02-25T04:41:00+00:00
[2026-02-25T04:41:08.534+0000] {processor.py:178} INFO - Processing /home/airflow/.local/lib/python3.7/site-packages/airflow/example_dags/example_branch_python_dop_operator_3.py took 0.077 seconds
[2026-02-25T04:41:39.015+0000] {processor.py:156} INFO - Started process (PID=171) to work on /home/airflow/.local/lib/python3.7/site-packages/airflow/example_dags/example_branch_python_dop_operator_3.py
[2026-02-25T04:41:39.016+0000] {processor.py:799} INFO - Processing file /home/airflow/.local/lib/python3.7/site-packages/airflow/example_dags/example_branch_python_dop_operator_3.py for tasks to queue
[2026-02-25T04:41:39.016+0000] {logging_mixin.py:149} INFO - [2026-02-25T04:41:39.016+0000] {dagbag.py:541} INFO - Filling up the DagBag from /home/airflow/.local/lib/python3.7/site-packages/airflow/example_dags/example_branch_python_dop_operator_3.py
[2026-02-25T04:41:39.022+0000] {processor.py:809} INFO - DAG(s) dict_keys(['example_branch_dop_operator_v3']) retrieved from /home/airflow/.local/lib/python3.7/site-packages/airflow/example_dags/example_branch_python_dop_operator_3.py
[2026-02-25T04:41:39.038+0000] {logging_mixin.py:149} INFO - [2026-02-25T04:41:39.038+0000] {dag.py:2726} INFO - Sync 1 DAGs
[2026-02-25T04:41:39.059+0000] {logging_mixin.py:149} INFO - [2026-02-25T04:41:39.059+0000] {dag.py:3490} INFO - Setting next_dagrun for example_branch_dop_operator_v3 to 2026-02-25T04:40:00+00:00, run_after=2026-02-25T04:41:00+00:00
[2026-02-25T04:41:39.071+0000] {processor.py:178} INFO - Processing /home/airflow/.local/lib/python3.7/site-packages/airflow/example_dags/example_branch_python_dop_operator_3.py took 0.061 seconds
[2026-02-25T04:42:09.495+0000] {processor.py:156} INFO - Started process (PID=234) to work on /home/airflow/.local/lib/python3.7/site-packages/airflow/example_dags/example_branch_python_dop_operator_3.py
[2026-02-25T04:42:09.496+0000] {processor.py:799} INFO - Processing file /home/airflow/.local/lib/python3.7/site-packages/airflow/example_dags/example_branch_python_dop_operator_3.py for tasks to queue
[2026-02-25T04:42:09.496+0000] {logging_mixin.py:149} INFO - [2026-02-25T04:42:09.496+0000] {dagbag.py:541} INFO - Filling up the DagBag from /home/airflow/.local/lib/python3.7/site-packages/airflow/example_dags/example_branch_python_dop_operator_3.py
[2026-02-25T04:42:09.502+0000] {processor.py:809} INFO - DAG(s) dict_keys(['example_branch_dop_operator_v3']) retrieved from /home/airflow/.local/lib/python3.7/site-packages/airflow/example_dags/example_branch_python_dop_operator_3.py
[2026-02-25T04:42:09.518+0000] {logging_mixin.py:149} INFO - [2026-02-25T04:42:09.518+0000] {dag.py:2726} INFO - Sync 1 DAGs
[2026-02-25T04:42:09.535+0000] {logging_mixin.py:149} INFO - [2026-02-25T04:42:09.535+0000] {dag.py:3490} INFO - Setting next_dagrun for example_branch_dop_operator_v3 to 2026-02-25T04:41:00+00:00, run_after=2026-02-25T04:42:00+00:00
[2026-02-25T04:42:09.546+0000] {processor.py:178} INFO - Processing /home/airflow/.local/lib/python3.7/site-packages/airflow/example_dags/example_branch_python_dop_operator_3.py took 0.062 seconds
[2026-02-25T04:42:40.203+0000] {processor.py:156} INFO - Started process (PID=297) to work on /home/airflow/.local/lib/python3.7/site-packages/airflow/example_dags/example_branch_python_dop_operator_3.py
[2026-02-25T04:42:40.204+0000] {processor.py:799} INFO - Processing file /home/airflow/.local/lib/python3.7/site-packages/airflow/example_dags/example_branch_python_dop_operator_3.py for tasks to queue
[2026-02-25T04:42:40.205+0000] {logging_mixin.py:149} INFO - [2026-02-25T04:42:40.205+0000] {dagbag.py:541} INFO - Filling up the DagBag from /home/airflow/.local/lib/python3.7/site-packages/airflow/example_dags/example_branch_python_dop_operator_3.py
[2026-02-25T04:42:40.211+0000] {processor.py:809} INFO - DAG(s) dict_keys(['example_branch_dop_operator_v3']) retrieved from /home/airflow/.local/lib/python3.7/site-packages/airflow/example_dags/example_branch_python_dop_operator_3.py
[2026-02-25T04:42:40.227+0000] {logging_mixin.py:149} INFO - [2026-02-25T04:42:40.227+0000] {dag.py:2726} INFO - Sync 1 DAGs
[2026-02-25T04:42:40.249+0000] {logging_mixin.py:149} INFO - [2026-02-25T04:42:40.249+0000] {dag.py:3490} INFO - Setting next_dagrun for example_branch_dop_operator_v3 to 2026-02-25T04:41:00+00:00, run_after=2026-02-25T04:42:00+00:00
[2026-02-25T04:42:40.266+0000] {processor.py:178} INFO - Processing /home/airflow/.local/lib/python3.7/site-packages/airflow/example_dags/example_branch_python_dop_operator_3.py took 0.067 seconds
[2026-02-25T04:48:20.302+0000] {processor.py:156} INFO - Started process (PID=44) to work on /home/airflow/.local/lib/python3.7/site-packages/airflow/example_dags/example_branch_python_dop_operator_3.py
[2026-02-25T04:48:20.303+0000] {processor.py:799} INFO - Processing file /home/airflow/.local/lib/python3.7/site-packages/airflow/example_dags/example_branch_python_dop_operator_3.py for tasks to queue
[2026-02-25T04:48:20.304+0000] {logging_mixin.py:149} INFO - [2026-02-25T04:48:20.303+0000] {dagbag.py:541} INFO - Filling up the DagBag from /home/airflow/.local/lib/python3.7/site-packages/airflow/example_dags/example_branch_python_dop_operator_3.py
[2026-02-25T04:48:20.310+0000] {processor.py:809} INFO - DAG(s) dict_keys(['example_branch_dop_operator_v3']) retrieved from /home/airflow/.local/lib/python3.7/site-packages/airflow/example_dags/example_branch_python_dop_operator_3.py
[2026-02-25T04:48:20.326+0000] {logging_mixin.py:149} INFO - [2026-02-25T04:48:20.326+0000] {dag.py:2726} INFO - Sync 1 DAGs
[2026-02-25T04:48:20.357+0000] {logging_mixin.py:149} INFO - [2026-02-25T04:48:20.357+0000] {dag.py:3490} INFO - Setting next_dagrun for example_branch_dop_operator_v3 to 2026-02-25T04:47:00+00:00, run_after=2026-02-25T04:48:00+00:00
[2026-02-25T04:48:20.378+0000] {processor.py:178} INFO - Processing /home/airflow/.local/lib/python3.7/site-packages/airflow/example_dags/example_branch_python_dop_operator_3.py took 0.078 seconds
[2026-02-25T04:48:50.698+0000] {processor.py:156} INFO - Started process (PID=107) to work on /home/airflow/.local/lib/python3.7/site-packages/airflow/example_dags/example_branch_python_dop_operator_3.py
[2026-02-25T04:48:50.699+0000] {processor.py:799} INFO - Processing file /home/airflow/.local/lib/python3.7/site-packages/airflow/example_dags/example_branch_python_dop_operator_3.py for tasks to queue
[2026-02-25T04:48:50.701+0000] {logging_mixin.py:149} INFO - [2026-02-25T04:48:50.701+0000] {dagbag.py:541} INFO - Filling up the DagBag from /home/airflow/.local/lib/python3.7/site-packages/airflow/example_dags/example_branch_python_dop_operator_3.py
[2026-02-25T04:48:50.711+0000] {processor.py:809} INFO - DAG(s) dict_keys(['example_branch_dop_operator_v3']) retrieved from /home/airflow/.local/lib/python3.7/site-packages/airflow/example_dags/example_branch_python_dop_operator_3.py
[2026-02-25T04:48:50.740+0000] {logging_mixin.py:149} INFO - [2026-02-25T04:48:50.740+0000] {dag.py:2726} INFO - Sync 1 DAGs
[2026-02-25T04:48:50.772+0000] {logging_mixin.py:149} INFO - [2026-02-25T04:48:50.771+0000] {dag.py:3490} INFO - Setting next_dagrun for example_branch_dop_operator_v3 to 2026-02-25T04:47:00+00:00, run_after=2026-02-25T04:48:00+00:00
[2026-02-25T04:48:50.789+0000] {processor.py:178} INFO - Processing /home/airflow/.local/lib/python3.7/site-packages/airflow/example_dags/example_branch_python_dop_operator_3.py took 0.095 seconds
[2026-02-25T04:49:21.156+0000] {processor.py:156} INFO - Started process (PID=170) to work on /home/airflow/.local/lib/python3.7/site-packages/airflow/example_dags/example_branch_python_dop_operator_3.py
[2026-02-25T04:49:21.156+0000] {processor.py:799} INFO - Processing file /home/airflow/.local/lib/python3.7/site-packages/airflow/example_dags/example_branch_python_dop_operator_3.py for tasks to queue
[2026-02-25T04:49:21.157+0000] {logging_mixin.py:149} INFO - [2026-02-25T04:49:21.157+0000] {dagbag.py:541} INFO - Filling up the DagBag from /home/airflow/.local/lib/python3.7/site-packages/airflow/example_dags/example_branch_python_dop_operator_3.py
[2026-02-25T04:49:21.162+0000] {processor.py:809} INFO - DAG(s) dict_keys(['example_branch_dop_operator_v3']) retrieved from /home/airflow/.local/lib/python3.7/site-packages/airflow/example_dags/example_branch_python_dop_operator_3.py
[2026-02-25T04:49:21.187+0000] {logging_mixin.py:149} INFO - [2026-02-25T04:49:21.186+0000] {dag.py:2726} INFO - Sync 1 DAGs
[2026-02-25T04:49:21.211+0000] {logging_mixin.py:149} INFO - [2026-02-25T04:49:21.211+0000] {dag.py:3490} INFO - Setting next_dagrun for example_branch_dop_operator_v3 to 2026-02-25T04:48:00+00:00, run_after=2026-02-25T04:49:00+00:00
[2026-02-25T04:49:21.226+0000] {processor.py:178} INFO - Processing /home/airflow/.local/lib/python3.7/site-packages/airflow/example_dags/example_branch_python_dop_operator_3.py took 0.073 seconds
[2026-02-25T04:49:51.827+0000] {processor.py:156} INFO - Started process (PID=233) to work on /home/airflow/.local/lib/python3.7/site-packages/airflow/example_dags/example_branch_python_dop_operator_3.py
[2026-02-25T04:49:51.830+0000] {processor.py:799} INFO - Processing file /home/airflow/.local/lib/python3.7/site-packages/airflow/example_dags/example_branch_python_dop_operator_3.py for tasks to queue
[2026-02-25T04:49:51.831+0000] {logging_mixin.py:149} INFO - [2026-02-25T04:49:51.831+0000] {dagbag.py:541} INFO - Filling up the DagBag from /home/airflow/.local/lib/python3.7/site-packages/airflow/example_dags/example_branch_python_dop_operator_3.py
[2026-02-25T04:49:51.842+0000] {processor.py:809} INFO - DAG(s) dict_keys(['example_branch_dop_operator_v3']) retrieved from /home/airflow/.local/lib/python3.7/site-packages/airflow/example_dags/example_branch_python_dop_operator_3.py
[2026-02-25T04:49:51.868+0000] {logging_mixin.py:149} INFO - [2026-02-25T04:49:51.868+0000] {dag.py:2726} INFO - Sync 1 DAGs
[2026-02-25T04:49:51.893+0000] {logging_mixin.py:149} INFO - [2026-02-25T04:49:51.893+0000] {dag.py:3490} INFO - Setting next_dagrun for example_branch_dop_operator_v3 to 2026-02-25T04:48:00+00:00, run_after=2026-02-25T04:49:00+00:00
[2026-02-25T04:49:51.910+0000] {processor.py:178} INFO - Processing /home/airflow/.local/lib/python3.7/site-packages/airflow/example_dags/example_branch_python_dop_operator_3.py took 0.094 seconds
[2026-02-25T04:50:22.273+0000] {processor.py:156} INFO - Started process (PID=296) to work on /home/airflow/.local/lib/python3.7/site-packages/airflow/example_dags/example_branch_python_dop_operator_3.py
[2026-02-25T04:50:22.274+0000] {processor.py:799} INFO - Processing file /home/airflow/.local/lib/python3.7/site-packages/airflow/example_dags/example_branch_python_dop_operator_3.py for tasks to queue
[2026-02-25T04:50:22.275+0000] {logging_mixin.py:149} INFO - [2026-02-25T04:50:22.275+0000] {dagbag.py:541} INFO - Filling up the DagBag from /home/airflow/.local/lib/python3.7/site-packages/airflow/example_dags/example_branch_python_dop_operator_3.py
[2026-02-25T04:50:22.283+0000] {processor.py:809} INFO - DAG(s) dict_keys(['example_branch_dop_operator_v3']) retrieved from /home/airflow/.local/lib/python3.7/site-packages/airflow/example_dags/example_branch_python_dop_operator_3.py
[2026-02-25T04:50:22.301+0000] {logging_mixin.py:149} INFO - [2026-02-25T04:50:22.301+0000] {dag.py:2726} INFO - Sync 1 DAGs
[2026-02-25T04:50:22.324+0000] {logging_mixin.py:149} INFO - [2026-02-25T04:50:22.324+0000] {dag.py:3490} INFO - Setting next_dagrun for example_branch_dop_operator_v3 to 2026-02-25T04:49:00+00:00, run_after=2026-02-25T04:50:00+00:00
[2026-02-25T04:50:22.344+0000] {processor.py:178} INFO - Processing /home/airflow/.local/lib/python3.7/site-packages/airflow/example_dags/example_branch_python_dop_operator_3.py took 0.073 seconds
[2026-02-25T04:50:52.512+0000] {processor.py:156} INFO - Started process (PID=359) to work on /home/airflow/.local/lib/python3.7/site-packages/airflow/example_dags/example_branch_python_dop_operator_3.py
[2026-02-25T04:50:52.514+0000] {processor.py:799} INFO - Processing file /home/airflow/.local/lib/python3.7/site-packages/airflow/example_dags/example_branch_python_dop_operator_3.py for tasks to queue
[2026-02-25T04:50:52.514+0000] {logging_mixin.py:149} INFO - [2026-02-25T04:50:52.514+0000] {dagbag.py:541} INFO - Filling up the DagBag from /home/airflow/.local/lib/python3.7/site-packages/airflow/example_dags/example_branch_python_dop_operator_3.py
[2026-02-25T04:50:52.519+0000] {processor.py:809} INFO - DAG(s) dict_keys(['example_branch_dop_operator_v3']) retrieved from /home/airflow/.local/lib/python3.7/site-packages/airflow/example_dags/example_branch_python_dop_operator_3.py
[2026-02-25T04:50:52.543+0000] {logging_mixin.py:149} INFO - [2026-02-25T04:50:52.541+0000] {dag.py:2726} INFO - Sync 1 DAGs
[2026-02-25T04:50:52.565+0000] {logging_mixin.py:149} INFO - [2026-02-25T04:50:52.564+0000] {dag.py:3490} INFO - Setting next_dagrun for example_branch_dop_operator_v3 to 2026-02-25T04:49:00+00:00, run_after=2026-02-25T04:50:00+00:00
[2026-02-25T04:50:52.577+0000] {processor.py:178} INFO - Processing /home/airflow/.local/lib/python3.7/site-packages/airflow/example_dags/example_branch_python_dop_operator_3.py took 0.067 seconds
[2026-02-25T04:51:22.863+0000] {processor.py:156} INFO - Started process (PID=422) to work on /home/airflow/.local/lib/python3.7/site-packages/airflow/example_dags/example_branch_python_dop_operator_3.py
[2026-02-25T04:51:22.865+0000] {processor.py:799} INFO - Processing file /home/airflow/.local/lib/python3.7/site-packages/airflow/example_dags/example_branch_python_dop_operator_3.py for tasks to queue
[2026-02-25T04:51:22.865+0000] {logging_mixin.py:149} INFO - [2026-02-25T04:51:22.865+0000] {dagbag.py:541} INFO - Filling up the DagBag from /home/airflow/.local/lib/python3.7/site-packages/airflow/example_dags/example_branch_python_dop_operator_3.py
[2026-02-25T04:51:22.871+0000] {processor.py:809} INFO - DAG(s) dict_keys(['example_branch_dop_operator_v3']) retrieved from /home/airflow/.local/lib/python3.7/site-packages/airflow/example_dags/example_branch_python_dop_operator_3.py
[2026-02-25T04:51:22.888+0000] {logging_mixin.py:149} INFO - [2026-02-25T04:51:22.888+0000] {dag.py:2726} INFO - Sync 1 DAGs
[2026-02-25T04:51:22.909+0000] {logging_mixin.py:149} INFO - [2026-02-25T04:51:22.909+0000] {dag.py:3490} INFO - Setting next_dagrun for example_branch_dop_operator_v3 to 2026-02-25T04:50:00+00:00, run_after=2026-02-25T04:51:00+00:00
[2026-02-25T04:51:22.929+0000] {processor.py:178} INFO - Processing /home/airflow/.local/lib/python3.7/site-packages/airflow/example_dags/example_branch_python_dop_operator_3.py took 0.067 seconds
[2026-02-25T04:51:53.018+0000] {processor.py:156} INFO - Started process (PID=485) to work on /home/airflow/.local/lib/python3.7/site-packages/airflow/example_dags/example_branch_python_dop_operator_3.py
[2026-02-25T04:51:53.019+0000] {processor.py:799} INFO - Processing file /home/airflow/.local/lib/python3.7/site-packages/airflow/example_dags/example_branch_python_dop_operator_3.py for tasks to queue
[2026-02-25T04:51:53.020+0000] {logging_mixin.py:149} INFO - [2026-02-25T04:51:53.020+0000] {dagbag.py:541} INFO - Filling up the DagBag from /home/airflow/.local/lib/python3.7/site-packages/airflow/example_dags/example_branch_python_dop_operator_3.py
[2026-02-25T04:51:53.029+0000] {processor.py:809} INFO - DAG(s) dict_keys(['example_branch_dop_operator_v3']) retrieved from /home/airflow/.local/lib/python3.7/site-packages/airflow/example_dags/example_branch_python_dop_operator_3.py
[2026-02-25T04:51:53.048+0000] {logging_mixin.py:149} INFO - [2026-02-25T04:51:53.048+0000] {dag.py:2726} INFO - Sync 1 DAGs
[2026-02-25T04:51:53.067+0000] {logging_mixin.py:149} INFO - [2026-02-25T04:51:53.067+0000] {dag.py:3490} INFO - Setting next_dagrun for example_branch_dop_operator_v3 to 2026-02-25T04:50:00+00:00, run_after=2026-02-25T04:51:00+00:00
[2026-02-25T04:51:53.088+0000] {processor.py:178} INFO - Processing /home/airflow/.local/lib/python3.7/site-packages/airflow/example_dags/example_branch_python_dop_operator_3.py took 0.073 seconds
[2026-02-25T04:52:23.510+0000] {processor.py:156} INFO - Started process (PID=548) to work on /home/airflow/.local/lib/python3.7/site-packages/airflow/example_dags/example_branch_python_dop_operator_3.py
[2026-02-25T04:52:23.512+0000] {processor.py:799} INFO - Processing file /home/airflow/.local/lib/python3.7/site-packages/airflow/example_dags/example_branch_python_dop_operator_3.py for tasks to queue
[2026-02-25T04:52:23.513+0000] {logging_mixin.py:149} INFO - [2026-02-25T04:52:23.513+0000] {dagbag.py:541} INFO - Filling up the DagBag from /home/airflow/.local/lib/python3.7/site-packages/airflow/example_dags/example_branch_python_dop_operator_3.py
[2026-02-25T04:52:23.519+0000] {processor.py:809} INFO - DAG(s) dict_keys(['example_branch_dop_operator_v3']) retrieved from /home/airflow/.local/lib/python3.7/site-packages/airflow/example_dags/example_branch_python_dop_operator_3.py
[2026-02-25T04:52:23.542+0000] {logging_mixin.py:149} INFO - [2026-02-25T04:52:23.541+0000] {dag.py:2726} INFO - Sync 1 DAGs
[2026-02-25T04:52:23.568+0000] {logging_mixin.py:149} INFO - [2026-02-25T04:52:23.565+0000] {dag.py:3490} INFO - Setting next_dagrun for example_branch_dop_operator_v3 to 2026-02-25T04:51:00+00:00, run_after=2026-02-25T04:52:00+00:00
[2026-02-25T04:52:23.582+0000] {processor.py:178} INFO - Processing /home/airflow/.local/lib/python3.7/site-packages/airflow/example_dags/example_branch_python_dop_operator_3.py took 0.076 seconds
[2026-02-25T04:52:53.966+0000] {processor.py:156} INFO - Started process (PID=611) to work on /home/airflow/.local/lib/python3.7/site-packages/airflow/example_dags/example_branch_python_dop_operator_3.py
[2026-02-25T04:52:53.967+0000] {processor.py:799} INFO - Processing file /home/airflow/.local/lib/python3.7/site-packages/airflow/example_dags/example_branch_python_dop_operator_3.py for tasks to queue
[2026-02-25T04:52:53.968+0000] {logging_mixin.py:149} INFO - [2026-02-25T04:52:53.967+0000] {dagbag.py:541} INFO - Filling up the DagBag from /home/airflow/.local/lib/python3.7/site-packages/airflow/example_dags/example_branch_python_dop_operator_3.py
[2026-02-25T04:52:53.973+0000] {processor.py:809} INFO - DAG(s) dict_keys(['example_branch_dop_operator_v3']) retrieved from /home/airflow/.local/lib/python3.7/site-packages/airflow/example_dags/example_branch_python_dop_operator_3.py
[2026-02-25T04:52:53.993+0000] {logging_mixin.py:149} INFO - [2026-02-25T04:52:53.993+0000] {dag.py:2726} INFO - Sync 1 DAGs
[2026-02-25T04:52:54.018+0000] {logging_mixin.py:149} INFO - [2026-02-25T04:52:54.018+0000] {dag.py:3490} INFO - Setting next_dagrun for example_branch_dop_operator_v3 to 2026-02-25T04:51:00+00:00, run_after=2026-02-25T04:52:00+00:00
[2026-02-25T04:52:54.034+0000] {processor.py:178} INFO - Processing /home/airflow/.local/lib/python3.7/site-packages/airflow/example_dags/example_branch_python_dop_operator_3.py took 0.070 seconds
[2026-02-25T04:53:24.538+0000] {processor.py:156} INFO - Started process (PID=681) to work on /home/airflow/.local/lib/python3.7/site-packages/airflow/example_dags/example_branch_python_dop_operator_3.py
[2026-02-25T04:53:24.539+0000] {processor.py:799} INFO - Processing file /home/airflow/.local/lib/python3.7/site-packages/airflow/example_dags/example_branch_python_dop_operator_3.py for tasks to queue
[2026-02-25T04:53:24.540+0000] {logging_mixin.py:149} INFO - [2026-02-25T04:53:24.540+0000] {dagbag.py:541} INFO - Filling up the DagBag from /home/airflow/.local/lib/python3.7/site-packages/airflow/example_dags/example_branch_python_dop_operator_3.py
[2026-02-25T04:53:24.548+0000] {processor.py:809} INFO - DAG(s) dict_keys(['example_branch_dop_operator_v3']) retrieved from /home/airflow/.local/lib/python3.7/site-packages/airflow/example_dags/example_branch_python_dop_operator_3.py
[2026-02-25T04:53:24.568+0000] {logging_mixin.py:149} INFO - [2026-02-25T04:53:24.567+0000] {dag.py:2726} INFO - Sync 1 DAGs
[2026-02-25T04:53:24.588+0000] {logging_mixin.py:149} INFO - [2026-02-25T04:53:24.588+0000] {dag.py:3490} INFO - Setting next_dagrun for example_branch_dop_operator_v3 to 2026-02-25T04:52:00+00:00, run_after=2026-02-25T04:53:00+00:00
[2026-02-25T04:53:24.602+0000] {processor.py:178} INFO - Processing /home/airflow/.local/lib/python3.7/site-packages/airflow/example_dags/example_branch_python_dop_operator_3.py took 0.068 seconds
[2026-02-25T04:53:55.131+0000] {processor.py:156} INFO - Started process (PID=744) to work on /home/airflow/.local/lib/python3.7/site-packages/airflow/example_dags/example_branch_python_dop_operator_3.py
[2026-02-25T04:53:55.132+0000] {processor.py:799} INFO - Processing file /home/airflow/.local/lib/python3.7/site-packages/airflow/example_dags/example_branch_python_dop_operator_3.py for tasks to queue
[2026-02-25T04:53:55.133+0000] {logging_mixin.py:149} INFO - [2026-02-25T04:53:55.133+0000] {dagbag.py:541} INFO - Filling up the DagBag from /home/airflow/.local/lib/python3.7/site-packages/airflow/example_dags/example_branch_python_dop_operator_3.py
[2026-02-25T04:53:55.139+0000] {processor.py:809} INFO - DAG(s) dict_keys(['example_branch_dop_operator_v3']) retrieved from /home/airflow/.local/lib/python3.7/site-packages/airflow/example_dags/example_branch_python_dop_operator_3.py
[2026-02-25T04:53:55.160+0000] {logging_mixin.py:149} INFO - [2026-02-25T04:53:55.159+0000] {dag.py:2726} INFO - Sync 1 DAGs
[2026-02-25T04:53:55.182+0000] {logging_mixin.py:149} INFO - [2026-02-25T04:53:55.182+0000] {dag.py:3490} INFO - Setting next_dagrun for example_branch_dop_operator_v3 to 2026-02-25T04:52:00+00:00, run_after=2026-02-25T04:53:00+00:00
[2026-02-25T04:53:55.197+0000] {processor.py:178} INFO - Processing /home/airflow/.local/lib/python3.7/site-packages/airflow/example_dags/example_branch_python_dop_operator_3.py took 0.071 seconds
[2026-02-25T04:54:25.540+0000] {processor.py:156} INFO - Started process (PID=807) to work on /home/airflow/.local/lib/python3.7/site-packages/airflow/example_dags/example_branch_python_dop_operator_3.py
[2026-02-25T04:54:25.543+0000] {processor.py:799} INFO - Processing file /home/airflow/.local/lib/python3.7/site-packages/airflow/example_dags/example_branch_python_dop_operator_3.py for tasks to queue
[2026-02-25T04:54:25.543+0000] {logging_mixin.py:149} INFO - [2026-02-25T04:54:25.543+0000] {dagbag.py:541} INFO - Filling up the DagBag from /home/airflow/.local/lib/python3.7/site-packages/airflow/example_dags/example_branch_python_dop_operator_3.py
[2026-02-25T04:54:25.549+0000] {processor.py:809} INFO - DAG(s) dict_keys(['example_branch_dop_operator_v3']) retrieved from /home/airflow/.local/lib/python3.7/site-packages/airflow/example_dags/example_branch_python_dop_operator_3.py
[2026-02-25T04:54:25.575+0000] {logging_mixin.py:149} INFO - [2026-02-25T04:54:25.575+0000] {dag.py:2726} INFO - Sync 1 DAGs
[2026-02-25T04:54:25.598+0000] {logging_mixin.py:149} INFO - [2026-02-25T04:54:25.598+0000] {dag.py:3490} INFO - Setting next_dagrun for example_branch_dop_operator_v3 to 2026-02-25T04:53:00+00:00, run_after=2026-02-25T04:54:00+00:00
[2026-02-25T04:54:25.620+0000] {processor.py:178} INFO - Processing /home/airflow/.local/lib/python3.7/site-packages/airflow/example_dags/example_branch_python_dop_operator_3.py took 0.084 seconds
[2026-02-25T04:54:55.867+0000] {processor.py:156} INFO - Started process (PID=870) to work on /home/airflow/.local/lib/python3.7/site-packages/airflow/example_dags/example_branch_python_dop_operator_3.py
[2026-02-25T04:54:55.868+0000] {processor.py:799} INFO - Processing file /home/airflow/.local/lib/python3.7/site-packages/airflow/example_dags/example_branch_python_dop_operator_3.py for tasks to queue
[2026-02-25T04:54:55.870+0000] {logging_mixin.py:149} INFO - [2026-02-25T04:54:55.870+0000] {dagbag.py:541} INFO - Filling up the DagBag from /home/airflow/.local/lib/python3.7/site-packages/airflow/example_dags/example_branch_python_dop_operator_3.py
[2026-02-25T04:54:55.878+0000] {processor.py:809} INFO - DAG(s) dict_keys(['example_branch_dop_operator_v3']) retrieved from /home/airflow/.local/lib/python3.7/site-packages/airflow/example_dags/example_branch_python_dop_operator_3.py
[2026-02-25T04:54:55.901+0000] {logging_mixin.py:149} INFO - [2026-02-25T04:54:55.901+0000] {dag.py:2726} INFO - Sync 1 DAGs
[2026-02-25T04:54:55.926+0000] {logging_mixin.py:149} INFO - [2026-02-25T04:54:55.926+0000] {dag.py:3490} INFO - Setting next_dagrun for example_branch_dop_operator_v3 to 2026-02-25T04:53:00+00:00, run_after=2026-02-25T04:54:00+00:00
[2026-02-25T04:54:55.939+0000] {processor.py:178} INFO - Processing /home/airflow/.local/lib/python3.7/site-packages/airflow/example_dags/example_branch_python_dop_operator_3.py took 0.074 seconds
[2026-02-25T04:55:26.198+0000] {processor.py:156} INFO - Started process (PID=933) to work on /home/airflow/.local/lib/python3.7/site-packages/airflow/example_dags/example_branch_python_dop_operator_3.py
[2026-02-25T04:55:26.198+0000] {processor.py:799} INFO - Processing file /home/airflow/.local/lib/python3.7/site-packages/airflow/example_dags/example_branch_python_dop_operator_3.py for tasks to queue
[2026-02-25T04:55:26.199+0000] {logging_mixin.py:149} INFO - [2026-02-25T04:55:26.199+0000] {dagbag.py:541} INFO - Filling up the DagBag from /home/airflow/.local/lib/python3.7/site-packages/airflow/example_dags/example_branch_python_dop_operator_3.py
[2026-02-25T04:55:26.206+0000] {processor.py:809} INFO - DAG(s) dict_keys(['example_branch_dop_operator_v3']) retrieved from /home/airflow/.local/lib/python3.7/site-packages/airflow/example_dags/example_branch_python_dop_operator_3.py
[2026-02-25T04:55:26.229+0000] {logging_mixin.py:149} INFO - [2026-02-25T04:55:26.229+0000] {dag.py:2726} INFO - Sync 1 DAGs
[2026-02-25T04:55:26.256+0000] {logging_mixin.py:149} INFO - [2026-02-25T04:55:26.256+0000] {dag.py:3490} INFO - Setting next_dagrun for example_branch_dop_operator_v3 to 2026-02-25T04:54:00+00:00, run_after=2026-02-25T04:55:00+00:00
[2026-02-25T04:55:26.271+0000] {processor.py:178} INFO - Processing /home/airflow/.local/lib/python3.7/site-packages/airflow/example_dags/example_branch_python_dop_operator_3.py took 0.076 seconds
[2026-02-25T04:55:56.728+0000] {processor.py:156} INFO - Started process (PID=996) to work on /home/airflow/.local/lib/python3.7/site-packages/airflow/example_dags/example_branch_python_dop_operator_3.py
[2026-02-25T04:55:56.730+0000] {processor.py:799} INFO - Processing file /home/airflow/.local/lib/python3.7/site-packages/airflow/example_dags/example_branch_python_dop_operator_3.py for tasks to queue
[2026-02-25T04:55:56.731+0000] {logging_mixin.py:149} INFO - [2026-02-25T04:55:56.731+0000] {dagbag.py:541} INFO - Filling up the DagBag from /home/airflow/.local/lib/python3.7/site-packages/airflow/example_dags/example_branch_python_dop_operator_3.py
[2026-02-25T04:55:56.738+0000] {processor.py:809} INFO - DAG(s) dict_keys(['example_branch_dop_operator_v3']) retrieved from /home/airflow/.local/lib/python3.7/site-packages/airflow/example_dags/example_branch_python_dop_operator_3.py
[2026-02-25T04:55:56.764+0000] {logging_mixin.py:149} INFO - [2026-02-25T04:55:56.764+0000] {dag.py:2726} INFO - Sync 1 DAGs
[2026-02-25T04:55:56.785+0000] {logging_mixin.py:149} INFO - [2026-02-25T04:55:56.785+0000] {dag.py:3490} INFO - Setting next_dagrun for example_branch_dop_operator_v3 to 2026-02-25T04:54:00+00:00, run_after=2026-02-25T04:55:00+00:00
[2026-02-25T04:55:56.810+0000] {processor.py:178} INFO - Processing /home/airflow/.local/lib/python3.7/site-packages/airflow/example_dags/example_branch_python_dop_operator_3.py took 0.085 seconds
[2026-02-25T04:56:27.190+0000] {processor.py:156} INFO - Started process (PID=1059) to work on /home/airflow/.local/lib/python3.7/site-packages/airflow/example_dags/example_branch_python_dop_operator_3.py
[2026-02-25T04:56:27.191+0000] {processor.py:799} INFO - Processing file /home/airflow/.local/lib/python3.7/site-packages/airflow/example_dags/example_branch_python_dop_operator_3.py for tasks to queue
[2026-02-25T04:56:27.192+0000] {logging_mixin.py:149} INFO - [2026-02-25T04:56:27.191+0000] {dagbag.py:541} INFO - Filling up the DagBag from /home/airflow/.local/lib/python3.7/site-packages/airflow/example_dags/example_branch_python_dop_operator_3.py
[2026-02-25T04:56:27.199+0000] {processor.py:809} INFO - DAG(s) dict_keys(['example_branch_dop_operator_v3']) retrieved from /home/airflow/.local/lib/python3.7/site-packages/airflow/example_dags/example_branch_python_dop_operator_3.py
[2026-02-25T04:56:27.217+0000] {logging_mixin.py:149} INFO - [2026-02-25T04:56:27.216+0000] {dag.py:2726} INFO - Sync 1 DAGs
[2026-02-25T04:56:27.235+0000] {logging_mixin.py:149} INFO - [2026-02-25T04:56:27.235+0000] {dag.py:3490} INFO - Setting next_dagrun for example_branch_dop_operator_v3 to 2026-02-25T04:55:00+00:00, run_after=2026-02-25T04:56:00+00:00
[2026-02-25T04:56:27.248+0000] {processor.py:178} INFO - Processing /home/airflow/.local/lib/python3.7/site-packages/airflow/example_dags/example_branch_python_dop_operator_3.py took 0.060 seconds
[2026-02-25T04:56:57.686+0000] {processor.py:156} INFO - Started process (PID=1122) to work on /home/airflow/.local/lib/python3.7/site-packages/airflow/example_dags/example_branch_python_dop_operator_3.py
[2026-02-25T04:56:57.687+0000] {processor.py:799} INFO - Processing file /home/airflow/.local/lib/python3.7/site-packages/airflow/example_dags/example_branch_python_dop_operator_3.py for tasks to queue
[2026-02-25T04:56:57.688+0000] {logging_mixin.py:149} INFO - [2026-02-25T04:56:57.688+0000] {dagbag.py:541} INFO - Filling up the DagBag from /home/airflow/.local/lib/python3.7/site-packages/airflow/example_dags/example_branch_python_dop_operator_3.py
[2026-02-25T04:56:57.692+0000] {processor.py:809} INFO - DAG(s) dict_keys(['example_branch_dop_operator_v3']) retrieved from /home/airflow/.local/lib/python3.7/site-packages/airflow/example_dags/example_branch_python_dop_operator_3.py
[2026-02-25T04:56:57.708+0000] {logging_mixin.py:149} INFO - [2026-02-25T04:56:57.708+0000] {dag.py:2726} INFO - Sync 1 DAGs
[2026-02-25T04:56:57.727+0000] {logging_mixin.py:149} INFO - [2026-02-25T04:56:57.727+0000] {dag.py:3490} INFO - Setting next_dagrun for example_branch_dop_operator_v3 to 2026-02-25T04:55:00+00:00, run_after=2026-02-25T04:56:00+00:00
[2026-02-25T04:56:57.738+0000] {processor.py:178} INFO - Processing /home/airflow/.local/lib/python3.7/site-packages/airflow/example_dags/example_branch_python_dop_operator_3.py took 0.055 seconds
[2026-02-25T04:57:28.238+0000] {processor.py:156} INFO - Started process (PID=1185) to work on /home/airflow/.local/lib/python3.7/site-packages/airflow/example_dags/example_branch_python_dop_operator_3.py
[2026-02-25T04:57:28.239+0000] {processor.py:799} INFO - Processing file /home/airflow/.local/lib/python3.7/site-packages/airflow/example_dags/example_branch_python_dop_operator_3.py for tasks to queue
[2026-02-25T04:57:28.239+0000] {logging_mixin.py:149} INFO - [2026-02-25T04:57:28.239+0000] {dagbag.py:541} INFO - Filling up the DagBag from /home/airflow/.local/lib/python3.7/site-packages/airflow/example_dags/example_branch_python_dop_operator_3.py
[2026-02-25T04:57:28.244+0000] {processor.py:809} INFO - DAG(s) dict_keys(['example_branch_dop_operator_v3']) retrieved from /home/airflow/.local/lib/python3.7/site-packages/airflow/example_dags/example_branch_python_dop_operator_3.py
[2026-02-25T04:57:28.261+0000] {logging_mixin.py:149} INFO - [2026-02-25T04:57:28.261+0000] {dag.py:2726} INFO - Sync 1 DAGs
[2026-02-25T04:57:28.284+0000] {logging_mixin.py:149} INFO - [2026-02-25T04:57:28.284+0000] {dag.py:3490} INFO - Setting next_dagrun for example_branch_dop_operator_v3 to 2026-02-25T04:56:00+00:00, run_after=2026-02-25T04:57:00+00:00
[2026-02-25T04:57:28.302+0000] {processor.py:178} INFO - Processing /home/airflow/.local/lib/python3.7/site-packages/airflow/example_dags/example_branch_python_dop_operator_3.py took 0.067 seconds
[2026-02-25T04:57:58.571+0000] {processor.py:156} INFO - Started process (PID=1248) to work on /home/airflow/.local/lib/python3.7/site-packages/airflow/example_dags/example_branch_python_dop_operator_3.py
[2026-02-25T04:57:58.572+0000] {processor.py:799} INFO - Processing file /home/airflow/.local/lib/python3.7/site-packages/airflow/example_dags/example_branch_python_dop_operator_3.py for tasks to queue
[2026-02-25T04:57:58.573+0000] {logging_mixin.py:149} INFO - [2026-02-25T04:57:58.573+0000] {dagbag.py:541} INFO - Filling up the DagBag from /home/airflow/.local/lib/python3.7/site-packages/airflow/example_dags/example_branch_python_dop_operator_3.py
[2026-02-25T04:57:58.578+0000] {processor.py:809} INFO - DAG(s) dict_keys(['example_branch_dop_operator_v3']) retrieved from /home/airflow/.local/lib/python3.7/site-packages/airflow/example_dags/example_branch_python_dop_operator_3.py
[2026-02-25T04:57:58.595+0000] {logging_mixin.py:149} INFO - [2026-02-25T04:57:58.595+0000] {dag.py:2726} INFO - Sync 1 DAGs
[2026-02-25T04:57:58.617+0000] {logging_mixin.py:149} INFO - [2026-02-25T04:57:58.617+0000] {dag.py:3490} INFO - Setting next_dagrun for example_branch_dop_operator_v3 to 2026-02-25T04:56:00+00:00, run_after=2026-02-25T04:57:00+00:00
[2026-02-25T04:57:58.635+0000] {processor.py:178} INFO - Processing /home/airflow/.local/lib/python3.7/site-packages/airflow/example_dags/example_branch_python_dop_operator_3.py took 0.066 seconds
[2026-02-25T04:58:29.095+0000] {processor.py:156} INFO - Started process (PID=1311) to work on /home/airflow/.local/lib/python3.7/site-packages/airflow/example_dags/example_branch_python_dop_operator_3.py
[2026-02-25T04:58:29.096+0000] {processor.py:799} INFO - Processing file /home/airflow/.local/lib/python3.7/site-packages/airflow/example_dags/example_branch_python_dop_operator_3.py for tasks to queue
[2026-02-25T04:58:29.096+0000] {logging_mixin.py:149} INFO - [2026-02-25T04:58:29.096+0000] {dagbag.py:541} INFO - Filling up the DagBag from /home/airflow/.local/lib/python3.7/site-packages/airflow/example_dags/example_branch_python_dop_operator_3.py
[2026-02-25T04:58:29.101+0000] {processor.py:809} INFO - DAG(s) dict_keys(['example_branch_dop_operator_v3']) retrieved from /home/airflow/.local/lib/python3.7/site-packages/airflow/example_dags/example_branch_python_dop_operator_3.py
[2026-02-25T04:58:29.123+0000] {logging_mixin.py:149} INFO - [2026-02-25T04:58:29.123+0000] {dag.py:2726} INFO - Sync 1 DAGs
[2026-02-25T04:58:29.147+0000] {logging_mixin.py:149} INFO - [2026-02-25T04:58:29.147+0000] {dag.py:3490} INFO - Setting next_dagrun for example_branch_dop_operator_v3 to 2026-02-25T04:57:00+00:00, run_after=2026-02-25T04:58:00+00:00
[2026-02-25T04:58:29.164+0000] {processor.py:178} INFO - Processing /home/airflow/.local/lib/python3.7/site-packages/airflow/example_dags/example_branch_python_dop_operator_3.py took 0.074 seconds
[2026-02-25T04:58:59.763+0000] {processor.py:156} INFO - Started process (PID=1373) to work on /home/airflow/.local/lib/python3.7/site-packages/airflow/example_dags/example_branch_python_dop_operator_3.py
[2026-02-25T04:58:59.764+0000] {processor.py:799} INFO - Processing file /home/airflow/.local/lib/python3.7/site-packages/airflow/example_dags/example_branch_python_dop_operator_3.py for tasks to queue
[2026-02-25T04:58:59.765+0000] {logging_mixin.py:149} INFO - [2026-02-25T04:58:59.765+0000] {dagbag.py:541} INFO - Filling up the DagBag from /home/airflow/.local/lib/python3.7/site-packages/airflow/example_dags/example_branch_python_dop_operator_3.py
[2026-02-25T04:58:59.771+0000] {processor.py:809} INFO - DAG(s) dict_keys(['example_branch_dop_operator_v3']) retrieved from /home/airflow/.local/lib/python3.7/site-packages/airflow/example_dags/example_branch_python_dop_operator_3.py
[2026-02-25T04:58:59.792+0000] {logging_mixin.py:149} INFO - [2026-02-25T04:58:59.792+0000] {dag.py:2726} INFO - Sync 1 DAGs
[2026-02-25T04:58:59.814+0000] {logging_mixin.py:149} INFO - [2026-02-25T04:58:59.813+0000] {dag.py:3490} INFO - Setting next_dagrun for example_branch_dop_operator_v3 to 2026-02-25T04:57:00+00:00, run_after=2026-02-25T04:58:00+00:00
[2026-02-25T04:58:59.839+0000] {processor.py:178} INFO - Processing /home/airflow/.local/lib/python3.7/site-packages/airflow/example_dags/example_branch_python_dop_operator_3.py took 0.080 seconds
[2026-02-25T04:59:30.338+0000] {processor.py:156} INFO - Started process (PID=1436) to work on /home/airflow/.local/lib/python3.7/site-packages/airflow/example_dags/example_branch_python_dop_operator_3.py
[2026-02-25T04:59:30.339+0000] {processor.py:799} INFO - Processing file /home/airflow/.local/lib/python3.7/site-packages/airflow/example_dags/example_branch_python_dop_operator_3.py for tasks to queue
[2026-02-25T04:59:30.340+0000] {logging_mixin.py:149} INFO - [2026-02-25T04:59:30.340+0000] {dagbag.py:541} INFO - Filling up the DagBag from /home/airflow/.local/lib/python3.7/site-packages/airflow/example_dags/example_branch_python_dop_operator_3.py
[2026-02-25T04:59:30.348+0000] {processor.py:809} INFO - DAG(s) dict_keys(['example_branch_dop_operator_v3']) retrieved from /home/airflow/.local/lib/python3.7/site-packages/airflow/example_dags/example_branch_python_dop_operator_3.py
[2026-02-25T04:59:30.369+0000] {logging_mixin.py:149} INFO - [2026-02-25T04:59:30.369+0000] {dag.py:2726} INFO - Sync 1 DAGs
[2026-02-25T04:59:30.395+0000] {logging_mixin.py:149} INFO - [2026-02-25T04:59:30.395+0000] {dag.py:3490} INFO - Setting next_dagrun for example_branch_dop_operator_v3 to 2026-02-25T04:58:00+00:00, run_after=2026-02-25T04:59:00+00:00
[2026-02-25T04:59:30.413+0000] {processor.py:178} INFO - Processing /home/airflow/.local/lib/python3.7/site-packages/airflow/example_dags/example_branch_python_dop_operator_3.py took 0.077 seconds
