[2026-02-25T04:40:41.183+0000] {processor.py:156} INFO - Started process (PID=78) to work on /home/airflow/.local/lib/python3.7/site-packages/airflow/example_dags/example_trigger_controller_dag.py
[2026-02-25T04:40:41.184+0000] {processor.py:799} INFO - Processing file /home/airflow/.local/lib/python3.7/site-packages/airflow/example_dags/example_trigger_controller_dag.py for tasks to queue
[2026-02-25T04:40:41.185+0000] {logging_mixin.py:149} INFO - [2026-02-25T04:40:41.184+0000] {dagbag.py:541} INFO - Filling up the DagBag from /home/airflow/.local/lib/python3.7/site-packages/airflow/example_dags/example_trigger_controller_dag.py
[2026-02-25T04:40:41.188+0000] {processor.py:809} INFO - DAG(s) dict_keys(['example_trigger_controller_dag']) retrieved from /home/airflow/.local/lib/python3.7/site-packages/airflow/example_dags/example_trigger_controller_dag.py
[2026-02-25T04:40:41.272+0000] {logging_mixin.py:149} INFO - [2026-02-25T04:40:41.272+0000] {manager.py:504} INFO - Created Permission View: can edit on DAG:example_trigger_controller_dag
[2026-02-25T04:40:41.279+0000] {logging_mixin.py:149} INFO - [2026-02-25T04:40:41.279+0000] {manager.py:504} INFO - Created Permission View: can delete on DAG:example_trigger_controller_dag
[2026-02-25T04:40:41.284+0000] {logging_mixin.py:149} INFO - [2026-02-25T04:40:41.283+0000] {manager.py:504} INFO - Created Permission View: can read on DAG:example_trigger_controller_dag
[2026-02-25T04:40:41.284+0000] {logging_mixin.py:149} INFO - [2026-02-25T04:40:41.284+0000] {dag.py:2726} INFO - Sync 1 DAGs
[2026-02-25T04:40:41.295+0000] {logging_mixin.py:149} INFO - [2026-02-25T04:40:41.294+0000] {dag.py:2747} INFO - Creating ORM DAG for example_trigger_controller_dag
[2026-02-25T04:40:41.303+0000] {logging_mixin.py:149} INFO - [2026-02-25T04:40:41.303+0000] {dag.py:3490} INFO - Setting next_dagrun for example_trigger_controller_dag to 2021-01-01T00:00:00+00:00, run_after=2021-01-01T00:00:00+00:00
[2026-02-25T04:40:41.324+0000] {processor.py:178} INFO - Processing /home/airflow/.local/lib/python3.7/site-packages/airflow/example_dags/example_trigger_controller_dag.py took 0.143 seconds
[2026-02-25T04:41:11.830+0000] {processor.py:156} INFO - Started process (PID=141) to work on /home/airflow/.local/lib/python3.7/site-packages/airflow/example_dags/example_trigger_controller_dag.py
[2026-02-25T04:41:11.831+0000] {processor.py:799} INFO - Processing file /home/airflow/.local/lib/python3.7/site-packages/airflow/example_dags/example_trigger_controller_dag.py for tasks to queue
[2026-02-25T04:41:11.833+0000] {logging_mixin.py:149} INFO - [2026-02-25T04:41:11.833+0000] {dagbag.py:541} INFO - Filling up the DagBag from /home/airflow/.local/lib/python3.7/site-packages/airflow/example_dags/example_trigger_controller_dag.py
[2026-02-25T04:41:11.838+0000] {processor.py:809} INFO - DAG(s) dict_keys(['example_trigger_controller_dag']) retrieved from /home/airflow/.local/lib/python3.7/site-packages/airflow/example_dags/example_trigger_controller_dag.py
[2026-02-25T04:41:11.858+0000] {logging_mixin.py:149} INFO - [2026-02-25T04:41:11.857+0000] {dag.py:2726} INFO - Sync 1 DAGs
[2026-02-25T04:41:11.874+0000] {logging_mixin.py:149} INFO - [2026-02-25T04:41:11.874+0000] {dag.py:3490} INFO - Setting next_dagrun for example_trigger_controller_dag to 2021-01-01T00:00:00+00:00, run_after=2021-01-01T00:00:00+00:00
[2026-02-25T04:41:11.890+0000] {processor.py:178} INFO - Processing /home/airflow/.local/lib/python3.7/site-packages/airflow/example_dags/example_trigger_controller_dag.py took 0.063 seconds
[2026-02-25T04:41:42.726+0000] {processor.py:156} INFO - Started process (PID=204) to work on /home/airflow/.local/lib/python3.7/site-packages/airflow/example_dags/example_trigger_controller_dag.py
[2026-02-25T04:41:42.730+0000] {processor.py:799} INFO - Processing file /home/airflow/.local/lib/python3.7/site-packages/airflow/example_dags/example_trigger_controller_dag.py for tasks to queue
[2026-02-25T04:41:42.730+0000] {logging_mixin.py:149} INFO - [2026-02-25T04:41:42.730+0000] {dagbag.py:541} INFO - Filling up the DagBag from /home/airflow/.local/lib/python3.7/site-packages/airflow/example_dags/example_trigger_controller_dag.py
[2026-02-25T04:41:42.736+0000] {processor.py:809} INFO - DAG(s) dict_keys(['example_trigger_controller_dag']) retrieved from /home/airflow/.local/lib/python3.7/site-packages/airflow/example_dags/example_trigger_controller_dag.py
[2026-02-25T04:41:42.764+0000] {logging_mixin.py:149} INFO - [2026-02-25T04:41:42.764+0000] {dag.py:2726} INFO - Sync 1 DAGs
[2026-02-25T04:41:42.786+0000] {logging_mixin.py:149} INFO - [2026-02-25T04:41:42.786+0000] {dag.py:3490} INFO - Setting next_dagrun for example_trigger_controller_dag to 2021-01-01T00:00:00+00:00, run_after=2021-01-01T00:00:00+00:00
[2026-02-25T04:41:42.809+0000] {processor.py:178} INFO - Processing /home/airflow/.local/lib/python3.7/site-packages/airflow/example_dags/example_trigger_controller_dag.py took 0.085 seconds
[2026-02-25T04:42:12.929+0000] {processor.py:156} INFO - Started process (PID=267) to work on /home/airflow/.local/lib/python3.7/site-packages/airflow/example_dags/example_trigger_controller_dag.py
[2026-02-25T04:42:12.931+0000] {processor.py:799} INFO - Processing file /home/airflow/.local/lib/python3.7/site-packages/airflow/example_dags/example_trigger_controller_dag.py for tasks to queue
[2026-02-25T04:42:12.931+0000] {logging_mixin.py:149} INFO - [2026-02-25T04:42:12.931+0000] {dagbag.py:541} INFO - Filling up the DagBag from /home/airflow/.local/lib/python3.7/site-packages/airflow/example_dags/example_trigger_controller_dag.py
[2026-02-25T04:42:12.934+0000] {processor.py:809} INFO - DAG(s) dict_keys(['example_trigger_controller_dag']) retrieved from /home/airflow/.local/lib/python3.7/site-packages/airflow/example_dags/example_trigger_controller_dag.py
[2026-02-25T04:42:12.954+0000] {logging_mixin.py:149} INFO - [2026-02-25T04:42:12.953+0000] {dag.py:2726} INFO - Sync 1 DAGs
[2026-02-25T04:42:12.975+0000] {logging_mixin.py:149} INFO - [2026-02-25T04:42:12.975+0000] {dag.py:3490} INFO - Setting next_dagrun for example_trigger_controller_dag to 2021-01-01T00:00:00+00:00, run_after=2021-01-01T00:00:00+00:00
[2026-02-25T04:42:12.987+0000] {processor.py:178} INFO - Processing /home/airflow/.local/lib/python3.7/site-packages/airflow/example_dags/example_trigger_controller_dag.py took 0.060 seconds
[2026-02-25T04:42:43.561+0000] {processor.py:156} INFO - Started process (PID=330) to work on /home/airflow/.local/lib/python3.7/site-packages/airflow/example_dags/example_trigger_controller_dag.py
[2026-02-25T04:42:43.561+0000] {processor.py:799} INFO - Processing file /home/airflow/.local/lib/python3.7/site-packages/airflow/example_dags/example_trigger_controller_dag.py for tasks to queue
[2026-02-25T04:42:43.562+0000] {logging_mixin.py:149} INFO - [2026-02-25T04:42:43.562+0000] {dagbag.py:541} INFO - Filling up the DagBag from /home/airflow/.local/lib/python3.7/site-packages/airflow/example_dags/example_trigger_controller_dag.py
[2026-02-25T04:42:43.565+0000] {processor.py:809} INFO - DAG(s) dict_keys(['example_trigger_controller_dag']) retrieved from /home/airflow/.local/lib/python3.7/site-packages/airflow/example_dags/example_trigger_controller_dag.py
[2026-02-25T04:42:43.584+0000] {logging_mixin.py:149} INFO - [2026-02-25T04:42:43.584+0000] {dag.py:2726} INFO - Sync 1 DAGs
[2026-02-25T04:42:43.612+0000] {logging_mixin.py:149} INFO - [2026-02-25T04:42:43.612+0000] {dag.py:3490} INFO - Setting next_dagrun for example_trigger_controller_dag to 2021-01-01T00:00:00+00:00, run_after=2021-01-01T00:00:00+00:00
[2026-02-25T04:42:43.632+0000] {processor.py:178} INFO - Processing /home/airflow/.local/lib/python3.7/site-packages/airflow/example_dags/example_trigger_controller_dag.py took 0.074 seconds
[2026-02-25T04:48:22.447+0000] {processor.py:156} INFO - Started process (PID=70) to work on /home/airflow/.local/lib/python3.7/site-packages/airflow/example_dags/example_trigger_controller_dag.py
[2026-02-25T04:48:22.448+0000] {processor.py:799} INFO - Processing file /home/airflow/.local/lib/python3.7/site-packages/airflow/example_dags/example_trigger_controller_dag.py for tasks to queue
[2026-02-25T04:48:22.450+0000] {logging_mixin.py:149} INFO - [2026-02-25T04:48:22.449+0000] {dagbag.py:541} INFO - Filling up the DagBag from /home/airflow/.local/lib/python3.7/site-packages/airflow/example_dags/example_trigger_controller_dag.py
[2026-02-25T04:48:22.456+0000] {processor.py:809} INFO - DAG(s) dict_keys(['example_trigger_controller_dag']) retrieved from /home/airflow/.local/lib/python3.7/site-packages/airflow/example_dags/example_trigger_controller_dag.py
[2026-02-25T04:48:22.470+0000] {logging_mixin.py:149} INFO - [2026-02-25T04:48:22.470+0000] {dag.py:2726} INFO - Sync 1 DAGs
[2026-02-25T04:48:22.497+0000] {logging_mixin.py:149} INFO - [2026-02-25T04:48:22.497+0000] {dag.py:3490} INFO - Setting next_dagrun for example_trigger_controller_dag to 2021-01-01T00:00:00+00:00, run_after=2021-01-01T00:00:00+00:00
[2026-02-25T04:48:22.512+0000] {processor.py:178} INFO - Processing /home/airflow/.local/lib/python3.7/site-packages/airflow/example_dags/example_trigger_controller_dag.py took 0.068 seconds
[2026-02-25T04:48:53.047+0000] {processor.py:156} INFO - Started process (PID=133) to work on /home/airflow/.local/lib/python3.7/site-packages/airflow/example_dags/example_trigger_controller_dag.py
[2026-02-25T04:48:53.048+0000] {processor.py:799} INFO - Processing file /home/airflow/.local/lib/python3.7/site-packages/airflow/example_dags/example_trigger_controller_dag.py for tasks to queue
[2026-02-25T04:48:53.049+0000] {logging_mixin.py:149} INFO - [2026-02-25T04:48:53.049+0000] {dagbag.py:541} INFO - Filling up the DagBag from /home/airflow/.local/lib/python3.7/site-packages/airflow/example_dags/example_trigger_controller_dag.py
[2026-02-25T04:48:53.051+0000] {processor.py:809} INFO - DAG(s) dict_keys(['example_trigger_controller_dag']) retrieved from /home/airflow/.local/lib/python3.7/site-packages/airflow/example_dags/example_trigger_controller_dag.py
[2026-02-25T04:48:53.097+0000] {logging_mixin.py:149} INFO - [2026-02-25T04:48:53.097+0000] {dag.py:2726} INFO - Sync 1 DAGs
[2026-02-25T04:48:53.120+0000] {logging_mixin.py:149} INFO - [2026-02-25T04:48:53.119+0000] {dag.py:3490} INFO - Setting next_dagrun for example_trigger_controller_dag to 2021-01-01T00:00:00+00:00, run_after=2021-01-01T00:00:00+00:00
[2026-02-25T04:48:53.134+0000] {processor.py:178} INFO - Processing /home/airflow/.local/lib/python3.7/site-packages/airflow/example_dags/example_trigger_controller_dag.py took 0.089 seconds
[2026-02-25T04:49:23.608+0000] {processor.py:156} INFO - Started process (PID=196) to work on /home/airflow/.local/lib/python3.7/site-packages/airflow/example_dags/example_trigger_controller_dag.py
[2026-02-25T04:49:23.609+0000] {processor.py:799} INFO - Processing file /home/airflow/.local/lib/python3.7/site-packages/airflow/example_dags/example_trigger_controller_dag.py for tasks to queue
[2026-02-25T04:49:23.609+0000] {logging_mixin.py:149} INFO - [2026-02-25T04:49:23.609+0000] {dagbag.py:541} INFO - Filling up the DagBag from /home/airflow/.local/lib/python3.7/site-packages/airflow/example_dags/example_trigger_controller_dag.py
[2026-02-25T04:49:23.613+0000] {processor.py:809} INFO - DAG(s) dict_keys(['example_trigger_controller_dag']) retrieved from /home/airflow/.local/lib/python3.7/site-packages/airflow/example_dags/example_trigger_controller_dag.py
[2026-02-25T04:49:23.634+0000] {logging_mixin.py:149} INFO - [2026-02-25T04:49:23.634+0000] {dag.py:2726} INFO - Sync 1 DAGs
[2026-02-25T04:49:23.653+0000] {logging_mixin.py:149} INFO - [2026-02-25T04:49:23.653+0000] {dag.py:3490} INFO - Setting next_dagrun for example_trigger_controller_dag to 2021-01-01T00:00:00+00:00, run_after=2021-01-01T00:00:00+00:00
[2026-02-25T04:49:23.673+0000] {processor.py:178} INFO - Processing /home/airflow/.local/lib/python3.7/site-packages/airflow/example_dags/example_trigger_controller_dag.py took 0.067 seconds
[2026-02-25T04:49:54.166+0000] {processor.py:156} INFO - Started process (PID=266) to work on /home/airflow/.local/lib/python3.7/site-packages/airflow/example_dags/example_trigger_controller_dag.py
[2026-02-25T04:49:54.167+0000] {processor.py:799} INFO - Processing file /home/airflow/.local/lib/python3.7/site-packages/airflow/example_dags/example_trigger_controller_dag.py for tasks to queue
[2026-02-25T04:49:54.168+0000] {logging_mixin.py:149} INFO - [2026-02-25T04:49:54.168+0000] {dagbag.py:541} INFO - Filling up the DagBag from /home/airflow/.local/lib/python3.7/site-packages/airflow/example_dags/example_trigger_controller_dag.py
[2026-02-25T04:49:54.170+0000] {processor.py:809} INFO - DAG(s) dict_keys(['example_trigger_controller_dag']) retrieved from /home/airflow/.local/lib/python3.7/site-packages/airflow/example_dags/example_trigger_controller_dag.py
[2026-02-25T04:49:54.191+0000] {logging_mixin.py:149} INFO - [2026-02-25T04:49:54.191+0000] {dag.py:2726} INFO - Sync 1 DAGs
[2026-02-25T04:49:54.213+0000] {logging_mixin.py:149} INFO - [2026-02-25T04:49:54.213+0000] {dag.py:3490} INFO - Setting next_dagrun for example_trigger_controller_dag to 2021-01-01T00:00:00+00:00, run_after=2021-01-01T00:00:00+00:00
[2026-02-25T04:49:54.234+0000] {processor.py:178} INFO - Processing /home/airflow/.local/lib/python3.7/site-packages/airflow/example_dags/example_trigger_controller_dag.py took 0.071 seconds
[2026-02-25T04:50:24.614+0000] {processor.py:156} INFO - Started process (PID=329) to work on /home/airflow/.local/lib/python3.7/site-packages/airflow/example_dags/example_trigger_controller_dag.py
[2026-02-25T04:50:24.614+0000] {processor.py:799} INFO - Processing file /home/airflow/.local/lib/python3.7/site-packages/airflow/example_dags/example_trigger_controller_dag.py for tasks to queue
[2026-02-25T04:50:24.615+0000] {logging_mixin.py:149} INFO - [2026-02-25T04:50:24.615+0000] {dagbag.py:541} INFO - Filling up the DagBag from /home/airflow/.local/lib/python3.7/site-packages/airflow/example_dags/example_trigger_controller_dag.py
[2026-02-25T04:50:24.618+0000] {processor.py:809} INFO - DAG(s) dict_keys(['example_trigger_controller_dag']) retrieved from /home/airflow/.local/lib/python3.7/site-packages/airflow/example_dags/example_trigger_controller_dag.py
[2026-02-25T04:50:24.636+0000] {logging_mixin.py:149} INFO - [2026-02-25T04:50:24.636+0000] {dag.py:2726} INFO - Sync 1 DAGs
[2026-02-25T04:50:24.657+0000] {logging_mixin.py:149} INFO - [2026-02-25T04:50:24.657+0000] {dag.py:3490} INFO - Setting next_dagrun for example_trigger_controller_dag to 2021-01-01T00:00:00+00:00, run_after=2021-01-01T00:00:00+00:00
[2026-02-25T04:50:24.679+0000] {processor.py:178} INFO - Processing /home/airflow/.local/lib/python3.7/site-packages/airflow/example_dags/example_trigger_controller_dag.py took 0.068 seconds
[2026-02-25T04:50:54.889+0000] {processor.py:156} INFO - Started process (PID=392) to work on /home/airflow/.local/lib/python3.7/site-packages/airflow/example_dags/example_trigger_controller_dag.py
[2026-02-25T04:50:54.889+0000] {processor.py:799} INFO - Processing file /home/airflow/.local/lib/python3.7/site-packages/airflow/example_dags/example_trigger_controller_dag.py for tasks to queue
[2026-02-25T04:50:54.890+0000] {logging_mixin.py:149} INFO - [2026-02-25T04:50:54.890+0000] {dagbag.py:541} INFO - Filling up the DagBag from /home/airflow/.local/lib/python3.7/site-packages/airflow/example_dags/example_trigger_controller_dag.py
[2026-02-25T04:50:54.892+0000] {processor.py:809} INFO - DAG(s) dict_keys(['example_trigger_controller_dag']) retrieved from /home/airflow/.local/lib/python3.7/site-packages/airflow/example_dags/example_trigger_controller_dag.py
[2026-02-25T04:50:54.909+0000] {logging_mixin.py:149} INFO - [2026-02-25T04:50:54.909+0000] {dag.py:2726} INFO - Sync 1 DAGs
[2026-02-25T04:50:54.930+0000] {logging_mixin.py:149} INFO - [2026-02-25T04:50:54.930+0000] {dag.py:3490} INFO - Setting next_dagrun for example_trigger_controller_dag to 2021-01-01T00:00:00+00:00, run_after=2021-01-01T00:00:00+00:00
[2026-02-25T04:50:54.948+0000] {processor.py:178} INFO - Processing /home/airflow/.local/lib/python3.7/site-packages/airflow/example_dags/example_trigger_controller_dag.py took 0.062 seconds
[2026-02-25T04:51:25.063+0000] {processor.py:156} INFO - Started process (PID=455) to work on /home/airflow/.local/lib/python3.7/site-packages/airflow/example_dags/example_trigger_controller_dag.py
[2026-02-25T04:51:25.064+0000] {processor.py:799} INFO - Processing file /home/airflow/.local/lib/python3.7/site-packages/airflow/example_dags/example_trigger_controller_dag.py for tasks to queue
[2026-02-25T04:51:25.065+0000] {logging_mixin.py:149} INFO - [2026-02-25T04:51:25.064+0000] {dagbag.py:541} INFO - Filling up the DagBag from /home/airflow/.local/lib/python3.7/site-packages/airflow/example_dags/example_trigger_controller_dag.py
[2026-02-25T04:51:25.069+0000] {processor.py:809} INFO - DAG(s) dict_keys(['example_trigger_controller_dag']) retrieved from /home/airflow/.local/lib/python3.7/site-packages/airflow/example_dags/example_trigger_controller_dag.py
[2026-02-25T04:51:25.086+0000] {logging_mixin.py:149} INFO - [2026-02-25T04:51:25.086+0000] {dag.py:2726} INFO - Sync 1 DAGs
[2026-02-25T04:51:25.101+0000] {logging_mixin.py:149} INFO - [2026-02-25T04:51:25.101+0000] {dag.py:3490} INFO - Setting next_dagrun for example_trigger_controller_dag to 2021-01-01T00:00:00+00:00, run_after=2021-01-01T00:00:00+00:00
[2026-02-25T04:51:25.113+0000] {processor.py:178} INFO - Processing /home/airflow/.local/lib/python3.7/site-packages/airflow/example_dags/example_trigger_controller_dag.py took 0.053 seconds
[2026-02-25T04:51:55.418+0000] {processor.py:156} INFO - Started process (PID=518) to work on /home/airflow/.local/lib/python3.7/site-packages/airflow/example_dags/example_trigger_controller_dag.py
[2026-02-25T04:51:55.418+0000] {processor.py:799} INFO - Processing file /home/airflow/.local/lib/python3.7/site-packages/airflow/example_dags/example_trigger_controller_dag.py for tasks to queue
[2026-02-25T04:51:55.419+0000] {logging_mixin.py:149} INFO - [2026-02-25T04:51:55.419+0000] {dagbag.py:541} INFO - Filling up the DagBag from /home/airflow/.local/lib/python3.7/site-packages/airflow/example_dags/example_trigger_controller_dag.py
[2026-02-25T04:51:55.421+0000] {processor.py:809} INFO - DAG(s) dict_keys(['example_trigger_controller_dag']) retrieved from /home/airflow/.local/lib/python3.7/site-packages/airflow/example_dags/example_trigger_controller_dag.py
[2026-02-25T04:51:55.437+0000] {logging_mixin.py:149} INFO - [2026-02-25T04:51:55.437+0000] {dag.py:2726} INFO - Sync 1 DAGs
[2026-02-25T04:51:55.453+0000] {logging_mixin.py:149} INFO - [2026-02-25T04:51:55.453+0000] {dag.py:3490} INFO - Setting next_dagrun for example_trigger_controller_dag to 2021-01-01T00:00:00+00:00, run_after=2021-01-01T00:00:00+00:00
[2026-02-25T04:51:55.463+0000] {processor.py:178} INFO - Processing /home/airflow/.local/lib/python3.7/site-packages/airflow/example_dags/example_trigger_controller_dag.py took 0.047 seconds
[2026-02-25T04:52:25.861+0000] {processor.py:156} INFO - Started process (PID=581) to work on /home/airflow/.local/lib/python3.7/site-packages/airflow/example_dags/example_trigger_controller_dag.py
[2026-02-25T04:52:25.862+0000] {processor.py:799} INFO - Processing file /home/airflow/.local/lib/python3.7/site-packages/airflow/example_dags/example_trigger_controller_dag.py for tasks to queue
[2026-02-25T04:52:25.863+0000] {logging_mixin.py:149} INFO - [2026-02-25T04:52:25.863+0000] {dagbag.py:541} INFO - Filling up the DagBag from /home/airflow/.local/lib/python3.7/site-packages/airflow/example_dags/example_trigger_controller_dag.py
[2026-02-25T04:52:25.865+0000] {processor.py:809} INFO - DAG(s) dict_keys(['example_trigger_controller_dag']) retrieved from /home/airflow/.local/lib/python3.7/site-packages/airflow/example_dags/example_trigger_controller_dag.py
[2026-02-25T04:52:25.885+0000] {logging_mixin.py:149} INFO - [2026-02-25T04:52:25.885+0000] {dag.py:2726} INFO - Sync 1 DAGs
[2026-02-25T04:52:25.902+0000] {logging_mixin.py:149} INFO - [2026-02-25T04:52:25.902+0000] {dag.py:3490} INFO - Setting next_dagrun for example_trigger_controller_dag to 2021-01-01T00:00:00+00:00, run_after=2021-01-01T00:00:00+00:00
[2026-02-25T04:52:25.914+0000] {processor.py:178} INFO - Processing /home/airflow/.local/lib/python3.7/site-packages/airflow/example_dags/example_trigger_controller_dag.py took 0.056 seconds
[2026-02-25T04:52:56.355+0000] {processor.py:156} INFO - Started process (PID=644) to work on /home/airflow/.local/lib/python3.7/site-packages/airflow/example_dags/example_trigger_controller_dag.py
[2026-02-25T04:52:56.356+0000] {processor.py:799} INFO - Processing file /home/airflow/.local/lib/python3.7/site-packages/airflow/example_dags/example_trigger_controller_dag.py for tasks to queue
[2026-02-25T04:52:56.356+0000] {logging_mixin.py:149} INFO - [2026-02-25T04:52:56.356+0000] {dagbag.py:541} INFO - Filling up the DagBag from /home/airflow/.local/lib/python3.7/site-packages/airflow/example_dags/example_trigger_controller_dag.py
[2026-02-25T04:52:56.361+0000] {processor.py:809} INFO - DAG(s) dict_keys(['example_trigger_controller_dag']) retrieved from /home/airflow/.local/lib/python3.7/site-packages/airflow/example_dags/example_trigger_controller_dag.py
[2026-02-25T04:52:56.381+0000] {logging_mixin.py:149} INFO - [2026-02-25T04:52:56.381+0000] {dag.py:2726} INFO - Sync 1 DAGs
[2026-02-25T04:52:56.402+0000] {logging_mixin.py:149} INFO - [2026-02-25T04:52:56.401+0000] {dag.py:3490} INFO - Setting next_dagrun for example_trigger_controller_dag to 2021-01-01T00:00:00+00:00, run_after=2021-01-01T00:00:00+00:00
[2026-02-25T04:52:56.417+0000] {processor.py:178} INFO - Processing /home/airflow/.local/lib/python3.7/site-packages/airflow/example_dags/example_trigger_controller_dag.py took 0.066 seconds
[2026-02-25T04:53:27.015+0000] {processor.py:156} INFO - Started process (PID=707) to work on /home/airflow/.local/lib/python3.7/site-packages/airflow/example_dags/example_trigger_controller_dag.py
[2026-02-25T04:53:27.017+0000] {processor.py:799} INFO - Processing file /home/airflow/.local/lib/python3.7/site-packages/airflow/example_dags/example_trigger_controller_dag.py for tasks to queue
[2026-02-25T04:53:27.019+0000] {logging_mixin.py:149} INFO - [2026-02-25T04:53:27.019+0000] {dagbag.py:541} INFO - Filling up the DagBag from /home/airflow/.local/lib/python3.7/site-packages/airflow/example_dags/example_trigger_controller_dag.py
[2026-02-25T04:53:27.023+0000] {processor.py:809} INFO - DAG(s) dict_keys(['example_trigger_controller_dag']) retrieved from /home/airflow/.local/lib/python3.7/site-packages/airflow/example_dags/example_trigger_controller_dag.py
[2026-02-25T04:53:27.045+0000] {logging_mixin.py:149} INFO - [2026-02-25T04:53:27.045+0000] {dag.py:2726} INFO - Sync 1 DAGs
[2026-02-25T04:53:27.067+0000] {logging_mixin.py:149} INFO - [2026-02-25T04:53:27.066+0000] {dag.py:3490} INFO - Setting next_dagrun for example_trigger_controller_dag to 2021-01-01T00:00:00+00:00, run_after=2021-01-01T00:00:00+00:00
[2026-02-25T04:53:27.091+0000] {processor.py:178} INFO - Processing /home/airflow/.local/lib/python3.7/site-packages/airflow/example_dags/example_trigger_controller_dag.py took 0.082 seconds
[2026-02-25T04:53:57.455+0000] {processor.py:156} INFO - Started process (PID=770) to work on /home/airflow/.local/lib/python3.7/site-packages/airflow/example_dags/example_trigger_controller_dag.py
[2026-02-25T04:53:57.455+0000] {processor.py:799} INFO - Processing file /home/airflow/.local/lib/python3.7/site-packages/airflow/example_dags/example_trigger_controller_dag.py for tasks to queue
[2026-02-25T04:53:57.456+0000] {logging_mixin.py:149} INFO - [2026-02-25T04:53:57.456+0000] {dagbag.py:541} INFO - Filling up the DagBag from /home/airflow/.local/lib/python3.7/site-packages/airflow/example_dags/example_trigger_controller_dag.py
[2026-02-25T04:53:57.461+0000] {processor.py:809} INFO - DAG(s) dict_keys(['example_trigger_controller_dag']) retrieved from /home/airflow/.local/lib/python3.7/site-packages/airflow/example_dags/example_trigger_controller_dag.py
[2026-02-25T04:53:57.482+0000] {logging_mixin.py:149} INFO - [2026-02-25T04:53:57.482+0000] {dag.py:2726} INFO - Sync 1 DAGs
[2026-02-25T04:53:57.501+0000] {logging_mixin.py:149} INFO - [2026-02-25T04:53:57.501+0000] {dag.py:3490} INFO - Setting next_dagrun for example_trigger_controller_dag to 2021-01-01T00:00:00+00:00, run_after=2021-01-01T00:00:00+00:00
[2026-02-25T04:53:57.521+0000] {processor.py:178} INFO - Processing /home/airflow/.local/lib/python3.7/site-packages/airflow/example_dags/example_trigger_controller_dag.py took 0.069 seconds
[2026-02-25T04:54:27.797+0000] {processor.py:156} INFO - Started process (PID=833) to work on /home/airflow/.local/lib/python3.7/site-packages/airflow/example_dags/example_trigger_controller_dag.py
[2026-02-25T04:54:27.798+0000] {processor.py:799} INFO - Processing file /home/airflow/.local/lib/python3.7/site-packages/airflow/example_dags/example_trigger_controller_dag.py for tasks to queue
[2026-02-25T04:54:27.799+0000] {logging_mixin.py:149} INFO - [2026-02-25T04:54:27.799+0000] {dagbag.py:541} INFO - Filling up the DagBag from /home/airflow/.local/lib/python3.7/site-packages/airflow/example_dags/example_trigger_controller_dag.py
[2026-02-25T04:54:27.802+0000] {processor.py:809} INFO - DAG(s) dict_keys(['example_trigger_controller_dag']) retrieved from /home/airflow/.local/lib/python3.7/site-packages/airflow/example_dags/example_trigger_controller_dag.py
[2026-02-25T04:54:27.817+0000] {logging_mixin.py:149} INFO - [2026-02-25T04:54:27.817+0000] {dag.py:2726} INFO - Sync 1 DAGs
[2026-02-25T04:54:27.833+0000] {logging_mixin.py:149} INFO - [2026-02-25T04:54:27.833+0000] {dag.py:3490} INFO - Setting next_dagrun for example_trigger_controller_dag to 2021-01-01T00:00:00+00:00, run_after=2021-01-01T00:00:00+00:00
[2026-02-25T04:54:27.854+0000] {processor.py:178} INFO - Processing /home/airflow/.local/lib/python3.7/site-packages/airflow/example_dags/example_trigger_controller_dag.py took 0.059 seconds
[2026-02-25T04:54:58.126+0000] {processor.py:156} INFO - Started process (PID=896) to work on /home/airflow/.local/lib/python3.7/site-packages/airflow/example_dags/example_trigger_controller_dag.py
[2026-02-25T04:54:58.127+0000] {processor.py:799} INFO - Processing file /home/airflow/.local/lib/python3.7/site-packages/airflow/example_dags/example_trigger_controller_dag.py for tasks to queue
[2026-02-25T04:54:58.127+0000] {logging_mixin.py:149} INFO - [2026-02-25T04:54:58.127+0000] {dagbag.py:541} INFO - Filling up the DagBag from /home/airflow/.local/lib/python3.7/site-packages/airflow/example_dags/example_trigger_controller_dag.py
[2026-02-25T04:54:58.130+0000] {processor.py:809} INFO - DAG(s) dict_keys(['example_trigger_controller_dag']) retrieved from /home/airflow/.local/lib/python3.7/site-packages/airflow/example_dags/example_trigger_controller_dag.py
[2026-02-25T04:54:58.149+0000] {logging_mixin.py:149} INFO - [2026-02-25T04:54:58.149+0000] {dag.py:2726} INFO - Sync 1 DAGs
[2026-02-25T04:54:58.170+0000] {logging_mixin.py:149} INFO - [2026-02-25T04:54:58.170+0000] {dag.py:3490} INFO - Setting next_dagrun for example_trigger_controller_dag to 2021-01-01T00:00:00+00:00, run_after=2021-01-01T00:00:00+00:00
[2026-02-25T04:54:58.183+0000] {processor.py:178} INFO - Processing /home/airflow/.local/lib/python3.7/site-packages/airflow/example_dags/example_trigger_controller_dag.py took 0.059 seconds
[2026-02-25T04:55:28.495+0000] {processor.py:156} INFO - Started process (PID=959) to work on /home/airflow/.local/lib/python3.7/site-packages/airflow/example_dags/example_trigger_controller_dag.py
[2026-02-25T04:55:28.498+0000] {processor.py:799} INFO - Processing file /home/airflow/.local/lib/python3.7/site-packages/airflow/example_dags/example_trigger_controller_dag.py for tasks to queue
[2026-02-25T04:55:28.499+0000] {logging_mixin.py:149} INFO - [2026-02-25T04:55:28.499+0000] {dagbag.py:541} INFO - Filling up the DagBag from /home/airflow/.local/lib/python3.7/site-packages/airflow/example_dags/example_trigger_controller_dag.py
[2026-02-25T04:55:28.501+0000] {processor.py:809} INFO - DAG(s) dict_keys(['example_trigger_controller_dag']) retrieved from /home/airflow/.local/lib/python3.7/site-packages/airflow/example_dags/example_trigger_controller_dag.py
[2026-02-25T04:55:28.519+0000] {logging_mixin.py:149} INFO - [2026-02-25T04:55:28.519+0000] {dag.py:2726} INFO - Sync 1 DAGs
[2026-02-25T04:55:28.539+0000] {logging_mixin.py:149} INFO - [2026-02-25T04:55:28.538+0000] {dag.py:3490} INFO - Setting next_dagrun for example_trigger_controller_dag to 2021-01-01T00:00:00+00:00, run_after=2021-01-01T00:00:00+00:00
[2026-02-25T04:55:28.551+0000] {processor.py:178} INFO - Processing /home/airflow/.local/lib/python3.7/site-packages/airflow/example_dags/example_trigger_controller_dag.py took 0.059 seconds
[2026-02-25T04:55:59.143+0000] {processor.py:156} INFO - Started process (PID=1022) to work on /home/airflow/.local/lib/python3.7/site-packages/airflow/example_dags/example_trigger_controller_dag.py
[2026-02-25T04:55:59.144+0000] {processor.py:799} INFO - Processing file /home/airflow/.local/lib/python3.7/site-packages/airflow/example_dags/example_trigger_controller_dag.py for tasks to queue
[2026-02-25T04:55:59.146+0000] {logging_mixin.py:149} INFO - [2026-02-25T04:55:59.146+0000] {dagbag.py:541} INFO - Filling up the DagBag from /home/airflow/.local/lib/python3.7/site-packages/airflow/example_dags/example_trigger_controller_dag.py
[2026-02-25T04:55:59.148+0000] {processor.py:809} INFO - DAG(s) dict_keys(['example_trigger_controller_dag']) retrieved from /home/airflow/.local/lib/python3.7/site-packages/airflow/example_dags/example_trigger_controller_dag.py
[2026-02-25T04:55:59.168+0000] {logging_mixin.py:149} INFO - [2026-02-25T04:55:59.168+0000] {dag.py:2726} INFO - Sync 1 DAGs
[2026-02-25T04:55:59.191+0000] {logging_mixin.py:149} INFO - [2026-02-25T04:55:59.191+0000] {dag.py:3490} INFO - Setting next_dagrun for example_trigger_controller_dag to 2021-01-01T00:00:00+00:00, run_after=2021-01-01T00:00:00+00:00
[2026-02-25T04:55:59.209+0000] {processor.py:178} INFO - Processing /home/airflow/.local/lib/python3.7/site-packages/airflow/example_dags/example_trigger_controller_dag.py took 0.070 seconds
[2026-02-25T04:56:29.549+0000] {processor.py:156} INFO - Started process (PID=1085) to work on /home/airflow/.local/lib/python3.7/site-packages/airflow/example_dags/example_trigger_controller_dag.py
[2026-02-25T04:56:29.550+0000] {processor.py:799} INFO - Processing file /home/airflow/.local/lib/python3.7/site-packages/airflow/example_dags/example_trigger_controller_dag.py for tasks to queue
[2026-02-25T04:56:29.550+0000] {logging_mixin.py:149} INFO - [2026-02-25T04:56:29.550+0000] {dagbag.py:541} INFO - Filling up the DagBag from /home/airflow/.local/lib/python3.7/site-packages/airflow/example_dags/example_trigger_controller_dag.py
[2026-02-25T04:56:29.555+0000] {processor.py:809} INFO - DAG(s) dict_keys(['example_trigger_controller_dag']) retrieved from /home/airflow/.local/lib/python3.7/site-packages/airflow/example_dags/example_trigger_controller_dag.py
[2026-02-25T04:56:29.576+0000] {logging_mixin.py:149} INFO - [2026-02-25T04:56:29.576+0000] {dag.py:2726} INFO - Sync 1 DAGs
[2026-02-25T04:56:29.600+0000] {logging_mixin.py:149} INFO - [2026-02-25T04:56:29.599+0000] {dag.py:3490} INFO - Setting next_dagrun for example_trigger_controller_dag to 2021-01-01T00:00:00+00:00, run_after=2021-01-01T00:00:00+00:00
[2026-02-25T04:56:29.614+0000] {processor.py:178} INFO - Processing /home/airflow/.local/lib/python3.7/site-packages/airflow/example_dags/example_trigger_controller_dag.py took 0.068 seconds
[2026-02-25T04:57:00.223+0000] {processor.py:156} INFO - Started process (PID=1148) to work on /home/airflow/.local/lib/python3.7/site-packages/airflow/example_dags/example_trigger_controller_dag.py
[2026-02-25T04:57:00.224+0000] {processor.py:799} INFO - Processing file /home/airflow/.local/lib/python3.7/site-packages/airflow/example_dags/example_trigger_controller_dag.py for tasks to queue
[2026-02-25T04:57:00.225+0000] {logging_mixin.py:149} INFO - [2026-02-25T04:57:00.225+0000] {dagbag.py:541} INFO - Filling up the DagBag from /home/airflow/.local/lib/python3.7/site-packages/airflow/example_dags/example_trigger_controller_dag.py
[2026-02-25T04:57:00.228+0000] {processor.py:809} INFO - DAG(s) dict_keys(['example_trigger_controller_dag']) retrieved from /home/airflow/.local/lib/python3.7/site-packages/airflow/example_dags/example_trigger_controller_dag.py
[2026-02-25T04:57:00.247+0000] {logging_mixin.py:149} INFO - [2026-02-25T04:57:00.247+0000] {dag.py:2726} INFO - Sync 1 DAGs
[2026-02-25T04:57:00.270+0000] {logging_mixin.py:149} INFO - [2026-02-25T04:57:00.270+0000] {dag.py:3490} INFO - Setting next_dagrun for example_trigger_controller_dag to 2021-01-01T00:00:00+00:00, run_after=2021-01-01T00:00:00+00:00
[2026-02-25T04:57:00.292+0000] {processor.py:178} INFO - Processing /home/airflow/.local/lib/python3.7/site-packages/airflow/example_dags/example_trigger_controller_dag.py took 0.071 seconds
[2026-02-25T04:57:30.487+0000] {processor.py:156} INFO - Started process (PID=1211) to work on /home/airflow/.local/lib/python3.7/site-packages/airflow/example_dags/example_trigger_controller_dag.py
[2026-02-25T04:57:30.490+0000] {processor.py:799} INFO - Processing file /home/airflow/.local/lib/python3.7/site-packages/airflow/example_dags/example_trigger_controller_dag.py for tasks to queue
[2026-02-25T04:57:30.490+0000] {logging_mixin.py:149} INFO - [2026-02-25T04:57:30.490+0000] {dagbag.py:541} INFO - Filling up the DagBag from /home/airflow/.local/lib/python3.7/site-packages/airflow/example_dags/example_trigger_controller_dag.py
[2026-02-25T04:57:30.493+0000] {processor.py:809} INFO - DAG(s) dict_keys(['example_trigger_controller_dag']) retrieved from /home/airflow/.local/lib/python3.7/site-packages/airflow/example_dags/example_trigger_controller_dag.py
[2026-02-25T04:57:30.510+0000] {logging_mixin.py:149} INFO - [2026-02-25T04:57:30.510+0000] {dag.py:2726} INFO - Sync 1 DAGs
[2026-02-25T04:57:30.531+0000] {logging_mixin.py:149} INFO - [2026-02-25T04:57:30.531+0000] {dag.py:3490} INFO - Setting next_dagrun for example_trigger_controller_dag to 2021-01-01T00:00:00+00:00, run_after=2021-01-01T00:00:00+00:00
[2026-02-25T04:57:30.543+0000] {processor.py:178} INFO - Processing /home/airflow/.local/lib/python3.7/site-packages/airflow/example_dags/example_trigger_controller_dag.py took 0.059 seconds
[2026-02-25T04:58:00.890+0000] {processor.py:156} INFO - Started process (PID=1274) to work on /home/airflow/.local/lib/python3.7/site-packages/airflow/example_dags/example_trigger_controller_dag.py
[2026-02-25T04:58:00.891+0000] {processor.py:799} INFO - Processing file /home/airflow/.local/lib/python3.7/site-packages/airflow/example_dags/example_trigger_controller_dag.py for tasks to queue
[2026-02-25T04:58:00.891+0000] {logging_mixin.py:149} INFO - [2026-02-25T04:58:00.891+0000] {dagbag.py:541} INFO - Filling up the DagBag from /home/airflow/.local/lib/python3.7/site-packages/airflow/example_dags/example_trigger_controller_dag.py
[2026-02-25T04:58:00.894+0000] {processor.py:809} INFO - DAG(s) dict_keys(['example_trigger_controller_dag']) retrieved from /home/airflow/.local/lib/python3.7/site-packages/airflow/example_dags/example_trigger_controller_dag.py
[2026-02-25T04:58:00.912+0000] {logging_mixin.py:149} INFO - [2026-02-25T04:58:00.911+0000] {dag.py:2726} INFO - Sync 1 DAGs
[2026-02-25T04:58:00.929+0000] {logging_mixin.py:149} INFO - [2026-02-25T04:58:00.929+0000] {dag.py:3490} INFO - Setting next_dagrun for example_trigger_controller_dag to 2021-01-01T00:00:00+00:00, run_after=2021-01-01T00:00:00+00:00
[2026-02-25T04:58:00.946+0000] {processor.py:178} INFO - Processing /home/airflow/.local/lib/python3.7/site-packages/airflow/example_dags/example_trigger_controller_dag.py took 0.059 seconds
[2026-02-25T04:58:31.633+0000] {processor.py:156} INFO - Started process (PID=1337) to work on /home/airflow/.local/lib/python3.7/site-packages/airflow/example_dags/example_trigger_controller_dag.py
[2026-02-25T04:58:31.636+0000] {processor.py:799} INFO - Processing file /home/airflow/.local/lib/python3.7/site-packages/airflow/example_dags/example_trigger_controller_dag.py for tasks to queue
[2026-02-25T04:58:31.637+0000] {logging_mixin.py:149} INFO - [2026-02-25T04:58:31.637+0000] {dagbag.py:541} INFO - Filling up the DagBag from /home/airflow/.local/lib/python3.7/site-packages/airflow/example_dags/example_trigger_controller_dag.py
[2026-02-25T04:58:31.641+0000] {processor.py:809} INFO - DAG(s) dict_keys(['example_trigger_controller_dag']) retrieved from /home/airflow/.local/lib/python3.7/site-packages/airflow/example_dags/example_trigger_controller_dag.py
[2026-02-25T04:58:31.663+0000] {logging_mixin.py:149} INFO - [2026-02-25T04:58:31.663+0000] {dag.py:2726} INFO - Sync 1 DAGs
[2026-02-25T04:58:31.684+0000] {logging_mixin.py:149} INFO - [2026-02-25T04:58:31.684+0000] {dag.py:3490} INFO - Setting next_dagrun for example_trigger_controller_dag to 2021-01-01T00:00:00+00:00, run_after=2021-01-01T00:00:00+00:00
[2026-02-25T04:58:31.702+0000] {processor.py:178} INFO - Processing /home/airflow/.local/lib/python3.7/site-packages/airflow/example_dags/example_trigger_controller_dag.py took 0.081 seconds
[2026-02-25T04:59:02.243+0000] {processor.py:156} INFO - Started process (PID=1399) to work on /home/airflow/.local/lib/python3.7/site-packages/airflow/example_dags/example_trigger_controller_dag.py
[2026-02-25T04:59:02.244+0000] {processor.py:799} INFO - Processing file /home/airflow/.local/lib/python3.7/site-packages/airflow/example_dags/example_trigger_controller_dag.py for tasks to queue
[2026-02-25T04:59:02.245+0000] {logging_mixin.py:149} INFO - [2026-02-25T04:59:02.245+0000] {dagbag.py:541} INFO - Filling up the DagBag from /home/airflow/.local/lib/python3.7/site-packages/airflow/example_dags/example_trigger_controller_dag.py
[2026-02-25T04:59:02.248+0000] {processor.py:809} INFO - DAG(s) dict_keys(['example_trigger_controller_dag']) retrieved from /home/airflow/.local/lib/python3.7/site-packages/airflow/example_dags/example_trigger_controller_dag.py
[2026-02-25T04:59:02.270+0000] {logging_mixin.py:149} INFO - [2026-02-25T04:59:02.270+0000] {dag.py:2726} INFO - Sync 1 DAGs
[2026-02-25T04:59:02.288+0000] {logging_mixin.py:149} INFO - [2026-02-25T04:59:02.287+0000] {dag.py:3490} INFO - Setting next_dagrun for example_trigger_controller_dag to 2021-01-01T00:00:00+00:00, run_after=2021-01-01T00:00:00+00:00
[2026-02-25T04:59:02.304+0000] {processor.py:178} INFO - Processing /home/airflow/.local/lib/python3.7/site-packages/airflow/example_dags/example_trigger_controller_dag.py took 0.063 seconds
[2026-02-25T04:59:32.882+0000] {processor.py:156} INFO - Started process (PID=1462) to work on /home/airflow/.local/lib/python3.7/site-packages/airflow/example_dags/example_trigger_controller_dag.py
[2026-02-25T04:59:32.883+0000] {processor.py:799} INFO - Processing file /home/airflow/.local/lib/python3.7/site-packages/airflow/example_dags/example_trigger_controller_dag.py for tasks to queue
[2026-02-25T04:59:32.884+0000] {logging_mixin.py:149} INFO - [2026-02-25T04:59:32.884+0000] {dagbag.py:541} INFO - Filling up the DagBag from /home/airflow/.local/lib/python3.7/site-packages/airflow/example_dags/example_trigger_controller_dag.py
[2026-02-25T04:59:32.887+0000] {processor.py:809} INFO - DAG(s) dict_keys(['example_trigger_controller_dag']) retrieved from /home/airflow/.local/lib/python3.7/site-packages/airflow/example_dags/example_trigger_controller_dag.py
[2026-02-25T04:59:32.922+0000] {logging_mixin.py:149} INFO - [2026-02-25T04:59:32.922+0000] {dag.py:2726} INFO - Sync 1 DAGs
[2026-02-25T04:59:32.945+0000] {logging_mixin.py:149} INFO - [2026-02-25T04:59:32.945+0000] {dag.py:3490} INFO - Setting next_dagrun for example_trigger_controller_dag to 2021-01-01T00:00:00+00:00, run_after=2021-01-01T00:00:00+00:00
[2026-02-25T04:59:32.961+0000] {processor.py:178} INFO - Processing /home/airflow/.local/lib/python3.7/site-packages/airflow/example_dags/example_trigger_controller_dag.py took 0.082 seconds
