[2026-02-25T04:40:40.971+0000] {processor.py:156} INFO - Started process (PID=75) to work on /home/airflow/.local/lib/python3.7/site-packages/airflow/example_dags/example_branch_labels.py
[2026-02-25T04:40:40.972+0000] {processor.py:799} INFO - Processing file /home/airflow/.local/lib/python3.7/site-packages/airflow/example_dags/example_branch_labels.py for tasks to queue
[2026-02-25T04:40:40.973+0000] {logging_mixin.py:149} INFO - [2026-02-25T04:40:40.973+0000] {dagbag.py:541} INFO - Filling up the DagBag from /home/airflow/.local/lib/python3.7/site-packages/airflow/example_dags/example_branch_labels.py
[2026-02-25T04:40:40.979+0000] {processor.py:809} INFO - DAG(s) dict_keys(['example_branch_labels']) retrieved from /home/airflow/.local/lib/python3.7/site-packages/airflow/example_dags/example_branch_labels.py
[2026-02-25T04:40:41.061+0000] {logging_mixin.py:149} INFO - [2026-02-25T04:40:41.061+0000] {manager.py:504} INFO - Created Permission View: can edit on DAG:example_branch_labels
[2026-02-25T04:40:41.068+0000] {logging_mixin.py:149} INFO - [2026-02-25T04:40:41.068+0000] {manager.py:504} INFO - Created Permission View: can delete on DAG:example_branch_labels
[2026-02-25T04:40:41.075+0000] {logging_mixin.py:149} INFO - [2026-02-25T04:40:41.075+0000] {manager.py:504} INFO - Created Permission View: can read on DAG:example_branch_labels
[2026-02-25T04:40:41.075+0000] {logging_mixin.py:149} INFO - [2026-02-25T04:40:41.075+0000] {dag.py:2726} INFO - Sync 1 DAGs
[2026-02-25T04:40:41.084+0000] {logging_mixin.py:149} INFO - [2026-02-25T04:40:41.084+0000] {dag.py:2747} INFO - Creating ORM DAG for example_branch_labels
[2026-02-25T04:40:41.092+0000] {logging_mixin.py:149} INFO - [2026-02-25T04:40:41.092+0000] {dag.py:3490} INFO - Setting next_dagrun for example_branch_labels to 2026-02-24T00:00:00+00:00, run_after=2026-02-25T00:00:00+00:00
[2026-02-25T04:40:41.102+0000] {processor.py:178} INFO - Processing /home/airflow/.local/lib/python3.7/site-packages/airflow/example_dags/example_branch_labels.py took 0.135 seconds
[2026-02-25T04:41:11.672+0000] {processor.py:156} INFO - Started process (PID=138) to work on /home/airflow/.local/lib/python3.7/site-packages/airflow/example_dags/example_branch_labels.py
[2026-02-25T04:41:11.672+0000] {processor.py:799} INFO - Processing file /home/airflow/.local/lib/python3.7/site-packages/airflow/example_dags/example_branch_labels.py for tasks to queue
[2026-02-25T04:41:11.673+0000] {logging_mixin.py:149} INFO - [2026-02-25T04:41:11.673+0000] {dagbag.py:541} INFO - Filling up the DagBag from /home/airflow/.local/lib/python3.7/site-packages/airflow/example_dags/example_branch_labels.py
[2026-02-25T04:41:11.677+0000] {processor.py:809} INFO - DAG(s) dict_keys(['example_branch_labels']) retrieved from /home/airflow/.local/lib/python3.7/site-packages/airflow/example_dags/example_branch_labels.py
[2026-02-25T04:41:11.693+0000] {logging_mixin.py:149} INFO - [2026-02-25T04:41:11.693+0000] {dag.py:2726} INFO - Sync 1 DAGs
[2026-02-25T04:41:11.708+0000] {logging_mixin.py:149} INFO - [2026-02-25T04:41:11.708+0000] {dag.py:3490} INFO - Setting next_dagrun for example_branch_labels to 2026-02-24T00:00:00+00:00, run_after=2026-02-25T00:00:00+00:00
[2026-02-25T04:41:11.718+0000] {processor.py:178} INFO - Processing /home/airflow/.local/lib/python3.7/site-packages/airflow/example_dags/example_branch_labels.py took 0.049 seconds
[2026-02-25T04:41:42.426+0000] {processor.py:156} INFO - Started process (PID=201) to work on /home/airflow/.local/lib/python3.7/site-packages/airflow/example_dags/example_branch_labels.py
[2026-02-25T04:41:42.427+0000] {processor.py:799} INFO - Processing file /home/airflow/.local/lib/python3.7/site-packages/airflow/example_dags/example_branch_labels.py for tasks to queue
[2026-02-25T04:41:42.427+0000] {logging_mixin.py:149} INFO - [2026-02-25T04:41:42.427+0000] {dagbag.py:541} INFO - Filling up the DagBag from /home/airflow/.local/lib/python3.7/site-packages/airflow/example_dags/example_branch_labels.py
[2026-02-25T04:41:42.433+0000] {processor.py:809} INFO - DAG(s) dict_keys(['example_branch_labels']) retrieved from /home/airflow/.local/lib/python3.7/site-packages/airflow/example_dags/example_branch_labels.py
[2026-02-25T04:41:42.482+0000] {logging_mixin.py:149} INFO - [2026-02-25T04:41:42.482+0000] {dag.py:2726} INFO - Sync 1 DAGs
[2026-02-25T04:41:42.538+0000] {logging_mixin.py:149} INFO - [2026-02-25T04:41:42.538+0000] {dag.py:3490} INFO - Setting next_dagrun for example_branch_labels to 2026-02-24T00:00:00+00:00, run_after=2026-02-25T00:00:00+00:00
[2026-02-25T04:41:42.557+0000] {processor.py:178} INFO - Processing /home/airflow/.local/lib/python3.7/site-packages/airflow/example_dags/example_branch_labels.py took 0.134 seconds
[2026-02-25T04:42:12.797+0000] {processor.py:156} INFO - Started process (PID=264) to work on /home/airflow/.local/lib/python3.7/site-packages/airflow/example_dags/example_branch_labels.py
[2026-02-25T04:42:12.797+0000] {processor.py:799} INFO - Processing file /home/airflow/.local/lib/python3.7/site-packages/airflow/example_dags/example_branch_labels.py for tasks to queue
[2026-02-25T04:42:12.798+0000] {logging_mixin.py:149} INFO - [2026-02-25T04:42:12.798+0000] {dagbag.py:541} INFO - Filling up the DagBag from /home/airflow/.local/lib/python3.7/site-packages/airflow/example_dags/example_branch_labels.py
[2026-02-25T04:42:12.803+0000] {processor.py:809} INFO - DAG(s) dict_keys(['example_branch_labels']) retrieved from /home/airflow/.local/lib/python3.7/site-packages/airflow/example_dags/example_branch_labels.py
[2026-02-25T04:42:12.821+0000] {logging_mixin.py:149} INFO - [2026-02-25T04:42:12.821+0000] {dag.py:2726} INFO - Sync 1 DAGs
[2026-02-25T04:42:12.842+0000] {logging_mixin.py:149} INFO - [2026-02-25T04:42:12.842+0000] {dag.py:3490} INFO - Setting next_dagrun for example_branch_labels to 2026-02-24T00:00:00+00:00, run_after=2026-02-25T00:00:00+00:00
[2026-02-25T04:42:12.853+0000] {processor.py:178} INFO - Processing /home/airflow/.local/lib/python3.7/site-packages/airflow/example_dags/example_branch_labels.py took 0.059 seconds
[2026-02-25T04:42:43.421+0000] {processor.py:156} INFO - Started process (PID=327) to work on /home/airflow/.local/lib/python3.7/site-packages/airflow/example_dags/example_branch_labels.py
[2026-02-25T04:42:43.422+0000] {processor.py:799} INFO - Processing file /home/airflow/.local/lib/python3.7/site-packages/airflow/example_dags/example_branch_labels.py for tasks to queue
[2026-02-25T04:42:43.422+0000] {logging_mixin.py:149} INFO - [2026-02-25T04:42:43.422+0000] {dagbag.py:541} INFO - Filling up the DagBag from /home/airflow/.local/lib/python3.7/site-packages/airflow/example_dags/example_branch_labels.py
[2026-02-25T04:42:43.427+0000] {processor.py:809} INFO - DAG(s) dict_keys(['example_branch_labels']) retrieved from /home/airflow/.local/lib/python3.7/site-packages/airflow/example_dags/example_branch_labels.py
[2026-02-25T04:42:43.448+0000] {logging_mixin.py:149} INFO - [2026-02-25T04:42:43.448+0000] {dag.py:2726} INFO - Sync 1 DAGs
[2026-02-25T04:42:43.469+0000] {logging_mixin.py:149} INFO - [2026-02-25T04:42:43.468+0000] {dag.py:3490} INFO - Setting next_dagrun for example_branch_labels to 2026-02-24T00:00:00+00:00, run_after=2026-02-25T00:00:00+00:00
[2026-02-25T04:42:43.481+0000] {processor.py:178} INFO - Processing /home/airflow/.local/lib/python3.7/site-packages/airflow/example_dags/example_branch_labels.py took 0.063 seconds
[2026-02-25T04:48:22.307+0000] {processor.py:156} INFO - Started process (PID=67) to work on /home/airflow/.local/lib/python3.7/site-packages/airflow/example_dags/example_branch_labels.py
[2026-02-25T04:48:22.308+0000] {processor.py:799} INFO - Processing file /home/airflow/.local/lib/python3.7/site-packages/airflow/example_dags/example_branch_labels.py for tasks to queue
[2026-02-25T04:48:22.309+0000] {logging_mixin.py:149} INFO - [2026-02-25T04:48:22.309+0000] {dagbag.py:541} INFO - Filling up the DagBag from /home/airflow/.local/lib/python3.7/site-packages/airflow/example_dags/example_branch_labels.py
[2026-02-25T04:48:22.322+0000] {processor.py:809} INFO - DAG(s) dict_keys(['example_branch_labels']) retrieved from /home/airflow/.local/lib/python3.7/site-packages/airflow/example_dags/example_branch_labels.py
[2026-02-25T04:48:22.343+0000] {logging_mixin.py:149} INFO - [2026-02-25T04:48:22.343+0000] {dag.py:2726} INFO - Sync 1 DAGs
[2026-02-25T04:48:22.367+0000] {logging_mixin.py:149} INFO - [2026-02-25T04:48:22.367+0000] {dag.py:3490} INFO - Setting next_dagrun for example_branch_labels to 2026-02-24T00:00:00+00:00, run_after=2026-02-25T00:00:00+00:00
[2026-02-25T04:48:22.397+0000] {processor.py:178} INFO - Processing /home/airflow/.local/lib/python3.7/site-packages/airflow/example_dags/example_branch_labels.py took 0.097 seconds
[2026-02-25T04:48:52.888+0000] {processor.py:156} INFO - Started process (PID=130) to work on /home/airflow/.local/lib/python3.7/site-packages/airflow/example_dags/example_branch_labels.py
[2026-02-25T04:48:52.889+0000] {processor.py:799} INFO - Processing file /home/airflow/.local/lib/python3.7/site-packages/airflow/example_dags/example_branch_labels.py for tasks to queue
[2026-02-25T04:48:52.890+0000] {logging_mixin.py:149} INFO - [2026-02-25T04:48:52.890+0000] {dagbag.py:541} INFO - Filling up the DagBag from /home/airflow/.local/lib/python3.7/site-packages/airflow/example_dags/example_branch_labels.py
[2026-02-25T04:48:52.894+0000] {processor.py:809} INFO - DAG(s) dict_keys(['example_branch_labels']) retrieved from /home/airflow/.local/lib/python3.7/site-packages/airflow/example_dags/example_branch_labels.py
[2026-02-25T04:48:52.910+0000] {logging_mixin.py:149} INFO - [2026-02-25T04:48:52.910+0000] {dag.py:2726} INFO - Sync 1 DAGs
[2026-02-25T04:48:52.931+0000] {logging_mixin.py:149} INFO - [2026-02-25T04:48:52.931+0000] {dag.py:3490} INFO - Setting next_dagrun for example_branch_labels to 2026-02-24T00:00:00+00:00, run_after=2026-02-25T00:00:00+00:00
[2026-02-25T04:48:52.945+0000] {processor.py:178} INFO - Processing /home/airflow/.local/lib/python3.7/site-packages/airflow/example_dags/example_branch_labels.py took 0.060 seconds
[2026-02-25T04:49:23.462+0000] {processor.py:156} INFO - Started process (PID=193) to work on /home/airflow/.local/lib/python3.7/site-packages/airflow/example_dags/example_branch_labels.py
[2026-02-25T04:49:23.463+0000] {processor.py:799} INFO - Processing file /home/airflow/.local/lib/python3.7/site-packages/airflow/example_dags/example_branch_labels.py for tasks to queue
[2026-02-25T04:49:23.464+0000] {logging_mixin.py:149} INFO - [2026-02-25T04:49:23.464+0000] {dagbag.py:541} INFO - Filling up the DagBag from /home/airflow/.local/lib/python3.7/site-packages/airflow/example_dags/example_branch_labels.py
[2026-02-25T04:49:23.469+0000] {processor.py:809} INFO - DAG(s) dict_keys(['example_branch_labels']) retrieved from /home/airflow/.local/lib/python3.7/site-packages/airflow/example_dags/example_branch_labels.py
[2026-02-25T04:49:23.490+0000] {logging_mixin.py:149} INFO - [2026-02-25T04:49:23.490+0000] {dag.py:2726} INFO - Sync 1 DAGs
[2026-02-25T04:49:23.511+0000] {logging_mixin.py:149} INFO - [2026-02-25T04:49:23.511+0000] {dag.py:3490} INFO - Setting next_dagrun for example_branch_labels to 2026-02-24T00:00:00+00:00, run_after=2026-02-25T00:00:00+00:00
[2026-02-25T04:49:23.526+0000] {processor.py:178} INFO - Processing /home/airflow/.local/lib/python3.7/site-packages/airflow/example_dags/example_branch_labels.py took 0.065 seconds
[2026-02-25T04:49:53.989+0000] {processor.py:156} INFO - Started process (PID=263) to work on /home/airflow/.local/lib/python3.7/site-packages/airflow/example_dags/example_branch_labels.py
[2026-02-25T04:49:53.991+0000] {processor.py:799} INFO - Processing file /home/airflow/.local/lib/python3.7/site-packages/airflow/example_dags/example_branch_labels.py for tasks to queue
[2026-02-25T04:49:53.992+0000] {logging_mixin.py:149} INFO - [2026-02-25T04:49:53.992+0000] {dagbag.py:541} INFO - Filling up the DagBag from /home/airflow/.local/lib/python3.7/site-packages/airflow/example_dags/example_branch_labels.py
[2026-02-25T04:49:53.997+0000] {processor.py:809} INFO - DAG(s) dict_keys(['example_branch_labels']) retrieved from /home/airflow/.local/lib/python3.7/site-packages/airflow/example_dags/example_branch_labels.py
[2026-02-25T04:49:54.020+0000] {logging_mixin.py:149} INFO - [2026-02-25T04:49:54.020+0000] {dag.py:2726} INFO - Sync 1 DAGs
[2026-02-25T04:49:54.045+0000] {logging_mixin.py:149} INFO - [2026-02-25T04:49:54.045+0000] {dag.py:3490} INFO - Setting next_dagrun for example_branch_labels to 2026-02-24T00:00:00+00:00, run_after=2026-02-25T00:00:00+00:00
[2026-02-25T04:49:54.060+0000] {processor.py:178} INFO - Processing /home/airflow/.local/lib/python3.7/site-packages/airflow/example_dags/example_branch_labels.py took 0.073 seconds
[2026-02-25T04:50:24.471+0000] {processor.py:156} INFO - Started process (PID=326) to work on /home/airflow/.local/lib/python3.7/site-packages/airflow/example_dags/example_branch_labels.py
[2026-02-25T04:50:24.472+0000] {processor.py:799} INFO - Processing file /home/airflow/.local/lib/python3.7/site-packages/airflow/example_dags/example_branch_labels.py for tasks to queue
[2026-02-25T04:50:24.473+0000] {logging_mixin.py:149} INFO - [2026-02-25T04:50:24.472+0000] {dagbag.py:541} INFO - Filling up the DagBag from /home/airflow/.local/lib/python3.7/site-packages/airflow/example_dags/example_branch_labels.py
[2026-02-25T04:50:24.477+0000] {processor.py:809} INFO - DAG(s) dict_keys(['example_branch_labels']) retrieved from /home/airflow/.local/lib/python3.7/site-packages/airflow/example_dags/example_branch_labels.py
[2026-02-25T04:50:24.495+0000] {logging_mixin.py:149} INFO - [2026-02-25T04:50:24.495+0000] {dag.py:2726} INFO - Sync 1 DAGs
[2026-02-25T04:50:24.516+0000] {logging_mixin.py:149} INFO - [2026-02-25T04:50:24.516+0000] {dag.py:3490} INFO - Setting next_dagrun for example_branch_labels to 2026-02-24T00:00:00+00:00, run_after=2026-02-25T00:00:00+00:00
[2026-02-25T04:50:24.528+0000] {processor.py:178} INFO - Processing /home/airflow/.local/lib/python3.7/site-packages/airflow/example_dags/example_branch_labels.py took 0.058 seconds
[2026-02-25T04:50:54.738+0000] {processor.py:156} INFO - Started process (PID=389) to work on /home/airflow/.local/lib/python3.7/site-packages/airflow/example_dags/example_branch_labels.py
[2026-02-25T04:50:54.741+0000] {processor.py:799} INFO - Processing file /home/airflow/.local/lib/python3.7/site-packages/airflow/example_dags/example_branch_labels.py for tasks to queue
[2026-02-25T04:50:54.742+0000] {logging_mixin.py:149} INFO - [2026-02-25T04:50:54.742+0000] {dagbag.py:541} INFO - Filling up the DagBag from /home/airflow/.local/lib/python3.7/site-packages/airflow/example_dags/example_branch_labels.py
[2026-02-25T04:50:54.747+0000] {processor.py:809} INFO - DAG(s) dict_keys(['example_branch_labels']) retrieved from /home/airflow/.local/lib/python3.7/site-packages/airflow/example_dags/example_branch_labels.py
[2026-02-25T04:50:54.765+0000] {logging_mixin.py:149} INFO - [2026-02-25T04:50:54.765+0000] {dag.py:2726} INFO - Sync 1 DAGs
[2026-02-25T04:50:54.784+0000] {logging_mixin.py:149} INFO - [2026-02-25T04:50:54.784+0000] {dag.py:3490} INFO - Setting next_dagrun for example_branch_labels to 2026-02-24T00:00:00+00:00, run_after=2026-02-25T00:00:00+00:00
[2026-02-25T04:50:54.803+0000] {processor.py:178} INFO - Processing /home/airflow/.local/lib/python3.7/site-packages/airflow/example_dags/example_branch_labels.py took 0.067 seconds
[2026-02-25T04:51:24.962+0000] {processor.py:156} INFO - Started process (PID=452) to work on /home/airflow/.local/lib/python3.7/site-packages/airflow/example_dags/example_branch_labels.py
[2026-02-25T04:51:24.963+0000] {processor.py:799} INFO - Processing file /home/airflow/.local/lib/python3.7/site-packages/airflow/example_dags/example_branch_labels.py for tasks to queue
[2026-02-25T04:51:24.963+0000] {logging_mixin.py:149} INFO - [2026-02-25T04:51:24.963+0000] {dagbag.py:541} INFO - Filling up the DagBag from /home/airflow/.local/lib/python3.7/site-packages/airflow/example_dags/example_branch_labels.py
[2026-02-25T04:51:24.968+0000] {processor.py:809} INFO - DAG(s) dict_keys(['example_branch_labels']) retrieved from /home/airflow/.local/lib/python3.7/site-packages/airflow/example_dags/example_branch_labels.py
[2026-02-25T04:51:24.986+0000] {logging_mixin.py:149} INFO - [2026-02-25T04:51:24.985+0000] {dag.py:2726} INFO - Sync 1 DAGs
[2026-02-25T04:51:25.006+0000] {logging_mixin.py:149} INFO - [2026-02-25T04:51:25.006+0000] {dag.py:3490} INFO - Setting next_dagrun for example_branch_labels to 2026-02-24T00:00:00+00:00, run_after=2026-02-25T00:00:00+00:00
[2026-02-25T04:51:25.027+0000] {processor.py:178} INFO - Processing /home/airflow/.local/lib/python3.7/site-packages/airflow/example_dags/example_branch_labels.py took 0.070 seconds
[2026-02-25T04:51:55.248+0000] {processor.py:156} INFO - Started process (PID=515) to work on /home/airflow/.local/lib/python3.7/site-packages/airflow/example_dags/example_branch_labels.py
[2026-02-25T04:51:55.250+0000] {processor.py:799} INFO - Processing file /home/airflow/.local/lib/python3.7/site-packages/airflow/example_dags/example_branch_labels.py for tasks to queue
[2026-02-25T04:51:55.251+0000] {logging_mixin.py:149} INFO - [2026-02-25T04:51:55.251+0000] {dagbag.py:541} INFO - Filling up the DagBag from /home/airflow/.local/lib/python3.7/site-packages/airflow/example_dags/example_branch_labels.py
[2026-02-25T04:51:55.256+0000] {processor.py:809} INFO - DAG(s) dict_keys(['example_branch_labels']) retrieved from /home/airflow/.local/lib/python3.7/site-packages/airflow/example_dags/example_branch_labels.py
[2026-02-25T04:51:55.281+0000] {logging_mixin.py:149} INFO - [2026-02-25T04:51:55.281+0000] {dag.py:2726} INFO - Sync 1 DAGs
[2026-02-25T04:51:55.302+0000] {logging_mixin.py:149} INFO - [2026-02-25T04:51:55.302+0000] {dag.py:3490} INFO - Setting next_dagrun for example_branch_labels to 2026-02-24T00:00:00+00:00, run_after=2026-02-25T00:00:00+00:00
[2026-02-25T04:51:55.317+0000] {processor.py:178} INFO - Processing /home/airflow/.local/lib/python3.7/site-packages/airflow/example_dags/example_branch_labels.py took 0.071 seconds
[2026-02-25T04:52:25.720+0000] {processor.py:156} INFO - Started process (PID=578) to work on /home/airflow/.local/lib/python3.7/site-packages/airflow/example_dags/example_branch_labels.py
[2026-02-25T04:52:25.722+0000] {processor.py:799} INFO - Processing file /home/airflow/.local/lib/python3.7/site-packages/airflow/example_dags/example_branch_labels.py for tasks to queue
[2026-02-25T04:52:25.723+0000] {logging_mixin.py:149} INFO - [2026-02-25T04:52:25.723+0000] {dagbag.py:541} INFO - Filling up the DagBag from /home/airflow/.local/lib/python3.7/site-packages/airflow/example_dags/example_branch_labels.py
[2026-02-25T04:52:25.728+0000] {processor.py:809} INFO - DAG(s) dict_keys(['example_branch_labels']) retrieved from /home/airflow/.local/lib/python3.7/site-packages/airflow/example_dags/example_branch_labels.py
[2026-02-25T04:52:25.745+0000] {logging_mixin.py:149} INFO - [2026-02-25T04:52:25.744+0000] {dag.py:2726} INFO - Sync 1 DAGs
[2026-02-25T04:52:25.763+0000] {logging_mixin.py:149} INFO - [2026-02-25T04:52:25.763+0000] {dag.py:3490} INFO - Setting next_dagrun for example_branch_labels to 2026-02-24T00:00:00+00:00, run_after=2026-02-25T00:00:00+00:00
[2026-02-25T04:52:25.776+0000] {processor.py:178} INFO - Processing /home/airflow/.local/lib/python3.7/site-packages/airflow/example_dags/example_branch_labels.py took 0.058 seconds
[2026-02-25T04:52:56.203+0000] {processor.py:156} INFO - Started process (PID=641) to work on /home/airflow/.local/lib/python3.7/site-packages/airflow/example_dags/example_branch_labels.py
[2026-02-25T04:52:56.204+0000] {processor.py:799} INFO - Processing file /home/airflow/.local/lib/python3.7/site-packages/airflow/example_dags/example_branch_labels.py for tasks to queue
[2026-02-25T04:52:56.205+0000] {logging_mixin.py:149} INFO - [2026-02-25T04:52:56.205+0000] {dagbag.py:541} INFO - Filling up the DagBag from /home/airflow/.local/lib/python3.7/site-packages/airflow/example_dags/example_branch_labels.py
[2026-02-25T04:52:56.213+0000] {processor.py:809} INFO - DAG(s) dict_keys(['example_branch_labels']) retrieved from /home/airflow/.local/lib/python3.7/site-packages/airflow/example_dags/example_branch_labels.py
[2026-02-25T04:52:56.232+0000] {logging_mixin.py:149} INFO - [2026-02-25T04:52:56.232+0000] {dag.py:2726} INFO - Sync 1 DAGs
[2026-02-25T04:52:56.253+0000] {logging_mixin.py:149} INFO - [2026-02-25T04:52:56.252+0000] {dag.py:3490} INFO - Setting next_dagrun for example_branch_labels to 2026-02-24T00:00:00+00:00, run_after=2026-02-25T00:00:00+00:00
[2026-02-25T04:52:56.269+0000] {processor.py:178} INFO - Processing /home/airflow/.local/lib/python3.7/site-packages/airflow/example_dags/example_branch_labels.py took 0.068 seconds
[2026-02-25T04:53:26.842+0000] {processor.py:156} INFO - Started process (PID=704) to work on /home/airflow/.local/lib/python3.7/site-packages/airflow/example_dags/example_branch_labels.py
[2026-02-25T04:53:26.844+0000] {processor.py:799} INFO - Processing file /home/airflow/.local/lib/python3.7/site-packages/airflow/example_dags/example_branch_labels.py for tasks to queue
[2026-02-25T04:53:26.844+0000] {logging_mixin.py:149} INFO - [2026-02-25T04:53:26.844+0000] {dagbag.py:541} INFO - Filling up the DagBag from /home/airflow/.local/lib/python3.7/site-packages/airflow/example_dags/example_branch_labels.py
[2026-02-25T04:53:26.849+0000] {processor.py:809} INFO - DAG(s) dict_keys(['example_branch_labels']) retrieved from /home/airflow/.local/lib/python3.7/site-packages/airflow/example_dags/example_branch_labels.py
[2026-02-25T04:53:26.874+0000] {logging_mixin.py:149} INFO - [2026-02-25T04:53:26.874+0000] {dag.py:2726} INFO - Sync 1 DAGs
[2026-02-25T04:53:26.899+0000] {logging_mixin.py:149} INFO - [2026-02-25T04:53:26.898+0000] {dag.py:3490} INFO - Setting next_dagrun for example_branch_labels to 2026-02-24T00:00:00+00:00, run_after=2026-02-25T00:00:00+00:00
[2026-02-25T04:53:26.911+0000] {processor.py:178} INFO - Processing /home/airflow/.local/lib/python3.7/site-packages/airflow/example_dags/example_branch_labels.py took 0.081 seconds
[2026-02-25T04:53:57.313+0000] {processor.py:156} INFO - Started process (PID=767) to work on /home/airflow/.local/lib/python3.7/site-packages/airflow/example_dags/example_branch_labels.py
[2026-02-25T04:53:57.313+0000] {processor.py:799} INFO - Processing file /home/airflow/.local/lib/python3.7/site-packages/airflow/example_dags/example_branch_labels.py for tasks to queue
[2026-02-25T04:53:57.314+0000] {logging_mixin.py:149} INFO - [2026-02-25T04:53:57.314+0000] {dagbag.py:541} INFO - Filling up the DagBag from /home/airflow/.local/lib/python3.7/site-packages/airflow/example_dags/example_branch_labels.py
[2026-02-25T04:53:57.318+0000] {processor.py:809} INFO - DAG(s) dict_keys(['example_branch_labels']) retrieved from /home/airflow/.local/lib/python3.7/site-packages/airflow/example_dags/example_branch_labels.py
[2026-02-25T04:53:57.333+0000] {logging_mixin.py:149} INFO - [2026-02-25T04:53:57.333+0000] {dag.py:2726} INFO - Sync 1 DAGs
[2026-02-25T04:53:57.349+0000] {logging_mixin.py:149} INFO - [2026-02-25T04:53:57.349+0000] {dag.py:3490} INFO - Setting next_dagrun for example_branch_labels to 2026-02-24T00:00:00+00:00, run_after=2026-02-25T00:00:00+00:00
[2026-02-25T04:53:57.359+0000] {processor.py:178} INFO - Processing /home/airflow/.local/lib/python3.7/site-packages/airflow/example_dags/example_branch_labels.py took 0.048 seconds
[2026-02-25T04:54:27.682+0000] {processor.py:156} INFO - Started process (PID=830) to work on /home/airflow/.local/lib/python3.7/site-packages/airflow/example_dags/example_branch_labels.py
[2026-02-25T04:54:27.683+0000] {processor.py:799} INFO - Processing file /home/airflow/.local/lib/python3.7/site-packages/airflow/example_dags/example_branch_labels.py for tasks to queue
[2026-02-25T04:54:27.684+0000] {logging_mixin.py:149} INFO - [2026-02-25T04:54:27.684+0000] {dagbag.py:541} INFO - Filling up the DagBag from /home/airflow/.local/lib/python3.7/site-packages/airflow/example_dags/example_branch_labels.py
[2026-02-25T04:54:27.689+0000] {processor.py:809} INFO - DAG(s) dict_keys(['example_branch_labels']) retrieved from /home/airflow/.local/lib/python3.7/site-packages/airflow/example_dags/example_branch_labels.py
[2026-02-25T04:54:27.709+0000] {logging_mixin.py:149} INFO - [2026-02-25T04:54:27.709+0000] {dag.py:2726} INFO - Sync 1 DAGs
[2026-02-25T04:54:27.731+0000] {logging_mixin.py:149} INFO - [2026-02-25T04:54:27.730+0000] {dag.py:3490} INFO - Setting next_dagrun for example_branch_labels to 2026-02-24T00:00:00+00:00, run_after=2026-02-25T00:00:00+00:00
[2026-02-25T04:54:27.747+0000] {processor.py:178} INFO - Processing /home/airflow/.local/lib/python3.7/site-packages/airflow/example_dags/example_branch_labels.py took 0.067 seconds
[2026-02-25T04:54:57.977+0000] {processor.py:156} INFO - Started process (PID=893) to work on /home/airflow/.local/lib/python3.7/site-packages/airflow/example_dags/example_branch_labels.py
[2026-02-25T04:54:57.977+0000] {processor.py:799} INFO - Processing file /home/airflow/.local/lib/python3.7/site-packages/airflow/example_dags/example_branch_labels.py for tasks to queue
[2026-02-25T04:54:57.978+0000] {logging_mixin.py:149} INFO - [2026-02-25T04:54:57.978+0000] {dagbag.py:541} INFO - Filling up the DagBag from /home/airflow/.local/lib/python3.7/site-packages/airflow/example_dags/example_branch_labels.py
[2026-02-25T04:54:57.985+0000] {processor.py:809} INFO - DAG(s) dict_keys(['example_branch_labels']) retrieved from /home/airflow/.local/lib/python3.7/site-packages/airflow/example_dags/example_branch_labels.py
[2026-02-25T04:54:58.007+0000] {logging_mixin.py:149} INFO - [2026-02-25T04:54:58.007+0000] {dag.py:2726} INFO - Sync 1 DAGs
[2026-02-25T04:54:58.029+0000] {logging_mixin.py:149} INFO - [2026-02-25T04:54:58.029+0000] {dag.py:3490} INFO - Setting next_dagrun for example_branch_labels to 2026-02-24T00:00:00+00:00, run_after=2026-02-25T00:00:00+00:00
[2026-02-25T04:54:58.041+0000] {processor.py:178} INFO - Processing /home/airflow/.local/lib/python3.7/site-packages/airflow/example_dags/example_branch_labels.py took 0.067 seconds
[2026-02-25T04:55:28.358+0000] {processor.py:156} INFO - Started process (PID=956) to work on /home/airflow/.local/lib/python3.7/site-packages/airflow/example_dags/example_branch_labels.py
[2026-02-25T04:55:28.359+0000] {processor.py:799} INFO - Processing file /home/airflow/.local/lib/python3.7/site-packages/airflow/example_dags/example_branch_labels.py for tasks to queue
[2026-02-25T04:55:28.359+0000] {logging_mixin.py:149} INFO - [2026-02-25T04:55:28.359+0000] {dagbag.py:541} INFO - Filling up the DagBag from /home/airflow/.local/lib/python3.7/site-packages/airflow/example_dags/example_branch_labels.py
[2026-02-25T04:55:28.363+0000] {processor.py:809} INFO - DAG(s) dict_keys(['example_branch_labels']) retrieved from /home/airflow/.local/lib/python3.7/site-packages/airflow/example_dags/example_branch_labels.py
[2026-02-25T04:55:28.378+0000] {logging_mixin.py:149} INFO - [2026-02-25T04:55:28.378+0000] {dag.py:2726} INFO - Sync 1 DAGs
[2026-02-25T04:55:28.395+0000] {logging_mixin.py:149} INFO - [2026-02-25T04:55:28.395+0000] {dag.py:3490} INFO - Setting next_dagrun for example_branch_labels to 2026-02-24T00:00:00+00:00, run_after=2026-02-25T00:00:00+00:00
[2026-02-25T04:55:28.404+0000] {processor.py:178} INFO - Processing /home/airflow/.local/lib/python3.7/site-packages/airflow/example_dags/example_branch_labels.py took 0.048 seconds
[2026-02-25T04:55:58.987+0000] {processor.py:156} INFO - Started process (PID=1019) to work on /home/airflow/.local/lib/python3.7/site-packages/airflow/example_dags/example_branch_labels.py
[2026-02-25T04:55:58.989+0000] {processor.py:799} INFO - Processing file /home/airflow/.local/lib/python3.7/site-packages/airflow/example_dags/example_branch_labels.py for tasks to queue
[2026-02-25T04:55:58.990+0000] {logging_mixin.py:149} INFO - [2026-02-25T04:55:58.989+0000] {dagbag.py:541} INFO - Filling up the DagBag from /home/airflow/.local/lib/python3.7/site-packages/airflow/example_dags/example_branch_labels.py
[2026-02-25T04:55:58.996+0000] {processor.py:809} INFO - DAG(s) dict_keys(['example_branch_labels']) retrieved from /home/airflow/.local/lib/python3.7/site-packages/airflow/example_dags/example_branch_labels.py
[2026-02-25T04:55:59.020+0000] {logging_mixin.py:149} INFO - [2026-02-25T04:55:59.020+0000] {dag.py:2726} INFO - Sync 1 DAGs
[2026-02-25T04:55:59.042+0000] {logging_mixin.py:149} INFO - [2026-02-25T04:55:59.042+0000] {dag.py:3490} INFO - Setting next_dagrun for example_branch_labels to 2026-02-24T00:00:00+00:00, run_after=2026-02-25T00:00:00+00:00
[2026-02-25T04:55:59.052+0000] {processor.py:178} INFO - Processing /home/airflow/.local/lib/python3.7/site-packages/airflow/example_dags/example_branch_labels.py took 0.069 seconds
[2026-02-25T04:56:29.383+0000] {processor.py:156} INFO - Started process (PID=1082) to work on /home/airflow/.local/lib/python3.7/site-packages/airflow/example_dags/example_branch_labels.py
[2026-02-25T04:56:29.384+0000] {processor.py:799} INFO - Processing file /home/airflow/.local/lib/python3.7/site-packages/airflow/example_dags/example_branch_labels.py for tasks to queue
[2026-02-25T04:56:29.386+0000] {logging_mixin.py:149} INFO - [2026-02-25T04:56:29.386+0000] {dagbag.py:541} INFO - Filling up the DagBag from /home/airflow/.local/lib/python3.7/site-packages/airflow/example_dags/example_branch_labels.py
[2026-02-25T04:56:29.391+0000] {processor.py:809} INFO - DAG(s) dict_keys(['example_branch_labels']) retrieved from /home/airflow/.local/lib/python3.7/site-packages/airflow/example_dags/example_branch_labels.py
[2026-02-25T04:56:29.410+0000] {logging_mixin.py:149} INFO - [2026-02-25T04:56:29.410+0000] {dag.py:2726} INFO - Sync 1 DAGs
[2026-02-25T04:56:29.435+0000] {logging_mixin.py:149} INFO - [2026-02-25T04:56:29.435+0000] {dag.py:3490} INFO - Setting next_dagrun for example_branch_labels to 2026-02-24T00:00:00+00:00, run_after=2026-02-25T00:00:00+00:00
[2026-02-25T04:56:29.448+0000] {processor.py:178} INFO - Processing /home/airflow/.local/lib/python3.7/site-packages/airflow/example_dags/example_branch_labels.py took 0.068 seconds
[2026-02-25T04:57:00.025+0000] {processor.py:156} INFO - Started process (PID=1145) to work on /home/airflow/.local/lib/python3.7/site-packages/airflow/example_dags/example_branch_labels.py
[2026-02-25T04:57:00.030+0000] {processor.py:799} INFO - Processing file /home/airflow/.local/lib/python3.7/site-packages/airflow/example_dags/example_branch_labels.py for tasks to queue
[2026-02-25T04:57:00.032+0000] {logging_mixin.py:149} INFO - [2026-02-25T04:57:00.032+0000] {dagbag.py:541} INFO - Filling up the DagBag from /home/airflow/.local/lib/python3.7/site-packages/airflow/example_dags/example_branch_labels.py
[2026-02-25T04:57:00.040+0000] {processor.py:809} INFO - DAG(s) dict_keys(['example_branch_labels']) retrieved from /home/airflow/.local/lib/python3.7/site-packages/airflow/example_dags/example_branch_labels.py
[2026-02-25T04:57:00.069+0000] {logging_mixin.py:149} INFO - [2026-02-25T04:57:00.069+0000] {dag.py:2726} INFO - Sync 1 DAGs
[2026-02-25T04:57:00.096+0000] {logging_mixin.py:149} INFO - [2026-02-25T04:57:00.096+0000] {dag.py:3490} INFO - Setting next_dagrun for example_branch_labels to 2026-02-24T00:00:00+00:00, run_after=2026-02-25T00:00:00+00:00
[2026-02-25T04:57:00.112+0000] {processor.py:178} INFO - Processing /home/airflow/.local/lib/python3.7/site-packages/airflow/example_dags/example_branch_labels.py took 0.090 seconds
[2026-02-25T04:57:30.352+0000] {processor.py:156} INFO - Started process (PID=1208) to work on /home/airflow/.local/lib/python3.7/site-packages/airflow/example_dags/example_branch_labels.py
[2026-02-25T04:57:30.353+0000] {processor.py:799} INFO - Processing file /home/airflow/.local/lib/python3.7/site-packages/airflow/example_dags/example_branch_labels.py for tasks to queue
[2026-02-25T04:57:30.353+0000] {logging_mixin.py:149} INFO - [2026-02-25T04:57:30.353+0000] {dagbag.py:541} INFO - Filling up the DagBag from /home/airflow/.local/lib/python3.7/site-packages/airflow/example_dags/example_branch_labels.py
[2026-02-25T04:57:30.360+0000] {processor.py:809} INFO - DAG(s) dict_keys(['example_branch_labels']) retrieved from /home/airflow/.local/lib/python3.7/site-packages/airflow/example_dags/example_branch_labels.py
[2026-02-25T04:57:30.392+0000] {logging_mixin.py:149} INFO - [2026-02-25T04:57:30.389+0000] {dag.py:2726} INFO - Sync 1 DAGs
[2026-02-25T04:57:30.415+0000] {logging_mixin.py:149} INFO - [2026-02-25T04:57:30.415+0000] {dag.py:3490} INFO - Setting next_dagrun for example_branch_labels to 2026-02-24T00:00:00+00:00, run_after=2026-02-25T00:00:00+00:00
[2026-02-25T04:57:30.429+0000] {processor.py:178} INFO - Processing /home/airflow/.local/lib/python3.7/site-packages/airflow/example_dags/example_branch_labels.py took 0.079 seconds
[2026-02-25T04:58:00.746+0000] {processor.py:156} INFO - Started process (PID=1271) to work on /home/airflow/.local/lib/python3.7/site-packages/airflow/example_dags/example_branch_labels.py
[2026-02-25T04:58:00.747+0000] {processor.py:799} INFO - Processing file /home/airflow/.local/lib/python3.7/site-packages/airflow/example_dags/example_branch_labels.py for tasks to queue
[2026-02-25T04:58:00.747+0000] {logging_mixin.py:149} INFO - [2026-02-25T04:58:00.747+0000] {dagbag.py:541} INFO - Filling up the DagBag from /home/airflow/.local/lib/python3.7/site-packages/airflow/example_dags/example_branch_labels.py
[2026-02-25T04:58:00.752+0000] {processor.py:809} INFO - DAG(s) dict_keys(['example_branch_labels']) retrieved from /home/airflow/.local/lib/python3.7/site-packages/airflow/example_dags/example_branch_labels.py
[2026-02-25T04:58:00.778+0000] {logging_mixin.py:149} INFO - [2026-02-25T04:58:00.778+0000] {dag.py:2726} INFO - Sync 1 DAGs
[2026-02-25T04:58:00.800+0000] {logging_mixin.py:149} INFO - [2026-02-25T04:58:00.800+0000] {dag.py:3490} INFO - Setting next_dagrun for example_branch_labels to 2026-02-24T00:00:00+00:00, run_after=2026-02-25T00:00:00+00:00
[2026-02-25T04:58:00.811+0000] {processor.py:178} INFO - Processing /home/airflow/.local/lib/python3.7/site-packages/airflow/example_dags/example_branch_labels.py took 0.067 seconds
[2026-02-25T04:58:31.458+0000] {processor.py:156} INFO - Started process (PID=1334) to work on /home/airflow/.local/lib/python3.7/site-packages/airflow/example_dags/example_branch_labels.py
[2026-02-25T04:58:31.458+0000] {processor.py:799} INFO - Processing file /home/airflow/.local/lib/python3.7/site-packages/airflow/example_dags/example_branch_labels.py for tasks to queue
[2026-02-25T04:58:31.459+0000] {logging_mixin.py:149} INFO - [2026-02-25T04:58:31.459+0000] {dagbag.py:541} INFO - Filling up the DagBag from /home/airflow/.local/lib/python3.7/site-packages/airflow/example_dags/example_branch_labels.py
[2026-02-25T04:58:31.464+0000] {processor.py:809} INFO - DAG(s) dict_keys(['example_branch_labels']) retrieved from /home/airflow/.local/lib/python3.7/site-packages/airflow/example_dags/example_branch_labels.py
[2026-02-25T04:58:31.483+0000] {logging_mixin.py:149} INFO - [2026-02-25T04:58:31.482+0000] {dag.py:2726} INFO - Sync 1 DAGs
[2026-02-25T04:58:31.502+0000] {logging_mixin.py:149} INFO - [2026-02-25T04:58:31.502+0000] {dag.py:3490} INFO - Setting next_dagrun for example_branch_labels to 2026-02-24T00:00:00+00:00, run_after=2026-02-25T00:00:00+00:00
[2026-02-25T04:58:31.517+0000] {processor.py:178} INFO - Processing /home/airflow/.local/lib/python3.7/site-packages/airflow/example_dags/example_branch_labels.py took 0.062 seconds
[2026-02-25T04:59:02.081+0000] {processor.py:156} INFO - Started process (PID=1396) to work on /home/airflow/.local/lib/python3.7/site-packages/airflow/example_dags/example_branch_labels.py
[2026-02-25T04:59:02.082+0000] {processor.py:799} INFO - Processing file /home/airflow/.local/lib/python3.7/site-packages/airflow/example_dags/example_branch_labels.py for tasks to queue
[2026-02-25T04:59:02.083+0000] {logging_mixin.py:149} INFO - [2026-02-25T04:59:02.083+0000] {dagbag.py:541} INFO - Filling up the DagBag from /home/airflow/.local/lib/python3.7/site-packages/airflow/example_dags/example_branch_labels.py
[2026-02-25T04:59:02.088+0000] {processor.py:809} INFO - DAG(s) dict_keys(['example_branch_labels']) retrieved from /home/airflow/.local/lib/python3.7/site-packages/airflow/example_dags/example_branch_labels.py
[2026-02-25T04:59:02.111+0000] {logging_mixin.py:149} INFO - [2026-02-25T04:59:02.111+0000] {dag.py:2726} INFO - Sync 1 DAGs
[2026-02-25T04:59:02.134+0000] {logging_mixin.py:149} INFO - [2026-02-25T04:59:02.134+0000] {dag.py:3490} INFO - Setting next_dagrun for example_branch_labels to 2026-02-24T00:00:00+00:00, run_after=2026-02-25T00:00:00+00:00
[2026-02-25T04:59:02.160+0000] {processor.py:178} INFO - Processing /home/airflow/.local/lib/python3.7/site-packages/airflow/example_dags/example_branch_labels.py took 0.081 seconds
[2026-02-25T04:59:32.687+0000] {processor.py:156} INFO - Started process (PID=1459) to work on /home/airflow/.local/lib/python3.7/site-packages/airflow/example_dags/example_branch_labels.py
[2026-02-25T04:59:32.688+0000] {processor.py:799} INFO - Processing file /home/airflow/.local/lib/python3.7/site-packages/airflow/example_dags/example_branch_labels.py for tasks to queue
[2026-02-25T04:59:32.689+0000] {logging_mixin.py:149} INFO - [2026-02-25T04:59:32.689+0000] {dagbag.py:541} INFO - Filling up the DagBag from /home/airflow/.local/lib/python3.7/site-packages/airflow/example_dags/example_branch_labels.py
[2026-02-25T04:59:32.696+0000] {processor.py:809} INFO - DAG(s) dict_keys(['example_branch_labels']) retrieved from /home/airflow/.local/lib/python3.7/site-packages/airflow/example_dags/example_branch_labels.py
[2026-02-25T04:59:32.741+0000] {logging_mixin.py:149} INFO - [2026-02-25T04:59:32.741+0000] {dag.py:2726} INFO - Sync 1 DAGs
[2026-02-25T04:59:32.774+0000] {logging_mixin.py:149} INFO - [2026-02-25T04:59:32.774+0000] {dag.py:3490} INFO - Setting next_dagrun for example_branch_labels to 2026-02-24T00:00:00+00:00, run_after=2026-02-25T00:00:00+00:00
[2026-02-25T04:59:32.794+0000] {processor.py:178} INFO - Processing /home/airflow/.local/lib/python3.7/site-packages/airflow/example_dags/example_branch_labels.py took 0.111 seconds
