[2026-02-25T04:40:41.649+0000] {processor.py:156} INFO - Started process (PID=83) to work on /home/airflow/.local/lib/python3.7/site-packages/airflow/example_dags/example_dynamic_task_mapping.py
[2026-02-25T04:40:41.650+0000] {processor.py:799} INFO - Processing file /home/airflow/.local/lib/python3.7/site-packages/airflow/example_dags/example_dynamic_task_mapping.py for tasks to queue
[2026-02-25T04:40:41.651+0000] {logging_mixin.py:149} INFO - [2026-02-25T04:40:41.651+0000] {dagbag.py:541} INFO - Filling up the DagBag from /home/airflow/.local/lib/python3.7/site-packages/airflow/example_dags/example_dynamic_task_mapping.py
[2026-02-25T04:40:41.656+0000] {processor.py:809} INFO - DAG(s) dict_keys(['example_dynamic_task_mapping']) retrieved from /home/airflow/.local/lib/python3.7/site-packages/airflow/example_dags/example_dynamic_task_mapping.py
[2026-02-25T04:40:41.762+0000] {logging_mixin.py:149} INFO - [2026-02-25T04:40:41.761+0000] {manager.py:504} INFO - Created Permission View: can edit on DAG:example_dynamic_task_mapping
[2026-02-25T04:40:41.790+0000] {logging_mixin.py:149} INFO - [2026-02-25T04:40:41.790+0000] {manager.py:504} INFO - Created Permission View: can delete on DAG:example_dynamic_task_mapping
[2026-02-25T04:40:41.794+0000] {logging_mixin.py:149} INFO - [2026-02-25T04:40:41.794+0000] {manager.py:504} INFO - Created Permission View: can read on DAG:example_dynamic_task_mapping
[2026-02-25T04:40:41.794+0000] {logging_mixin.py:149} INFO - [2026-02-25T04:40:41.794+0000] {dag.py:2726} INFO - Sync 1 DAGs
[2026-02-25T04:40:41.804+0000] {logging_mixin.py:149} INFO - [2026-02-25T04:40:41.804+0000] {dag.py:2747} INFO - Creating ORM DAG for example_dynamic_task_mapping
[2026-02-25T04:40:41.813+0000] {logging_mixin.py:149} INFO - [2026-02-25T04:40:41.813+0000] {dag.py:3490} INFO - Setting next_dagrun for example_dynamic_task_mapping to 2022-03-04T00:00:00+00:00, run_after=2022-03-05T00:00:00+00:00
[2026-02-25T04:40:41.826+0000] {processor.py:178} INFO - Processing /home/airflow/.local/lib/python3.7/site-packages/airflow/example_dags/example_dynamic_task_mapping.py took 0.179 seconds
[2026-02-25T04:41:12.046+0000] {processor.py:156} INFO - Started process (PID=146) to work on /home/airflow/.local/lib/python3.7/site-packages/airflow/example_dags/example_dynamic_task_mapping.py
[2026-02-25T04:41:12.046+0000] {processor.py:799} INFO - Processing file /home/airflow/.local/lib/python3.7/site-packages/airflow/example_dags/example_dynamic_task_mapping.py for tasks to queue
[2026-02-25T04:41:12.047+0000] {logging_mixin.py:149} INFO - [2026-02-25T04:41:12.047+0000] {dagbag.py:541} INFO - Filling up the DagBag from /home/airflow/.local/lib/python3.7/site-packages/airflow/example_dags/example_dynamic_task_mapping.py
[2026-02-25T04:41:12.052+0000] {processor.py:809} INFO - DAG(s) dict_keys(['example_dynamic_task_mapping']) retrieved from /home/airflow/.local/lib/python3.7/site-packages/airflow/example_dags/example_dynamic_task_mapping.py
[2026-02-25T04:41:12.069+0000] {logging_mixin.py:149} INFO - [2026-02-25T04:41:12.069+0000] {dag.py:2726} INFO - Sync 1 DAGs
[2026-02-25T04:41:12.085+0000] {logging_mixin.py:149} INFO - [2026-02-25T04:41:12.085+0000] {dag.py:3490} INFO - Setting next_dagrun for example_dynamic_task_mapping to 2022-03-04T00:00:00+00:00, run_after=2022-03-05T00:00:00+00:00
[2026-02-25T04:41:12.099+0000] {processor.py:178} INFO - Processing /home/airflow/.local/lib/python3.7/site-packages/airflow/example_dags/example_dynamic_task_mapping.py took 0.056 seconds
[2026-02-25T04:41:43.063+0000] {processor.py:156} INFO - Started process (PID=209) to work on /home/airflow/.local/lib/python3.7/site-packages/airflow/example_dags/example_dynamic_task_mapping.py
[2026-02-25T04:41:43.065+0000] {processor.py:799} INFO - Processing file /home/airflow/.local/lib/python3.7/site-packages/airflow/example_dags/example_dynamic_task_mapping.py for tasks to queue
[2026-02-25T04:41:43.065+0000] {logging_mixin.py:149} INFO - [2026-02-25T04:41:43.065+0000] {dagbag.py:541} INFO - Filling up the DagBag from /home/airflow/.local/lib/python3.7/site-packages/airflow/example_dags/example_dynamic_task_mapping.py
[2026-02-25T04:41:43.073+0000] {processor.py:809} INFO - DAG(s) dict_keys(['example_dynamic_task_mapping']) retrieved from /home/airflow/.local/lib/python3.7/site-packages/airflow/example_dags/example_dynamic_task_mapping.py
[2026-02-25T04:41:43.101+0000] {logging_mixin.py:149} INFO - [2026-02-25T04:41:43.101+0000] {dag.py:2726} INFO - Sync 1 DAGs
[2026-02-25T04:41:43.118+0000] {logging_mixin.py:149} INFO - [2026-02-25T04:41:43.118+0000] {dag.py:3490} INFO - Setting next_dagrun for example_dynamic_task_mapping to 2022-03-04T00:00:00+00:00, run_after=2022-03-05T00:00:00+00:00
[2026-02-25T04:41:43.134+0000] {processor.py:178} INFO - Processing /home/airflow/.local/lib/python3.7/site-packages/airflow/example_dags/example_dynamic_task_mapping.py took 0.075 seconds
[2026-02-25T04:42:14.129+0000] {processor.py:156} INFO - Started process (PID=272) to work on /home/airflow/.local/lib/python3.7/site-packages/airflow/example_dags/example_dynamic_task_mapping.py
[2026-02-25T04:42:14.129+0000] {processor.py:799} INFO - Processing file /home/airflow/.local/lib/python3.7/site-packages/airflow/example_dags/example_dynamic_task_mapping.py for tasks to queue
[2026-02-25T04:42:14.130+0000] {logging_mixin.py:149} INFO - [2026-02-25T04:42:14.130+0000] {dagbag.py:541} INFO - Filling up the DagBag from /home/airflow/.local/lib/python3.7/site-packages/airflow/example_dags/example_dynamic_task_mapping.py
[2026-02-25T04:42:14.135+0000] {processor.py:809} INFO - DAG(s) dict_keys(['example_dynamic_task_mapping']) retrieved from /home/airflow/.local/lib/python3.7/site-packages/airflow/example_dags/example_dynamic_task_mapping.py
[2026-02-25T04:42:14.156+0000] {logging_mixin.py:149} INFO - [2026-02-25T04:42:14.156+0000] {dag.py:2726} INFO - Sync 1 DAGs
[2026-02-25T04:42:14.176+0000] {logging_mixin.py:149} INFO - [2026-02-25T04:42:14.176+0000] {dag.py:3490} INFO - Setting next_dagrun for example_dynamic_task_mapping to 2022-03-04T00:00:00+00:00, run_after=2022-03-05T00:00:00+00:00
[2026-02-25T04:42:14.189+0000] {processor.py:178} INFO - Processing /home/airflow/.local/lib/python3.7/site-packages/airflow/example_dags/example_dynamic_task_mapping.py took 0.063 seconds
[2026-02-25T04:42:44.772+0000] {processor.py:156} INFO - Started process (PID=335) to work on /home/airflow/.local/lib/python3.7/site-packages/airflow/example_dags/example_dynamic_task_mapping.py
[2026-02-25T04:42:44.773+0000] {processor.py:799} INFO - Processing file /home/airflow/.local/lib/python3.7/site-packages/airflow/example_dags/example_dynamic_task_mapping.py for tasks to queue
[2026-02-25T04:42:44.773+0000] {logging_mixin.py:149} INFO - [2026-02-25T04:42:44.773+0000] {dagbag.py:541} INFO - Filling up the DagBag from /home/airflow/.local/lib/python3.7/site-packages/airflow/example_dags/example_dynamic_task_mapping.py
[2026-02-25T04:42:44.780+0000] {processor.py:809} INFO - DAG(s) dict_keys(['example_dynamic_task_mapping']) retrieved from /home/airflow/.local/lib/python3.7/site-packages/airflow/example_dags/example_dynamic_task_mapping.py
[2026-02-25T04:42:44.804+0000] {logging_mixin.py:149} INFO - [2026-02-25T04:42:44.804+0000] {dag.py:2726} INFO - Sync 1 DAGs
[2026-02-25T04:42:44.821+0000] {logging_mixin.py:149} INFO - [2026-02-25T04:42:44.821+0000] {dag.py:3490} INFO - Setting next_dagrun for example_dynamic_task_mapping to 2022-03-04T00:00:00+00:00, run_after=2022-03-05T00:00:00+00:00
[2026-02-25T04:42:44.835+0000] {processor.py:178} INFO - Processing /home/airflow/.local/lib/python3.7/site-packages/airflow/example_dags/example_dynamic_task_mapping.py took 0.066 seconds
[2026-02-25T04:48:22.700+0000] {processor.py:156} INFO - Started process (PID=75) to work on /home/airflow/.local/lib/python3.7/site-packages/airflow/example_dags/example_dynamic_task_mapping.py
[2026-02-25T04:48:22.703+0000] {processor.py:799} INFO - Processing file /home/airflow/.local/lib/python3.7/site-packages/airflow/example_dags/example_dynamic_task_mapping.py for tasks to queue
[2026-02-25T04:48:22.703+0000] {logging_mixin.py:149} INFO - [2026-02-25T04:48:22.703+0000] {dagbag.py:541} INFO - Filling up the DagBag from /home/airflow/.local/lib/python3.7/site-packages/airflow/example_dags/example_dynamic_task_mapping.py
[2026-02-25T04:48:22.710+0000] {processor.py:809} INFO - DAG(s) dict_keys(['example_dynamic_task_mapping']) retrieved from /home/airflow/.local/lib/python3.7/site-packages/airflow/example_dags/example_dynamic_task_mapping.py
[2026-02-25T04:48:22.723+0000] {logging_mixin.py:149} INFO - [2026-02-25T04:48:22.723+0000] {dag.py:2726} INFO - Sync 1 DAGs
[2026-02-25T04:48:22.754+0000] {logging_mixin.py:149} INFO - [2026-02-25T04:48:22.753+0000] {dag.py:3490} INFO - Setting next_dagrun for example_dynamic_task_mapping to 2022-03-04T00:00:00+00:00, run_after=2022-03-05T00:00:00+00:00
[2026-02-25T04:48:22.782+0000] {processor.py:178} INFO - Processing /home/airflow/.local/lib/python3.7/site-packages/airflow/example_dags/example_dynamic_task_mapping.py took 0.085 seconds
[2026-02-25T04:48:53.282+0000] {processor.py:156} INFO - Started process (PID=138) to work on /home/airflow/.local/lib/python3.7/site-packages/airflow/example_dags/example_dynamic_task_mapping.py
[2026-02-25T04:48:53.284+0000] {processor.py:799} INFO - Processing file /home/airflow/.local/lib/python3.7/site-packages/airflow/example_dags/example_dynamic_task_mapping.py for tasks to queue
[2026-02-25T04:48:53.285+0000] {logging_mixin.py:149} INFO - [2026-02-25T04:48:53.285+0000] {dagbag.py:541} INFO - Filling up the DagBag from /home/airflow/.local/lib/python3.7/site-packages/airflow/example_dags/example_dynamic_task_mapping.py
[2026-02-25T04:48:53.290+0000] {processor.py:809} INFO - DAG(s) dict_keys(['example_dynamic_task_mapping']) retrieved from /home/airflow/.local/lib/python3.7/site-packages/airflow/example_dags/example_dynamic_task_mapping.py
[2026-02-25T04:48:53.306+0000] {logging_mixin.py:149} INFO - [2026-02-25T04:48:53.306+0000] {dag.py:2726} INFO - Sync 1 DAGs
[2026-02-25T04:48:53.330+0000] {logging_mixin.py:149} INFO - [2026-02-25T04:48:53.330+0000] {dag.py:3490} INFO - Setting next_dagrun for example_dynamic_task_mapping to 2022-03-04T00:00:00+00:00, run_after=2022-03-05T00:00:00+00:00
[2026-02-25T04:48:53.349+0000] {processor.py:178} INFO - Processing /home/airflow/.local/lib/python3.7/site-packages/airflow/example_dags/example_dynamic_task_mapping.py took 0.069 seconds
[2026-02-25T04:49:23.824+0000] {processor.py:156} INFO - Started process (PID=208) to work on /home/airflow/.local/lib/python3.7/site-packages/airflow/example_dags/example_dynamic_task_mapping.py
[2026-02-25T04:49:23.826+0000] {processor.py:799} INFO - Processing file /home/airflow/.local/lib/python3.7/site-packages/airflow/example_dags/example_dynamic_task_mapping.py for tasks to queue
[2026-02-25T04:49:23.826+0000] {logging_mixin.py:149} INFO - [2026-02-25T04:49:23.826+0000] {dagbag.py:541} INFO - Filling up the DagBag from /home/airflow/.local/lib/python3.7/site-packages/airflow/example_dags/example_dynamic_task_mapping.py
[2026-02-25T04:49:23.833+0000] {processor.py:809} INFO - DAG(s) dict_keys(['example_dynamic_task_mapping']) retrieved from /home/airflow/.local/lib/python3.7/site-packages/airflow/example_dags/example_dynamic_task_mapping.py
[2026-02-25T04:49:23.853+0000] {logging_mixin.py:149} INFO - [2026-02-25T04:49:23.853+0000] {dag.py:2726} INFO - Sync 1 DAGs
[2026-02-25T04:49:23.873+0000] {logging_mixin.py:149} INFO - [2026-02-25T04:49:23.873+0000] {dag.py:3490} INFO - Setting next_dagrun for example_dynamic_task_mapping to 2022-03-04T00:00:00+00:00, run_after=2022-03-05T00:00:00+00:00
[2026-02-25T04:49:23.891+0000] {processor.py:178} INFO - Processing /home/airflow/.local/lib/python3.7/site-packages/airflow/example_dags/example_dynamic_task_mapping.py took 0.068 seconds
[2026-02-25T04:49:54.366+0000] {processor.py:156} INFO - Started process (PID=271) to work on /home/airflow/.local/lib/python3.7/site-packages/airflow/example_dags/example_dynamic_task_mapping.py
[2026-02-25T04:49:54.367+0000] {processor.py:799} INFO - Processing file /home/airflow/.local/lib/python3.7/site-packages/airflow/example_dags/example_dynamic_task_mapping.py for tasks to queue
[2026-02-25T04:49:54.370+0000] {logging_mixin.py:149} INFO - [2026-02-25T04:49:54.370+0000] {dagbag.py:541} INFO - Filling up the DagBag from /home/airflow/.local/lib/python3.7/site-packages/airflow/example_dags/example_dynamic_task_mapping.py
[2026-02-25T04:49:54.378+0000] {processor.py:809} INFO - DAG(s) dict_keys(['example_dynamic_task_mapping']) retrieved from /home/airflow/.local/lib/python3.7/site-packages/airflow/example_dags/example_dynamic_task_mapping.py
[2026-02-25T04:49:54.397+0000] {logging_mixin.py:149} INFO - [2026-02-25T04:49:54.397+0000] {dag.py:2726} INFO - Sync 1 DAGs
[2026-02-25T04:49:54.420+0000] {logging_mixin.py:149} INFO - [2026-02-25T04:49:54.420+0000] {dag.py:3490} INFO - Setting next_dagrun for example_dynamic_task_mapping to 2022-03-04T00:00:00+00:00, run_after=2022-03-05T00:00:00+00:00
[2026-02-25T04:49:54.440+0000] {processor.py:178} INFO - Processing /home/airflow/.local/lib/python3.7/site-packages/airflow/example_dags/example_dynamic_task_mapping.py took 0.077 seconds
[2026-02-25T04:50:24.815+0000] {processor.py:156} INFO - Started process (PID=334) to work on /home/airflow/.local/lib/python3.7/site-packages/airflow/example_dags/example_dynamic_task_mapping.py
[2026-02-25T04:50:24.816+0000] {processor.py:799} INFO - Processing file /home/airflow/.local/lib/python3.7/site-packages/airflow/example_dags/example_dynamic_task_mapping.py for tasks to queue
[2026-02-25T04:50:24.817+0000] {logging_mixin.py:149} INFO - [2026-02-25T04:50:24.817+0000] {dagbag.py:541} INFO - Filling up the DagBag from /home/airflow/.local/lib/python3.7/site-packages/airflow/example_dags/example_dynamic_task_mapping.py
[2026-02-25T04:50:24.822+0000] {processor.py:809} INFO - DAG(s) dict_keys(['example_dynamic_task_mapping']) retrieved from /home/airflow/.local/lib/python3.7/site-packages/airflow/example_dags/example_dynamic_task_mapping.py
[2026-02-25T04:50:24.840+0000] {logging_mixin.py:149} INFO - [2026-02-25T04:50:24.840+0000] {dag.py:2726} INFO - Sync 1 DAGs
[2026-02-25T04:50:24.860+0000] {logging_mixin.py:149} INFO - [2026-02-25T04:50:24.860+0000] {dag.py:3490} INFO - Setting next_dagrun for example_dynamic_task_mapping to 2022-03-04T00:00:00+00:00, run_after=2022-03-05T00:00:00+00:00
[2026-02-25T04:50:24.876+0000] {processor.py:178} INFO - Processing /home/airflow/.local/lib/python3.7/site-packages/airflow/example_dags/example_dynamic_task_mapping.py took 0.063 seconds
[2026-02-25T04:50:55.059+0000] {processor.py:156} INFO - Started process (PID=397) to work on /home/airflow/.local/lib/python3.7/site-packages/airflow/example_dags/example_dynamic_task_mapping.py
[2026-02-25T04:50:55.063+0000] {processor.py:799} INFO - Processing file /home/airflow/.local/lib/python3.7/site-packages/airflow/example_dags/example_dynamic_task_mapping.py for tasks to queue
[2026-02-25T04:50:55.063+0000] {logging_mixin.py:149} INFO - [2026-02-25T04:50:55.063+0000] {dagbag.py:541} INFO - Filling up the DagBag from /home/airflow/.local/lib/python3.7/site-packages/airflow/example_dags/example_dynamic_task_mapping.py
[2026-02-25T04:50:55.067+0000] {processor.py:809} INFO - DAG(s) dict_keys(['example_dynamic_task_mapping']) retrieved from /home/airflow/.local/lib/python3.7/site-packages/airflow/example_dags/example_dynamic_task_mapping.py
[2026-02-25T04:50:55.083+0000] {logging_mixin.py:149} INFO - [2026-02-25T04:50:55.083+0000] {dag.py:2726} INFO - Sync 1 DAGs
[2026-02-25T04:50:55.104+0000] {logging_mixin.py:149} INFO - [2026-02-25T04:50:55.104+0000] {dag.py:3490} INFO - Setting next_dagrun for example_dynamic_task_mapping to 2022-03-04T00:00:00+00:00, run_after=2022-03-05T00:00:00+00:00
[2026-02-25T04:50:55.117+0000] {processor.py:178} INFO - Processing /home/airflow/.local/lib/python3.7/site-packages/airflow/example_dags/example_dynamic_task_mapping.py took 0.060 seconds
[2026-02-25T04:51:25.287+0000] {processor.py:156} INFO - Started process (PID=460) to work on /home/airflow/.local/lib/python3.7/site-packages/airflow/example_dags/example_dynamic_task_mapping.py
[2026-02-25T04:51:25.289+0000] {processor.py:799} INFO - Processing file /home/airflow/.local/lib/python3.7/site-packages/airflow/example_dags/example_dynamic_task_mapping.py for tasks to queue
[2026-02-25T04:51:25.290+0000] {logging_mixin.py:149} INFO - [2026-02-25T04:51:25.290+0000] {dagbag.py:541} INFO - Filling up the DagBag from /home/airflow/.local/lib/python3.7/site-packages/airflow/example_dags/example_dynamic_task_mapping.py
[2026-02-25T04:51:25.295+0000] {processor.py:809} INFO - DAG(s) dict_keys(['example_dynamic_task_mapping']) retrieved from /home/airflow/.local/lib/python3.7/site-packages/airflow/example_dags/example_dynamic_task_mapping.py
[2026-02-25T04:51:25.309+0000] {logging_mixin.py:149} INFO - [2026-02-25T04:51:25.309+0000] {dag.py:2726} INFO - Sync 1 DAGs
[2026-02-25T04:51:25.328+0000] {logging_mixin.py:149} INFO - [2026-02-25T04:51:25.327+0000] {dag.py:3490} INFO - Setting next_dagrun for example_dynamic_task_mapping to 2022-03-04T00:00:00+00:00, run_after=2022-03-05T00:00:00+00:00
[2026-02-25T04:51:25.347+0000] {processor.py:178} INFO - Processing /home/airflow/.local/lib/python3.7/site-packages/airflow/example_dags/example_dynamic_task_mapping.py took 0.062 seconds
[2026-02-25T04:51:55.627+0000] {processor.py:156} INFO - Started process (PID=523) to work on /home/airflow/.local/lib/python3.7/site-packages/airflow/example_dags/example_dynamic_task_mapping.py
[2026-02-25T04:51:55.628+0000] {processor.py:799} INFO - Processing file /home/airflow/.local/lib/python3.7/site-packages/airflow/example_dags/example_dynamic_task_mapping.py for tasks to queue
[2026-02-25T04:51:55.628+0000] {logging_mixin.py:149} INFO - [2026-02-25T04:51:55.628+0000] {dagbag.py:541} INFO - Filling up the DagBag from /home/airflow/.local/lib/python3.7/site-packages/airflow/example_dags/example_dynamic_task_mapping.py
[2026-02-25T04:51:55.635+0000] {processor.py:809} INFO - DAG(s) dict_keys(['example_dynamic_task_mapping']) retrieved from /home/airflow/.local/lib/python3.7/site-packages/airflow/example_dags/example_dynamic_task_mapping.py
[2026-02-25T04:51:55.651+0000] {logging_mixin.py:149} INFO - [2026-02-25T04:51:55.651+0000] {dag.py:2726} INFO - Sync 1 DAGs
[2026-02-25T04:51:55.672+0000] {logging_mixin.py:149} INFO - [2026-02-25T04:51:55.672+0000] {dag.py:3490} INFO - Setting next_dagrun for example_dynamic_task_mapping to 2022-03-04T00:00:00+00:00, run_after=2022-03-05T00:00:00+00:00
[2026-02-25T04:51:55.686+0000] {processor.py:178} INFO - Processing /home/airflow/.local/lib/python3.7/site-packages/airflow/example_dags/example_dynamic_task_mapping.py took 0.061 seconds
[2026-02-25T04:52:26.067+0000] {processor.py:156} INFO - Started process (PID=586) to work on /home/airflow/.local/lib/python3.7/site-packages/airflow/example_dags/example_dynamic_task_mapping.py
[2026-02-25T04:52:26.068+0000] {processor.py:799} INFO - Processing file /home/airflow/.local/lib/python3.7/site-packages/airflow/example_dags/example_dynamic_task_mapping.py for tasks to queue
[2026-02-25T04:52:26.069+0000] {logging_mixin.py:149} INFO - [2026-02-25T04:52:26.069+0000] {dagbag.py:541} INFO - Filling up the DagBag from /home/airflow/.local/lib/python3.7/site-packages/airflow/example_dags/example_dynamic_task_mapping.py
[2026-02-25T04:52:26.075+0000] {processor.py:809} INFO - DAG(s) dict_keys(['example_dynamic_task_mapping']) retrieved from /home/airflow/.local/lib/python3.7/site-packages/airflow/example_dags/example_dynamic_task_mapping.py
[2026-02-25T04:52:26.091+0000] {logging_mixin.py:149} INFO - [2026-02-25T04:52:26.091+0000] {dag.py:2726} INFO - Sync 1 DAGs
[2026-02-25T04:52:26.108+0000] {logging_mixin.py:149} INFO - [2026-02-25T04:52:26.108+0000] {dag.py:3490} INFO - Setting next_dagrun for example_dynamic_task_mapping to 2022-03-04T00:00:00+00:00, run_after=2022-03-05T00:00:00+00:00
[2026-02-25T04:52:26.132+0000] {processor.py:178} INFO - Processing /home/airflow/.local/lib/python3.7/site-packages/airflow/example_dags/example_dynamic_task_mapping.py took 0.067 seconds
[2026-02-25T04:52:56.542+0000] {processor.py:156} INFO - Started process (PID=649) to work on /home/airflow/.local/lib/python3.7/site-packages/airflow/example_dags/example_dynamic_task_mapping.py
[2026-02-25T04:52:56.543+0000] {processor.py:799} INFO - Processing file /home/airflow/.local/lib/python3.7/site-packages/airflow/example_dags/example_dynamic_task_mapping.py for tasks to queue
[2026-02-25T04:52:56.543+0000] {logging_mixin.py:149} INFO - [2026-02-25T04:52:56.543+0000] {dagbag.py:541} INFO - Filling up the DagBag from /home/airflow/.local/lib/python3.7/site-packages/airflow/example_dags/example_dynamic_task_mapping.py
[2026-02-25T04:52:56.549+0000] {processor.py:809} INFO - DAG(s) dict_keys(['example_dynamic_task_mapping']) retrieved from /home/airflow/.local/lib/python3.7/site-packages/airflow/example_dags/example_dynamic_task_mapping.py
[2026-02-25T04:52:56.569+0000] {logging_mixin.py:149} INFO - [2026-02-25T04:52:56.568+0000] {dag.py:2726} INFO - Sync 1 DAGs
[2026-02-25T04:52:56.589+0000] {logging_mixin.py:149} INFO - [2026-02-25T04:52:56.589+0000] {dag.py:3490} INFO - Setting next_dagrun for example_dynamic_task_mapping to 2022-03-04T00:00:00+00:00, run_after=2022-03-05T00:00:00+00:00
[2026-02-25T04:52:56.601+0000] {processor.py:178} INFO - Processing /home/airflow/.local/lib/python3.7/site-packages/airflow/example_dags/example_dynamic_task_mapping.py took 0.062 seconds
[2026-02-25T04:53:27.254+0000] {processor.py:156} INFO - Started process (PID=712) to work on /home/airflow/.local/lib/python3.7/site-packages/airflow/example_dags/example_dynamic_task_mapping.py
[2026-02-25T04:53:27.255+0000] {processor.py:799} INFO - Processing file /home/airflow/.local/lib/python3.7/site-packages/airflow/example_dags/example_dynamic_task_mapping.py for tasks to queue
[2026-02-25T04:53:27.256+0000] {logging_mixin.py:149} INFO - [2026-02-25T04:53:27.255+0000] {dagbag.py:541} INFO - Filling up the DagBag from /home/airflow/.local/lib/python3.7/site-packages/airflow/example_dags/example_dynamic_task_mapping.py
[2026-02-25T04:53:27.260+0000] {processor.py:809} INFO - DAG(s) dict_keys(['example_dynamic_task_mapping']) retrieved from /home/airflow/.local/lib/python3.7/site-packages/airflow/example_dags/example_dynamic_task_mapping.py
[2026-02-25T04:53:27.279+0000] {logging_mixin.py:149} INFO - [2026-02-25T04:53:27.279+0000] {dag.py:2726} INFO - Sync 1 DAGs
[2026-02-25T04:53:27.300+0000] {logging_mixin.py:149} INFO - [2026-02-25T04:53:27.299+0000] {dag.py:3490} INFO - Setting next_dagrun for example_dynamic_task_mapping to 2022-03-04T00:00:00+00:00, run_after=2022-03-05T00:00:00+00:00
[2026-02-25T04:53:27.316+0000] {processor.py:178} INFO - Processing /home/airflow/.local/lib/python3.7/site-packages/airflow/example_dags/example_dynamic_task_mapping.py took 0.064 seconds
[2026-02-25T04:53:57.686+0000] {processor.py:156} INFO - Started process (PID=775) to work on /home/airflow/.local/lib/python3.7/site-packages/airflow/example_dags/example_dynamic_task_mapping.py
[2026-02-25T04:53:57.687+0000] {processor.py:799} INFO - Processing file /home/airflow/.local/lib/python3.7/site-packages/airflow/example_dags/example_dynamic_task_mapping.py for tasks to queue
[2026-02-25T04:53:57.688+0000] {logging_mixin.py:149} INFO - [2026-02-25T04:53:57.688+0000] {dagbag.py:541} INFO - Filling up the DagBag from /home/airflow/.local/lib/python3.7/site-packages/airflow/example_dags/example_dynamic_task_mapping.py
[2026-02-25T04:53:57.696+0000] {processor.py:809} INFO - DAG(s) dict_keys(['example_dynamic_task_mapping']) retrieved from /home/airflow/.local/lib/python3.7/site-packages/airflow/example_dags/example_dynamic_task_mapping.py
[2026-02-25T04:53:57.716+0000] {logging_mixin.py:149} INFO - [2026-02-25T04:53:57.716+0000] {dag.py:2726} INFO - Sync 1 DAGs
[2026-02-25T04:53:57.739+0000] {logging_mixin.py:149} INFO - [2026-02-25T04:53:57.739+0000] {dag.py:3490} INFO - Setting next_dagrun for example_dynamic_task_mapping to 2022-03-04T00:00:00+00:00, run_after=2022-03-05T00:00:00+00:00
[2026-02-25T04:53:57.757+0000] {processor.py:178} INFO - Processing /home/airflow/.local/lib/python3.7/site-packages/airflow/example_dags/example_dynamic_task_mapping.py took 0.073 seconds
[2026-02-25T04:54:28.035+0000] {processor.py:156} INFO - Started process (PID=838) to work on /home/airflow/.local/lib/python3.7/site-packages/airflow/example_dags/example_dynamic_task_mapping.py
[2026-02-25T04:54:28.036+0000] {processor.py:799} INFO - Processing file /home/airflow/.local/lib/python3.7/site-packages/airflow/example_dags/example_dynamic_task_mapping.py for tasks to queue
[2026-02-25T04:54:28.036+0000] {logging_mixin.py:149} INFO - [2026-02-25T04:54:28.036+0000] {dagbag.py:541} INFO - Filling up the DagBag from /home/airflow/.local/lib/python3.7/site-packages/airflow/example_dags/example_dynamic_task_mapping.py
[2026-02-25T04:54:28.041+0000] {processor.py:809} INFO - DAG(s) dict_keys(['example_dynamic_task_mapping']) retrieved from /home/airflow/.local/lib/python3.7/site-packages/airflow/example_dags/example_dynamic_task_mapping.py
[2026-02-25T04:54:28.056+0000] {logging_mixin.py:149} INFO - [2026-02-25T04:54:28.056+0000] {dag.py:2726} INFO - Sync 1 DAGs
[2026-02-25T04:54:28.072+0000] {logging_mixin.py:149} INFO - [2026-02-25T04:54:28.072+0000] {dag.py:3490} INFO - Setting next_dagrun for example_dynamic_task_mapping to 2022-03-04T00:00:00+00:00, run_after=2022-03-05T00:00:00+00:00
[2026-02-25T04:54:28.083+0000] {processor.py:178} INFO - Processing /home/airflow/.local/lib/python3.7/site-packages/airflow/example_dags/example_dynamic_task_mapping.py took 0.050 seconds
[2026-02-25T04:54:58.328+0000] {processor.py:156} INFO - Started process (PID=901) to work on /home/airflow/.local/lib/python3.7/site-packages/airflow/example_dags/example_dynamic_task_mapping.py
[2026-02-25T04:54:58.329+0000] {processor.py:799} INFO - Processing file /home/airflow/.local/lib/python3.7/site-packages/airflow/example_dags/example_dynamic_task_mapping.py for tasks to queue
[2026-02-25T04:54:58.330+0000] {logging_mixin.py:149} INFO - [2026-02-25T04:54:58.330+0000] {dagbag.py:541} INFO - Filling up the DagBag from /home/airflow/.local/lib/python3.7/site-packages/airflow/example_dags/example_dynamic_task_mapping.py
[2026-02-25T04:54:58.336+0000] {processor.py:809} INFO - DAG(s) dict_keys(['example_dynamic_task_mapping']) retrieved from /home/airflow/.local/lib/python3.7/site-packages/airflow/example_dags/example_dynamic_task_mapping.py
[2026-02-25T04:54:58.356+0000] {logging_mixin.py:149} INFO - [2026-02-25T04:54:58.356+0000] {dag.py:2726} INFO - Sync 1 DAGs
[2026-02-25T04:54:58.382+0000] {logging_mixin.py:149} INFO - [2026-02-25T04:54:58.381+0000] {dag.py:3490} INFO - Setting next_dagrun for example_dynamic_task_mapping to 2022-03-04T00:00:00+00:00, run_after=2022-03-05T00:00:00+00:00
[2026-02-25T04:54:58.399+0000] {processor.py:178} INFO - Processing /home/airflow/.local/lib/python3.7/site-packages/airflow/example_dags/example_dynamic_task_mapping.py took 0.073 seconds
[2026-02-25T04:55:28.707+0000] {processor.py:156} INFO - Started process (PID=964) to work on /home/airflow/.local/lib/python3.7/site-packages/airflow/example_dags/example_dynamic_task_mapping.py
[2026-02-25T04:55:28.708+0000] {processor.py:799} INFO - Processing file /home/airflow/.local/lib/python3.7/site-packages/airflow/example_dags/example_dynamic_task_mapping.py for tasks to queue
[2026-02-25T04:55:28.709+0000] {logging_mixin.py:149} INFO - [2026-02-25T04:55:28.709+0000] {dagbag.py:541} INFO - Filling up the DagBag from /home/airflow/.local/lib/python3.7/site-packages/airflow/example_dags/example_dynamic_task_mapping.py
[2026-02-25T04:55:28.714+0000] {processor.py:809} INFO - DAG(s) dict_keys(['example_dynamic_task_mapping']) retrieved from /home/airflow/.local/lib/python3.7/site-packages/airflow/example_dags/example_dynamic_task_mapping.py
[2026-02-25T04:55:28.733+0000] {logging_mixin.py:149} INFO - [2026-02-25T04:55:28.733+0000] {dag.py:2726} INFO - Sync 1 DAGs
[2026-02-25T04:55:28.753+0000] {logging_mixin.py:149} INFO - [2026-02-25T04:55:28.753+0000] {dag.py:3490} INFO - Setting next_dagrun for example_dynamic_task_mapping to 2022-03-04T00:00:00+00:00, run_after=2022-03-05T00:00:00+00:00
[2026-02-25T04:55:28.770+0000] {processor.py:178} INFO - Processing /home/airflow/.local/lib/python3.7/site-packages/airflow/example_dags/example_dynamic_task_mapping.py took 0.066 seconds
[2026-02-25T04:55:59.357+0000] {processor.py:156} INFO - Started process (PID=1027) to work on /home/airflow/.local/lib/python3.7/site-packages/airflow/example_dags/example_dynamic_task_mapping.py
[2026-02-25T04:55:59.360+0000] {processor.py:799} INFO - Processing file /home/airflow/.local/lib/python3.7/site-packages/airflow/example_dags/example_dynamic_task_mapping.py for tasks to queue
[2026-02-25T04:55:59.361+0000] {logging_mixin.py:149} INFO - [2026-02-25T04:55:59.361+0000] {dagbag.py:541} INFO - Filling up the DagBag from /home/airflow/.local/lib/python3.7/site-packages/airflow/example_dags/example_dynamic_task_mapping.py
[2026-02-25T04:55:59.371+0000] {processor.py:809} INFO - DAG(s) dict_keys(['example_dynamic_task_mapping']) retrieved from /home/airflow/.local/lib/python3.7/site-packages/airflow/example_dags/example_dynamic_task_mapping.py
[2026-02-25T04:55:59.395+0000] {logging_mixin.py:149} INFO - [2026-02-25T04:55:59.394+0000] {dag.py:2726} INFO - Sync 1 DAGs
[2026-02-25T04:55:59.414+0000] {logging_mixin.py:149} INFO - [2026-02-25T04:55:59.414+0000] {dag.py:3490} INFO - Setting next_dagrun for example_dynamic_task_mapping to 2022-03-04T00:00:00+00:00, run_after=2022-03-05T00:00:00+00:00
[2026-02-25T04:55:59.428+0000] {processor.py:178} INFO - Processing /home/airflow/.local/lib/python3.7/site-packages/airflow/example_dags/example_dynamic_task_mapping.py took 0.075 seconds
[2026-02-25T04:56:29.769+0000] {processor.py:156} INFO - Started process (PID=1090) to work on /home/airflow/.local/lib/python3.7/site-packages/airflow/example_dags/example_dynamic_task_mapping.py
[2026-02-25T04:56:29.770+0000] {processor.py:799} INFO - Processing file /home/airflow/.local/lib/python3.7/site-packages/airflow/example_dags/example_dynamic_task_mapping.py for tasks to queue
[2026-02-25T04:56:29.771+0000] {logging_mixin.py:149} INFO - [2026-02-25T04:56:29.771+0000] {dagbag.py:541} INFO - Filling up the DagBag from /home/airflow/.local/lib/python3.7/site-packages/airflow/example_dags/example_dynamic_task_mapping.py
[2026-02-25T04:56:29.776+0000] {processor.py:809} INFO - DAG(s) dict_keys(['example_dynamic_task_mapping']) retrieved from /home/airflow/.local/lib/python3.7/site-packages/airflow/example_dags/example_dynamic_task_mapping.py
[2026-02-25T04:56:29.793+0000] {logging_mixin.py:149} INFO - [2026-02-25T04:56:29.792+0000] {dag.py:2726} INFO - Sync 1 DAGs
[2026-02-25T04:56:29.811+0000] {logging_mixin.py:149} INFO - [2026-02-25T04:56:29.811+0000] {dag.py:3490} INFO - Setting next_dagrun for example_dynamic_task_mapping to 2022-03-04T00:00:00+00:00, run_after=2022-03-05T00:00:00+00:00
[2026-02-25T04:56:29.830+0000] {processor.py:178} INFO - Processing /home/airflow/.local/lib/python3.7/site-packages/airflow/example_dags/example_dynamic_task_mapping.py took 0.063 seconds
[2026-02-25T04:57:00.424+0000] {processor.py:156} INFO - Started process (PID=1153) to work on /home/airflow/.local/lib/python3.7/site-packages/airflow/example_dags/example_dynamic_task_mapping.py
[2026-02-25T04:57:00.426+0000] {processor.py:799} INFO - Processing file /home/airflow/.local/lib/python3.7/site-packages/airflow/example_dags/example_dynamic_task_mapping.py for tasks to queue
[2026-02-25T04:57:00.427+0000] {logging_mixin.py:149} INFO - [2026-02-25T04:57:00.427+0000] {dagbag.py:541} INFO - Filling up the DagBag from /home/airflow/.local/lib/python3.7/site-packages/airflow/example_dags/example_dynamic_task_mapping.py
[2026-02-25T04:57:00.431+0000] {processor.py:809} INFO - DAG(s) dict_keys(['example_dynamic_task_mapping']) retrieved from /home/airflow/.local/lib/python3.7/site-packages/airflow/example_dags/example_dynamic_task_mapping.py
[2026-02-25T04:57:00.452+0000] {logging_mixin.py:149} INFO - [2026-02-25T04:57:00.452+0000] {dag.py:2726} INFO - Sync 1 DAGs
[2026-02-25T04:57:00.474+0000] {logging_mixin.py:149} INFO - [2026-02-25T04:57:00.474+0000] {dag.py:3490} INFO - Setting next_dagrun for example_dynamic_task_mapping to 2022-03-04T00:00:00+00:00, run_after=2022-03-05T00:00:00+00:00
[2026-02-25T04:57:00.486+0000] {processor.py:178} INFO - Processing /home/airflow/.local/lib/python3.7/site-packages/airflow/example_dags/example_dynamic_task_mapping.py took 0.065 seconds
[2026-02-25T04:57:30.687+0000] {processor.py:156} INFO - Started process (PID=1216) to work on /home/airflow/.local/lib/python3.7/site-packages/airflow/example_dags/example_dynamic_task_mapping.py
[2026-02-25T04:57:30.689+0000] {processor.py:799} INFO - Processing file /home/airflow/.local/lib/python3.7/site-packages/airflow/example_dags/example_dynamic_task_mapping.py for tasks to queue
[2026-02-25T04:57:30.689+0000] {logging_mixin.py:149} INFO - [2026-02-25T04:57:30.689+0000] {dagbag.py:541} INFO - Filling up the DagBag from /home/airflow/.local/lib/python3.7/site-packages/airflow/example_dags/example_dynamic_task_mapping.py
[2026-02-25T04:57:30.694+0000] {processor.py:809} INFO - DAG(s) dict_keys(['example_dynamic_task_mapping']) retrieved from /home/airflow/.local/lib/python3.7/site-packages/airflow/example_dags/example_dynamic_task_mapping.py
[2026-02-25T04:57:30.713+0000] {logging_mixin.py:149} INFO - [2026-02-25T04:57:30.713+0000] {dag.py:2726} INFO - Sync 1 DAGs
[2026-02-25T04:57:30.733+0000] {logging_mixin.py:149} INFO - [2026-02-25T04:57:30.733+0000] {dag.py:3490} INFO - Setting next_dagrun for example_dynamic_task_mapping to 2022-03-04T00:00:00+00:00, run_after=2022-03-05T00:00:00+00:00
[2026-02-25T04:57:30.755+0000] {processor.py:178} INFO - Processing /home/airflow/.local/lib/python3.7/site-packages/airflow/example_dags/example_dynamic_task_mapping.py took 0.070 seconds
[2026-02-25T04:58:01.088+0000] {processor.py:156} INFO - Started process (PID=1279) to work on /home/airflow/.local/lib/python3.7/site-packages/airflow/example_dags/example_dynamic_task_mapping.py
[2026-02-25T04:58:01.091+0000] {processor.py:799} INFO - Processing file /home/airflow/.local/lib/python3.7/site-packages/airflow/example_dags/example_dynamic_task_mapping.py for tasks to queue
[2026-02-25T04:58:01.091+0000] {logging_mixin.py:149} INFO - [2026-02-25T04:58:01.091+0000] {dagbag.py:541} INFO - Filling up the DagBag from /home/airflow/.local/lib/python3.7/site-packages/airflow/example_dags/example_dynamic_task_mapping.py
[2026-02-25T04:58:01.096+0000] {processor.py:809} INFO - DAG(s) dict_keys(['example_dynamic_task_mapping']) retrieved from /home/airflow/.local/lib/python3.7/site-packages/airflow/example_dags/example_dynamic_task_mapping.py
[2026-02-25T04:58:01.112+0000] {logging_mixin.py:149} INFO - [2026-02-25T04:58:01.112+0000] {dag.py:2726} INFO - Sync 1 DAGs
[2026-02-25T04:58:01.132+0000] {logging_mixin.py:149} INFO - [2026-02-25T04:58:01.132+0000] {dag.py:3490} INFO - Setting next_dagrun for example_dynamic_task_mapping to 2022-03-04T00:00:00+00:00, run_after=2022-03-05T00:00:00+00:00
[2026-02-25T04:58:01.146+0000] {processor.py:178} INFO - Processing /home/airflow/.local/lib/python3.7/site-packages/airflow/example_dags/example_dynamic_task_mapping.py took 0.061 seconds
[2026-02-25T04:58:31.844+0000] {processor.py:156} INFO - Started process (PID=1342) to work on /home/airflow/.local/lib/python3.7/site-packages/airflow/example_dags/example_dynamic_task_mapping.py
[2026-02-25T04:58:31.846+0000] {processor.py:799} INFO - Processing file /home/airflow/.local/lib/python3.7/site-packages/airflow/example_dags/example_dynamic_task_mapping.py for tasks to queue
[2026-02-25T04:58:31.846+0000] {logging_mixin.py:149} INFO - [2026-02-25T04:58:31.846+0000] {dagbag.py:541} INFO - Filling up the DagBag from /home/airflow/.local/lib/python3.7/site-packages/airflow/example_dags/example_dynamic_task_mapping.py
[2026-02-25T04:58:31.852+0000] {processor.py:809} INFO - DAG(s) dict_keys(['example_dynamic_task_mapping']) retrieved from /home/airflow/.local/lib/python3.7/site-packages/airflow/example_dags/example_dynamic_task_mapping.py
[2026-02-25T04:58:31.868+0000] {logging_mixin.py:149} INFO - [2026-02-25T04:58:31.868+0000] {dag.py:2726} INFO - Sync 1 DAGs
[2026-02-25T04:58:31.888+0000] {logging_mixin.py:149} INFO - [2026-02-25T04:58:31.888+0000] {dag.py:3490} INFO - Setting next_dagrun for example_dynamic_task_mapping to 2022-03-04T00:00:00+00:00, run_after=2022-03-05T00:00:00+00:00
[2026-02-25T04:58:31.909+0000] {processor.py:178} INFO - Processing /home/airflow/.local/lib/python3.7/site-packages/airflow/example_dags/example_dynamic_task_mapping.py took 0.067 seconds
[2026-02-25T04:59:02.436+0000] {processor.py:156} INFO - Started process (PID=1404) to work on /home/airflow/.local/lib/python3.7/site-packages/airflow/example_dags/example_dynamic_task_mapping.py
[2026-02-25T04:59:02.437+0000] {processor.py:799} INFO - Processing file /home/airflow/.local/lib/python3.7/site-packages/airflow/example_dags/example_dynamic_task_mapping.py for tasks to queue
[2026-02-25T04:59:02.437+0000] {logging_mixin.py:149} INFO - [2026-02-25T04:59:02.437+0000] {dagbag.py:541} INFO - Filling up the DagBag from /home/airflow/.local/lib/python3.7/site-packages/airflow/example_dags/example_dynamic_task_mapping.py
[2026-02-25T04:59:02.443+0000] {processor.py:809} INFO - DAG(s) dict_keys(['example_dynamic_task_mapping']) retrieved from /home/airflow/.local/lib/python3.7/site-packages/airflow/example_dags/example_dynamic_task_mapping.py
[2026-02-25T04:59:02.467+0000] {logging_mixin.py:149} INFO - [2026-02-25T04:59:02.467+0000] {dag.py:2726} INFO - Sync 1 DAGs
[2026-02-25T04:59:02.490+0000] {logging_mixin.py:149} INFO - [2026-02-25T04:59:02.489+0000] {dag.py:3490} INFO - Setting next_dagrun for example_dynamic_task_mapping to 2022-03-04T00:00:00+00:00, run_after=2022-03-05T00:00:00+00:00
[2026-02-25T04:59:02.502+0000] {processor.py:178} INFO - Processing /home/airflow/.local/lib/python3.7/site-packages/airflow/example_dags/example_dynamic_task_mapping.py took 0.068 seconds
[2026-02-25T04:59:33.243+0000] {processor.py:156} INFO - Started process (PID=1467) to work on /home/airflow/.local/lib/python3.7/site-packages/airflow/example_dags/example_dynamic_task_mapping.py
[2026-02-25T04:59:33.244+0000] {processor.py:799} INFO - Processing file /home/airflow/.local/lib/python3.7/site-packages/airflow/example_dags/example_dynamic_task_mapping.py for tasks to queue
[2026-02-25T04:59:33.245+0000] {logging_mixin.py:149} INFO - [2026-02-25T04:59:33.245+0000] {dagbag.py:541} INFO - Filling up the DagBag from /home/airflow/.local/lib/python3.7/site-packages/airflow/example_dags/example_dynamic_task_mapping.py
[2026-02-25T04:59:33.252+0000] {processor.py:809} INFO - DAG(s) dict_keys(['example_dynamic_task_mapping']) retrieved from /home/airflow/.local/lib/python3.7/site-packages/airflow/example_dags/example_dynamic_task_mapping.py
[2026-02-25T04:59:33.275+0000] {logging_mixin.py:149} INFO - [2026-02-25T04:59:33.274+0000] {dag.py:2726} INFO - Sync 1 DAGs
[2026-02-25T04:59:33.298+0000] {logging_mixin.py:149} INFO - [2026-02-25T04:59:33.297+0000] {dag.py:3490} INFO - Setting next_dagrun for example_dynamic_task_mapping to 2022-03-04T00:00:00+00:00, run_after=2022-03-05T00:00:00+00:00
[2026-02-25T04:59:33.314+0000] {processor.py:178} INFO - Processing /home/airflow/.local/lib/python3.7/site-packages/airflow/example_dags/example_dynamic_task_mapping.py took 0.076 seconds
