[2026-02-25T04:40:41.840+0000] {processor.py:156} INFO - Started process (PID=85) to work on /home/airflow/.local/lib/python3.7/site-packages/airflow/example_dags/example_xcom.py
[2026-02-25T04:40:41.841+0000] {processor.py:799} INFO - Processing file /home/airflow/.local/lib/python3.7/site-packages/airflow/example_dags/example_xcom.py for tasks to queue
[2026-02-25T04:40:41.843+0000] {logging_mixin.py:149} INFO - [2026-02-25T04:40:41.843+0000] {dagbag.py:541} INFO - Filling up the DagBag from /home/airflow/.local/lib/python3.7/site-packages/airflow/example_dags/example_xcom.py
[2026-02-25T04:40:41.848+0000] {processor.py:809} INFO - DAG(s) dict_keys(['example_xcom']) retrieved from /home/airflow/.local/lib/python3.7/site-packages/airflow/example_dags/example_xcom.py
[2026-02-25T04:40:41.931+0000] {logging_mixin.py:149} INFO - [2026-02-25T04:40:41.931+0000] {manager.py:504} INFO - Created Permission View: can edit on DAG:example_xcom
[2026-02-25T04:40:41.936+0000] {logging_mixin.py:149} INFO - [2026-02-25T04:40:41.936+0000] {manager.py:504} INFO - Created Permission View: can delete on DAG:example_xcom
[2026-02-25T04:40:41.940+0000] {logging_mixin.py:149} INFO - [2026-02-25T04:40:41.940+0000] {manager.py:504} INFO - Created Permission View: can read on DAG:example_xcom
[2026-02-25T04:40:41.940+0000] {logging_mixin.py:149} INFO - [2026-02-25T04:40:41.940+0000] {dag.py:2726} INFO - Sync 1 DAGs
[2026-02-25T04:40:41.949+0000] {logging_mixin.py:149} INFO - [2026-02-25T04:40:41.948+0000] {dag.py:2747} INFO - Creating ORM DAG for example_xcom
[2026-02-25T04:40:41.956+0000] {logging_mixin.py:149} INFO - [2026-02-25T04:40:41.956+0000] {dag.py:3490} INFO - Setting next_dagrun for example_xcom to 2021-01-01T00:00:00+00:00, run_after=2021-01-01T00:00:00+00:00
[2026-02-25T04:40:41.973+0000] {processor.py:178} INFO - Processing /home/airflow/.local/lib/python3.7/site-packages/airflow/example_dags/example_xcom.py took 0.134 seconds
[2026-02-25T04:41:12.114+0000] {processor.py:156} INFO - Started process (PID=148) to work on /home/airflow/.local/lib/python3.7/site-packages/airflow/example_dags/example_xcom.py
[2026-02-25T04:41:12.116+0000] {processor.py:799} INFO - Processing file /home/airflow/.local/lib/python3.7/site-packages/airflow/example_dags/example_xcom.py for tasks to queue
[2026-02-25T04:41:12.116+0000] {logging_mixin.py:149} INFO - [2026-02-25T04:41:12.116+0000] {dagbag.py:541} INFO - Filling up the DagBag from /home/airflow/.local/lib/python3.7/site-packages/airflow/example_dags/example_xcom.py
[2026-02-25T04:41:12.121+0000] {processor.py:809} INFO - DAG(s) dict_keys(['example_xcom']) retrieved from /home/airflow/.local/lib/python3.7/site-packages/airflow/example_dags/example_xcom.py
[2026-02-25T04:41:12.140+0000] {logging_mixin.py:149} INFO - [2026-02-25T04:41:12.140+0000] {dag.py:2726} INFO - Sync 1 DAGs
[2026-02-25T04:41:12.159+0000] {logging_mixin.py:149} INFO - [2026-02-25T04:41:12.159+0000] {dag.py:3490} INFO - Setting next_dagrun for example_xcom to 2021-01-01T00:00:00+00:00, run_after=2021-01-01T00:00:00+00:00
[2026-02-25T04:41:12.175+0000] {processor.py:178} INFO - Processing /home/airflow/.local/lib/python3.7/site-packages/airflow/example_dags/example_xcom.py took 0.063 seconds
[2026-02-25T04:41:43.155+0000] {processor.py:156} INFO - Started process (PID=211) to work on /home/airflow/.local/lib/python3.7/site-packages/airflow/example_dags/example_xcom.py
[2026-02-25T04:41:43.156+0000] {processor.py:799} INFO - Processing file /home/airflow/.local/lib/python3.7/site-packages/airflow/example_dags/example_xcom.py for tasks to queue
[2026-02-25T04:41:43.157+0000] {logging_mixin.py:149} INFO - [2026-02-25T04:41:43.156+0000] {dagbag.py:541} INFO - Filling up the DagBag from /home/airflow/.local/lib/python3.7/site-packages/airflow/example_dags/example_xcom.py
[2026-02-25T04:41:43.164+0000] {processor.py:809} INFO - DAG(s) dict_keys(['example_xcom']) retrieved from /home/airflow/.local/lib/python3.7/site-packages/airflow/example_dags/example_xcom.py
[2026-02-25T04:41:43.186+0000] {logging_mixin.py:149} INFO - [2026-02-25T04:41:43.186+0000] {dag.py:2726} INFO - Sync 1 DAGs
[2026-02-25T04:41:43.204+0000] {logging_mixin.py:149} INFO - [2026-02-25T04:41:43.204+0000] {dag.py:3490} INFO - Setting next_dagrun for example_xcom to 2021-01-01T00:00:00+00:00, run_after=2021-01-01T00:00:00+00:00
[2026-02-25T04:41:43.225+0000] {processor.py:178} INFO - Processing /home/airflow/.local/lib/python3.7/site-packages/airflow/example_dags/example_xcom.py took 0.074 seconds
[2026-02-25T04:42:14.207+0000] {processor.py:156} INFO - Started process (PID=274) to work on /home/airflow/.local/lib/python3.7/site-packages/airflow/example_dags/example_xcom.py
[2026-02-25T04:42:14.208+0000] {processor.py:799} INFO - Processing file /home/airflow/.local/lib/python3.7/site-packages/airflow/example_dags/example_xcom.py for tasks to queue
[2026-02-25T04:42:14.209+0000] {logging_mixin.py:149} INFO - [2026-02-25T04:42:14.208+0000] {dagbag.py:541} INFO - Filling up the DagBag from /home/airflow/.local/lib/python3.7/site-packages/airflow/example_dags/example_xcom.py
[2026-02-25T04:42:14.216+0000] {processor.py:809} INFO - DAG(s) dict_keys(['example_xcom']) retrieved from /home/airflow/.local/lib/python3.7/site-packages/airflow/example_dags/example_xcom.py
[2026-02-25T04:42:14.238+0000] {logging_mixin.py:149} INFO - [2026-02-25T04:42:14.238+0000] {dag.py:2726} INFO - Sync 1 DAGs
[2026-02-25T04:42:14.256+0000] {logging_mixin.py:149} INFO - [2026-02-25T04:42:14.256+0000] {dag.py:3490} INFO - Setting next_dagrun for example_xcom to 2021-01-01T00:00:00+00:00, run_after=2021-01-01T00:00:00+00:00
[2026-02-25T04:42:14.269+0000] {processor.py:178} INFO - Processing /home/airflow/.local/lib/python3.7/site-packages/airflow/example_dags/example_xcom.py took 0.064 seconds
[2026-02-25T04:42:44.853+0000] {processor.py:156} INFO - Started process (PID=337) to work on /home/airflow/.local/lib/python3.7/site-packages/airflow/example_dags/example_xcom.py
[2026-02-25T04:42:44.855+0000] {processor.py:799} INFO - Processing file /home/airflow/.local/lib/python3.7/site-packages/airflow/example_dags/example_xcom.py for tasks to queue
[2026-02-25T04:42:44.856+0000] {logging_mixin.py:149} INFO - [2026-02-25T04:42:44.856+0000] {dagbag.py:541} INFO - Filling up the DagBag from /home/airflow/.local/lib/python3.7/site-packages/airflow/example_dags/example_xcom.py
[2026-02-25T04:42:44.861+0000] {processor.py:809} INFO - DAG(s) dict_keys(['example_xcom']) retrieved from /home/airflow/.local/lib/python3.7/site-packages/airflow/example_dags/example_xcom.py
[2026-02-25T04:42:44.883+0000] {logging_mixin.py:149} INFO - [2026-02-25T04:42:44.882+0000] {dag.py:2726} INFO - Sync 1 DAGs
[2026-02-25T04:42:44.904+0000] {logging_mixin.py:149} INFO - [2026-02-25T04:42:44.904+0000] {dag.py:3490} INFO - Setting next_dagrun for example_xcom to 2021-01-01T00:00:00+00:00, run_after=2021-01-01T00:00:00+00:00
[2026-02-25T04:42:44.923+0000] {processor.py:178} INFO - Processing /home/airflow/.local/lib/python3.7/site-packages/airflow/example_dags/example_xcom.py took 0.073 seconds
[2026-02-25T04:48:22.810+0000] {processor.py:156} INFO - Started process (PID=77) to work on /home/airflow/.local/lib/python3.7/site-packages/airflow/example_dags/example_xcom.py
[2026-02-25T04:48:22.813+0000] {processor.py:799} INFO - Processing file /home/airflow/.local/lib/python3.7/site-packages/airflow/example_dags/example_xcom.py for tasks to queue
[2026-02-25T04:48:22.814+0000] {logging_mixin.py:149} INFO - [2026-02-25T04:48:22.814+0000] {dagbag.py:541} INFO - Filling up the DagBag from /home/airflow/.local/lib/python3.7/site-packages/airflow/example_dags/example_xcom.py
[2026-02-25T04:48:22.829+0000] {processor.py:809} INFO - DAG(s) dict_keys(['example_xcom']) retrieved from /home/airflow/.local/lib/python3.7/site-packages/airflow/example_dags/example_xcom.py
[2026-02-25T04:48:22.842+0000] {logging_mixin.py:149} INFO - [2026-02-25T04:48:22.842+0000] {dag.py:2726} INFO - Sync 1 DAGs
[2026-02-25T04:48:22.869+0000] {logging_mixin.py:149} INFO - [2026-02-25T04:48:22.869+0000] {dag.py:3490} INFO - Setting next_dagrun for example_xcom to 2021-01-01T00:00:00+00:00, run_after=2021-01-01T00:00:00+00:00
[2026-02-25T04:48:22.888+0000] {processor.py:178} INFO - Processing /home/airflow/.local/lib/python3.7/site-packages/airflow/example_dags/example_xcom.py took 0.085 seconds
[2026-02-25T04:48:53.362+0000] {processor.py:156} INFO - Started process (PID=140) to work on /home/airflow/.local/lib/python3.7/site-packages/airflow/example_dags/example_xcom.py
[2026-02-25T04:48:53.364+0000] {processor.py:799} INFO - Processing file /home/airflow/.local/lib/python3.7/site-packages/airflow/example_dags/example_xcom.py for tasks to queue
[2026-02-25T04:48:53.365+0000] {logging_mixin.py:149} INFO - [2026-02-25T04:48:53.365+0000] {dagbag.py:541} INFO - Filling up the DagBag from /home/airflow/.local/lib/python3.7/site-packages/airflow/example_dags/example_xcom.py
[2026-02-25T04:48:53.371+0000] {processor.py:809} INFO - DAG(s) dict_keys(['example_xcom']) retrieved from /home/airflow/.local/lib/python3.7/site-packages/airflow/example_dags/example_xcom.py
[2026-02-25T04:48:53.392+0000] {logging_mixin.py:149} INFO - [2026-02-25T04:48:53.392+0000] {dag.py:2726} INFO - Sync 1 DAGs
[2026-02-25T04:48:53.415+0000] {logging_mixin.py:149} INFO - [2026-02-25T04:48:53.415+0000] {dag.py:3490} INFO - Setting next_dagrun for example_xcom to 2021-01-01T00:00:00+00:00, run_after=2021-01-01T00:00:00+00:00
[2026-02-25T04:48:53.433+0000] {processor.py:178} INFO - Processing /home/airflow/.local/lib/python3.7/site-packages/airflow/example_dags/example_xcom.py took 0.073 seconds
[2026-02-25T04:49:23.904+0000] {processor.py:156} INFO - Started process (PID=210) to work on /home/airflow/.local/lib/python3.7/site-packages/airflow/example_dags/example_xcom.py
[2026-02-25T04:49:23.905+0000] {processor.py:799} INFO - Processing file /home/airflow/.local/lib/python3.7/site-packages/airflow/example_dags/example_xcom.py for tasks to queue
[2026-02-25T04:49:23.905+0000] {logging_mixin.py:149} INFO - [2026-02-25T04:49:23.905+0000] {dagbag.py:541} INFO - Filling up the DagBag from /home/airflow/.local/lib/python3.7/site-packages/airflow/example_dags/example_xcom.py
[2026-02-25T04:49:23.911+0000] {processor.py:809} INFO - DAG(s) dict_keys(['example_xcom']) retrieved from /home/airflow/.local/lib/python3.7/site-packages/airflow/example_dags/example_xcom.py
[2026-02-25T04:49:23.938+0000] {logging_mixin.py:149} INFO - [2026-02-25T04:49:23.938+0000] {dag.py:2726} INFO - Sync 1 DAGs
[2026-02-25T04:49:23.955+0000] {logging_mixin.py:149} INFO - [2026-02-25T04:49:23.955+0000] {dag.py:3490} INFO - Setting next_dagrun for example_xcom to 2021-01-01T00:00:00+00:00, run_after=2021-01-01T00:00:00+00:00
[2026-02-25T04:49:23.975+0000] {processor.py:178} INFO - Processing /home/airflow/.local/lib/python3.7/site-packages/airflow/example_dags/example_xcom.py took 0.073 seconds
[2026-02-25T04:49:54.454+0000] {processor.py:156} INFO - Started process (PID=273) to work on /home/airflow/.local/lib/python3.7/site-packages/airflow/example_dags/example_xcom.py
[2026-02-25T04:49:54.455+0000] {processor.py:799} INFO - Processing file /home/airflow/.local/lib/python3.7/site-packages/airflow/example_dags/example_xcom.py for tasks to queue
[2026-02-25T04:49:54.456+0000] {logging_mixin.py:149} INFO - [2026-02-25T04:49:54.455+0000] {dagbag.py:541} INFO - Filling up the DagBag from /home/airflow/.local/lib/python3.7/site-packages/airflow/example_dags/example_xcom.py
[2026-02-25T04:49:54.461+0000] {processor.py:809} INFO - DAG(s) dict_keys(['example_xcom']) retrieved from /home/airflow/.local/lib/python3.7/site-packages/airflow/example_dags/example_xcom.py
[2026-02-25T04:49:54.484+0000] {logging_mixin.py:149} INFO - [2026-02-25T04:49:54.483+0000] {dag.py:2726} INFO - Sync 1 DAGs
[2026-02-25T04:49:54.503+0000] {logging_mixin.py:149} INFO - [2026-02-25T04:49:54.503+0000] {dag.py:3490} INFO - Setting next_dagrun for example_xcom to 2021-01-01T00:00:00+00:00, run_after=2021-01-01T00:00:00+00:00
[2026-02-25T04:49:54.522+0000] {processor.py:178} INFO - Processing /home/airflow/.local/lib/python3.7/site-packages/airflow/example_dags/example_xcom.py took 0.070 seconds
[2026-02-25T04:50:24.895+0000] {processor.py:156} INFO - Started process (PID=336) to work on /home/airflow/.local/lib/python3.7/site-packages/airflow/example_dags/example_xcom.py
[2026-02-25T04:50:24.895+0000] {processor.py:799} INFO - Processing file /home/airflow/.local/lib/python3.7/site-packages/airflow/example_dags/example_xcom.py for tasks to queue
[2026-02-25T04:50:24.896+0000] {logging_mixin.py:149} INFO - [2026-02-25T04:50:24.895+0000] {dagbag.py:541} INFO - Filling up the DagBag from /home/airflow/.local/lib/python3.7/site-packages/airflow/example_dags/example_xcom.py
[2026-02-25T04:50:24.901+0000] {processor.py:809} INFO - DAG(s) dict_keys(['example_xcom']) retrieved from /home/airflow/.local/lib/python3.7/site-packages/airflow/example_dags/example_xcom.py
[2026-02-25T04:50:24.924+0000] {logging_mixin.py:149} INFO - [2026-02-25T04:50:24.924+0000] {dag.py:2726} INFO - Sync 1 DAGs
[2026-02-25T04:50:24.943+0000] {logging_mixin.py:149} INFO - [2026-02-25T04:50:24.943+0000] {dag.py:3490} INFO - Setting next_dagrun for example_xcom to 2021-01-01T00:00:00+00:00, run_after=2021-01-01T00:00:00+00:00
[2026-02-25T04:50:24.957+0000] {processor.py:178} INFO - Processing /home/airflow/.local/lib/python3.7/site-packages/airflow/example_dags/example_xcom.py took 0.064 seconds
[2026-02-25T04:50:55.131+0000] {processor.py:156} INFO - Started process (PID=399) to work on /home/airflow/.local/lib/python3.7/site-packages/airflow/example_dags/example_xcom.py
[2026-02-25T04:50:55.132+0000] {processor.py:799} INFO - Processing file /home/airflow/.local/lib/python3.7/site-packages/airflow/example_dags/example_xcom.py for tasks to queue
[2026-02-25T04:50:55.133+0000] {logging_mixin.py:149} INFO - [2026-02-25T04:50:55.133+0000] {dagbag.py:541} INFO - Filling up the DagBag from /home/airflow/.local/lib/python3.7/site-packages/airflow/example_dags/example_xcom.py
[2026-02-25T04:50:55.137+0000] {processor.py:809} INFO - DAG(s) dict_keys(['example_xcom']) retrieved from /home/airflow/.local/lib/python3.7/site-packages/airflow/example_dags/example_xcom.py
[2026-02-25T04:50:55.155+0000] {logging_mixin.py:149} INFO - [2026-02-25T04:50:55.155+0000] {dag.py:2726} INFO - Sync 1 DAGs
[2026-02-25T04:50:55.171+0000] {logging_mixin.py:149} INFO - [2026-02-25T04:50:55.170+0000] {dag.py:3490} INFO - Setting next_dagrun for example_xcom to 2021-01-01T00:00:00+00:00, run_after=2021-01-01T00:00:00+00:00
[2026-02-25T04:50:55.185+0000] {processor.py:178} INFO - Processing /home/airflow/.local/lib/python3.7/site-packages/airflow/example_dags/example_xcom.py took 0.056 seconds
[2026-02-25T04:51:25.364+0000] {processor.py:156} INFO - Started process (PID=462) to work on /home/airflow/.local/lib/python3.7/site-packages/airflow/example_dags/example_xcom.py
[2026-02-25T04:51:25.366+0000] {processor.py:799} INFO - Processing file /home/airflow/.local/lib/python3.7/site-packages/airflow/example_dags/example_xcom.py for tasks to queue
[2026-02-25T04:51:25.366+0000] {logging_mixin.py:149} INFO - [2026-02-25T04:51:25.366+0000] {dagbag.py:541} INFO - Filling up the DagBag from /home/airflow/.local/lib/python3.7/site-packages/airflow/example_dags/example_xcom.py
[2026-02-25T04:51:25.370+0000] {processor.py:809} INFO - DAG(s) dict_keys(['example_xcom']) retrieved from /home/airflow/.local/lib/python3.7/site-packages/airflow/example_dags/example_xcom.py
[2026-02-25T04:51:25.395+0000] {logging_mixin.py:149} INFO - [2026-02-25T04:51:25.394+0000] {dag.py:2726} INFO - Sync 1 DAGs
[2026-02-25T04:51:25.412+0000] {logging_mixin.py:149} INFO - [2026-02-25T04:51:25.412+0000] {dag.py:3490} INFO - Setting next_dagrun for example_xcom to 2021-01-01T00:00:00+00:00, run_after=2021-01-01T00:00:00+00:00
[2026-02-25T04:51:25.431+0000] {processor.py:178} INFO - Processing /home/airflow/.local/lib/python3.7/site-packages/airflow/example_dags/example_xcom.py took 0.069 seconds
[2026-02-25T04:51:55.702+0000] {processor.py:156} INFO - Started process (PID=525) to work on /home/airflow/.local/lib/python3.7/site-packages/airflow/example_dags/example_xcom.py
[2026-02-25T04:51:55.702+0000] {processor.py:799} INFO - Processing file /home/airflow/.local/lib/python3.7/site-packages/airflow/example_dags/example_xcom.py for tasks to queue
[2026-02-25T04:51:55.706+0000] {logging_mixin.py:149} INFO - [2026-02-25T04:51:55.706+0000] {dagbag.py:541} INFO - Filling up the DagBag from /home/airflow/.local/lib/python3.7/site-packages/airflow/example_dags/example_xcom.py
[2026-02-25T04:51:55.710+0000] {processor.py:809} INFO - DAG(s) dict_keys(['example_xcom']) retrieved from /home/airflow/.local/lib/python3.7/site-packages/airflow/example_dags/example_xcom.py
[2026-02-25T04:51:55.728+0000] {logging_mixin.py:149} INFO - [2026-02-25T04:51:55.728+0000] {dag.py:2726} INFO - Sync 1 DAGs
[2026-02-25T04:51:55.748+0000] {logging_mixin.py:149} INFO - [2026-02-25T04:51:55.747+0000] {dag.py:3490} INFO - Setting next_dagrun for example_xcom to 2021-01-01T00:00:00+00:00, run_after=2021-01-01T00:00:00+00:00
[2026-02-25T04:51:55.765+0000] {processor.py:178} INFO - Processing /home/airflow/.local/lib/python3.7/site-packages/airflow/example_dags/example_xcom.py took 0.066 seconds
[2026-02-25T04:52:26.150+0000] {processor.py:156} INFO - Started process (PID=588) to work on /home/airflow/.local/lib/python3.7/site-packages/airflow/example_dags/example_xcom.py
[2026-02-25T04:52:26.151+0000] {processor.py:799} INFO - Processing file /home/airflow/.local/lib/python3.7/site-packages/airflow/example_dags/example_xcom.py for tasks to queue
[2026-02-25T04:52:26.151+0000] {logging_mixin.py:149} INFO - [2026-02-25T04:52:26.151+0000] {dagbag.py:541} INFO - Filling up the DagBag from /home/airflow/.local/lib/python3.7/site-packages/airflow/example_dags/example_xcom.py
[2026-02-25T04:52:26.156+0000] {processor.py:809} INFO - DAG(s) dict_keys(['example_xcom']) retrieved from /home/airflow/.local/lib/python3.7/site-packages/airflow/example_dags/example_xcom.py
[2026-02-25T04:52:26.173+0000] {logging_mixin.py:149} INFO - [2026-02-25T04:52:26.173+0000] {dag.py:2726} INFO - Sync 1 DAGs
[2026-02-25T04:52:26.190+0000] {logging_mixin.py:149} INFO - [2026-02-25T04:52:26.190+0000] {dag.py:3490} INFO - Setting next_dagrun for example_xcom to 2021-01-01T00:00:00+00:00, run_after=2021-01-01T00:00:00+00:00
[2026-02-25T04:52:26.211+0000] {processor.py:178} INFO - Processing /home/airflow/.local/lib/python3.7/site-packages/airflow/example_dags/example_xcom.py took 0.063 seconds
[2026-02-25T04:52:56.615+0000] {processor.py:156} INFO - Started process (PID=651) to work on /home/airflow/.local/lib/python3.7/site-packages/airflow/example_dags/example_xcom.py
[2026-02-25T04:52:56.616+0000] {processor.py:799} INFO - Processing file /home/airflow/.local/lib/python3.7/site-packages/airflow/example_dags/example_xcom.py for tasks to queue
[2026-02-25T04:52:56.618+0000] {logging_mixin.py:149} INFO - [2026-02-25T04:52:56.618+0000] {dagbag.py:541} INFO - Filling up the DagBag from /home/airflow/.local/lib/python3.7/site-packages/airflow/example_dags/example_xcom.py
[2026-02-25T04:52:56.623+0000] {processor.py:809} INFO - DAG(s) dict_keys(['example_xcom']) retrieved from /home/airflow/.local/lib/python3.7/site-packages/airflow/example_dags/example_xcom.py
[2026-02-25T04:52:56.639+0000] {logging_mixin.py:149} INFO - [2026-02-25T04:52:56.638+0000] {dag.py:2726} INFO - Sync 1 DAGs
[2026-02-25T04:52:56.661+0000] {logging_mixin.py:149} INFO - [2026-02-25T04:52:56.661+0000] {dag.py:3490} INFO - Setting next_dagrun for example_xcom to 2021-01-01T00:00:00+00:00, run_after=2021-01-01T00:00:00+00:00
[2026-02-25T04:52:56.675+0000] {processor.py:178} INFO - Processing /home/airflow/.local/lib/python3.7/site-packages/airflow/example_dags/example_xcom.py took 0.063 seconds
[2026-02-25T04:53:27.332+0000] {processor.py:156} INFO - Started process (PID=714) to work on /home/airflow/.local/lib/python3.7/site-packages/airflow/example_dags/example_xcom.py
[2026-02-25T04:53:27.333+0000] {processor.py:799} INFO - Processing file /home/airflow/.local/lib/python3.7/site-packages/airflow/example_dags/example_xcom.py for tasks to queue
[2026-02-25T04:53:27.336+0000] {logging_mixin.py:149} INFO - [2026-02-25T04:53:27.336+0000] {dagbag.py:541} INFO - Filling up the DagBag from /home/airflow/.local/lib/python3.7/site-packages/airflow/example_dags/example_xcom.py
[2026-02-25T04:53:27.341+0000] {processor.py:809} INFO - DAG(s) dict_keys(['example_xcom']) retrieved from /home/airflow/.local/lib/python3.7/site-packages/airflow/example_dags/example_xcom.py
[2026-02-25T04:53:27.362+0000] {logging_mixin.py:149} INFO - [2026-02-25T04:53:27.362+0000] {dag.py:2726} INFO - Sync 1 DAGs
[2026-02-25T04:53:27.383+0000] {logging_mixin.py:149} INFO - [2026-02-25T04:53:27.383+0000] {dag.py:3490} INFO - Setting next_dagrun for example_xcom to 2021-01-01T00:00:00+00:00, run_after=2021-01-01T00:00:00+00:00
[2026-02-25T04:53:27.397+0000] {processor.py:178} INFO - Processing /home/airflow/.local/lib/python3.7/site-packages/airflow/example_dags/example_xcom.py took 0.067 seconds
[2026-02-25T04:53:57.775+0000] {processor.py:156} INFO - Started process (PID=777) to work on /home/airflow/.local/lib/python3.7/site-packages/airflow/example_dags/example_xcom.py
[2026-02-25T04:53:57.776+0000] {processor.py:799} INFO - Processing file /home/airflow/.local/lib/python3.7/site-packages/airflow/example_dags/example_xcom.py for tasks to queue
[2026-02-25T04:53:57.776+0000] {logging_mixin.py:149} INFO - [2026-02-25T04:53:57.776+0000] {dagbag.py:541} INFO - Filling up the DagBag from /home/airflow/.local/lib/python3.7/site-packages/airflow/example_dags/example_xcom.py
[2026-02-25T04:53:57.781+0000] {processor.py:809} INFO - DAG(s) dict_keys(['example_xcom']) retrieved from /home/airflow/.local/lib/python3.7/site-packages/airflow/example_dags/example_xcom.py
[2026-02-25T04:53:57.800+0000] {logging_mixin.py:149} INFO - [2026-02-25T04:53:57.800+0000] {dag.py:2726} INFO - Sync 1 DAGs
[2026-02-25T04:53:57.821+0000] {logging_mixin.py:149} INFO - [2026-02-25T04:53:57.821+0000] {dag.py:3490} INFO - Setting next_dagrun for example_xcom to 2021-01-01T00:00:00+00:00, run_after=2021-01-01T00:00:00+00:00
[2026-02-25T04:53:57.838+0000] {processor.py:178} INFO - Processing /home/airflow/.local/lib/python3.7/site-packages/airflow/example_dags/example_xcom.py took 0.065 seconds
[2026-02-25T04:54:28.102+0000] {processor.py:156} INFO - Started process (PID=840) to work on /home/airflow/.local/lib/python3.7/site-packages/airflow/example_dags/example_xcom.py
[2026-02-25T04:54:28.106+0000] {processor.py:799} INFO - Processing file /home/airflow/.local/lib/python3.7/site-packages/airflow/example_dags/example_xcom.py for tasks to queue
[2026-02-25T04:54:28.107+0000] {logging_mixin.py:149} INFO - [2026-02-25T04:54:28.107+0000] {dagbag.py:541} INFO - Filling up the DagBag from /home/airflow/.local/lib/python3.7/site-packages/airflow/example_dags/example_xcom.py
[2026-02-25T04:54:28.112+0000] {processor.py:809} INFO - DAG(s) dict_keys(['example_xcom']) retrieved from /home/airflow/.local/lib/python3.7/site-packages/airflow/example_dags/example_xcom.py
[2026-02-25T04:54:28.137+0000] {logging_mixin.py:149} INFO - [2026-02-25T04:54:28.137+0000] {dag.py:2726} INFO - Sync 1 DAGs
[2026-02-25T04:54:28.155+0000] {logging_mixin.py:149} INFO - [2026-02-25T04:54:28.155+0000] {dag.py:3490} INFO - Setting next_dagrun for example_xcom to 2021-01-01T00:00:00+00:00, run_after=2021-01-01T00:00:00+00:00
[2026-02-25T04:54:28.174+0000] {processor.py:178} INFO - Processing /home/airflow/.local/lib/python3.7/site-packages/airflow/example_dags/example_xcom.py took 0.074 seconds
[2026-02-25T04:54:58.413+0000] {processor.py:156} INFO - Started process (PID=903) to work on /home/airflow/.local/lib/python3.7/site-packages/airflow/example_dags/example_xcom.py
[2026-02-25T04:54:58.414+0000] {processor.py:799} INFO - Processing file /home/airflow/.local/lib/python3.7/site-packages/airflow/example_dags/example_xcom.py for tasks to queue
[2026-02-25T04:54:58.415+0000] {logging_mixin.py:149} INFO - [2026-02-25T04:54:58.415+0000] {dagbag.py:541} INFO - Filling up the DagBag from /home/airflow/.local/lib/python3.7/site-packages/airflow/example_dags/example_xcom.py
[2026-02-25T04:54:58.425+0000] {processor.py:809} INFO - DAG(s) dict_keys(['example_xcom']) retrieved from /home/airflow/.local/lib/python3.7/site-packages/airflow/example_dags/example_xcom.py
[2026-02-25T04:54:58.446+0000] {logging_mixin.py:149} INFO - [2026-02-25T04:54:58.446+0000] {dag.py:2726} INFO - Sync 1 DAGs
[2026-02-25T04:54:58.464+0000] {logging_mixin.py:149} INFO - [2026-02-25T04:54:58.464+0000] {dag.py:3490} INFO - Setting next_dagrun for example_xcom to 2021-01-01T00:00:00+00:00, run_after=2021-01-01T00:00:00+00:00
[2026-02-25T04:54:58.485+0000] {processor.py:178} INFO - Processing /home/airflow/.local/lib/python3.7/site-packages/airflow/example_dags/example_xcom.py took 0.074 seconds
[2026-02-25T04:55:28.791+0000] {processor.py:156} INFO - Started process (PID=966) to work on /home/airflow/.local/lib/python3.7/site-packages/airflow/example_dags/example_xcom.py
[2026-02-25T04:55:28.793+0000] {processor.py:799} INFO - Processing file /home/airflow/.local/lib/python3.7/site-packages/airflow/example_dags/example_xcom.py for tasks to queue
[2026-02-25T04:55:28.793+0000] {logging_mixin.py:149} INFO - [2026-02-25T04:55:28.793+0000] {dagbag.py:541} INFO - Filling up the DagBag from /home/airflow/.local/lib/python3.7/site-packages/airflow/example_dags/example_xcom.py
[2026-02-25T04:55:28.798+0000] {processor.py:809} INFO - DAG(s) dict_keys(['example_xcom']) retrieved from /home/airflow/.local/lib/python3.7/site-packages/airflow/example_dags/example_xcom.py
[2026-02-25T04:55:28.824+0000] {logging_mixin.py:149} INFO - [2026-02-25T04:55:28.824+0000] {dag.py:2726} INFO - Sync 1 DAGs
[2026-02-25T04:55:28.845+0000] {logging_mixin.py:149} INFO - [2026-02-25T04:55:28.845+0000] {dag.py:3490} INFO - Setting next_dagrun for example_xcom to 2021-01-01T00:00:00+00:00, run_after=2021-01-01T00:00:00+00:00
[2026-02-25T04:55:28.865+0000] {processor.py:178} INFO - Processing /home/airflow/.local/lib/python3.7/site-packages/airflow/example_dags/example_xcom.py took 0.078 seconds
[2026-02-25T04:55:59.445+0000] {processor.py:156} INFO - Started process (PID=1029) to work on /home/airflow/.local/lib/python3.7/site-packages/airflow/example_dags/example_xcom.py
[2026-02-25T04:55:59.446+0000] {processor.py:799} INFO - Processing file /home/airflow/.local/lib/python3.7/site-packages/airflow/example_dags/example_xcom.py for tasks to queue
[2026-02-25T04:55:59.448+0000] {logging_mixin.py:149} INFO - [2026-02-25T04:55:59.448+0000] {dagbag.py:541} INFO - Filling up the DagBag from /home/airflow/.local/lib/python3.7/site-packages/airflow/example_dags/example_xcom.py
[2026-02-25T04:55:59.453+0000] {processor.py:809} INFO - DAG(s) dict_keys(['example_xcom']) retrieved from /home/airflow/.local/lib/python3.7/site-packages/airflow/example_dags/example_xcom.py
[2026-02-25T04:55:59.473+0000] {logging_mixin.py:149} INFO - [2026-02-25T04:55:59.473+0000] {dag.py:2726} INFO - Sync 1 DAGs
[2026-02-25T04:55:59.496+0000] {logging_mixin.py:149} INFO - [2026-02-25T04:55:59.495+0000] {dag.py:3490} INFO - Setting next_dagrun for example_xcom to 2021-01-01T00:00:00+00:00, run_after=2021-01-01T00:00:00+00:00
[2026-02-25T04:55:59.510+0000] {processor.py:178} INFO - Processing /home/airflow/.local/lib/python3.7/site-packages/airflow/example_dags/example_xcom.py took 0.069 seconds
[2026-02-25T04:56:29.844+0000] {processor.py:156} INFO - Started process (PID=1092) to work on /home/airflow/.local/lib/python3.7/site-packages/airflow/example_dags/example_xcom.py
[2026-02-25T04:56:29.845+0000] {processor.py:799} INFO - Processing file /home/airflow/.local/lib/python3.7/site-packages/airflow/example_dags/example_xcom.py for tasks to queue
[2026-02-25T04:56:29.849+0000] {logging_mixin.py:149} INFO - [2026-02-25T04:56:29.849+0000] {dagbag.py:541} INFO - Filling up the DagBag from /home/airflow/.local/lib/python3.7/site-packages/airflow/example_dags/example_xcom.py
[2026-02-25T04:56:29.854+0000] {processor.py:809} INFO - DAG(s) dict_keys(['example_xcom']) retrieved from /home/airflow/.local/lib/python3.7/site-packages/airflow/example_dags/example_xcom.py
[2026-02-25T04:56:29.871+0000] {logging_mixin.py:149} INFO - [2026-02-25T04:56:29.871+0000] {dag.py:2726} INFO - Sync 1 DAGs
[2026-02-25T04:56:29.890+0000] {logging_mixin.py:149} INFO - [2026-02-25T04:56:29.890+0000] {dag.py:3490} INFO - Setting next_dagrun for example_xcom to 2021-01-01T00:00:00+00:00, run_after=2021-01-01T00:00:00+00:00
[2026-02-25T04:56:29.903+0000] {processor.py:178} INFO - Processing /home/airflow/.local/lib/python3.7/site-packages/airflow/example_dags/example_xcom.py took 0.061 seconds
[2026-02-25T04:57:00.502+0000] {processor.py:156} INFO - Started process (PID=1155) to work on /home/airflow/.local/lib/python3.7/site-packages/airflow/example_dags/example_xcom.py
[2026-02-25T04:57:00.503+0000] {processor.py:799} INFO - Processing file /home/airflow/.local/lib/python3.7/site-packages/airflow/example_dags/example_xcom.py for tasks to queue
[2026-02-25T04:57:00.503+0000] {logging_mixin.py:149} INFO - [2026-02-25T04:57:00.503+0000] {dagbag.py:541} INFO - Filling up the DagBag from /home/airflow/.local/lib/python3.7/site-packages/airflow/example_dags/example_xcom.py
[2026-02-25T04:57:00.507+0000] {processor.py:809} INFO - DAG(s) dict_keys(['example_xcom']) retrieved from /home/airflow/.local/lib/python3.7/site-packages/airflow/example_dags/example_xcom.py
[2026-02-25T04:57:00.534+0000] {logging_mixin.py:149} INFO - [2026-02-25T04:57:00.534+0000] {dag.py:2726} INFO - Sync 1 DAGs
[2026-02-25T04:57:00.552+0000] {logging_mixin.py:149} INFO - [2026-02-25T04:57:00.552+0000] {dag.py:3490} INFO - Setting next_dagrun for example_xcom to 2021-01-01T00:00:00+00:00, run_after=2021-01-01T00:00:00+00:00
[2026-02-25T04:57:00.572+0000] {processor.py:178} INFO - Processing /home/airflow/.local/lib/python3.7/site-packages/airflow/example_dags/example_xcom.py took 0.073 seconds
[2026-02-25T04:57:30.771+0000] {processor.py:156} INFO - Started process (PID=1218) to work on /home/airflow/.local/lib/python3.7/site-packages/airflow/example_dags/example_xcom.py
[2026-02-25T04:57:30.772+0000] {processor.py:799} INFO - Processing file /home/airflow/.local/lib/python3.7/site-packages/airflow/example_dags/example_xcom.py for tasks to queue
[2026-02-25T04:57:30.773+0000] {logging_mixin.py:149} INFO - [2026-02-25T04:57:30.773+0000] {dagbag.py:541} INFO - Filling up the DagBag from /home/airflow/.local/lib/python3.7/site-packages/airflow/example_dags/example_xcom.py
[2026-02-25T04:57:30.779+0000] {processor.py:809} INFO - DAG(s) dict_keys(['example_xcom']) retrieved from /home/airflow/.local/lib/python3.7/site-packages/airflow/example_dags/example_xcom.py
[2026-02-25T04:57:30.795+0000] {logging_mixin.py:149} INFO - [2026-02-25T04:57:30.795+0000] {dag.py:2726} INFO - Sync 1 DAGs
[2026-02-25T04:57:30.816+0000] {logging_mixin.py:149} INFO - [2026-02-25T04:57:30.816+0000] {dag.py:3490} INFO - Setting next_dagrun for example_xcom to 2021-01-01T00:00:00+00:00, run_after=2021-01-01T00:00:00+00:00
[2026-02-25T04:57:30.835+0000] {processor.py:178} INFO - Processing /home/airflow/.local/lib/python3.7/site-packages/airflow/example_dags/example_xcom.py took 0.066 seconds
[2026-02-25T04:58:01.166+0000] {processor.py:156} INFO - Started process (PID=1281) to work on /home/airflow/.local/lib/python3.7/site-packages/airflow/example_dags/example_xcom.py
[2026-02-25T04:58:01.167+0000] {processor.py:799} INFO - Processing file /home/airflow/.local/lib/python3.7/site-packages/airflow/example_dags/example_xcom.py for tasks to queue
[2026-02-25T04:58:01.167+0000] {logging_mixin.py:149} INFO - [2026-02-25T04:58:01.167+0000] {dagbag.py:541} INFO - Filling up the DagBag from /home/airflow/.local/lib/python3.7/site-packages/airflow/example_dags/example_xcom.py
[2026-02-25T04:58:01.172+0000] {processor.py:809} INFO - DAG(s) dict_keys(['example_xcom']) retrieved from /home/airflow/.local/lib/python3.7/site-packages/airflow/example_dags/example_xcom.py
[2026-02-25T04:58:01.189+0000] {logging_mixin.py:149} INFO - [2026-02-25T04:58:01.189+0000] {dag.py:2726} INFO - Sync 1 DAGs
[2026-02-25T04:58:01.209+0000] {logging_mixin.py:149} INFO - [2026-02-25T04:58:01.209+0000] {dag.py:3490} INFO - Setting next_dagrun for example_xcom to 2021-01-01T00:00:00+00:00, run_after=2021-01-01T00:00:00+00:00
[2026-02-25T04:58:01.226+0000] {processor.py:178} INFO - Processing /home/airflow/.local/lib/python3.7/site-packages/airflow/example_dags/example_xcom.py took 0.063 seconds
[2026-02-25T04:58:31.927+0000] {processor.py:156} INFO - Started process (PID=1344) to work on /home/airflow/.local/lib/python3.7/site-packages/airflow/example_dags/example_xcom.py
[2026-02-25T04:58:31.929+0000] {processor.py:799} INFO - Processing file /home/airflow/.local/lib/python3.7/site-packages/airflow/example_dags/example_xcom.py for tasks to queue
[2026-02-25T04:58:31.930+0000] {logging_mixin.py:149} INFO - [2026-02-25T04:58:31.930+0000] {dagbag.py:541} INFO - Filling up the DagBag from /home/airflow/.local/lib/python3.7/site-packages/airflow/example_dags/example_xcom.py
[2026-02-25T04:58:31.937+0000] {processor.py:809} INFO - DAG(s) dict_keys(['example_xcom']) retrieved from /home/airflow/.local/lib/python3.7/site-packages/airflow/example_dags/example_xcom.py
[2026-02-25T04:58:31.959+0000] {logging_mixin.py:149} INFO - [2026-02-25T04:58:31.958+0000] {dag.py:2726} INFO - Sync 1 DAGs
[2026-02-25T04:58:31.982+0000] {logging_mixin.py:149} INFO - [2026-02-25T04:58:31.981+0000] {dag.py:3490} INFO - Setting next_dagrun for example_xcom to 2021-01-01T00:00:00+00:00, run_after=2021-01-01T00:00:00+00:00
[2026-02-25T04:58:31.995+0000] {processor.py:178} INFO - Processing /home/airflow/.local/lib/python3.7/site-packages/airflow/example_dags/example_xcom.py took 0.073 seconds
[2026-02-25T04:59:02.519+0000] {processor.py:156} INFO - Started process (PID=1406) to work on /home/airflow/.local/lib/python3.7/site-packages/airflow/example_dags/example_xcom.py
[2026-02-25T04:59:02.520+0000] {processor.py:799} INFO - Processing file /home/airflow/.local/lib/python3.7/site-packages/airflow/example_dags/example_xcom.py for tasks to queue
[2026-02-25T04:59:02.522+0000] {logging_mixin.py:149} INFO - [2026-02-25T04:59:02.522+0000] {dagbag.py:541} INFO - Filling up the DagBag from /home/airflow/.local/lib/python3.7/site-packages/airflow/example_dags/example_xcom.py
[2026-02-25T04:59:02.526+0000] {processor.py:809} INFO - DAG(s) dict_keys(['example_xcom']) retrieved from /home/airflow/.local/lib/python3.7/site-packages/airflow/example_dags/example_xcom.py
[2026-02-25T04:59:02.549+0000] {logging_mixin.py:149} INFO - [2026-02-25T04:59:02.549+0000] {dag.py:2726} INFO - Sync 1 DAGs
[2026-02-25T04:59:02.568+0000] {logging_mixin.py:149} INFO - [2026-02-25T04:59:02.568+0000] {dag.py:3490} INFO - Setting next_dagrun for example_xcom to 2021-01-01T00:00:00+00:00, run_after=2021-01-01T00:00:00+00:00
[2026-02-25T04:59:02.588+0000] {processor.py:178} INFO - Processing /home/airflow/.local/lib/python3.7/site-packages/airflow/example_dags/example_xcom.py took 0.072 seconds
[2026-02-25T04:59:33.336+0000] {processor.py:156} INFO - Started process (PID=1469) to work on /home/airflow/.local/lib/python3.7/site-packages/airflow/example_dags/example_xcom.py
[2026-02-25T04:59:33.337+0000] {processor.py:799} INFO - Processing file /home/airflow/.local/lib/python3.7/site-packages/airflow/example_dags/example_xcom.py for tasks to queue
[2026-02-25T04:59:33.339+0000] {logging_mixin.py:149} INFO - [2026-02-25T04:59:33.338+0000] {dagbag.py:541} INFO - Filling up the DagBag from /home/airflow/.local/lib/python3.7/site-packages/airflow/example_dags/example_xcom.py
[2026-02-25T04:59:33.344+0000] {processor.py:809} INFO - DAG(s) dict_keys(['example_xcom']) retrieved from /home/airflow/.local/lib/python3.7/site-packages/airflow/example_dags/example_xcom.py
[2026-02-25T04:59:33.371+0000] {logging_mixin.py:149} INFO - [2026-02-25T04:59:33.371+0000] {dag.py:2726} INFO - Sync 1 DAGs
[2026-02-25T04:59:33.391+0000] {logging_mixin.py:149} INFO - [2026-02-25T04:59:33.391+0000] {dag.py:3490} INFO - Setting next_dagrun for example_xcom to 2021-01-01T00:00:00+00:00, run_after=2021-01-01T00:00:00+00:00
[2026-02-25T04:59:33.413+0000] {processor.py:178} INFO - Processing /home/airflow/.local/lib/python3.7/site-packages/airflow/example_dags/example_xcom.py took 0.081 seconds
