[2026-02-25T04:40:38.305+0000] {processor.py:156} INFO - Started process (PID=51) to work on /home/airflow/.local/lib/python3.7/site-packages/airflow/example_dags/example_trigger_target_dag.py
[2026-02-25T04:40:38.307+0000] {processor.py:799} INFO - Processing file /home/airflow/.local/lib/python3.7/site-packages/airflow/example_dags/example_trigger_target_dag.py for tasks to queue
[2026-02-25T04:40:38.308+0000] {logging_mixin.py:149} INFO - [2026-02-25T04:40:38.307+0000] {dagbag.py:541} INFO - Filling up the DagBag from /home/airflow/.local/lib/python3.7/site-packages/airflow/example_dags/example_trigger_target_dag.py
[2026-02-25T04:40:38.315+0000] {processor.py:809} INFO - DAG(s) dict_keys(['example_trigger_target_dag']) retrieved from /home/airflow/.local/lib/python3.7/site-packages/airflow/example_dags/example_trigger_target_dag.py
[2026-02-25T04:40:38.421+0000] {logging_mixin.py:149} INFO - [2026-02-25T04:40:38.421+0000] {manager.py:504} INFO - Created Permission View: can edit on DAG:example_trigger_target_dag
[2026-02-25T04:40:38.432+0000] {logging_mixin.py:149} INFO - [2026-02-25T04:40:38.432+0000] {manager.py:504} INFO - Created Permission View: can delete on DAG:example_trigger_target_dag
[2026-02-25T04:40:38.441+0000] {logging_mixin.py:149} INFO - [2026-02-25T04:40:38.441+0000] {manager.py:504} INFO - Created Permission View: can read on DAG:example_trigger_target_dag
[2026-02-25T04:40:38.441+0000] {logging_mixin.py:149} INFO - [2026-02-25T04:40:38.441+0000] {dag.py:2726} INFO - Sync 1 DAGs
[2026-02-25T04:40:38.454+0000] {logging_mixin.py:149} INFO - [2026-02-25T04:40:38.453+0000] {dag.py:2747} INFO - Creating ORM DAG for example_trigger_target_dag
[2026-02-25T04:40:38.466+0000] {logging_mixin.py:149} INFO - [2026-02-25T04:40:38.465+0000] {dag.py:3490} INFO - Setting next_dagrun for example_trigger_target_dag to None, run_after=None
[2026-02-25T04:40:38.481+0000] {processor.py:178} INFO - Processing /home/airflow/.local/lib/python3.7/site-packages/airflow/example_dags/example_trigger_target_dag.py took 0.180 seconds
[2026-02-25T04:41:08.720+0000] {processor.py:156} INFO - Started process (PID=114) to work on /home/airflow/.local/lib/python3.7/site-packages/airflow/example_dags/example_trigger_target_dag.py
[2026-02-25T04:41:08.721+0000] {processor.py:799} INFO - Processing file /home/airflow/.local/lib/python3.7/site-packages/airflow/example_dags/example_trigger_target_dag.py for tasks to queue
[2026-02-25T04:41:08.721+0000] {logging_mixin.py:149} INFO - [2026-02-25T04:41:08.721+0000] {dagbag.py:541} INFO - Filling up the DagBag from /home/airflow/.local/lib/python3.7/site-packages/airflow/example_dags/example_trigger_target_dag.py
[2026-02-25T04:41:08.728+0000] {processor.py:809} INFO - DAG(s) dict_keys(['example_trigger_target_dag']) retrieved from /home/airflow/.local/lib/python3.7/site-packages/airflow/example_dags/example_trigger_target_dag.py
[2026-02-25T04:41:08.745+0000] {logging_mixin.py:149} INFO - [2026-02-25T04:41:08.745+0000] {dag.py:2726} INFO - Sync 1 DAGs
[2026-02-25T04:41:08.765+0000] {logging_mixin.py:149} INFO - [2026-02-25T04:41:08.765+0000] {dag.py:3490} INFO - Setting next_dagrun for example_trigger_target_dag to None, run_after=None
[2026-02-25T04:41:08.783+0000] {processor.py:178} INFO - Processing /home/airflow/.local/lib/python3.7/site-packages/airflow/example_dags/example_trigger_target_dag.py took 0.066 seconds
[2026-02-25T04:41:39.327+0000] {processor.py:156} INFO - Started process (PID=177) to work on /home/airflow/.local/lib/python3.7/site-packages/airflow/example_dags/example_trigger_target_dag.py
[2026-02-25T04:41:39.328+0000] {processor.py:799} INFO - Processing file /home/airflow/.local/lib/python3.7/site-packages/airflow/example_dags/example_trigger_target_dag.py for tasks to queue
[2026-02-25T04:41:39.329+0000] {logging_mixin.py:149} INFO - [2026-02-25T04:41:39.329+0000] {dagbag.py:541} INFO - Filling up the DagBag from /home/airflow/.local/lib/python3.7/site-packages/airflow/example_dags/example_trigger_target_dag.py
[2026-02-25T04:41:39.335+0000] {processor.py:809} INFO - DAG(s) dict_keys(['example_trigger_target_dag']) retrieved from /home/airflow/.local/lib/python3.7/site-packages/airflow/example_dags/example_trigger_target_dag.py
[2026-02-25T04:41:39.356+0000] {logging_mixin.py:149} INFO - [2026-02-25T04:41:39.356+0000] {dag.py:2726} INFO - Sync 1 DAGs
[2026-02-25T04:41:39.374+0000] {logging_mixin.py:149} INFO - [2026-02-25T04:41:39.374+0000] {dag.py:3490} INFO - Setting next_dagrun for example_trigger_target_dag to None, run_after=None
[2026-02-25T04:41:39.392+0000] {processor.py:178} INFO - Processing /home/airflow/.local/lib/python3.7/site-packages/airflow/example_dags/example_trigger_target_dag.py took 0.069 seconds
[2026-02-25T04:42:09.825+0000] {processor.py:156} INFO - Started process (PID=240) to work on /home/airflow/.local/lib/python3.7/site-packages/airflow/example_dags/example_trigger_target_dag.py
[2026-02-25T04:42:09.826+0000] {processor.py:799} INFO - Processing file /home/airflow/.local/lib/python3.7/site-packages/airflow/example_dags/example_trigger_target_dag.py for tasks to queue
[2026-02-25T04:42:09.826+0000] {logging_mixin.py:149} INFO - [2026-02-25T04:42:09.826+0000] {dagbag.py:541} INFO - Filling up the DagBag from /home/airflow/.local/lib/python3.7/site-packages/airflow/example_dags/example_trigger_target_dag.py
[2026-02-25T04:42:09.831+0000] {processor.py:809} INFO - DAG(s) dict_keys(['example_trigger_target_dag']) retrieved from /home/airflow/.local/lib/python3.7/site-packages/airflow/example_dags/example_trigger_target_dag.py
[2026-02-25T04:42:09.852+0000] {logging_mixin.py:149} INFO - [2026-02-25T04:42:09.852+0000] {dag.py:2726} INFO - Sync 1 DAGs
[2026-02-25T04:42:09.870+0000] {logging_mixin.py:149} INFO - [2026-02-25T04:42:09.870+0000] {dag.py:3490} INFO - Setting next_dagrun for example_trigger_target_dag to None, run_after=None
[2026-02-25T04:42:09.886+0000] {processor.py:178} INFO - Processing /home/airflow/.local/lib/python3.7/site-packages/airflow/example_dags/example_trigger_target_dag.py took 0.063 seconds
[2026-02-25T04:42:40.465+0000] {processor.py:156} INFO - Started process (PID=303) to work on /home/airflow/.local/lib/python3.7/site-packages/airflow/example_dags/example_trigger_target_dag.py
[2026-02-25T04:42:40.466+0000] {processor.py:799} INFO - Processing file /home/airflow/.local/lib/python3.7/site-packages/airflow/example_dags/example_trigger_target_dag.py for tasks to queue
[2026-02-25T04:42:40.467+0000] {logging_mixin.py:149} INFO - [2026-02-25T04:42:40.467+0000] {dagbag.py:541} INFO - Filling up the DagBag from /home/airflow/.local/lib/python3.7/site-packages/airflow/example_dags/example_trigger_target_dag.py
[2026-02-25T04:42:40.472+0000] {processor.py:809} INFO - DAG(s) dict_keys(['example_trigger_target_dag']) retrieved from /home/airflow/.local/lib/python3.7/site-packages/airflow/example_dags/example_trigger_target_dag.py
[2026-02-25T04:42:40.496+0000] {logging_mixin.py:149} INFO - [2026-02-25T04:42:40.496+0000] {dag.py:2726} INFO - Sync 1 DAGs
[2026-02-25T04:42:40.515+0000] {logging_mixin.py:149} INFO - [2026-02-25T04:42:40.515+0000] {dag.py:3490} INFO - Setting next_dagrun for example_trigger_target_dag to None, run_after=None
[2026-02-25T04:42:40.532+0000] {processor.py:178} INFO - Processing /home/airflow/.local/lib/python3.7/site-packages/airflow/example_dags/example_trigger_target_dag.py took 0.069 seconds
[2026-02-25T04:48:20.625+0000] {processor.py:156} INFO - Started process (PID=50) to work on /home/airflow/.local/lib/python3.7/site-packages/airflow/example_dags/example_trigger_target_dag.py
[2026-02-25T04:48:20.626+0000] {processor.py:799} INFO - Processing file /home/airflow/.local/lib/python3.7/site-packages/airflow/example_dags/example_trigger_target_dag.py for tasks to queue
[2026-02-25T04:48:20.626+0000] {logging_mixin.py:149} INFO - [2026-02-25T04:48:20.626+0000] {dagbag.py:541} INFO - Filling up the DagBag from /home/airflow/.local/lib/python3.7/site-packages/airflow/example_dags/example_trigger_target_dag.py
[2026-02-25T04:48:20.631+0000] {processor.py:809} INFO - DAG(s) dict_keys(['example_trigger_target_dag']) retrieved from /home/airflow/.local/lib/python3.7/site-packages/airflow/example_dags/example_trigger_target_dag.py
[2026-02-25T04:48:20.646+0000] {logging_mixin.py:149} INFO - [2026-02-25T04:48:20.646+0000] {dag.py:2726} INFO - Sync 1 DAGs
[2026-02-25T04:48:20.670+0000] {logging_mixin.py:149} INFO - [2026-02-25T04:48:20.670+0000] {dag.py:3490} INFO - Setting next_dagrun for example_trigger_target_dag to None, run_after=None
[2026-02-25T04:48:20.688+0000] {processor.py:178} INFO - Processing /home/airflow/.local/lib/python3.7/site-packages/airflow/example_dags/example_trigger_target_dag.py took 0.066 seconds
[2026-02-25T04:48:50.997+0000] {processor.py:156} INFO - Started process (PID=113) to work on /home/airflow/.local/lib/python3.7/site-packages/airflow/example_dags/example_trigger_target_dag.py
[2026-02-25T04:48:50.998+0000] {processor.py:799} INFO - Processing file /home/airflow/.local/lib/python3.7/site-packages/airflow/example_dags/example_trigger_target_dag.py for tasks to queue
[2026-02-25T04:48:50.999+0000] {logging_mixin.py:149} INFO - [2026-02-25T04:48:50.999+0000] {dagbag.py:541} INFO - Filling up the DagBag from /home/airflow/.local/lib/python3.7/site-packages/airflow/example_dags/example_trigger_target_dag.py
[2026-02-25T04:48:51.007+0000] {processor.py:809} INFO - DAG(s) dict_keys(['example_trigger_target_dag']) retrieved from /home/airflow/.local/lib/python3.7/site-packages/airflow/example_dags/example_trigger_target_dag.py
[2026-02-25T04:48:51.033+0000] {logging_mixin.py:149} INFO - [2026-02-25T04:48:51.033+0000] {dag.py:2726} INFO - Sync 1 DAGs
[2026-02-25T04:48:51.055+0000] {logging_mixin.py:149} INFO - [2026-02-25T04:48:51.055+0000] {dag.py:3490} INFO - Setting next_dagrun for example_trigger_target_dag to None, run_after=None
[2026-02-25T04:48:51.071+0000] {processor.py:178} INFO - Processing /home/airflow/.local/lib/python3.7/site-packages/airflow/example_dags/example_trigger_target_dag.py took 0.076 seconds
[2026-02-25T04:49:21.514+0000] {processor.py:156} INFO - Started process (PID=176) to work on /home/airflow/.local/lib/python3.7/site-packages/airflow/example_dags/example_trigger_target_dag.py
[2026-02-25T04:49:21.515+0000] {processor.py:799} INFO - Processing file /home/airflow/.local/lib/python3.7/site-packages/airflow/example_dags/example_trigger_target_dag.py for tasks to queue
[2026-02-25T04:49:21.516+0000] {logging_mixin.py:149} INFO - [2026-02-25T04:49:21.515+0000] {dagbag.py:541} INFO - Filling up the DagBag from /home/airflow/.local/lib/python3.7/site-packages/airflow/example_dags/example_trigger_target_dag.py
[2026-02-25T04:49:21.519+0000] {processor.py:809} INFO - DAG(s) dict_keys(['example_trigger_target_dag']) retrieved from /home/airflow/.local/lib/python3.7/site-packages/airflow/example_dags/example_trigger_target_dag.py
[2026-02-25T04:49:21.535+0000] {logging_mixin.py:149} INFO - [2026-02-25T04:49:21.535+0000] {dag.py:2726} INFO - Sync 1 DAGs
[2026-02-25T04:49:21.550+0000] {logging_mixin.py:149} INFO - [2026-02-25T04:49:21.550+0000] {dag.py:3490} INFO - Setting next_dagrun for example_trigger_target_dag to None, run_after=None
[2026-02-25T04:49:21.561+0000] {processor.py:178} INFO - Processing /home/airflow/.local/lib/python3.7/site-packages/airflow/example_dags/example_trigger_target_dag.py took 0.049 seconds
[2026-02-25T04:49:52.104+0000] {processor.py:156} INFO - Started process (PID=239) to work on /home/airflow/.local/lib/python3.7/site-packages/airflow/example_dags/example_trigger_target_dag.py
[2026-02-25T04:49:52.104+0000] {processor.py:799} INFO - Processing file /home/airflow/.local/lib/python3.7/site-packages/airflow/example_dags/example_trigger_target_dag.py for tasks to queue
[2026-02-25T04:49:52.105+0000] {logging_mixin.py:149} INFO - [2026-02-25T04:49:52.105+0000] {dagbag.py:541} INFO - Filling up the DagBag from /home/airflow/.local/lib/python3.7/site-packages/airflow/example_dags/example_trigger_target_dag.py
[2026-02-25T04:49:52.110+0000] {processor.py:809} INFO - DAG(s) dict_keys(['example_trigger_target_dag']) retrieved from /home/airflow/.local/lib/python3.7/site-packages/airflow/example_dags/example_trigger_target_dag.py
[2026-02-25T04:49:52.126+0000] {logging_mixin.py:149} INFO - [2026-02-25T04:49:52.126+0000] {dag.py:2726} INFO - Sync 1 DAGs
[2026-02-25T04:49:52.144+0000] {logging_mixin.py:149} INFO - [2026-02-25T04:49:52.144+0000] {dag.py:3490} INFO - Setting next_dagrun for example_trigger_target_dag to None, run_after=None
[2026-02-25T04:49:52.165+0000] {processor.py:178} INFO - Processing /home/airflow/.local/lib/python3.7/site-packages/airflow/example_dags/example_trigger_target_dag.py took 0.064 seconds
[2026-02-25T04:50:22.531+0000] {processor.py:156} INFO - Started process (PID=302) to work on /home/airflow/.local/lib/python3.7/site-packages/airflow/example_dags/example_trigger_target_dag.py
[2026-02-25T04:50:22.532+0000] {processor.py:799} INFO - Processing file /home/airflow/.local/lib/python3.7/site-packages/airflow/example_dags/example_trigger_target_dag.py for tasks to queue
[2026-02-25T04:50:22.532+0000] {logging_mixin.py:149} INFO - [2026-02-25T04:50:22.532+0000] {dagbag.py:541} INFO - Filling up the DagBag from /home/airflow/.local/lib/python3.7/site-packages/airflow/example_dags/example_trigger_target_dag.py
[2026-02-25T04:50:22.538+0000] {processor.py:809} INFO - DAG(s) dict_keys(['example_trigger_target_dag']) retrieved from /home/airflow/.local/lib/python3.7/site-packages/airflow/example_dags/example_trigger_target_dag.py
[2026-02-25T04:50:22.558+0000] {logging_mixin.py:149} INFO - [2026-02-25T04:50:22.558+0000] {dag.py:2726} INFO - Sync 1 DAGs
[2026-02-25T04:50:22.576+0000] {logging_mixin.py:149} INFO - [2026-02-25T04:50:22.576+0000] {dag.py:3490} INFO - Setting next_dagrun for example_trigger_target_dag to None, run_after=None
[2026-02-25T04:50:22.591+0000] {processor.py:178} INFO - Processing /home/airflow/.local/lib/python3.7/site-packages/airflow/example_dags/example_trigger_target_dag.py took 0.062 seconds
[2026-02-25T04:50:52.761+0000] {processor.py:156} INFO - Started process (PID=365) to work on /home/airflow/.local/lib/python3.7/site-packages/airflow/example_dags/example_trigger_target_dag.py
[2026-02-25T04:50:52.762+0000] {processor.py:799} INFO - Processing file /home/airflow/.local/lib/python3.7/site-packages/airflow/example_dags/example_trigger_target_dag.py for tasks to queue
[2026-02-25T04:50:52.762+0000] {logging_mixin.py:149} INFO - [2026-02-25T04:50:52.762+0000] {dagbag.py:541} INFO - Filling up the DagBag from /home/airflow/.local/lib/python3.7/site-packages/airflow/example_dags/example_trigger_target_dag.py
[2026-02-25T04:50:52.768+0000] {processor.py:809} INFO - DAG(s) dict_keys(['example_trigger_target_dag']) retrieved from /home/airflow/.local/lib/python3.7/site-packages/airflow/example_dags/example_trigger_target_dag.py
[2026-02-25T04:50:52.794+0000] {logging_mixin.py:149} INFO - [2026-02-25T04:50:52.794+0000] {dag.py:2726} INFO - Sync 1 DAGs
[2026-02-25T04:50:52.813+0000] {logging_mixin.py:149} INFO - [2026-02-25T04:50:52.813+0000] {dag.py:3490} INFO - Setting next_dagrun for example_trigger_target_dag to None, run_after=None
[2026-02-25T04:50:52.827+0000] {processor.py:178} INFO - Processing /home/airflow/.local/lib/python3.7/site-packages/airflow/example_dags/example_trigger_target_dag.py took 0.068 seconds
[2026-02-25T04:51:23.107+0000] {processor.py:156} INFO - Started process (PID=428) to work on /home/airflow/.local/lib/python3.7/site-packages/airflow/example_dags/example_trigger_target_dag.py
[2026-02-25T04:51:23.108+0000] {processor.py:799} INFO - Processing file /home/airflow/.local/lib/python3.7/site-packages/airflow/example_dags/example_trigger_target_dag.py for tasks to queue
[2026-02-25T04:51:23.108+0000] {logging_mixin.py:149} INFO - [2026-02-25T04:51:23.108+0000] {dagbag.py:541} INFO - Filling up the DagBag from /home/airflow/.local/lib/python3.7/site-packages/airflow/example_dags/example_trigger_target_dag.py
[2026-02-25T04:51:23.113+0000] {processor.py:809} INFO - DAG(s) dict_keys(['example_trigger_target_dag']) retrieved from /home/airflow/.local/lib/python3.7/site-packages/airflow/example_dags/example_trigger_target_dag.py
[2026-02-25T04:51:23.139+0000] {logging_mixin.py:149} INFO - [2026-02-25T04:51:23.139+0000] {dag.py:2726} INFO - Sync 1 DAGs
[2026-02-25T04:51:23.158+0000] {logging_mixin.py:149} INFO - [2026-02-25T04:51:23.158+0000] {dag.py:3490} INFO - Setting next_dagrun for example_trigger_target_dag to None, run_after=None
[2026-02-25T04:51:23.172+0000] {processor.py:178} INFO - Processing /home/airflow/.local/lib/python3.7/site-packages/airflow/example_dags/example_trigger_target_dag.py took 0.068 seconds
[2026-02-25T04:51:53.262+0000] {processor.py:156} INFO - Started process (PID=491) to work on /home/airflow/.local/lib/python3.7/site-packages/airflow/example_dags/example_trigger_target_dag.py
[2026-02-25T04:51:53.262+0000] {processor.py:799} INFO - Processing file /home/airflow/.local/lib/python3.7/site-packages/airflow/example_dags/example_trigger_target_dag.py for tasks to queue
[2026-02-25T04:51:53.263+0000] {logging_mixin.py:149} INFO - [2026-02-25T04:51:53.263+0000] {dagbag.py:541} INFO - Filling up the DagBag from /home/airflow/.local/lib/python3.7/site-packages/airflow/example_dags/example_trigger_target_dag.py
[2026-02-25T04:51:53.267+0000] {processor.py:809} INFO - DAG(s) dict_keys(['example_trigger_target_dag']) retrieved from /home/airflow/.local/lib/python3.7/site-packages/airflow/example_dags/example_trigger_target_dag.py
[2026-02-25T04:51:53.286+0000] {logging_mixin.py:149} INFO - [2026-02-25T04:51:53.286+0000] {dag.py:2726} INFO - Sync 1 DAGs
[2026-02-25T04:51:53.309+0000] {logging_mixin.py:149} INFO - [2026-02-25T04:51:53.309+0000] {dag.py:3490} INFO - Setting next_dagrun for example_trigger_target_dag to None, run_after=None
[2026-02-25T04:51:53.332+0000] {processor.py:178} INFO - Processing /home/airflow/.local/lib/python3.7/site-packages/airflow/example_dags/example_trigger_target_dag.py took 0.073 seconds
[2026-02-25T04:52:23.812+0000] {processor.py:156} INFO - Started process (PID=554) to work on /home/airflow/.local/lib/python3.7/site-packages/airflow/example_dags/example_trigger_target_dag.py
[2026-02-25T04:52:23.814+0000] {processor.py:799} INFO - Processing file /home/airflow/.local/lib/python3.7/site-packages/airflow/example_dags/example_trigger_target_dag.py for tasks to queue
[2026-02-25T04:52:23.817+0000] {logging_mixin.py:149} INFO - [2026-02-25T04:52:23.816+0000] {dagbag.py:541} INFO - Filling up the DagBag from /home/airflow/.local/lib/python3.7/site-packages/airflow/example_dags/example_trigger_target_dag.py
[2026-02-25T04:52:23.824+0000] {processor.py:809} INFO - DAG(s) dict_keys(['example_trigger_target_dag']) retrieved from /home/airflow/.local/lib/python3.7/site-packages/airflow/example_dags/example_trigger_target_dag.py
[2026-02-25T04:52:23.846+0000] {logging_mixin.py:149} INFO - [2026-02-25T04:52:23.845+0000] {dag.py:2726} INFO - Sync 1 DAGs
[2026-02-25T04:52:23.867+0000] {logging_mixin.py:149} INFO - [2026-02-25T04:52:23.867+0000] {dag.py:3490} INFO - Setting next_dagrun for example_trigger_target_dag to None, run_after=None
[2026-02-25T04:52:23.888+0000] {processor.py:178} INFO - Processing /home/airflow/.local/lib/python3.7/site-packages/airflow/example_dags/example_trigger_target_dag.py took 0.079 seconds
[2026-02-25T04:52:54.222+0000] {processor.py:156} INFO - Started process (PID=624) to work on /home/airflow/.local/lib/python3.7/site-packages/airflow/example_dags/example_trigger_target_dag.py
[2026-02-25T04:52:54.223+0000] {processor.py:799} INFO - Processing file /home/airflow/.local/lib/python3.7/site-packages/airflow/example_dags/example_trigger_target_dag.py for tasks to queue
[2026-02-25T04:52:54.224+0000] {logging_mixin.py:149} INFO - [2026-02-25T04:52:54.224+0000] {dagbag.py:541} INFO - Filling up the DagBag from /home/airflow/.local/lib/python3.7/site-packages/airflow/example_dags/example_trigger_target_dag.py
[2026-02-25T04:52:54.227+0000] {processor.py:809} INFO - DAG(s) dict_keys(['example_trigger_target_dag']) retrieved from /home/airflow/.local/lib/python3.7/site-packages/airflow/example_dags/example_trigger_target_dag.py
[2026-02-25T04:52:54.243+0000] {logging_mixin.py:149} INFO - [2026-02-25T04:52:54.243+0000] {dag.py:2726} INFO - Sync 1 DAGs
[2026-02-25T04:52:54.272+0000] {logging_mixin.py:149} INFO - [2026-02-25T04:52:54.272+0000] {dag.py:3490} INFO - Setting next_dagrun for example_trigger_target_dag to None, run_after=None
[2026-02-25T04:52:54.286+0000] {processor.py:178} INFO - Processing /home/airflow/.local/lib/python3.7/site-packages/airflow/example_dags/example_trigger_target_dag.py took 0.066 seconds
[2026-02-25T04:53:24.787+0000] {processor.py:156} INFO - Started process (PID=687) to work on /home/airflow/.local/lib/python3.7/site-packages/airflow/example_dags/example_trigger_target_dag.py
[2026-02-25T04:53:24.788+0000] {processor.py:799} INFO - Processing file /home/airflow/.local/lib/python3.7/site-packages/airflow/example_dags/example_trigger_target_dag.py for tasks to queue
[2026-02-25T04:53:24.789+0000] {logging_mixin.py:149} INFO - [2026-02-25T04:53:24.789+0000] {dagbag.py:541} INFO - Filling up the DagBag from /home/airflow/.local/lib/python3.7/site-packages/airflow/example_dags/example_trigger_target_dag.py
[2026-02-25T04:53:24.793+0000] {processor.py:809} INFO - DAG(s) dict_keys(['example_trigger_target_dag']) retrieved from /home/airflow/.local/lib/python3.7/site-packages/airflow/example_dags/example_trigger_target_dag.py
[2026-02-25T04:53:24.812+0000] {logging_mixin.py:149} INFO - [2026-02-25T04:53:24.812+0000] {dag.py:2726} INFO - Sync 1 DAGs
[2026-02-25T04:53:24.833+0000] {logging_mixin.py:149} INFO - [2026-02-25T04:53:24.833+0000] {dag.py:3490} INFO - Setting next_dagrun for example_trigger_target_dag to None, run_after=None
[2026-02-25T04:53:24.854+0000] {processor.py:178} INFO - Processing /home/airflow/.local/lib/python3.7/site-packages/airflow/example_dags/example_trigger_target_dag.py took 0.068 seconds
[2026-02-25T04:53:55.396+0000] {processor.py:156} INFO - Started process (PID=750) to work on /home/airflow/.local/lib/python3.7/site-packages/airflow/example_dags/example_trigger_target_dag.py
[2026-02-25T04:53:55.397+0000] {processor.py:799} INFO - Processing file /home/airflow/.local/lib/python3.7/site-packages/airflow/example_dags/example_trigger_target_dag.py for tasks to queue
[2026-02-25T04:53:55.397+0000] {logging_mixin.py:149} INFO - [2026-02-25T04:53:55.397+0000] {dagbag.py:541} INFO - Filling up the DagBag from /home/airflow/.local/lib/python3.7/site-packages/airflow/example_dags/example_trigger_target_dag.py
[2026-02-25T04:53:55.402+0000] {processor.py:809} INFO - DAG(s) dict_keys(['example_trigger_target_dag']) retrieved from /home/airflow/.local/lib/python3.7/site-packages/airflow/example_dags/example_trigger_target_dag.py
[2026-02-25T04:53:55.418+0000] {logging_mixin.py:149} INFO - [2026-02-25T04:53:55.417+0000] {dag.py:2726} INFO - Sync 1 DAGs
[2026-02-25T04:53:55.443+0000] {logging_mixin.py:149} INFO - [2026-02-25T04:53:55.443+0000] {dag.py:3490} INFO - Setting next_dagrun for example_trigger_target_dag to None, run_after=None
[2026-02-25T04:53:55.467+0000] {processor.py:178} INFO - Processing /home/airflow/.local/lib/python3.7/site-packages/airflow/example_dags/example_trigger_target_dag.py took 0.073 seconds
[2026-02-25T04:54:25.809+0000] {processor.py:156} INFO - Started process (PID=813) to work on /home/airflow/.local/lib/python3.7/site-packages/airflow/example_dags/example_trigger_target_dag.py
[2026-02-25T04:54:25.810+0000] {processor.py:799} INFO - Processing file /home/airflow/.local/lib/python3.7/site-packages/airflow/example_dags/example_trigger_target_dag.py for tasks to queue
[2026-02-25T04:54:25.813+0000] {logging_mixin.py:149} INFO - [2026-02-25T04:54:25.812+0000] {dagbag.py:541} INFO - Filling up the DagBag from /home/airflow/.local/lib/python3.7/site-packages/airflow/example_dags/example_trigger_target_dag.py
[2026-02-25T04:54:25.816+0000] {processor.py:809} INFO - DAG(s) dict_keys(['example_trigger_target_dag']) retrieved from /home/airflow/.local/lib/python3.7/site-packages/airflow/example_dags/example_trigger_target_dag.py
[2026-02-25T04:54:25.842+0000] {logging_mixin.py:149} INFO - [2026-02-25T04:54:25.842+0000] {dag.py:2726} INFO - Sync 1 DAGs
[2026-02-25T04:54:25.861+0000] {logging_mixin.py:149} INFO - [2026-02-25T04:54:25.861+0000] {dag.py:3490} INFO - Setting next_dagrun for example_trigger_target_dag to None, run_after=None
[2026-02-25T04:54:25.874+0000] {processor.py:178} INFO - Processing /home/airflow/.local/lib/python3.7/site-packages/airflow/example_dags/example_trigger_target_dag.py took 0.071 seconds
[2026-02-25T04:54:56.125+0000] {processor.py:156} INFO - Started process (PID=876) to work on /home/airflow/.local/lib/python3.7/site-packages/airflow/example_dags/example_trigger_target_dag.py
[2026-02-25T04:54:56.125+0000] {processor.py:799} INFO - Processing file /home/airflow/.local/lib/python3.7/site-packages/airflow/example_dags/example_trigger_target_dag.py for tasks to queue
[2026-02-25T04:54:56.126+0000] {logging_mixin.py:149} INFO - [2026-02-25T04:54:56.126+0000] {dagbag.py:541} INFO - Filling up the DagBag from /home/airflow/.local/lib/python3.7/site-packages/airflow/example_dags/example_trigger_target_dag.py
[2026-02-25T04:54:56.130+0000] {processor.py:809} INFO - DAG(s) dict_keys(['example_trigger_target_dag']) retrieved from /home/airflow/.local/lib/python3.7/site-packages/airflow/example_dags/example_trigger_target_dag.py
[2026-02-25T04:54:56.147+0000] {logging_mixin.py:149} INFO - [2026-02-25T04:54:56.147+0000] {dag.py:2726} INFO - Sync 1 DAGs
[2026-02-25T04:54:56.166+0000] {logging_mixin.py:149} INFO - [2026-02-25T04:54:56.166+0000] {dag.py:3490} INFO - Setting next_dagrun for example_trigger_target_dag to None, run_after=None
[2026-02-25T04:54:56.178+0000] {processor.py:178} INFO - Processing /home/airflow/.local/lib/python3.7/site-packages/airflow/example_dags/example_trigger_target_dag.py took 0.055 seconds
[2026-02-25T04:55:26.452+0000] {processor.py:156} INFO - Started process (PID=939) to work on /home/airflow/.local/lib/python3.7/site-packages/airflow/example_dags/example_trigger_target_dag.py
[2026-02-25T04:55:26.454+0000] {processor.py:799} INFO - Processing file /home/airflow/.local/lib/python3.7/site-packages/airflow/example_dags/example_trigger_target_dag.py for tasks to queue
[2026-02-25T04:55:26.456+0000] {logging_mixin.py:149} INFO - [2026-02-25T04:55:26.456+0000] {dagbag.py:541} INFO - Filling up the DagBag from /home/airflow/.local/lib/python3.7/site-packages/airflow/example_dags/example_trigger_target_dag.py
[2026-02-25T04:55:26.462+0000] {processor.py:809} INFO - DAG(s) dict_keys(['example_trigger_target_dag']) retrieved from /home/airflow/.local/lib/python3.7/site-packages/airflow/example_dags/example_trigger_target_dag.py
[2026-02-25T04:55:26.484+0000] {logging_mixin.py:149} INFO - [2026-02-25T04:55:26.484+0000] {dag.py:2726} INFO - Sync 1 DAGs
[2026-02-25T04:55:26.504+0000] {logging_mixin.py:149} INFO - [2026-02-25T04:55:26.504+0000] {dag.py:3490} INFO - Setting next_dagrun for example_trigger_target_dag to None, run_after=None
[2026-02-25T04:55:26.518+0000] {processor.py:178} INFO - Processing /home/airflow/.local/lib/python3.7/site-packages/airflow/example_dags/example_trigger_target_dag.py took 0.071 seconds
[2026-02-25T04:55:57.035+0000] {processor.py:156} INFO - Started process (PID=1002) to work on /home/airflow/.local/lib/python3.7/site-packages/airflow/example_dags/example_trigger_target_dag.py
[2026-02-25T04:55:57.038+0000] {processor.py:799} INFO - Processing file /home/airflow/.local/lib/python3.7/site-packages/airflow/example_dags/example_trigger_target_dag.py for tasks to queue
[2026-02-25T04:55:57.040+0000] {logging_mixin.py:149} INFO - [2026-02-25T04:55:57.040+0000] {dagbag.py:541} INFO - Filling up the DagBag from /home/airflow/.local/lib/python3.7/site-packages/airflow/example_dags/example_trigger_target_dag.py
[2026-02-25T04:55:57.047+0000] {processor.py:809} INFO - DAG(s) dict_keys(['example_trigger_target_dag']) retrieved from /home/airflow/.local/lib/python3.7/site-packages/airflow/example_dags/example_trigger_target_dag.py
[2026-02-25T04:55:57.070+0000] {logging_mixin.py:149} INFO - [2026-02-25T04:55:57.070+0000] {dag.py:2726} INFO - Sync 1 DAGs
[2026-02-25T04:55:57.089+0000] {logging_mixin.py:149} INFO - [2026-02-25T04:55:57.089+0000] {dag.py:3490} INFO - Setting next_dagrun for example_trigger_target_dag to None, run_after=None
[2026-02-25T04:55:57.105+0000] {processor.py:178} INFO - Processing /home/airflow/.local/lib/python3.7/site-packages/airflow/example_dags/example_trigger_target_dag.py took 0.089 seconds
[2026-02-25T04:56:27.441+0000] {processor.py:156} INFO - Started process (PID=1065) to work on /home/airflow/.local/lib/python3.7/site-packages/airflow/example_dags/example_trigger_target_dag.py
[2026-02-25T04:56:27.442+0000] {processor.py:799} INFO - Processing file /home/airflow/.local/lib/python3.7/site-packages/airflow/example_dags/example_trigger_target_dag.py for tasks to queue
[2026-02-25T04:56:27.443+0000] {logging_mixin.py:149} INFO - [2026-02-25T04:56:27.443+0000] {dagbag.py:541} INFO - Filling up the DagBag from /home/airflow/.local/lib/python3.7/site-packages/airflow/example_dags/example_trigger_target_dag.py
[2026-02-25T04:56:27.447+0000] {processor.py:809} INFO - DAG(s) dict_keys(['example_trigger_target_dag']) retrieved from /home/airflow/.local/lib/python3.7/site-packages/airflow/example_dags/example_trigger_target_dag.py
[2026-02-25T04:56:27.465+0000] {logging_mixin.py:149} INFO - [2026-02-25T04:56:27.465+0000] {dag.py:2726} INFO - Sync 1 DAGs
[2026-02-25T04:56:27.488+0000] {logging_mixin.py:149} INFO - [2026-02-25T04:56:27.488+0000] {dag.py:3490} INFO - Setting next_dagrun for example_trigger_target_dag to None, run_after=None
[2026-02-25T04:56:27.505+0000] {processor.py:178} INFO - Processing /home/airflow/.local/lib/python3.7/site-packages/airflow/example_dags/example_trigger_target_dag.py took 0.066 seconds
[2026-02-25T04:56:58.035+0000] {processor.py:156} INFO - Started process (PID=1128) to work on /home/airflow/.local/lib/python3.7/site-packages/airflow/example_dags/example_trigger_target_dag.py
[2026-02-25T04:56:58.036+0000] {processor.py:799} INFO - Processing file /home/airflow/.local/lib/python3.7/site-packages/airflow/example_dags/example_trigger_target_dag.py for tasks to queue
[2026-02-25T04:56:58.037+0000] {logging_mixin.py:149} INFO - [2026-02-25T04:56:58.037+0000] {dagbag.py:541} INFO - Filling up the DagBag from /home/airflow/.local/lib/python3.7/site-packages/airflow/example_dags/example_trigger_target_dag.py
[2026-02-25T04:56:58.041+0000] {processor.py:809} INFO - DAG(s) dict_keys(['example_trigger_target_dag']) retrieved from /home/airflow/.local/lib/python3.7/site-packages/airflow/example_dags/example_trigger_target_dag.py
[2026-02-25T04:56:58.058+0000] {logging_mixin.py:149} INFO - [2026-02-25T04:56:58.058+0000] {dag.py:2726} INFO - Sync 1 DAGs
[2026-02-25T04:56:58.074+0000] {logging_mixin.py:149} INFO - [2026-02-25T04:56:58.074+0000] {dag.py:3490} INFO - Setting next_dagrun for example_trigger_target_dag to None, run_after=None
[2026-02-25T04:56:58.089+0000] {processor.py:178} INFO - Processing /home/airflow/.local/lib/python3.7/site-packages/airflow/example_dags/example_trigger_target_dag.py took 0.058 seconds
[2026-02-25T04:57:28.477+0000] {processor.py:156} INFO - Started process (PID=1191) to work on /home/airflow/.local/lib/python3.7/site-packages/airflow/example_dags/example_trigger_target_dag.py
[2026-02-25T04:57:28.480+0000] {processor.py:799} INFO - Processing file /home/airflow/.local/lib/python3.7/site-packages/airflow/example_dags/example_trigger_target_dag.py for tasks to queue
[2026-02-25T04:57:28.481+0000] {logging_mixin.py:149} INFO - [2026-02-25T04:57:28.481+0000] {dagbag.py:541} INFO - Filling up the DagBag from /home/airflow/.local/lib/python3.7/site-packages/airflow/example_dags/example_trigger_target_dag.py
[2026-02-25T04:57:28.484+0000] {processor.py:809} INFO - DAG(s) dict_keys(['example_trigger_target_dag']) retrieved from /home/airflow/.local/lib/python3.7/site-packages/airflow/example_dags/example_trigger_target_dag.py
[2026-02-25T04:57:28.506+0000] {logging_mixin.py:149} INFO - [2026-02-25T04:57:28.506+0000] {dag.py:2726} INFO - Sync 1 DAGs
[2026-02-25T04:57:28.527+0000] {logging_mixin.py:149} INFO - [2026-02-25T04:57:28.527+0000] {dag.py:3490} INFO - Setting next_dagrun for example_trigger_target_dag to None, run_after=None
[2026-02-25T04:57:28.539+0000] {processor.py:178} INFO - Processing /home/airflow/.local/lib/python3.7/site-packages/airflow/example_dags/example_trigger_target_dag.py took 0.065 seconds
[2026-02-25T04:57:58.827+0000] {processor.py:156} INFO - Started process (PID=1254) to work on /home/airflow/.local/lib/python3.7/site-packages/airflow/example_dags/example_trigger_target_dag.py
[2026-02-25T04:57:58.828+0000] {processor.py:799} INFO - Processing file /home/airflow/.local/lib/python3.7/site-packages/airflow/example_dags/example_trigger_target_dag.py for tasks to queue
[2026-02-25T04:57:58.829+0000] {logging_mixin.py:149} INFO - [2026-02-25T04:57:58.829+0000] {dagbag.py:541} INFO - Filling up the DagBag from /home/airflow/.local/lib/python3.7/site-packages/airflow/example_dags/example_trigger_target_dag.py
[2026-02-25T04:57:58.834+0000] {processor.py:809} INFO - DAG(s) dict_keys(['example_trigger_target_dag']) retrieved from /home/airflow/.local/lib/python3.7/site-packages/airflow/example_dags/example_trigger_target_dag.py
[2026-02-25T04:57:58.857+0000] {logging_mixin.py:149} INFO - [2026-02-25T04:57:58.857+0000] {dag.py:2726} INFO - Sync 1 DAGs
[2026-02-25T04:57:58.874+0000] {logging_mixin.py:149} INFO - [2026-02-25T04:57:58.874+0000] {dag.py:3490} INFO - Setting next_dagrun for example_trigger_target_dag to None, run_after=None
[2026-02-25T04:57:58.889+0000] {processor.py:178} INFO - Processing /home/airflow/.local/lib/python3.7/site-packages/airflow/example_dags/example_trigger_target_dag.py took 0.066 seconds
[2026-02-25T04:58:29.393+0000] {processor.py:156} INFO - Started process (PID=1317) to work on /home/airflow/.local/lib/python3.7/site-packages/airflow/example_dags/example_trigger_target_dag.py
[2026-02-25T04:58:29.395+0000] {processor.py:799} INFO - Processing file /home/airflow/.local/lib/python3.7/site-packages/airflow/example_dags/example_trigger_target_dag.py for tasks to queue
[2026-02-25T04:58:29.396+0000] {logging_mixin.py:149} INFO - [2026-02-25T04:58:29.396+0000] {dagbag.py:541} INFO - Filling up the DagBag from /home/airflow/.local/lib/python3.7/site-packages/airflow/example_dags/example_trigger_target_dag.py
[2026-02-25T04:58:29.400+0000] {processor.py:809} INFO - DAG(s) dict_keys(['example_trigger_target_dag']) retrieved from /home/airflow/.local/lib/python3.7/site-packages/airflow/example_dags/example_trigger_target_dag.py
[2026-02-25T04:58:29.421+0000] {logging_mixin.py:149} INFO - [2026-02-25T04:58:29.421+0000] {dag.py:2726} INFO - Sync 1 DAGs
[2026-02-25T04:58:29.441+0000] {logging_mixin.py:149} INFO - [2026-02-25T04:58:29.441+0000] {dag.py:3490} INFO - Setting next_dagrun for example_trigger_target_dag to None, run_after=None
[2026-02-25T04:58:29.457+0000] {processor.py:178} INFO - Processing /home/airflow/.local/lib/python3.7/site-packages/airflow/example_dags/example_trigger_target_dag.py took 0.066 seconds
[2026-02-25T04:59:00.097+0000] {processor.py:156} INFO - Started process (PID=1379) to work on /home/airflow/.local/lib/python3.7/site-packages/airflow/example_dags/example_trigger_target_dag.py
[2026-02-25T04:59:00.098+0000] {processor.py:799} INFO - Processing file /home/airflow/.local/lib/python3.7/site-packages/airflow/example_dags/example_trigger_target_dag.py for tasks to queue
[2026-02-25T04:59:00.100+0000] {logging_mixin.py:149} INFO - [2026-02-25T04:59:00.100+0000] {dagbag.py:541} INFO - Filling up the DagBag from /home/airflow/.local/lib/python3.7/site-packages/airflow/example_dags/example_trigger_target_dag.py
[2026-02-25T04:59:00.105+0000] {processor.py:809} INFO - DAG(s) dict_keys(['example_trigger_target_dag']) retrieved from /home/airflow/.local/lib/python3.7/site-packages/airflow/example_dags/example_trigger_target_dag.py
[2026-02-25T04:59:00.123+0000] {logging_mixin.py:149} INFO - [2026-02-25T04:59:00.122+0000] {dag.py:2726} INFO - Sync 1 DAGs
[2026-02-25T04:59:00.140+0000] {logging_mixin.py:149} INFO - [2026-02-25T04:59:00.140+0000] {dag.py:3490} INFO - Setting next_dagrun for example_trigger_target_dag to None, run_after=None
[2026-02-25T04:59:00.153+0000] {processor.py:178} INFO - Processing /home/airflow/.local/lib/python3.7/site-packages/airflow/example_dags/example_trigger_target_dag.py took 0.058 seconds
[2026-02-25T04:59:30.657+0000] {processor.py:156} INFO - Started process (PID=1442) to work on /home/airflow/.local/lib/python3.7/site-packages/airflow/example_dags/example_trigger_target_dag.py
[2026-02-25T04:59:30.658+0000] {processor.py:799} INFO - Processing file /home/airflow/.local/lib/python3.7/site-packages/airflow/example_dags/example_trigger_target_dag.py for tasks to queue
[2026-02-25T04:59:30.660+0000] {logging_mixin.py:149} INFO - [2026-02-25T04:59:30.660+0000] {dagbag.py:541} INFO - Filling up the DagBag from /home/airflow/.local/lib/python3.7/site-packages/airflow/example_dags/example_trigger_target_dag.py
[2026-02-25T04:59:30.664+0000] {processor.py:809} INFO - DAG(s) dict_keys(['example_trigger_target_dag']) retrieved from /home/airflow/.local/lib/python3.7/site-packages/airflow/example_dags/example_trigger_target_dag.py
[2026-02-25T04:59:30.683+0000] {logging_mixin.py:149} INFO - [2026-02-25T04:59:30.683+0000] {dag.py:2726} INFO - Sync 1 DAGs
[2026-02-25T04:59:30.706+0000] {logging_mixin.py:149} INFO - [2026-02-25T04:59:30.706+0000] {dag.py:3490} INFO - Setting next_dagrun for example_trigger_target_dag to None, run_after=None
[2026-02-25T04:59:30.722+0000] {processor.py:178} INFO - Processing /home/airflow/.local/lib/python3.7/site-packages/airflow/example_dags/example_trigger_target_dag.py took 0.070 seconds
