[2026-02-25T04:40:41.117+0000] {processor.py:156} INFO - Started process (PID=77) to work on /home/airflow/.local/lib/python3.7/site-packages/airflow/example_dags/example_nested_branch_dag.py
[2026-02-25T04:40:41.117+0000] {processor.py:799} INFO - Processing file /home/airflow/.local/lib/python3.7/site-packages/airflow/example_dags/example_nested_branch_dag.py for tasks to queue
[2026-02-25T04:40:41.118+0000] {logging_mixin.py:149} INFO - [2026-02-25T04:40:41.118+0000] {dagbag.py:541} INFO - Filling up the DagBag from /home/airflow/.local/lib/python3.7/site-packages/airflow/example_dags/example_nested_branch_dag.py
[2026-02-25T04:40:41.124+0000] {processor.py:809} INFO - DAG(s) dict_keys(['example_nested_branch_dag']) retrieved from /home/airflow/.local/lib/python3.7/site-packages/airflow/example_dags/example_nested_branch_dag.py
[2026-02-25T04:40:41.213+0000] {logging_mixin.py:149} INFO - [2026-02-25T04:40:41.213+0000] {manager.py:504} INFO - Created Permission View: can edit on DAG:example_nested_branch_dag
[2026-02-25T04:40:41.225+0000] {logging_mixin.py:149} INFO - [2026-02-25T04:40:41.225+0000] {manager.py:504} INFO - Created Permission View: can delete on DAG:example_nested_branch_dag
[2026-02-25T04:40:41.232+0000] {logging_mixin.py:149} INFO - [2026-02-25T04:40:41.232+0000] {manager.py:504} INFO - Created Permission View: can read on DAG:example_nested_branch_dag
[2026-02-25T04:40:41.233+0000] {logging_mixin.py:149} INFO - [2026-02-25T04:40:41.233+0000] {dag.py:2726} INFO - Sync 1 DAGs
[2026-02-25T04:40:41.248+0000] {logging_mixin.py:149} INFO - [2026-02-25T04:40:41.248+0000] {dag.py:2747} INFO - Creating ORM DAG for example_nested_branch_dag
[2026-02-25T04:40:41.258+0000] {logging_mixin.py:149} INFO - [2026-02-25T04:40:41.258+0000] {dag.py:3490} INFO - Setting next_dagrun for example_nested_branch_dag to 2026-02-24T00:00:00+00:00, run_after=2026-02-25T00:00:00+00:00
[2026-02-25T04:40:41.271+0000] {processor.py:178} INFO - Processing /home/airflow/.local/lib/python3.7/site-packages/airflow/example_dags/example_nested_branch_dag.py took 0.157 seconds
[2026-02-25T04:41:11.829+0000] {processor.py:156} INFO - Started process (PID=140) to work on /home/airflow/.local/lib/python3.7/site-packages/airflow/example_dags/example_nested_branch_dag.py
[2026-02-25T04:41:11.829+0000] {processor.py:799} INFO - Processing file /home/airflow/.local/lib/python3.7/site-packages/airflow/example_dags/example_nested_branch_dag.py for tasks to queue
[2026-02-25T04:41:11.830+0000] {logging_mixin.py:149} INFO - [2026-02-25T04:41:11.830+0000] {dagbag.py:541} INFO - Filling up the DagBag from /home/airflow/.local/lib/python3.7/site-packages/airflow/example_dags/example_nested_branch_dag.py
[2026-02-25T04:41:11.836+0000] {processor.py:809} INFO - DAG(s) dict_keys(['example_nested_branch_dag']) retrieved from /home/airflow/.local/lib/python3.7/site-packages/airflow/example_dags/example_nested_branch_dag.py
[2026-02-25T04:41:11.857+0000] {logging_mixin.py:149} INFO - [2026-02-25T04:41:11.857+0000] {dag.py:2726} INFO - Sync 1 DAGs
[2026-02-25T04:41:11.873+0000] {logging_mixin.py:149} INFO - [2026-02-25T04:41:11.873+0000] {dag.py:3490} INFO - Setting next_dagrun for example_nested_branch_dag to 2026-02-24T00:00:00+00:00, run_after=2026-02-25T00:00:00+00:00
[2026-02-25T04:41:11.888+0000] {processor.py:178} INFO - Processing /home/airflow/.local/lib/python3.7/site-packages/airflow/example_dags/example_nested_branch_dag.py took 0.062 seconds
[2026-02-25T04:41:42.724+0000] {processor.py:156} INFO - Started process (PID=203) to work on /home/airflow/.local/lib/python3.7/site-packages/airflow/example_dags/example_nested_branch_dag.py
[2026-02-25T04:41:42.725+0000] {processor.py:799} INFO - Processing file /home/airflow/.local/lib/python3.7/site-packages/airflow/example_dags/example_nested_branch_dag.py for tasks to queue
[2026-02-25T04:41:42.726+0000] {logging_mixin.py:149} INFO - [2026-02-25T04:41:42.726+0000] {dagbag.py:541} INFO - Filling up the DagBag from /home/airflow/.local/lib/python3.7/site-packages/airflow/example_dags/example_nested_branch_dag.py
[2026-02-25T04:41:42.733+0000] {processor.py:809} INFO - DAG(s) dict_keys(['example_nested_branch_dag']) retrieved from /home/airflow/.local/lib/python3.7/site-packages/airflow/example_dags/example_nested_branch_dag.py
[2026-02-25T04:41:42.766+0000] {logging_mixin.py:149} INFO - [2026-02-25T04:41:42.766+0000] {dag.py:2726} INFO - Sync 1 DAGs
[2026-02-25T04:41:42.785+0000] {logging_mixin.py:149} INFO - [2026-02-25T04:41:42.785+0000] {dag.py:3490} INFO - Setting next_dagrun for example_nested_branch_dag to 2026-02-24T00:00:00+00:00, run_after=2026-02-25T00:00:00+00:00
[2026-02-25T04:41:42.807+0000] {processor.py:178} INFO - Processing /home/airflow/.local/lib/python3.7/site-packages/airflow/example_dags/example_nested_branch_dag.py took 0.089 seconds
[2026-02-25T04:42:12.866+0000] {processor.py:156} INFO - Started process (PID=266) to work on /home/airflow/.local/lib/python3.7/site-packages/airflow/example_dags/example_nested_branch_dag.py
[2026-02-25T04:42:12.867+0000] {processor.py:799} INFO - Processing file /home/airflow/.local/lib/python3.7/site-packages/airflow/example_dags/example_nested_branch_dag.py for tasks to queue
[2026-02-25T04:42:12.868+0000] {logging_mixin.py:149} INFO - [2026-02-25T04:42:12.868+0000] {dagbag.py:541} INFO - Filling up the DagBag from /home/airflow/.local/lib/python3.7/site-packages/airflow/example_dags/example_nested_branch_dag.py
[2026-02-25T04:42:12.874+0000] {processor.py:809} INFO - DAG(s) dict_keys(['example_nested_branch_dag']) retrieved from /home/airflow/.local/lib/python3.7/site-packages/airflow/example_dags/example_nested_branch_dag.py
[2026-02-25T04:42:12.898+0000] {logging_mixin.py:149} INFO - [2026-02-25T04:42:12.897+0000] {dag.py:2726} INFO - Sync 1 DAGs
[2026-02-25T04:42:12.920+0000] {logging_mixin.py:149} INFO - [2026-02-25T04:42:12.920+0000] {dag.py:3490} INFO - Setting next_dagrun for example_nested_branch_dag to 2026-02-24T00:00:00+00:00, run_after=2026-02-25T00:00:00+00:00
[2026-02-25T04:42:12.936+0000] {processor.py:178} INFO - Processing /home/airflow/.local/lib/python3.7/site-packages/airflow/example_dags/example_nested_branch_dag.py took 0.071 seconds
[2026-02-25T04:42:43.494+0000] {processor.py:156} INFO - Started process (PID=329) to work on /home/airflow/.local/lib/python3.7/site-packages/airflow/example_dags/example_nested_branch_dag.py
[2026-02-25T04:42:43.495+0000] {processor.py:799} INFO - Processing file /home/airflow/.local/lib/python3.7/site-packages/airflow/example_dags/example_nested_branch_dag.py for tasks to queue
[2026-02-25T04:42:43.496+0000] {logging_mixin.py:149} INFO - [2026-02-25T04:42:43.496+0000] {dagbag.py:541} INFO - Filling up the DagBag from /home/airflow/.local/lib/python3.7/site-packages/airflow/example_dags/example_nested_branch_dag.py
[2026-02-25T04:42:43.501+0000] {processor.py:809} INFO - DAG(s) dict_keys(['example_nested_branch_dag']) retrieved from /home/airflow/.local/lib/python3.7/site-packages/airflow/example_dags/example_nested_branch_dag.py
[2026-02-25T04:42:43.519+0000] {logging_mixin.py:149} INFO - [2026-02-25T04:42:43.519+0000] {dag.py:2726} INFO - Sync 1 DAGs
[2026-02-25T04:42:43.540+0000] {logging_mixin.py:149} INFO - [2026-02-25T04:42:43.540+0000] {dag.py:3490} INFO - Setting next_dagrun for example_nested_branch_dag to 2026-02-24T00:00:00+00:00, run_after=2026-02-25T00:00:00+00:00
[2026-02-25T04:42:43.557+0000] {processor.py:178} INFO - Processing /home/airflow/.local/lib/python3.7/site-packages/airflow/example_dags/example_nested_branch_dag.py took 0.064 seconds
[2026-02-25T04:48:22.417+0000] {processor.py:156} INFO - Started process (PID=69) to work on /home/airflow/.local/lib/python3.7/site-packages/airflow/example_dags/example_nested_branch_dag.py
[2026-02-25T04:48:22.418+0000] {processor.py:799} INFO - Processing file /home/airflow/.local/lib/python3.7/site-packages/airflow/example_dags/example_nested_branch_dag.py for tasks to queue
[2026-02-25T04:48:22.420+0000] {logging_mixin.py:149} INFO - [2026-02-25T04:48:22.420+0000] {dagbag.py:541} INFO - Filling up the DagBag from /home/airflow/.local/lib/python3.7/site-packages/airflow/example_dags/example_nested_branch_dag.py
[2026-02-25T04:48:22.433+0000] {processor.py:809} INFO - DAG(s) dict_keys(['example_nested_branch_dag']) retrieved from /home/airflow/.local/lib/python3.7/site-packages/airflow/example_dags/example_nested_branch_dag.py
[2026-02-25T04:48:22.443+0000] {logging_mixin.py:149} INFO - [2026-02-25T04:48:22.443+0000] {dag.py:2726} INFO - Sync 1 DAGs
[2026-02-25T04:48:22.466+0000] {logging_mixin.py:149} INFO - [2026-02-25T04:48:22.466+0000] {dag.py:3490} INFO - Setting next_dagrun for example_nested_branch_dag to 2026-02-24T00:00:00+00:00, run_after=2026-02-25T00:00:00+00:00
[2026-02-25T04:48:22.481+0000] {processor.py:178} INFO - Processing /home/airflow/.local/lib/python3.7/site-packages/airflow/example_dags/example_nested_branch_dag.py took 0.066 seconds
[2026-02-25T04:48:52.962+0000] {processor.py:156} INFO - Started process (PID=132) to work on /home/airflow/.local/lib/python3.7/site-packages/airflow/example_dags/example_nested_branch_dag.py
[2026-02-25T04:48:52.964+0000] {processor.py:799} INFO - Processing file /home/airflow/.local/lib/python3.7/site-packages/airflow/example_dags/example_nested_branch_dag.py for tasks to queue
[2026-02-25T04:48:52.964+0000] {logging_mixin.py:149} INFO - [2026-02-25T04:48:52.964+0000] {dagbag.py:541} INFO - Filling up the DagBag from /home/airflow/.local/lib/python3.7/site-packages/airflow/example_dags/example_nested_branch_dag.py
[2026-02-25T04:48:52.971+0000] {processor.py:809} INFO - DAG(s) dict_keys(['example_nested_branch_dag']) retrieved from /home/airflow/.local/lib/python3.7/site-packages/airflow/example_dags/example_nested_branch_dag.py
[2026-02-25T04:48:52.994+0000] {logging_mixin.py:149} INFO - [2026-02-25T04:48:52.994+0000] {dag.py:2726} INFO - Sync 1 DAGs
[2026-02-25T04:48:53.012+0000] {logging_mixin.py:149} INFO - [2026-02-25T04:48:53.012+0000] {dag.py:3490} INFO - Setting next_dagrun for example_nested_branch_dag to 2026-02-24T00:00:00+00:00, run_after=2026-02-25T00:00:00+00:00
[2026-02-25T04:48:53.030+0000] {processor.py:178} INFO - Processing /home/airflow/.local/lib/python3.7/site-packages/airflow/example_dags/example_nested_branch_dag.py took 0.071 seconds
[2026-02-25T04:49:23.540+0000] {processor.py:156} INFO - Started process (PID=195) to work on /home/airflow/.local/lib/python3.7/site-packages/airflow/example_dags/example_nested_branch_dag.py
[2026-02-25T04:49:23.541+0000] {processor.py:799} INFO - Processing file /home/airflow/.local/lib/python3.7/site-packages/airflow/example_dags/example_nested_branch_dag.py for tasks to queue
[2026-02-25T04:49:23.542+0000] {logging_mixin.py:149} INFO - [2026-02-25T04:49:23.542+0000] {dagbag.py:541} INFO - Filling up the DagBag from /home/airflow/.local/lib/python3.7/site-packages/airflow/example_dags/example_nested_branch_dag.py
[2026-02-25T04:49:23.549+0000] {processor.py:809} INFO - DAG(s) dict_keys(['example_nested_branch_dag']) retrieved from /home/airflow/.local/lib/python3.7/site-packages/airflow/example_dags/example_nested_branch_dag.py
[2026-02-25T04:49:23.568+0000] {logging_mixin.py:149} INFO - [2026-02-25T04:49:23.568+0000] {dag.py:2726} INFO - Sync 1 DAGs
[2026-02-25T04:49:23.584+0000] {logging_mixin.py:149} INFO - [2026-02-25T04:49:23.584+0000] {dag.py:3490} INFO - Setting next_dagrun for example_nested_branch_dag to 2026-02-24T00:00:00+00:00, run_after=2026-02-25T00:00:00+00:00
[2026-02-25T04:49:23.596+0000] {processor.py:178} INFO - Processing /home/airflow/.local/lib/python3.7/site-packages/airflow/example_dags/example_nested_branch_dag.py took 0.058 seconds
[2026-02-25T04:49:54.084+0000] {processor.py:156} INFO - Started process (PID=265) to work on /home/airflow/.local/lib/python3.7/site-packages/airflow/example_dags/example_nested_branch_dag.py
[2026-02-25T04:49:54.086+0000] {processor.py:799} INFO - Processing file /home/airflow/.local/lib/python3.7/site-packages/airflow/example_dags/example_nested_branch_dag.py for tasks to queue
[2026-02-25T04:49:54.086+0000] {logging_mixin.py:149} INFO - [2026-02-25T04:49:54.086+0000] {dagbag.py:541} INFO - Filling up the DagBag from /home/airflow/.local/lib/python3.7/site-packages/airflow/example_dags/example_nested_branch_dag.py
[2026-02-25T04:49:54.095+0000] {processor.py:809} INFO - DAG(s) dict_keys(['example_nested_branch_dag']) retrieved from /home/airflow/.local/lib/python3.7/site-packages/airflow/example_dags/example_nested_branch_dag.py
[2026-02-25T04:49:54.112+0000] {logging_mixin.py:149} INFO - [2026-02-25T04:49:54.112+0000] {dag.py:2726} INFO - Sync 1 DAGs
[2026-02-25T04:49:54.131+0000] {logging_mixin.py:149} INFO - [2026-02-25T04:49:54.131+0000] {dag.py:3490} INFO - Setting next_dagrun for example_nested_branch_dag to 2026-02-24T00:00:00+00:00, run_after=2026-02-25T00:00:00+00:00
[2026-02-25T04:49:54.151+0000] {processor.py:178} INFO - Processing /home/airflow/.local/lib/python3.7/site-packages/airflow/example_dags/example_nested_branch_dag.py took 0.069 seconds
[2026-02-25T04:50:24.543+0000] {processor.py:156} INFO - Started process (PID=328) to work on /home/airflow/.local/lib/python3.7/site-packages/airflow/example_dags/example_nested_branch_dag.py
[2026-02-25T04:50:24.545+0000] {processor.py:799} INFO - Processing file /home/airflow/.local/lib/python3.7/site-packages/airflow/example_dags/example_nested_branch_dag.py for tasks to queue
[2026-02-25T04:50:24.546+0000] {logging_mixin.py:149} INFO - [2026-02-25T04:50:24.546+0000] {dagbag.py:541} INFO - Filling up the DagBag from /home/airflow/.local/lib/python3.7/site-packages/airflow/example_dags/example_nested_branch_dag.py
[2026-02-25T04:50:24.552+0000] {processor.py:809} INFO - DAG(s) dict_keys(['example_nested_branch_dag']) retrieved from /home/airflow/.local/lib/python3.7/site-packages/airflow/example_dags/example_nested_branch_dag.py
[2026-02-25T04:50:24.568+0000] {logging_mixin.py:149} INFO - [2026-02-25T04:50:24.568+0000] {dag.py:2726} INFO - Sync 1 DAGs
[2026-02-25T04:50:24.583+0000] {logging_mixin.py:149} INFO - [2026-02-25T04:50:24.583+0000] {dag.py:3490} INFO - Setting next_dagrun for example_nested_branch_dag to 2026-02-24T00:00:00+00:00, run_after=2026-02-25T00:00:00+00:00
[2026-02-25T04:50:24.598+0000] {processor.py:178} INFO - Processing /home/airflow/.local/lib/python3.7/site-packages/airflow/example_dags/example_nested_branch_dag.py took 0.057 seconds
[2026-02-25T04:50:54.816+0000] {processor.py:156} INFO - Started process (PID=391) to work on /home/airflow/.local/lib/python3.7/site-packages/airflow/example_dags/example_nested_branch_dag.py
[2026-02-25T04:50:54.817+0000] {processor.py:799} INFO - Processing file /home/airflow/.local/lib/python3.7/site-packages/airflow/example_dags/example_nested_branch_dag.py for tasks to queue
[2026-02-25T04:50:54.821+0000] {logging_mixin.py:149} INFO - [2026-02-25T04:50:54.821+0000] {dagbag.py:541} INFO - Filling up the DagBag from /home/airflow/.local/lib/python3.7/site-packages/airflow/example_dags/example_nested_branch_dag.py
[2026-02-25T04:50:54.826+0000] {processor.py:809} INFO - DAG(s) dict_keys(['example_nested_branch_dag']) retrieved from /home/airflow/.local/lib/python3.7/site-packages/airflow/example_dags/example_nested_branch_dag.py
[2026-02-25T04:50:54.842+0000] {logging_mixin.py:149} INFO - [2026-02-25T04:50:54.841+0000] {dag.py:2726} INFO - Sync 1 DAGs
[2026-02-25T04:50:54.857+0000] {logging_mixin.py:149} INFO - [2026-02-25T04:50:54.857+0000] {dag.py:3490} INFO - Setting next_dagrun for example_nested_branch_dag to 2026-02-24T00:00:00+00:00, run_after=2026-02-25T00:00:00+00:00
[2026-02-25T04:50:54.874+0000] {processor.py:178} INFO - Processing /home/airflow/.local/lib/python3.7/site-packages/airflow/example_dags/example_nested_branch_dag.py took 0.059 seconds
[2026-02-25T04:51:24.976+0000] {processor.py:156} INFO - Started process (PID=453) to work on /home/airflow/.local/lib/python3.7/site-packages/airflow/example_dags/example_nested_branch_dag.py
[2026-02-25T04:51:24.977+0000] {processor.py:799} INFO - Processing file /home/airflow/.local/lib/python3.7/site-packages/airflow/example_dags/example_nested_branch_dag.py for tasks to queue
[2026-02-25T04:51:24.978+0000] {logging_mixin.py:149} INFO - [2026-02-25T04:51:24.978+0000] {dagbag.py:541} INFO - Filling up the DagBag from /home/airflow/.local/lib/python3.7/site-packages/airflow/example_dags/example_nested_branch_dag.py
[2026-02-25T04:51:24.989+0000] {processor.py:809} INFO - DAG(s) dict_keys(['example_nested_branch_dag']) retrieved from /home/airflow/.local/lib/python3.7/site-packages/airflow/example_dags/example_nested_branch_dag.py
[2026-02-25T04:51:25.013+0000] {logging_mixin.py:149} INFO - [2026-02-25T04:51:25.013+0000] {dag.py:2726} INFO - Sync 1 DAGs
[2026-02-25T04:51:25.034+0000] {logging_mixin.py:149} INFO - [2026-02-25T04:51:25.034+0000] {dag.py:3490} INFO - Setting next_dagrun for example_nested_branch_dag to 2026-02-24T00:00:00+00:00, run_after=2026-02-25T00:00:00+00:00
[2026-02-25T04:51:25.046+0000] {processor.py:178} INFO - Processing /home/airflow/.local/lib/python3.7/site-packages/airflow/example_dags/example_nested_branch_dag.py took 0.074 seconds
[2026-02-25T04:51:55.345+0000] {processor.py:156} INFO - Started process (PID=517) to work on /home/airflow/.local/lib/python3.7/site-packages/airflow/example_dags/example_nested_branch_dag.py
[2026-02-25T04:51:55.346+0000] {processor.py:799} INFO - Processing file /home/airflow/.local/lib/python3.7/site-packages/airflow/example_dags/example_nested_branch_dag.py for tasks to queue
[2026-02-25T04:51:55.347+0000] {logging_mixin.py:149} INFO - [2026-02-25T04:51:55.347+0000] {dagbag.py:541} INFO - Filling up the DagBag from /home/airflow/.local/lib/python3.7/site-packages/airflow/example_dags/example_nested_branch_dag.py
[2026-02-25T04:51:55.354+0000] {processor.py:809} INFO - DAG(s) dict_keys(['example_nested_branch_dag']) retrieved from /home/airflow/.local/lib/python3.7/site-packages/airflow/example_dags/example_nested_branch_dag.py
[2026-02-25T04:51:55.370+0000] {logging_mixin.py:149} INFO - [2026-02-25T04:51:55.370+0000] {dag.py:2726} INFO - Sync 1 DAGs
[2026-02-25T04:51:55.387+0000] {logging_mixin.py:149} INFO - [2026-02-25T04:51:55.387+0000] {dag.py:3490} INFO - Setting next_dagrun for example_nested_branch_dag to 2026-02-24T00:00:00+00:00, run_after=2026-02-25T00:00:00+00:00
[2026-02-25T04:51:55.407+0000] {processor.py:178} INFO - Processing /home/airflow/.local/lib/python3.7/site-packages/airflow/example_dags/example_nested_branch_dag.py took 0.065 seconds
[2026-02-25T04:52:25.790+0000] {processor.py:156} INFO - Started process (PID=580) to work on /home/airflow/.local/lib/python3.7/site-packages/airflow/example_dags/example_nested_branch_dag.py
[2026-02-25T04:52:25.791+0000] {processor.py:799} INFO - Processing file /home/airflow/.local/lib/python3.7/site-packages/airflow/example_dags/example_nested_branch_dag.py for tasks to queue
[2026-02-25T04:52:25.792+0000] {logging_mixin.py:149} INFO - [2026-02-25T04:52:25.792+0000] {dagbag.py:541} INFO - Filling up the DagBag from /home/airflow/.local/lib/python3.7/site-packages/airflow/example_dags/example_nested_branch_dag.py
[2026-02-25T04:52:25.798+0000] {processor.py:809} INFO - DAG(s) dict_keys(['example_nested_branch_dag']) retrieved from /home/airflow/.local/lib/python3.7/site-packages/airflow/example_dags/example_nested_branch_dag.py
[2026-02-25T04:52:25.817+0000] {logging_mixin.py:149} INFO - [2026-02-25T04:52:25.817+0000] {dag.py:2726} INFO - Sync 1 DAGs
[2026-02-25T04:52:25.833+0000] {logging_mixin.py:149} INFO - [2026-02-25T04:52:25.833+0000] {dag.py:3490} INFO - Setting next_dagrun for example_nested_branch_dag to 2026-02-24T00:00:00+00:00, run_after=2026-02-25T00:00:00+00:00
[2026-02-25T04:52:25.843+0000] {processor.py:178} INFO - Processing /home/airflow/.local/lib/python3.7/site-packages/airflow/example_dags/example_nested_branch_dag.py took 0.055 seconds
[2026-02-25T04:52:56.286+0000] {processor.py:156} INFO - Started process (PID=643) to work on /home/airflow/.local/lib/python3.7/site-packages/airflow/example_dags/example_nested_branch_dag.py
[2026-02-25T04:52:56.287+0000] {processor.py:799} INFO - Processing file /home/airflow/.local/lib/python3.7/site-packages/airflow/example_dags/example_nested_branch_dag.py for tasks to queue
[2026-02-25T04:52:56.287+0000] {logging_mixin.py:149} INFO - [2026-02-25T04:52:56.287+0000] {dagbag.py:541} INFO - Filling up the DagBag from /home/airflow/.local/lib/python3.7/site-packages/airflow/example_dags/example_nested_branch_dag.py
[2026-02-25T04:52:56.293+0000] {processor.py:809} INFO - DAG(s) dict_keys(['example_nested_branch_dag']) retrieved from /home/airflow/.local/lib/python3.7/site-packages/airflow/example_dags/example_nested_branch_dag.py
[2026-02-25T04:52:56.321+0000] {logging_mixin.py:149} INFO - [2026-02-25T04:52:56.321+0000] {dag.py:2726} INFO - Sync 1 DAGs
[2026-02-25T04:52:56.342+0000] {logging_mixin.py:149} INFO - [2026-02-25T04:52:56.342+0000] {dag.py:3490} INFO - Setting next_dagrun for example_nested_branch_dag to 2026-02-24T00:00:00+00:00, run_after=2026-02-25T00:00:00+00:00
[2026-02-25T04:52:56.356+0000] {processor.py:178} INFO - Processing /home/airflow/.local/lib/python3.7/site-packages/airflow/example_dags/example_nested_branch_dag.py took 0.074 seconds
[2026-02-25T04:53:26.930+0000] {processor.py:156} INFO - Started process (PID=706) to work on /home/airflow/.local/lib/python3.7/site-packages/airflow/example_dags/example_nested_branch_dag.py
[2026-02-25T04:53:26.931+0000] {processor.py:799} INFO - Processing file /home/airflow/.local/lib/python3.7/site-packages/airflow/example_dags/example_nested_branch_dag.py for tasks to queue
[2026-02-25T04:53:26.932+0000] {logging_mixin.py:149} INFO - [2026-02-25T04:53:26.932+0000] {dagbag.py:541} INFO - Filling up the DagBag from /home/airflow/.local/lib/python3.7/site-packages/airflow/example_dags/example_nested_branch_dag.py
[2026-02-25T04:53:26.940+0000] {processor.py:809} INFO - DAG(s) dict_keys(['example_nested_branch_dag']) retrieved from /home/airflow/.local/lib/python3.7/site-packages/airflow/example_dags/example_nested_branch_dag.py
[2026-02-25T04:53:26.960+0000] {logging_mixin.py:149} INFO - [2026-02-25T04:53:26.960+0000] {dag.py:2726} INFO - Sync 1 DAGs
[2026-02-25T04:53:26.976+0000] {logging_mixin.py:149} INFO - [2026-02-25T04:53:26.976+0000] {dag.py:3490} INFO - Setting next_dagrun for example_nested_branch_dag to 2026-02-24T00:00:00+00:00, run_after=2026-02-25T00:00:00+00:00
[2026-02-25T04:53:26.996+0000] {processor.py:178} INFO - Processing /home/airflow/.local/lib/python3.7/site-packages/airflow/example_dags/example_nested_branch_dag.py took 0.071 seconds
[2026-02-25T04:53:57.375+0000] {processor.py:156} INFO - Started process (PID=769) to work on /home/airflow/.local/lib/python3.7/site-packages/airflow/example_dags/example_nested_branch_dag.py
[2026-02-25T04:53:57.376+0000] {processor.py:799} INFO - Processing file /home/airflow/.local/lib/python3.7/site-packages/airflow/example_dags/example_nested_branch_dag.py for tasks to queue
[2026-02-25T04:53:57.377+0000] {logging_mixin.py:149} INFO - [2026-02-25T04:53:57.377+0000] {dagbag.py:541} INFO - Filling up the DagBag from /home/airflow/.local/lib/python3.7/site-packages/airflow/example_dags/example_nested_branch_dag.py
[2026-02-25T04:53:57.383+0000] {processor.py:809} INFO - DAG(s) dict_keys(['example_nested_branch_dag']) retrieved from /home/airflow/.local/lib/python3.7/site-packages/airflow/example_dags/example_nested_branch_dag.py
[2026-02-25T04:53:57.404+0000] {logging_mixin.py:149} INFO - [2026-02-25T04:53:57.404+0000] {dag.py:2726} INFO - Sync 1 DAGs
[2026-02-25T04:53:57.424+0000] {logging_mixin.py:149} INFO - [2026-02-25T04:53:57.424+0000] {dag.py:3490} INFO - Setting next_dagrun for example_nested_branch_dag to 2026-02-24T00:00:00+00:00, run_after=2026-02-25T00:00:00+00:00
[2026-02-25T04:53:57.438+0000] {processor.py:178} INFO - Processing /home/airflow/.local/lib/python3.7/site-packages/airflow/example_dags/example_nested_branch_dag.py took 0.066 seconds
[2026-02-25T04:54:27.710+0000] {processor.py:156} INFO - Started process (PID=831) to work on /home/airflow/.local/lib/python3.7/site-packages/airflow/example_dags/example_nested_branch_dag.py
[2026-02-25T04:54:27.711+0000] {processor.py:799} INFO - Processing file /home/airflow/.local/lib/python3.7/site-packages/airflow/example_dags/example_nested_branch_dag.py for tasks to queue
[2026-02-25T04:54:27.712+0000] {logging_mixin.py:149} INFO - [2026-02-25T04:54:27.712+0000] {dagbag.py:541} INFO - Filling up the DagBag from /home/airflow/.local/lib/python3.7/site-packages/airflow/example_dags/example_nested_branch_dag.py
[2026-02-25T04:54:27.722+0000] {processor.py:809} INFO - DAG(s) dict_keys(['example_nested_branch_dag']) retrieved from /home/airflow/.local/lib/python3.7/site-packages/airflow/example_dags/example_nested_branch_dag.py
[2026-02-25T04:54:27.739+0000] {logging_mixin.py:149} INFO - [2026-02-25T04:54:27.739+0000] {dag.py:2726} INFO - Sync 1 DAGs
[2026-02-25T04:54:27.759+0000] {logging_mixin.py:149} INFO - [2026-02-25T04:54:27.759+0000] {dag.py:3490} INFO - Setting next_dagrun for example_nested_branch_dag to 2026-02-24T00:00:00+00:00, run_after=2026-02-25T00:00:00+00:00
[2026-02-25T04:54:27.778+0000] {processor.py:178} INFO - Processing /home/airflow/.local/lib/python3.7/site-packages/airflow/example_dags/example_nested_branch_dag.py took 0.071 seconds
[2026-02-25T04:54:58.061+0000] {processor.py:156} INFO - Started process (PID=895) to work on /home/airflow/.local/lib/python3.7/site-packages/airflow/example_dags/example_nested_branch_dag.py
[2026-02-25T04:54:58.062+0000] {processor.py:799} INFO - Processing file /home/airflow/.local/lib/python3.7/site-packages/airflow/example_dags/example_nested_branch_dag.py for tasks to queue
[2026-02-25T04:54:58.063+0000] {logging_mixin.py:149} INFO - [2026-02-25T04:54:58.062+0000] {dagbag.py:541} INFO - Filling up the DagBag from /home/airflow/.local/lib/python3.7/site-packages/airflow/example_dags/example_nested_branch_dag.py
[2026-02-25T04:54:58.069+0000] {processor.py:809} INFO - DAG(s) dict_keys(['example_nested_branch_dag']) retrieved from /home/airflow/.local/lib/python3.7/site-packages/airflow/example_dags/example_nested_branch_dag.py
[2026-02-25T04:54:58.084+0000] {logging_mixin.py:149} INFO - [2026-02-25T04:54:58.084+0000] {dag.py:2726} INFO - Sync 1 DAGs
[2026-02-25T04:54:58.099+0000] {logging_mixin.py:149} INFO - [2026-02-25T04:54:58.099+0000] {dag.py:3490} INFO - Setting next_dagrun for example_nested_branch_dag to 2026-02-24T00:00:00+00:00, run_after=2026-02-25T00:00:00+00:00
[2026-02-25T04:54:58.112+0000] {processor.py:178} INFO - Processing /home/airflow/.local/lib/python3.7/site-packages/airflow/example_dags/example_nested_branch_dag.py took 0.053 seconds
[2026-02-25T04:55:28.425+0000] {processor.py:156} INFO - Started process (PID=958) to work on /home/airflow/.local/lib/python3.7/site-packages/airflow/example_dags/example_nested_branch_dag.py
[2026-02-25T04:55:28.426+0000] {processor.py:799} INFO - Processing file /home/airflow/.local/lib/python3.7/site-packages/airflow/example_dags/example_nested_branch_dag.py for tasks to queue
[2026-02-25T04:55:28.426+0000] {logging_mixin.py:149} INFO - [2026-02-25T04:55:28.426+0000] {dagbag.py:541} INFO - Filling up the DagBag from /home/airflow/.local/lib/python3.7/site-packages/airflow/example_dags/example_nested_branch_dag.py
[2026-02-25T04:55:28.434+0000] {processor.py:809} INFO - DAG(s) dict_keys(['example_nested_branch_dag']) retrieved from /home/airflow/.local/lib/python3.7/site-packages/airflow/example_dags/example_nested_branch_dag.py
[2026-02-25T04:55:28.455+0000] {logging_mixin.py:149} INFO - [2026-02-25T04:55:28.454+0000] {dag.py:2726} INFO - Sync 1 DAGs
[2026-02-25T04:55:28.470+0000] {logging_mixin.py:149} INFO - [2026-02-25T04:55:28.470+0000] {dag.py:3490} INFO - Setting next_dagrun for example_nested_branch_dag to 2026-02-24T00:00:00+00:00, run_after=2026-02-25T00:00:00+00:00
[2026-02-25T04:55:28.482+0000] {processor.py:178} INFO - Processing /home/airflow/.local/lib/python3.7/site-packages/airflow/example_dags/example_nested_branch_dag.py took 0.058 seconds
[2026-02-25T04:55:59.073+0000] {processor.py:156} INFO - Started process (PID=1021) to work on /home/airflow/.local/lib/python3.7/site-packages/airflow/example_dags/example_nested_branch_dag.py
[2026-02-25T04:55:59.075+0000] {processor.py:799} INFO - Processing file /home/airflow/.local/lib/python3.7/site-packages/airflow/example_dags/example_nested_branch_dag.py for tasks to queue
[2026-02-25T04:55:59.076+0000] {logging_mixin.py:149} INFO - [2026-02-25T04:55:59.076+0000] {dagbag.py:541} INFO - Filling up the DagBag from /home/airflow/.local/lib/python3.7/site-packages/airflow/example_dags/example_nested_branch_dag.py
[2026-02-25T04:55:59.082+0000] {processor.py:809} INFO - DAG(s) dict_keys(['example_nested_branch_dag']) retrieved from /home/airflow/.local/lib/python3.7/site-packages/airflow/example_dags/example_nested_branch_dag.py
[2026-02-25T04:55:59.098+0000] {logging_mixin.py:149} INFO - [2026-02-25T04:55:59.098+0000] {dag.py:2726} INFO - Sync 1 DAGs
[2026-02-25T04:55:59.115+0000] {logging_mixin.py:149} INFO - [2026-02-25T04:55:59.115+0000] {dag.py:3490} INFO - Setting next_dagrun for example_nested_branch_dag to 2026-02-24T00:00:00+00:00, run_after=2026-02-25T00:00:00+00:00
[2026-02-25T04:55:59.127+0000] {processor.py:178} INFO - Processing /home/airflow/.local/lib/python3.7/site-packages/airflow/example_dags/example_nested_branch_dag.py took 0.058 seconds
[2026-02-25T04:56:29.465+0000] {processor.py:156} INFO - Started process (PID=1084) to work on /home/airflow/.local/lib/python3.7/site-packages/airflow/example_dags/example_nested_branch_dag.py
[2026-02-25T04:56:29.465+0000] {processor.py:799} INFO - Processing file /home/airflow/.local/lib/python3.7/site-packages/airflow/example_dags/example_nested_branch_dag.py for tasks to queue
[2026-02-25T04:56:29.466+0000] {logging_mixin.py:149} INFO - [2026-02-25T04:56:29.466+0000] {dagbag.py:541} INFO - Filling up the DagBag from /home/airflow/.local/lib/python3.7/site-packages/airflow/example_dags/example_nested_branch_dag.py
[2026-02-25T04:56:29.475+0000] {processor.py:809} INFO - DAG(s) dict_keys(['example_nested_branch_dag']) retrieved from /home/airflow/.local/lib/python3.7/site-packages/airflow/example_dags/example_nested_branch_dag.py
[2026-02-25T04:56:29.495+0000] {logging_mixin.py:149} INFO - [2026-02-25T04:56:29.495+0000] {dag.py:2726} INFO - Sync 1 DAGs
[2026-02-25T04:56:29.513+0000] {logging_mixin.py:149} INFO - [2026-02-25T04:56:29.512+0000] {dag.py:3490} INFO - Setting next_dagrun for example_nested_branch_dag to 2026-02-24T00:00:00+00:00, run_after=2026-02-25T00:00:00+00:00
[2026-02-25T04:56:29.533+0000] {processor.py:178} INFO - Processing /home/airflow/.local/lib/python3.7/site-packages/airflow/example_dags/example_nested_branch_dag.py took 0.070 seconds
[2026-02-25T04:57:00.135+0000] {processor.py:156} INFO - Started process (PID=1147) to work on /home/airflow/.local/lib/python3.7/site-packages/airflow/example_dags/example_nested_branch_dag.py
[2026-02-25T04:57:00.136+0000] {processor.py:799} INFO - Processing file /home/airflow/.local/lib/python3.7/site-packages/airflow/example_dags/example_nested_branch_dag.py for tasks to queue
[2026-02-25T04:57:00.138+0000] {logging_mixin.py:149} INFO - [2026-02-25T04:57:00.138+0000] {dagbag.py:541} INFO - Filling up the DagBag from /home/airflow/.local/lib/python3.7/site-packages/airflow/example_dags/example_nested_branch_dag.py
[2026-02-25T04:57:00.144+0000] {processor.py:809} INFO - DAG(s) dict_keys(['example_nested_branch_dag']) retrieved from /home/airflow/.local/lib/python3.7/site-packages/airflow/example_dags/example_nested_branch_dag.py
[2026-02-25T04:57:00.161+0000] {logging_mixin.py:149} INFO - [2026-02-25T04:57:00.161+0000] {dag.py:2726} INFO - Sync 1 DAGs
[2026-02-25T04:57:00.189+0000] {logging_mixin.py:149} INFO - [2026-02-25T04:57:00.189+0000] {dag.py:3490} INFO - Setting next_dagrun for example_nested_branch_dag to 2026-02-24T00:00:00+00:00, run_after=2026-02-25T00:00:00+00:00
[2026-02-25T04:57:00.207+0000] {processor.py:178} INFO - Processing /home/airflow/.local/lib/python3.7/site-packages/airflow/example_dags/example_nested_branch_dag.py took 0.077 seconds
[2026-02-25T04:57:30.446+0000] {processor.py:156} INFO - Started process (PID=1210) to work on /home/airflow/.local/lib/python3.7/site-packages/airflow/example_dags/example_nested_branch_dag.py
[2026-02-25T04:57:30.447+0000] {processor.py:799} INFO - Processing file /home/airflow/.local/lib/python3.7/site-packages/airflow/example_dags/example_nested_branch_dag.py for tasks to queue
[2026-02-25T04:57:30.449+0000] {logging_mixin.py:149} INFO - [2026-02-25T04:57:30.449+0000] {dagbag.py:541} INFO - Filling up the DagBag from /home/airflow/.local/lib/python3.7/site-packages/airflow/example_dags/example_nested_branch_dag.py
[2026-02-25T04:57:30.456+0000] {processor.py:809} INFO - DAG(s) dict_keys(['example_nested_branch_dag']) retrieved from /home/airflow/.local/lib/python3.7/site-packages/airflow/example_dags/example_nested_branch_dag.py
[2026-02-25T04:57:30.475+0000] {logging_mixin.py:149} INFO - [2026-02-25T04:57:30.474+0000] {dag.py:2726} INFO - Sync 1 DAGs
[2026-02-25T04:57:30.496+0000] {logging_mixin.py:149} INFO - [2026-02-25T04:57:30.496+0000] {dag.py:3490} INFO - Setting next_dagrun for example_nested_branch_dag to 2026-02-24T00:00:00+00:00, run_after=2026-02-25T00:00:00+00:00
[2026-02-25T04:57:30.509+0000] {processor.py:178} INFO - Processing /home/airflow/.local/lib/python3.7/site-packages/airflow/example_dags/example_nested_branch_dag.py took 0.065 seconds
[2026-02-25T04:58:00.824+0000] {processor.py:156} INFO - Started process (PID=1273) to work on /home/airflow/.local/lib/python3.7/site-packages/airflow/example_dags/example_nested_branch_dag.py
[2026-02-25T04:58:00.825+0000] {processor.py:799} INFO - Processing file /home/airflow/.local/lib/python3.7/site-packages/airflow/example_dags/example_nested_branch_dag.py for tasks to queue
[2026-02-25T04:58:00.826+0000] {logging_mixin.py:149} INFO - [2026-02-25T04:58:00.826+0000] {dagbag.py:541} INFO - Filling up the DagBag from /home/airflow/.local/lib/python3.7/site-packages/airflow/example_dags/example_nested_branch_dag.py
[2026-02-25T04:58:00.832+0000] {processor.py:809} INFO - DAG(s) dict_keys(['example_nested_branch_dag']) retrieved from /home/airflow/.local/lib/python3.7/site-packages/airflow/example_dags/example_nested_branch_dag.py
[2026-02-25T04:58:00.848+0000] {logging_mixin.py:149} INFO - [2026-02-25T04:58:00.848+0000] {dag.py:2726} INFO - Sync 1 DAGs
[2026-02-25T04:58:00.872+0000] {logging_mixin.py:149} INFO - [2026-02-25T04:58:00.872+0000] {dag.py:3490} INFO - Setting next_dagrun for example_nested_branch_dag to 2026-02-24T00:00:00+00:00, run_after=2026-02-25T00:00:00+00:00
[2026-02-25T04:58:00.886+0000] {processor.py:178} INFO - Processing /home/airflow/.local/lib/python3.7/site-packages/airflow/example_dags/example_nested_branch_dag.py took 0.064 seconds
[2026-02-25T04:58:31.537+0000] {processor.py:156} INFO - Started process (PID=1336) to work on /home/airflow/.local/lib/python3.7/site-packages/airflow/example_dags/example_nested_branch_dag.py
[2026-02-25T04:58:31.539+0000] {processor.py:799} INFO - Processing file /home/airflow/.local/lib/python3.7/site-packages/airflow/example_dags/example_nested_branch_dag.py for tasks to queue
[2026-02-25T04:58:31.541+0000] {logging_mixin.py:149} INFO - [2026-02-25T04:58:31.540+0000] {dagbag.py:541} INFO - Filling up the DagBag from /home/airflow/.local/lib/python3.7/site-packages/airflow/example_dags/example_nested_branch_dag.py
[2026-02-25T04:58:31.547+0000] {processor.py:809} INFO - DAG(s) dict_keys(['example_nested_branch_dag']) retrieved from /home/airflow/.local/lib/python3.7/site-packages/airflow/example_dags/example_nested_branch_dag.py
[2026-02-25T04:58:31.573+0000] {logging_mixin.py:149} INFO - [2026-02-25T04:58:31.572+0000] {dag.py:2726} INFO - Sync 1 DAGs
[2026-02-25T04:58:31.593+0000] {logging_mixin.py:149} INFO - [2026-02-25T04:58:31.593+0000] {dag.py:3490} INFO - Setting next_dagrun for example_nested_branch_dag to 2026-02-24T00:00:00+00:00, run_after=2026-02-25T00:00:00+00:00
[2026-02-25T04:58:31.606+0000] {processor.py:178} INFO - Processing /home/airflow/.local/lib/python3.7/site-packages/airflow/example_dags/example_nested_branch_dag.py took 0.071 seconds
[2026-02-25T04:59:02.175+0000] {processor.py:156} INFO - Started process (PID=1398) to work on /home/airflow/.local/lib/python3.7/site-packages/airflow/example_dags/example_nested_branch_dag.py
[2026-02-25T04:59:02.176+0000] {processor.py:799} INFO - Processing file /home/airflow/.local/lib/python3.7/site-packages/airflow/example_dags/example_nested_branch_dag.py for tasks to queue
[2026-02-25T04:59:02.176+0000] {logging_mixin.py:149} INFO - [2026-02-25T04:59:02.176+0000] {dagbag.py:541} INFO - Filling up the DagBag from /home/airflow/.local/lib/python3.7/site-packages/airflow/example_dags/example_nested_branch_dag.py
[2026-02-25T04:59:02.184+0000] {processor.py:809} INFO - DAG(s) dict_keys(['example_nested_branch_dag']) retrieved from /home/airflow/.local/lib/python3.7/site-packages/airflow/example_dags/example_nested_branch_dag.py
[2026-02-25T04:59:02.203+0000] {logging_mixin.py:149} INFO - [2026-02-25T04:59:02.203+0000] {dag.py:2726} INFO - Sync 1 DAGs
[2026-02-25T04:59:02.226+0000] {logging_mixin.py:149} INFO - [2026-02-25T04:59:02.226+0000] {dag.py:3490} INFO - Setting next_dagrun for example_nested_branch_dag to 2026-02-24T00:00:00+00:00, run_after=2026-02-25T00:00:00+00:00
[2026-02-25T04:59:02.241+0000] {processor.py:178} INFO - Processing /home/airflow/.local/lib/python3.7/site-packages/airflow/example_dags/example_nested_branch_dag.py took 0.068 seconds
[2026-02-25T04:59:32.827+0000] {processor.py:156} INFO - Started process (PID=1461) to work on /home/airflow/.local/lib/python3.7/site-packages/airflow/example_dags/example_nested_branch_dag.py
[2026-02-25T04:59:32.832+0000] {processor.py:799} INFO - Processing file /home/airflow/.local/lib/python3.7/site-packages/airflow/example_dags/example_nested_branch_dag.py for tasks to queue
[2026-02-25T04:59:32.833+0000] {logging_mixin.py:149} INFO - [2026-02-25T04:59:32.833+0000] {dagbag.py:541} INFO - Filling up the DagBag from /home/airflow/.local/lib/python3.7/site-packages/airflow/example_dags/example_nested_branch_dag.py
[2026-02-25T04:59:32.843+0000] {processor.py:809} INFO - DAG(s) dict_keys(['example_nested_branch_dag']) retrieved from /home/airflow/.local/lib/python3.7/site-packages/airflow/example_dags/example_nested_branch_dag.py
[2026-02-25T04:59:32.871+0000] {logging_mixin.py:149} INFO - [2026-02-25T04:59:32.871+0000] {dag.py:2726} INFO - Sync 1 DAGs
[2026-02-25T04:59:32.893+0000] {logging_mixin.py:149} INFO - [2026-02-25T04:59:32.893+0000] {dag.py:3490} INFO - Setting next_dagrun for example_nested_branch_dag to 2026-02-24T00:00:00+00:00, run_after=2026-02-25T00:00:00+00:00
[2026-02-25T04:59:32.917+0000] {processor.py:178} INFO - Processing /home/airflow/.local/lib/python3.7/site-packages/airflow/example_dags/example_nested_branch_dag.py took 0.096 seconds
