[2026-02-25T04:40:37.751+0000] {processor.py:156} INFO - Started process (PID=47) to work on /home/airflow/.local/lib/python3.7/site-packages/airflow/example_dags/example_short_circuit_operator.py
[2026-02-25T04:40:37.754+0000] {processor.py:799} INFO - Processing file /home/airflow/.local/lib/python3.7/site-packages/airflow/example_dags/example_short_circuit_operator.py for tasks to queue
[2026-02-25T04:40:37.758+0000] {logging_mixin.py:149} INFO - [2026-02-25T04:40:37.757+0000] {dagbag.py:541} INFO - Filling up the DagBag from /home/airflow/.local/lib/python3.7/site-packages/airflow/example_dags/example_short_circuit_operator.py
[2026-02-25T04:40:37.766+0000] {processor.py:809} INFO - DAG(s) dict_keys(['example_short_circuit_operator']) retrieved from /home/airflow/.local/lib/python3.7/site-packages/airflow/example_dags/example_short_circuit_operator.py
[2026-02-25T04:40:37.877+0000] {logging_mixin.py:149} INFO - [2026-02-25T04:40:37.877+0000] {manager.py:504} INFO - Created Permission View: can edit on DAG:example_short_circuit_operator
[2026-02-25T04:40:37.899+0000] {logging_mixin.py:149} INFO - [2026-02-25T04:40:37.899+0000] {manager.py:504} INFO - Created Permission View: can delete on DAG:example_short_circuit_operator
[2026-02-25T04:40:37.925+0000] {logging_mixin.py:149} INFO - [2026-02-25T04:40:37.925+0000] {manager.py:504} INFO - Created Permission View: can read on DAG:example_short_circuit_operator
[2026-02-25T04:40:37.926+0000] {logging_mixin.py:149} INFO - [2026-02-25T04:40:37.926+0000] {dag.py:2726} INFO - Sync 1 DAGs
[2026-02-25T04:40:37.937+0000] {logging_mixin.py:149} INFO - [2026-02-25T04:40:37.937+0000] {dag.py:2747} INFO - Creating ORM DAG for example_short_circuit_operator
[2026-02-25T04:40:37.947+0000] {logging_mixin.py:149} INFO - [2026-02-25T04:40:37.947+0000] {dag.py:3490} INFO - Setting next_dagrun for example_short_circuit_operator to 2026-02-24T04:40:37.946861+00:00, run_after=2026-02-25T04:40:37.946861+00:00
[2026-02-25T04:40:37.960+0000] {processor.py:178} INFO - Processing /home/airflow/.local/lib/python3.7/site-packages/airflow/example_dags/example_short_circuit_operator.py took 0.211 seconds
[2026-02-25T04:41:08.553+0000] {processor.py:156} INFO - Started process (PID=110) to work on /home/airflow/.local/lib/python3.7/site-packages/airflow/example_dags/example_short_circuit_operator.py
[2026-02-25T04:41:08.554+0000] {processor.py:799} INFO - Processing file /home/airflow/.local/lib/python3.7/site-packages/airflow/example_dags/example_short_circuit_operator.py for tasks to queue
[2026-02-25T04:41:08.555+0000] {logging_mixin.py:149} INFO - [2026-02-25T04:41:08.555+0000] {dagbag.py:541} INFO - Filling up the DagBag from /home/airflow/.local/lib/python3.7/site-packages/airflow/example_dags/example_short_circuit_operator.py
[2026-02-25T04:41:08.560+0000] {processor.py:809} INFO - DAG(s) dict_keys(['example_short_circuit_operator']) retrieved from /home/airflow/.local/lib/python3.7/site-packages/airflow/example_dags/example_short_circuit_operator.py
[2026-02-25T04:41:08.578+0000] {logging_mixin.py:149} INFO - [2026-02-25T04:41:08.578+0000] {dag.py:2726} INFO - Sync 1 DAGs
[2026-02-25T04:41:08.598+0000] {logging_mixin.py:149} INFO - [2026-02-25T04:41:08.598+0000] {dag.py:3490} INFO - Setting next_dagrun for example_short_circuit_operator to 2026-02-24T04:41:08.598478+00:00, run_after=2026-02-25T04:41:08.598478+00:00
[2026-02-25T04:41:08.619+0000] {processor.py:178} INFO - Processing /home/airflow/.local/lib/python3.7/site-packages/airflow/example_dags/example_short_circuit_operator.py took 0.069 seconds
[2026-02-25T04:41:39.154+0000] {processor.py:156} INFO - Started process (PID=173) to work on /home/airflow/.local/lib/python3.7/site-packages/airflow/example_dags/example_short_circuit_operator.py
[2026-02-25T04:41:39.155+0000] {processor.py:799} INFO - Processing file /home/airflow/.local/lib/python3.7/site-packages/airflow/example_dags/example_short_circuit_operator.py for tasks to queue
[2026-02-25T04:41:39.157+0000] {logging_mixin.py:149} INFO - [2026-02-25T04:41:39.157+0000] {dagbag.py:541} INFO - Filling up the DagBag from /home/airflow/.local/lib/python3.7/site-packages/airflow/example_dags/example_short_circuit_operator.py
[2026-02-25T04:41:39.163+0000] {processor.py:809} INFO - DAG(s) dict_keys(['example_short_circuit_operator']) retrieved from /home/airflow/.local/lib/python3.7/site-packages/airflow/example_dags/example_short_circuit_operator.py
[2026-02-25T04:41:39.192+0000] {logging_mixin.py:149} INFO - [2026-02-25T04:41:39.192+0000] {dag.py:2726} INFO - Sync 1 DAGs
[2026-02-25T04:41:39.212+0000] {logging_mixin.py:149} INFO - [2026-02-25T04:41:39.212+0000] {dag.py:3490} INFO - Setting next_dagrun for example_short_circuit_operator to 2026-02-24T04:41:39.212329+00:00, run_after=2026-02-25T04:41:39.212329+00:00
[2026-02-25T04:41:39.226+0000] {processor.py:178} INFO - Processing /home/airflow/.local/lib/python3.7/site-packages/airflow/example_dags/example_short_circuit_operator.py took 0.074 seconds
[2026-02-25T04:42:09.571+0000] {processor.py:156} INFO - Started process (PID=236) to work on /home/airflow/.local/lib/python3.7/site-packages/airflow/example_dags/example_short_circuit_operator.py
[2026-02-25T04:42:09.572+0000] {processor.py:799} INFO - Processing file /home/airflow/.local/lib/python3.7/site-packages/airflow/example_dags/example_short_circuit_operator.py for tasks to queue
[2026-02-25T04:42:09.573+0000] {logging_mixin.py:149} INFO - [2026-02-25T04:42:09.573+0000] {dagbag.py:541} INFO - Filling up the DagBag from /home/airflow/.local/lib/python3.7/site-packages/airflow/example_dags/example_short_circuit_operator.py
[2026-02-25T04:42:09.582+0000] {processor.py:809} INFO - DAG(s) dict_keys(['example_short_circuit_operator']) retrieved from /home/airflow/.local/lib/python3.7/site-packages/airflow/example_dags/example_short_circuit_operator.py
[2026-02-25T04:42:09.609+0000] {logging_mixin.py:149} INFO - [2026-02-25T04:42:09.608+0000] {dag.py:2726} INFO - Sync 1 DAGs
[2026-02-25T04:42:09.635+0000] {logging_mixin.py:149} INFO - [2026-02-25T04:42:09.634+0000] {dag.py:3490} INFO - Setting next_dagrun for example_short_circuit_operator to 2026-02-24T04:42:09.634762+00:00, run_after=2026-02-25T04:42:09.634762+00:00
[2026-02-25T04:42:09.647+0000] {processor.py:178} INFO - Processing /home/airflow/.local/lib/python3.7/site-packages/airflow/example_dags/example_short_circuit_operator.py took 0.079 seconds
[2026-02-25T04:42:40.284+0000] {processor.py:156} INFO - Started process (PID=299) to work on /home/airflow/.local/lib/python3.7/site-packages/airflow/example_dags/example_short_circuit_operator.py
[2026-02-25T04:42:40.286+0000] {processor.py:799} INFO - Processing file /home/airflow/.local/lib/python3.7/site-packages/airflow/example_dags/example_short_circuit_operator.py for tasks to queue
[2026-02-25T04:42:40.287+0000] {logging_mixin.py:149} INFO - [2026-02-25T04:42:40.287+0000] {dagbag.py:541} INFO - Filling up the DagBag from /home/airflow/.local/lib/python3.7/site-packages/airflow/example_dags/example_short_circuit_operator.py
[2026-02-25T04:42:40.298+0000] {processor.py:809} INFO - DAG(s) dict_keys(['example_short_circuit_operator']) retrieved from /home/airflow/.local/lib/python3.7/site-packages/airflow/example_dags/example_short_circuit_operator.py
[2026-02-25T04:42:40.316+0000] {logging_mixin.py:149} INFO - [2026-02-25T04:42:40.316+0000] {dag.py:2726} INFO - Sync 1 DAGs
[2026-02-25T04:42:40.337+0000] {logging_mixin.py:149} INFO - [2026-02-25T04:42:40.337+0000] {dag.py:3490} INFO - Setting next_dagrun for example_short_circuit_operator to 2026-02-24T04:42:40.336997+00:00, run_after=2026-02-25T04:42:40.336997+00:00
[2026-02-25T04:42:40.354+0000] {processor.py:178} INFO - Processing /home/airflow/.local/lib/python3.7/site-packages/airflow/example_dags/example_short_circuit_operator.py took 0.072 seconds
[2026-02-25T04:48:20.392+0000] {processor.py:156} INFO - Started process (PID=46) to work on /home/airflow/.local/lib/python3.7/site-packages/airflow/example_dags/example_short_circuit_operator.py
[2026-02-25T04:48:20.393+0000] {processor.py:799} INFO - Processing file /home/airflow/.local/lib/python3.7/site-packages/airflow/example_dags/example_short_circuit_operator.py for tasks to queue
[2026-02-25T04:48:20.394+0000] {logging_mixin.py:149} INFO - [2026-02-25T04:48:20.394+0000] {dagbag.py:541} INFO - Filling up the DagBag from /home/airflow/.local/lib/python3.7/site-packages/airflow/example_dags/example_short_circuit_operator.py
[2026-02-25T04:48:20.400+0000] {processor.py:809} INFO - DAG(s) dict_keys(['example_short_circuit_operator']) retrieved from /home/airflow/.local/lib/python3.7/site-packages/airflow/example_dags/example_short_circuit_operator.py
[2026-02-25T04:48:20.408+0000] {logging_mixin.py:149} INFO - [2026-02-25T04:48:20.408+0000] {dag.py:2726} INFO - Sync 1 DAGs
[2026-02-25T04:48:20.426+0000] {logging_mixin.py:149} INFO - [2026-02-25T04:48:20.426+0000] {dag.py:3490} INFO - Setting next_dagrun for example_short_circuit_operator to 2026-02-24T04:48:20.425886+00:00, run_after=2026-02-25T04:48:20.425886+00:00
[2026-02-25T04:48:20.438+0000] {processor.py:178} INFO - Processing /home/airflow/.local/lib/python3.7/site-packages/airflow/example_dags/example_short_circuit_operator.py took 0.048 seconds
[2026-02-25T04:48:50.804+0000] {processor.py:156} INFO - Started process (PID=109) to work on /home/airflow/.local/lib/python3.7/site-packages/airflow/example_dags/example_short_circuit_operator.py
[2026-02-25T04:48:50.805+0000] {processor.py:799} INFO - Processing file /home/airflow/.local/lib/python3.7/site-packages/airflow/example_dags/example_short_circuit_operator.py for tasks to queue
[2026-02-25T04:48:50.806+0000] {logging_mixin.py:149} INFO - [2026-02-25T04:48:50.806+0000] {dagbag.py:541} INFO - Filling up the DagBag from /home/airflow/.local/lib/python3.7/site-packages/airflow/example_dags/example_short_circuit_operator.py
[2026-02-25T04:48:50.812+0000] {processor.py:809} INFO - DAG(s) dict_keys(['example_short_circuit_operator']) retrieved from /home/airflow/.local/lib/python3.7/site-packages/airflow/example_dags/example_short_circuit_operator.py
[2026-02-25T04:48:50.836+0000] {logging_mixin.py:149} INFO - [2026-02-25T04:48:50.836+0000] {dag.py:2726} INFO - Sync 1 DAGs
[2026-02-25T04:48:50.858+0000] {logging_mixin.py:149} INFO - [2026-02-25T04:48:50.858+0000] {dag.py:3490} INFO - Setting next_dagrun for example_short_circuit_operator to 2026-02-24T04:48:50.858297+00:00, run_after=2026-02-25T04:48:50.858297+00:00
[2026-02-25T04:48:50.880+0000] {processor.py:178} INFO - Processing /home/airflow/.local/lib/python3.7/site-packages/airflow/example_dags/example_short_circuit_operator.py took 0.078 seconds
[2026-02-25T04:49:21.251+0000] {processor.py:156} INFO - Started process (PID=172) to work on /home/airflow/.local/lib/python3.7/site-packages/airflow/example_dags/example_short_circuit_operator.py
[2026-02-25T04:49:21.253+0000] {processor.py:799} INFO - Processing file /home/airflow/.local/lib/python3.7/site-packages/airflow/example_dags/example_short_circuit_operator.py for tasks to queue
[2026-02-25T04:49:21.254+0000] {logging_mixin.py:149} INFO - [2026-02-25T04:49:21.254+0000] {dagbag.py:541} INFO - Filling up the DagBag from /home/airflow/.local/lib/python3.7/site-packages/airflow/example_dags/example_short_circuit_operator.py
[2026-02-25T04:49:21.261+0000] {processor.py:809} INFO - DAG(s) dict_keys(['example_short_circuit_operator']) retrieved from /home/airflow/.local/lib/python3.7/site-packages/airflow/example_dags/example_short_circuit_operator.py
[2026-02-25T04:49:21.287+0000] {logging_mixin.py:149} INFO - [2026-02-25T04:49:21.287+0000] {dag.py:2726} INFO - Sync 1 DAGs
[2026-02-25T04:49:21.308+0000] {logging_mixin.py:149} INFO - [2026-02-25T04:49:21.308+0000] {dag.py:3490} INFO - Setting next_dagrun for example_short_circuit_operator to 2026-02-24T04:49:21.307845+00:00, run_after=2026-02-25T04:49:21.307845+00:00
[2026-02-25T04:49:21.328+0000] {processor.py:178} INFO - Processing /home/airflow/.local/lib/python3.7/site-packages/airflow/example_dags/example_short_circuit_operator.py took 0.081 seconds
[2026-02-25T04:49:51.925+0000] {processor.py:156} INFO - Started process (PID=235) to work on /home/airflow/.local/lib/python3.7/site-packages/airflow/example_dags/example_short_circuit_operator.py
[2026-02-25T04:49:51.926+0000] {processor.py:799} INFO - Processing file /home/airflow/.local/lib/python3.7/site-packages/airflow/example_dags/example_short_circuit_operator.py for tasks to queue
[2026-02-25T04:49:51.927+0000] {logging_mixin.py:149} INFO - [2026-02-25T04:49:51.926+0000] {dagbag.py:541} INFO - Filling up the DagBag from /home/airflow/.local/lib/python3.7/site-packages/airflow/example_dags/example_short_circuit_operator.py
[2026-02-25T04:49:51.932+0000] {processor.py:809} INFO - DAG(s) dict_keys(['example_short_circuit_operator']) retrieved from /home/airflow/.local/lib/python3.7/site-packages/airflow/example_dags/example_short_circuit_operator.py
[2026-02-25T04:49:51.958+0000] {logging_mixin.py:149} INFO - [2026-02-25T04:49:51.958+0000] {dag.py:2726} INFO - Sync 1 DAGs
[2026-02-25T04:49:51.977+0000] {logging_mixin.py:149} INFO - [2026-02-25T04:49:51.976+0000] {dag.py:3490} INFO - Setting next_dagrun for example_short_circuit_operator to 2026-02-24T04:49:51.976625+00:00, run_after=2026-02-25T04:49:51.976625+00:00
[2026-02-25T04:49:51.994+0000] {processor.py:178} INFO - Processing /home/airflow/.local/lib/python3.7/site-packages/airflow/example_dags/example_short_circuit_operator.py took 0.071 seconds
[2026-02-25T04:50:22.362+0000] {processor.py:156} INFO - Started process (PID=298) to work on /home/airflow/.local/lib/python3.7/site-packages/airflow/example_dags/example_short_circuit_operator.py
[2026-02-25T04:50:22.364+0000] {processor.py:799} INFO - Processing file /home/airflow/.local/lib/python3.7/site-packages/airflow/example_dags/example_short_circuit_operator.py for tasks to queue
[2026-02-25T04:50:22.366+0000] {logging_mixin.py:149} INFO - [2026-02-25T04:50:22.366+0000] {dagbag.py:541} INFO - Filling up the DagBag from /home/airflow/.local/lib/python3.7/site-packages/airflow/example_dags/example_short_circuit_operator.py
[2026-02-25T04:50:22.371+0000] {processor.py:809} INFO - DAG(s) dict_keys(['example_short_circuit_operator']) retrieved from /home/airflow/.local/lib/python3.7/site-packages/airflow/example_dags/example_short_circuit_operator.py
[2026-02-25T04:50:22.395+0000] {logging_mixin.py:149} INFO - [2026-02-25T04:50:22.395+0000] {dag.py:2726} INFO - Sync 1 DAGs
[2026-02-25T04:50:22.415+0000] {logging_mixin.py:149} INFO - [2026-02-25T04:50:22.415+0000] {dag.py:3490} INFO - Setting next_dagrun for example_short_circuit_operator to 2026-02-24T04:50:22.415167+00:00, run_after=2026-02-25T04:50:22.415167+00:00
[2026-02-25T04:50:22.428+0000] {processor.py:178} INFO - Processing /home/airflow/.local/lib/python3.7/site-packages/airflow/example_dags/example_short_circuit_operator.py took 0.069 seconds
[2026-02-25T04:50:52.590+0000] {processor.py:156} INFO - Started process (PID=361) to work on /home/airflow/.local/lib/python3.7/site-packages/airflow/example_dags/example_short_circuit_operator.py
[2026-02-25T04:50:52.592+0000] {processor.py:799} INFO - Processing file /home/airflow/.local/lib/python3.7/site-packages/airflow/example_dags/example_short_circuit_operator.py for tasks to queue
[2026-02-25T04:50:52.592+0000] {logging_mixin.py:149} INFO - [2026-02-25T04:50:52.592+0000] {dagbag.py:541} INFO - Filling up the DagBag from /home/airflow/.local/lib/python3.7/site-packages/airflow/example_dags/example_short_circuit_operator.py
[2026-02-25T04:50:52.599+0000] {processor.py:809} INFO - DAG(s) dict_keys(['example_short_circuit_operator']) retrieved from /home/airflow/.local/lib/python3.7/site-packages/airflow/example_dags/example_short_circuit_operator.py
[2026-02-25T04:50:52.622+0000] {logging_mixin.py:149} INFO - [2026-02-25T04:50:52.622+0000] {dag.py:2726} INFO - Sync 1 DAGs
[2026-02-25T04:50:52.641+0000] {logging_mixin.py:149} INFO - [2026-02-25T04:50:52.640+0000] {dag.py:3490} INFO - Setting next_dagrun for example_short_circuit_operator to 2026-02-24T04:50:52.640684+00:00, run_after=2026-02-25T04:50:52.640684+00:00
[2026-02-25T04:50:52.662+0000] {processor.py:178} INFO - Processing /home/airflow/.local/lib/python3.7/site-packages/airflow/example_dags/example_short_circuit_operator.py took 0.074 seconds
[2026-02-25T04:51:22.942+0000] {processor.py:156} INFO - Started process (PID=424) to work on /home/airflow/.local/lib/python3.7/site-packages/airflow/example_dags/example_short_circuit_operator.py
[2026-02-25T04:51:22.944+0000] {processor.py:799} INFO - Processing file /home/airflow/.local/lib/python3.7/site-packages/airflow/example_dags/example_short_circuit_operator.py for tasks to queue
[2026-02-25T04:51:22.946+0000] {logging_mixin.py:149} INFO - [2026-02-25T04:51:22.946+0000] {dagbag.py:541} INFO - Filling up the DagBag from /home/airflow/.local/lib/python3.7/site-packages/airflow/example_dags/example_short_circuit_operator.py
[2026-02-25T04:51:22.951+0000] {processor.py:809} INFO - DAG(s) dict_keys(['example_short_circuit_operator']) retrieved from /home/airflow/.local/lib/python3.7/site-packages/airflow/example_dags/example_short_circuit_operator.py
[2026-02-25T04:51:22.969+0000] {logging_mixin.py:149} INFO - [2026-02-25T04:51:22.969+0000] {dag.py:2726} INFO - Sync 1 DAGs
[2026-02-25T04:51:22.988+0000] {logging_mixin.py:149} INFO - [2026-02-25T04:51:22.987+0000] {dag.py:3490} INFO - Setting next_dagrun for example_short_circuit_operator to 2026-02-24T04:51:22.987742+00:00, run_after=2026-02-25T04:51:22.987742+00:00
[2026-02-25T04:51:23.011+0000] {processor.py:178} INFO - Processing /home/airflow/.local/lib/python3.7/site-packages/airflow/example_dags/example_short_circuit_operator.py took 0.071 seconds
[2026-02-25T04:51:53.103+0000] {processor.py:156} INFO - Started process (PID=487) to work on /home/airflow/.local/lib/python3.7/site-packages/airflow/example_dags/example_short_circuit_operator.py
[2026-02-25T04:51:53.104+0000] {processor.py:799} INFO - Processing file /home/airflow/.local/lib/python3.7/site-packages/airflow/example_dags/example_short_circuit_operator.py for tasks to queue
[2026-02-25T04:51:53.106+0000] {logging_mixin.py:149} INFO - [2026-02-25T04:51:53.106+0000] {dagbag.py:541} INFO - Filling up the DagBag from /home/airflow/.local/lib/python3.7/site-packages/airflow/example_dags/example_short_circuit_operator.py
[2026-02-25T04:51:53.112+0000] {processor.py:809} INFO - DAG(s) dict_keys(['example_short_circuit_operator']) retrieved from /home/airflow/.local/lib/python3.7/site-packages/airflow/example_dags/example_short_circuit_operator.py
[2026-02-25T04:51:53.129+0000] {logging_mixin.py:149} INFO - [2026-02-25T04:51:53.129+0000] {dag.py:2726} INFO - Sync 1 DAGs
[2026-02-25T04:51:53.145+0000] {logging_mixin.py:149} INFO - [2026-02-25T04:51:53.145+0000] {dag.py:3490} INFO - Setting next_dagrun for example_short_circuit_operator to 2026-02-24T04:51:53.145430+00:00, run_after=2026-02-25T04:51:53.145430+00:00
[2026-02-25T04:51:53.158+0000] {processor.py:178} INFO - Processing /home/airflow/.local/lib/python3.7/site-packages/airflow/example_dags/example_short_circuit_operator.py took 0.057 seconds
[2026-02-25T04:52:23.602+0000] {processor.py:156} INFO - Started process (PID=550) to work on /home/airflow/.local/lib/python3.7/site-packages/airflow/example_dags/example_short_circuit_operator.py
[2026-02-25T04:52:23.603+0000] {processor.py:799} INFO - Processing file /home/airflow/.local/lib/python3.7/site-packages/airflow/example_dags/example_short_circuit_operator.py for tasks to queue
[2026-02-25T04:52:23.603+0000] {logging_mixin.py:149} INFO - [2026-02-25T04:52:23.603+0000] {dagbag.py:541} INFO - Filling up the DagBag from /home/airflow/.local/lib/python3.7/site-packages/airflow/example_dags/example_short_circuit_operator.py
[2026-02-25T04:52:23.609+0000] {processor.py:809} INFO - DAG(s) dict_keys(['example_short_circuit_operator']) retrieved from /home/airflow/.local/lib/python3.7/site-packages/airflow/example_dags/example_short_circuit_operator.py
[2026-02-25T04:52:23.634+0000] {logging_mixin.py:149} INFO - [2026-02-25T04:52:23.634+0000] {dag.py:2726} INFO - Sync 1 DAGs
[2026-02-25T04:52:23.656+0000] {logging_mixin.py:149} INFO - [2026-02-25T04:52:23.656+0000] {dag.py:3490} INFO - Setting next_dagrun for example_short_circuit_operator to 2026-02-24T04:52:23.656076+00:00, run_after=2026-02-25T04:52:23.656076+00:00
[2026-02-25T04:52:23.677+0000] {processor.py:178} INFO - Processing /home/airflow/.local/lib/python3.7/site-packages/airflow/example_dags/example_short_circuit_operator.py took 0.079 seconds
[2026-02-25T04:52:54.051+0000] {processor.py:156} INFO - Started process (PID=613) to work on /home/airflow/.local/lib/python3.7/site-packages/airflow/example_dags/example_short_circuit_operator.py
[2026-02-25T04:52:54.051+0000] {processor.py:799} INFO - Processing file /home/airflow/.local/lib/python3.7/site-packages/airflow/example_dags/example_short_circuit_operator.py for tasks to queue
[2026-02-25T04:52:54.052+0000] {logging_mixin.py:149} INFO - [2026-02-25T04:52:54.052+0000] {dagbag.py:541} INFO - Filling up the DagBag from /home/airflow/.local/lib/python3.7/site-packages/airflow/example_dags/example_short_circuit_operator.py
[2026-02-25T04:52:54.057+0000] {processor.py:809} INFO - DAG(s) dict_keys(['example_short_circuit_operator']) retrieved from /home/airflow/.local/lib/python3.7/site-packages/airflow/example_dags/example_short_circuit_operator.py
[2026-02-25T04:52:54.080+0000] {logging_mixin.py:149} INFO - [2026-02-25T04:52:54.080+0000] {dag.py:2726} INFO - Sync 1 DAGs
[2026-02-25T04:52:54.104+0000] {logging_mixin.py:149} INFO - [2026-02-25T04:52:54.104+0000] {dag.py:3490} INFO - Setting next_dagrun for example_short_circuit_operator to 2026-02-24T04:52:54.104265+00:00, run_after=2026-02-25T04:52:54.104265+00:00
[2026-02-25T04:52:54.119+0000] {processor.py:178} INFO - Processing /home/airflow/.local/lib/python3.7/site-packages/airflow/example_dags/example_short_circuit_operator.py took 0.072 seconds
[2026-02-25T04:53:24.620+0000] {processor.py:156} INFO - Started process (PID=683) to work on /home/airflow/.local/lib/python3.7/site-packages/airflow/example_dags/example_short_circuit_operator.py
[2026-02-25T04:53:24.621+0000] {processor.py:799} INFO - Processing file /home/airflow/.local/lib/python3.7/site-packages/airflow/example_dags/example_short_circuit_operator.py for tasks to queue
[2026-02-25T04:53:24.622+0000] {logging_mixin.py:149} INFO - [2026-02-25T04:53:24.622+0000] {dagbag.py:541} INFO - Filling up the DagBag from /home/airflow/.local/lib/python3.7/site-packages/airflow/example_dags/example_short_circuit_operator.py
[2026-02-25T04:53:24.628+0000] {processor.py:809} INFO - DAG(s) dict_keys(['example_short_circuit_operator']) retrieved from /home/airflow/.local/lib/python3.7/site-packages/airflow/example_dags/example_short_circuit_operator.py
[2026-02-25T04:53:24.648+0000] {logging_mixin.py:149} INFO - [2026-02-25T04:53:24.648+0000] {dag.py:2726} INFO - Sync 1 DAGs
[2026-02-25T04:53:24.666+0000] {logging_mixin.py:149} INFO - [2026-02-25T04:53:24.666+0000] {dag.py:3490} INFO - Setting next_dagrun for example_short_circuit_operator to 2026-02-24T04:53:24.666207+00:00, run_after=2026-02-25T04:53:24.666207+00:00
[2026-02-25T04:53:24.686+0000] {processor.py:178} INFO - Processing /home/airflow/.local/lib/python3.7/site-packages/airflow/example_dags/example_short_circuit_operator.py took 0.071 seconds
[2026-02-25T04:53:55.215+0000] {processor.py:156} INFO - Started process (PID=746) to work on /home/airflow/.local/lib/python3.7/site-packages/airflow/example_dags/example_short_circuit_operator.py
[2026-02-25T04:53:55.215+0000] {processor.py:799} INFO - Processing file /home/airflow/.local/lib/python3.7/site-packages/airflow/example_dags/example_short_circuit_operator.py for tasks to queue
[2026-02-25T04:53:55.216+0000] {logging_mixin.py:149} INFO - [2026-02-25T04:53:55.216+0000] {dagbag.py:541} INFO - Filling up the DagBag from /home/airflow/.local/lib/python3.7/site-packages/airflow/example_dags/example_short_circuit_operator.py
[2026-02-25T04:53:55.222+0000] {processor.py:809} INFO - DAG(s) dict_keys(['example_short_circuit_operator']) retrieved from /home/airflow/.local/lib/python3.7/site-packages/airflow/example_dags/example_short_circuit_operator.py
[2026-02-25T04:53:55.243+0000] {logging_mixin.py:149} INFO - [2026-02-25T04:53:55.242+0000] {dag.py:2726} INFO - Sync 1 DAGs
[2026-02-25T04:53:55.265+0000] {logging_mixin.py:149} INFO - [2026-02-25T04:53:55.265+0000] {dag.py:3490} INFO - Setting next_dagrun for example_short_circuit_operator to 2026-02-24T04:53:55.265335+00:00, run_after=2026-02-25T04:53:55.265335+00:00
[2026-02-25T04:53:55.285+0000] {processor.py:178} INFO - Processing /home/airflow/.local/lib/python3.7/site-packages/airflow/example_dags/example_short_circuit_operator.py took 0.075 seconds
[2026-02-25T04:54:25.640+0000] {processor.py:156} INFO - Started process (PID=809) to work on /home/airflow/.local/lib/python3.7/site-packages/airflow/example_dags/example_short_circuit_operator.py
[2026-02-25T04:54:25.641+0000] {processor.py:799} INFO - Processing file /home/airflow/.local/lib/python3.7/site-packages/airflow/example_dags/example_short_circuit_operator.py for tasks to queue
[2026-02-25T04:54:25.642+0000] {logging_mixin.py:149} INFO - [2026-02-25T04:54:25.642+0000] {dagbag.py:541} INFO - Filling up the DagBag from /home/airflow/.local/lib/python3.7/site-packages/airflow/example_dags/example_short_circuit_operator.py
[2026-02-25T04:54:25.649+0000] {processor.py:809} INFO - DAG(s) dict_keys(['example_short_circuit_operator']) retrieved from /home/airflow/.local/lib/python3.7/site-packages/airflow/example_dags/example_short_circuit_operator.py
[2026-02-25T04:54:25.671+0000] {logging_mixin.py:149} INFO - [2026-02-25T04:54:25.671+0000] {dag.py:2726} INFO - Sync 1 DAGs
[2026-02-25T04:54:25.688+0000] {logging_mixin.py:149} INFO - [2026-02-25T04:54:25.688+0000] {dag.py:3490} INFO - Setting next_dagrun for example_short_circuit_operator to 2026-02-24T04:54:25.688548+00:00, run_after=2026-02-25T04:54:25.688548+00:00
[2026-02-25T04:54:25.703+0000] {processor.py:178} INFO - Processing /home/airflow/.local/lib/python3.7/site-packages/airflow/example_dags/example_short_circuit_operator.py took 0.067 seconds
[2026-02-25T04:54:55.954+0000] {processor.py:156} INFO - Started process (PID=872) to work on /home/airflow/.local/lib/python3.7/site-packages/airflow/example_dags/example_short_circuit_operator.py
[2026-02-25T04:54:55.956+0000] {processor.py:799} INFO - Processing file /home/airflow/.local/lib/python3.7/site-packages/airflow/example_dags/example_short_circuit_operator.py for tasks to queue
[2026-02-25T04:54:55.956+0000] {logging_mixin.py:149} INFO - [2026-02-25T04:54:55.956+0000] {dagbag.py:541} INFO - Filling up the DagBag from /home/airflow/.local/lib/python3.7/site-packages/airflow/example_dags/example_short_circuit_operator.py
[2026-02-25T04:54:55.961+0000] {processor.py:809} INFO - DAG(s) dict_keys(['example_short_circuit_operator']) retrieved from /home/airflow/.local/lib/python3.7/site-packages/airflow/example_dags/example_short_circuit_operator.py
[2026-02-25T04:54:55.982+0000] {logging_mixin.py:149} INFO - [2026-02-25T04:54:55.981+0000] {dag.py:2726} INFO - Sync 1 DAGs
[2026-02-25T04:54:56.001+0000] {logging_mixin.py:149} INFO - [2026-02-25T04:54:56.001+0000] {dag.py:3490} INFO - Setting next_dagrun for example_short_circuit_operator to 2026-02-24T04:54:56.001084+00:00, run_after=2026-02-25T04:54:56.001084+00:00
[2026-02-25T04:54:56.020+0000] {processor.py:178} INFO - Processing /home/airflow/.local/lib/python3.7/site-packages/airflow/example_dags/example_short_circuit_operator.py took 0.068 seconds
[2026-02-25T04:55:26.287+0000] {processor.py:156} INFO - Started process (PID=935) to work on /home/airflow/.local/lib/python3.7/site-packages/airflow/example_dags/example_short_circuit_operator.py
[2026-02-25T04:55:26.288+0000] {processor.py:799} INFO - Processing file /home/airflow/.local/lib/python3.7/site-packages/airflow/example_dags/example_short_circuit_operator.py for tasks to queue
[2026-02-25T04:55:26.289+0000] {logging_mixin.py:149} INFO - [2026-02-25T04:55:26.289+0000] {dagbag.py:541} INFO - Filling up the DagBag from /home/airflow/.local/lib/python3.7/site-packages/airflow/example_dags/example_short_circuit_operator.py
[2026-02-25T04:55:26.294+0000] {processor.py:809} INFO - DAG(s) dict_keys(['example_short_circuit_operator']) retrieved from /home/airflow/.local/lib/python3.7/site-packages/airflow/example_dags/example_short_circuit_operator.py
[2026-02-25T04:55:26.313+0000] {logging_mixin.py:149} INFO - [2026-02-25T04:55:26.313+0000] {dag.py:2726} INFO - Sync 1 DAGs
[2026-02-25T04:55:26.333+0000] {logging_mixin.py:149} INFO - [2026-02-25T04:55:26.333+0000] {dag.py:3490} INFO - Setting next_dagrun for example_short_circuit_operator to 2026-02-24T04:55:26.333315+00:00, run_after=2026-02-25T04:55:26.333315+00:00
[2026-02-25T04:55:26.348+0000] {processor.py:178} INFO - Processing /home/airflow/.local/lib/python3.7/site-packages/airflow/example_dags/example_short_circuit_operator.py took 0.064 seconds
[2026-02-25T04:55:56.835+0000] {processor.py:156} INFO - Started process (PID=998) to work on /home/airflow/.local/lib/python3.7/site-packages/airflow/example_dags/example_short_circuit_operator.py
[2026-02-25T04:55:56.836+0000] {processor.py:799} INFO - Processing file /home/airflow/.local/lib/python3.7/site-packages/airflow/example_dags/example_short_circuit_operator.py for tasks to queue
[2026-02-25T04:55:56.837+0000] {logging_mixin.py:149} INFO - [2026-02-25T04:55:56.837+0000] {dagbag.py:541} INFO - Filling up the DagBag from /home/airflow/.local/lib/python3.7/site-packages/airflow/example_dags/example_short_circuit_operator.py
[2026-02-25T04:55:56.843+0000] {processor.py:809} INFO - DAG(s) dict_keys(['example_short_circuit_operator']) retrieved from /home/airflow/.local/lib/python3.7/site-packages/airflow/example_dags/example_short_circuit_operator.py
[2026-02-25T04:55:56.867+0000] {logging_mixin.py:149} INFO - [2026-02-25T04:55:56.867+0000] {dag.py:2726} INFO - Sync 1 DAGs
[2026-02-25T04:55:56.890+0000] {logging_mixin.py:149} INFO - [2026-02-25T04:55:56.890+0000] {dag.py:3490} INFO - Setting next_dagrun for example_short_circuit_operator to 2026-02-24T04:55:56.890447+00:00, run_after=2026-02-25T04:55:56.890447+00:00
[2026-02-25T04:55:56.913+0000] {processor.py:178} INFO - Processing /home/airflow/.local/lib/python3.7/site-packages/airflow/example_dags/example_short_circuit_operator.py took 0.087 seconds
[2026-02-25T04:56:27.267+0000] {processor.py:156} INFO - Started process (PID=1061) to work on /home/airflow/.local/lib/python3.7/site-packages/airflow/example_dags/example_short_circuit_operator.py
[2026-02-25T04:56:27.268+0000] {processor.py:799} INFO - Processing file /home/airflow/.local/lib/python3.7/site-packages/airflow/example_dags/example_short_circuit_operator.py for tasks to queue
[2026-02-25T04:56:27.268+0000] {logging_mixin.py:149} INFO - [2026-02-25T04:56:27.268+0000] {dagbag.py:541} INFO - Filling up the DagBag from /home/airflow/.local/lib/python3.7/site-packages/airflow/example_dags/example_short_circuit_operator.py
[2026-02-25T04:56:27.274+0000] {processor.py:809} INFO - DAG(s) dict_keys(['example_short_circuit_operator']) retrieved from /home/airflow/.local/lib/python3.7/site-packages/airflow/example_dags/example_short_circuit_operator.py
[2026-02-25T04:56:27.294+0000] {logging_mixin.py:149} INFO - [2026-02-25T04:56:27.294+0000] {dag.py:2726} INFO - Sync 1 DAGs
[2026-02-25T04:56:27.316+0000] {logging_mixin.py:149} INFO - [2026-02-25T04:56:27.316+0000] {dag.py:3490} INFO - Setting next_dagrun for example_short_circuit_operator to 2026-02-24T04:56:27.316015+00:00, run_after=2026-02-25T04:56:27.316015+00:00
[2026-02-25T04:56:27.335+0000] {processor.py:178} INFO - Processing /home/airflow/.local/lib/python3.7/site-packages/airflow/example_dags/example_short_circuit_operator.py took 0.072 seconds
[2026-02-25T04:56:57.767+0000] {processor.py:156} INFO - Started process (PID=1124) to work on /home/airflow/.local/lib/python3.7/site-packages/airflow/example_dags/example_short_circuit_operator.py
[2026-02-25T04:56:57.768+0000] {processor.py:799} INFO - Processing file /home/airflow/.local/lib/python3.7/site-packages/airflow/example_dags/example_short_circuit_operator.py for tasks to queue
[2026-02-25T04:56:57.769+0000] {logging_mixin.py:149} INFO - [2026-02-25T04:56:57.768+0000] {dagbag.py:541} INFO - Filling up the DagBag from /home/airflow/.local/lib/python3.7/site-packages/airflow/example_dags/example_short_circuit_operator.py
[2026-02-25T04:56:57.776+0000] {processor.py:809} INFO - DAG(s) dict_keys(['example_short_circuit_operator']) retrieved from /home/airflow/.local/lib/python3.7/site-packages/airflow/example_dags/example_short_circuit_operator.py
[2026-02-25T04:56:57.801+0000] {logging_mixin.py:149} INFO - [2026-02-25T04:56:57.801+0000] {dag.py:2726} INFO - Sync 1 DAGs
[2026-02-25T04:56:57.822+0000] {logging_mixin.py:149} INFO - [2026-02-25T04:56:57.822+0000] {dag.py:3490} INFO - Setting next_dagrun for example_short_circuit_operator to 2026-02-24T04:56:57.822296+00:00, run_after=2026-02-25T04:56:57.822296+00:00
[2026-02-25T04:56:57.839+0000] {processor.py:178} INFO - Processing /home/airflow/.local/lib/python3.7/site-packages/airflow/example_dags/example_short_circuit_operator.py took 0.074 seconds
[2026-02-25T04:57:28.317+0000] {processor.py:156} INFO - Started process (PID=1187) to work on /home/airflow/.local/lib/python3.7/site-packages/airflow/example_dags/example_short_circuit_operator.py
[2026-02-25T04:57:28.319+0000] {processor.py:799} INFO - Processing file /home/airflow/.local/lib/python3.7/site-packages/airflow/example_dags/example_short_circuit_operator.py for tasks to queue
[2026-02-25T04:57:28.319+0000] {logging_mixin.py:149} INFO - [2026-02-25T04:57:28.319+0000] {dagbag.py:541} INFO - Filling up the DagBag from /home/airflow/.local/lib/python3.7/site-packages/airflow/example_dags/example_short_circuit_operator.py
[2026-02-25T04:57:28.324+0000] {processor.py:809} INFO - DAG(s) dict_keys(['example_short_circuit_operator']) retrieved from /home/airflow/.local/lib/python3.7/site-packages/airflow/example_dags/example_short_circuit_operator.py
[2026-02-25T04:57:28.344+0000] {logging_mixin.py:149} INFO - [2026-02-25T04:57:28.344+0000] {dag.py:2726} INFO - Sync 1 DAGs
[2026-02-25T04:57:28.364+0000] {logging_mixin.py:149} INFO - [2026-02-25T04:57:28.364+0000] {dag.py:3490} INFO - Setting next_dagrun for example_short_circuit_operator to 2026-02-24T04:57:28.364253+00:00, run_after=2026-02-25T04:57:28.364253+00:00
[2026-02-25T04:57:28.384+0000] {processor.py:178} INFO - Processing /home/airflow/.local/lib/python3.7/site-packages/airflow/example_dags/example_short_circuit_operator.py took 0.070 seconds
[2026-02-25T04:57:58.650+0000] {processor.py:156} INFO - Started process (PID=1250) to work on /home/airflow/.local/lib/python3.7/site-packages/airflow/example_dags/example_short_circuit_operator.py
[2026-02-25T04:57:58.651+0000] {processor.py:799} INFO - Processing file /home/airflow/.local/lib/python3.7/site-packages/airflow/example_dags/example_short_circuit_operator.py for tasks to queue
[2026-02-25T04:57:58.651+0000] {logging_mixin.py:149} INFO - [2026-02-25T04:57:58.651+0000] {dagbag.py:541} INFO - Filling up the DagBag from /home/airflow/.local/lib/python3.7/site-packages/airflow/example_dags/example_short_circuit_operator.py
[2026-02-25T04:57:58.656+0000] {processor.py:809} INFO - DAG(s) dict_keys(['example_short_circuit_operator']) retrieved from /home/airflow/.local/lib/python3.7/site-packages/airflow/example_dags/example_short_circuit_operator.py
[2026-02-25T04:57:58.676+0000] {logging_mixin.py:149} INFO - [2026-02-25T04:57:58.675+0000] {dag.py:2726} INFO - Sync 1 DAGs
[2026-02-25T04:57:58.695+0000] {logging_mixin.py:149} INFO - [2026-02-25T04:57:58.695+0000] {dag.py:3490} INFO - Setting next_dagrun for example_short_circuit_operator to 2026-02-24T04:57:58.695628+00:00, run_after=2026-02-25T04:57:58.695628+00:00
[2026-02-25T04:57:58.718+0000] {processor.py:178} INFO - Processing /home/airflow/.local/lib/python3.7/site-packages/airflow/example_dags/example_short_circuit_operator.py took 0.072 seconds
[2026-02-25T04:58:29.194+0000] {processor.py:156} INFO - Started process (PID=1313) to work on /home/airflow/.local/lib/python3.7/site-packages/airflow/example_dags/example_short_circuit_operator.py
[2026-02-25T04:58:29.195+0000] {processor.py:799} INFO - Processing file /home/airflow/.local/lib/python3.7/site-packages/airflow/example_dags/example_short_circuit_operator.py for tasks to queue
[2026-02-25T04:58:29.196+0000] {logging_mixin.py:149} INFO - [2026-02-25T04:58:29.196+0000] {dagbag.py:541} INFO - Filling up the DagBag from /home/airflow/.local/lib/python3.7/site-packages/airflow/example_dags/example_short_circuit_operator.py
[2026-02-25T04:58:29.202+0000] {processor.py:809} INFO - DAG(s) dict_keys(['example_short_circuit_operator']) retrieved from /home/airflow/.local/lib/python3.7/site-packages/airflow/example_dags/example_short_circuit_operator.py
[2026-02-25T04:58:29.226+0000] {logging_mixin.py:149} INFO - [2026-02-25T04:58:29.226+0000] {dag.py:2726} INFO - Sync 1 DAGs
[2026-02-25T04:58:29.248+0000] {logging_mixin.py:149} INFO - [2026-02-25T04:58:29.248+0000] {dag.py:3490} INFO - Setting next_dagrun for example_short_circuit_operator to 2026-02-24T04:58:29.247965+00:00, run_after=2026-02-25T04:58:29.247965+00:00
[2026-02-25T04:58:29.267+0000] {processor.py:178} INFO - Processing /home/airflow/.local/lib/python3.7/site-packages/airflow/example_dags/example_short_circuit_operator.py took 0.079 seconds
[2026-02-25T04:58:59.873+0000] {processor.py:156} INFO - Started process (PID=1375) to work on /home/airflow/.local/lib/python3.7/site-packages/airflow/example_dags/example_short_circuit_operator.py
[2026-02-25T04:58:59.883+0000] {processor.py:799} INFO - Processing file /home/airflow/.local/lib/python3.7/site-packages/airflow/example_dags/example_short_circuit_operator.py for tasks to queue
[2026-02-25T04:58:59.885+0000] {logging_mixin.py:149} INFO - [2026-02-25T04:58:59.885+0000] {dagbag.py:541} INFO - Filling up the DagBag from /home/airflow/.local/lib/python3.7/site-packages/airflow/example_dags/example_short_circuit_operator.py
[2026-02-25T04:58:59.895+0000] {processor.py:809} INFO - DAG(s) dict_keys(['example_short_circuit_operator']) retrieved from /home/airflow/.local/lib/python3.7/site-packages/airflow/example_dags/example_short_circuit_operator.py
[2026-02-25T04:58:59.944+0000] {logging_mixin.py:149} INFO - [2026-02-25T04:58:59.944+0000] {dag.py:2726} INFO - Sync 1 DAGs
[2026-02-25T04:58:59.968+0000] {logging_mixin.py:149} INFO - [2026-02-25T04:58:59.968+0000] {dag.py:3490} INFO - Setting next_dagrun for example_short_circuit_operator to 2026-02-24T04:58:59.968138+00:00, run_after=2026-02-25T04:58:59.968138+00:00
[2026-02-25T04:58:59.984+0000] {processor.py:178} INFO - Processing /home/airflow/.local/lib/python3.7/site-packages/airflow/example_dags/example_short_circuit_operator.py took 0.131 seconds
[2026-02-25T04:59:30.433+0000] {processor.py:156} INFO - Started process (PID=1438) to work on /home/airflow/.local/lib/python3.7/site-packages/airflow/example_dags/example_short_circuit_operator.py
[2026-02-25T04:59:30.434+0000] {processor.py:799} INFO - Processing file /home/airflow/.local/lib/python3.7/site-packages/airflow/example_dags/example_short_circuit_operator.py for tasks to queue
[2026-02-25T04:59:30.435+0000] {logging_mixin.py:149} INFO - [2026-02-25T04:59:30.435+0000] {dagbag.py:541} INFO - Filling up the DagBag from /home/airflow/.local/lib/python3.7/site-packages/airflow/example_dags/example_short_circuit_operator.py
[2026-02-25T04:59:30.442+0000] {processor.py:809} INFO - DAG(s) dict_keys(['example_short_circuit_operator']) retrieved from /home/airflow/.local/lib/python3.7/site-packages/airflow/example_dags/example_short_circuit_operator.py
[2026-02-25T04:59:30.460+0000] {logging_mixin.py:149} INFO - [2026-02-25T04:59:30.460+0000] {dag.py:2726} INFO - Sync 1 DAGs
[2026-02-25T04:59:30.482+0000] {logging_mixin.py:149} INFO - [2026-02-25T04:59:30.482+0000] {dag.py:3490} INFO - Setting next_dagrun for example_short_circuit_operator to 2026-02-24T04:59:30.482682+00:00, run_after=2026-02-25T04:59:30.482682+00:00
[2026-02-25T04:59:30.503+0000] {processor.py:178} INFO - Processing /home/airflow/.local/lib/python3.7/site-packages/airflow/example_dags/example_short_circuit_operator.py took 0.073 seconds
