[2026-02-25T04:40:39.727+0000] {processor.py:156} INFO - Started process (PID=62) to work on /home/airflow/.local/lib/python3.7/site-packages/airflow/example_dags/example_task_group.py
[2026-02-25T04:40:39.729+0000] {processor.py:799} INFO - Processing file /home/airflow/.local/lib/python3.7/site-packages/airflow/example_dags/example_task_group.py for tasks to queue
[2026-02-25T04:40:39.729+0000] {logging_mixin.py:149} INFO - [2026-02-25T04:40:39.729+0000] {dagbag.py:541} INFO - Filling up the DagBag from /home/airflow/.local/lib/python3.7/site-packages/airflow/example_dags/example_task_group.py
[2026-02-25T04:40:39.742+0000] {processor.py:809} INFO - DAG(s) dict_keys(['example_task_group']) retrieved from /home/airflow/.local/lib/python3.7/site-packages/airflow/example_dags/example_task_group.py
[2026-02-25T04:40:39.879+0000] {logging_mixin.py:149} INFO - [2026-02-25T04:40:39.879+0000] {manager.py:504} INFO - Created Permission View: can edit on DAG:example_task_group
[2026-02-25T04:40:39.888+0000] {logging_mixin.py:149} INFO - [2026-02-25T04:40:39.888+0000] {manager.py:504} INFO - Created Permission View: can delete on DAG:example_task_group
[2026-02-25T04:40:39.895+0000] {logging_mixin.py:149} INFO - [2026-02-25T04:40:39.894+0000] {manager.py:504} INFO - Created Permission View: can read on DAG:example_task_group
[2026-02-25T04:40:39.896+0000] {logging_mixin.py:149} INFO - [2026-02-25T04:40:39.896+0000] {dag.py:2726} INFO - Sync 1 DAGs
[2026-02-25T04:40:39.908+0000] {logging_mixin.py:149} INFO - [2026-02-25T04:40:39.908+0000] {dag.py:2747} INFO - Creating ORM DAG for example_task_group
[2026-02-25T04:40:39.922+0000] {logging_mixin.py:149} INFO - [2026-02-25T04:40:39.922+0000] {dag.py:3490} INFO - Setting next_dagrun for example_task_group to 2026-02-24T04:40:39.921873+00:00, run_after=2026-02-25T04:40:39.921873+00:00
[2026-02-25T04:40:39.940+0000] {processor.py:178} INFO - Processing /home/airflow/.local/lib/python3.7/site-packages/airflow/example_dags/example_task_group.py took 0.215 seconds
[2026-02-25T04:41:10.159+0000] {processor.py:156} INFO - Started process (PID=124) to work on /home/airflow/.local/lib/python3.7/site-packages/airflow/example_dags/example_task_group.py
[2026-02-25T04:41:10.160+0000] {processor.py:799} INFO - Processing file /home/airflow/.local/lib/python3.7/site-packages/airflow/example_dags/example_task_group.py for tasks to queue
[2026-02-25T04:41:10.160+0000] {logging_mixin.py:149} INFO - [2026-02-25T04:41:10.160+0000] {dagbag.py:541} INFO - Filling up the DagBag from /home/airflow/.local/lib/python3.7/site-packages/airflow/example_dags/example_task_group.py
[2026-02-25T04:41:10.168+0000] {processor.py:809} INFO - DAG(s) dict_keys(['example_task_group']) retrieved from /home/airflow/.local/lib/python3.7/site-packages/airflow/example_dags/example_task_group.py
[2026-02-25T04:41:10.186+0000] {logging_mixin.py:149} INFO - [2026-02-25T04:41:10.186+0000] {dag.py:2726} INFO - Sync 1 DAGs
[2026-02-25T04:41:10.205+0000] {logging_mixin.py:149} INFO - [2026-02-25T04:41:10.205+0000] {dag.py:3490} INFO - Setting next_dagrun for example_task_group to 2026-02-24T04:41:10.205280+00:00, run_after=2026-02-25T04:41:10.205280+00:00
[2026-02-25T04:41:10.217+0000] {processor.py:178} INFO - Processing /home/airflow/.local/lib/python3.7/site-packages/airflow/example_dags/example_task_group.py took 0.061 seconds
[2026-02-25T04:41:40.767+0000] {processor.py:156} INFO - Started process (PID=187) to work on /home/airflow/.local/lib/python3.7/site-packages/airflow/example_dags/example_task_group.py
[2026-02-25T04:41:40.769+0000] {processor.py:799} INFO - Processing file /home/airflow/.local/lib/python3.7/site-packages/airflow/example_dags/example_task_group.py for tasks to queue
[2026-02-25T04:41:40.769+0000] {logging_mixin.py:149} INFO - [2026-02-25T04:41:40.769+0000] {dagbag.py:541} INFO - Filling up the DagBag from /home/airflow/.local/lib/python3.7/site-packages/airflow/example_dags/example_task_group.py
[2026-02-25T04:41:40.778+0000] {processor.py:809} INFO - DAG(s) dict_keys(['example_task_group']) retrieved from /home/airflow/.local/lib/python3.7/site-packages/airflow/example_dags/example_task_group.py
[2026-02-25T04:41:40.807+0000] {logging_mixin.py:149} INFO - [2026-02-25T04:41:40.807+0000] {dag.py:2726} INFO - Sync 1 DAGs
[2026-02-25T04:41:40.831+0000] {logging_mixin.py:149} INFO - [2026-02-25T04:41:40.831+0000] {dag.py:3490} INFO - Setting next_dagrun for example_task_group to 2026-02-24T04:41:40.831195+00:00, run_after=2026-02-25T04:41:40.831195+00:00
[2026-02-25T04:41:40.846+0000] {processor.py:178} INFO - Processing /home/airflow/.local/lib/python3.7/site-packages/airflow/example_dags/example_task_group.py took 0.082 seconds
[2026-02-25T04:42:11.265+0000] {processor.py:156} INFO - Started process (PID=257) to work on /home/airflow/.local/lib/python3.7/site-packages/airflow/example_dags/example_task_group.py
[2026-02-25T04:42:11.266+0000] {processor.py:799} INFO - Processing file /home/airflow/.local/lib/python3.7/site-packages/airflow/example_dags/example_task_group.py for tasks to queue
[2026-02-25T04:42:11.266+0000] {logging_mixin.py:149} INFO - [2026-02-25T04:42:11.266+0000] {dagbag.py:541} INFO - Filling up the DagBag from /home/airflow/.local/lib/python3.7/site-packages/airflow/example_dags/example_task_group.py
[2026-02-25T04:42:11.272+0000] {processor.py:809} INFO - DAG(s) dict_keys(['example_task_group']) retrieved from /home/airflow/.local/lib/python3.7/site-packages/airflow/example_dags/example_task_group.py
[2026-02-25T04:42:11.294+0000] {logging_mixin.py:149} INFO - [2026-02-25T04:42:11.293+0000] {dag.py:2726} INFO - Sync 1 DAGs
[2026-02-25T04:42:11.311+0000] {logging_mixin.py:149} INFO - [2026-02-25T04:42:11.311+0000] {dag.py:3490} INFO - Setting next_dagrun for example_task_group to 2026-02-24T04:42:11.311506+00:00, run_after=2026-02-25T04:42:11.311506+00:00
[2026-02-25T04:42:11.329+0000] {processor.py:178} INFO - Processing /home/airflow/.local/lib/python3.7/site-packages/airflow/example_dags/example_task_group.py took 0.066 seconds
[2026-02-25T04:42:41.901+0000] {processor.py:156} INFO - Started process (PID=320) to work on /home/airflow/.local/lib/python3.7/site-packages/airflow/example_dags/example_task_group.py
[2026-02-25T04:42:41.902+0000] {processor.py:799} INFO - Processing file /home/airflow/.local/lib/python3.7/site-packages/airflow/example_dags/example_task_group.py for tasks to queue
[2026-02-25T04:42:41.903+0000] {logging_mixin.py:149} INFO - [2026-02-25T04:42:41.903+0000] {dagbag.py:541} INFO - Filling up the DagBag from /home/airflow/.local/lib/python3.7/site-packages/airflow/example_dags/example_task_group.py
[2026-02-25T04:42:41.908+0000] {processor.py:809} INFO - DAG(s) dict_keys(['example_task_group']) retrieved from /home/airflow/.local/lib/python3.7/site-packages/airflow/example_dags/example_task_group.py
[2026-02-25T04:42:41.931+0000] {logging_mixin.py:149} INFO - [2026-02-25T04:42:41.931+0000] {dag.py:2726} INFO - Sync 1 DAGs
[2026-02-25T04:42:41.948+0000] {logging_mixin.py:149} INFO - [2026-02-25T04:42:41.948+0000] {dag.py:3490} INFO - Setting next_dagrun for example_task_group to 2026-02-24T04:42:41.948042+00:00, run_after=2026-02-25T04:42:41.948042+00:00
[2026-02-25T04:42:41.964+0000] {processor.py:178} INFO - Processing /home/airflow/.local/lib/python3.7/site-packages/airflow/example_dags/example_task_group.py took 0.065 seconds
[2026-02-25T04:48:21.842+0000] {processor.py:156} INFO - Started process (PID=61) to work on /home/airflow/.local/lib/python3.7/site-packages/airflow/example_dags/example_task_group.py
[2026-02-25T04:48:21.844+0000] {processor.py:799} INFO - Processing file /home/airflow/.local/lib/python3.7/site-packages/airflow/example_dags/example_task_group.py for tasks to queue
[2026-02-25T04:48:21.845+0000] {logging_mixin.py:149} INFO - [2026-02-25T04:48:21.845+0000] {dagbag.py:541} INFO - Filling up the DagBag from /home/airflow/.local/lib/python3.7/site-packages/airflow/example_dags/example_task_group.py
[2026-02-25T04:48:21.851+0000] {processor.py:809} INFO - DAG(s) dict_keys(['example_task_group']) retrieved from /home/airflow/.local/lib/python3.7/site-packages/airflow/example_dags/example_task_group.py
[2026-02-25T04:48:21.861+0000] {logging_mixin.py:149} INFO - [2026-02-25T04:48:21.861+0000] {dag.py:2726} INFO - Sync 1 DAGs
[2026-02-25T04:48:21.889+0000] {logging_mixin.py:149} INFO - [2026-02-25T04:48:21.889+0000] {dag.py:3490} INFO - Setting next_dagrun for example_task_group to 2026-02-24T04:48:21.888699+00:00, run_after=2026-02-25T04:48:21.888699+00:00
[2026-02-25T04:48:21.909+0000] {processor.py:178} INFO - Processing /home/airflow/.local/lib/python3.7/site-packages/airflow/example_dags/example_task_group.py took 0.069 seconds
[2026-02-25T04:48:52.538+0000] {processor.py:156} INFO - Started process (PID=124) to work on /home/airflow/.local/lib/python3.7/site-packages/airflow/example_dags/example_task_group.py
[2026-02-25T04:48:52.539+0000] {processor.py:799} INFO - Processing file /home/airflow/.local/lib/python3.7/site-packages/airflow/example_dags/example_task_group.py for tasks to queue
[2026-02-25T04:48:52.539+0000] {logging_mixin.py:149} INFO - [2026-02-25T04:48:52.539+0000] {dagbag.py:541} INFO - Filling up the DagBag from /home/airflow/.local/lib/python3.7/site-packages/airflow/example_dags/example_task_group.py
[2026-02-25T04:48:52.545+0000] {processor.py:809} INFO - DAG(s) dict_keys(['example_task_group']) retrieved from /home/airflow/.local/lib/python3.7/site-packages/airflow/example_dags/example_task_group.py
[2026-02-25T04:48:52.563+0000] {logging_mixin.py:149} INFO - [2026-02-25T04:48:52.563+0000] {dag.py:2726} INFO - Sync 1 DAGs
[2026-02-25T04:48:52.581+0000] {logging_mixin.py:149} INFO - [2026-02-25T04:48:52.580+0000] {dag.py:3490} INFO - Setting next_dagrun for example_task_group to 2026-02-24T04:48:52.580749+00:00, run_after=2026-02-25T04:48:52.580749+00:00
[2026-02-25T04:48:52.594+0000] {processor.py:178} INFO - Processing /home/airflow/.local/lib/python3.7/site-packages/airflow/example_dags/example_task_group.py took 0.058 seconds
[2026-02-25T04:49:23.064+0000] {processor.py:156} INFO - Started process (PID=187) to work on /home/airflow/.local/lib/python3.7/site-packages/airflow/example_dags/example_task_group.py
[2026-02-25T04:49:23.065+0000] {processor.py:799} INFO - Processing file /home/airflow/.local/lib/python3.7/site-packages/airflow/example_dags/example_task_group.py for tasks to queue
[2026-02-25T04:49:23.066+0000] {logging_mixin.py:149} INFO - [2026-02-25T04:49:23.066+0000] {dagbag.py:541} INFO - Filling up the DagBag from /home/airflow/.local/lib/python3.7/site-packages/airflow/example_dags/example_task_group.py
[2026-02-25T04:49:23.071+0000] {processor.py:809} INFO - DAG(s) dict_keys(['example_task_group']) retrieved from /home/airflow/.local/lib/python3.7/site-packages/airflow/example_dags/example_task_group.py
[2026-02-25T04:49:23.089+0000] {logging_mixin.py:149} INFO - [2026-02-25T04:49:23.089+0000] {dag.py:2726} INFO - Sync 1 DAGs
[2026-02-25T04:49:23.108+0000] {logging_mixin.py:149} INFO - [2026-02-25T04:49:23.108+0000] {dag.py:3490} INFO - Setting next_dagrun for example_task_group to 2026-02-24T04:49:23.107839+00:00, run_after=2026-02-25T04:49:23.107839+00:00
[2026-02-25T04:49:23.123+0000] {processor.py:178} INFO - Processing /home/airflow/.local/lib/python3.7/site-packages/airflow/example_dags/example_task_group.py took 0.062 seconds
[2026-02-25T04:49:53.611+0000] {processor.py:156} INFO - Started process (PID=250) to work on /home/airflow/.local/lib/python3.7/site-packages/airflow/example_dags/example_task_group.py
[2026-02-25T04:49:53.612+0000] {processor.py:799} INFO - Processing file /home/airflow/.local/lib/python3.7/site-packages/airflow/example_dags/example_task_group.py for tasks to queue
[2026-02-25T04:49:53.613+0000] {logging_mixin.py:149} INFO - [2026-02-25T04:49:53.612+0000] {dagbag.py:541} INFO - Filling up the DagBag from /home/airflow/.local/lib/python3.7/site-packages/airflow/example_dags/example_task_group.py
[2026-02-25T04:49:53.618+0000] {processor.py:809} INFO - DAG(s) dict_keys(['example_task_group']) retrieved from /home/airflow/.local/lib/python3.7/site-packages/airflow/example_dags/example_task_group.py
[2026-02-25T04:49:53.636+0000] {logging_mixin.py:149} INFO - [2026-02-25T04:49:53.636+0000] {dag.py:2726} INFO - Sync 1 DAGs
[2026-02-25T04:49:53.653+0000] {logging_mixin.py:149} INFO - [2026-02-25T04:49:53.653+0000] {dag.py:3490} INFO - Setting next_dagrun for example_task_group to 2026-02-24T04:49:53.653606+00:00, run_after=2026-02-25T04:49:53.653606+00:00
[2026-02-25T04:49:53.666+0000] {processor.py:178} INFO - Processing /home/airflow/.local/lib/python3.7/site-packages/airflow/example_dags/example_task_group.py took 0.057 seconds
[2026-02-25T04:50:24.101+0000] {processor.py:156} INFO - Started process (PID=320) to work on /home/airflow/.local/lib/python3.7/site-packages/airflow/example_dags/example_task_group.py
[2026-02-25T04:50:24.102+0000] {processor.py:799} INFO - Processing file /home/airflow/.local/lib/python3.7/site-packages/airflow/example_dags/example_task_group.py for tasks to queue
[2026-02-25T04:50:24.102+0000] {logging_mixin.py:149} INFO - [2026-02-25T04:50:24.102+0000] {dagbag.py:541} INFO - Filling up the DagBag from /home/airflow/.local/lib/python3.7/site-packages/airflow/example_dags/example_task_group.py
[2026-02-25T04:50:24.108+0000] {processor.py:809} INFO - DAG(s) dict_keys(['example_task_group']) retrieved from /home/airflow/.local/lib/python3.7/site-packages/airflow/example_dags/example_task_group.py
[2026-02-25T04:50:24.125+0000] {logging_mixin.py:149} INFO - [2026-02-25T04:50:24.125+0000] {dag.py:2726} INFO - Sync 1 DAGs
[2026-02-25T04:50:24.142+0000] {logging_mixin.py:149} INFO - [2026-02-25T04:50:24.142+0000] {dag.py:3490} INFO - Setting next_dagrun for example_task_group to 2026-02-24T04:50:24.142562+00:00, run_after=2026-02-25T04:50:24.142562+00:00
[2026-02-25T04:50:24.155+0000] {processor.py:178} INFO - Processing /home/airflow/.local/lib/python3.7/site-packages/airflow/example_dags/example_task_group.py took 0.056 seconds
[2026-02-25T04:50:54.195+0000] {processor.py:156} INFO - Started process (PID=382) to work on /home/airflow/.local/lib/python3.7/site-packages/airflow/example_dags/example_task_group.py
[2026-02-25T04:50:54.197+0000] {processor.py:799} INFO - Processing file /home/airflow/.local/lib/python3.7/site-packages/airflow/example_dags/example_task_group.py for tasks to queue
[2026-02-25T04:50:54.197+0000] {logging_mixin.py:149} INFO - [2026-02-25T04:50:54.197+0000] {dagbag.py:541} INFO - Filling up the DagBag from /home/airflow/.local/lib/python3.7/site-packages/airflow/example_dags/example_task_group.py
[2026-02-25T04:50:54.207+0000] {processor.py:809} INFO - DAG(s) dict_keys(['example_task_group']) retrieved from /home/airflow/.local/lib/python3.7/site-packages/airflow/example_dags/example_task_group.py
[2026-02-25T04:50:54.231+0000] {logging_mixin.py:149} INFO - [2026-02-25T04:50:54.231+0000] {dag.py:2726} INFO - Sync 1 DAGs
[2026-02-25T04:50:54.249+0000] {logging_mixin.py:149} INFO - [2026-02-25T04:50:54.249+0000] {dag.py:3490} INFO - Setting next_dagrun for example_task_group to 2026-02-24T04:50:54.248966+00:00, run_after=2026-02-25T04:50:54.248966+00:00
[2026-02-25T04:50:54.266+0000] {processor.py:178} INFO - Processing /home/airflow/.local/lib/python3.7/site-packages/airflow/example_dags/example_task_group.py took 0.075 seconds
[2026-02-25T04:51:24.587+0000] {processor.py:156} INFO - Started process (PID=446) to work on /home/airflow/.local/lib/python3.7/site-packages/airflow/example_dags/example_task_group.py
[2026-02-25T04:51:24.588+0000] {processor.py:799} INFO - Processing file /home/airflow/.local/lib/python3.7/site-packages/airflow/example_dags/example_task_group.py for tasks to queue
[2026-02-25T04:51:24.588+0000] {logging_mixin.py:149} INFO - [2026-02-25T04:51:24.588+0000] {dagbag.py:541} INFO - Filling up the DagBag from /home/airflow/.local/lib/python3.7/site-packages/airflow/example_dags/example_task_group.py
[2026-02-25T04:51:24.594+0000] {processor.py:809} INFO - DAG(s) dict_keys(['example_task_group']) retrieved from /home/airflow/.local/lib/python3.7/site-packages/airflow/example_dags/example_task_group.py
[2026-02-25T04:51:24.612+0000] {logging_mixin.py:149} INFO - [2026-02-25T04:51:24.612+0000] {dag.py:2726} INFO - Sync 1 DAGs
[2026-02-25T04:51:24.630+0000] {logging_mixin.py:149} INFO - [2026-02-25T04:51:24.629+0000] {dag.py:3490} INFO - Setting next_dagrun for example_task_group to 2026-02-24T04:51:24.629756+00:00, run_after=2026-02-25T04:51:24.629756+00:00
[2026-02-25T04:51:24.642+0000] {processor.py:178} INFO - Processing /home/airflow/.local/lib/python3.7/site-packages/airflow/example_dags/example_task_group.py took 0.057 seconds
[2026-02-25T04:51:54.704+0000] {processor.py:156} INFO - Started process (PID=508) to work on /home/airflow/.local/lib/python3.7/site-packages/airflow/example_dags/example_task_group.py
[2026-02-25T04:51:54.706+0000] {processor.py:799} INFO - Processing file /home/airflow/.local/lib/python3.7/site-packages/airflow/example_dags/example_task_group.py for tasks to queue
[2026-02-25T04:51:54.707+0000] {logging_mixin.py:149} INFO - [2026-02-25T04:51:54.707+0000] {dagbag.py:541} INFO - Filling up the DagBag from /home/airflow/.local/lib/python3.7/site-packages/airflow/example_dags/example_task_group.py
[2026-02-25T04:51:54.716+0000] {processor.py:809} INFO - DAG(s) dict_keys(['example_task_group']) retrieved from /home/airflow/.local/lib/python3.7/site-packages/airflow/example_dags/example_task_group.py
[2026-02-25T04:51:54.737+0000] {logging_mixin.py:149} INFO - [2026-02-25T04:51:54.737+0000] {dag.py:2726} INFO - Sync 1 DAGs
[2026-02-25T04:51:54.755+0000] {logging_mixin.py:149} INFO - [2026-02-25T04:51:54.755+0000] {dag.py:3490} INFO - Setting next_dagrun for example_task_group to 2026-02-24T04:51:54.755485+00:00, run_after=2026-02-25T04:51:54.755485+00:00
[2026-02-25T04:51:54.774+0000] {processor.py:178} INFO - Processing /home/airflow/.local/lib/python3.7/site-packages/airflow/example_dags/example_task_group.py took 0.075 seconds
[2026-02-25T04:52:25.364+0000] {processor.py:156} INFO - Started process (PID=572) to work on /home/airflow/.local/lib/python3.7/site-packages/airflow/example_dags/example_task_group.py
[2026-02-25T04:52:25.365+0000] {processor.py:799} INFO - Processing file /home/airflow/.local/lib/python3.7/site-packages/airflow/example_dags/example_task_group.py for tasks to queue
[2026-02-25T04:52:25.365+0000] {logging_mixin.py:149} INFO - [2026-02-25T04:52:25.365+0000] {dagbag.py:541} INFO - Filling up the DagBag from /home/airflow/.local/lib/python3.7/site-packages/airflow/example_dags/example_task_group.py
[2026-02-25T04:52:25.371+0000] {processor.py:809} INFO - DAG(s) dict_keys(['example_task_group']) retrieved from /home/airflow/.local/lib/python3.7/site-packages/airflow/example_dags/example_task_group.py
[2026-02-25T04:52:25.390+0000] {logging_mixin.py:149} INFO - [2026-02-25T04:52:25.390+0000] {dag.py:2726} INFO - Sync 1 DAGs
[2026-02-25T04:52:25.409+0000] {logging_mixin.py:149} INFO - [2026-02-25T04:52:25.409+0000] {dag.py:3490} INFO - Setting next_dagrun for example_task_group to 2026-02-24T04:52:25.409602+00:00, run_after=2026-02-25T04:52:25.409602+00:00
[2026-02-25T04:52:25.422+0000] {processor.py:178} INFO - Processing /home/airflow/.local/lib/python3.7/site-packages/airflow/example_dags/example_task_group.py took 0.060 seconds
[2026-02-25T04:52:55.783+0000] {processor.py:156} INFO - Started process (PID=635) to work on /home/airflow/.local/lib/python3.7/site-packages/airflow/example_dags/example_task_group.py
[2026-02-25T04:52:55.783+0000] {processor.py:799} INFO - Processing file /home/airflow/.local/lib/python3.7/site-packages/airflow/example_dags/example_task_group.py for tasks to queue
[2026-02-25T04:52:55.784+0000] {logging_mixin.py:149} INFO - [2026-02-25T04:52:55.784+0000] {dagbag.py:541} INFO - Filling up the DagBag from /home/airflow/.local/lib/python3.7/site-packages/airflow/example_dags/example_task_group.py
[2026-02-25T04:52:55.789+0000] {processor.py:809} INFO - DAG(s) dict_keys(['example_task_group']) retrieved from /home/airflow/.local/lib/python3.7/site-packages/airflow/example_dags/example_task_group.py
[2026-02-25T04:52:55.810+0000] {logging_mixin.py:149} INFO - [2026-02-25T04:52:55.810+0000] {dag.py:2726} INFO - Sync 1 DAGs
[2026-02-25T04:52:55.830+0000] {logging_mixin.py:149} INFO - [2026-02-25T04:52:55.830+0000] {dag.py:3490} INFO - Setting next_dagrun for example_task_group to 2026-02-24T04:52:55.829860+00:00, run_after=2026-02-25T04:52:55.829860+00:00
[2026-02-25T04:52:55.843+0000] {processor.py:178} INFO - Processing /home/airflow/.local/lib/python3.7/site-packages/airflow/example_dags/example_task_group.py took 0.063 seconds
[2026-02-25T04:53:26.426+0000] {processor.py:156} INFO - Started process (PID=698) to work on /home/airflow/.local/lib/python3.7/site-packages/airflow/example_dags/example_task_group.py
[2026-02-25T04:53:26.427+0000] {processor.py:799} INFO - Processing file /home/airflow/.local/lib/python3.7/site-packages/airflow/example_dags/example_task_group.py for tasks to queue
[2026-02-25T04:53:26.427+0000] {logging_mixin.py:149} INFO - [2026-02-25T04:53:26.427+0000] {dagbag.py:541} INFO - Filling up the DagBag from /home/airflow/.local/lib/python3.7/site-packages/airflow/example_dags/example_task_group.py
[2026-02-25T04:53:26.433+0000] {processor.py:809} INFO - DAG(s) dict_keys(['example_task_group']) retrieved from /home/airflow/.local/lib/python3.7/site-packages/airflow/example_dags/example_task_group.py
[2026-02-25T04:53:26.456+0000] {logging_mixin.py:149} INFO - [2026-02-25T04:53:26.455+0000] {dag.py:2726} INFO - Sync 1 DAGs
[2026-02-25T04:53:26.474+0000] {logging_mixin.py:149} INFO - [2026-02-25T04:53:26.474+0000] {dag.py:3490} INFO - Setting next_dagrun for example_task_group to 2026-02-24T04:53:26.474395+00:00, run_after=2026-02-25T04:53:26.474395+00:00
[2026-02-25T04:53:26.489+0000] {processor.py:178} INFO - Processing /home/airflow/.local/lib/python3.7/site-packages/airflow/example_dags/example_task_group.py took 0.065 seconds
[2026-02-25T04:53:56.894+0000] {processor.py:156} INFO - Started process (PID=761) to work on /home/airflow/.local/lib/python3.7/site-packages/airflow/example_dags/example_task_group.py
[2026-02-25T04:53:56.895+0000] {processor.py:799} INFO - Processing file /home/airflow/.local/lib/python3.7/site-packages/airflow/example_dags/example_task_group.py for tasks to queue
[2026-02-25T04:53:56.895+0000] {logging_mixin.py:149} INFO - [2026-02-25T04:53:56.895+0000] {dagbag.py:541} INFO - Filling up the DagBag from /home/airflow/.local/lib/python3.7/site-packages/airflow/example_dags/example_task_group.py
[2026-02-25T04:53:56.901+0000] {processor.py:809} INFO - DAG(s) dict_keys(['example_task_group']) retrieved from /home/airflow/.local/lib/python3.7/site-packages/airflow/example_dags/example_task_group.py
[2026-02-25T04:53:56.920+0000] {logging_mixin.py:149} INFO - [2026-02-25T04:53:56.920+0000] {dag.py:2726} INFO - Sync 1 DAGs
[2026-02-25T04:53:56.938+0000] {logging_mixin.py:149} INFO - [2026-02-25T04:53:56.938+0000] {dag.py:3490} INFO - Setting next_dagrun for example_task_group to 2026-02-24T04:53:56.938426+00:00, run_after=2026-02-25T04:53:56.938426+00:00
[2026-02-25T04:53:56.952+0000] {processor.py:178} INFO - Processing /home/airflow/.local/lib/python3.7/site-packages/airflow/example_dags/example_task_group.py took 0.060 seconds
[2026-02-25T04:54:27.301+0000] {processor.py:156} INFO - Started process (PID=824) to work on /home/airflow/.local/lib/python3.7/site-packages/airflow/example_dags/example_task_group.py
[2026-02-25T04:54:27.301+0000] {processor.py:799} INFO - Processing file /home/airflow/.local/lib/python3.7/site-packages/airflow/example_dags/example_task_group.py for tasks to queue
[2026-02-25T04:54:27.302+0000] {logging_mixin.py:149} INFO - [2026-02-25T04:54:27.302+0000] {dagbag.py:541} INFO - Filling up the DagBag from /home/airflow/.local/lib/python3.7/site-packages/airflow/example_dags/example_task_group.py
[2026-02-25T04:54:27.308+0000] {processor.py:809} INFO - DAG(s) dict_keys(['example_task_group']) retrieved from /home/airflow/.local/lib/python3.7/site-packages/airflow/example_dags/example_task_group.py
[2026-02-25T04:54:27.327+0000] {logging_mixin.py:149} INFO - [2026-02-25T04:54:27.327+0000] {dag.py:2726} INFO - Sync 1 DAGs
[2026-02-25T04:54:27.346+0000] {logging_mixin.py:149} INFO - [2026-02-25T04:54:27.346+0000] {dag.py:3490} INFO - Setting next_dagrun for example_task_group to 2026-02-24T04:54:27.346562+00:00, run_after=2026-02-25T04:54:27.346562+00:00
[2026-02-25T04:54:27.360+0000] {processor.py:178} INFO - Processing /home/airflow/.local/lib/python3.7/site-packages/airflow/example_dags/example_task_group.py took 0.062 seconds
[2026-02-25T04:54:57.614+0000] {processor.py:156} INFO - Started process (PID=887) to work on /home/airflow/.local/lib/python3.7/site-packages/airflow/example_dags/example_task_group.py
[2026-02-25T04:54:57.614+0000] {processor.py:799} INFO - Processing file /home/airflow/.local/lib/python3.7/site-packages/airflow/example_dags/example_task_group.py for tasks to queue
[2026-02-25T04:54:57.615+0000] {logging_mixin.py:149} INFO - [2026-02-25T04:54:57.615+0000] {dagbag.py:541} INFO - Filling up the DagBag from /home/airflow/.local/lib/python3.7/site-packages/airflow/example_dags/example_task_group.py
[2026-02-25T04:54:57.620+0000] {processor.py:809} INFO - DAG(s) dict_keys(['example_task_group']) retrieved from /home/airflow/.local/lib/python3.7/site-packages/airflow/example_dags/example_task_group.py
[2026-02-25T04:54:57.638+0000] {logging_mixin.py:149} INFO - [2026-02-25T04:54:57.638+0000] {dag.py:2726} INFO - Sync 1 DAGs
[2026-02-25T04:54:57.655+0000] {logging_mixin.py:149} INFO - [2026-02-25T04:54:57.655+0000] {dag.py:3490} INFO - Setting next_dagrun for example_task_group to 2026-02-24T04:54:57.655692+00:00, run_after=2026-02-25T04:54:57.655692+00:00
[2026-02-25T04:54:57.670+0000] {processor.py:178} INFO - Processing /home/airflow/.local/lib/python3.7/site-packages/airflow/example_dags/example_task_group.py took 0.058 seconds
[2026-02-25T04:55:27.943+0000] {processor.py:156} INFO - Started process (PID=950) to work on /home/airflow/.local/lib/python3.7/site-packages/airflow/example_dags/example_task_group.py
[2026-02-25T04:55:27.944+0000] {processor.py:799} INFO - Processing file /home/airflow/.local/lib/python3.7/site-packages/airflow/example_dags/example_task_group.py for tasks to queue
[2026-02-25T04:55:27.944+0000] {logging_mixin.py:149} INFO - [2026-02-25T04:55:27.944+0000] {dagbag.py:541} INFO - Filling up the DagBag from /home/airflow/.local/lib/python3.7/site-packages/airflow/example_dags/example_task_group.py
[2026-02-25T04:55:27.950+0000] {processor.py:809} INFO - DAG(s) dict_keys(['example_task_group']) retrieved from /home/airflow/.local/lib/python3.7/site-packages/airflow/example_dags/example_task_group.py
[2026-02-25T04:55:27.969+0000] {logging_mixin.py:149} INFO - [2026-02-25T04:55:27.969+0000] {dag.py:2726} INFO - Sync 1 DAGs
[2026-02-25T04:55:27.986+0000] {logging_mixin.py:149} INFO - [2026-02-25T04:55:27.986+0000] {dag.py:3490} INFO - Setting next_dagrun for example_task_group to 2026-02-24T04:55:27.986382+00:00, run_after=2026-02-25T04:55:27.986382+00:00
[2026-02-25T04:55:28.000+0000] {processor.py:178} INFO - Processing /home/airflow/.local/lib/python3.7/site-packages/airflow/example_dags/example_task_group.py took 0.059 seconds
[2026-02-25T04:55:58.572+0000] {processor.py:156} INFO - Started process (PID=1013) to work on /home/airflow/.local/lib/python3.7/site-packages/airflow/example_dags/example_task_group.py
[2026-02-25T04:55:58.573+0000] {processor.py:799} INFO - Processing file /home/airflow/.local/lib/python3.7/site-packages/airflow/example_dags/example_task_group.py for tasks to queue
[2026-02-25T04:55:58.573+0000] {logging_mixin.py:149} INFO - [2026-02-25T04:55:58.573+0000] {dagbag.py:541} INFO - Filling up the DagBag from /home/airflow/.local/lib/python3.7/site-packages/airflow/example_dags/example_task_group.py
[2026-02-25T04:55:58.579+0000] {processor.py:809} INFO - DAG(s) dict_keys(['example_task_group']) retrieved from /home/airflow/.local/lib/python3.7/site-packages/airflow/example_dags/example_task_group.py
[2026-02-25T04:55:58.598+0000] {logging_mixin.py:149} INFO - [2026-02-25T04:55:58.598+0000] {dag.py:2726} INFO - Sync 1 DAGs
[2026-02-25T04:55:58.616+0000] {logging_mixin.py:149} INFO - [2026-02-25T04:55:58.616+0000] {dag.py:3490} INFO - Setting next_dagrun for example_task_group to 2026-02-24T04:55:58.616390+00:00, run_after=2026-02-25T04:55:58.616390+00:00
[2026-02-25T04:55:58.630+0000] {processor.py:178} INFO - Processing /home/airflow/.local/lib/python3.7/site-packages/airflow/example_dags/example_task_group.py took 0.060 seconds
[2026-02-25T04:56:28.928+0000] {processor.py:156} INFO - Started process (PID=1076) to work on /home/airflow/.local/lib/python3.7/site-packages/airflow/example_dags/example_task_group.py
[2026-02-25T04:56:28.929+0000] {processor.py:799} INFO - Processing file /home/airflow/.local/lib/python3.7/site-packages/airflow/example_dags/example_task_group.py for tasks to queue
[2026-02-25T04:56:28.929+0000] {logging_mixin.py:149} INFO - [2026-02-25T04:56:28.929+0000] {dagbag.py:541} INFO - Filling up the DagBag from /home/airflow/.local/lib/python3.7/site-packages/airflow/example_dags/example_task_group.py
[2026-02-25T04:56:28.935+0000] {processor.py:809} INFO - DAG(s) dict_keys(['example_task_group']) retrieved from /home/airflow/.local/lib/python3.7/site-packages/airflow/example_dags/example_task_group.py
[2026-02-25T04:56:28.956+0000] {logging_mixin.py:149} INFO - [2026-02-25T04:56:28.956+0000] {dag.py:2726} INFO - Sync 1 DAGs
[2026-02-25T04:56:28.976+0000] {logging_mixin.py:149} INFO - [2026-02-25T04:56:28.976+0000] {dag.py:3490} INFO - Setting next_dagrun for example_task_group to 2026-02-24T04:56:28.976097+00:00, run_after=2026-02-25T04:56:28.976097+00:00
[2026-02-25T04:56:28.991+0000] {processor.py:178} INFO - Processing /home/airflow/.local/lib/python3.7/site-packages/airflow/example_dags/example_task_group.py took 0.066 seconds
[2026-02-25T04:56:59.616+0000] {processor.py:156} INFO - Started process (PID=1139) to work on /home/airflow/.local/lib/python3.7/site-packages/airflow/example_dags/example_task_group.py
[2026-02-25T04:56:59.616+0000] {processor.py:799} INFO - Processing file /home/airflow/.local/lib/python3.7/site-packages/airflow/example_dags/example_task_group.py for tasks to queue
[2026-02-25T04:56:59.617+0000] {logging_mixin.py:149} INFO - [2026-02-25T04:56:59.617+0000] {dagbag.py:541} INFO - Filling up the DagBag from /home/airflow/.local/lib/python3.7/site-packages/airflow/example_dags/example_task_group.py
[2026-02-25T04:56:59.623+0000] {processor.py:809} INFO - DAG(s) dict_keys(['example_task_group']) retrieved from /home/airflow/.local/lib/python3.7/site-packages/airflow/example_dags/example_task_group.py
[2026-02-25T04:56:59.643+0000] {logging_mixin.py:149} INFO - [2026-02-25T04:56:59.643+0000] {dag.py:2726} INFO - Sync 1 DAGs
[2026-02-25T04:56:59.663+0000] {logging_mixin.py:149} INFO - [2026-02-25T04:56:59.663+0000] {dag.py:3490} INFO - Setting next_dagrun for example_task_group to 2026-02-24T04:56:59.663161+00:00, run_after=2026-02-25T04:56:59.663161+00:00
[2026-02-25T04:56:59.678+0000] {processor.py:178} INFO - Processing /home/airflow/.local/lib/python3.7/site-packages/airflow/example_dags/example_task_group.py took 0.066 seconds
[2026-02-25T04:57:29.962+0000] {processor.py:156} INFO - Started process (PID=1202) to work on /home/airflow/.local/lib/python3.7/site-packages/airflow/example_dags/example_task_group.py
[2026-02-25T04:57:29.962+0000] {processor.py:799} INFO - Processing file /home/airflow/.local/lib/python3.7/site-packages/airflow/example_dags/example_task_group.py for tasks to queue
[2026-02-25T04:57:29.963+0000] {logging_mixin.py:149} INFO - [2026-02-25T04:57:29.963+0000] {dagbag.py:541} INFO - Filling up the DagBag from /home/airflow/.local/lib/python3.7/site-packages/airflow/example_dags/example_task_group.py
[2026-02-25T04:57:29.968+0000] {processor.py:809} INFO - DAG(s) dict_keys(['example_task_group']) retrieved from /home/airflow/.local/lib/python3.7/site-packages/airflow/example_dags/example_task_group.py
[2026-02-25T04:57:29.985+0000] {logging_mixin.py:149} INFO - [2026-02-25T04:57:29.985+0000] {dag.py:2726} INFO - Sync 1 DAGs
[2026-02-25T04:57:30.002+0000] {logging_mixin.py:149} INFO - [2026-02-25T04:57:30.002+0000] {dag.py:3490} INFO - Setting next_dagrun for example_task_group to 2026-02-24T04:57:30.002605+00:00, run_after=2026-02-25T04:57:30.002605+00:00
[2026-02-25T04:57:30.014+0000] {processor.py:178} INFO - Processing /home/airflow/.local/lib/python3.7/site-packages/airflow/example_dags/example_task_group.py took 0.055 seconds
[2026-02-25T04:58:00.328+0000] {processor.py:156} INFO - Started process (PID=1265) to work on /home/airflow/.local/lib/python3.7/site-packages/airflow/example_dags/example_task_group.py
[2026-02-25T04:58:00.329+0000] {processor.py:799} INFO - Processing file /home/airflow/.local/lib/python3.7/site-packages/airflow/example_dags/example_task_group.py for tasks to queue
[2026-02-25T04:58:00.330+0000] {logging_mixin.py:149} INFO - [2026-02-25T04:58:00.329+0000] {dagbag.py:541} INFO - Filling up the DagBag from /home/airflow/.local/lib/python3.7/site-packages/airflow/example_dags/example_task_group.py
[2026-02-25T04:58:00.335+0000] {processor.py:809} INFO - DAG(s) dict_keys(['example_task_group']) retrieved from /home/airflow/.local/lib/python3.7/site-packages/airflow/example_dags/example_task_group.py
[2026-02-25T04:58:00.354+0000] {logging_mixin.py:149} INFO - [2026-02-25T04:58:00.353+0000] {dag.py:2726} INFO - Sync 1 DAGs
[2026-02-25T04:58:00.371+0000] {logging_mixin.py:149} INFO - [2026-02-25T04:58:00.371+0000] {dag.py:3490} INFO - Setting next_dagrun for example_task_group to 2026-02-24T04:58:00.371217+00:00, run_after=2026-02-25T04:58:00.371217+00:00
[2026-02-25T04:58:00.384+0000] {processor.py:178} INFO - Processing /home/airflow/.local/lib/python3.7/site-packages/airflow/example_dags/example_task_group.py took 0.058 seconds
[2026-02-25T04:58:30.954+0000] {processor.py:156} INFO - Started process (PID=1328) to work on /home/airflow/.local/lib/python3.7/site-packages/airflow/example_dags/example_task_group.py
[2026-02-25T04:58:30.955+0000] {processor.py:799} INFO - Processing file /home/airflow/.local/lib/python3.7/site-packages/airflow/example_dags/example_task_group.py for tasks to queue
[2026-02-25T04:58:30.955+0000] {logging_mixin.py:149} INFO - [2026-02-25T04:58:30.955+0000] {dagbag.py:541} INFO - Filling up the DagBag from /home/airflow/.local/lib/python3.7/site-packages/airflow/example_dags/example_task_group.py
[2026-02-25T04:58:30.961+0000] {processor.py:809} INFO - DAG(s) dict_keys(['example_task_group']) retrieved from /home/airflow/.local/lib/python3.7/site-packages/airflow/example_dags/example_task_group.py
[2026-02-25T04:58:30.978+0000] {logging_mixin.py:149} INFO - [2026-02-25T04:58:30.978+0000] {dag.py:2726} INFO - Sync 1 DAGs
[2026-02-25T04:58:30.997+0000] {logging_mixin.py:149} INFO - [2026-02-25T04:58:30.996+0000] {dag.py:3490} INFO - Setting next_dagrun for example_task_group to 2026-02-24T04:58:30.996677+00:00, run_after=2026-02-25T04:58:30.996677+00:00
[2026-02-25T04:58:31.011+0000] {processor.py:178} INFO - Processing /home/airflow/.local/lib/python3.7/site-packages/airflow/example_dags/example_task_group.py took 0.060 seconds
[2026-02-25T04:59:01.602+0000] {processor.py:156} INFO - Started process (PID=1390) to work on /home/airflow/.local/lib/python3.7/site-packages/airflow/example_dags/example_task_group.py
[2026-02-25T04:59:01.603+0000] {processor.py:799} INFO - Processing file /home/airflow/.local/lib/python3.7/site-packages/airflow/example_dags/example_task_group.py for tasks to queue
[2026-02-25T04:59:01.604+0000] {logging_mixin.py:149} INFO - [2026-02-25T04:59:01.604+0000] {dagbag.py:541} INFO - Filling up the DagBag from /home/airflow/.local/lib/python3.7/site-packages/airflow/example_dags/example_task_group.py
[2026-02-25T04:59:01.609+0000] {processor.py:809} INFO - DAG(s) dict_keys(['example_task_group']) retrieved from /home/airflow/.local/lib/python3.7/site-packages/airflow/example_dags/example_task_group.py
[2026-02-25T04:59:01.628+0000] {logging_mixin.py:149} INFO - [2026-02-25T04:59:01.628+0000] {dag.py:2726} INFO - Sync 1 DAGs
[2026-02-25T04:59:01.647+0000] {logging_mixin.py:149} INFO - [2026-02-25T04:59:01.647+0000] {dag.py:3490} INFO - Setting next_dagrun for example_task_group to 2026-02-24T04:59:01.647074+00:00, run_after=2026-02-25T04:59:01.647074+00:00
[2026-02-25T04:59:01.661+0000] {processor.py:178} INFO - Processing /home/airflow/.local/lib/python3.7/site-packages/airflow/example_dags/example_task_group.py took 0.061 seconds
[2026-02-25T04:59:32.181+0000] {processor.py:156} INFO - Started process (PID=1453) to work on /home/airflow/.local/lib/python3.7/site-packages/airflow/example_dags/example_task_group.py
[2026-02-25T04:59:32.182+0000] {processor.py:799} INFO - Processing file /home/airflow/.local/lib/python3.7/site-packages/airflow/example_dags/example_task_group.py for tasks to queue
[2026-02-25T04:59:32.182+0000] {logging_mixin.py:149} INFO - [2026-02-25T04:59:32.182+0000] {dagbag.py:541} INFO - Filling up the DagBag from /home/airflow/.local/lib/python3.7/site-packages/airflow/example_dags/example_task_group.py
[2026-02-25T04:59:32.189+0000] {processor.py:809} INFO - DAG(s) dict_keys(['example_task_group']) retrieved from /home/airflow/.local/lib/python3.7/site-packages/airflow/example_dags/example_task_group.py
[2026-02-25T04:59:32.208+0000] {logging_mixin.py:149} INFO - [2026-02-25T04:59:32.207+0000] {dag.py:2726} INFO - Sync 1 DAGs
[2026-02-25T04:59:32.225+0000] {logging_mixin.py:149} INFO - [2026-02-25T04:59:32.225+0000] {dag.py:3490} INFO - Setting next_dagrun for example_task_group to 2026-02-24T04:59:32.225274+00:00, run_after=2026-02-25T04:59:32.225274+00:00
[2026-02-25T04:59:32.238+0000] {processor.py:178} INFO - Processing /home/airflow/.local/lib/python3.7/site-packages/airflow/example_dags/example_task_group.py took 0.060 seconds
