[2026-02-25T04:40:41.695+0000] {processor.py:156} INFO - Started process (PID=84) to work on /home/airflow/.local/lib/python3.7/site-packages/airflow/example_dags/example_branch_operator_decorator.py
[2026-02-25T04:40:41.695+0000] {processor.py:799} INFO - Processing file /home/airflow/.local/lib/python3.7/site-packages/airflow/example_dags/example_branch_operator_decorator.py for tasks to queue
[2026-02-25T04:40:41.696+0000] {logging_mixin.py:149} INFO - [2026-02-25T04:40:41.696+0000] {dagbag.py:541} INFO - Filling up the DagBag from /home/airflow/.local/lib/python3.7/site-packages/airflow/example_dags/example_branch_operator_decorator.py
[2026-02-25T04:40:41.703+0000] {processor.py:809} INFO - DAG(s) dict_keys(['example_branch_python_operator_decorator']) retrieved from /home/airflow/.local/lib/python3.7/site-packages/airflow/example_dags/example_branch_operator_decorator.py
[2026-02-25T04:40:41.817+0000] {logging_mixin.py:149} INFO - [2026-02-25T04:40:41.817+0000] {manager.py:504} INFO - Created Permission View: can edit on DAG:example_branch_python_operator_decorator
[2026-02-25T04:40:41.825+0000] {logging_mixin.py:149} INFO - [2026-02-25T04:40:41.825+0000] {manager.py:504} INFO - Created Permission View: can delete on DAG:example_branch_python_operator_decorator
[2026-02-25T04:40:41.830+0000] {logging_mixin.py:149} INFO - [2026-02-25T04:40:41.830+0000] {manager.py:504} INFO - Created Permission View: can read on DAG:example_branch_python_operator_decorator
[2026-02-25T04:40:41.830+0000] {logging_mixin.py:149} INFO - [2026-02-25T04:40:41.830+0000] {dag.py:2726} INFO - Sync 1 DAGs
[2026-02-25T04:40:41.840+0000] {logging_mixin.py:149} INFO - [2026-02-25T04:40:41.840+0000] {dag.py:2747} INFO - Creating ORM DAG for example_branch_python_operator_decorator
[2026-02-25T04:40:41.848+0000] {logging_mixin.py:149} INFO - [2026-02-25T04:40:41.848+0000] {dag.py:3490} INFO - Setting next_dagrun for example_branch_python_operator_decorator to 2026-02-24T00:00:00+00:00, run_after=2026-02-25T00:00:00+00:00
[2026-02-25T04:40:41.871+0000] {processor.py:178} INFO - Processing /home/airflow/.local/lib/python3.7/site-packages/airflow/example_dags/example_branch_operator_decorator.py took 0.179 seconds
[2026-02-25T04:41:12.106+0000] {processor.py:156} INFO - Started process (PID=147) to work on /home/airflow/.local/lib/python3.7/site-packages/airflow/example_dags/example_branch_operator_decorator.py
[2026-02-25T04:41:12.107+0000] {processor.py:799} INFO - Processing file /home/airflow/.local/lib/python3.7/site-packages/airflow/example_dags/example_branch_operator_decorator.py for tasks to queue
[2026-02-25T04:41:12.107+0000] {logging_mixin.py:149} INFO - [2026-02-25T04:41:12.107+0000] {dagbag.py:541} INFO - Filling up the DagBag from /home/airflow/.local/lib/python3.7/site-packages/airflow/example_dags/example_branch_operator_decorator.py
[2026-02-25T04:41:12.114+0000] {processor.py:809} INFO - DAG(s) dict_keys(['example_branch_python_operator_decorator']) retrieved from /home/airflow/.local/lib/python3.7/site-packages/airflow/example_dags/example_branch_operator_decorator.py
[2026-02-25T04:41:12.136+0000] {logging_mixin.py:149} INFO - [2026-02-25T04:41:12.136+0000] {dag.py:2726} INFO - Sync 1 DAGs
[2026-02-25T04:41:12.153+0000] {logging_mixin.py:149} INFO - [2026-02-25T04:41:12.153+0000] {dag.py:3490} INFO - Setting next_dagrun for example_branch_python_operator_decorator to 2026-02-24T00:00:00+00:00, run_after=2026-02-25T00:00:00+00:00
[2026-02-25T04:41:12.171+0000] {processor.py:178} INFO - Processing /home/airflow/.local/lib/python3.7/site-packages/airflow/example_dags/example_branch_operator_decorator.py took 0.067 seconds
[2026-02-25T04:41:43.143+0000] {processor.py:156} INFO - Started process (PID=210) to work on /home/airflow/.local/lib/python3.7/site-packages/airflow/example_dags/example_branch_operator_decorator.py
[2026-02-25T04:41:43.144+0000] {processor.py:799} INFO - Processing file /home/airflow/.local/lib/python3.7/site-packages/airflow/example_dags/example_branch_operator_decorator.py for tasks to queue
[2026-02-25T04:41:43.144+0000] {logging_mixin.py:149} INFO - [2026-02-25T04:41:43.144+0000] {dagbag.py:541} INFO - Filling up the DagBag from /home/airflow/.local/lib/python3.7/site-packages/airflow/example_dags/example_branch_operator_decorator.py
[2026-02-25T04:41:43.152+0000] {processor.py:809} INFO - DAG(s) dict_keys(['example_branch_python_operator_decorator']) retrieved from /home/airflow/.local/lib/python3.7/site-packages/airflow/example_dags/example_branch_operator_decorator.py
[2026-02-25T04:41:43.178+0000] {logging_mixin.py:149} INFO - [2026-02-25T04:41:43.178+0000] {dag.py:2726} INFO - Sync 1 DAGs
[2026-02-25T04:41:43.200+0000] {logging_mixin.py:149} INFO - [2026-02-25T04:41:43.200+0000] {dag.py:3490} INFO - Setting next_dagrun for example_branch_python_operator_decorator to 2026-02-24T00:00:00+00:00, run_after=2026-02-25T00:00:00+00:00
[2026-02-25T04:41:43.222+0000] {processor.py:178} INFO - Processing /home/airflow/.local/lib/python3.7/site-packages/airflow/example_dags/example_branch_operator_decorator.py took 0.083 seconds
[2026-02-25T04:42:14.189+0000] {processor.py:156} INFO - Started process (PID=273) to work on /home/airflow/.local/lib/python3.7/site-packages/airflow/example_dags/example_branch_operator_decorator.py
[2026-02-25T04:42:14.189+0000] {processor.py:799} INFO - Processing file /home/airflow/.local/lib/python3.7/site-packages/airflow/example_dags/example_branch_operator_decorator.py for tasks to queue
[2026-02-25T04:42:14.191+0000] {logging_mixin.py:149} INFO - [2026-02-25T04:42:14.191+0000] {dagbag.py:541} INFO - Filling up the DagBag from /home/airflow/.local/lib/python3.7/site-packages/airflow/example_dags/example_branch_operator_decorator.py
[2026-02-25T04:42:14.199+0000] {processor.py:809} INFO - DAG(s) dict_keys(['example_branch_python_operator_decorator']) retrieved from /home/airflow/.local/lib/python3.7/site-packages/airflow/example_dags/example_branch_operator_decorator.py
[2026-02-25T04:42:14.216+0000] {logging_mixin.py:149} INFO - [2026-02-25T04:42:14.216+0000] {dag.py:2726} INFO - Sync 1 DAGs
[2026-02-25T04:42:14.233+0000] {logging_mixin.py:149} INFO - [2026-02-25T04:42:14.233+0000] {dag.py:3490} INFO - Setting next_dagrun for example_branch_python_operator_decorator to 2026-02-24T00:00:00+00:00, run_after=2026-02-25T00:00:00+00:00
[2026-02-25T04:42:14.256+0000] {processor.py:178} INFO - Processing /home/airflow/.local/lib/python3.7/site-packages/airflow/example_dags/example_branch_operator_decorator.py took 0.070 seconds
[2026-02-25T04:42:44.843+0000] {processor.py:156} INFO - Started process (PID=336) to work on /home/airflow/.local/lib/python3.7/site-packages/airflow/example_dags/example_branch_operator_decorator.py
[2026-02-25T04:42:44.845+0000] {processor.py:799} INFO - Processing file /home/airflow/.local/lib/python3.7/site-packages/airflow/example_dags/example_branch_operator_decorator.py for tasks to queue
[2026-02-25T04:42:44.845+0000] {logging_mixin.py:149} INFO - [2026-02-25T04:42:44.845+0000] {dagbag.py:541} INFO - Filling up the DagBag from /home/airflow/.local/lib/python3.7/site-packages/airflow/example_dags/example_branch_operator_decorator.py
[2026-02-25T04:42:44.852+0000] {processor.py:809} INFO - DAG(s) dict_keys(['example_branch_python_operator_decorator']) retrieved from /home/airflow/.local/lib/python3.7/site-packages/airflow/example_dags/example_branch_operator_decorator.py
[2026-02-25T04:42:44.875+0000] {logging_mixin.py:149} INFO - [2026-02-25T04:42:44.874+0000] {dag.py:2726} INFO - Sync 1 DAGs
[2026-02-25T04:42:44.894+0000] {logging_mixin.py:149} INFO - [2026-02-25T04:42:44.894+0000] {dag.py:3490} INFO - Setting next_dagrun for example_branch_python_operator_decorator to 2026-02-24T00:00:00+00:00, run_after=2026-02-25T00:00:00+00:00
[2026-02-25T04:42:44.916+0000] {processor.py:178} INFO - Processing /home/airflow/.local/lib/python3.7/site-packages/airflow/example_dags/example_branch_operator_decorator.py took 0.077 seconds
[2026-02-25T04:48:22.737+0000] {processor.py:156} INFO - Started process (PID=76) to work on /home/airflow/.local/lib/python3.7/site-packages/airflow/example_dags/example_branch_operator_decorator.py
[2026-02-25T04:48:22.738+0000] {processor.py:799} INFO - Processing file /home/airflow/.local/lib/python3.7/site-packages/airflow/example_dags/example_branch_operator_decorator.py for tasks to queue
[2026-02-25T04:48:22.740+0000] {logging_mixin.py:149} INFO - [2026-02-25T04:48:22.740+0000] {dagbag.py:541} INFO - Filling up the DagBag from /home/airflow/.local/lib/python3.7/site-packages/airflow/example_dags/example_branch_operator_decorator.py
[2026-02-25T04:48:22.752+0000] {processor.py:809} INFO - DAG(s) dict_keys(['example_branch_python_operator_decorator']) retrieved from /home/airflow/.local/lib/python3.7/site-packages/airflow/example_dags/example_branch_operator_decorator.py
[2026-02-25T04:48:22.770+0000] {logging_mixin.py:149} INFO - [2026-02-25T04:48:22.770+0000] {dag.py:2726} INFO - Sync 1 DAGs
[2026-02-25T04:48:22.805+0000] {logging_mixin.py:149} INFO - [2026-02-25T04:48:22.804+0000] {dag.py:3490} INFO - Setting next_dagrun for example_branch_python_operator_decorator to 2026-02-24T00:00:00+00:00, run_after=2026-02-25T00:00:00+00:00
[2026-02-25T04:48:22.823+0000] {processor.py:178} INFO - Processing /home/airflow/.local/lib/python3.7/site-packages/airflow/example_dags/example_branch_operator_decorator.py took 0.089 seconds
[2026-02-25T04:48:53.313+0000] {processor.py:156} INFO - Started process (PID=139) to work on /home/airflow/.local/lib/python3.7/site-packages/airflow/example_dags/example_branch_operator_decorator.py
[2026-02-25T04:48:53.317+0000] {processor.py:799} INFO - Processing file /home/airflow/.local/lib/python3.7/site-packages/airflow/example_dags/example_branch_operator_decorator.py for tasks to queue
[2026-02-25T04:48:53.317+0000] {logging_mixin.py:149} INFO - [2026-02-25T04:48:53.317+0000] {dagbag.py:541} INFO - Filling up the DagBag from /home/airflow/.local/lib/python3.7/site-packages/airflow/example_dags/example_branch_operator_decorator.py
[2026-02-25T04:48:53.325+0000] {processor.py:809} INFO - DAG(s) dict_keys(['example_branch_python_operator_decorator']) retrieved from /home/airflow/.local/lib/python3.7/site-packages/airflow/example_dags/example_branch_operator_decorator.py
[2026-02-25T04:48:53.352+0000] {logging_mixin.py:149} INFO - [2026-02-25T04:48:53.352+0000] {dag.py:2726} INFO - Sync 1 DAGs
[2026-02-25T04:48:53.370+0000] {logging_mixin.py:149} INFO - [2026-02-25T04:48:53.370+0000] {dag.py:3490} INFO - Setting next_dagrun for example_branch_python_operator_decorator to 2026-02-24T00:00:00+00:00, run_after=2026-02-25T00:00:00+00:00
[2026-02-25T04:48:53.390+0000] {processor.py:178} INFO - Processing /home/airflow/.local/lib/python3.7/site-packages/airflow/example_dags/example_branch_operator_decorator.py took 0.079 seconds
[2026-02-25T04:49:23.856+0000] {processor.py:156} INFO - Started process (PID=209) to work on /home/airflow/.local/lib/python3.7/site-packages/airflow/example_dags/example_branch_operator_decorator.py
[2026-02-25T04:49:23.860+0000] {processor.py:799} INFO - Processing file /home/airflow/.local/lib/python3.7/site-packages/airflow/example_dags/example_branch_operator_decorator.py for tasks to queue
[2026-02-25T04:49:23.861+0000] {logging_mixin.py:149} INFO - [2026-02-25T04:49:23.860+0000] {dagbag.py:541} INFO - Filling up the DagBag from /home/airflow/.local/lib/python3.7/site-packages/airflow/example_dags/example_branch_operator_decorator.py
[2026-02-25T04:49:23.868+0000] {processor.py:809} INFO - DAG(s) dict_keys(['example_branch_python_operator_decorator']) retrieved from /home/airflow/.local/lib/python3.7/site-packages/airflow/example_dags/example_branch_operator_decorator.py
[2026-02-25T04:49:23.888+0000] {logging_mixin.py:149} INFO - [2026-02-25T04:49:23.888+0000] {dag.py:2726} INFO - Sync 1 DAGs
[2026-02-25T04:49:23.906+0000] {logging_mixin.py:149} INFO - [2026-02-25T04:49:23.906+0000] {dag.py:3490} INFO - Setting next_dagrun for example_branch_python_operator_decorator to 2026-02-24T00:00:00+00:00, run_after=2026-02-25T00:00:00+00:00
[2026-02-25T04:49:23.930+0000] {processor.py:178} INFO - Processing /home/airflow/.local/lib/python3.7/site-packages/airflow/example_dags/example_branch_operator_decorator.py took 0.077 seconds
[2026-02-25T04:49:54.427+0000] {processor.py:156} INFO - Started process (PID=272) to work on /home/airflow/.local/lib/python3.7/site-packages/airflow/example_dags/example_branch_operator_decorator.py
[2026-02-25T04:49:54.429+0000] {processor.py:799} INFO - Processing file /home/airflow/.local/lib/python3.7/site-packages/airflow/example_dags/example_branch_operator_decorator.py for tasks to queue
[2026-02-25T04:49:54.431+0000] {logging_mixin.py:149} INFO - [2026-02-25T04:49:54.431+0000] {dagbag.py:541} INFO - Filling up the DagBag from /home/airflow/.local/lib/python3.7/site-packages/airflow/example_dags/example_branch_operator_decorator.py
[2026-02-25T04:49:54.439+0000] {processor.py:809} INFO - DAG(s) dict_keys(['example_branch_python_operator_decorator']) retrieved from /home/airflow/.local/lib/python3.7/site-packages/airflow/example_dags/example_branch_operator_decorator.py
[2026-02-25T04:49:54.458+0000] {logging_mixin.py:149} INFO - [2026-02-25T04:49:54.458+0000] {dag.py:2726} INFO - Sync 1 DAGs
[2026-02-25T04:49:54.481+0000] {logging_mixin.py:149} INFO - [2026-02-25T04:49:54.481+0000] {dag.py:3490} INFO - Setting next_dagrun for example_branch_python_operator_decorator to 2026-02-24T00:00:00+00:00, run_after=2026-02-25T00:00:00+00:00
[2026-02-25T04:49:54.500+0000] {processor.py:178} INFO - Processing /home/airflow/.local/lib/python3.7/site-packages/airflow/example_dags/example_branch_operator_decorator.py took 0.075 seconds
[2026-02-25T04:50:24.854+0000] {processor.py:156} INFO - Started process (PID=335) to work on /home/airflow/.local/lib/python3.7/site-packages/airflow/example_dags/example_branch_operator_decorator.py
[2026-02-25T04:50:24.856+0000] {processor.py:799} INFO - Processing file /home/airflow/.local/lib/python3.7/site-packages/airflow/example_dags/example_branch_operator_decorator.py for tasks to queue
[2026-02-25T04:50:24.856+0000] {logging_mixin.py:149} INFO - [2026-02-25T04:50:24.856+0000] {dagbag.py:541} INFO - Filling up the DagBag from /home/airflow/.local/lib/python3.7/site-packages/airflow/example_dags/example_branch_operator_decorator.py
[2026-02-25T04:50:24.866+0000] {processor.py:809} INFO - DAG(s) dict_keys(['example_branch_python_operator_decorator']) retrieved from /home/airflow/.local/lib/python3.7/site-packages/airflow/example_dags/example_branch_operator_decorator.py
[2026-02-25T04:50:24.887+0000] {logging_mixin.py:149} INFO - [2026-02-25T04:50:24.887+0000] {dag.py:2726} INFO - Sync 1 DAGs
[2026-02-25T04:50:24.906+0000] {logging_mixin.py:149} INFO - [2026-02-25T04:50:24.905+0000] {dag.py:3490} INFO - Setting next_dagrun for example_branch_python_operator_decorator to 2026-02-24T00:00:00+00:00, run_after=2026-02-25T00:00:00+00:00
[2026-02-25T04:50:24.929+0000] {processor.py:178} INFO - Processing /home/airflow/.local/lib/python3.7/site-packages/airflow/example_dags/example_branch_operator_decorator.py took 0.077 seconds
[2026-02-25T04:50:55.117+0000] {processor.py:156} INFO - Started process (PID=398) to work on /home/airflow/.local/lib/python3.7/site-packages/airflow/example_dags/example_branch_operator_decorator.py
[2026-02-25T04:50:55.119+0000] {processor.py:799} INFO - Processing file /home/airflow/.local/lib/python3.7/site-packages/airflow/example_dags/example_branch_operator_decorator.py for tasks to queue
[2026-02-25T04:50:55.119+0000] {logging_mixin.py:149} INFO - [2026-02-25T04:50:55.119+0000] {dagbag.py:541} INFO - Filling up the DagBag from /home/airflow/.local/lib/python3.7/site-packages/airflow/example_dags/example_branch_operator_decorator.py
[2026-02-25T04:50:55.127+0000] {processor.py:809} INFO - DAG(s) dict_keys(['example_branch_python_operator_decorator']) retrieved from /home/airflow/.local/lib/python3.7/site-packages/airflow/example_dags/example_branch_operator_decorator.py
[2026-02-25T04:50:55.144+0000] {logging_mixin.py:149} INFO - [2026-02-25T04:50:55.144+0000] {dag.py:2726} INFO - Sync 1 DAGs
[2026-02-25T04:50:55.160+0000] {logging_mixin.py:149} INFO - [2026-02-25T04:50:55.160+0000] {dag.py:3490} INFO - Setting next_dagrun for example_branch_python_operator_decorator to 2026-02-24T00:00:00+00:00, run_after=2026-02-25T00:00:00+00:00
[2026-02-25T04:50:55.177+0000] {processor.py:178} INFO - Processing /home/airflow/.local/lib/python3.7/site-packages/airflow/example_dags/example_branch_operator_decorator.py took 0.062 seconds
[2026-02-25T04:51:25.313+0000] {processor.py:156} INFO - Started process (PID=461) to work on /home/airflow/.local/lib/python3.7/site-packages/airflow/example_dags/example_branch_operator_decorator.py
[2026-02-25T04:51:25.314+0000] {processor.py:799} INFO - Processing file /home/airflow/.local/lib/python3.7/site-packages/airflow/example_dags/example_branch_operator_decorator.py for tasks to queue
[2026-02-25T04:51:25.317+0000] {logging_mixin.py:149} INFO - [2026-02-25T04:51:25.317+0000] {dagbag.py:541} INFO - Filling up the DagBag from /home/airflow/.local/lib/python3.7/site-packages/airflow/example_dags/example_branch_operator_decorator.py
[2026-02-25T04:51:25.328+0000] {processor.py:809} INFO - DAG(s) dict_keys(['example_branch_python_operator_decorator']) retrieved from /home/airflow/.local/lib/python3.7/site-packages/airflow/example_dags/example_branch_operator_decorator.py
[2026-02-25T04:51:25.351+0000] {logging_mixin.py:149} INFO - [2026-02-25T04:51:25.351+0000] {dag.py:2726} INFO - Sync 1 DAGs
[2026-02-25T04:51:25.369+0000] {logging_mixin.py:149} INFO - [2026-02-25T04:51:25.369+0000] {dag.py:3490} INFO - Setting next_dagrun for example_branch_python_operator_decorator to 2026-02-24T00:00:00+00:00, run_after=2026-02-25T00:00:00+00:00
[2026-02-25T04:51:25.391+0000] {processor.py:178} INFO - Processing /home/airflow/.local/lib/python3.7/site-packages/airflow/example_dags/example_branch_operator_decorator.py took 0.080 seconds
[2026-02-25T04:51:55.701+0000] {processor.py:156} INFO - Started process (PID=524) to work on /home/airflow/.local/lib/python3.7/site-packages/airflow/example_dags/example_branch_operator_decorator.py
[2026-02-25T04:51:55.702+0000] {processor.py:799} INFO - Processing file /home/airflow/.local/lib/python3.7/site-packages/airflow/example_dags/example_branch_operator_decorator.py for tasks to queue
[2026-02-25T04:51:55.702+0000] {logging_mixin.py:149} INFO - [2026-02-25T04:51:55.702+0000] {dagbag.py:541} INFO - Filling up the DagBag from /home/airflow/.local/lib/python3.7/site-packages/airflow/example_dags/example_branch_operator_decorator.py
[2026-02-25T04:51:55.710+0000] {processor.py:809} INFO - DAG(s) dict_keys(['example_branch_python_operator_decorator']) retrieved from /home/airflow/.local/lib/python3.7/site-packages/airflow/example_dags/example_branch_operator_decorator.py
[2026-02-25T04:51:55.732+0000] {logging_mixin.py:149} INFO - [2026-02-25T04:51:55.732+0000] {dag.py:2726} INFO - Sync 1 DAGs
[2026-02-25T04:51:55.753+0000] {logging_mixin.py:149} INFO - [2026-02-25T04:51:55.753+0000] {dag.py:3490} INFO - Setting next_dagrun for example_branch_python_operator_decorator to 2026-02-24T00:00:00+00:00, run_after=2026-02-25T00:00:00+00:00
[2026-02-25T04:51:55.769+0000] {processor.py:178} INFO - Processing /home/airflow/.local/lib/python3.7/site-packages/airflow/example_dags/example_branch_operator_decorator.py took 0.071 seconds
[2026-02-25T04:52:26.090+0000] {processor.py:156} INFO - Started process (PID=587) to work on /home/airflow/.local/lib/python3.7/site-packages/airflow/example_dags/example_branch_operator_decorator.py
[2026-02-25T04:52:26.091+0000] {processor.py:799} INFO - Processing file /home/airflow/.local/lib/python3.7/site-packages/airflow/example_dags/example_branch_operator_decorator.py for tasks to queue
[2026-02-25T04:52:26.091+0000] {logging_mixin.py:149} INFO - [2026-02-25T04:52:26.091+0000] {dagbag.py:541} INFO - Filling up the DagBag from /home/airflow/.local/lib/python3.7/site-packages/airflow/example_dags/example_branch_operator_decorator.py
[2026-02-25T04:52:26.097+0000] {processor.py:809} INFO - DAG(s) dict_keys(['example_branch_python_operator_decorator']) retrieved from /home/airflow/.local/lib/python3.7/site-packages/airflow/example_dags/example_branch_operator_decorator.py
[2026-02-25T04:52:26.119+0000] {logging_mixin.py:149} INFO - [2026-02-25T04:52:26.118+0000] {dag.py:2726} INFO - Sync 1 DAGs
[2026-02-25T04:52:26.139+0000] {logging_mixin.py:149} INFO - [2026-02-25T04:52:26.139+0000] {dag.py:3490} INFO - Setting next_dagrun for example_branch_python_operator_decorator to 2026-02-24T00:00:00+00:00, run_after=2026-02-25T00:00:00+00:00
[2026-02-25T04:52:26.152+0000] {processor.py:178} INFO - Processing /home/airflow/.local/lib/python3.7/site-packages/airflow/example_dags/example_branch_operator_decorator.py took 0.065 seconds
[2026-02-25T04:52:56.598+0000] {processor.py:156} INFO - Started process (PID=650) to work on /home/airflow/.local/lib/python3.7/site-packages/airflow/example_dags/example_branch_operator_decorator.py
[2026-02-25T04:52:56.599+0000] {processor.py:799} INFO - Processing file /home/airflow/.local/lib/python3.7/site-packages/airflow/example_dags/example_branch_operator_decorator.py for tasks to queue
[2026-02-25T04:52:56.599+0000] {logging_mixin.py:149} INFO - [2026-02-25T04:52:56.599+0000] {dagbag.py:541} INFO - Filling up the DagBag from /home/airflow/.local/lib/python3.7/site-packages/airflow/example_dags/example_branch_operator_decorator.py
[2026-02-25T04:52:56.606+0000] {processor.py:809} INFO - DAG(s) dict_keys(['example_branch_python_operator_decorator']) retrieved from /home/airflow/.local/lib/python3.7/site-packages/airflow/example_dags/example_branch_operator_decorator.py
[2026-02-25T04:52:56.625+0000] {logging_mixin.py:149} INFO - [2026-02-25T04:52:56.625+0000] {dag.py:2726} INFO - Sync 1 DAGs
[2026-02-25T04:52:56.645+0000] {logging_mixin.py:149} INFO - [2026-02-25T04:52:56.645+0000] {dag.py:3490} INFO - Setting next_dagrun for example_branch_python_operator_decorator to 2026-02-24T00:00:00+00:00, run_after=2026-02-25T00:00:00+00:00
[2026-02-25T04:52:56.661+0000] {processor.py:178} INFO - Processing /home/airflow/.local/lib/python3.7/site-packages/airflow/example_dags/example_branch_operator_decorator.py took 0.066 seconds
[2026-02-25T04:53:27.294+0000] {processor.py:156} INFO - Started process (PID=713) to work on /home/airflow/.local/lib/python3.7/site-packages/airflow/example_dags/example_branch_operator_decorator.py
[2026-02-25T04:53:27.295+0000] {processor.py:799} INFO - Processing file /home/airflow/.local/lib/python3.7/site-packages/airflow/example_dags/example_branch_operator_decorator.py for tasks to queue
[2026-02-25T04:53:27.298+0000] {logging_mixin.py:149} INFO - [2026-02-25T04:53:27.298+0000] {dagbag.py:541} INFO - Filling up the DagBag from /home/airflow/.local/lib/python3.7/site-packages/airflow/example_dags/example_branch_operator_decorator.py
[2026-02-25T04:53:27.308+0000] {processor.py:809} INFO - DAG(s) dict_keys(['example_branch_python_operator_decorator']) retrieved from /home/airflow/.local/lib/python3.7/site-packages/airflow/example_dags/example_branch_operator_decorator.py
[2026-02-25T04:53:27.329+0000] {logging_mixin.py:149} INFO - [2026-02-25T04:53:27.329+0000] {dag.py:2726} INFO - Sync 1 DAGs
[2026-02-25T04:53:27.351+0000] {logging_mixin.py:149} INFO - [2026-02-25T04:53:27.351+0000] {dag.py:3490} INFO - Setting next_dagrun for example_branch_python_operator_decorator to 2026-02-24T00:00:00+00:00, run_after=2026-02-25T00:00:00+00:00
[2026-02-25T04:53:27.376+0000] {processor.py:178} INFO - Processing /home/airflow/.local/lib/python3.7/site-packages/airflow/example_dags/example_branch_operator_decorator.py took 0.085 seconds
[2026-02-25T04:53:57.712+0000] {processor.py:156} INFO - Started process (PID=776) to work on /home/airflow/.local/lib/python3.7/site-packages/airflow/example_dags/example_branch_operator_decorator.py
[2026-02-25T04:53:57.714+0000] {processor.py:799} INFO - Processing file /home/airflow/.local/lib/python3.7/site-packages/airflow/example_dags/example_branch_operator_decorator.py for tasks to queue
[2026-02-25T04:53:57.714+0000] {logging_mixin.py:149} INFO - [2026-02-25T04:53:57.714+0000] {dagbag.py:541} INFO - Filling up the DagBag from /home/airflow/.local/lib/python3.7/site-packages/airflow/example_dags/example_branch_operator_decorator.py
[2026-02-25T04:53:57.721+0000] {processor.py:809} INFO - DAG(s) dict_keys(['example_branch_python_operator_decorator']) retrieved from /home/airflow/.local/lib/python3.7/site-packages/airflow/example_dags/example_branch_operator_decorator.py
[2026-02-25T04:53:57.742+0000] {logging_mixin.py:149} INFO - [2026-02-25T04:53:57.742+0000] {dag.py:2726} INFO - Sync 1 DAGs
[2026-02-25T04:53:57.765+0000] {logging_mixin.py:149} INFO - [2026-02-25T04:53:57.765+0000] {dag.py:3490} INFO - Setting next_dagrun for example_branch_python_operator_decorator to 2026-02-24T00:00:00+00:00, run_after=2026-02-25T00:00:00+00:00
[2026-02-25T04:53:57.780+0000] {processor.py:178} INFO - Processing /home/airflow/.local/lib/python3.7/site-packages/airflow/example_dags/example_branch_operator_decorator.py took 0.071 seconds
[2026-02-25T04:54:28.097+0000] {processor.py:156} INFO - Started process (PID=839) to work on /home/airflow/.local/lib/python3.7/site-packages/airflow/example_dags/example_branch_operator_decorator.py
[2026-02-25T04:54:28.100+0000] {processor.py:799} INFO - Processing file /home/airflow/.local/lib/python3.7/site-packages/airflow/example_dags/example_branch_operator_decorator.py for tasks to queue
[2026-02-25T04:54:28.100+0000] {logging_mixin.py:149} INFO - [2026-02-25T04:54:28.100+0000] {dagbag.py:541} INFO - Filling up the DagBag from /home/airflow/.local/lib/python3.7/site-packages/airflow/example_dags/example_branch_operator_decorator.py
[2026-02-25T04:54:28.108+0000] {processor.py:809} INFO - DAG(s) dict_keys(['example_branch_python_operator_decorator']) retrieved from /home/airflow/.local/lib/python3.7/site-packages/airflow/example_dags/example_branch_operator_decorator.py
[2026-02-25T04:54:28.130+0000] {logging_mixin.py:149} INFO - [2026-02-25T04:54:28.130+0000] {dag.py:2726} INFO - Sync 1 DAGs
[2026-02-25T04:54:28.149+0000] {logging_mixin.py:149} INFO - [2026-02-25T04:54:28.149+0000] {dag.py:3490} INFO - Setting next_dagrun for example_branch_python_operator_decorator to 2026-02-24T00:00:00+00:00, run_after=2026-02-25T00:00:00+00:00
[2026-02-25T04:54:28.168+0000] {processor.py:178} INFO - Processing /home/airflow/.local/lib/python3.7/site-packages/airflow/example_dags/example_branch_operator_decorator.py took 0.073 seconds
[2026-02-25T04:54:58.362+0000] {processor.py:156} INFO - Started process (PID=902) to work on /home/airflow/.local/lib/python3.7/site-packages/airflow/example_dags/example_branch_operator_decorator.py
[2026-02-25T04:54:58.363+0000] {processor.py:799} INFO - Processing file /home/airflow/.local/lib/python3.7/site-packages/airflow/example_dags/example_branch_operator_decorator.py for tasks to queue
[2026-02-25T04:54:58.364+0000] {logging_mixin.py:149} INFO - [2026-02-25T04:54:58.364+0000] {dagbag.py:541} INFO - Filling up the DagBag from /home/airflow/.local/lib/python3.7/site-packages/airflow/example_dags/example_branch_operator_decorator.py
[2026-02-25T04:54:58.372+0000] {processor.py:809} INFO - DAG(s) dict_keys(['example_branch_python_operator_decorator']) retrieved from /home/airflow/.local/lib/python3.7/site-packages/airflow/example_dags/example_branch_operator_decorator.py
[2026-02-25T04:54:58.394+0000] {logging_mixin.py:149} INFO - [2026-02-25T04:54:58.394+0000] {dag.py:2726} INFO - Sync 1 DAGs
[2026-02-25T04:54:58.413+0000] {logging_mixin.py:149} INFO - [2026-02-25T04:54:58.413+0000] {dag.py:3490} INFO - Setting next_dagrun for example_branch_python_operator_decorator to 2026-02-24T00:00:00+00:00, run_after=2026-02-25T00:00:00+00:00
[2026-02-25T04:54:58.434+0000] {processor.py:178} INFO - Processing /home/airflow/.local/lib/python3.7/site-packages/airflow/example_dags/example_branch_operator_decorator.py took 0.075 seconds
[2026-02-25T04:55:28.717+0000] {processor.py:156} INFO - Started process (PID=965) to work on /home/airflow/.local/lib/python3.7/site-packages/airflow/example_dags/example_branch_operator_decorator.py
[2026-02-25T04:55:28.718+0000] {processor.py:799} INFO - Processing file /home/airflow/.local/lib/python3.7/site-packages/airflow/example_dags/example_branch_operator_decorator.py for tasks to queue
[2026-02-25T04:55:28.719+0000] {logging_mixin.py:149} INFO - [2026-02-25T04:55:28.719+0000] {dagbag.py:541} INFO - Filling up the DagBag from /home/airflow/.local/lib/python3.7/site-packages/airflow/example_dags/example_branch_operator_decorator.py
[2026-02-25T04:55:28.727+0000] {processor.py:809} INFO - DAG(s) dict_keys(['example_branch_python_operator_decorator']) retrieved from /home/airflow/.local/lib/python3.7/site-packages/airflow/example_dags/example_branch_operator_decorator.py
[2026-02-25T04:55:28.751+0000] {logging_mixin.py:149} INFO - [2026-02-25T04:55:28.751+0000] {dag.py:2726} INFO - Sync 1 DAGs
[2026-02-25T04:55:28.772+0000] {logging_mixin.py:149} INFO - [2026-02-25T04:55:28.772+0000] {dag.py:3490} INFO - Setting next_dagrun for example_branch_python_operator_decorator to 2026-02-24T00:00:00+00:00, run_after=2026-02-25T00:00:00+00:00
[2026-02-25T04:55:28.789+0000] {processor.py:178} INFO - Processing /home/airflow/.local/lib/python3.7/site-packages/airflow/example_dags/example_branch_operator_decorator.py took 0.074 seconds
[2026-02-25T04:55:59.413+0000] {processor.py:156} INFO - Started process (PID=1028) to work on /home/airflow/.local/lib/python3.7/site-packages/airflow/example_dags/example_branch_operator_decorator.py
[2026-02-25T04:55:59.416+0000] {processor.py:799} INFO - Processing file /home/airflow/.local/lib/python3.7/site-packages/airflow/example_dags/example_branch_operator_decorator.py for tasks to queue
[2026-02-25T04:55:59.418+0000] {logging_mixin.py:149} INFO - [2026-02-25T04:55:59.416+0000] {dagbag.py:541} INFO - Filling up the DagBag from /home/airflow/.local/lib/python3.7/site-packages/airflow/example_dags/example_branch_operator_decorator.py
[2026-02-25T04:55:59.425+0000] {processor.py:809} INFO - DAG(s) dict_keys(['example_branch_python_operator_decorator']) retrieved from /home/airflow/.local/lib/python3.7/site-packages/airflow/example_dags/example_branch_operator_decorator.py
[2026-02-25T04:55:59.447+0000] {logging_mixin.py:149} INFO - [2026-02-25T04:55:59.447+0000] {dag.py:2726} INFO - Sync 1 DAGs
[2026-02-25T04:55:59.471+0000] {logging_mixin.py:149} INFO - [2026-02-25T04:55:59.470+0000] {dag.py:3490} INFO - Setting next_dagrun for example_branch_python_operator_decorator to 2026-02-24T00:00:00+00:00, run_after=2026-02-25T00:00:00+00:00
[2026-02-25T04:55:59.490+0000] {processor.py:178} INFO - Processing /home/airflow/.local/lib/python3.7/site-packages/airflow/example_dags/example_branch_operator_decorator.py took 0.081 seconds
[2026-02-25T04:56:29.810+0000] {processor.py:156} INFO - Started process (PID=1091) to work on /home/airflow/.local/lib/python3.7/site-packages/airflow/example_dags/example_branch_operator_decorator.py
[2026-02-25T04:56:29.811+0000] {processor.py:799} INFO - Processing file /home/airflow/.local/lib/python3.7/site-packages/airflow/example_dags/example_branch_operator_decorator.py for tasks to queue
[2026-02-25T04:56:29.813+0000] {logging_mixin.py:149} INFO - [2026-02-25T04:56:29.813+0000] {dagbag.py:541} INFO - Filling up the DagBag from /home/airflow/.local/lib/python3.7/site-packages/airflow/example_dags/example_branch_operator_decorator.py
[2026-02-25T04:56:29.824+0000] {processor.py:809} INFO - DAG(s) dict_keys(['example_branch_python_operator_decorator']) retrieved from /home/airflow/.local/lib/python3.7/site-packages/airflow/example_dags/example_branch_operator_decorator.py
[2026-02-25T04:56:29.845+0000] {logging_mixin.py:149} INFO - [2026-02-25T04:56:29.845+0000] {dag.py:2726} INFO - Sync 1 DAGs
[2026-02-25T04:56:29.866+0000] {logging_mixin.py:149} INFO - [2026-02-25T04:56:29.865+0000] {dag.py:3490} INFO - Setting next_dagrun for example_branch_python_operator_decorator to 2026-02-24T00:00:00+00:00, run_after=2026-02-25T00:00:00+00:00
[2026-02-25T04:56:29.888+0000] {processor.py:178} INFO - Processing /home/airflow/.local/lib/python3.7/site-packages/airflow/example_dags/example_branch_operator_decorator.py took 0.079 seconds
[2026-02-25T04:57:00.460+0000] {processor.py:156} INFO - Started process (PID=1154) to work on /home/airflow/.local/lib/python3.7/site-packages/airflow/example_dags/example_branch_operator_decorator.py
[2026-02-25T04:57:00.461+0000] {processor.py:799} INFO - Processing file /home/airflow/.local/lib/python3.7/site-packages/airflow/example_dags/example_branch_operator_decorator.py for tasks to queue
[2026-02-25T04:57:00.462+0000] {logging_mixin.py:149} INFO - [2026-02-25T04:57:00.462+0000] {dagbag.py:541} INFO - Filling up the DagBag from /home/airflow/.local/lib/python3.7/site-packages/airflow/example_dags/example_branch_operator_decorator.py
[2026-02-25T04:57:00.468+0000] {processor.py:809} INFO - DAG(s) dict_keys(['example_branch_python_operator_decorator']) retrieved from /home/airflow/.local/lib/python3.7/site-packages/airflow/example_dags/example_branch_operator_decorator.py
[2026-02-25T04:57:00.487+0000] {logging_mixin.py:149} INFO - [2026-02-25T04:57:00.486+0000] {dag.py:2726} INFO - Sync 1 DAGs
[2026-02-25T04:57:00.506+0000] {logging_mixin.py:149} INFO - [2026-02-25T04:57:00.506+0000] {dag.py:3490} INFO - Setting next_dagrun for example_branch_python_operator_decorator to 2026-02-24T00:00:00+00:00, run_after=2026-02-25T00:00:00+00:00
[2026-02-25T04:57:00.529+0000] {processor.py:178} INFO - Processing /home/airflow/.local/lib/python3.7/site-packages/airflow/example_dags/example_branch_operator_decorator.py took 0.072 seconds
[2026-02-25T04:57:30.704+0000] {processor.py:156} INFO - Started process (PID=1217) to work on /home/airflow/.local/lib/python3.7/site-packages/airflow/example_dags/example_branch_operator_decorator.py
[2026-02-25T04:57:30.706+0000] {processor.py:799} INFO - Processing file /home/airflow/.local/lib/python3.7/site-packages/airflow/example_dags/example_branch_operator_decorator.py for tasks to queue
[2026-02-25T04:57:30.708+0000] {logging_mixin.py:149} INFO - [2026-02-25T04:57:30.708+0000] {dagbag.py:541} INFO - Filling up the DagBag from /home/airflow/.local/lib/python3.7/site-packages/airflow/example_dags/example_branch_operator_decorator.py
[2026-02-25T04:57:30.715+0000] {processor.py:809} INFO - DAG(s) dict_keys(['example_branch_python_operator_decorator']) retrieved from /home/airflow/.local/lib/python3.7/site-packages/airflow/example_dags/example_branch_operator_decorator.py
[2026-02-25T04:57:30.737+0000] {logging_mixin.py:149} INFO - [2026-02-25T04:57:30.737+0000] {dag.py:2726} INFO - Sync 1 DAGs
[2026-02-25T04:57:30.758+0000] {logging_mixin.py:149} INFO - [2026-02-25T04:57:30.758+0000] {dag.py:3490} INFO - Setting next_dagrun for example_branch_python_operator_decorator to 2026-02-24T00:00:00+00:00, run_after=2026-02-25T00:00:00+00:00
[2026-02-25T04:57:30.772+0000] {processor.py:178} INFO - Processing /home/airflow/.local/lib/python3.7/site-packages/airflow/example_dags/example_branch_operator_decorator.py took 0.070 seconds
[2026-02-25T04:58:01.148+0000] {processor.py:156} INFO - Started process (PID=1280) to work on /home/airflow/.local/lib/python3.7/site-packages/airflow/example_dags/example_branch_operator_decorator.py
[2026-02-25T04:58:01.149+0000] {processor.py:799} INFO - Processing file /home/airflow/.local/lib/python3.7/site-packages/airflow/example_dags/example_branch_operator_decorator.py for tasks to queue
[2026-02-25T04:58:01.150+0000] {logging_mixin.py:149} INFO - [2026-02-25T04:58:01.150+0000] {dagbag.py:541} INFO - Filling up the DagBag from /home/airflow/.local/lib/python3.7/site-packages/airflow/example_dags/example_branch_operator_decorator.py
[2026-02-25T04:58:01.160+0000] {processor.py:809} INFO - DAG(s) dict_keys(['example_branch_python_operator_decorator']) retrieved from /home/airflow/.local/lib/python3.7/site-packages/airflow/example_dags/example_branch_operator_decorator.py
[2026-02-25T04:58:01.179+0000] {logging_mixin.py:149} INFO - [2026-02-25T04:58:01.179+0000] {dag.py:2726} INFO - Sync 1 DAGs
[2026-02-25T04:58:01.197+0000] {logging_mixin.py:149} INFO - [2026-02-25T04:58:01.197+0000] {dag.py:3490} INFO - Setting next_dagrun for example_branch_python_operator_decorator to 2026-02-24T00:00:00+00:00, run_after=2026-02-25T00:00:00+00:00
[2026-02-25T04:58:01.217+0000] {processor.py:178} INFO - Processing /home/airflow/.local/lib/python3.7/site-packages/airflow/example_dags/example_branch_operator_decorator.py took 0.072 seconds
[2026-02-25T04:58:31.894+0000] {processor.py:156} INFO - Started process (PID=1343) to work on /home/airflow/.local/lib/python3.7/site-packages/airflow/example_dags/example_branch_operator_decorator.py
[2026-02-25T04:58:31.896+0000] {processor.py:799} INFO - Processing file /home/airflow/.local/lib/python3.7/site-packages/airflow/example_dags/example_branch_operator_decorator.py for tasks to queue
[2026-02-25T04:58:31.897+0000] {logging_mixin.py:149} INFO - [2026-02-25T04:58:31.897+0000] {dagbag.py:541} INFO - Filling up the DagBag from /home/airflow/.local/lib/python3.7/site-packages/airflow/example_dags/example_branch_operator_decorator.py
[2026-02-25T04:58:31.906+0000] {processor.py:809} INFO - DAG(s) dict_keys(['example_branch_python_operator_decorator']) retrieved from /home/airflow/.local/lib/python3.7/site-packages/airflow/example_dags/example_branch_operator_decorator.py
[2026-02-25T04:58:31.932+0000] {logging_mixin.py:149} INFO - [2026-02-25T04:58:31.931+0000] {dag.py:2726} INFO - Sync 1 DAGs
[2026-02-25T04:58:31.957+0000] {logging_mixin.py:149} INFO - [2026-02-25T04:58:31.957+0000] {dag.py:3490} INFO - Setting next_dagrun for example_branch_python_operator_decorator to 2026-02-24T00:00:00+00:00, run_after=2026-02-25T00:00:00+00:00
[2026-02-25T04:58:31.979+0000] {processor.py:178} INFO - Processing /home/airflow/.local/lib/python3.7/site-packages/airflow/example_dags/example_branch_operator_decorator.py took 0.091 seconds
[2026-02-25T04:59:02.477+0000] {processor.py:156} INFO - Started process (PID=1405) to work on /home/airflow/.local/lib/python3.7/site-packages/airflow/example_dags/example_branch_operator_decorator.py
[2026-02-25T04:59:02.479+0000] {processor.py:799} INFO - Processing file /home/airflow/.local/lib/python3.7/site-packages/airflow/example_dags/example_branch_operator_decorator.py for tasks to queue
[2026-02-25T04:59:02.481+0000] {logging_mixin.py:149} INFO - [2026-02-25T04:59:02.481+0000] {dagbag.py:541} INFO - Filling up the DagBag from /home/airflow/.local/lib/python3.7/site-packages/airflow/example_dags/example_branch_operator_decorator.py
[2026-02-25T04:59:02.487+0000] {processor.py:809} INFO - DAG(s) dict_keys(['example_branch_python_operator_decorator']) retrieved from /home/airflow/.local/lib/python3.7/site-packages/airflow/example_dags/example_branch_operator_decorator.py
[2026-02-25T04:59:02.505+0000] {logging_mixin.py:149} INFO - [2026-02-25T04:59:02.505+0000] {dag.py:2726} INFO - Sync 1 DAGs
[2026-02-25T04:59:02.531+0000] {logging_mixin.py:149} INFO - [2026-02-25T04:59:02.531+0000] {dag.py:3490} INFO - Setting next_dagrun for example_branch_python_operator_decorator to 2026-02-24T00:00:00+00:00, run_after=2026-02-25T00:00:00+00:00
[2026-02-25T04:59:02.546+0000] {processor.py:178} INFO - Processing /home/airflow/.local/lib/python3.7/site-packages/airflow/example_dags/example_branch_operator_decorator.py took 0.072 seconds
[2026-02-25T04:59:33.282+0000] {processor.py:156} INFO - Started process (PID=1468) to work on /home/airflow/.local/lib/python3.7/site-packages/airflow/example_dags/example_branch_operator_decorator.py
[2026-02-25T04:59:33.284+0000] {processor.py:799} INFO - Processing file /home/airflow/.local/lib/python3.7/site-packages/airflow/example_dags/example_branch_operator_decorator.py for tasks to queue
[2026-02-25T04:59:33.285+0000] {logging_mixin.py:149} INFO - [2026-02-25T04:59:33.285+0000] {dagbag.py:541} INFO - Filling up the DagBag from /home/airflow/.local/lib/python3.7/site-packages/airflow/example_dags/example_branch_operator_decorator.py
[2026-02-25T04:59:33.294+0000] {processor.py:809} INFO - DAG(s) dict_keys(['example_branch_python_operator_decorator']) retrieved from /home/airflow/.local/lib/python3.7/site-packages/airflow/example_dags/example_branch_operator_decorator.py
[2026-02-25T04:59:33.334+0000] {logging_mixin.py:149} INFO - [2026-02-25T04:59:33.334+0000] {dag.py:2726} INFO - Sync 1 DAGs
[2026-02-25T04:59:33.355+0000] {logging_mixin.py:149} INFO - [2026-02-25T04:59:33.354+0000] {dag.py:3490} INFO - Setting next_dagrun for example_branch_python_operator_decorator to 2026-02-24T00:00:00+00:00, run_after=2026-02-25T00:00:00+00:00
[2026-02-25T04:59:33.372+0000] {processor.py:178} INFO - Processing /home/airflow/.local/lib/python3.7/site-packages/airflow/example_dags/example_branch_operator_decorator.py took 0.095 seconds
