[2026-02-25T04:40:40.782+0000] {processor.py:156} INFO - Started process (PID=74) to work on /home/airflow/.local/lib/python3.7/site-packages/airflow/example_dags/example_latest_only_with_trigger.py
[2026-02-25T04:40:40.788+0000] {processor.py:799} INFO - Processing file /home/airflow/.local/lib/python3.7/site-packages/airflow/example_dags/example_latest_only_with_trigger.py for tasks to queue
[2026-02-25T04:40:40.789+0000] {logging_mixin.py:149} INFO - [2026-02-25T04:40:40.789+0000] {dagbag.py:541} INFO - Filling up the DagBag from /home/airflow/.local/lib/python3.7/site-packages/airflow/example_dags/example_latest_only_with_trigger.py
[2026-02-25T04:40:40.801+0000] {processor.py:809} INFO - DAG(s) dict_keys(['latest_only_with_trigger']) retrieved from /home/airflow/.local/lib/python3.7/site-packages/airflow/example_dags/example_latest_only_with_trigger.py
[2026-02-25T04:40:40.912+0000] {logging_mixin.py:149} INFO - [2026-02-25T04:40:40.912+0000] {manager.py:504} INFO - Created Permission View: can edit on DAG:latest_only_with_trigger
[2026-02-25T04:40:40.919+0000] {logging_mixin.py:149} INFO - [2026-02-25T04:40:40.919+0000] {manager.py:504} INFO - Created Permission View: can delete on DAG:latest_only_with_trigger
[2026-02-25T04:40:40.924+0000] {logging_mixin.py:149} INFO - [2026-02-25T04:40:40.924+0000] {manager.py:504} INFO - Created Permission View: can read on DAG:latest_only_with_trigger
[2026-02-25T04:40:40.924+0000] {logging_mixin.py:149} INFO - [2026-02-25T04:40:40.924+0000] {dag.py:2726} INFO - Sync 1 DAGs
[2026-02-25T04:40:40.936+0000] {logging_mixin.py:149} INFO - [2026-02-25T04:40:40.936+0000] {dag.py:2747} INFO - Creating ORM DAG for latest_only_with_trigger
[2026-02-25T04:40:40.945+0000] {logging_mixin.py:149} INFO - [2026-02-25T04:40:40.945+0000] {dag.py:3490} INFO - Setting next_dagrun for latest_only_with_trigger to 2026-02-25T00:40:40.945454+00:00, run_after=2026-02-25T04:40:40.945454+00:00
[2026-02-25T04:40:40.962+0000] {processor.py:178} INFO - Processing /home/airflow/.local/lib/python3.7/site-packages/airflow/example_dags/example_latest_only_with_trigger.py took 0.183 seconds
[2026-02-25T04:41:11.594+0000] {processor.py:156} INFO - Started process (PID=137) to work on /home/airflow/.local/lib/python3.7/site-packages/airflow/example_dags/example_latest_only_with_trigger.py
[2026-02-25T04:41:11.595+0000] {processor.py:799} INFO - Processing file /home/airflow/.local/lib/python3.7/site-packages/airflow/example_dags/example_latest_only_with_trigger.py for tasks to queue
[2026-02-25T04:41:11.595+0000] {logging_mixin.py:149} INFO - [2026-02-25T04:41:11.595+0000] {dagbag.py:541} INFO - Filling up the DagBag from /home/airflow/.local/lib/python3.7/site-packages/airflow/example_dags/example_latest_only_with_trigger.py
[2026-02-25T04:41:11.601+0000] {processor.py:809} INFO - DAG(s) dict_keys(['latest_only_with_trigger']) retrieved from /home/airflow/.local/lib/python3.7/site-packages/airflow/example_dags/example_latest_only_with_trigger.py
[2026-02-25T04:41:11.623+0000] {logging_mixin.py:149} INFO - [2026-02-25T04:41:11.623+0000] {dag.py:2726} INFO - Sync 1 DAGs
[2026-02-25T04:41:11.643+0000] {logging_mixin.py:149} INFO - [2026-02-25T04:41:11.643+0000] {dag.py:3490} INFO - Setting next_dagrun for latest_only_with_trigger to 2026-02-25T00:41:11.643187+00:00, run_after=2026-02-25T04:41:11.643187+00:00
[2026-02-25T04:41:11.662+0000] {processor.py:178} INFO - Processing /home/airflow/.local/lib/python3.7/site-packages/airflow/example_dags/example_latest_only_with_trigger.py took 0.070 seconds
[2026-02-25T04:41:42.287+0000] {processor.py:156} INFO - Started process (PID=200) to work on /home/airflow/.local/lib/python3.7/site-packages/airflow/example_dags/example_latest_only_with_trigger.py
[2026-02-25T04:41:42.289+0000] {processor.py:799} INFO - Processing file /home/airflow/.local/lib/python3.7/site-packages/airflow/example_dags/example_latest_only_with_trigger.py for tasks to queue
[2026-02-25T04:41:42.290+0000] {logging_mixin.py:149} INFO - [2026-02-25T04:41:42.290+0000] {dagbag.py:541} INFO - Filling up the DagBag from /home/airflow/.local/lib/python3.7/site-packages/airflow/example_dags/example_latest_only_with_trigger.py
[2026-02-25T04:41:42.300+0000] {processor.py:809} INFO - DAG(s) dict_keys(['latest_only_with_trigger']) retrieved from /home/airflow/.local/lib/python3.7/site-packages/airflow/example_dags/example_latest_only_with_trigger.py
[2026-02-25T04:41:42.335+0000] {logging_mixin.py:149} INFO - [2026-02-25T04:41:42.335+0000] {dag.py:2726} INFO - Sync 1 DAGs
[2026-02-25T04:41:42.371+0000] {logging_mixin.py:149} INFO - [2026-02-25T04:41:42.371+0000] {dag.py:3490} INFO - Setting next_dagrun for latest_only_with_trigger to 2026-02-25T00:41:42.371190+00:00, run_after=2026-02-25T04:41:42.371190+00:00
[2026-02-25T04:41:42.410+0000] {processor.py:178} INFO - Processing /home/airflow/.local/lib/python3.7/site-packages/airflow/example_dags/example_latest_only_with_trigger.py took 0.127 seconds
[2026-02-25T04:42:12.724+0000] {processor.py:156} INFO - Started process (PID=263) to work on /home/airflow/.local/lib/python3.7/site-packages/airflow/example_dags/example_latest_only_with_trigger.py
[2026-02-25T04:42:12.726+0000] {processor.py:799} INFO - Processing file /home/airflow/.local/lib/python3.7/site-packages/airflow/example_dags/example_latest_only_with_trigger.py for tasks to queue
[2026-02-25T04:42:12.727+0000] {logging_mixin.py:149} INFO - [2026-02-25T04:42:12.726+0000] {dagbag.py:541} INFO - Filling up the DagBag from /home/airflow/.local/lib/python3.7/site-packages/airflow/example_dags/example_latest_only_with_trigger.py
[2026-02-25T04:42:12.730+0000] {processor.py:809} INFO - DAG(s) dict_keys(['latest_only_with_trigger']) retrieved from /home/airflow/.local/lib/python3.7/site-packages/airflow/example_dags/example_latest_only_with_trigger.py
[2026-02-25T04:42:12.751+0000] {logging_mixin.py:149} INFO - [2026-02-25T04:42:12.751+0000] {dag.py:2726} INFO - Sync 1 DAGs
[2026-02-25T04:42:12.771+0000] {logging_mixin.py:149} INFO - [2026-02-25T04:42:12.771+0000] {dag.py:3490} INFO - Setting next_dagrun for latest_only_with_trigger to 2026-02-25T00:42:12.771471+00:00, run_after=2026-02-25T04:42:12.771471+00:00
[2026-02-25T04:42:12.789+0000] {processor.py:178} INFO - Processing /home/airflow/.local/lib/python3.7/site-packages/airflow/example_dags/example_latest_only_with_trigger.py took 0.067 seconds
[2026-02-25T04:42:43.340+0000] {processor.py:156} INFO - Started process (PID=326) to work on /home/airflow/.local/lib/python3.7/site-packages/airflow/example_dags/example_latest_only_with_trigger.py
[2026-02-25T04:42:43.342+0000] {processor.py:799} INFO - Processing file /home/airflow/.local/lib/python3.7/site-packages/airflow/example_dags/example_latest_only_with_trigger.py for tasks to queue
[2026-02-25T04:42:43.342+0000] {logging_mixin.py:149} INFO - [2026-02-25T04:42:43.342+0000] {dagbag.py:541} INFO - Filling up the DagBag from /home/airflow/.local/lib/python3.7/site-packages/airflow/example_dags/example_latest_only_with_trigger.py
[2026-02-25T04:42:43.348+0000] {processor.py:809} INFO - DAG(s) dict_keys(['latest_only_with_trigger']) retrieved from /home/airflow/.local/lib/python3.7/site-packages/airflow/example_dags/example_latest_only_with_trigger.py
[2026-02-25T04:42:43.370+0000] {logging_mixin.py:149} INFO - [2026-02-25T04:42:43.370+0000] {dag.py:2726} INFO - Sync 1 DAGs
[2026-02-25T04:42:43.393+0000] {logging_mixin.py:149} INFO - [2026-02-25T04:42:43.393+0000] {dag.py:3490} INFO - Setting next_dagrun for latest_only_with_trigger to 2026-02-25T00:42:43.392148+00:00, run_after=2026-02-25T04:42:43.392148+00:00
[2026-02-25T04:42:43.415+0000] {processor.py:178} INFO - Processing /home/airflow/.local/lib/python3.7/site-packages/airflow/example_dags/example_latest_only_with_trigger.py took 0.077 seconds
[2026-02-25T04:48:22.214+0000] {processor.py:156} INFO - Started process (PID=66) to work on /home/airflow/.local/lib/python3.7/site-packages/airflow/example_dags/example_latest_only_with_trigger.py
[2026-02-25T04:48:22.215+0000] {processor.py:799} INFO - Processing file /home/airflow/.local/lib/python3.7/site-packages/airflow/example_dags/example_latest_only_with_trigger.py for tasks to queue
[2026-02-25T04:48:22.216+0000] {logging_mixin.py:149} INFO - [2026-02-25T04:48:22.216+0000] {dagbag.py:541} INFO - Filling up the DagBag from /home/airflow/.local/lib/python3.7/site-packages/airflow/example_dags/example_latest_only_with_trigger.py
[2026-02-25T04:48:22.224+0000] {processor.py:809} INFO - DAG(s) dict_keys(['latest_only_with_trigger']) retrieved from /home/airflow/.local/lib/python3.7/site-packages/airflow/example_dags/example_latest_only_with_trigger.py
[2026-02-25T04:48:22.247+0000] {logging_mixin.py:149} INFO - [2026-02-25T04:48:22.247+0000] {dag.py:2726} INFO - Sync 1 DAGs
[2026-02-25T04:48:22.278+0000] {logging_mixin.py:149} INFO - [2026-02-25T04:48:22.278+0000] {dag.py:3490} INFO - Setting next_dagrun for latest_only_with_trigger to 2026-02-25T00:48:22.278236+00:00, run_after=2026-02-25T04:48:22.278236+00:00
[2026-02-25T04:48:22.298+0000] {processor.py:178} INFO - Processing /home/airflow/.local/lib/python3.7/site-packages/airflow/example_dags/example_latest_only_with_trigger.py took 0.090 seconds
[2026-02-25T04:48:52.876+0000] {processor.py:156} INFO - Started process (PID=129) to work on /home/airflow/.local/lib/python3.7/site-packages/airflow/example_dags/example_latest_only_with_trigger.py
[2026-02-25T04:48:52.877+0000] {processor.py:799} INFO - Processing file /home/airflow/.local/lib/python3.7/site-packages/airflow/example_dags/example_latest_only_with_trigger.py for tasks to queue
[2026-02-25T04:48:52.878+0000] {logging_mixin.py:149} INFO - [2026-02-25T04:48:52.877+0000] {dagbag.py:541} INFO - Filling up the DagBag from /home/airflow/.local/lib/python3.7/site-packages/airflow/example_dags/example_latest_only_with_trigger.py
[2026-02-25T04:48:52.882+0000] {processor.py:809} INFO - DAG(s) dict_keys(['latest_only_with_trigger']) retrieved from /home/airflow/.local/lib/python3.7/site-packages/airflow/example_dags/example_latest_only_with_trigger.py
[2026-02-25T04:48:52.897+0000] {logging_mixin.py:149} INFO - [2026-02-25T04:48:52.897+0000] {dag.py:2726} INFO - Sync 1 DAGs
[2026-02-25T04:48:52.913+0000] {logging_mixin.py:149} INFO - [2026-02-25T04:48:52.913+0000] {dag.py:3490} INFO - Setting next_dagrun for latest_only_with_trigger to 2026-02-25T00:48:52.913230+00:00, run_after=2026-02-25T04:48:52.913230+00:00
[2026-02-25T04:48:52.928+0000] {processor.py:178} INFO - Processing /home/airflow/.local/lib/python3.7/site-packages/airflow/example_dags/example_latest_only_with_trigger.py took 0.055 seconds
[2026-02-25T04:49:23.452+0000] {processor.py:156} INFO - Started process (PID=192) to work on /home/airflow/.local/lib/python3.7/site-packages/airflow/example_dags/example_latest_only_with_trigger.py
[2026-02-25T04:49:23.453+0000] {processor.py:799} INFO - Processing file /home/airflow/.local/lib/python3.7/site-packages/airflow/example_dags/example_latest_only_with_trigger.py for tasks to queue
[2026-02-25T04:49:23.454+0000] {logging_mixin.py:149} INFO - [2026-02-25T04:49:23.453+0000] {dagbag.py:541} INFO - Filling up the DagBag from /home/airflow/.local/lib/python3.7/site-packages/airflow/example_dags/example_latest_only_with_trigger.py
[2026-02-25T04:49:23.458+0000] {processor.py:809} INFO - DAG(s) dict_keys(['latest_only_with_trigger']) retrieved from /home/airflow/.local/lib/python3.7/site-packages/airflow/example_dags/example_latest_only_with_trigger.py
[2026-02-25T04:49:23.474+0000] {logging_mixin.py:149} INFO - [2026-02-25T04:49:23.474+0000] {dag.py:2726} INFO - Sync 1 DAGs
[2026-02-25T04:49:23.498+0000] {logging_mixin.py:149} INFO - [2026-02-25T04:49:23.498+0000] {dag.py:3490} INFO - Setting next_dagrun for latest_only_with_trigger to 2026-02-25T00:49:23.498472+00:00, run_after=2026-02-25T04:49:23.498472+00:00
[2026-02-25T04:49:23.515+0000] {processor.py:178} INFO - Processing /home/airflow/.local/lib/python3.7/site-packages/airflow/example_dags/example_latest_only_with_trigger.py took 0.066 seconds
[2026-02-25T04:49:53.964+0000] {processor.py:156} INFO - Started process (PID=262) to work on /home/airflow/.local/lib/python3.7/site-packages/airflow/example_dags/example_latest_only_with_trigger.py
[2026-02-25T04:49:53.965+0000] {processor.py:799} INFO - Processing file /home/airflow/.local/lib/python3.7/site-packages/airflow/example_dags/example_latest_only_with_trigger.py for tasks to queue
[2026-02-25T04:49:53.965+0000] {logging_mixin.py:149} INFO - [2026-02-25T04:49:53.965+0000] {dagbag.py:541} INFO - Filling up the DagBag from /home/airflow/.local/lib/python3.7/site-packages/airflow/example_dags/example_latest_only_with_trigger.py
[2026-02-25T04:49:53.973+0000] {processor.py:809} INFO - DAG(s) dict_keys(['latest_only_with_trigger']) retrieved from /home/airflow/.local/lib/python3.7/site-packages/airflow/example_dags/example_latest_only_with_trigger.py
[2026-02-25T04:49:53.992+0000] {logging_mixin.py:149} INFO - [2026-02-25T04:49:53.992+0000] {dag.py:2726} INFO - Sync 1 DAGs
[2026-02-25T04:49:54.014+0000] {logging_mixin.py:149} INFO - [2026-02-25T04:49:54.014+0000] {dag.py:3490} INFO - Setting next_dagrun for latest_only_with_trigger to 2026-02-25T00:49:54.014353+00:00, run_after=2026-02-25T04:49:54.014353+00:00
[2026-02-25T04:49:54.033+0000] {processor.py:178} INFO - Processing /home/airflow/.local/lib/python3.7/site-packages/airflow/example_dags/example_latest_only_with_trigger.py took 0.072 seconds
[2026-02-25T04:50:24.456+0000] {processor.py:156} INFO - Started process (PID=325) to work on /home/airflow/.local/lib/python3.7/site-packages/airflow/example_dags/example_latest_only_with_trigger.py
[2026-02-25T04:50:24.459+0000] {processor.py:799} INFO - Processing file /home/airflow/.local/lib/python3.7/site-packages/airflow/example_dags/example_latest_only_with_trigger.py for tasks to queue
[2026-02-25T04:50:24.460+0000] {logging_mixin.py:149} INFO - [2026-02-25T04:50:24.459+0000] {dagbag.py:541} INFO - Filling up the DagBag from /home/airflow/.local/lib/python3.7/site-packages/airflow/example_dags/example_latest_only_with_trigger.py
[2026-02-25T04:50:24.464+0000] {processor.py:809} INFO - DAG(s) dict_keys(['latest_only_with_trigger']) retrieved from /home/airflow/.local/lib/python3.7/site-packages/airflow/example_dags/example_latest_only_with_trigger.py
[2026-02-25T04:50:24.481+0000] {logging_mixin.py:149} INFO - [2026-02-25T04:50:24.480+0000] {dag.py:2726} INFO - Sync 1 DAGs
[2026-02-25T04:50:24.497+0000] {logging_mixin.py:149} INFO - [2026-02-25T04:50:24.497+0000] {dag.py:3490} INFO - Setting next_dagrun for latest_only_with_trigger to 2026-02-25T00:50:24.497301+00:00, run_after=2026-02-25T04:50:24.497301+00:00
[2026-02-25T04:50:24.514+0000] {processor.py:178} INFO - Processing /home/airflow/.local/lib/python3.7/site-packages/airflow/example_dags/example_latest_only_with_trigger.py took 0.062 seconds
[2026-02-25T04:50:54.707+0000] {processor.py:156} INFO - Started process (PID=388) to work on /home/airflow/.local/lib/python3.7/site-packages/airflow/example_dags/example_latest_only_with_trigger.py
[2026-02-25T04:50:54.707+0000] {processor.py:799} INFO - Processing file /home/airflow/.local/lib/python3.7/site-packages/airflow/example_dags/example_latest_only_with_trigger.py for tasks to queue
[2026-02-25T04:50:54.708+0000] {logging_mixin.py:149} INFO - [2026-02-25T04:50:54.708+0000] {dagbag.py:541} INFO - Filling up the DagBag from /home/airflow/.local/lib/python3.7/site-packages/airflow/example_dags/example_latest_only_with_trigger.py
[2026-02-25T04:50:54.714+0000] {processor.py:809} INFO - DAG(s) dict_keys(['latest_only_with_trigger']) retrieved from /home/airflow/.local/lib/python3.7/site-packages/airflow/example_dags/example_latest_only_with_trigger.py
[2026-02-25T04:50:54.736+0000] {logging_mixin.py:149} INFO - [2026-02-25T04:50:54.736+0000] {dag.py:2726} INFO - Sync 1 DAGs
[2026-02-25T04:50:54.754+0000] {logging_mixin.py:149} INFO - [2026-02-25T04:50:54.754+0000] {dag.py:3490} INFO - Setting next_dagrun for latest_only_with_trigger to 2026-02-25T00:50:54.754383+00:00, run_after=2026-02-25T04:50:54.754383+00:00
[2026-02-25T04:50:54.770+0000] {processor.py:178} INFO - Processing /home/airflow/.local/lib/python3.7/site-packages/airflow/example_dags/example_latest_only_with_trigger.py took 0.065 seconds
[2026-02-25T04:51:24.897+0000] {processor.py:156} INFO - Started process (PID=451) to work on /home/airflow/.local/lib/python3.7/site-packages/airflow/example_dags/example_latest_only_with_trigger.py
[2026-02-25T04:51:24.898+0000] {processor.py:799} INFO - Processing file /home/airflow/.local/lib/python3.7/site-packages/airflow/example_dags/example_latest_only_with_trigger.py for tasks to queue
[2026-02-25T04:51:24.899+0000] {logging_mixin.py:149} INFO - [2026-02-25T04:51:24.899+0000] {dagbag.py:541} INFO - Filling up the DagBag from /home/airflow/.local/lib/python3.7/site-packages/airflow/example_dags/example_latest_only_with_trigger.py
[2026-02-25T04:51:24.905+0000] {processor.py:809} INFO - DAG(s) dict_keys(['latest_only_with_trigger']) retrieved from /home/airflow/.local/lib/python3.7/site-packages/airflow/example_dags/example_latest_only_with_trigger.py
[2026-02-25T04:51:24.924+0000] {logging_mixin.py:149} INFO - [2026-02-25T04:51:24.924+0000] {dag.py:2726} INFO - Sync 1 DAGs
[2026-02-25T04:51:24.944+0000] {logging_mixin.py:149} INFO - [2026-02-25T04:51:24.943+0000] {dag.py:3490} INFO - Setting next_dagrun for latest_only_with_trigger to 2026-02-25T00:51:24.943805+00:00, run_after=2026-02-25T04:51:24.943805+00:00
[2026-02-25T04:51:24.958+0000] {processor.py:178} INFO - Processing /home/airflow/.local/lib/python3.7/site-packages/airflow/example_dags/example_latest_only_with_trigger.py took 0.064 seconds
[2026-02-25T04:51:55.213+0000] {processor.py:156} INFO - Started process (PID=514) to work on /home/airflow/.local/lib/python3.7/site-packages/airflow/example_dags/example_latest_only_with_trigger.py
[2026-02-25T04:51:55.214+0000] {processor.py:799} INFO - Processing file /home/airflow/.local/lib/python3.7/site-packages/airflow/example_dags/example_latest_only_with_trigger.py for tasks to queue
[2026-02-25T04:51:55.214+0000] {logging_mixin.py:149} INFO - [2026-02-25T04:51:55.214+0000] {dagbag.py:541} INFO - Filling up the DagBag from /home/airflow/.local/lib/python3.7/site-packages/airflow/example_dags/example_latest_only_with_trigger.py
[2026-02-25T04:51:55.219+0000] {processor.py:809} INFO - DAG(s) dict_keys(['latest_only_with_trigger']) retrieved from /home/airflow/.local/lib/python3.7/site-packages/airflow/example_dags/example_latest_only_with_trigger.py
[2026-02-25T04:51:55.238+0000] {logging_mixin.py:149} INFO - [2026-02-25T04:51:55.238+0000] {dag.py:2726} INFO - Sync 1 DAGs
[2026-02-25T04:51:55.256+0000] {logging_mixin.py:149} INFO - [2026-02-25T04:51:55.255+0000] {dag.py:3490} INFO - Setting next_dagrun for latest_only_with_trigger to 2026-02-25T00:51:55.255756+00:00, run_after=2026-02-25T04:51:55.255756+00:00
[2026-02-25T04:51:55.277+0000] {processor.py:178} INFO - Processing /home/airflow/.local/lib/python3.7/site-packages/airflow/example_dags/example_latest_only_with_trigger.py took 0.067 seconds
[2026-02-25T04:52:25.702+0000] {processor.py:156} INFO - Started process (PID=577) to work on /home/airflow/.local/lib/python3.7/site-packages/airflow/example_dags/example_latest_only_with_trigger.py
[2026-02-25T04:52:25.704+0000] {processor.py:799} INFO - Processing file /home/airflow/.local/lib/python3.7/site-packages/airflow/example_dags/example_latest_only_with_trigger.py for tasks to queue
[2026-02-25T04:52:25.706+0000] {logging_mixin.py:149} INFO - [2026-02-25T04:52:25.706+0000] {dagbag.py:541} INFO - Filling up the DagBag from /home/airflow/.local/lib/python3.7/site-packages/airflow/example_dags/example_latest_only_with_trigger.py
[2026-02-25T04:52:25.710+0000] {processor.py:809} INFO - DAG(s) dict_keys(['latest_only_with_trigger']) retrieved from /home/airflow/.local/lib/python3.7/site-packages/airflow/example_dags/example_latest_only_with_trigger.py
[2026-02-25T04:52:25.729+0000] {logging_mixin.py:149} INFO - [2026-02-25T04:52:25.729+0000] {dag.py:2726} INFO - Sync 1 DAGs
[2026-02-25T04:52:25.746+0000] {logging_mixin.py:149} INFO - [2026-02-25T04:52:25.746+0000] {dag.py:3490} INFO - Setting next_dagrun for latest_only_with_trigger to 2026-02-25T00:52:25.746176+00:00, run_after=2026-02-25T04:52:25.746176+00:00
[2026-02-25T04:52:25.765+0000] {processor.py:178} INFO - Processing /home/airflow/.local/lib/python3.7/site-packages/airflow/example_dags/example_latest_only_with_trigger.py took 0.065 seconds
[2026-02-25T04:52:56.140+0000] {processor.py:156} INFO - Started process (PID=640) to work on /home/airflow/.local/lib/python3.7/site-packages/airflow/example_dags/example_latest_only_with_trigger.py
[2026-02-25T04:52:56.141+0000] {processor.py:799} INFO - Processing file /home/airflow/.local/lib/python3.7/site-packages/airflow/example_dags/example_latest_only_with_trigger.py for tasks to queue
[2026-02-25T04:52:56.141+0000] {logging_mixin.py:149} INFO - [2026-02-25T04:52:56.141+0000] {dagbag.py:541} INFO - Filling up the DagBag from /home/airflow/.local/lib/python3.7/site-packages/airflow/example_dags/example_latest_only_with_trigger.py
[2026-02-25T04:52:56.145+0000] {processor.py:809} INFO - DAG(s) dict_keys(['latest_only_with_trigger']) retrieved from /home/airflow/.local/lib/python3.7/site-packages/airflow/example_dags/example_latest_only_with_trigger.py
[2026-02-25T04:52:56.169+0000] {logging_mixin.py:149} INFO - [2026-02-25T04:52:56.169+0000] {dag.py:2726} INFO - Sync 1 DAGs
[2026-02-25T04:52:56.189+0000] {logging_mixin.py:149} INFO - [2026-02-25T04:52:56.189+0000] {dag.py:3490} INFO - Setting next_dagrun for latest_only_with_trigger to 2026-02-25T00:52:56.189675+00:00, run_after=2026-02-25T04:52:56.189675+00:00
[2026-02-25T04:52:56.205+0000] {processor.py:178} INFO - Processing /home/airflow/.local/lib/python3.7/site-packages/airflow/example_dags/example_latest_only_with_trigger.py took 0.069 seconds
[2026-02-25T04:53:26.822+0000] {processor.py:156} INFO - Started process (PID=703) to work on /home/airflow/.local/lib/python3.7/site-packages/airflow/example_dags/example_latest_only_with_trigger.py
[2026-02-25T04:53:26.823+0000] {processor.py:799} INFO - Processing file /home/airflow/.local/lib/python3.7/site-packages/airflow/example_dags/example_latest_only_with_trigger.py for tasks to queue
[2026-02-25T04:53:26.824+0000] {logging_mixin.py:149} INFO - [2026-02-25T04:53:26.824+0000] {dagbag.py:541} INFO - Filling up the DagBag from /home/airflow/.local/lib/python3.7/site-packages/airflow/example_dags/example_latest_only_with_trigger.py
[2026-02-25T04:53:26.828+0000] {processor.py:809} INFO - DAG(s) dict_keys(['latest_only_with_trigger']) retrieved from /home/airflow/.local/lib/python3.7/site-packages/airflow/example_dags/example_latest_only_with_trigger.py
[2026-02-25T04:53:26.854+0000] {logging_mixin.py:149} INFO - [2026-02-25T04:53:26.854+0000] {dag.py:2726} INFO - Sync 1 DAGs
[2026-02-25T04:53:26.873+0000] {logging_mixin.py:149} INFO - [2026-02-25T04:53:26.873+0000] {dag.py:3490} INFO - Setting next_dagrun for latest_only_with_trigger to 2026-02-25T00:53:26.873634+00:00, run_after=2026-02-25T04:53:26.873634+00:00
[2026-02-25T04:53:26.890+0000] {processor.py:178} INFO - Processing /home/airflow/.local/lib/python3.7/site-packages/airflow/example_dags/example_latest_only_with_trigger.py took 0.072 seconds
[2026-02-25T04:53:57.230+0000] {processor.py:156} INFO - Started process (PID=766) to work on /home/airflow/.local/lib/python3.7/site-packages/airflow/example_dags/example_latest_only_with_trigger.py
[2026-02-25T04:53:57.230+0000] {processor.py:799} INFO - Processing file /home/airflow/.local/lib/python3.7/site-packages/airflow/example_dags/example_latest_only_with_trigger.py for tasks to queue
[2026-02-25T04:53:57.232+0000] {logging_mixin.py:149} INFO - [2026-02-25T04:53:57.231+0000] {dagbag.py:541} INFO - Filling up the DagBag from /home/airflow/.local/lib/python3.7/site-packages/airflow/example_dags/example_latest_only_with_trigger.py
[2026-02-25T04:53:57.243+0000] {processor.py:809} INFO - DAG(s) dict_keys(['latest_only_with_trigger']) retrieved from /home/airflow/.local/lib/python3.7/site-packages/airflow/example_dags/example_latest_only_with_trigger.py
[2026-02-25T04:53:57.264+0000] {logging_mixin.py:149} INFO - [2026-02-25T04:53:57.264+0000] {dag.py:2726} INFO - Sync 1 DAGs
[2026-02-25T04:53:57.281+0000] {logging_mixin.py:149} INFO - [2026-02-25T04:53:57.281+0000] {dag.py:3490} INFO - Setting next_dagrun for latest_only_with_trigger to 2026-02-25T00:53:57.281190+00:00, run_after=2026-02-25T04:53:57.281190+00:00
[2026-02-25T04:53:57.298+0000] {processor.py:178} INFO - Processing /home/airflow/.local/lib/python3.7/site-packages/airflow/example_dags/example_latest_only_with_trigger.py took 0.071 seconds
[2026-02-25T04:54:27.637+0000] {processor.py:156} INFO - Started process (PID=829) to work on /home/airflow/.local/lib/python3.7/site-packages/airflow/example_dags/example_latest_only_with_trigger.py
[2026-02-25T04:54:27.639+0000] {processor.py:799} INFO - Processing file /home/airflow/.local/lib/python3.7/site-packages/airflow/example_dags/example_latest_only_with_trigger.py for tasks to queue
[2026-02-25T04:54:27.640+0000] {logging_mixin.py:149} INFO - [2026-02-25T04:54:27.640+0000] {dagbag.py:541} INFO - Filling up the DagBag from /home/airflow/.local/lib/python3.7/site-packages/airflow/example_dags/example_latest_only_with_trigger.py
[2026-02-25T04:54:27.644+0000] {processor.py:809} INFO - DAG(s) dict_keys(['latest_only_with_trigger']) retrieved from /home/airflow/.local/lib/python3.7/site-packages/airflow/example_dags/example_latest_only_with_trigger.py
[2026-02-25T04:54:27.660+0000] {logging_mixin.py:149} INFO - [2026-02-25T04:54:27.660+0000] {dag.py:2726} INFO - Sync 1 DAGs
[2026-02-25T04:54:27.677+0000] {logging_mixin.py:149} INFO - [2026-02-25T04:54:27.677+0000] {dag.py:3490} INFO - Setting next_dagrun for latest_only_with_trigger to 2026-02-25T00:54:27.677270+00:00, run_after=2026-02-25T04:54:27.677270+00:00
[2026-02-25T04:54:27.696+0000] {processor.py:178} INFO - Processing /home/airflow/.local/lib/python3.7/site-packages/airflow/example_dags/example_latest_only_with_trigger.py took 0.060 seconds
[2026-02-25T04:54:57.968+0000] {processor.py:156} INFO - Started process (PID=892) to work on /home/airflow/.local/lib/python3.7/site-packages/airflow/example_dags/example_latest_only_with_trigger.py
[2026-02-25T04:54:57.969+0000] {processor.py:799} INFO - Processing file /home/airflow/.local/lib/python3.7/site-packages/airflow/example_dags/example_latest_only_with_trigger.py for tasks to queue
[2026-02-25T04:54:57.969+0000] {logging_mixin.py:149} INFO - [2026-02-25T04:54:57.969+0000] {dagbag.py:541} INFO - Filling up the DagBag from /home/airflow/.local/lib/python3.7/site-packages/airflow/example_dags/example_latest_only_with_trigger.py
[2026-02-25T04:54:57.973+0000] {processor.py:809} INFO - DAG(s) dict_keys(['latest_only_with_trigger']) retrieved from /home/airflow/.local/lib/python3.7/site-packages/airflow/example_dags/example_latest_only_with_trigger.py
[2026-02-25T04:54:57.993+0000] {logging_mixin.py:149} INFO - [2026-02-25T04:54:57.993+0000] {dag.py:2726} INFO - Sync 1 DAGs
[2026-02-25T04:54:58.011+0000] {logging_mixin.py:149} INFO - [2026-02-25T04:54:58.011+0000] {dag.py:3490} INFO - Setting next_dagrun for latest_only_with_trigger to 2026-02-25T00:54:58.011525+00:00, run_after=2026-02-25T04:54:58.011525+00:00
[2026-02-25T04:54:58.027+0000] {processor.py:178} INFO - Processing /home/airflow/.local/lib/python3.7/site-packages/airflow/example_dags/example_latest_only_with_trigger.py took 0.061 seconds
[2026-02-25T04:55:28.303+0000] {processor.py:156} INFO - Started process (PID=955) to work on /home/airflow/.local/lib/python3.7/site-packages/airflow/example_dags/example_latest_only_with_trigger.py
[2026-02-25T04:55:28.303+0000] {processor.py:799} INFO - Processing file /home/airflow/.local/lib/python3.7/site-packages/airflow/example_dags/example_latest_only_with_trigger.py for tasks to queue
[2026-02-25T04:55:28.304+0000] {logging_mixin.py:149} INFO - [2026-02-25T04:55:28.304+0000] {dagbag.py:541} INFO - Filling up the DagBag from /home/airflow/.local/lib/python3.7/site-packages/airflow/example_dags/example_latest_only_with_trigger.py
[2026-02-25T04:55:28.307+0000] {processor.py:809} INFO - DAG(s) dict_keys(['latest_only_with_trigger']) retrieved from /home/airflow/.local/lib/python3.7/site-packages/airflow/example_dags/example_latest_only_with_trigger.py
[2026-02-25T04:55:28.322+0000] {logging_mixin.py:149} INFO - [2026-02-25T04:55:28.322+0000] {dag.py:2726} INFO - Sync 1 DAGs
[2026-02-25T04:55:28.337+0000] {logging_mixin.py:149} INFO - [2026-02-25T04:55:28.337+0000] {dag.py:3490} INFO - Setting next_dagrun for latest_only_with_trigger to 2026-02-25T00:55:28.337278+00:00, run_after=2026-02-25T04:55:28.337278+00:00
[2026-02-25T04:55:28.348+0000] {processor.py:178} INFO - Processing /home/airflow/.local/lib/python3.7/site-packages/airflow/example_dags/example_latest_only_with_trigger.py took 0.047 seconds
[2026-02-25T04:55:58.967+0000] {processor.py:156} INFO - Started process (PID=1018) to work on /home/airflow/.local/lib/python3.7/site-packages/airflow/example_dags/example_latest_only_with_trigger.py
[2026-02-25T04:55:58.968+0000] {processor.py:799} INFO - Processing file /home/airflow/.local/lib/python3.7/site-packages/airflow/example_dags/example_latest_only_with_trigger.py for tasks to queue
[2026-02-25T04:55:58.969+0000] {logging_mixin.py:149} INFO - [2026-02-25T04:55:58.969+0000] {dagbag.py:541} INFO - Filling up the DagBag from /home/airflow/.local/lib/python3.7/site-packages/airflow/example_dags/example_latest_only_with_trigger.py
[2026-02-25T04:55:58.975+0000] {processor.py:809} INFO - DAG(s) dict_keys(['latest_only_with_trigger']) retrieved from /home/airflow/.local/lib/python3.7/site-packages/airflow/example_dags/example_latest_only_with_trigger.py
[2026-02-25T04:55:58.993+0000] {logging_mixin.py:149} INFO - [2026-02-25T04:55:58.993+0000] {dag.py:2726} INFO - Sync 1 DAGs
[2026-02-25T04:55:59.013+0000] {logging_mixin.py:149} INFO - [2026-02-25T04:55:59.013+0000] {dag.py:3490} INFO - Setting next_dagrun for latest_only_with_trigger to 2026-02-25T00:55:59.013223+00:00, run_after=2026-02-25T04:55:59.013223+00:00
[2026-02-25T04:55:59.035+0000] {processor.py:178} INFO - Processing /home/airflow/.local/lib/python3.7/site-packages/airflow/example_dags/example_latest_only_with_trigger.py took 0.070 seconds
[2026-02-25T04:56:29.358+0000] {processor.py:156} INFO - Started process (PID=1081) to work on /home/airflow/.local/lib/python3.7/site-packages/airflow/example_dags/example_latest_only_with_trigger.py
[2026-02-25T04:56:29.359+0000] {processor.py:799} INFO - Processing file /home/airflow/.local/lib/python3.7/site-packages/airflow/example_dags/example_latest_only_with_trigger.py for tasks to queue
[2026-02-25T04:56:29.361+0000] {logging_mixin.py:149} INFO - [2026-02-25T04:56:29.361+0000] {dagbag.py:541} INFO - Filling up the DagBag from /home/airflow/.local/lib/python3.7/site-packages/airflow/example_dags/example_latest_only_with_trigger.py
[2026-02-25T04:56:29.369+0000] {processor.py:809} INFO - DAG(s) dict_keys(['latest_only_with_trigger']) retrieved from /home/airflow/.local/lib/python3.7/site-packages/airflow/example_dags/example_latest_only_with_trigger.py
[2026-02-25T04:56:29.391+0000] {logging_mixin.py:149} INFO - [2026-02-25T04:56:29.391+0000] {dag.py:2726} INFO - Sync 1 DAGs
[2026-02-25T04:56:29.415+0000] {logging_mixin.py:149} INFO - [2026-02-25T04:56:29.415+0000] {dag.py:3490} INFO - Setting next_dagrun for latest_only_with_trigger to 2026-02-25T00:56:29.414918+00:00, run_after=2026-02-25T04:56:29.414918+00:00
[2026-02-25T04:56:29.430+0000] {processor.py:178} INFO - Processing /home/airflow/.local/lib/python3.7/site-packages/airflow/example_dags/example_latest_only_with_trigger.py took 0.075 seconds
[2026-02-25T04:57:00.003+0000] {processor.py:156} INFO - Started process (PID=1144) to work on /home/airflow/.local/lib/python3.7/site-packages/airflow/example_dags/example_latest_only_with_trigger.py
[2026-02-25T04:57:00.004+0000] {processor.py:799} INFO - Processing file /home/airflow/.local/lib/python3.7/site-packages/airflow/example_dags/example_latest_only_with_trigger.py for tasks to queue
[2026-02-25T04:57:00.005+0000] {logging_mixin.py:149} INFO - [2026-02-25T04:57:00.005+0000] {dagbag.py:541} INFO - Filling up the DagBag from /home/airflow/.local/lib/python3.7/site-packages/airflow/example_dags/example_latest_only_with_trigger.py
[2026-02-25T04:57:00.016+0000] {processor.py:809} INFO - DAG(s) dict_keys(['latest_only_with_trigger']) retrieved from /home/airflow/.local/lib/python3.7/site-packages/airflow/example_dags/example_latest_only_with_trigger.py
[2026-02-25T04:57:00.039+0000] {logging_mixin.py:149} INFO - [2026-02-25T04:57:00.039+0000] {dag.py:2726} INFO - Sync 1 DAGs
[2026-02-25T04:57:00.062+0000] {logging_mixin.py:149} INFO - [2026-02-25T04:57:00.062+0000] {dag.py:3490} INFO - Setting next_dagrun for latest_only_with_trigger to 2026-02-25T00:57:00.062247+00:00, run_after=2026-02-25T04:57:00.062247+00:00
[2026-02-25T04:57:00.084+0000] {processor.py:178} INFO - Processing /home/airflow/.local/lib/python3.7/site-packages/airflow/example_dags/example_latest_only_with_trigger.py took 0.084 seconds
[2026-02-25T04:57:30.296+0000] {processor.py:156} INFO - Started process (PID=1207) to work on /home/airflow/.local/lib/python3.7/site-packages/airflow/example_dags/example_latest_only_with_trigger.py
[2026-02-25T04:57:30.297+0000] {processor.py:799} INFO - Processing file /home/airflow/.local/lib/python3.7/site-packages/airflow/example_dags/example_latest_only_with_trigger.py for tasks to queue
[2026-02-25T04:57:30.297+0000] {logging_mixin.py:149} INFO - [2026-02-25T04:57:30.297+0000] {dagbag.py:541} INFO - Filling up the DagBag from /home/airflow/.local/lib/python3.7/site-packages/airflow/example_dags/example_latest_only_with_trigger.py
[2026-02-25T04:57:30.301+0000] {processor.py:809} INFO - DAG(s) dict_keys(['latest_only_with_trigger']) retrieved from /home/airflow/.local/lib/python3.7/site-packages/airflow/example_dags/example_latest_only_with_trigger.py
[2026-02-25T04:57:30.316+0000] {logging_mixin.py:149} INFO - [2026-02-25T04:57:30.316+0000] {dag.py:2726} INFO - Sync 1 DAGs
[2026-02-25T04:57:30.331+0000] {logging_mixin.py:149} INFO - [2026-02-25T04:57:30.331+0000] {dag.py:3490} INFO - Setting next_dagrun for latest_only_with_trigger to 2026-02-25T00:57:30.330897+00:00, run_after=2026-02-25T04:57:30.330897+00:00
[2026-02-25T04:57:30.341+0000] {processor.py:178} INFO - Processing /home/airflow/.local/lib/python3.7/site-packages/airflow/example_dags/example_latest_only_with_trigger.py took 0.047 seconds
[2026-02-25T04:58:00.662+0000] {processor.py:156} INFO - Started process (PID=1270) to work on /home/airflow/.local/lib/python3.7/site-packages/airflow/example_dags/example_latest_only_with_trigger.py
[2026-02-25T04:58:00.663+0000] {processor.py:799} INFO - Processing file /home/airflow/.local/lib/python3.7/site-packages/airflow/example_dags/example_latest_only_with_trigger.py for tasks to queue
[2026-02-25T04:58:00.665+0000] {logging_mixin.py:149} INFO - [2026-02-25T04:58:00.665+0000] {dagbag.py:541} INFO - Filling up the DagBag from /home/airflow/.local/lib/python3.7/site-packages/airflow/example_dags/example_latest_only_with_trigger.py
[2026-02-25T04:58:00.669+0000] {processor.py:809} INFO - DAG(s) dict_keys(['latest_only_with_trigger']) retrieved from /home/airflow/.local/lib/python3.7/site-packages/airflow/example_dags/example_latest_only_with_trigger.py
[2026-02-25T04:58:00.692+0000] {logging_mixin.py:149} INFO - [2026-02-25T04:58:00.692+0000] {dag.py:2726} INFO - Sync 1 DAGs
[2026-02-25T04:58:00.711+0000] {logging_mixin.py:149} INFO - [2026-02-25T04:58:00.711+0000] {dag.py:3490} INFO - Setting next_dagrun for latest_only_with_trigger to 2026-02-25T00:58:00.711128+00:00, run_after=2026-02-25T04:58:00.711128+00:00
[2026-02-25T04:58:00.730+0000] {processor.py:178} INFO - Processing /home/airflow/.local/lib/python3.7/site-packages/airflow/example_dags/example_latest_only_with_trigger.py took 0.071 seconds
[2026-02-25T04:58:31.394+0000] {processor.py:156} INFO - Started process (PID=1333) to work on /home/airflow/.local/lib/python3.7/site-packages/airflow/example_dags/example_latest_only_with_trigger.py
[2026-02-25T04:58:31.395+0000] {processor.py:799} INFO - Processing file /home/airflow/.local/lib/python3.7/site-packages/airflow/example_dags/example_latest_only_with_trigger.py for tasks to queue
[2026-02-25T04:58:31.396+0000] {logging_mixin.py:149} INFO - [2026-02-25T04:58:31.396+0000] {dagbag.py:541} INFO - Filling up the DagBag from /home/airflow/.local/lib/python3.7/site-packages/airflow/example_dags/example_latest_only_with_trigger.py
[2026-02-25T04:58:31.400+0000] {processor.py:809} INFO - DAG(s) dict_keys(['latest_only_with_trigger']) retrieved from /home/airflow/.local/lib/python3.7/site-packages/airflow/example_dags/example_latest_only_with_trigger.py
[2026-02-25T04:58:31.415+0000] {logging_mixin.py:149} INFO - [2026-02-25T04:58:31.415+0000] {dag.py:2726} INFO - Sync 1 DAGs
[2026-02-25T04:58:31.430+0000] {logging_mixin.py:149} INFO - [2026-02-25T04:58:31.430+0000] {dag.py:3490} INFO - Setting next_dagrun for latest_only_with_trigger to 2026-02-25T00:58:31.430533+00:00, run_after=2026-02-25T04:58:31.430533+00:00
[2026-02-25T04:58:31.444+0000] {processor.py:178} INFO - Processing /home/airflow/.local/lib/python3.7/site-packages/airflow/example_dags/example_latest_only_with_trigger.py took 0.052 seconds
[2026-02-25T04:59:02.012+0000] {processor.py:156} INFO - Started process (PID=1395) to work on /home/airflow/.local/lib/python3.7/site-packages/airflow/example_dags/example_latest_only_with_trigger.py
[2026-02-25T04:59:02.013+0000] {processor.py:799} INFO - Processing file /home/airflow/.local/lib/python3.7/site-packages/airflow/example_dags/example_latest_only_with_trigger.py for tasks to queue
[2026-02-25T04:59:02.014+0000] {logging_mixin.py:149} INFO - [2026-02-25T04:59:02.014+0000] {dagbag.py:541} INFO - Filling up the DagBag from /home/airflow/.local/lib/python3.7/site-packages/airflow/example_dags/example_latest_only_with_trigger.py
[2026-02-25T04:59:02.018+0000] {processor.py:809} INFO - DAG(s) dict_keys(['latest_only_with_trigger']) retrieved from /home/airflow/.local/lib/python3.7/site-packages/airflow/example_dags/example_latest_only_with_trigger.py
[2026-02-25T04:59:02.035+0000] {logging_mixin.py:149} INFO - [2026-02-25T04:59:02.035+0000] {dag.py:2726} INFO - Sync 1 DAGs
[2026-02-25T04:59:02.052+0000] {logging_mixin.py:149} INFO - [2026-02-25T04:59:02.052+0000] {dag.py:3490} INFO - Setting next_dagrun for latest_only_with_trigger to 2026-02-25T00:59:02.052119+00:00, run_after=2026-02-25T04:59:02.052119+00:00
[2026-02-25T04:59:02.066+0000] {processor.py:178} INFO - Processing /home/airflow/.local/lib/python3.7/site-packages/airflow/example_dags/example_latest_only_with_trigger.py took 0.056 seconds
[2026-02-25T04:59:32.583+0000] {processor.py:156} INFO - Started process (PID=1458) to work on /home/airflow/.local/lib/python3.7/site-packages/airflow/example_dags/example_latest_only_with_trigger.py
[2026-02-25T04:59:32.584+0000] {processor.py:799} INFO - Processing file /home/airflow/.local/lib/python3.7/site-packages/airflow/example_dags/example_latest_only_with_trigger.py for tasks to queue
[2026-02-25T04:59:32.584+0000] {logging_mixin.py:149} INFO - [2026-02-25T04:59:32.584+0000] {dagbag.py:541} INFO - Filling up the DagBag from /home/airflow/.local/lib/python3.7/site-packages/airflow/example_dags/example_latest_only_with_trigger.py
[2026-02-25T04:59:32.590+0000] {processor.py:809} INFO - DAG(s) dict_keys(['latest_only_with_trigger']) retrieved from /home/airflow/.local/lib/python3.7/site-packages/airflow/example_dags/example_latest_only_with_trigger.py
[2026-02-25T04:59:32.617+0000] {logging_mixin.py:149} INFO - [2026-02-25T04:59:32.617+0000] {dag.py:2726} INFO - Sync 1 DAGs
[2026-02-25T04:59:32.645+0000] {logging_mixin.py:149} INFO - [2026-02-25T04:59:32.645+0000] {dag.py:3490} INFO - Setting next_dagrun for latest_only_with_trigger to 2026-02-25T00:59:32.645492+00:00, run_after=2026-02-25T04:59:32.645492+00:00
[2026-02-25T04:59:32.665+0000] {processor.py:178} INFO - Processing /home/airflow/.local/lib/python3.7/site-packages/airflow/example_dags/example_latest_only_with_trigger.py took 0.086 seconds
