[2026-02-25T04:40:37.678+0000] {processor.py:156} INFO - Started process (PID=46) to work on /home/airflow/.local/lib/python3.7/site-packages/airflow/example_dags/example_external_task_marker_dag.py
[2026-02-25T04:40:37.680+0000] {processor.py:799} INFO - Processing file /home/airflow/.local/lib/python3.7/site-packages/airflow/example_dags/example_external_task_marker_dag.py for tasks to queue
[2026-02-25T04:40:37.680+0000] {logging_mixin.py:149} INFO - [2026-02-25T04:40:37.680+0000] {dagbag.py:541} INFO - Filling up the DagBag from /home/airflow/.local/lib/python3.7/site-packages/airflow/example_dags/example_external_task_marker_dag.py
[2026-02-25T04:40:37.688+0000] {processor.py:809} INFO - DAG(s) dict_keys(['example_external_task_marker_child', 'example_external_task_marker_parent']) retrieved from /home/airflow/.local/lib/python3.7/site-packages/airflow/example_dags/example_external_task_marker_dag.py
[2026-02-25T04:40:37.784+0000] {logging_mixin.py:149} INFO - [2026-02-25T04:40:37.784+0000] {manager.py:504} INFO - Created Permission View: can edit on DAG:example_external_task_marker_child
[2026-02-25T04:40:37.796+0000] {logging_mixin.py:149} INFO - [2026-02-25T04:40:37.796+0000] {manager.py:504} INFO - Created Permission View: can delete on DAG:example_external_task_marker_child
[2026-02-25T04:40:37.805+0000] {logging_mixin.py:149} INFO - [2026-02-25T04:40:37.805+0000] {manager.py:504} INFO - Created Permission View: can read on DAG:example_external_task_marker_child
[2026-02-25T04:40:37.816+0000] {logging_mixin.py:149} INFO - [2026-02-25T04:40:37.816+0000] {manager.py:504} INFO - Created Permission View: can edit on DAG:example_external_task_marker_parent
[2026-02-25T04:40:37.824+0000] {logging_mixin.py:149} INFO - [2026-02-25T04:40:37.824+0000] {manager.py:504} INFO - Created Permission View: can delete on DAG:example_external_task_marker_parent
[2026-02-25T04:40:37.831+0000] {logging_mixin.py:149} INFO - [2026-02-25T04:40:37.831+0000] {manager.py:504} INFO - Created Permission View: can read on DAG:example_external_task_marker_parent
[2026-02-25T04:40:37.831+0000] {logging_mixin.py:149} INFO - [2026-02-25T04:40:37.831+0000] {dag.py:2726} INFO - Sync 2 DAGs
[2026-02-25T04:40:37.841+0000] {logging_mixin.py:149} INFO - [2026-02-25T04:40:37.841+0000] {dag.py:2747} INFO - Creating ORM DAG for example_external_task_marker_child
[2026-02-25T04:40:37.841+0000] {logging_mixin.py:149} INFO - [2026-02-25T04:40:37.841+0000] {dag.py:2747} INFO - Creating ORM DAG for example_external_task_marker_parent
[2026-02-25T04:40:37.850+0000] {logging_mixin.py:149} INFO - [2026-02-25T04:40:37.849+0000] {dag.py:3490} INFO - Setting next_dagrun for example_external_task_marker_child to None, run_after=None
[2026-02-25T04:40:37.850+0000] {logging_mixin.py:149} INFO - [2026-02-25T04:40:37.850+0000] {dag.py:3490} INFO - Setting next_dagrun for example_external_task_marker_parent to None, run_after=None
[2026-02-25T04:40:37.883+0000] {processor.py:178} INFO - Processing /home/airflow/.local/lib/python3.7/site-packages/airflow/example_dags/example_external_task_marker_dag.py took 0.207 seconds
[2026-02-25T04:41:08.481+0000] {processor.py:156} INFO - Started process (PID=109) to work on /home/airflow/.local/lib/python3.7/site-packages/airflow/example_dags/example_external_task_marker_dag.py
[2026-02-25T04:41:08.483+0000] {processor.py:799} INFO - Processing file /home/airflow/.local/lib/python3.7/site-packages/airflow/example_dags/example_external_task_marker_dag.py for tasks to queue
[2026-02-25T04:41:08.484+0000] {logging_mixin.py:149} INFO - [2026-02-25T04:41:08.484+0000] {dagbag.py:541} INFO - Filling up the DagBag from /home/airflow/.local/lib/python3.7/site-packages/airflow/example_dags/example_external_task_marker_dag.py
[2026-02-25T04:41:08.488+0000] {processor.py:809} INFO - DAG(s) dict_keys(['example_external_task_marker_child', 'example_external_task_marker_parent']) retrieved from /home/airflow/.local/lib/python3.7/site-packages/airflow/example_dags/example_external_task_marker_dag.py
[2026-02-25T04:41:08.509+0000] {logging_mixin.py:149} INFO - [2026-02-25T04:41:08.509+0000] {dag.py:2726} INFO - Sync 2 DAGs
[2026-02-25T04:41:08.531+0000] {logging_mixin.py:149} INFO - [2026-02-25T04:41:08.531+0000] {dag.py:3490} INFO - Setting next_dagrun for example_external_task_marker_child to None, run_after=None
[2026-02-25T04:41:08.534+0000] {logging_mixin.py:149} INFO - [2026-02-25T04:41:08.533+0000] {dag.py:3490} INFO - Setting next_dagrun for example_external_task_marker_parent to None, run_after=None
[2026-02-25T04:41:08.548+0000] {processor.py:178} INFO - Processing /home/airflow/.local/lib/python3.7/site-packages/airflow/example_dags/example_external_task_marker_dag.py took 0.071 seconds
[2026-02-25T04:41:39.085+0000] {processor.py:156} INFO - Started process (PID=172) to work on /home/airflow/.local/lib/python3.7/site-packages/airflow/example_dags/example_external_task_marker_dag.py
[2026-02-25T04:41:39.086+0000] {processor.py:799} INFO - Processing file /home/airflow/.local/lib/python3.7/site-packages/airflow/example_dags/example_external_task_marker_dag.py for tasks to queue
[2026-02-25T04:41:39.086+0000] {logging_mixin.py:149} INFO - [2026-02-25T04:41:39.086+0000] {dagbag.py:541} INFO - Filling up the DagBag from /home/airflow/.local/lib/python3.7/site-packages/airflow/example_dags/example_external_task_marker_dag.py
[2026-02-25T04:41:39.090+0000] {processor.py:809} INFO - DAG(s) dict_keys(['example_external_task_marker_parent', 'example_external_task_marker_child']) retrieved from /home/airflow/.local/lib/python3.7/site-packages/airflow/example_dags/example_external_task_marker_dag.py
[2026-02-25T04:41:39.110+0000] {logging_mixin.py:149} INFO - [2026-02-25T04:41:39.110+0000] {dag.py:2726} INFO - Sync 2 DAGs
[2026-02-25T04:41:39.128+0000] {logging_mixin.py:149} INFO - [2026-02-25T04:41:39.127+0000] {dag.py:3490} INFO - Setting next_dagrun for example_external_task_marker_child to None, run_after=None
[2026-02-25T04:41:39.130+0000] {logging_mixin.py:149} INFO - [2026-02-25T04:41:39.130+0000] {dag.py:3490} INFO - Setting next_dagrun for example_external_task_marker_parent to None, run_after=None
[2026-02-25T04:41:39.141+0000] {processor.py:178} INFO - Processing /home/airflow/.local/lib/python3.7/site-packages/airflow/example_dags/example_external_task_marker_dag.py took 0.058 seconds
[2026-02-25T04:42:09.564+0000] {processor.py:156} INFO - Started process (PID=235) to work on /home/airflow/.local/lib/python3.7/site-packages/airflow/example_dags/example_external_task_marker_dag.py
[2026-02-25T04:42:09.565+0000] {processor.py:799} INFO - Processing file /home/airflow/.local/lib/python3.7/site-packages/airflow/example_dags/example_external_task_marker_dag.py for tasks to queue
[2026-02-25T04:42:09.566+0000] {logging_mixin.py:149} INFO - [2026-02-25T04:42:09.566+0000] {dagbag.py:541} INFO - Filling up the DagBag from /home/airflow/.local/lib/python3.7/site-packages/airflow/example_dags/example_external_task_marker_dag.py
[2026-02-25T04:42:09.570+0000] {processor.py:809} INFO - DAG(s) dict_keys(['example_external_task_marker_child', 'example_external_task_marker_parent']) retrieved from /home/airflow/.local/lib/python3.7/site-packages/airflow/example_dags/example_external_task_marker_dag.py
[2026-02-25T04:42:09.596+0000] {logging_mixin.py:149} INFO - [2026-02-25T04:42:09.596+0000] {dag.py:2726} INFO - Sync 2 DAGs
[2026-02-25T04:42:09.616+0000] {logging_mixin.py:149} INFO - [2026-02-25T04:42:09.616+0000] {dag.py:3490} INFO - Setting next_dagrun for example_external_task_marker_child to None, run_after=None
[2026-02-25T04:42:09.618+0000] {logging_mixin.py:149} INFO - [2026-02-25T04:42:09.618+0000] {dag.py:3490} INFO - Setting next_dagrun for example_external_task_marker_parent to None, run_after=None
[2026-02-25T04:42:09.632+0000] {processor.py:178} INFO - Processing /home/airflow/.local/lib/python3.7/site-packages/airflow/example_dags/example_external_task_marker_dag.py took 0.075 seconds
[2026-02-25T04:42:40.228+0000] {processor.py:156} INFO - Started process (PID=298) to work on /home/airflow/.local/lib/python3.7/site-packages/airflow/example_dags/example_external_task_marker_dag.py
[2026-02-25T04:42:40.231+0000] {processor.py:799} INFO - Processing file /home/airflow/.local/lib/python3.7/site-packages/airflow/example_dags/example_external_task_marker_dag.py for tasks to queue
[2026-02-25T04:42:40.231+0000] {logging_mixin.py:149} INFO - [2026-02-25T04:42:40.231+0000] {dagbag.py:541} INFO - Filling up the DagBag from /home/airflow/.local/lib/python3.7/site-packages/airflow/example_dags/example_external_task_marker_dag.py
[2026-02-25T04:42:40.235+0000] {processor.py:809} INFO - DAG(s) dict_keys(['example_external_task_marker_child', 'example_external_task_marker_parent']) retrieved from /home/airflow/.local/lib/python3.7/site-packages/airflow/example_dags/example_external_task_marker_dag.py
[2026-02-25T04:42:40.254+0000] {logging_mixin.py:149} INFO - [2026-02-25T04:42:40.254+0000] {dag.py:2726} INFO - Sync 2 DAGs
[2026-02-25T04:42:40.274+0000] {logging_mixin.py:149} INFO - [2026-02-25T04:42:40.274+0000] {dag.py:3490} INFO - Setting next_dagrun for example_external_task_marker_child to None, run_after=None
[2026-02-25T04:42:40.276+0000] {logging_mixin.py:149} INFO - [2026-02-25T04:42:40.276+0000] {dag.py:3490} INFO - Setting next_dagrun for example_external_task_marker_parent to None, run_after=None
[2026-02-25T04:42:40.294+0000] {processor.py:178} INFO - Processing /home/airflow/.local/lib/python3.7/site-packages/airflow/example_dags/example_external_task_marker_dag.py took 0.071 seconds
[2026-02-25T04:48:20.307+0000] {processor.py:156} INFO - Started process (PID=45) to work on /home/airflow/.local/lib/python3.7/site-packages/airflow/example_dags/example_external_task_marker_dag.py
[2026-02-25T04:48:20.308+0000] {processor.py:799} INFO - Processing file /home/airflow/.local/lib/python3.7/site-packages/airflow/example_dags/example_external_task_marker_dag.py for tasks to queue
[2026-02-25T04:48:20.309+0000] {logging_mixin.py:149} INFO - [2026-02-25T04:48:20.309+0000] {dagbag.py:541} INFO - Filling up the DagBag from /home/airflow/.local/lib/python3.7/site-packages/airflow/example_dags/example_external_task_marker_dag.py
[2026-02-25T04:48:20.314+0000] {processor.py:809} INFO - DAG(s) dict_keys(['example_external_task_marker_child', 'example_external_task_marker_parent']) retrieved from /home/airflow/.local/lib/python3.7/site-packages/airflow/example_dags/example_external_task_marker_dag.py
[2026-02-25T04:48:20.334+0000] {logging_mixin.py:149} INFO - [2026-02-25T04:48:20.334+0000] {dag.py:2726} INFO - Sync 2 DAGs
[2026-02-25T04:48:20.359+0000] {logging_mixin.py:149} INFO - [2026-02-25T04:48:20.359+0000] {dag.py:3490} INFO - Setting next_dagrun for example_external_task_marker_child to None, run_after=None
[2026-02-25T04:48:20.364+0000] {logging_mixin.py:149} INFO - [2026-02-25T04:48:20.364+0000] {dag.py:3490} INFO - Setting next_dagrun for example_external_task_marker_parent to None, run_after=None
[2026-02-25T04:48:20.382+0000] {processor.py:178} INFO - Processing /home/airflow/.local/lib/python3.7/site-packages/airflow/example_dags/example_external_task_marker_dag.py took 0.077 seconds
[2026-02-25T04:48:50.728+0000] {processor.py:156} INFO - Started process (PID=108) to work on /home/airflow/.local/lib/python3.7/site-packages/airflow/example_dags/example_external_task_marker_dag.py
[2026-02-25T04:48:50.730+0000] {processor.py:799} INFO - Processing file /home/airflow/.local/lib/python3.7/site-packages/airflow/example_dags/example_external_task_marker_dag.py for tasks to queue
[2026-02-25T04:48:50.732+0000] {logging_mixin.py:149} INFO - [2026-02-25T04:48:50.732+0000] {dagbag.py:541} INFO - Filling up the DagBag from /home/airflow/.local/lib/python3.7/site-packages/airflow/example_dags/example_external_task_marker_dag.py
[2026-02-25T04:48:50.738+0000] {processor.py:809} INFO - DAG(s) dict_keys(['example_external_task_marker_child', 'example_external_task_marker_parent']) retrieved from /home/airflow/.local/lib/python3.7/site-packages/airflow/example_dags/example_external_task_marker_dag.py
[2026-02-25T04:48:50.769+0000] {logging_mixin.py:149} INFO - [2026-02-25T04:48:50.769+0000] {dag.py:2726} INFO - Sync 2 DAGs
[2026-02-25T04:48:50.790+0000] {logging_mixin.py:149} INFO - [2026-02-25T04:48:50.790+0000] {dag.py:3490} INFO - Setting next_dagrun for example_external_task_marker_child to None, run_after=None
[2026-02-25T04:48:50.794+0000] {logging_mixin.py:149} INFO - [2026-02-25T04:48:50.794+0000] {dag.py:3490} INFO - Setting next_dagrun for example_external_task_marker_parent to None, run_after=None
[2026-02-25T04:48:50.809+0000] {processor.py:178} INFO - Processing /home/airflow/.local/lib/python3.7/site-packages/airflow/example_dags/example_external_task_marker_dag.py took 0.091 seconds
[2026-02-25T04:49:21.244+0000] {processor.py:156} INFO - Started process (PID=171) to work on /home/airflow/.local/lib/python3.7/site-packages/airflow/example_dags/example_external_task_marker_dag.py
[2026-02-25T04:49:21.246+0000] {processor.py:799} INFO - Processing file /home/airflow/.local/lib/python3.7/site-packages/airflow/example_dags/example_external_task_marker_dag.py for tasks to queue
[2026-02-25T04:49:21.247+0000] {logging_mixin.py:149} INFO - [2026-02-25T04:49:21.247+0000] {dagbag.py:541} INFO - Filling up the DagBag from /home/airflow/.local/lib/python3.7/site-packages/airflow/example_dags/example_external_task_marker_dag.py
[2026-02-25T04:49:21.253+0000] {processor.py:809} INFO - DAG(s) dict_keys(['example_external_task_marker_parent', 'example_external_task_marker_child']) retrieved from /home/airflow/.local/lib/python3.7/site-packages/airflow/example_dags/example_external_task_marker_dag.py
[2026-02-25T04:49:21.281+0000] {logging_mixin.py:149} INFO - [2026-02-25T04:49:21.281+0000] {dag.py:2726} INFO - Sync 2 DAGs
[2026-02-25T04:49:21.303+0000] {logging_mixin.py:149} INFO - [2026-02-25T04:49:21.303+0000] {dag.py:3490} INFO - Setting next_dagrun for example_external_task_marker_child to None, run_after=None
[2026-02-25T04:49:21.306+0000] {logging_mixin.py:149} INFO - [2026-02-25T04:49:21.306+0000] {dag.py:3490} INFO - Setting next_dagrun for example_external_task_marker_parent to None, run_after=None
[2026-02-25T04:49:21.324+0000] {processor.py:178} INFO - Processing /home/airflow/.local/lib/python3.7/site-packages/airflow/example_dags/example_external_task_marker_dag.py took 0.083 seconds
[2026-02-25T04:49:51.870+0000] {processor.py:156} INFO - Started process (PID=234) to work on /home/airflow/.local/lib/python3.7/site-packages/airflow/example_dags/example_external_task_marker_dag.py
[2026-02-25T04:49:51.875+0000] {processor.py:799} INFO - Processing file /home/airflow/.local/lib/python3.7/site-packages/airflow/example_dags/example_external_task_marker_dag.py for tasks to queue
[2026-02-25T04:49:51.875+0000] {logging_mixin.py:149} INFO - [2026-02-25T04:49:51.875+0000] {dagbag.py:541} INFO - Filling up the DagBag from /home/airflow/.local/lib/python3.7/site-packages/airflow/example_dags/example_external_task_marker_dag.py
[2026-02-25T04:49:51.879+0000] {processor.py:809} INFO - DAG(s) dict_keys(['example_external_task_marker_parent', 'example_external_task_marker_child']) retrieved from /home/airflow/.local/lib/python3.7/site-packages/airflow/example_dags/example_external_task_marker_dag.py
[2026-02-25T04:49:51.907+0000] {logging_mixin.py:149} INFO - [2026-02-25T04:49:51.907+0000] {dag.py:2726} INFO - Sync 2 DAGs
[2026-02-25T04:49:51.928+0000] {logging_mixin.py:149} INFO - [2026-02-25T04:49:51.928+0000] {dag.py:3490} INFO - Setting next_dagrun for example_external_task_marker_child to None, run_after=None
[2026-02-25T04:49:51.932+0000] {logging_mixin.py:149} INFO - [2026-02-25T04:49:51.932+0000] {dag.py:3490} INFO - Setting next_dagrun for example_external_task_marker_parent to None, run_after=None
[2026-02-25T04:49:51.952+0000] {processor.py:178} INFO - Processing /home/airflow/.local/lib/python3.7/site-packages/airflow/example_dags/example_external_task_marker_dag.py took 0.084 seconds
[2026-02-25T04:50:22.297+0000] {processor.py:156} INFO - Started process (PID=297) to work on /home/airflow/.local/lib/python3.7/site-packages/airflow/example_dags/example_external_task_marker_dag.py
[2026-02-25T04:50:22.298+0000] {processor.py:799} INFO - Processing file /home/airflow/.local/lib/python3.7/site-packages/airflow/example_dags/example_external_task_marker_dag.py for tasks to queue
[2026-02-25T04:50:22.299+0000] {logging_mixin.py:149} INFO - [2026-02-25T04:50:22.299+0000] {dagbag.py:541} INFO - Filling up the DagBag from /home/airflow/.local/lib/python3.7/site-packages/airflow/example_dags/example_external_task_marker_dag.py
[2026-02-25T04:50:22.304+0000] {processor.py:809} INFO - DAG(s) dict_keys(['example_external_task_marker_child', 'example_external_task_marker_parent']) retrieved from /home/airflow/.local/lib/python3.7/site-packages/airflow/example_dags/example_external_task_marker_dag.py
[2026-02-25T04:50:22.337+0000] {logging_mixin.py:149} INFO - [2026-02-25T04:50:22.337+0000] {dag.py:2726} INFO - Sync 2 DAGs
[2026-02-25T04:50:22.357+0000] {logging_mixin.py:149} INFO - [2026-02-25T04:50:22.357+0000] {dag.py:3490} INFO - Setting next_dagrun for example_external_task_marker_child to None, run_after=None
[2026-02-25T04:50:22.360+0000] {logging_mixin.py:149} INFO - [2026-02-25T04:50:22.360+0000] {dag.py:3490} INFO - Setting next_dagrun for example_external_task_marker_parent to None, run_after=None
[2026-02-25T04:50:22.377+0000] {processor.py:178} INFO - Processing /home/airflow/.local/lib/python3.7/site-packages/airflow/example_dags/example_external_task_marker_dag.py took 0.082 seconds
[2026-02-25T04:50:52.555+0000] {processor.py:156} INFO - Started process (PID=360) to work on /home/airflow/.local/lib/python3.7/site-packages/airflow/example_dags/example_external_task_marker_dag.py
[2026-02-25T04:50:52.558+0000] {processor.py:799} INFO - Processing file /home/airflow/.local/lib/python3.7/site-packages/airflow/example_dags/example_external_task_marker_dag.py for tasks to queue
[2026-02-25T04:50:52.558+0000] {logging_mixin.py:149} INFO - [2026-02-25T04:50:52.558+0000] {dagbag.py:541} INFO - Filling up the DagBag from /home/airflow/.local/lib/python3.7/site-packages/airflow/example_dags/example_external_task_marker_dag.py
[2026-02-25T04:50:52.562+0000] {processor.py:809} INFO - DAG(s) dict_keys(['example_external_task_marker_parent', 'example_external_task_marker_child']) retrieved from /home/airflow/.local/lib/python3.7/site-packages/airflow/example_dags/example_external_task_marker_dag.py
[2026-02-25T04:50:52.580+0000] {logging_mixin.py:149} INFO - [2026-02-25T04:50:52.580+0000] {dag.py:2726} INFO - Sync 2 DAGs
[2026-02-25T04:50:52.599+0000] {logging_mixin.py:149} INFO - [2026-02-25T04:50:52.599+0000] {dag.py:3490} INFO - Setting next_dagrun for example_external_task_marker_child to None, run_after=None
[2026-02-25T04:50:52.601+0000] {logging_mixin.py:149} INFO - [2026-02-25T04:50:52.601+0000] {dag.py:3490} INFO - Setting next_dagrun for example_external_task_marker_parent to None, run_after=None
[2026-02-25T04:50:52.619+0000] {processor.py:178} INFO - Processing /home/airflow/.local/lib/python3.7/site-packages/airflow/example_dags/example_external_task_marker_dag.py took 0.067 seconds
[2026-02-25T04:51:22.897+0000] {processor.py:156} INFO - Started process (PID=423) to work on /home/airflow/.local/lib/python3.7/site-packages/airflow/example_dags/example_external_task_marker_dag.py
[2026-02-25T04:51:22.899+0000] {processor.py:799} INFO - Processing file /home/airflow/.local/lib/python3.7/site-packages/airflow/example_dags/example_external_task_marker_dag.py for tasks to queue
[2026-02-25T04:51:22.899+0000] {logging_mixin.py:149} INFO - [2026-02-25T04:51:22.899+0000] {dagbag.py:541} INFO - Filling up the DagBag from /home/airflow/.local/lib/python3.7/site-packages/airflow/example_dags/example_external_task_marker_dag.py
[2026-02-25T04:51:22.905+0000] {processor.py:809} INFO - DAG(s) dict_keys(['example_external_task_marker_child', 'example_external_task_marker_parent']) retrieved from /home/airflow/.local/lib/python3.7/site-packages/airflow/example_dags/example_external_task_marker_dag.py
[2026-02-25T04:51:22.934+0000] {logging_mixin.py:149} INFO - [2026-02-25T04:51:22.933+0000] {dag.py:2726} INFO - Sync 2 DAGs
[2026-02-25T04:51:22.953+0000] {logging_mixin.py:149} INFO - [2026-02-25T04:51:22.953+0000] {dag.py:3490} INFO - Setting next_dagrun for example_external_task_marker_child to None, run_after=None
[2026-02-25T04:51:22.956+0000] {logging_mixin.py:149} INFO - [2026-02-25T04:51:22.956+0000] {dag.py:3490} INFO - Setting next_dagrun for example_external_task_marker_parent to None, run_after=None
[2026-02-25T04:51:22.967+0000] {processor.py:178} INFO - Processing /home/airflow/.local/lib/python3.7/site-packages/airflow/example_dags/example_external_task_marker_dag.py took 0.071 seconds
[2026-02-25T04:51:53.036+0000] {processor.py:156} INFO - Started process (PID=486) to work on /home/airflow/.local/lib/python3.7/site-packages/airflow/example_dags/example_external_task_marker_dag.py
[2026-02-25T04:51:53.038+0000] {processor.py:799} INFO - Processing file /home/airflow/.local/lib/python3.7/site-packages/airflow/example_dags/example_external_task_marker_dag.py for tasks to queue
[2026-02-25T04:51:53.039+0000] {logging_mixin.py:149} INFO - [2026-02-25T04:51:53.038+0000] {dagbag.py:541} INFO - Filling up the DagBag from /home/airflow/.local/lib/python3.7/site-packages/airflow/example_dags/example_external_task_marker_dag.py
[2026-02-25T04:51:53.043+0000] {processor.py:809} INFO - DAG(s) dict_keys(['example_external_task_marker_child', 'example_external_task_marker_parent']) retrieved from /home/airflow/.local/lib/python3.7/site-packages/airflow/example_dags/example_external_task_marker_dag.py
[2026-02-25T04:51:53.065+0000] {logging_mixin.py:149} INFO - [2026-02-25T04:51:53.065+0000] {dag.py:2726} INFO - Sync 2 DAGs
[2026-02-25T04:51:53.087+0000] {logging_mixin.py:149} INFO - [2026-02-25T04:51:53.087+0000] {dag.py:3490} INFO - Setting next_dagrun for example_external_task_marker_child to None, run_after=None
[2026-02-25T04:51:53.091+0000] {logging_mixin.py:149} INFO - [2026-02-25T04:51:53.091+0000] {dag.py:3490} INFO - Setting next_dagrun for example_external_task_marker_parent to None, run_after=None
[2026-02-25T04:51:53.102+0000] {processor.py:178} INFO - Processing /home/airflow/.local/lib/python3.7/site-packages/airflow/example_dags/example_external_task_marker_dag.py took 0.068 seconds
[2026-02-25T04:52:23.526+0000] {processor.py:156} INFO - Started process (PID=549) to work on /home/airflow/.local/lib/python3.7/site-packages/airflow/example_dags/example_external_task_marker_dag.py
[2026-02-25T04:52:23.527+0000] {processor.py:799} INFO - Processing file /home/airflow/.local/lib/python3.7/site-packages/airflow/example_dags/example_external_task_marker_dag.py for tasks to queue
[2026-02-25T04:52:23.528+0000] {logging_mixin.py:149} INFO - [2026-02-25T04:52:23.527+0000] {dagbag.py:541} INFO - Filling up the DagBag from /home/airflow/.local/lib/python3.7/site-packages/airflow/example_dags/example_external_task_marker_dag.py
[2026-02-25T04:52:23.535+0000] {processor.py:809} INFO - DAG(s) dict_keys(['example_external_task_marker_child', 'example_external_task_marker_parent']) retrieved from /home/airflow/.local/lib/python3.7/site-packages/airflow/example_dags/example_external_task_marker_dag.py
[2026-02-25T04:52:23.565+0000] {logging_mixin.py:149} INFO - [2026-02-25T04:52:23.565+0000] {dag.py:2726} INFO - Sync 2 DAGs
[2026-02-25T04:52:23.588+0000] {logging_mixin.py:149} INFO - [2026-02-25T04:52:23.588+0000] {dag.py:3490} INFO - Setting next_dagrun for example_external_task_marker_child to None, run_after=None
[2026-02-25T04:52:23.590+0000] {logging_mixin.py:149} INFO - [2026-02-25T04:52:23.590+0000] {dag.py:3490} INFO - Setting next_dagrun for example_external_task_marker_parent to None, run_after=None
[2026-02-25T04:52:23.604+0000] {processor.py:178} INFO - Processing /home/airflow/.local/lib/python3.7/site-packages/airflow/example_dags/example_external_task_marker_dag.py took 0.081 seconds
[2026-02-25T04:52:53.989+0000] {processor.py:156} INFO - Started process (PID=612) to work on /home/airflow/.local/lib/python3.7/site-packages/airflow/example_dags/example_external_task_marker_dag.py
[2026-02-25T04:52:53.991+0000] {processor.py:799} INFO - Processing file /home/airflow/.local/lib/python3.7/site-packages/airflow/example_dags/example_external_task_marker_dag.py for tasks to queue
[2026-02-25T04:52:53.993+0000] {logging_mixin.py:149} INFO - [2026-02-25T04:52:53.993+0000] {dagbag.py:541} INFO - Filling up the DagBag from /home/airflow/.local/lib/python3.7/site-packages/airflow/example_dags/example_external_task_marker_dag.py
[2026-02-25T04:52:53.999+0000] {processor.py:809} INFO - DAG(s) dict_keys(['example_external_task_marker_parent', 'example_external_task_marker_child']) retrieved from /home/airflow/.local/lib/python3.7/site-packages/airflow/example_dags/example_external_task_marker_dag.py
[2026-02-25T04:52:54.022+0000] {logging_mixin.py:149} INFO - [2026-02-25T04:52:54.022+0000] {dag.py:2726} INFO - Sync 2 DAGs
[2026-02-25T04:52:54.042+0000] {logging_mixin.py:149} INFO - [2026-02-25T04:52:54.042+0000] {dag.py:3490} INFO - Setting next_dagrun for example_external_task_marker_child to None, run_after=None
[2026-02-25T04:52:54.046+0000] {logging_mixin.py:149} INFO - [2026-02-25T04:52:54.046+0000] {dag.py:3490} INFO - Setting next_dagrun for example_external_task_marker_parent to None, run_after=None
[2026-02-25T04:52:54.060+0000] {processor.py:178} INFO - Processing /home/airflow/.local/lib/python3.7/site-packages/airflow/example_dags/example_external_task_marker_dag.py took 0.074 seconds
[2026-02-25T04:53:24.557+0000] {processor.py:156} INFO - Started process (PID=682) to work on /home/airflow/.local/lib/python3.7/site-packages/airflow/example_dags/example_external_task_marker_dag.py
[2026-02-25T04:53:24.559+0000] {processor.py:799} INFO - Processing file /home/airflow/.local/lib/python3.7/site-packages/airflow/example_dags/example_external_task_marker_dag.py for tasks to queue
[2026-02-25T04:53:24.561+0000] {logging_mixin.py:149} INFO - [2026-02-25T04:53:24.561+0000] {dagbag.py:541} INFO - Filling up the DagBag from /home/airflow/.local/lib/python3.7/site-packages/airflow/example_dags/example_external_task_marker_dag.py
[2026-02-25T04:53:24.565+0000] {processor.py:809} INFO - DAG(s) dict_keys(['example_external_task_marker_child', 'example_external_task_marker_parent']) retrieved from /home/airflow/.local/lib/python3.7/site-packages/airflow/example_dags/example_external_task_marker_dag.py
[2026-02-25T04:53:24.584+0000] {logging_mixin.py:149} INFO - [2026-02-25T04:53:24.584+0000] {dag.py:2726} INFO - Sync 2 DAGs
[2026-02-25T04:53:24.605+0000] {logging_mixin.py:149} INFO - [2026-02-25T04:53:24.605+0000] {dag.py:3490} INFO - Setting next_dagrun for example_external_task_marker_child to None, run_after=None
[2026-02-25T04:53:24.608+0000] {logging_mixin.py:149} INFO - [2026-02-25T04:53:24.608+0000] {dag.py:3490} INFO - Setting next_dagrun for example_external_task_marker_parent to None, run_after=None
[2026-02-25T04:53:24.619+0000] {processor.py:178} INFO - Processing /home/airflow/.local/lib/python3.7/site-packages/airflow/example_dags/example_external_task_marker_dag.py took 0.066 seconds
[2026-02-25T04:53:55.146+0000] {processor.py:156} INFO - Started process (PID=745) to work on /home/airflow/.local/lib/python3.7/site-packages/airflow/example_dags/example_external_task_marker_dag.py
[2026-02-25T04:53:55.146+0000] {processor.py:799} INFO - Processing file /home/airflow/.local/lib/python3.7/site-packages/airflow/example_dags/example_external_task_marker_dag.py for tasks to queue
[2026-02-25T04:53:55.147+0000] {logging_mixin.py:149} INFO - [2026-02-25T04:53:55.147+0000] {dagbag.py:541} INFO - Filling up the DagBag from /home/airflow/.local/lib/python3.7/site-packages/airflow/example_dags/example_external_task_marker_dag.py
[2026-02-25T04:53:55.151+0000] {processor.py:809} INFO - DAG(s) dict_keys(['example_external_task_marker_parent', 'example_external_task_marker_child']) retrieved from /home/airflow/.local/lib/python3.7/site-packages/airflow/example_dags/example_external_task_marker_dag.py
[2026-02-25T04:53:55.174+0000] {logging_mixin.py:149} INFO - [2026-02-25T04:53:55.174+0000] {dag.py:2726} INFO - Sync 2 DAGs
[2026-02-25T04:53:55.193+0000] {logging_mixin.py:149} INFO - [2026-02-25T04:53:55.193+0000] {dag.py:3490} INFO - Setting next_dagrun for example_external_task_marker_child to None, run_after=None
[2026-02-25T04:53:55.197+0000] {logging_mixin.py:149} INFO - [2026-02-25T04:53:55.197+0000] {dag.py:3490} INFO - Setting next_dagrun for example_external_task_marker_parent to None, run_after=None
[2026-02-25T04:53:55.210+0000] {processor.py:178} INFO - Processing /home/airflow/.local/lib/python3.7/site-packages/airflow/example_dags/example_external_task_marker_dag.py took 0.066 seconds
[2026-02-25T04:54:25.577+0000] {processor.py:156} INFO - Started process (PID=808) to work on /home/airflow/.local/lib/python3.7/site-packages/airflow/example_dags/example_external_task_marker_dag.py
[2026-02-25T04:54:25.579+0000] {processor.py:799} INFO - Processing file /home/airflow/.local/lib/python3.7/site-packages/airflow/example_dags/example_external_task_marker_dag.py for tasks to queue
[2026-02-25T04:54:25.581+0000] {logging_mixin.py:149} INFO - [2026-02-25T04:54:25.581+0000] {dagbag.py:541} INFO - Filling up the DagBag from /home/airflow/.local/lib/python3.7/site-packages/airflow/example_dags/example_external_task_marker_dag.py
[2026-02-25T04:54:25.588+0000] {processor.py:809} INFO - DAG(s) dict_keys(['example_external_task_marker_child', 'example_external_task_marker_parent']) retrieved from /home/airflow/.local/lib/python3.7/site-packages/airflow/example_dags/example_external_task_marker_dag.py
[2026-02-25T04:54:25.612+0000] {logging_mixin.py:149} INFO - [2026-02-25T04:54:25.611+0000] {dag.py:2726} INFO - Sync 2 DAGs
[2026-02-25T04:54:25.630+0000] {logging_mixin.py:149} INFO - [2026-02-25T04:54:25.630+0000] {dag.py:3490} INFO - Setting next_dagrun for example_external_task_marker_child to None, run_after=None
[2026-02-25T04:54:25.633+0000] {logging_mixin.py:149} INFO - [2026-02-25T04:54:25.633+0000] {dag.py:3490} INFO - Setting next_dagrun for example_external_task_marker_parent to None, run_after=None
[2026-02-25T04:54:25.651+0000] {processor.py:178} INFO - Processing /home/airflow/.local/lib/python3.7/site-packages/airflow/example_dags/example_external_task_marker_dag.py took 0.077 seconds
[2026-02-25T04:54:55.890+0000] {processor.py:156} INFO - Started process (PID=871) to work on /home/airflow/.local/lib/python3.7/site-packages/airflow/example_dags/example_external_task_marker_dag.py
[2026-02-25T04:54:55.892+0000] {processor.py:799} INFO - Processing file /home/airflow/.local/lib/python3.7/site-packages/airflow/example_dags/example_external_task_marker_dag.py for tasks to queue
[2026-02-25T04:54:55.893+0000] {logging_mixin.py:149} INFO - [2026-02-25T04:54:55.893+0000] {dagbag.py:541} INFO - Filling up the DagBag from /home/airflow/.local/lib/python3.7/site-packages/airflow/example_dags/example_external_task_marker_dag.py
[2026-02-25T04:54:55.897+0000] {processor.py:809} INFO - DAG(s) dict_keys(['example_external_task_marker_parent', 'example_external_task_marker_child']) retrieved from /home/airflow/.local/lib/python3.7/site-packages/airflow/example_dags/example_external_task_marker_dag.py
[2026-02-25T04:54:55.923+0000] {logging_mixin.py:149} INFO - [2026-02-25T04:54:55.923+0000] {dag.py:2726} INFO - Sync 2 DAGs
[2026-02-25T04:54:55.945+0000] {logging_mixin.py:149} INFO - [2026-02-25T04:54:55.944+0000] {dag.py:3490} INFO - Setting next_dagrun for example_external_task_marker_child to None, run_after=None
[2026-02-25T04:54:55.947+0000] {logging_mixin.py:149} INFO - [2026-02-25T04:54:55.947+0000] {dag.py:3490} INFO - Setting next_dagrun for example_external_task_marker_parent to None, run_after=None
[2026-02-25T04:54:55.960+0000] {processor.py:178} INFO - Processing /home/airflow/.local/lib/python3.7/site-packages/airflow/example_dags/example_external_task_marker_dag.py took 0.074 seconds
[2026-02-25T04:55:26.225+0000] {processor.py:156} INFO - Started process (PID=934) to work on /home/airflow/.local/lib/python3.7/site-packages/airflow/example_dags/example_external_task_marker_dag.py
[2026-02-25T04:55:26.227+0000] {processor.py:799} INFO - Processing file /home/airflow/.local/lib/python3.7/site-packages/airflow/example_dags/example_external_task_marker_dag.py for tasks to queue
[2026-02-25T04:55:26.230+0000] {logging_mixin.py:149} INFO - [2026-02-25T04:55:26.229+0000] {dagbag.py:541} INFO - Filling up the DagBag from /home/airflow/.local/lib/python3.7/site-packages/airflow/example_dags/example_external_task_marker_dag.py
[2026-02-25T04:55:26.234+0000] {processor.py:809} INFO - DAG(s) dict_keys(['example_external_task_marker_parent', 'example_external_task_marker_child']) retrieved from /home/airflow/.local/lib/python3.7/site-packages/airflow/example_dags/example_external_task_marker_dag.py
[2026-02-25T04:55:26.256+0000] {logging_mixin.py:149} INFO - [2026-02-25T04:55:26.256+0000] {dag.py:2726} INFO - Sync 2 DAGs
[2026-02-25T04:55:26.280+0000] {logging_mixin.py:149} INFO - [2026-02-25T04:55:26.279+0000] {dag.py:3490} INFO - Setting next_dagrun for example_external_task_marker_child to None, run_after=None
[2026-02-25T04:55:26.282+0000] {logging_mixin.py:149} INFO - [2026-02-25T04:55:26.282+0000] {dag.py:3490} INFO - Setting next_dagrun for example_external_task_marker_parent to None, run_after=None
[2026-02-25T04:55:26.295+0000] {processor.py:178} INFO - Processing /home/airflow/.local/lib/python3.7/site-packages/airflow/example_dags/example_external_task_marker_dag.py took 0.076 seconds
[2026-02-25T04:55:56.770+0000] {processor.py:156} INFO - Started process (PID=997) to work on /home/airflow/.local/lib/python3.7/site-packages/airflow/example_dags/example_external_task_marker_dag.py
[2026-02-25T04:55:56.772+0000] {processor.py:799} INFO - Processing file /home/airflow/.local/lib/python3.7/site-packages/airflow/example_dags/example_external_task_marker_dag.py for tasks to queue
[2026-02-25T04:55:56.773+0000] {logging_mixin.py:149} INFO - [2026-02-25T04:55:56.773+0000] {dagbag.py:541} INFO - Filling up the DagBag from /home/airflow/.local/lib/python3.7/site-packages/airflow/example_dags/example_external_task_marker_dag.py
[2026-02-25T04:55:56.776+0000] {processor.py:809} INFO - DAG(s) dict_keys(['example_external_task_marker_child', 'example_external_task_marker_parent']) retrieved from /home/airflow/.local/lib/python3.7/site-packages/airflow/example_dags/example_external_task_marker_dag.py
[2026-02-25T04:55:56.801+0000] {logging_mixin.py:149} INFO - [2026-02-25T04:55:56.801+0000] {dag.py:2726} INFO - Sync 2 DAGs
[2026-02-25T04:55:56.823+0000] {logging_mixin.py:149} INFO - [2026-02-25T04:55:56.823+0000] {dag.py:3490} INFO - Setting next_dagrun for example_external_task_marker_child to None, run_after=None
[2026-02-25T04:55:56.826+0000] {logging_mixin.py:149} INFO - [2026-02-25T04:55:56.826+0000] {dag.py:3490} INFO - Setting next_dagrun for example_external_task_marker_parent to None, run_after=None
[2026-02-25T04:55:56.841+0000] {processor.py:178} INFO - Processing /home/airflow/.local/lib/python3.7/site-packages/airflow/example_dags/example_external_task_marker_dag.py took 0.075 seconds
[2026-02-25T04:56:27.205+0000] {processor.py:156} INFO - Started process (PID=1060) to work on /home/airflow/.local/lib/python3.7/site-packages/airflow/example_dags/example_external_task_marker_dag.py
[2026-02-25T04:56:27.206+0000] {processor.py:799} INFO - Processing file /home/airflow/.local/lib/python3.7/site-packages/airflow/example_dags/example_external_task_marker_dag.py for tasks to queue
[2026-02-25T04:56:27.206+0000] {logging_mixin.py:149} INFO - [2026-02-25T04:56:27.206+0000] {dagbag.py:541} INFO - Filling up the DagBag from /home/airflow/.local/lib/python3.7/site-packages/airflow/example_dags/example_external_task_marker_dag.py
[2026-02-25T04:56:27.211+0000] {processor.py:809} INFO - DAG(s) dict_keys(['example_external_task_marker_parent', 'example_external_task_marker_child']) retrieved from /home/airflow/.local/lib/python3.7/site-packages/airflow/example_dags/example_external_task_marker_dag.py
[2026-02-25T04:56:27.233+0000] {logging_mixin.py:149} INFO - [2026-02-25T04:56:27.232+0000] {dag.py:2726} INFO - Sync 2 DAGs
[2026-02-25T04:56:27.253+0000] {logging_mixin.py:149} INFO - [2026-02-25T04:56:27.252+0000] {dag.py:3490} INFO - Setting next_dagrun for example_external_task_marker_child to None, run_after=None
[2026-02-25T04:56:27.255+0000] {logging_mixin.py:149} INFO - [2026-02-25T04:56:27.255+0000] {dag.py:3490} INFO - Setting next_dagrun for example_external_task_marker_parent to None, run_after=None
[2026-02-25T04:56:27.274+0000] {processor.py:178} INFO - Processing /home/airflow/.local/lib/python3.7/site-packages/airflow/example_dags/example_external_task_marker_dag.py took 0.071 seconds
[2026-02-25T04:56:57.751+0000] {processor.py:156} INFO - Started process (PID=1123) to work on /home/airflow/.local/lib/python3.7/site-packages/airflow/example_dags/example_external_task_marker_dag.py
[2026-02-25T04:56:57.752+0000] {processor.py:799} INFO - Processing file /home/airflow/.local/lib/python3.7/site-packages/airflow/example_dags/example_external_task_marker_dag.py for tasks to queue
[2026-02-25T04:56:57.753+0000] {logging_mixin.py:149} INFO - [2026-02-25T04:56:57.752+0000] {dagbag.py:541} INFO - Filling up the DagBag from /home/airflow/.local/lib/python3.7/site-packages/airflow/example_dags/example_external_task_marker_dag.py
[2026-02-25T04:56:57.758+0000] {processor.py:809} INFO - DAG(s) dict_keys(['example_external_task_marker_parent', 'example_external_task_marker_child']) retrieved from /home/airflow/.local/lib/python3.7/site-packages/airflow/example_dags/example_external_task_marker_dag.py
[2026-02-25T04:56:57.790+0000] {logging_mixin.py:149} INFO - [2026-02-25T04:56:57.790+0000] {dag.py:2726} INFO - Sync 2 DAGs
[2026-02-25T04:56:57.810+0000] {logging_mixin.py:149} INFO - [2026-02-25T04:56:57.810+0000] {dag.py:3490} INFO - Setting next_dagrun for example_external_task_marker_child to None, run_after=None
[2026-02-25T04:56:57.813+0000] {logging_mixin.py:149} INFO - [2026-02-25T04:56:57.813+0000] {dag.py:3490} INFO - Setting next_dagrun for example_external_task_marker_parent to None, run_after=None
[2026-02-25T04:56:57.833+0000] {processor.py:178} INFO - Processing /home/airflow/.local/lib/python3.7/site-packages/airflow/example_dags/example_external_task_marker_dag.py took 0.084 seconds
[2026-02-25T04:57:28.263+0000] {processor.py:156} INFO - Started process (PID=1186) to work on /home/airflow/.local/lib/python3.7/site-packages/airflow/example_dags/example_external_task_marker_dag.py
[2026-02-25T04:57:28.264+0000] {processor.py:799} INFO - Processing file /home/airflow/.local/lib/python3.7/site-packages/airflow/example_dags/example_external_task_marker_dag.py for tasks to queue
[2026-02-25T04:57:28.265+0000] {logging_mixin.py:149} INFO - [2026-02-25T04:57:28.265+0000] {dagbag.py:541} INFO - Filling up the DagBag from /home/airflow/.local/lib/python3.7/site-packages/airflow/example_dags/example_external_task_marker_dag.py
[2026-02-25T04:57:28.268+0000] {processor.py:809} INFO - DAG(s) dict_keys(['example_external_task_marker_parent', 'example_external_task_marker_child']) retrieved from /home/airflow/.local/lib/python3.7/site-packages/airflow/example_dags/example_external_task_marker_dag.py
[2026-02-25T04:57:28.293+0000] {logging_mixin.py:149} INFO - [2026-02-25T04:57:28.293+0000] {dag.py:2726} INFO - Sync 2 DAGs
[2026-02-25T04:57:28.312+0000] {logging_mixin.py:149} INFO - [2026-02-25T04:57:28.312+0000] {dag.py:3490} INFO - Setting next_dagrun for example_external_task_marker_child to None, run_after=None
[2026-02-25T04:57:28.315+0000] {logging_mixin.py:149} INFO - [2026-02-25T04:57:28.315+0000] {dag.py:3490} INFO - Setting next_dagrun for example_external_task_marker_parent to None, run_after=None
[2026-02-25T04:57:28.326+0000] {processor.py:178} INFO - Processing /home/airflow/.local/lib/python3.7/site-packages/airflow/example_dags/example_external_task_marker_dag.py took 0.067 seconds
[2026-02-25T04:57:58.594+0000] {processor.py:156} INFO - Started process (PID=1249) to work on /home/airflow/.local/lib/python3.7/site-packages/airflow/example_dags/example_external_task_marker_dag.py
[2026-02-25T04:57:58.595+0000] {processor.py:799} INFO - Processing file /home/airflow/.local/lib/python3.7/site-packages/airflow/example_dags/example_external_task_marker_dag.py for tasks to queue
[2026-02-25T04:57:58.596+0000] {logging_mixin.py:149} INFO - [2026-02-25T04:57:58.596+0000] {dagbag.py:541} INFO - Filling up the DagBag from /home/airflow/.local/lib/python3.7/site-packages/airflow/example_dags/example_external_task_marker_dag.py
[2026-02-25T04:57:58.602+0000] {processor.py:809} INFO - DAG(s) dict_keys(['example_external_task_marker_child', 'example_external_task_marker_parent']) retrieved from /home/airflow/.local/lib/python3.7/site-packages/airflow/example_dags/example_external_task_marker_dag.py
[2026-02-25T04:57:58.626+0000] {logging_mixin.py:149} INFO - [2026-02-25T04:57:58.626+0000] {dag.py:2726} INFO - Sync 2 DAGs
[2026-02-25T04:57:58.643+0000] {logging_mixin.py:149} INFO - [2026-02-25T04:57:58.643+0000] {dag.py:3490} INFO - Setting next_dagrun for example_external_task_marker_child to None, run_after=None
[2026-02-25T04:57:58.645+0000] {logging_mixin.py:149} INFO - [2026-02-25T04:57:58.645+0000] {dag.py:3490} INFO - Setting next_dagrun for example_external_task_marker_parent to None, run_after=None
[2026-02-25T04:57:58.657+0000] {processor.py:178} INFO - Processing /home/airflow/.local/lib/python3.7/site-packages/airflow/example_dags/example_external_task_marker_dag.py took 0.066 seconds
[2026-02-25T04:58:29.131+0000] {processor.py:156} INFO - Started process (PID=1312) to work on /home/airflow/.local/lib/python3.7/site-packages/airflow/example_dags/example_external_task_marker_dag.py
[2026-02-25T04:58:29.132+0000] {processor.py:799} INFO - Processing file /home/airflow/.local/lib/python3.7/site-packages/airflow/example_dags/example_external_task_marker_dag.py for tasks to queue
[2026-02-25T04:58:29.133+0000] {logging_mixin.py:149} INFO - [2026-02-25T04:58:29.133+0000] {dagbag.py:541} INFO - Filling up the DagBag from /home/airflow/.local/lib/python3.7/site-packages/airflow/example_dags/example_external_task_marker_dag.py
[2026-02-25T04:58:29.141+0000] {processor.py:809} INFO - DAG(s) dict_keys(['example_external_task_marker_parent', 'example_external_task_marker_child']) retrieved from /home/airflow/.local/lib/python3.7/site-packages/airflow/example_dags/example_external_task_marker_dag.py
[2026-02-25T04:58:29.170+0000] {logging_mixin.py:149} INFO - [2026-02-25T04:58:29.170+0000] {dag.py:2726} INFO - Sync 2 DAGs
[2026-02-25T04:58:29.192+0000] {logging_mixin.py:149} INFO - [2026-02-25T04:58:29.192+0000] {dag.py:3490} INFO - Setting next_dagrun for example_external_task_marker_child to None, run_after=None
[2026-02-25T04:58:29.195+0000] {logging_mixin.py:149} INFO - [2026-02-25T04:58:29.195+0000] {dag.py:3490} INFO - Setting next_dagrun for example_external_task_marker_parent to None, run_after=None
[2026-02-25T04:58:29.215+0000] {processor.py:178} INFO - Processing /home/airflow/.local/lib/python3.7/site-packages/airflow/example_dags/example_external_task_marker_dag.py took 0.098 seconds
[2026-02-25T04:58:59.784+0000] {processor.py:156} INFO - Started process (PID=1374) to work on /home/airflow/.local/lib/python3.7/site-packages/airflow/example_dags/example_external_task_marker_dag.py
[2026-02-25T04:58:59.787+0000] {processor.py:799} INFO - Processing file /home/airflow/.local/lib/python3.7/site-packages/airflow/example_dags/example_external_task_marker_dag.py for tasks to queue
[2026-02-25T04:58:59.788+0000] {logging_mixin.py:149} INFO - [2026-02-25T04:58:59.788+0000] {dagbag.py:541} INFO - Filling up the DagBag from /home/airflow/.local/lib/python3.7/site-packages/airflow/example_dags/example_external_task_marker_dag.py
[2026-02-25T04:58:59.792+0000] {processor.py:809} INFO - DAG(s) dict_keys(['example_external_task_marker_child', 'example_external_task_marker_parent']) retrieved from /home/airflow/.local/lib/python3.7/site-packages/airflow/example_dags/example_external_task_marker_dag.py
[2026-02-25T04:58:59.818+0000] {logging_mixin.py:149} INFO - [2026-02-25T04:58:59.818+0000] {dag.py:2726} INFO - Sync 2 DAGs
[2026-02-25T04:58:59.842+0000] {logging_mixin.py:149} INFO - [2026-02-25T04:58:59.841+0000] {dag.py:3490} INFO - Setting next_dagrun for example_external_task_marker_child to None, run_after=None
[2026-02-25T04:58:59.845+0000] {logging_mixin.py:149} INFO - [2026-02-25T04:58:59.844+0000] {dag.py:3490} INFO - Setting next_dagrun for example_external_task_marker_parent to None, run_after=None
[2026-02-25T04:58:59.883+0000] {processor.py:178} INFO - Processing /home/airflow/.local/lib/python3.7/site-packages/airflow/example_dags/example_external_task_marker_dag.py took 0.105 seconds
[2026-02-25T04:59:30.368+0000] {processor.py:156} INFO - Started process (PID=1437) to work on /home/airflow/.local/lib/python3.7/site-packages/airflow/example_dags/example_external_task_marker_dag.py
[2026-02-25T04:59:30.369+0000] {processor.py:799} INFO - Processing file /home/airflow/.local/lib/python3.7/site-packages/airflow/example_dags/example_external_task_marker_dag.py for tasks to queue
[2026-02-25T04:59:30.370+0000] {logging_mixin.py:149} INFO - [2026-02-25T04:59:30.370+0000] {dagbag.py:541} INFO - Filling up the DagBag from /home/airflow/.local/lib/python3.7/site-packages/airflow/example_dags/example_external_task_marker_dag.py
[2026-02-25T04:59:30.376+0000] {processor.py:809} INFO - DAG(s) dict_keys(['example_external_task_marker_child', 'example_external_task_marker_parent']) retrieved from /home/airflow/.local/lib/python3.7/site-packages/airflow/example_dags/example_external_task_marker_dag.py
[2026-02-25T04:59:30.402+0000] {logging_mixin.py:149} INFO - [2026-02-25T04:59:30.401+0000] {dag.py:2726} INFO - Sync 2 DAGs
[2026-02-25T04:59:30.421+0000] {logging_mixin.py:149} INFO - [2026-02-25T04:59:30.420+0000] {dag.py:3490} INFO - Setting next_dagrun for example_external_task_marker_child to None, run_after=None
[2026-02-25T04:59:30.423+0000] {logging_mixin.py:149} INFO - [2026-02-25T04:59:30.423+0000] {dag.py:3490} INFO - Setting next_dagrun for example_external_task_marker_parent to None, run_after=None
[2026-02-25T04:59:30.435+0000] {processor.py:178} INFO - Processing /home/airflow/.local/lib/python3.7/site-packages/airflow/example_dags/example_external_task_marker_dag.py took 0.069 seconds
