[2026-02-25T04:40:39.169+0000] {processor.py:156} INFO - Started process (PID=59) to work on /home/airflow/.local/lib/python3.7/site-packages/airflow/example_dags/example_branch_datetime_operator.py
[2026-02-25T04:40:39.170+0000] {processor.py:799} INFO - Processing file /home/airflow/.local/lib/python3.7/site-packages/airflow/example_dags/example_branch_datetime_operator.py for tasks to queue
[2026-02-25T04:40:39.170+0000] {logging_mixin.py:149} INFO - [2026-02-25T04:40:39.170+0000] {dagbag.py:541} INFO - Filling up the DagBag from /home/airflow/.local/lib/python3.7/site-packages/airflow/example_dags/example_branch_datetime_operator.py
[2026-02-25T04:40:39.180+0000] {processor.py:809} INFO - DAG(s) dict_keys(['example_branch_datetime_operator_3', 'example_branch_datetime_operator', 'example_branch_datetime_operator_2']) retrieved from /home/airflow/.local/lib/python3.7/site-packages/airflow/example_dags/example_branch_datetime_operator.py
[2026-02-25T04:40:39.297+0000] {logging_mixin.py:149} INFO - [2026-02-25T04:40:39.296+0000] {manager.py:504} INFO - Created Permission View: can edit on DAG:example_branch_datetime_operator_3
[2026-02-25T04:40:39.310+0000] {logging_mixin.py:149} INFO - [2026-02-25T04:40:39.310+0000] {manager.py:504} INFO - Created Permission View: can delete on DAG:example_branch_datetime_operator_3
[2026-02-25T04:40:39.319+0000] {logging_mixin.py:149} INFO - [2026-02-25T04:40:39.319+0000] {manager.py:504} INFO - Created Permission View: can read on DAG:example_branch_datetime_operator_3
[2026-02-25T04:40:39.341+0000] {logging_mixin.py:149} INFO - [2026-02-25T04:40:39.340+0000] {manager.py:504} INFO - Created Permission View: can edit on DAG:example_branch_datetime_operator
[2026-02-25T04:40:39.352+0000] {logging_mixin.py:149} INFO - [2026-02-25T04:40:39.352+0000] {manager.py:504} INFO - Created Permission View: can delete on DAG:example_branch_datetime_operator
[2026-02-25T04:40:39.362+0000] {logging_mixin.py:149} INFO - [2026-02-25T04:40:39.362+0000] {manager.py:504} INFO - Created Permission View: can read on DAG:example_branch_datetime_operator
[2026-02-25T04:40:39.377+0000] {logging_mixin.py:149} INFO - [2026-02-25T04:40:39.377+0000] {manager.py:504} INFO - Created Permission View: can edit on DAG:example_branch_datetime_operator_2
[2026-02-25T04:40:39.383+0000] {logging_mixin.py:149} INFO - [2026-02-25T04:40:39.383+0000] {manager.py:504} INFO - Created Permission View: can delete on DAG:example_branch_datetime_operator_2
[2026-02-25T04:40:39.388+0000] {logging_mixin.py:149} INFO - [2026-02-25T04:40:39.388+0000] {manager.py:504} INFO - Created Permission View: can read on DAG:example_branch_datetime_operator_2
[2026-02-25T04:40:39.388+0000] {logging_mixin.py:149} INFO - [2026-02-25T04:40:39.388+0000] {dag.py:2726} INFO - Sync 3 DAGs
[2026-02-25T04:40:39.403+0000] {logging_mixin.py:149} INFO - [2026-02-25T04:40:39.403+0000] {dag.py:2747} INFO - Creating ORM DAG for example_branch_datetime_operator_3
[2026-02-25T04:40:39.406+0000] {logging_mixin.py:149} INFO - [2026-02-25T04:40:39.406+0000] {dag.py:2747} INFO - Creating ORM DAG for example_branch_datetime_operator
[2026-02-25T04:40:39.406+0000] {logging_mixin.py:149} INFO - [2026-02-25T04:40:39.406+0000] {dag.py:2747} INFO - Creating ORM DAG for example_branch_datetime_operator_2
[2026-02-25T04:40:39.419+0000] {logging_mixin.py:149} INFO - [2026-02-25T04:40:39.419+0000] {dag.py:3490} INFO - Setting next_dagrun for example_branch_datetime_operator to 2026-02-24T00:00:00+00:00, run_after=2026-02-25T00:00:00+00:00
[2026-02-25T04:40:39.421+0000] {logging_mixin.py:149} INFO - [2026-02-25T04:40:39.421+0000] {dag.py:3490} INFO - Setting next_dagrun for example_branch_datetime_operator_2 to 2026-02-24T00:00:00+00:00, run_after=2026-02-25T00:00:00+00:00
[2026-02-25T04:40:39.423+0000] {logging_mixin.py:149} INFO - [2026-02-25T04:40:39.423+0000] {dag.py:3490} INFO - Setting next_dagrun for example_branch_datetime_operator_3 to 2026-02-24T00:00:00+00:00, run_after=2026-02-25T00:00:00+00:00
[2026-02-25T04:40:39.454+0000] {processor.py:178} INFO - Processing /home/airflow/.local/lib/python3.7/site-packages/airflow/example_dags/example_branch_datetime_operator.py took 0.290 seconds
[2026-02-25T04:41:10.063+0000] {processor.py:156} INFO - Started process (PID=122) to work on /home/airflow/.local/lib/python3.7/site-packages/airflow/example_dags/example_branch_datetime_operator.py
[2026-02-25T04:41:10.065+0000] {processor.py:799} INFO - Processing file /home/airflow/.local/lib/python3.7/site-packages/airflow/example_dags/example_branch_datetime_operator.py for tasks to queue
[2026-02-25T04:41:10.065+0000] {logging_mixin.py:149} INFO - [2026-02-25T04:41:10.065+0000] {dagbag.py:541} INFO - Filling up the DagBag from /home/airflow/.local/lib/python3.7/site-packages/airflow/example_dags/example_branch_datetime_operator.py
[2026-02-25T04:41:10.072+0000] {processor.py:809} INFO - DAG(s) dict_keys(['example_branch_datetime_operator_3', 'example_branch_datetime_operator', 'example_branch_datetime_operator_2']) retrieved from /home/airflow/.local/lib/python3.7/site-packages/airflow/example_dags/example_branch_datetime_operator.py
[2026-02-25T04:41:10.101+0000] {logging_mixin.py:149} INFO - [2026-02-25T04:41:10.101+0000] {dag.py:2726} INFO - Sync 3 DAGs
[2026-02-25T04:41:10.124+0000] {logging_mixin.py:149} INFO - [2026-02-25T04:41:10.124+0000] {dag.py:3490} INFO - Setting next_dagrun for example_branch_datetime_operator to 2026-02-24T00:00:00+00:00, run_after=2026-02-25T00:00:00+00:00
[2026-02-25T04:41:10.128+0000] {logging_mixin.py:149} INFO - [2026-02-25T04:41:10.128+0000] {dag.py:3490} INFO - Setting next_dagrun for example_branch_datetime_operator_2 to 2026-02-24T00:00:00+00:00, run_after=2026-02-25T00:00:00+00:00
[2026-02-25T04:41:10.130+0000] {logging_mixin.py:149} INFO - [2026-02-25T04:41:10.130+0000] {dag.py:3490} INFO - Setting next_dagrun for example_branch_datetime_operator_3 to 2026-02-24T00:00:00+00:00, run_after=2026-02-25T00:00:00+00:00
[2026-02-25T04:41:10.144+0000] {processor.py:178} INFO - Processing /home/airflow/.local/lib/python3.7/site-packages/airflow/example_dags/example_branch_datetime_operator.py took 0.084 seconds
[2026-02-25T04:41:40.645+0000] {processor.py:156} INFO - Started process (PID=185) to work on /home/airflow/.local/lib/python3.7/site-packages/airflow/example_dags/example_branch_datetime_operator.py
[2026-02-25T04:41:40.646+0000] {processor.py:799} INFO - Processing file /home/airflow/.local/lib/python3.7/site-packages/airflow/example_dags/example_branch_datetime_operator.py for tasks to queue
[2026-02-25T04:41:40.647+0000] {logging_mixin.py:149} INFO - [2026-02-25T04:41:40.647+0000] {dagbag.py:541} INFO - Filling up the DagBag from /home/airflow/.local/lib/python3.7/site-packages/airflow/example_dags/example_branch_datetime_operator.py
[2026-02-25T04:41:40.655+0000] {processor.py:809} INFO - DAG(s) dict_keys(['example_branch_datetime_operator_2', 'example_branch_datetime_operator_3', 'example_branch_datetime_operator']) retrieved from /home/airflow/.local/lib/python3.7/site-packages/airflow/example_dags/example_branch_datetime_operator.py
[2026-02-25T04:41:40.688+0000] {logging_mixin.py:149} INFO - [2026-02-25T04:41:40.688+0000] {dag.py:2726} INFO - Sync 3 DAGs
[2026-02-25T04:41:40.713+0000] {logging_mixin.py:149} INFO - [2026-02-25T04:41:40.712+0000] {dag.py:3490} INFO - Setting next_dagrun for example_branch_datetime_operator to 2026-02-24T00:00:00+00:00, run_after=2026-02-25T00:00:00+00:00
[2026-02-25T04:41:40.718+0000] {logging_mixin.py:149} INFO - [2026-02-25T04:41:40.718+0000] {dag.py:3490} INFO - Setting next_dagrun for example_branch_datetime_operator_2 to 2026-02-24T00:00:00+00:00, run_after=2026-02-25T00:00:00+00:00
[2026-02-25T04:41:40.720+0000] {logging_mixin.py:149} INFO - [2026-02-25T04:41:40.720+0000] {dag.py:3490} INFO - Setting next_dagrun for example_branch_datetime_operator_3 to 2026-02-24T00:00:00+00:00, run_after=2026-02-25T00:00:00+00:00
[2026-02-25T04:41:40.735+0000] {processor.py:178} INFO - Processing /home/airflow/.local/lib/python3.7/site-packages/airflow/example_dags/example_branch_datetime_operator.py took 0.093 seconds
[2026-02-25T04:42:11.178+0000] {processor.py:156} INFO - Started process (PID=255) to work on /home/airflow/.local/lib/python3.7/site-packages/airflow/example_dags/example_branch_datetime_operator.py
[2026-02-25T04:42:11.179+0000] {processor.py:799} INFO - Processing file /home/airflow/.local/lib/python3.7/site-packages/airflow/example_dags/example_branch_datetime_operator.py for tasks to queue
[2026-02-25T04:42:11.181+0000] {logging_mixin.py:149} INFO - [2026-02-25T04:42:11.181+0000] {dagbag.py:541} INFO - Filling up the DagBag from /home/airflow/.local/lib/python3.7/site-packages/airflow/example_dags/example_branch_datetime_operator.py
[2026-02-25T04:42:11.187+0000] {processor.py:809} INFO - DAG(s) dict_keys(['example_branch_datetime_operator', 'example_branch_datetime_operator_3', 'example_branch_datetime_operator_2']) retrieved from /home/airflow/.local/lib/python3.7/site-packages/airflow/example_dags/example_branch_datetime_operator.py
[2026-02-25T04:42:11.216+0000] {logging_mixin.py:149} INFO - [2026-02-25T04:42:11.216+0000] {dag.py:2726} INFO - Sync 3 DAGs
[2026-02-25T04:42:11.237+0000] {logging_mixin.py:149} INFO - [2026-02-25T04:42:11.236+0000] {dag.py:3490} INFO - Setting next_dagrun for example_branch_datetime_operator to 2026-02-24T00:00:00+00:00, run_after=2026-02-25T00:00:00+00:00
[2026-02-25T04:42:11.241+0000] {logging_mixin.py:149} INFO - [2026-02-25T04:42:11.241+0000] {dag.py:3490} INFO - Setting next_dagrun for example_branch_datetime_operator_2 to 2026-02-24T00:00:00+00:00, run_after=2026-02-25T00:00:00+00:00
[2026-02-25T04:42:11.244+0000] {logging_mixin.py:149} INFO - [2026-02-25T04:42:11.244+0000] {dag.py:3490} INFO - Setting next_dagrun for example_branch_datetime_operator_3 to 2026-02-24T00:00:00+00:00, run_after=2026-02-25T00:00:00+00:00
[2026-02-25T04:42:11.257+0000] {processor.py:178} INFO - Processing /home/airflow/.local/lib/python3.7/site-packages/airflow/example_dags/example_branch_datetime_operator.py took 0.081 seconds
[2026-02-25T04:42:41.819+0000] {processor.py:156} INFO - Started process (PID=318) to work on /home/airflow/.local/lib/python3.7/site-packages/airflow/example_dags/example_branch_datetime_operator.py
[2026-02-25T04:42:41.820+0000] {processor.py:799} INFO - Processing file /home/airflow/.local/lib/python3.7/site-packages/airflow/example_dags/example_branch_datetime_operator.py for tasks to queue
[2026-02-25T04:42:41.821+0000] {logging_mixin.py:149} INFO - [2026-02-25T04:42:41.820+0000] {dagbag.py:541} INFO - Filling up the DagBag from /home/airflow/.local/lib/python3.7/site-packages/airflow/example_dags/example_branch_datetime_operator.py
[2026-02-25T04:42:41.826+0000] {processor.py:809} INFO - DAG(s) dict_keys(['example_branch_datetime_operator_3', 'example_branch_datetime_operator', 'example_branch_datetime_operator_2']) retrieved from /home/airflow/.local/lib/python3.7/site-packages/airflow/example_dags/example_branch_datetime_operator.py
[2026-02-25T04:42:41.846+0000] {logging_mixin.py:149} INFO - [2026-02-25T04:42:41.846+0000] {dag.py:2726} INFO - Sync 3 DAGs
[2026-02-25T04:42:41.866+0000] {logging_mixin.py:149} INFO - [2026-02-25T04:42:41.866+0000] {dag.py:3490} INFO - Setting next_dagrun for example_branch_datetime_operator to 2026-02-24T00:00:00+00:00, run_after=2026-02-25T00:00:00+00:00
[2026-02-25T04:42:41.869+0000] {logging_mixin.py:149} INFO - [2026-02-25T04:42:41.869+0000] {dag.py:3490} INFO - Setting next_dagrun for example_branch_datetime_operator_2 to 2026-02-24T00:00:00+00:00, run_after=2026-02-25T00:00:00+00:00
[2026-02-25T04:42:41.873+0000] {logging_mixin.py:149} INFO - [2026-02-25T04:42:41.872+0000] {dag.py:3490} INFO - Setting next_dagrun for example_branch_datetime_operator_3 to 2026-02-24T00:00:00+00:00, run_after=2026-02-25T00:00:00+00:00
[2026-02-25T04:42:41.883+0000] {processor.py:178} INFO - Processing /home/airflow/.local/lib/python3.7/site-packages/airflow/example_dags/example_branch_datetime_operator.py took 0.066 seconds
[2026-02-25T04:48:20.962+0000] {processor.py:156} INFO - Started process (PID=58) to work on /home/airflow/.local/lib/python3.7/site-packages/airflow/example_dags/example_branch_datetime_operator.py
[2026-02-25T04:48:20.963+0000] {processor.py:799} INFO - Processing file /home/airflow/.local/lib/python3.7/site-packages/airflow/example_dags/example_branch_datetime_operator.py for tasks to queue
[2026-02-25T04:48:20.963+0000] {logging_mixin.py:149} INFO - [2026-02-25T04:48:20.963+0000] {dagbag.py:541} INFO - Filling up the DagBag from /home/airflow/.local/lib/python3.7/site-packages/airflow/example_dags/example_branch_datetime_operator.py
[2026-02-25T04:48:20.973+0000] {processor.py:809} INFO - DAG(s) dict_keys(['example_branch_datetime_operator_2', 'example_branch_datetime_operator_3', 'example_branch_datetime_operator']) retrieved from /home/airflow/.local/lib/python3.7/site-packages/airflow/example_dags/example_branch_datetime_operator.py
[2026-02-25T04:48:20.990+0000] {logging_mixin.py:149} INFO - [2026-02-25T04:48:20.990+0000] {dag.py:2726} INFO - Sync 3 DAGs
[2026-02-25T04:48:21.019+0000] {logging_mixin.py:149} INFO - [2026-02-25T04:48:21.019+0000] {dag.py:3490} INFO - Setting next_dagrun for example_branch_datetime_operator to 2026-02-24T00:00:00+00:00, run_after=2026-02-25T00:00:00+00:00
[2026-02-25T04:48:21.023+0000] {logging_mixin.py:149} INFO - [2026-02-25T04:48:21.023+0000] {dag.py:3490} INFO - Setting next_dagrun for example_branch_datetime_operator_2 to 2026-02-24T00:00:00+00:00, run_after=2026-02-25T00:00:00+00:00
[2026-02-25T04:48:21.024+0000] {logging_mixin.py:149} INFO - [2026-02-25T04:48:21.024+0000] {dag.py:3490} INFO - Setting next_dagrun for example_branch_datetime_operator_3 to 2026-02-24T00:00:00+00:00, run_after=2026-02-25T00:00:00+00:00
[2026-02-25T04:48:21.038+0000] {processor.py:178} INFO - Processing /home/airflow/.local/lib/python3.7/site-packages/airflow/example_dags/example_branch_datetime_operator.py took 0.079 seconds
[2026-02-25T04:48:51.449+0000] {processor.py:156} INFO - Started process (PID=121) to work on /home/airflow/.local/lib/python3.7/site-packages/airflow/example_dags/example_branch_datetime_operator.py
[2026-02-25T04:48:51.450+0000] {processor.py:799} INFO - Processing file /home/airflow/.local/lib/python3.7/site-packages/airflow/example_dags/example_branch_datetime_operator.py for tasks to queue
[2026-02-25T04:48:51.450+0000] {logging_mixin.py:149} INFO - [2026-02-25T04:48:51.450+0000] {dagbag.py:541} INFO - Filling up the DagBag from /home/airflow/.local/lib/python3.7/site-packages/airflow/example_dags/example_branch_datetime_operator.py
[2026-02-25T04:48:51.456+0000] {processor.py:809} INFO - DAG(s) dict_keys(['example_branch_datetime_operator_3', 'example_branch_datetime_operator', 'example_branch_datetime_operator_2']) retrieved from /home/airflow/.local/lib/python3.7/site-packages/airflow/example_dags/example_branch_datetime_operator.py
[2026-02-25T04:48:51.478+0000] {logging_mixin.py:149} INFO - [2026-02-25T04:48:51.478+0000] {dag.py:2726} INFO - Sync 3 DAGs
[2026-02-25T04:48:51.496+0000] {logging_mixin.py:149} INFO - [2026-02-25T04:48:51.496+0000] {dag.py:3490} INFO - Setting next_dagrun for example_branch_datetime_operator to 2026-02-24T00:00:00+00:00, run_after=2026-02-25T00:00:00+00:00
[2026-02-25T04:48:51.499+0000] {logging_mixin.py:149} INFO - [2026-02-25T04:48:51.499+0000] {dag.py:3490} INFO - Setting next_dagrun for example_branch_datetime_operator_2 to 2026-02-24T00:00:00+00:00, run_after=2026-02-25T00:00:00+00:00
[2026-02-25T04:48:51.501+0000] {logging_mixin.py:149} INFO - [2026-02-25T04:48:51.501+0000] {dag.py:3490} INFO - Setting next_dagrun for example_branch_datetime_operator_3 to 2026-02-24T00:00:00+00:00, run_after=2026-02-25T00:00:00+00:00
[2026-02-25T04:48:51.511+0000] {processor.py:178} INFO - Processing /home/airflow/.local/lib/python3.7/site-packages/airflow/example_dags/example_branch_datetime_operator.py took 0.064 seconds
[2026-02-25T04:49:21.887+0000] {processor.py:156} INFO - Started process (PID=184) to work on /home/airflow/.local/lib/python3.7/site-packages/airflow/example_dags/example_branch_datetime_operator.py
[2026-02-25T04:49:21.888+0000] {processor.py:799} INFO - Processing file /home/airflow/.local/lib/python3.7/site-packages/airflow/example_dags/example_branch_datetime_operator.py for tasks to queue
[2026-02-25T04:49:21.888+0000] {logging_mixin.py:149} INFO - [2026-02-25T04:49:21.888+0000] {dagbag.py:541} INFO - Filling up the DagBag from /home/airflow/.local/lib/python3.7/site-packages/airflow/example_dags/example_branch_datetime_operator.py
[2026-02-25T04:49:21.895+0000] {processor.py:809} INFO - DAG(s) dict_keys(['example_branch_datetime_operator_2', 'example_branch_datetime_operator_3', 'example_branch_datetime_operator']) retrieved from /home/airflow/.local/lib/python3.7/site-packages/airflow/example_dags/example_branch_datetime_operator.py
[2026-02-25T04:49:21.921+0000] {logging_mixin.py:149} INFO - [2026-02-25T04:49:21.921+0000] {dag.py:2726} INFO - Sync 3 DAGs
[2026-02-25T04:49:21.942+0000] {logging_mixin.py:149} INFO - [2026-02-25T04:49:21.942+0000] {dag.py:3490} INFO - Setting next_dagrun for example_branch_datetime_operator to 2026-02-24T00:00:00+00:00, run_after=2026-02-25T00:00:00+00:00
[2026-02-25T04:49:21.946+0000] {logging_mixin.py:149} INFO - [2026-02-25T04:49:21.946+0000] {dag.py:3490} INFO - Setting next_dagrun for example_branch_datetime_operator_2 to 2026-02-24T00:00:00+00:00, run_after=2026-02-25T00:00:00+00:00
[2026-02-25T04:49:21.948+0000] {logging_mixin.py:149} INFO - [2026-02-25T04:49:21.948+0000] {dag.py:3490} INFO - Setting next_dagrun for example_branch_datetime_operator_3 to 2026-02-24T00:00:00+00:00, run_after=2026-02-25T00:00:00+00:00
[2026-02-25T04:49:21.965+0000] {processor.py:178} INFO - Processing /home/airflow/.local/lib/python3.7/site-packages/airflow/example_dags/example_branch_datetime_operator.py took 0.080 seconds
[2026-02-25T04:49:52.488+0000] {processor.py:156} INFO - Started process (PID=247) to work on /home/airflow/.local/lib/python3.7/site-packages/airflow/example_dags/example_branch_datetime_operator.py
[2026-02-25T04:49:52.489+0000] {processor.py:799} INFO - Processing file /home/airflow/.local/lib/python3.7/site-packages/airflow/example_dags/example_branch_datetime_operator.py for tasks to queue
[2026-02-25T04:49:52.489+0000] {logging_mixin.py:149} INFO - [2026-02-25T04:49:52.489+0000] {dagbag.py:541} INFO - Filling up the DagBag from /home/airflow/.local/lib/python3.7/site-packages/airflow/example_dags/example_branch_datetime_operator.py
[2026-02-25T04:49:52.495+0000] {processor.py:809} INFO - DAG(s) dict_keys(['example_branch_datetime_operator_3', 'example_branch_datetime_operator', 'example_branch_datetime_operator_2']) retrieved from /home/airflow/.local/lib/python3.7/site-packages/airflow/example_dags/example_branch_datetime_operator.py
[2026-02-25T04:49:52.523+0000] {logging_mixin.py:149} INFO - [2026-02-25T04:49:52.523+0000] {dag.py:2726} INFO - Sync 3 DAGs
[2026-02-25T04:49:52.543+0000] {logging_mixin.py:149} INFO - [2026-02-25T04:49:52.543+0000] {dag.py:3490} INFO - Setting next_dagrun for example_branch_datetime_operator to 2026-02-24T00:00:00+00:00, run_after=2026-02-25T00:00:00+00:00
[2026-02-25T04:49:52.546+0000] {logging_mixin.py:149} INFO - [2026-02-25T04:49:52.546+0000] {dag.py:3490} INFO - Setting next_dagrun for example_branch_datetime_operator_2 to 2026-02-24T00:00:00+00:00, run_after=2026-02-25T00:00:00+00:00
[2026-02-25T04:49:52.548+0000] {logging_mixin.py:149} INFO - [2026-02-25T04:49:52.548+0000] {dag.py:3490} INFO - Setting next_dagrun for example_branch_datetime_operator_3 to 2026-02-24T00:00:00+00:00, run_after=2026-02-25T00:00:00+00:00
[2026-02-25T04:49:52.559+0000] {processor.py:178} INFO - Processing /home/airflow/.local/lib/python3.7/site-packages/airflow/example_dags/example_branch_datetime_operator.py took 0.073 seconds
[2026-02-25T04:50:22.958+0000] {processor.py:156} INFO - Started process (PID=310) to work on /home/airflow/.local/lib/python3.7/site-packages/airflow/example_dags/example_branch_datetime_operator.py
[2026-02-25T04:50:22.959+0000] {processor.py:799} INFO - Processing file /home/airflow/.local/lib/python3.7/site-packages/airflow/example_dags/example_branch_datetime_operator.py for tasks to queue
[2026-02-25T04:50:22.959+0000] {logging_mixin.py:149} INFO - [2026-02-25T04:50:22.959+0000] {dagbag.py:541} INFO - Filling up the DagBag from /home/airflow/.local/lib/python3.7/site-packages/airflow/example_dags/example_branch_datetime_operator.py
[2026-02-25T04:50:22.968+0000] {processor.py:809} INFO - DAG(s) dict_keys(['example_branch_datetime_operator_2', 'example_branch_datetime_operator_3', 'example_branch_datetime_operator']) retrieved from /home/airflow/.local/lib/python3.7/site-packages/airflow/example_dags/example_branch_datetime_operator.py
[2026-02-25T04:50:22.998+0000] {logging_mixin.py:149} INFO - [2026-02-25T04:50:22.998+0000] {dag.py:2726} INFO - Sync 3 DAGs
[2026-02-25T04:50:23.022+0000] {logging_mixin.py:149} INFO - [2026-02-25T04:50:23.022+0000] {dag.py:3490} INFO - Setting next_dagrun for example_branch_datetime_operator to 2026-02-24T00:00:00+00:00, run_after=2026-02-25T00:00:00+00:00
[2026-02-25T04:50:23.025+0000] {logging_mixin.py:149} INFO - [2026-02-25T04:50:23.025+0000] {dag.py:3490} INFO - Setting next_dagrun for example_branch_datetime_operator_2 to 2026-02-24T00:00:00+00:00, run_after=2026-02-25T00:00:00+00:00
[2026-02-25T04:50:23.026+0000] {logging_mixin.py:149} INFO - [2026-02-25T04:50:23.026+0000] {dag.py:3490} INFO - Setting next_dagrun for example_branch_datetime_operator_3 to 2026-02-24T00:00:00+00:00, run_after=2026-02-25T00:00:00+00:00
[2026-02-25T04:50:23.036+0000] {processor.py:178} INFO - Processing /home/airflow/.local/lib/python3.7/site-packages/airflow/example_dags/example_branch_datetime_operator.py took 0.081 seconds
[2026-02-25T04:50:53.101+0000] {processor.py:156} INFO - Started process (PID=373) to work on /home/airflow/.local/lib/python3.7/site-packages/airflow/example_dags/example_branch_datetime_operator.py
[2026-02-25T04:50:53.102+0000] {processor.py:799} INFO - Processing file /home/airflow/.local/lib/python3.7/site-packages/airflow/example_dags/example_branch_datetime_operator.py for tasks to queue
[2026-02-25T04:50:53.103+0000] {logging_mixin.py:149} INFO - [2026-02-25T04:50:53.102+0000] {dagbag.py:541} INFO - Filling up the DagBag from /home/airflow/.local/lib/python3.7/site-packages/airflow/example_dags/example_branch_datetime_operator.py
[2026-02-25T04:50:53.108+0000] {processor.py:809} INFO - DAG(s) dict_keys(['example_branch_datetime_operator_2', 'example_branch_datetime_operator_3', 'example_branch_datetime_operator']) retrieved from /home/airflow/.local/lib/python3.7/site-packages/airflow/example_dags/example_branch_datetime_operator.py
[2026-02-25T04:50:53.129+0000] {logging_mixin.py:149} INFO - [2026-02-25T04:50:53.129+0000] {dag.py:2726} INFO - Sync 3 DAGs
[2026-02-25T04:50:53.150+0000] {logging_mixin.py:149} INFO - [2026-02-25T04:50:53.150+0000] {dag.py:3490} INFO - Setting next_dagrun for example_branch_datetime_operator to 2026-02-24T00:00:00+00:00, run_after=2026-02-25T00:00:00+00:00
[2026-02-25T04:50:53.155+0000] {logging_mixin.py:149} INFO - [2026-02-25T04:50:53.155+0000] {dag.py:3490} INFO - Setting next_dagrun for example_branch_datetime_operator_2 to 2026-02-24T00:00:00+00:00, run_after=2026-02-25T00:00:00+00:00
[2026-02-25T04:50:53.159+0000] {logging_mixin.py:149} INFO - [2026-02-25T04:50:53.159+0000] {dag.py:3490} INFO - Setting next_dagrun for example_branch_datetime_operator_3 to 2026-02-24T00:00:00+00:00, run_after=2026-02-25T00:00:00+00:00
[2026-02-25T04:50:53.170+0000] {processor.py:178} INFO - Processing /home/airflow/.local/lib/python3.7/site-packages/airflow/example_dags/example_branch_datetime_operator.py took 0.071 seconds
[2026-02-25T04:51:23.446+0000] {processor.py:156} INFO - Started process (PID=436) to work on /home/airflow/.local/lib/python3.7/site-packages/airflow/example_dags/example_branch_datetime_operator.py
[2026-02-25T04:51:23.447+0000] {processor.py:799} INFO - Processing file /home/airflow/.local/lib/python3.7/site-packages/airflow/example_dags/example_branch_datetime_operator.py for tasks to queue
[2026-02-25T04:51:23.448+0000] {logging_mixin.py:149} INFO - [2026-02-25T04:51:23.448+0000] {dagbag.py:541} INFO - Filling up the DagBag from /home/airflow/.local/lib/python3.7/site-packages/airflow/example_dags/example_branch_datetime_operator.py
[2026-02-25T04:51:23.456+0000] {processor.py:809} INFO - DAG(s) dict_keys(['example_branch_datetime_operator_3', 'example_branch_datetime_operator', 'example_branch_datetime_operator_2']) retrieved from /home/airflow/.local/lib/python3.7/site-packages/airflow/example_dags/example_branch_datetime_operator.py
[2026-02-25T04:51:23.480+0000] {logging_mixin.py:149} INFO - [2026-02-25T04:51:23.480+0000] {dag.py:2726} INFO - Sync 3 DAGs
[2026-02-25T04:51:23.498+0000] {logging_mixin.py:149} INFO - [2026-02-25T04:51:23.498+0000] {dag.py:3490} INFO - Setting next_dagrun for example_branch_datetime_operator to 2026-02-24T00:00:00+00:00, run_after=2026-02-25T00:00:00+00:00
[2026-02-25T04:51:23.501+0000] {logging_mixin.py:149} INFO - [2026-02-25T04:51:23.501+0000] {dag.py:3490} INFO - Setting next_dagrun for example_branch_datetime_operator_2 to 2026-02-24T00:00:00+00:00, run_after=2026-02-25T00:00:00+00:00
[2026-02-25T04:51:23.503+0000] {logging_mixin.py:149} INFO - [2026-02-25T04:51:23.503+0000] {dag.py:3490} INFO - Setting next_dagrun for example_branch_datetime_operator_3 to 2026-02-24T00:00:00+00:00, run_after=2026-02-25T00:00:00+00:00
[2026-02-25T04:51:23.512+0000] {processor.py:178} INFO - Processing /home/airflow/.local/lib/python3.7/site-packages/airflow/example_dags/example_branch_datetime_operator.py took 0.069 seconds
[2026-02-25T04:51:53.634+0000] {processor.py:156} INFO - Started process (PID=499) to work on /home/airflow/.local/lib/python3.7/site-packages/airflow/example_dags/example_branch_datetime_operator.py
[2026-02-25T04:51:53.636+0000] {processor.py:799} INFO - Processing file /home/airflow/.local/lib/python3.7/site-packages/airflow/example_dags/example_branch_datetime_operator.py for tasks to queue
[2026-02-25T04:51:53.637+0000] {logging_mixin.py:149} INFO - [2026-02-25T04:51:53.637+0000] {dagbag.py:541} INFO - Filling up the DagBag from /home/airflow/.local/lib/python3.7/site-packages/airflow/example_dags/example_branch_datetime_operator.py
[2026-02-25T04:51:53.644+0000] {processor.py:809} INFO - DAG(s) dict_keys(['example_branch_datetime_operator_2', 'example_branch_datetime_operator_3', 'example_branch_datetime_operator']) retrieved from /home/airflow/.local/lib/python3.7/site-packages/airflow/example_dags/example_branch_datetime_operator.py
[2026-02-25T04:51:53.669+0000] {logging_mixin.py:149} INFO - [2026-02-25T04:51:53.669+0000] {dag.py:2726} INFO - Sync 3 DAGs
[2026-02-25T04:51:53.687+0000] {logging_mixin.py:149} INFO - [2026-02-25T04:51:53.687+0000] {dag.py:3490} INFO - Setting next_dagrun for example_branch_datetime_operator to 2026-02-24T00:00:00+00:00, run_after=2026-02-25T00:00:00+00:00
[2026-02-25T04:51:53.690+0000] {logging_mixin.py:149} INFO - [2026-02-25T04:51:53.690+0000] {dag.py:3490} INFO - Setting next_dagrun for example_branch_datetime_operator_2 to 2026-02-24T00:00:00+00:00, run_after=2026-02-25T00:00:00+00:00
[2026-02-25T04:51:53.692+0000] {logging_mixin.py:149} INFO - [2026-02-25T04:51:53.692+0000] {dag.py:3490} INFO - Setting next_dagrun for example_branch_datetime_operator_3 to 2026-02-24T00:00:00+00:00, run_after=2026-02-25T00:00:00+00:00
[2026-02-25T04:51:53.702+0000] {processor.py:178} INFO - Processing /home/airflow/.local/lib/python3.7/site-packages/airflow/example_dags/example_branch_datetime_operator.py took 0.071 seconds
[2026-02-25T04:52:24.196+0000] {processor.py:156} INFO - Started process (PID=569) to work on /home/airflow/.local/lib/python3.7/site-packages/airflow/example_dags/example_branch_datetime_operator.py
[2026-02-25T04:52:24.197+0000] {processor.py:799} INFO - Processing file /home/airflow/.local/lib/python3.7/site-packages/airflow/example_dags/example_branch_datetime_operator.py for tasks to queue
[2026-02-25T04:52:24.198+0000] {logging_mixin.py:149} INFO - [2026-02-25T04:52:24.198+0000] {dagbag.py:541} INFO - Filling up the DagBag from /home/airflow/.local/lib/python3.7/site-packages/airflow/example_dags/example_branch_datetime_operator.py
[2026-02-25T04:52:24.209+0000] {processor.py:809} INFO - DAG(s) dict_keys(['example_branch_datetime_operator', 'example_branch_datetime_operator_2', 'example_branch_datetime_operator_3']) retrieved from /home/airflow/.local/lib/python3.7/site-packages/airflow/example_dags/example_branch_datetime_operator.py
[2026-02-25T04:52:24.236+0000] {logging_mixin.py:149} INFO - [2026-02-25T04:52:24.236+0000] {dag.py:2726} INFO - Sync 3 DAGs
[2026-02-25T04:52:24.261+0000] {logging_mixin.py:149} INFO - [2026-02-25T04:52:24.261+0000] {dag.py:3490} INFO - Setting next_dagrun for example_branch_datetime_operator to 2026-02-24T00:00:00+00:00, run_after=2026-02-25T00:00:00+00:00
[2026-02-25T04:52:24.264+0000] {logging_mixin.py:149} INFO - [2026-02-25T04:52:24.264+0000] {dag.py:3490} INFO - Setting next_dagrun for example_branch_datetime_operator_2 to 2026-02-24T00:00:00+00:00, run_after=2026-02-25T00:00:00+00:00
[2026-02-25T04:52:24.266+0000] {logging_mixin.py:149} INFO - [2026-02-25T04:52:24.265+0000] {dag.py:3490} INFO - Setting next_dagrun for example_branch_datetime_operator_3 to 2026-02-24T00:00:00+00:00, run_after=2026-02-25T00:00:00+00:00
[2026-02-25T04:52:24.279+0000] {processor.py:178} INFO - Processing /home/airflow/.local/lib/python3.7/site-packages/airflow/example_dags/example_branch_datetime_operator.py took 0.086 seconds
[2026-02-25T04:52:54.577+0000] {processor.py:156} INFO - Started process (PID=632) to work on /home/airflow/.local/lib/python3.7/site-packages/airflow/example_dags/example_branch_datetime_operator.py
[2026-02-25T04:52:54.579+0000] {processor.py:799} INFO - Processing file /home/airflow/.local/lib/python3.7/site-packages/airflow/example_dags/example_branch_datetime_operator.py for tasks to queue
[2026-02-25T04:52:54.580+0000] {logging_mixin.py:149} INFO - [2026-02-25T04:52:54.580+0000] {dagbag.py:541} INFO - Filling up the DagBag from /home/airflow/.local/lib/python3.7/site-packages/airflow/example_dags/example_branch_datetime_operator.py
[2026-02-25T04:52:54.588+0000] {processor.py:809} INFO - DAG(s) dict_keys(['example_branch_datetime_operator_2', 'example_branch_datetime_operator_3', 'example_branch_datetime_operator']) retrieved from /home/airflow/.local/lib/python3.7/site-packages/airflow/example_dags/example_branch_datetime_operator.py
[2026-02-25T04:52:54.619+0000] {logging_mixin.py:149} INFO - [2026-02-25T04:52:54.619+0000] {dag.py:2726} INFO - Sync 3 DAGs
[2026-02-25T04:52:54.639+0000] {logging_mixin.py:149} INFO - [2026-02-25T04:52:54.639+0000] {dag.py:3490} INFO - Setting next_dagrun for example_branch_datetime_operator to 2026-02-24T00:00:00+00:00, run_after=2026-02-25T00:00:00+00:00
[2026-02-25T04:52:54.642+0000] {logging_mixin.py:149} INFO - [2026-02-25T04:52:54.642+0000] {dag.py:3490} INFO - Setting next_dagrun for example_branch_datetime_operator_2 to 2026-02-24T00:00:00+00:00, run_after=2026-02-25T00:00:00+00:00
[2026-02-25T04:52:54.644+0000] {logging_mixin.py:149} INFO - [2026-02-25T04:52:54.644+0000] {dag.py:3490} INFO - Setting next_dagrun for example_branch_datetime_operator_3 to 2026-02-24T00:00:00+00:00, run_after=2026-02-25T00:00:00+00:00
[2026-02-25T04:52:54.656+0000] {processor.py:178} INFO - Processing /home/airflow/.local/lib/python3.7/site-packages/airflow/example_dags/example_branch_datetime_operator.py took 0.082 seconds
[2026-02-25T04:53:25.174+0000] {processor.py:156} INFO - Started process (PID=695) to work on /home/airflow/.local/lib/python3.7/site-packages/airflow/example_dags/example_branch_datetime_operator.py
[2026-02-25T04:53:25.174+0000] {processor.py:799} INFO - Processing file /home/airflow/.local/lib/python3.7/site-packages/airflow/example_dags/example_branch_datetime_operator.py for tasks to queue
[2026-02-25T04:53:25.175+0000] {logging_mixin.py:149} INFO - [2026-02-25T04:53:25.175+0000] {dagbag.py:541} INFO - Filling up the DagBag from /home/airflow/.local/lib/python3.7/site-packages/airflow/example_dags/example_branch_datetime_operator.py
[2026-02-25T04:53:25.180+0000] {processor.py:809} INFO - DAG(s) dict_keys(['example_branch_datetime_operator_2', 'example_branch_datetime_operator_3', 'example_branch_datetime_operator']) retrieved from /home/airflow/.local/lib/python3.7/site-packages/airflow/example_dags/example_branch_datetime_operator.py
[2026-02-25T04:53:25.204+0000] {logging_mixin.py:149} INFO - [2026-02-25T04:53:25.204+0000] {dag.py:2726} INFO - Sync 3 DAGs
[2026-02-25T04:53:25.226+0000] {logging_mixin.py:149} INFO - [2026-02-25T04:53:25.226+0000] {dag.py:3490} INFO - Setting next_dagrun for example_branch_datetime_operator to 2026-02-24T00:00:00+00:00, run_after=2026-02-25T00:00:00+00:00
[2026-02-25T04:53:25.229+0000] {logging_mixin.py:149} INFO - [2026-02-25T04:53:25.229+0000] {dag.py:3490} INFO - Setting next_dagrun for example_branch_datetime_operator_2 to 2026-02-24T00:00:00+00:00, run_after=2026-02-25T00:00:00+00:00
[2026-02-25T04:53:25.232+0000] {logging_mixin.py:149} INFO - [2026-02-25T04:53:25.232+0000] {dag.py:3490} INFO - Setting next_dagrun for example_branch_datetime_operator_3 to 2026-02-24T00:00:00+00:00, run_after=2026-02-25T00:00:00+00:00
[2026-02-25T04:53:25.245+0000] {processor.py:178} INFO - Processing /home/airflow/.local/lib/python3.7/site-packages/airflow/example_dags/example_branch_datetime_operator.py took 0.073 seconds
[2026-02-25T04:53:55.766+0000] {processor.py:156} INFO - Started process (PID=758) to work on /home/airflow/.local/lib/python3.7/site-packages/airflow/example_dags/example_branch_datetime_operator.py
[2026-02-25T04:53:55.767+0000] {processor.py:799} INFO - Processing file /home/airflow/.local/lib/python3.7/site-packages/airflow/example_dags/example_branch_datetime_operator.py for tasks to queue
[2026-02-25T04:53:55.768+0000] {logging_mixin.py:149} INFO - [2026-02-25T04:53:55.768+0000] {dagbag.py:541} INFO - Filling up the DagBag from /home/airflow/.local/lib/python3.7/site-packages/airflow/example_dags/example_branch_datetime_operator.py
[2026-02-25T04:53:55.775+0000] {processor.py:809} INFO - DAG(s) dict_keys(['example_branch_datetime_operator', 'example_branch_datetime_operator_2', 'example_branch_datetime_operator_3']) retrieved from /home/airflow/.local/lib/python3.7/site-packages/airflow/example_dags/example_branch_datetime_operator.py
[2026-02-25T04:53:55.793+0000] {logging_mixin.py:149} INFO - [2026-02-25T04:53:55.793+0000] {dag.py:2726} INFO - Sync 3 DAGs
[2026-02-25T04:53:55.808+0000] {logging_mixin.py:149} INFO - [2026-02-25T04:53:55.808+0000] {dag.py:3490} INFO - Setting next_dagrun for example_branch_datetime_operator to 2026-02-24T00:00:00+00:00, run_after=2026-02-25T00:00:00+00:00
[2026-02-25T04:53:55.815+0000] {logging_mixin.py:149} INFO - [2026-02-25T04:53:55.815+0000] {dag.py:3490} INFO - Setting next_dagrun for example_branch_datetime_operator_2 to 2026-02-24T00:00:00+00:00, run_after=2026-02-25T00:00:00+00:00
[2026-02-25T04:53:55.816+0000] {logging_mixin.py:149} INFO - [2026-02-25T04:53:55.816+0000] {dag.py:3490} INFO - Setting next_dagrun for example_branch_datetime_operator_3 to 2026-02-24T00:00:00+00:00, run_after=2026-02-25T00:00:00+00:00
[2026-02-25T04:53:55.826+0000] {processor.py:178} INFO - Processing /home/airflow/.local/lib/python3.7/site-packages/airflow/example_dags/example_branch_datetime_operator.py took 0.062 seconds
[2026-02-25T04:54:26.161+0000] {processor.py:156} INFO - Started process (PID=821) to work on /home/airflow/.local/lib/python3.7/site-packages/airflow/example_dags/example_branch_datetime_operator.py
[2026-02-25T04:54:26.163+0000] {processor.py:799} INFO - Processing file /home/airflow/.local/lib/python3.7/site-packages/airflow/example_dags/example_branch_datetime_operator.py for tasks to queue
[2026-02-25T04:54:26.163+0000] {logging_mixin.py:149} INFO - [2026-02-25T04:54:26.163+0000] {dagbag.py:541} INFO - Filling up the DagBag from /home/airflow/.local/lib/python3.7/site-packages/airflow/example_dags/example_branch_datetime_operator.py
[2026-02-25T04:54:26.172+0000] {processor.py:809} INFO - DAG(s) dict_keys(['example_branch_datetime_operator', 'example_branch_datetime_operator_3', 'example_branch_datetime_operator_2']) retrieved from /home/airflow/.local/lib/python3.7/site-packages/airflow/example_dags/example_branch_datetime_operator.py
[2026-02-25T04:54:26.200+0000] {logging_mixin.py:149} INFO - [2026-02-25T04:54:26.200+0000] {dag.py:2726} INFO - Sync 3 DAGs
[2026-02-25T04:54:26.219+0000] {logging_mixin.py:149} INFO - [2026-02-25T04:54:26.218+0000] {dag.py:3490} INFO - Setting next_dagrun for example_branch_datetime_operator to 2026-02-24T00:00:00+00:00, run_after=2026-02-25T00:00:00+00:00
[2026-02-25T04:54:26.222+0000] {logging_mixin.py:149} INFO - [2026-02-25T04:54:26.222+0000] {dag.py:3490} INFO - Setting next_dagrun for example_branch_datetime_operator_2 to 2026-02-24T00:00:00+00:00, run_after=2026-02-25T00:00:00+00:00
[2026-02-25T04:54:26.224+0000] {logging_mixin.py:149} INFO - [2026-02-25T04:54:26.224+0000] {dag.py:3490} INFO - Setting next_dagrun for example_branch_datetime_operator_3 to 2026-02-24T00:00:00+00:00, run_after=2026-02-25T00:00:00+00:00
[2026-02-25T04:54:26.234+0000] {processor.py:178} INFO - Processing /home/airflow/.local/lib/python3.7/site-packages/airflow/example_dags/example_branch_datetime_operator.py took 0.077 seconds
[2026-02-25T04:54:56.454+0000] {processor.py:156} INFO - Started process (PID=884) to work on /home/airflow/.local/lib/python3.7/site-packages/airflow/example_dags/example_branch_datetime_operator.py
[2026-02-25T04:54:56.455+0000] {processor.py:799} INFO - Processing file /home/airflow/.local/lib/python3.7/site-packages/airflow/example_dags/example_branch_datetime_operator.py for tasks to queue
[2026-02-25T04:54:56.455+0000] {logging_mixin.py:149} INFO - [2026-02-25T04:54:56.455+0000] {dagbag.py:541} INFO - Filling up the DagBag from /home/airflow/.local/lib/python3.7/site-packages/airflow/example_dags/example_branch_datetime_operator.py
[2026-02-25T04:54:56.461+0000] {processor.py:809} INFO - DAG(s) dict_keys(['example_branch_datetime_operator', 'example_branch_datetime_operator_3', 'example_branch_datetime_operator_2']) retrieved from /home/airflow/.local/lib/python3.7/site-packages/airflow/example_dags/example_branch_datetime_operator.py
[2026-02-25T04:54:56.490+0000] {logging_mixin.py:149} INFO - [2026-02-25T04:54:56.490+0000] {dag.py:2726} INFO - Sync 3 DAGs
[2026-02-25T04:54:56.509+0000] {logging_mixin.py:149} INFO - [2026-02-25T04:54:56.509+0000] {dag.py:3490} INFO - Setting next_dagrun for example_branch_datetime_operator to 2026-02-24T00:00:00+00:00, run_after=2026-02-25T00:00:00+00:00
[2026-02-25T04:54:56.512+0000] {logging_mixin.py:149} INFO - [2026-02-25T04:54:56.512+0000] {dag.py:3490} INFO - Setting next_dagrun for example_branch_datetime_operator_2 to 2026-02-24T00:00:00+00:00, run_after=2026-02-25T00:00:00+00:00
[2026-02-25T04:54:56.513+0000] {logging_mixin.py:149} INFO - [2026-02-25T04:54:56.513+0000] {dag.py:3490} INFO - Setting next_dagrun for example_branch_datetime_operator_3 to 2026-02-24T00:00:00+00:00, run_after=2026-02-25T00:00:00+00:00
[2026-02-25T04:54:56.523+0000] {processor.py:178} INFO - Processing /home/airflow/.local/lib/python3.7/site-packages/airflow/example_dags/example_branch_datetime_operator.py took 0.072 seconds
[2026-02-25T04:55:26.817+0000] {processor.py:156} INFO - Started process (PID=947) to work on /home/airflow/.local/lib/python3.7/site-packages/airflow/example_dags/example_branch_datetime_operator.py
[2026-02-25T04:55:26.818+0000] {processor.py:799} INFO - Processing file /home/airflow/.local/lib/python3.7/site-packages/airflow/example_dags/example_branch_datetime_operator.py for tasks to queue
[2026-02-25T04:55:26.820+0000] {logging_mixin.py:149} INFO - [2026-02-25T04:55:26.819+0000] {dagbag.py:541} INFO - Filling up the DagBag from /home/airflow/.local/lib/python3.7/site-packages/airflow/example_dags/example_branch_datetime_operator.py
[2026-02-25T04:55:26.828+0000] {processor.py:809} INFO - DAG(s) dict_keys(['example_branch_datetime_operator', 'example_branch_datetime_operator_2', 'example_branch_datetime_operator_3']) retrieved from /home/airflow/.local/lib/python3.7/site-packages/airflow/example_dags/example_branch_datetime_operator.py
[2026-02-25T04:55:26.857+0000] {logging_mixin.py:149} INFO - [2026-02-25T04:55:26.857+0000] {dag.py:2726} INFO - Sync 3 DAGs
[2026-02-25T04:55:26.880+0000] {logging_mixin.py:149} INFO - [2026-02-25T04:55:26.879+0000] {dag.py:3490} INFO - Setting next_dagrun for example_branch_datetime_operator to 2026-02-24T00:00:00+00:00, run_after=2026-02-25T00:00:00+00:00
[2026-02-25T04:55:26.888+0000] {logging_mixin.py:149} INFO - [2026-02-25T04:55:26.888+0000] {dag.py:3490} INFO - Setting next_dagrun for example_branch_datetime_operator_2 to 2026-02-24T00:00:00+00:00, run_after=2026-02-25T00:00:00+00:00
[2026-02-25T04:55:26.891+0000] {logging_mixin.py:149} INFO - [2026-02-25T04:55:26.891+0000] {dag.py:3490} INFO - Setting next_dagrun for example_branch_datetime_operator_3 to 2026-02-24T00:00:00+00:00, run_after=2026-02-25T00:00:00+00:00
[2026-02-25T04:55:26.904+0000] {processor.py:178} INFO - Processing /home/airflow/.local/lib/python3.7/site-packages/airflow/example_dags/example_branch_datetime_operator.py took 0.090 seconds
[2026-02-25T04:55:57.452+0000] {processor.py:156} INFO - Started process (PID=1010) to work on /home/airflow/.local/lib/python3.7/site-packages/airflow/example_dags/example_branch_datetime_operator.py
[2026-02-25T04:55:57.455+0000] {processor.py:799} INFO - Processing file /home/airflow/.local/lib/python3.7/site-packages/airflow/example_dags/example_branch_datetime_operator.py for tasks to queue
[2026-02-25T04:55:57.456+0000] {logging_mixin.py:149} INFO - [2026-02-25T04:55:57.455+0000] {dagbag.py:541} INFO - Filling up the DagBag from /home/airflow/.local/lib/python3.7/site-packages/airflow/example_dags/example_branch_datetime_operator.py
[2026-02-25T04:55:57.463+0000] {processor.py:809} INFO - DAG(s) dict_keys(['example_branch_datetime_operator_2', 'example_branch_datetime_operator_3', 'example_branch_datetime_operator']) retrieved from /home/airflow/.local/lib/python3.7/site-packages/airflow/example_dags/example_branch_datetime_operator.py
[2026-02-25T04:55:57.492+0000] {logging_mixin.py:149} INFO - [2026-02-25T04:55:57.492+0000] {dag.py:2726} INFO - Sync 3 DAGs
[2026-02-25T04:55:57.510+0000] {logging_mixin.py:149} INFO - [2026-02-25T04:55:57.510+0000] {dag.py:3490} INFO - Setting next_dagrun for example_branch_datetime_operator to 2026-02-24T00:00:00+00:00, run_after=2026-02-25T00:00:00+00:00
[2026-02-25T04:55:57.513+0000] {logging_mixin.py:149} INFO - [2026-02-25T04:55:57.513+0000] {dag.py:3490} INFO - Setting next_dagrun for example_branch_datetime_operator_2 to 2026-02-24T00:00:00+00:00, run_after=2026-02-25T00:00:00+00:00
[2026-02-25T04:55:57.515+0000] {logging_mixin.py:149} INFO - [2026-02-25T04:55:57.514+0000] {dag.py:3490} INFO - Setting next_dagrun for example_branch_datetime_operator_3 to 2026-02-24T00:00:00+00:00, run_after=2026-02-25T00:00:00+00:00
[2026-02-25T04:55:57.527+0000] {processor.py:178} INFO - Processing /home/airflow/.local/lib/python3.7/site-packages/airflow/example_dags/example_branch_datetime_operator.py took 0.079 seconds
[2026-02-25T04:56:27.760+0000] {processor.py:156} INFO - Started process (PID=1073) to work on /home/airflow/.local/lib/python3.7/site-packages/airflow/example_dags/example_branch_datetime_operator.py
[2026-02-25T04:56:27.761+0000] {processor.py:799} INFO - Processing file /home/airflow/.local/lib/python3.7/site-packages/airflow/example_dags/example_branch_datetime_operator.py for tasks to queue
[2026-02-25T04:56:27.762+0000] {logging_mixin.py:149} INFO - [2026-02-25T04:56:27.762+0000] {dagbag.py:541} INFO - Filling up the DagBag from /home/airflow/.local/lib/python3.7/site-packages/airflow/example_dags/example_branch_datetime_operator.py
[2026-02-25T04:56:27.771+0000] {processor.py:809} INFO - DAG(s) dict_keys(['example_branch_datetime_operator_3', 'example_branch_datetime_operator_2', 'example_branch_datetime_operator']) retrieved from /home/airflow/.local/lib/python3.7/site-packages/airflow/example_dags/example_branch_datetime_operator.py
[2026-02-25T04:56:27.794+0000] {logging_mixin.py:149} INFO - [2026-02-25T04:56:27.794+0000] {dag.py:2726} INFO - Sync 3 DAGs
[2026-02-25T04:56:27.813+0000] {logging_mixin.py:149} INFO - [2026-02-25T04:56:27.813+0000] {dag.py:3490} INFO - Setting next_dagrun for example_branch_datetime_operator to 2026-02-24T00:00:00+00:00, run_after=2026-02-25T00:00:00+00:00
[2026-02-25T04:56:27.817+0000] {logging_mixin.py:149} INFO - [2026-02-25T04:56:27.817+0000] {dag.py:3490} INFO - Setting next_dagrun for example_branch_datetime_operator_2 to 2026-02-24T00:00:00+00:00, run_after=2026-02-25T00:00:00+00:00
[2026-02-25T04:56:27.819+0000] {logging_mixin.py:149} INFO - [2026-02-25T04:56:27.818+0000] {dag.py:3490} INFO - Setting next_dagrun for example_branch_datetime_operator_3 to 2026-02-24T00:00:00+00:00, run_after=2026-02-25T00:00:00+00:00
[2026-02-25T04:56:27.830+0000] {processor.py:178} INFO - Processing /home/airflow/.local/lib/python3.7/site-packages/airflow/example_dags/example_branch_datetime_operator.py took 0.074 seconds
[2026-02-25T04:56:58.449+0000] {processor.py:156} INFO - Started process (PID=1136) to work on /home/airflow/.local/lib/python3.7/site-packages/airflow/example_dags/example_branch_datetime_operator.py
[2026-02-25T04:56:58.451+0000] {processor.py:799} INFO - Processing file /home/airflow/.local/lib/python3.7/site-packages/airflow/example_dags/example_branch_datetime_operator.py for tasks to queue
[2026-02-25T04:56:58.452+0000] {logging_mixin.py:149} INFO - [2026-02-25T04:56:58.452+0000] {dagbag.py:541} INFO - Filling up the DagBag from /home/airflow/.local/lib/python3.7/site-packages/airflow/example_dags/example_branch_datetime_operator.py
[2026-02-25T04:56:58.459+0000] {processor.py:809} INFO - DAG(s) dict_keys(['example_branch_datetime_operator_2', 'example_branch_datetime_operator_3', 'example_branch_datetime_operator']) retrieved from /home/airflow/.local/lib/python3.7/site-packages/airflow/example_dags/example_branch_datetime_operator.py
[2026-02-25T04:56:58.490+0000] {logging_mixin.py:149} INFO - [2026-02-25T04:56:58.490+0000] {dag.py:2726} INFO - Sync 3 DAGs
[2026-02-25T04:56:58.513+0000] {logging_mixin.py:149} INFO - [2026-02-25T04:56:58.512+0000] {dag.py:3490} INFO - Setting next_dagrun for example_branch_datetime_operator to 2026-02-24T00:00:00+00:00, run_after=2026-02-25T00:00:00+00:00
[2026-02-25T04:56:58.517+0000] {logging_mixin.py:149} INFO - [2026-02-25T04:56:58.517+0000] {dag.py:3490} INFO - Setting next_dagrun for example_branch_datetime_operator_2 to 2026-02-24T00:00:00+00:00, run_after=2026-02-25T00:00:00+00:00
[2026-02-25T04:56:58.519+0000] {logging_mixin.py:149} INFO - [2026-02-25T04:56:58.519+0000] {dag.py:3490} INFO - Setting next_dagrun for example_branch_datetime_operator_3 to 2026-02-24T00:00:00+00:00, run_after=2026-02-25T00:00:00+00:00
[2026-02-25T04:56:58.531+0000] {processor.py:178} INFO - Processing /home/airflow/.local/lib/python3.7/site-packages/airflow/example_dags/example_branch_datetime_operator.py took 0.084 seconds
[2026-02-25T04:57:28.807+0000] {processor.py:156} INFO - Started process (PID=1199) to work on /home/airflow/.local/lib/python3.7/site-packages/airflow/example_dags/example_branch_datetime_operator.py
[2026-02-25T04:57:28.808+0000] {processor.py:799} INFO - Processing file /home/airflow/.local/lib/python3.7/site-packages/airflow/example_dags/example_branch_datetime_operator.py for tasks to queue
[2026-02-25T04:57:28.813+0000] {logging_mixin.py:149} INFO - [2026-02-25T04:57:28.813+0000] {dagbag.py:541} INFO - Filling up the DagBag from /home/airflow/.local/lib/python3.7/site-packages/airflow/example_dags/example_branch_datetime_operator.py
[2026-02-25T04:57:28.818+0000] {processor.py:809} INFO - DAG(s) dict_keys(['example_branch_datetime_operator_2', 'example_branch_datetime_operator_3', 'example_branch_datetime_operator']) retrieved from /home/airflow/.local/lib/python3.7/site-packages/airflow/example_dags/example_branch_datetime_operator.py
[2026-02-25T04:57:28.842+0000] {logging_mixin.py:149} INFO - [2026-02-25T04:57:28.842+0000] {dag.py:2726} INFO - Sync 3 DAGs
[2026-02-25T04:57:28.862+0000] {logging_mixin.py:149} INFO - [2026-02-25T04:57:28.862+0000] {dag.py:3490} INFO - Setting next_dagrun for example_branch_datetime_operator to 2026-02-24T00:00:00+00:00, run_after=2026-02-25T00:00:00+00:00
[2026-02-25T04:57:28.865+0000] {logging_mixin.py:149} INFO - [2026-02-25T04:57:28.865+0000] {dag.py:3490} INFO - Setting next_dagrun for example_branch_datetime_operator_2 to 2026-02-24T00:00:00+00:00, run_after=2026-02-25T00:00:00+00:00
[2026-02-25T04:57:28.866+0000] {logging_mixin.py:149} INFO - [2026-02-25T04:57:28.866+0000] {dag.py:3490} INFO - Setting next_dagrun for example_branch_datetime_operator_3 to 2026-02-24T00:00:00+00:00, run_after=2026-02-25T00:00:00+00:00
[2026-02-25T04:57:28.876+0000] {processor.py:178} INFO - Processing /home/airflow/.local/lib/python3.7/site-packages/airflow/example_dags/example_branch_datetime_operator.py took 0.071 seconds
[2026-02-25T04:57:59.175+0000] {processor.py:156} INFO - Started process (PID=1262) to work on /home/airflow/.local/lib/python3.7/site-packages/airflow/example_dags/example_branch_datetime_operator.py
[2026-02-25T04:57:59.177+0000] {processor.py:799} INFO - Processing file /home/airflow/.local/lib/python3.7/site-packages/airflow/example_dags/example_branch_datetime_operator.py for tasks to queue
[2026-02-25T04:57:59.178+0000] {logging_mixin.py:149} INFO - [2026-02-25T04:57:59.178+0000] {dagbag.py:541} INFO - Filling up the DagBag from /home/airflow/.local/lib/python3.7/site-packages/airflow/example_dags/example_branch_datetime_operator.py
[2026-02-25T04:57:59.183+0000] {processor.py:809} INFO - DAG(s) dict_keys(['example_branch_datetime_operator_3', 'example_branch_datetime_operator_2', 'example_branch_datetime_operator']) retrieved from /home/airflow/.local/lib/python3.7/site-packages/airflow/example_dags/example_branch_datetime_operator.py
[2026-02-25T04:57:59.204+0000] {logging_mixin.py:149} INFO - [2026-02-25T04:57:59.204+0000] {dag.py:2726} INFO - Sync 3 DAGs
[2026-02-25T04:57:59.221+0000] {logging_mixin.py:149} INFO - [2026-02-25T04:57:59.220+0000] {dag.py:3490} INFO - Setting next_dagrun for example_branch_datetime_operator to 2026-02-24T00:00:00+00:00, run_after=2026-02-25T00:00:00+00:00
[2026-02-25T04:57:59.224+0000] {logging_mixin.py:149} INFO - [2026-02-25T04:57:59.224+0000] {dag.py:3490} INFO - Setting next_dagrun for example_branch_datetime_operator_2 to 2026-02-24T00:00:00+00:00, run_after=2026-02-25T00:00:00+00:00
[2026-02-25T04:57:59.225+0000] {logging_mixin.py:149} INFO - [2026-02-25T04:57:59.225+0000] {dag.py:3490} INFO - Setting next_dagrun for example_branch_datetime_operator_3 to 2026-02-24T00:00:00+00:00, run_after=2026-02-25T00:00:00+00:00
[2026-02-25T04:57:59.239+0000] {processor.py:178} INFO - Processing /home/airflow/.local/lib/python3.7/site-packages/airflow/example_dags/example_branch_datetime_operator.py took 0.067 seconds
[2026-02-25T04:58:29.769+0000] {processor.py:156} INFO - Started process (PID=1325) to work on /home/airflow/.local/lib/python3.7/site-packages/airflow/example_dags/example_branch_datetime_operator.py
[2026-02-25T04:58:29.773+0000] {processor.py:799} INFO - Processing file /home/airflow/.local/lib/python3.7/site-packages/airflow/example_dags/example_branch_datetime_operator.py for tasks to queue
[2026-02-25T04:58:29.773+0000] {logging_mixin.py:149} INFO - [2026-02-25T04:58:29.773+0000] {dagbag.py:541} INFO - Filling up the DagBag from /home/airflow/.local/lib/python3.7/site-packages/airflow/example_dags/example_branch_datetime_operator.py
[2026-02-25T04:58:29.778+0000] {processor.py:809} INFO - DAG(s) dict_keys(['example_branch_datetime_operator_2', 'example_branch_datetime_operator_3', 'example_branch_datetime_operator']) retrieved from /home/airflow/.local/lib/python3.7/site-packages/airflow/example_dags/example_branch_datetime_operator.py
[2026-02-25T04:58:29.806+0000] {logging_mixin.py:149} INFO - [2026-02-25T04:58:29.806+0000] {dag.py:2726} INFO - Sync 3 DAGs
[2026-02-25T04:58:29.824+0000] {logging_mixin.py:149} INFO - [2026-02-25T04:58:29.824+0000] {dag.py:3490} INFO - Setting next_dagrun for example_branch_datetime_operator to 2026-02-24T00:00:00+00:00, run_after=2026-02-25T00:00:00+00:00
[2026-02-25T04:58:29.829+0000] {logging_mixin.py:149} INFO - [2026-02-25T04:58:29.828+0000] {dag.py:3490} INFO - Setting next_dagrun for example_branch_datetime_operator_2 to 2026-02-24T00:00:00+00:00, run_after=2026-02-25T00:00:00+00:00
[2026-02-25T04:58:29.831+0000] {logging_mixin.py:149} INFO - [2026-02-25T04:58:29.831+0000] {dag.py:3490} INFO - Setting next_dagrun for example_branch_datetime_operator_3 to 2026-02-24T00:00:00+00:00, run_after=2026-02-25T00:00:00+00:00
[2026-02-25T04:58:29.847+0000] {processor.py:178} INFO - Processing /home/airflow/.local/lib/python3.7/site-packages/airflow/example_dags/example_branch_datetime_operator.py took 0.080 seconds
[2026-02-25T04:59:00.453+0000] {processor.py:156} INFO - Started process (PID=1387) to work on /home/airflow/.local/lib/python3.7/site-packages/airflow/example_dags/example_branch_datetime_operator.py
[2026-02-25T04:59:00.454+0000] {processor.py:799} INFO - Processing file /home/airflow/.local/lib/python3.7/site-packages/airflow/example_dags/example_branch_datetime_operator.py for tasks to queue
[2026-02-25T04:59:00.455+0000] {logging_mixin.py:149} INFO - [2026-02-25T04:59:00.455+0000] {dagbag.py:541} INFO - Filling up the DagBag from /home/airflow/.local/lib/python3.7/site-packages/airflow/example_dags/example_branch_datetime_operator.py
[2026-02-25T04:59:00.462+0000] {processor.py:809} INFO - DAG(s) dict_keys(['example_branch_datetime_operator_3', 'example_branch_datetime_operator', 'example_branch_datetime_operator_2']) retrieved from /home/airflow/.local/lib/python3.7/site-packages/airflow/example_dags/example_branch_datetime_operator.py
[2026-02-25T04:59:00.500+0000] {logging_mixin.py:149} INFO - [2026-02-25T04:59:00.500+0000] {dag.py:2726} INFO - Sync 3 DAGs
[2026-02-25T04:59:00.521+0000] {logging_mixin.py:149} INFO - [2026-02-25T04:59:00.521+0000] {dag.py:3490} INFO - Setting next_dagrun for example_branch_datetime_operator to 2026-02-24T00:00:00+00:00, run_after=2026-02-25T00:00:00+00:00
[2026-02-25T04:59:00.526+0000] {logging_mixin.py:149} INFO - [2026-02-25T04:59:00.526+0000] {dag.py:3490} INFO - Setting next_dagrun for example_branch_datetime_operator_2 to 2026-02-24T00:00:00+00:00, run_after=2026-02-25T00:00:00+00:00
[2026-02-25T04:59:00.528+0000] {logging_mixin.py:149} INFO - [2026-02-25T04:59:00.528+0000] {dag.py:3490} INFO - Setting next_dagrun for example_branch_datetime_operator_3 to 2026-02-24T00:00:00+00:00, run_after=2026-02-25T00:00:00+00:00
[2026-02-25T04:59:00.541+0000] {processor.py:178} INFO - Processing /home/airflow/.local/lib/python3.7/site-packages/airflow/example_dags/example_branch_datetime_operator.py took 0.090 seconds
[2026-02-25T04:59:31.022+0000] {processor.py:156} INFO - Started process (PID=1450) to work on /home/airflow/.local/lib/python3.7/site-packages/airflow/example_dags/example_branch_datetime_operator.py
[2026-02-25T04:59:31.023+0000] {processor.py:799} INFO - Processing file /home/airflow/.local/lib/python3.7/site-packages/airflow/example_dags/example_branch_datetime_operator.py for tasks to queue
[2026-02-25T04:59:31.023+0000] {logging_mixin.py:149} INFO - [2026-02-25T04:59:31.023+0000] {dagbag.py:541} INFO - Filling up the DagBag from /home/airflow/.local/lib/python3.7/site-packages/airflow/example_dags/example_branch_datetime_operator.py
[2026-02-25T04:59:31.034+0000] {processor.py:809} INFO - DAG(s) dict_keys(['example_branch_datetime_operator_3', 'example_branch_datetime_operator', 'example_branch_datetime_operator_2']) retrieved from /home/airflow/.local/lib/python3.7/site-packages/airflow/example_dags/example_branch_datetime_operator.py
[2026-02-25T04:59:31.064+0000] {logging_mixin.py:149} INFO - [2026-02-25T04:59:31.064+0000] {dag.py:2726} INFO - Sync 3 DAGs
[2026-02-25T04:59:31.083+0000] {logging_mixin.py:149} INFO - [2026-02-25T04:59:31.083+0000] {dag.py:3490} INFO - Setting next_dagrun for example_branch_datetime_operator to 2026-02-24T00:00:00+00:00, run_after=2026-02-25T00:00:00+00:00
[2026-02-25T04:59:31.086+0000] {logging_mixin.py:149} INFO - [2026-02-25T04:59:31.086+0000] {dag.py:3490} INFO - Setting next_dagrun for example_branch_datetime_operator_2 to 2026-02-24T00:00:00+00:00, run_after=2026-02-25T00:00:00+00:00
[2026-02-25T04:59:31.088+0000] {logging_mixin.py:149} INFO - [2026-02-25T04:59:31.088+0000] {dag.py:3490} INFO - Setting next_dagrun for example_branch_datetime_operator_3 to 2026-02-24T00:00:00+00:00, run_after=2026-02-25T00:00:00+00:00
[2026-02-25T04:59:31.100+0000] {processor.py:178} INFO - Processing /home/airflow/.local/lib/python3.7/site-packages/airflow/example_dags/example_branch_datetime_operator.py took 0.081 seconds
