[2026-02-25T04:40:37.927+0000] {processor.py:156} INFO - Started process (PID=48) to work on /home/airflow/.local/lib/python3.7/site-packages/airflow/example_dags/example_datasets.py
[2026-02-25T04:40:37.928+0000] {processor.py:799} INFO - Processing file /home/airflow/.local/lib/python3.7/site-packages/airflow/example_dags/example_datasets.py for tasks to queue
[2026-02-25T04:40:37.929+0000] {logging_mixin.py:149} INFO - [2026-02-25T04:40:37.929+0000] {dagbag.py:541} INFO - Filling up the DagBag from /home/airflow/.local/lib/python3.7/site-packages/airflow/example_dags/example_datasets.py
[2026-02-25T04:40:37.937+0000] {processor.py:809} INFO - DAG(s) dict_keys(['dataset_consumes_1_never_scheduled', 'dataset_produces_1', 'dataset_consumes_1_and_2', 'dataset_consumes_unknown_never_scheduled', 'dataset_consumes_1', 'dataset_produces_2']) retrieved from /home/airflow/.local/lib/python3.7/site-packages/airflow/example_dags/example_datasets.py
[2026-02-25T04:40:38.025+0000] {logging_mixin.py:149} INFO - [2026-02-25T04:40:38.025+0000] {manager.py:504} INFO - Created Permission View: can edit on DAG:dataset_consumes_1_never_scheduled
[2026-02-25T04:40:38.036+0000] {logging_mixin.py:149} INFO - [2026-02-25T04:40:38.035+0000] {manager.py:504} INFO - Created Permission View: can delete on DAG:dataset_consumes_1_never_scheduled
[2026-02-25T04:40:38.041+0000] {logging_mixin.py:149} INFO - [2026-02-25T04:40:38.041+0000] {manager.py:504} INFO - Created Permission View: can read on DAG:dataset_consumes_1_never_scheduled
[2026-02-25T04:40:38.059+0000] {logging_mixin.py:149} INFO - [2026-02-25T04:40:38.059+0000] {manager.py:504} INFO - Created Permission View: can edit on DAG:dataset_produces_1
[2026-02-25T04:40:38.064+0000] {logging_mixin.py:149} INFO - [2026-02-25T04:40:38.064+0000] {manager.py:504} INFO - Created Permission View: can delete on DAG:dataset_produces_1
[2026-02-25T04:40:38.069+0000] {logging_mixin.py:149} INFO - [2026-02-25T04:40:38.068+0000] {manager.py:504} INFO - Created Permission View: can read on DAG:dataset_produces_1
[2026-02-25T04:40:38.081+0000] {logging_mixin.py:149} INFO - [2026-02-25T04:40:38.081+0000] {manager.py:504} INFO - Created Permission View: can edit on DAG:dataset_consumes_1_and_2
[2026-02-25T04:40:38.088+0000] {logging_mixin.py:149} INFO - [2026-02-25T04:40:38.088+0000] {manager.py:504} INFO - Created Permission View: can delete on DAG:dataset_consumes_1_and_2
[2026-02-25T04:40:38.094+0000] {logging_mixin.py:149} INFO - [2026-02-25T04:40:38.094+0000] {manager.py:504} INFO - Created Permission View: can read on DAG:dataset_consumes_1_and_2
[2026-02-25T04:40:38.108+0000] {logging_mixin.py:149} INFO - [2026-02-25T04:40:38.108+0000] {manager.py:504} INFO - Created Permission View: can edit on DAG:dataset_consumes_unknown_never_scheduled
[2026-02-25T04:40:38.119+0000] {logging_mixin.py:149} INFO - [2026-02-25T04:40:38.119+0000] {manager.py:504} INFO - Created Permission View: can delete on DAG:dataset_consumes_unknown_never_scheduled
[2026-02-25T04:40:38.128+0000] {logging_mixin.py:149} INFO - [2026-02-25T04:40:38.128+0000] {manager.py:504} INFO - Created Permission View: can read on DAG:dataset_consumes_unknown_never_scheduled
[2026-02-25T04:40:38.148+0000] {logging_mixin.py:149} INFO - [2026-02-25T04:40:38.148+0000] {manager.py:504} INFO - Created Permission View: can edit on DAG:dataset_consumes_1
[2026-02-25T04:40:38.158+0000] {logging_mixin.py:149} INFO - [2026-02-25T04:40:38.158+0000] {manager.py:504} INFO - Created Permission View: can delete on DAG:dataset_consumes_1
[2026-02-25T04:40:38.167+0000] {logging_mixin.py:149} INFO - [2026-02-25T04:40:38.167+0000] {manager.py:504} INFO - Created Permission View: can read on DAG:dataset_consumes_1
[2026-02-25T04:40:38.183+0000] {logging_mixin.py:149} INFO - [2026-02-25T04:40:38.182+0000] {manager.py:504} INFO - Created Permission View: can edit on DAG:dataset_produces_2
[2026-02-25T04:40:38.189+0000] {logging_mixin.py:149} INFO - [2026-02-25T04:40:38.189+0000] {manager.py:504} INFO - Created Permission View: can delete on DAG:dataset_produces_2
[2026-02-25T04:40:38.197+0000] {logging_mixin.py:149} INFO - [2026-02-25T04:40:38.197+0000] {manager.py:504} INFO - Created Permission View: can read on DAG:dataset_produces_2
[2026-02-25T04:40:38.198+0000] {logging_mixin.py:149} INFO - [2026-02-25T04:40:38.197+0000] {dag.py:2726} INFO - Sync 6 DAGs
[2026-02-25T04:40:38.218+0000] {logging_mixin.py:149} INFO - [2026-02-25T04:40:38.218+0000] {dag.py:2747} INFO - Creating ORM DAG for dataset_consumes_1_never_scheduled
[2026-02-25T04:40:38.220+0000] {logging_mixin.py:149} INFO - [2026-02-25T04:40:38.220+0000] {dag.py:2747} INFO - Creating ORM DAG for dataset_produces_2
[2026-02-25T04:40:38.223+0000] {logging_mixin.py:149} INFO - [2026-02-25T04:40:38.222+0000] {dag.py:2747} INFO - Creating ORM DAG for dataset_produces_1
[2026-02-25T04:40:38.224+0000] {logging_mixin.py:149} INFO - [2026-02-25T04:40:38.224+0000] {dag.py:2747} INFO - Creating ORM DAG for dataset_consumes_1
[2026-02-25T04:40:38.224+0000] {logging_mixin.py:149} INFO - [2026-02-25T04:40:38.224+0000] {dag.py:2747} INFO - Creating ORM DAG for dataset_consumes_1_and_2
[2026-02-25T04:40:38.228+0000] {logging_mixin.py:149} INFO - [2026-02-25T04:40:38.228+0000] {dag.py:2747} INFO - Creating ORM DAG for dataset_consumes_unknown_never_scheduled
[2026-02-25T04:40:38.239+0000] {logging_mixin.py:149} INFO - [2026-02-25T04:40:38.239+0000] {dag.py:3490} INFO - Setting next_dagrun for dataset_consumes_1 to None, run_after=None
[2026-02-25T04:40:38.241+0000] {logging_mixin.py:149} INFO - [2026-02-25T04:40:38.241+0000] {dag.py:3490} INFO - Setting next_dagrun for dataset_consumes_1_and_2 to None, run_after=None
[2026-02-25T04:40:38.241+0000] {logging_mixin.py:149} INFO - [2026-02-25T04:40:38.241+0000] {dag.py:3490} INFO - Setting next_dagrun for dataset_consumes_1_never_scheduled to None, run_after=None
[2026-02-25T04:40:38.242+0000] {logging_mixin.py:149} INFO - [2026-02-25T04:40:38.242+0000] {dag.py:3490} INFO - Setting next_dagrun for dataset_consumes_unknown_never_scheduled to None, run_after=None
[2026-02-25T04:40:38.246+0000] {logging_mixin.py:149} INFO - [2026-02-25T04:40:38.246+0000] {dag.py:3490} INFO - Setting next_dagrun for dataset_produces_1 to 2026-02-24T00:00:00+00:00, run_after=2026-02-25T00:00:00+00:00
[2026-02-25T04:40:38.249+0000] {logging_mixin.py:149} INFO - [2026-02-25T04:40:38.248+0000] {dag.py:3490} INFO - Setting next_dagrun for dataset_produces_2 to None, run_after=None
[2026-02-25T04:40:38.288+0000] {processor.py:178} INFO - Processing /home/airflow/.local/lib/python3.7/site-packages/airflow/example_dags/example_datasets.py took 0.368 seconds
[2026-02-25T04:41:08.566+0000] {processor.py:156} INFO - Started process (PID=111) to work on /home/airflow/.local/lib/python3.7/site-packages/airflow/example_dags/example_datasets.py
[2026-02-25T04:41:08.566+0000] {processor.py:799} INFO - Processing file /home/airflow/.local/lib/python3.7/site-packages/airflow/example_dags/example_datasets.py for tasks to queue
[2026-02-25T04:41:08.567+0000] {logging_mixin.py:149} INFO - [2026-02-25T04:41:08.567+0000] {dagbag.py:541} INFO - Filling up the DagBag from /home/airflow/.local/lib/python3.7/site-packages/airflow/example_dags/example_datasets.py
[2026-02-25T04:41:08.576+0000] {processor.py:809} INFO - DAG(s) dict_keys(['dataset_consumes_1_never_scheduled', 'dataset_produces_2', 'dataset_consumes_1_and_2', 'dataset_consumes_1', 'dataset_produces_1', 'dataset_consumes_unknown_never_scheduled']) retrieved from /home/airflow/.local/lib/python3.7/site-packages/airflow/example_dags/example_datasets.py
[2026-02-25T04:41:08.607+0000] {logging_mixin.py:149} INFO - [2026-02-25T04:41:08.607+0000] {dag.py:2726} INFO - Sync 6 DAGs
[2026-02-25T04:41:08.626+0000] {logging_mixin.py:149} INFO - [2026-02-25T04:41:08.626+0000] {dag.py:3490} INFO - Setting next_dagrun for dataset_consumes_1 to None, run_after=None
[2026-02-25T04:41:08.629+0000] {logging_mixin.py:149} INFO - [2026-02-25T04:41:08.629+0000] {dag.py:3490} INFO - Setting next_dagrun for dataset_consumes_1_and_2 to None, run_after=None
[2026-02-25T04:41:08.630+0000] {logging_mixin.py:149} INFO - [2026-02-25T04:41:08.630+0000] {dag.py:3490} INFO - Setting next_dagrun for dataset_consumes_1_never_scheduled to None, run_after=None
[2026-02-25T04:41:08.631+0000] {logging_mixin.py:149} INFO - [2026-02-25T04:41:08.631+0000] {dag.py:3490} INFO - Setting next_dagrun for dataset_consumes_unknown_never_scheduled to None, run_after=None
[2026-02-25T04:41:08.633+0000] {logging_mixin.py:149} INFO - [2026-02-25T04:41:08.633+0000] {dag.py:3490} INFO - Setting next_dagrun for dataset_produces_1 to 2026-02-24T00:00:00+00:00, run_after=2026-02-25T00:00:00+00:00
[2026-02-25T04:41:08.635+0000] {logging_mixin.py:149} INFO - [2026-02-25T04:41:08.634+0000] {dag.py:3490} INFO - Setting next_dagrun for dataset_produces_2 to None, run_after=None
[2026-02-25T04:41:08.662+0000] {processor.py:178} INFO - Processing /home/airflow/.local/lib/python3.7/site-packages/airflow/example_dags/example_datasets.py took 0.099 seconds
[2026-02-25T04:41:39.161+0000] {processor.py:156} INFO - Started process (PID=174) to work on /home/airflow/.local/lib/python3.7/site-packages/airflow/example_dags/example_datasets.py
[2026-02-25T04:41:39.163+0000] {processor.py:799} INFO - Processing file /home/airflow/.local/lib/python3.7/site-packages/airflow/example_dags/example_datasets.py for tasks to queue
[2026-02-25T04:41:39.165+0000] {logging_mixin.py:149} INFO - [2026-02-25T04:41:39.165+0000] {dagbag.py:541} INFO - Filling up the DagBag from /home/airflow/.local/lib/python3.7/site-packages/airflow/example_dags/example_datasets.py
[2026-02-25T04:41:39.174+0000] {processor.py:809} INFO - DAG(s) dict_keys(['dataset_produces_2', 'dataset_consumes_1', 'dataset_consumes_1_never_scheduled', 'dataset_consumes_unknown_never_scheduled', 'dataset_produces_1', 'dataset_consumes_1_and_2']) retrieved from /home/airflow/.local/lib/python3.7/site-packages/airflow/example_dags/example_datasets.py
[2026-02-25T04:41:39.210+0000] {logging_mixin.py:149} INFO - [2026-02-25T04:41:39.210+0000] {dag.py:2726} INFO - Sync 6 DAGs
[2026-02-25T04:41:39.234+0000] {logging_mixin.py:149} INFO - [2026-02-25T04:41:39.234+0000] {dag.py:3490} INFO - Setting next_dagrun for dataset_consumes_1 to None, run_after=None
[2026-02-25T04:41:39.236+0000] {logging_mixin.py:149} INFO - [2026-02-25T04:41:39.236+0000] {dag.py:3490} INFO - Setting next_dagrun for dataset_consumes_1_and_2 to None, run_after=None
[2026-02-25T04:41:39.237+0000] {logging_mixin.py:149} INFO - [2026-02-25T04:41:39.237+0000] {dag.py:3490} INFO - Setting next_dagrun for dataset_consumes_1_never_scheduled to None, run_after=None
[2026-02-25T04:41:39.238+0000] {logging_mixin.py:149} INFO - [2026-02-25T04:41:39.238+0000] {dag.py:3490} INFO - Setting next_dagrun for dataset_consumes_unknown_never_scheduled to None, run_after=None
[2026-02-25T04:41:39.240+0000] {logging_mixin.py:149} INFO - [2026-02-25T04:41:39.240+0000] {dag.py:3490} INFO - Setting next_dagrun for dataset_produces_1 to 2026-02-24T00:00:00+00:00, run_after=2026-02-25T00:00:00+00:00
[2026-02-25T04:41:39.241+0000] {logging_mixin.py:149} INFO - [2026-02-25T04:41:39.241+0000] {dag.py:3490} INFO - Setting next_dagrun for dataset_produces_2 to None, run_after=None
[2026-02-25T04:41:39.266+0000] {processor.py:178} INFO - Processing /home/airflow/.local/lib/python3.7/site-packages/airflow/example_dags/example_datasets.py took 0.109 seconds
[2026-02-25T04:42:09.650+0000] {processor.py:156} INFO - Started process (PID=237) to work on /home/airflow/.local/lib/python3.7/site-packages/airflow/example_dags/example_datasets.py
[2026-02-25T04:42:09.651+0000] {processor.py:799} INFO - Processing file /home/airflow/.local/lib/python3.7/site-packages/airflow/example_dags/example_datasets.py for tasks to queue
[2026-02-25T04:42:09.651+0000] {logging_mixin.py:149} INFO - [2026-02-25T04:42:09.651+0000] {dagbag.py:541} INFO - Filling up the DagBag from /home/airflow/.local/lib/python3.7/site-packages/airflow/example_dags/example_datasets.py
[2026-02-25T04:42:09.658+0000] {processor.py:809} INFO - DAG(s) dict_keys(['dataset_consumes_1', 'dataset_consumes_1_never_scheduled', 'dataset_produces_2', 'dataset_produces_1', 'dataset_consumes_1_and_2', 'dataset_consumes_unknown_never_scheduled']) retrieved from /home/airflow/.local/lib/python3.7/site-packages/airflow/example_dags/example_datasets.py
[2026-02-25T04:42:09.694+0000] {logging_mixin.py:149} INFO - [2026-02-25T04:42:09.694+0000] {dag.py:2726} INFO - Sync 6 DAGs
[2026-02-25T04:42:09.717+0000] {logging_mixin.py:149} INFO - [2026-02-25T04:42:09.717+0000] {dag.py:3490} INFO - Setting next_dagrun for dataset_consumes_1 to None, run_after=None
[2026-02-25T04:42:09.719+0000] {logging_mixin.py:149} INFO - [2026-02-25T04:42:09.719+0000] {dag.py:3490} INFO - Setting next_dagrun for dataset_consumes_1_and_2 to None, run_after=None
[2026-02-25T04:42:09.720+0000] {logging_mixin.py:149} INFO - [2026-02-25T04:42:09.720+0000] {dag.py:3490} INFO - Setting next_dagrun for dataset_consumes_1_never_scheduled to None, run_after=None
[2026-02-25T04:42:09.721+0000] {logging_mixin.py:149} INFO - [2026-02-25T04:42:09.721+0000] {dag.py:3490} INFO - Setting next_dagrun for dataset_consumes_unknown_never_scheduled to None, run_after=None
[2026-02-25T04:42:09.723+0000] {logging_mixin.py:149} INFO - [2026-02-25T04:42:09.723+0000] {dag.py:3490} INFO - Setting next_dagrun for dataset_produces_1 to 2026-02-24T00:00:00+00:00, run_after=2026-02-25T00:00:00+00:00
[2026-02-25T04:42:09.724+0000] {logging_mixin.py:149} INFO - [2026-02-25T04:42:09.724+0000] {dag.py:3490} INFO - Setting next_dagrun for dataset_produces_2 to None, run_after=None
[2026-02-25T04:42:09.753+0000] {processor.py:178} INFO - Processing /home/airflow/.local/lib/python3.7/site-packages/airflow/example_dags/example_datasets.py took 0.105 seconds
[2026-02-25T04:42:40.312+0000] {processor.py:156} INFO - Started process (PID=300) to work on /home/airflow/.local/lib/python3.7/site-packages/airflow/example_dags/example_datasets.py
[2026-02-25T04:42:40.313+0000] {processor.py:799} INFO - Processing file /home/airflow/.local/lib/python3.7/site-packages/airflow/example_dags/example_datasets.py for tasks to queue
[2026-02-25T04:42:40.314+0000] {logging_mixin.py:149} INFO - [2026-02-25T04:42:40.314+0000] {dagbag.py:541} INFO - Filling up the DagBag from /home/airflow/.local/lib/python3.7/site-packages/airflow/example_dags/example_datasets.py
[2026-02-25T04:42:40.320+0000] {processor.py:809} INFO - DAG(s) dict_keys(['dataset_consumes_1_and_2', 'dataset_consumes_1', 'dataset_produces_1', 'dataset_consumes_unknown_never_scheduled', 'dataset_consumes_1_never_scheduled', 'dataset_produces_2']) retrieved from /home/airflow/.local/lib/python3.7/site-packages/airflow/example_dags/example_datasets.py
[2026-02-25T04:42:40.354+0000] {logging_mixin.py:149} INFO - [2026-02-25T04:42:40.354+0000] {dag.py:2726} INFO - Sync 6 DAGs
[2026-02-25T04:42:40.373+0000] {logging_mixin.py:149} INFO - [2026-02-25T04:42:40.373+0000] {dag.py:3490} INFO - Setting next_dagrun for dataset_consumes_1 to None, run_after=None
[2026-02-25T04:42:40.376+0000] {logging_mixin.py:149} INFO - [2026-02-25T04:42:40.376+0000] {dag.py:3490} INFO - Setting next_dagrun for dataset_consumes_1_and_2 to None, run_after=None
[2026-02-25T04:42:40.377+0000] {logging_mixin.py:149} INFO - [2026-02-25T04:42:40.377+0000] {dag.py:3490} INFO - Setting next_dagrun for dataset_consumes_1_never_scheduled to None, run_after=None
[2026-02-25T04:42:40.380+0000] {logging_mixin.py:149} INFO - [2026-02-25T04:42:40.380+0000] {dag.py:3490} INFO - Setting next_dagrun for dataset_consumes_unknown_never_scheduled to None, run_after=None
[2026-02-25T04:42:40.382+0000] {logging_mixin.py:149} INFO - [2026-02-25T04:42:40.381+0000] {dag.py:3490} INFO - Setting next_dagrun for dataset_produces_1 to 2026-02-24T00:00:00+00:00, run_after=2026-02-25T00:00:00+00:00
[2026-02-25T04:42:40.382+0000] {logging_mixin.py:149} INFO - [2026-02-25T04:42:40.382+0000] {dag.py:3490} INFO - Setting next_dagrun for dataset_produces_2 to None, run_after=None
[2026-02-25T04:42:40.414+0000] {processor.py:178} INFO - Processing /home/airflow/.local/lib/python3.7/site-packages/airflow/example_dags/example_datasets.py took 0.104 seconds
[2026-02-25T04:48:20.452+0000] {processor.py:156} INFO - Started process (PID=47) to work on /home/airflow/.local/lib/python3.7/site-packages/airflow/example_dags/example_datasets.py
[2026-02-25T04:48:20.453+0000] {processor.py:799} INFO - Processing file /home/airflow/.local/lib/python3.7/site-packages/airflow/example_dags/example_datasets.py for tasks to queue
[2026-02-25T04:48:20.454+0000] {logging_mixin.py:149} INFO - [2026-02-25T04:48:20.454+0000] {dagbag.py:541} INFO - Filling up the DagBag from /home/airflow/.local/lib/python3.7/site-packages/airflow/example_dags/example_datasets.py
[2026-02-25T04:48:20.461+0000] {processor.py:809} INFO - DAG(s) dict_keys(['dataset_consumes_1', 'dataset_consumes_1_never_scheduled', 'dataset_consumes_unknown_never_scheduled', 'dataset_consumes_1_and_2', 'dataset_produces_2', 'dataset_produces_1']) retrieved from /home/airflow/.local/lib/python3.7/site-packages/airflow/example_dags/example_datasets.py
[2026-02-25T04:48:20.478+0000] {logging_mixin.py:149} INFO - [2026-02-25T04:48:20.478+0000] {dag.py:2726} INFO - Sync 6 DAGs
[2026-02-25T04:48:20.501+0000] {logging_mixin.py:149} INFO - [2026-02-25T04:48:20.500+0000] {dag.py:3490} INFO - Setting next_dagrun for dataset_consumes_1 to None, run_after=None
[2026-02-25T04:48:20.503+0000] {logging_mixin.py:149} INFO - [2026-02-25T04:48:20.503+0000] {dag.py:3490} INFO - Setting next_dagrun for dataset_consumes_1_and_2 to None, run_after=None
[2026-02-25T04:48:20.504+0000] {logging_mixin.py:149} INFO - [2026-02-25T04:48:20.503+0000] {dag.py:3490} INFO - Setting next_dagrun for dataset_consumes_1_never_scheduled to None, run_after=None
[2026-02-25T04:48:20.504+0000] {logging_mixin.py:149} INFO - [2026-02-25T04:48:20.504+0000] {dag.py:3490} INFO - Setting next_dagrun for dataset_consumes_unknown_never_scheduled to None, run_after=None
[2026-02-25T04:48:20.506+0000] {logging_mixin.py:149} INFO - [2026-02-25T04:48:20.506+0000] {dag.py:3490} INFO - Setting next_dagrun for dataset_produces_1 to 2026-02-24T00:00:00+00:00, run_after=2026-02-25T00:00:00+00:00
[2026-02-25T04:48:20.506+0000] {logging_mixin.py:149} INFO - [2026-02-25T04:48:20.506+0000] {dag.py:3490} INFO - Setting next_dagrun for dataset_produces_2 to None, run_after=None
[2026-02-25T04:48:20.539+0000] {processor.py:178} INFO - Processing /home/airflow/.local/lib/python3.7/site-packages/airflow/example_dags/example_datasets.py took 0.089 seconds
[2026-02-25T04:48:50.828+0000] {processor.py:156} INFO - Started process (PID=110) to work on /home/airflow/.local/lib/python3.7/site-packages/airflow/example_dags/example_datasets.py
[2026-02-25T04:48:50.832+0000] {processor.py:799} INFO - Processing file /home/airflow/.local/lib/python3.7/site-packages/airflow/example_dags/example_datasets.py for tasks to queue
[2026-02-25T04:48:50.832+0000] {logging_mixin.py:149} INFO - [2026-02-25T04:48:50.832+0000] {dagbag.py:541} INFO - Filling up the DagBag from /home/airflow/.local/lib/python3.7/site-packages/airflow/example_dags/example_datasets.py
[2026-02-25T04:48:50.842+0000] {processor.py:809} INFO - DAG(s) dict_keys(['dataset_produces_1', 'dataset_consumes_1_and_2', 'dataset_consumes_1_never_scheduled', 'dataset_produces_2', 'dataset_consumes_unknown_never_scheduled', 'dataset_consumes_1']) retrieved from /home/airflow/.local/lib/python3.7/site-packages/airflow/example_dags/example_datasets.py
[2026-02-25T04:48:50.920+0000] {logging_mixin.py:149} INFO - [2026-02-25T04:48:50.920+0000] {dag.py:2726} INFO - Sync 6 DAGs
[2026-02-25T04:48:50.938+0000] {logging_mixin.py:149} INFO - [2026-02-25T04:48:50.938+0000] {dag.py:3490} INFO - Setting next_dagrun for dataset_consumes_1 to None, run_after=None
[2026-02-25T04:48:50.940+0000] {logging_mixin.py:149} INFO - [2026-02-25T04:48:50.940+0000] {dag.py:3490} INFO - Setting next_dagrun for dataset_consumes_1_and_2 to None, run_after=None
[2026-02-25T04:48:50.942+0000] {logging_mixin.py:149} INFO - [2026-02-25T04:48:50.942+0000] {dag.py:3490} INFO - Setting next_dagrun for dataset_consumes_1_never_scheduled to None, run_after=None
[2026-02-25T04:48:50.943+0000] {logging_mixin.py:149} INFO - [2026-02-25T04:48:50.943+0000] {dag.py:3490} INFO - Setting next_dagrun for dataset_consumes_unknown_never_scheduled to None, run_after=None
[2026-02-25T04:48:50.946+0000] {logging_mixin.py:149} INFO - [2026-02-25T04:48:50.946+0000] {dag.py:3490} INFO - Setting next_dagrun for dataset_produces_1 to 2026-02-24T00:00:00+00:00, run_after=2026-02-25T00:00:00+00:00
[2026-02-25T04:48:50.949+0000] {logging_mixin.py:149} INFO - [2026-02-25T04:48:50.949+0000] {dag.py:3490} INFO - Setting next_dagrun for dataset_produces_2 to None, run_after=None
[2026-02-25T04:48:50.981+0000] {processor.py:178} INFO - Processing /home/airflow/.local/lib/python3.7/site-packages/airflow/example_dags/example_datasets.py took 0.155 seconds
[2026-02-25T04:49:21.338+0000] {processor.py:156} INFO - Started process (PID=173) to work on /home/airflow/.local/lib/python3.7/site-packages/airflow/example_dags/example_datasets.py
[2026-02-25T04:49:21.338+0000] {processor.py:799} INFO - Processing file /home/airflow/.local/lib/python3.7/site-packages/airflow/example_dags/example_datasets.py for tasks to queue
[2026-02-25T04:49:21.339+0000] {logging_mixin.py:149} INFO - [2026-02-25T04:49:21.339+0000] {dagbag.py:541} INFO - Filling up the DagBag from /home/airflow/.local/lib/python3.7/site-packages/airflow/example_dags/example_datasets.py
[2026-02-25T04:49:21.345+0000] {processor.py:809} INFO - DAG(s) dict_keys(['dataset_consumes_1_never_scheduled', 'dataset_consumes_unknown_never_scheduled', 'dataset_produces_2', 'dataset_consumes_1_and_2', 'dataset_produces_1', 'dataset_consumes_1']) retrieved from /home/airflow/.local/lib/python3.7/site-packages/airflow/example_dags/example_datasets.py
[2026-02-25T04:49:21.369+0000] {logging_mixin.py:149} INFO - [2026-02-25T04:49:21.369+0000] {dag.py:2726} INFO - Sync 6 DAGs
[2026-02-25T04:49:21.385+0000] {logging_mixin.py:149} INFO - [2026-02-25T04:49:21.385+0000] {dag.py:3490} INFO - Setting next_dagrun for dataset_consumes_1 to None, run_after=None
[2026-02-25T04:49:21.387+0000] {logging_mixin.py:149} INFO - [2026-02-25T04:49:21.387+0000] {dag.py:3490} INFO - Setting next_dagrun for dataset_consumes_1_and_2 to None, run_after=None
[2026-02-25T04:49:21.388+0000] {logging_mixin.py:149} INFO - [2026-02-25T04:49:21.388+0000] {dag.py:3490} INFO - Setting next_dagrun for dataset_consumes_1_never_scheduled to None, run_after=None
[2026-02-25T04:49:21.388+0000] {logging_mixin.py:149} INFO - [2026-02-25T04:49:21.388+0000] {dag.py:3490} INFO - Setting next_dagrun for dataset_consumes_unknown_never_scheduled to None, run_after=None
[2026-02-25T04:49:21.390+0000] {logging_mixin.py:149} INFO - [2026-02-25T04:49:21.390+0000] {dag.py:3490} INFO - Setting next_dagrun for dataset_produces_1 to 2026-02-24T00:00:00+00:00, run_after=2026-02-25T00:00:00+00:00
[2026-02-25T04:49:21.391+0000] {logging_mixin.py:149} INFO - [2026-02-25T04:49:21.390+0000] {dag.py:3490} INFO - Setting next_dagrun for dataset_produces_2 to None, run_after=None
[2026-02-25T04:49:21.410+0000] {processor.py:178} INFO - Processing /home/airflow/.local/lib/python3.7/site-packages/airflow/example_dags/example_datasets.py took 0.075 seconds
[2026-02-25T04:49:51.969+0000] {processor.py:156} INFO - Started process (PID=236) to work on /home/airflow/.local/lib/python3.7/site-packages/airflow/example_dags/example_datasets.py
[2026-02-25T04:49:51.973+0000] {processor.py:799} INFO - Processing file /home/airflow/.local/lib/python3.7/site-packages/airflow/example_dags/example_datasets.py for tasks to queue
[2026-02-25T04:49:51.974+0000] {logging_mixin.py:149} INFO - [2026-02-25T04:49:51.974+0000] {dagbag.py:541} INFO - Filling up the DagBag from /home/airflow/.local/lib/python3.7/site-packages/airflow/example_dags/example_datasets.py
[2026-02-25T04:49:51.980+0000] {processor.py:809} INFO - DAG(s) dict_keys(['dataset_consumes_unknown_never_scheduled', 'dataset_produces_1', 'dataset_produces_2', 'dataset_consumes_1_and_2', 'dataset_consumes_1_never_scheduled', 'dataset_consumes_1']) retrieved from /home/airflow/.local/lib/python3.7/site-packages/airflow/example_dags/example_datasets.py
[2026-02-25T04:49:52.015+0000] {logging_mixin.py:149} INFO - [2026-02-25T04:49:52.015+0000] {dag.py:2726} INFO - Sync 6 DAGs
[2026-02-25T04:49:52.036+0000] {logging_mixin.py:149} INFO - [2026-02-25T04:49:52.036+0000] {dag.py:3490} INFO - Setting next_dagrun for dataset_consumes_1 to None, run_after=None
[2026-02-25T04:49:52.041+0000] {logging_mixin.py:149} INFO - [2026-02-25T04:49:52.041+0000] {dag.py:3490} INFO - Setting next_dagrun for dataset_consumes_1_and_2 to None, run_after=None
[2026-02-25T04:49:52.044+0000] {logging_mixin.py:149} INFO - [2026-02-25T04:49:52.044+0000] {dag.py:3490} INFO - Setting next_dagrun for dataset_consumes_1_never_scheduled to None, run_after=None
[2026-02-25T04:49:52.045+0000] {logging_mixin.py:149} INFO - [2026-02-25T04:49:52.044+0000] {dag.py:3490} INFO - Setting next_dagrun for dataset_consumes_unknown_never_scheduled to None, run_after=None
[2026-02-25T04:49:52.047+0000] {logging_mixin.py:149} INFO - [2026-02-25T04:49:52.047+0000] {dag.py:3490} INFO - Setting next_dagrun for dataset_produces_1 to 2026-02-24T00:00:00+00:00, run_after=2026-02-25T00:00:00+00:00
[2026-02-25T04:49:52.048+0000] {logging_mixin.py:149} INFO - [2026-02-25T04:49:52.048+0000] {dag.py:3490} INFO - Setting next_dagrun for dataset_produces_2 to None, run_after=None
[2026-02-25T04:49:52.075+0000] {processor.py:178} INFO - Processing /home/airflow/.local/lib/python3.7/site-packages/airflow/example_dags/example_datasets.py took 0.111 seconds
[2026-02-25T04:50:22.395+0000] {processor.py:156} INFO - Started process (PID=299) to work on /home/airflow/.local/lib/python3.7/site-packages/airflow/example_dags/example_datasets.py
[2026-02-25T04:50:22.396+0000] {processor.py:799} INFO - Processing file /home/airflow/.local/lib/python3.7/site-packages/airflow/example_dags/example_datasets.py for tasks to queue
[2026-02-25T04:50:22.398+0000] {logging_mixin.py:149} INFO - [2026-02-25T04:50:22.398+0000] {dagbag.py:541} INFO - Filling up the DagBag from /home/airflow/.local/lib/python3.7/site-packages/airflow/example_dags/example_datasets.py
[2026-02-25T04:50:22.404+0000] {processor.py:809} INFO - DAG(s) dict_keys(['dataset_consumes_unknown_never_scheduled', 'dataset_consumes_1_never_scheduled', 'dataset_consumes_1_and_2', 'dataset_produces_2', 'dataset_consumes_1', 'dataset_produces_1']) retrieved from /home/airflow/.local/lib/python3.7/site-packages/airflow/example_dags/example_datasets.py
[2026-02-25T04:50:22.432+0000] {logging_mixin.py:149} INFO - [2026-02-25T04:50:22.432+0000] {dag.py:2726} INFO - Sync 6 DAGs
[2026-02-25T04:50:22.454+0000] {logging_mixin.py:149} INFO - [2026-02-25T04:50:22.453+0000] {dag.py:3490} INFO - Setting next_dagrun for dataset_consumes_1 to None, run_after=None
[2026-02-25T04:50:22.456+0000] {logging_mixin.py:149} INFO - [2026-02-25T04:50:22.456+0000] {dag.py:3490} INFO - Setting next_dagrun for dataset_consumes_1_and_2 to None, run_after=None
[2026-02-25T04:50:22.457+0000] {logging_mixin.py:149} INFO - [2026-02-25T04:50:22.457+0000] {dag.py:3490} INFO - Setting next_dagrun for dataset_consumes_1_never_scheduled to None, run_after=None
[2026-02-25T04:50:22.458+0000] {logging_mixin.py:149} INFO - [2026-02-25T04:50:22.458+0000] {dag.py:3490} INFO - Setting next_dagrun for dataset_consumes_unknown_never_scheduled to None, run_after=None
[2026-02-25T04:50:22.462+0000] {logging_mixin.py:149} INFO - [2026-02-25T04:50:22.461+0000] {dag.py:3490} INFO - Setting next_dagrun for dataset_produces_1 to 2026-02-24T00:00:00+00:00, run_after=2026-02-25T00:00:00+00:00
[2026-02-25T04:50:22.462+0000] {logging_mixin.py:149} INFO - [2026-02-25T04:50:22.462+0000] {dag.py:3490} INFO - Setting next_dagrun for dataset_produces_2 to None, run_after=None
[2026-02-25T04:50:22.498+0000] {processor.py:178} INFO - Processing /home/airflow/.local/lib/python3.7/site-packages/airflow/example_dags/example_datasets.py took 0.106 seconds
[2026-02-25T04:50:52.632+0000] {processor.py:156} INFO - Started process (PID=362) to work on /home/airflow/.local/lib/python3.7/site-packages/airflow/example_dags/example_datasets.py
[2026-02-25T04:50:52.634+0000] {processor.py:799} INFO - Processing file /home/airflow/.local/lib/python3.7/site-packages/airflow/example_dags/example_datasets.py for tasks to queue
[2026-02-25T04:50:52.635+0000] {logging_mixin.py:149} INFO - [2026-02-25T04:50:52.635+0000] {dagbag.py:541} INFO - Filling up the DagBag from /home/airflow/.local/lib/python3.7/site-packages/airflow/example_dags/example_datasets.py
[2026-02-25T04:50:52.643+0000] {processor.py:809} INFO - DAG(s) dict_keys(['dataset_consumes_unknown_never_scheduled', 'dataset_consumes_1', 'dataset_consumes_1_and_2', 'dataset_produces_2', 'dataset_consumes_1_never_scheduled', 'dataset_produces_1']) retrieved from /home/airflow/.local/lib/python3.7/site-packages/airflow/example_dags/example_datasets.py
[2026-02-25T04:50:52.674+0000] {logging_mixin.py:149} INFO - [2026-02-25T04:50:52.674+0000] {dag.py:2726} INFO - Sync 6 DAGs
[2026-02-25T04:50:52.694+0000] {logging_mixin.py:149} INFO - [2026-02-25T04:50:52.694+0000] {dag.py:3490} INFO - Setting next_dagrun for dataset_consumes_1 to None, run_after=None
[2026-02-25T04:50:52.696+0000] {logging_mixin.py:149} INFO - [2026-02-25T04:50:52.696+0000] {dag.py:3490} INFO - Setting next_dagrun for dataset_consumes_1_and_2 to None, run_after=None
[2026-02-25T04:50:52.699+0000] {logging_mixin.py:149} INFO - [2026-02-25T04:50:52.699+0000] {dag.py:3490} INFO - Setting next_dagrun for dataset_consumes_1_never_scheduled to None, run_after=None
[2026-02-25T04:50:52.699+0000] {logging_mixin.py:149} INFO - [2026-02-25T04:50:52.699+0000] {dag.py:3490} INFO - Setting next_dagrun for dataset_consumes_unknown_never_scheduled to None, run_after=None
[2026-02-25T04:50:52.703+0000] {logging_mixin.py:149} INFO - [2026-02-25T04:50:52.703+0000] {dag.py:3490} INFO - Setting next_dagrun for dataset_produces_1 to 2026-02-24T00:00:00+00:00, run_after=2026-02-25T00:00:00+00:00
[2026-02-25T04:50:52.706+0000] {logging_mixin.py:149} INFO - [2026-02-25T04:50:52.706+0000] {dag.py:3490} INFO - Setting next_dagrun for dataset_produces_2 to None, run_after=None
[2026-02-25T04:50:52.737+0000] {processor.py:178} INFO - Processing /home/airflow/.local/lib/python3.7/site-packages/airflow/example_dags/example_datasets.py took 0.107 seconds
[2026-02-25T04:51:22.982+0000] {processor.py:156} INFO - Started process (PID=425) to work on /home/airflow/.local/lib/python3.7/site-packages/airflow/example_dags/example_datasets.py
[2026-02-25T04:51:22.983+0000] {processor.py:799} INFO - Processing file /home/airflow/.local/lib/python3.7/site-packages/airflow/example_dags/example_datasets.py for tasks to queue
[2026-02-25T04:51:22.983+0000] {logging_mixin.py:149} INFO - [2026-02-25T04:51:22.983+0000] {dagbag.py:541} INFO - Filling up the DagBag from /home/airflow/.local/lib/python3.7/site-packages/airflow/example_dags/example_datasets.py
[2026-02-25T04:51:22.989+0000] {processor.py:809} INFO - DAG(s) dict_keys(['dataset_consumes_unknown_never_scheduled', 'dataset_consumes_1_and_2', 'dataset_produces_1', 'dataset_consumes_1', 'dataset_produces_2', 'dataset_consumes_1_never_scheduled']) retrieved from /home/airflow/.local/lib/python3.7/site-packages/airflow/example_dags/example_datasets.py
[2026-02-25T04:51:23.020+0000] {logging_mixin.py:149} INFO - [2026-02-25T04:51:23.019+0000] {dag.py:2726} INFO - Sync 6 DAGs
[2026-02-25T04:51:23.042+0000] {logging_mixin.py:149} INFO - [2026-02-25T04:51:23.042+0000] {dag.py:3490} INFO - Setting next_dagrun for dataset_consumes_1 to None, run_after=None
[2026-02-25T04:51:23.046+0000] {logging_mixin.py:149} INFO - [2026-02-25T04:51:23.045+0000] {dag.py:3490} INFO - Setting next_dagrun for dataset_consumes_1_and_2 to None, run_after=None
[2026-02-25T04:51:23.047+0000] {logging_mixin.py:149} INFO - [2026-02-25T04:51:23.047+0000] {dag.py:3490} INFO - Setting next_dagrun for dataset_consumes_1_never_scheduled to None, run_after=None
[2026-02-25T04:51:23.048+0000] {logging_mixin.py:149} INFO - [2026-02-25T04:51:23.048+0000] {dag.py:3490} INFO - Setting next_dagrun for dataset_consumes_unknown_never_scheduled to None, run_after=None
[2026-02-25T04:51:23.050+0000] {logging_mixin.py:149} INFO - [2026-02-25T04:51:23.050+0000] {dag.py:3490} INFO - Setting next_dagrun for dataset_produces_1 to 2026-02-24T00:00:00+00:00, run_after=2026-02-25T00:00:00+00:00
[2026-02-25T04:51:23.052+0000] {logging_mixin.py:149} INFO - [2026-02-25T04:51:23.052+0000] {dag.py:3490} INFO - Setting next_dagrun for dataset_produces_2 to None, run_after=None
[2026-02-25T04:51:23.084+0000] {processor.py:178} INFO - Processing /home/airflow/.local/lib/python3.7/site-packages/airflow/example_dags/example_datasets.py took 0.104 seconds
[2026-02-25T04:51:53.117+0000] {processor.py:156} INFO - Started process (PID=488) to work on /home/airflow/.local/lib/python3.7/site-packages/airflow/example_dags/example_datasets.py
[2026-02-25T04:51:53.118+0000] {processor.py:799} INFO - Processing file /home/airflow/.local/lib/python3.7/site-packages/airflow/example_dags/example_datasets.py for tasks to queue
[2026-02-25T04:51:53.118+0000] {logging_mixin.py:149} INFO - [2026-02-25T04:51:53.118+0000] {dagbag.py:541} INFO - Filling up the DagBag from /home/airflow/.local/lib/python3.7/site-packages/airflow/example_dags/example_datasets.py
[2026-02-25T04:51:53.124+0000] {processor.py:809} INFO - DAG(s) dict_keys(['dataset_consumes_unknown_never_scheduled', 'dataset_consumes_1_never_scheduled', 'dataset_produces_2', 'dataset_consumes_1', 'dataset_produces_1', 'dataset_consumes_1_and_2']) retrieved from /home/airflow/.local/lib/python3.7/site-packages/airflow/example_dags/example_datasets.py
[2026-02-25T04:51:53.151+0000] {logging_mixin.py:149} INFO - [2026-02-25T04:51:53.150+0000] {dag.py:2726} INFO - Sync 6 DAGs
[2026-02-25T04:51:53.168+0000] {logging_mixin.py:149} INFO - [2026-02-25T04:51:53.168+0000] {dag.py:3490} INFO - Setting next_dagrun for dataset_consumes_1 to None, run_after=None
[2026-02-25T04:51:53.171+0000] {logging_mixin.py:149} INFO - [2026-02-25T04:51:53.170+0000] {dag.py:3490} INFO - Setting next_dagrun for dataset_consumes_1_and_2 to None, run_after=None
[2026-02-25T04:51:53.172+0000] {logging_mixin.py:149} INFO - [2026-02-25T04:51:53.172+0000] {dag.py:3490} INFO - Setting next_dagrun for dataset_consumes_1_never_scheduled to None, run_after=None
[2026-02-25T04:51:53.173+0000] {logging_mixin.py:149} INFO - [2026-02-25T04:51:53.173+0000] {dag.py:3490} INFO - Setting next_dagrun for dataset_consumes_unknown_never_scheduled to None, run_after=None
[2026-02-25T04:51:53.176+0000] {logging_mixin.py:149} INFO - [2026-02-25T04:51:53.176+0000] {dag.py:3490} INFO - Setting next_dagrun for dataset_produces_1 to 2026-02-24T00:00:00+00:00, run_after=2026-02-25T00:00:00+00:00
[2026-02-25T04:51:53.177+0000] {logging_mixin.py:149} INFO - [2026-02-25T04:51:53.177+0000] {dag.py:3490} INFO - Setting next_dagrun for dataset_produces_2 to None, run_after=None
[2026-02-25T04:51:53.203+0000] {processor.py:178} INFO - Processing /home/airflow/.local/lib/python3.7/site-packages/airflow/example_dags/example_datasets.py took 0.088 seconds
[2026-02-25T04:52:23.624+0000] {processor.py:156} INFO - Started process (PID=551) to work on /home/airflow/.local/lib/python3.7/site-packages/airflow/example_dags/example_datasets.py
[2026-02-25T04:52:23.625+0000] {processor.py:799} INFO - Processing file /home/airflow/.local/lib/python3.7/site-packages/airflow/example_dags/example_datasets.py for tasks to queue
[2026-02-25T04:52:23.626+0000] {logging_mixin.py:149} INFO - [2026-02-25T04:52:23.626+0000] {dagbag.py:541} INFO - Filling up the DagBag from /home/airflow/.local/lib/python3.7/site-packages/airflow/example_dags/example_datasets.py
[2026-02-25T04:52:23.636+0000] {processor.py:809} INFO - DAG(s) dict_keys(['dataset_consumes_1_never_scheduled', 'dataset_consumes_1', 'dataset_produces_1', 'dataset_produces_2', 'dataset_consumes_unknown_never_scheduled', 'dataset_consumes_1_and_2']) retrieved from /home/airflow/.local/lib/python3.7/site-packages/airflow/example_dags/example_datasets.py
[2026-02-25T04:52:23.673+0000] {logging_mixin.py:149} INFO - [2026-02-25T04:52:23.673+0000] {dag.py:2726} INFO - Sync 6 DAGs
[2026-02-25T04:52:23.698+0000] {logging_mixin.py:149} INFO - [2026-02-25T04:52:23.698+0000] {dag.py:3490} INFO - Setting next_dagrun for dataset_consumes_1 to None, run_after=None
[2026-02-25T04:52:23.703+0000] {logging_mixin.py:149} INFO - [2026-02-25T04:52:23.702+0000] {dag.py:3490} INFO - Setting next_dagrun for dataset_consumes_1_and_2 to None, run_after=None
[2026-02-25T04:52:23.705+0000] {logging_mixin.py:149} INFO - [2026-02-25T04:52:23.705+0000] {dag.py:3490} INFO - Setting next_dagrun for dataset_consumes_1_never_scheduled to None, run_after=None
[2026-02-25T04:52:23.706+0000] {logging_mixin.py:149} INFO - [2026-02-25T04:52:23.706+0000] {dag.py:3490} INFO - Setting next_dagrun for dataset_consumes_unknown_never_scheduled to None, run_after=None
[2026-02-25T04:52:23.709+0000] {logging_mixin.py:149} INFO - [2026-02-25T04:52:23.709+0000] {dag.py:3490} INFO - Setting next_dagrun for dataset_produces_1 to 2026-02-24T00:00:00+00:00, run_after=2026-02-25T00:00:00+00:00
[2026-02-25T04:52:23.710+0000] {logging_mixin.py:149} INFO - [2026-02-25T04:52:23.710+0000] {dag.py:3490} INFO - Setting next_dagrun for dataset_produces_2 to None, run_after=None
[2026-02-25T04:52:23.756+0000] {processor.py:178} INFO - Processing /home/airflow/.local/lib/python3.7/site-packages/airflow/example_dags/example_datasets.py took 0.135 seconds
[2026-02-25T04:52:54.081+0000] {processor.py:156} INFO - Started process (PID=614) to work on /home/airflow/.local/lib/python3.7/site-packages/airflow/example_dags/example_datasets.py
[2026-02-25T04:52:54.084+0000] {processor.py:799} INFO - Processing file /home/airflow/.local/lib/python3.7/site-packages/airflow/example_dags/example_datasets.py for tasks to queue
[2026-02-25T04:52:54.085+0000] {logging_mixin.py:149} INFO - [2026-02-25T04:52:54.085+0000] {dagbag.py:541} INFO - Filling up the DagBag from /home/airflow/.local/lib/python3.7/site-packages/airflow/example_dags/example_datasets.py
[2026-02-25T04:52:54.094+0000] {processor.py:809} INFO - DAG(s) dict_keys(['dataset_produces_2', 'dataset_produces_1', 'dataset_consumes_1_never_scheduled', 'dataset_consumes_1_and_2', 'dataset_consumes_1', 'dataset_consumes_unknown_never_scheduled']) retrieved from /home/airflow/.local/lib/python3.7/site-packages/airflow/example_dags/example_datasets.py
[2026-02-25T04:52:54.131+0000] {logging_mixin.py:149} INFO - [2026-02-25T04:52:54.131+0000] {dag.py:2726} INFO - Sync 6 DAGs
[2026-02-25T04:52:54.153+0000] {logging_mixin.py:149} INFO - [2026-02-25T04:52:54.153+0000] {dag.py:3490} INFO - Setting next_dagrun for dataset_consumes_1 to None, run_after=None
[2026-02-25T04:52:54.157+0000] {logging_mixin.py:149} INFO - [2026-02-25T04:52:54.157+0000] {dag.py:3490} INFO - Setting next_dagrun for dataset_consumes_1_and_2 to None, run_after=None
[2026-02-25T04:52:54.158+0000] {logging_mixin.py:149} INFO - [2026-02-25T04:52:54.158+0000] {dag.py:3490} INFO - Setting next_dagrun for dataset_consumes_1_never_scheduled to None, run_after=None
[2026-02-25T04:52:54.159+0000] {logging_mixin.py:149} INFO - [2026-02-25T04:52:54.159+0000] {dag.py:3490} INFO - Setting next_dagrun for dataset_consumes_unknown_never_scheduled to None, run_after=None
[2026-02-25T04:52:54.161+0000] {logging_mixin.py:149} INFO - [2026-02-25T04:52:54.161+0000] {dag.py:3490} INFO - Setting next_dagrun for dataset_produces_1 to 2026-02-24T00:00:00+00:00, run_after=2026-02-25T00:00:00+00:00
[2026-02-25T04:52:54.162+0000] {logging_mixin.py:149} INFO - [2026-02-25T04:52:54.162+0000] {dag.py:3490} INFO - Setting next_dagrun for dataset_produces_2 to None, run_after=None
[2026-02-25T04:52:54.191+0000] {processor.py:178} INFO - Processing /home/airflow/.local/lib/python3.7/site-packages/airflow/example_dags/example_datasets.py took 0.112 seconds
[2026-02-25T04:53:24.643+0000] {processor.py:156} INFO - Started process (PID=684) to work on /home/airflow/.local/lib/python3.7/site-packages/airflow/example_dags/example_datasets.py
[2026-02-25T04:53:24.644+0000] {processor.py:799} INFO - Processing file /home/airflow/.local/lib/python3.7/site-packages/airflow/example_dags/example_datasets.py for tasks to queue
[2026-02-25T04:53:24.644+0000] {logging_mixin.py:149} INFO - [2026-02-25T04:53:24.644+0000] {dagbag.py:541} INFO - Filling up the DagBag from /home/airflow/.local/lib/python3.7/site-packages/airflow/example_dags/example_datasets.py
[2026-02-25T04:53:24.657+0000] {processor.py:809} INFO - DAG(s) dict_keys(['dataset_consumes_1_and_2', 'dataset_consumes_unknown_never_scheduled', 'dataset_produces_2', 'dataset_consumes_1', 'dataset_consumes_1_never_scheduled', 'dataset_produces_1']) retrieved from /home/airflow/.local/lib/python3.7/site-packages/airflow/example_dags/example_datasets.py
[2026-02-25T04:53:24.697+0000] {logging_mixin.py:149} INFO - [2026-02-25T04:53:24.697+0000] {dag.py:2726} INFO - Sync 6 DAGs
[2026-02-25T04:53:24.715+0000] {logging_mixin.py:149} INFO - [2026-02-25T04:53:24.715+0000] {dag.py:3490} INFO - Setting next_dagrun for dataset_consumes_1 to None, run_after=None
[2026-02-25T04:53:24.719+0000] {logging_mixin.py:149} INFO - [2026-02-25T04:53:24.719+0000] {dag.py:3490} INFO - Setting next_dagrun for dataset_consumes_1_and_2 to None, run_after=None
[2026-02-25T04:53:24.721+0000] {logging_mixin.py:149} INFO - [2026-02-25T04:53:24.721+0000] {dag.py:3490} INFO - Setting next_dagrun for dataset_consumes_1_never_scheduled to None, run_after=None
[2026-02-25T04:53:24.724+0000] {logging_mixin.py:149} INFO - [2026-02-25T04:53:24.724+0000] {dag.py:3490} INFO - Setting next_dagrun for dataset_consumes_unknown_never_scheduled to None, run_after=None
[2026-02-25T04:53:24.726+0000] {logging_mixin.py:149} INFO - [2026-02-25T04:53:24.726+0000] {dag.py:3490} INFO - Setting next_dagrun for dataset_produces_1 to 2026-02-24T00:00:00+00:00, run_after=2026-02-25T00:00:00+00:00
[2026-02-25T04:53:24.730+0000] {logging_mixin.py:149} INFO - [2026-02-25T04:53:24.730+0000] {dag.py:3490} INFO - Setting next_dagrun for dataset_produces_2 to None, run_after=None
[2026-02-25T04:53:24.754+0000] {processor.py:178} INFO - Processing /home/airflow/.local/lib/python3.7/site-packages/airflow/example_dags/example_datasets.py took 0.115 seconds
[2026-02-25T04:53:55.230+0000] {processor.py:156} INFO - Started process (PID=747) to work on /home/airflow/.local/lib/python3.7/site-packages/airflow/example_dags/example_datasets.py
[2026-02-25T04:53:55.231+0000] {processor.py:799} INFO - Processing file /home/airflow/.local/lib/python3.7/site-packages/airflow/example_dags/example_datasets.py for tasks to queue
[2026-02-25T04:53:55.232+0000] {logging_mixin.py:149} INFO - [2026-02-25T04:53:55.232+0000] {dagbag.py:541} INFO - Filling up the DagBag from /home/airflow/.local/lib/python3.7/site-packages/airflow/example_dags/example_datasets.py
[2026-02-25T04:53:55.243+0000] {processor.py:809} INFO - DAG(s) dict_keys(['dataset_produces_1', 'dataset_consumes_unknown_never_scheduled', 'dataset_consumes_1', 'dataset_consumes_1_and_2', 'dataset_produces_2', 'dataset_consumes_1_never_scheduled']) retrieved from /home/airflow/.local/lib/python3.7/site-packages/airflow/example_dags/example_datasets.py
[2026-02-25T04:53:55.280+0000] {logging_mixin.py:149} INFO - [2026-02-25T04:53:55.280+0000] {dag.py:2726} INFO - Sync 6 DAGs
[2026-02-25T04:53:55.304+0000] {logging_mixin.py:149} INFO - [2026-02-25T04:53:55.304+0000] {dag.py:3490} INFO - Setting next_dagrun for dataset_consumes_1 to None, run_after=None
[2026-02-25T04:53:55.308+0000] {logging_mixin.py:149} INFO - [2026-02-25T04:53:55.308+0000] {dag.py:3490} INFO - Setting next_dagrun for dataset_consumes_1_and_2 to None, run_after=None
[2026-02-25T04:53:55.309+0000] {logging_mixin.py:149} INFO - [2026-02-25T04:53:55.309+0000] {dag.py:3490} INFO - Setting next_dagrun for dataset_consumes_1_never_scheduled to None, run_after=None
[2026-02-25T04:53:55.312+0000] {logging_mixin.py:149} INFO - [2026-02-25T04:53:55.312+0000] {dag.py:3490} INFO - Setting next_dagrun for dataset_consumes_unknown_never_scheduled to None, run_after=None
[2026-02-25T04:53:55.315+0000] {logging_mixin.py:149} INFO - [2026-02-25T04:53:55.315+0000] {dag.py:3490} INFO - Setting next_dagrun for dataset_produces_1 to 2026-02-24T00:00:00+00:00, run_after=2026-02-25T00:00:00+00:00
[2026-02-25T04:53:55.316+0000] {logging_mixin.py:149} INFO - [2026-02-25T04:53:55.316+0000] {dag.py:3490} INFO - Setting next_dagrun for dataset_produces_2 to None, run_after=None
[2026-02-25T04:53:55.349+0000] {processor.py:178} INFO - Processing /home/airflow/.local/lib/python3.7/site-packages/airflow/example_dags/example_datasets.py took 0.123 seconds
[2026-02-25T04:54:25.671+0000] {processor.py:156} INFO - Started process (PID=810) to work on /home/airflow/.local/lib/python3.7/site-packages/airflow/example_dags/example_datasets.py
[2026-02-25T04:54:25.673+0000] {processor.py:799} INFO - Processing file /home/airflow/.local/lib/python3.7/site-packages/airflow/example_dags/example_datasets.py for tasks to queue
[2026-02-25T04:54:25.674+0000] {logging_mixin.py:149} INFO - [2026-02-25T04:54:25.674+0000] {dagbag.py:541} INFO - Filling up the DagBag from /home/airflow/.local/lib/python3.7/site-packages/airflow/example_dags/example_datasets.py
[2026-02-25T04:54:25.682+0000] {processor.py:809} INFO - DAG(s) dict_keys(['dataset_produces_2', 'dataset_consumes_1', 'dataset_consumes_unknown_never_scheduled', 'dataset_consumes_1_and_2', 'dataset_produces_1', 'dataset_consumes_1_never_scheduled']) retrieved from /home/airflow/.local/lib/python3.7/site-packages/airflow/example_dags/example_datasets.py
[2026-02-25T04:54:25.710+0000] {logging_mixin.py:149} INFO - [2026-02-25T04:54:25.710+0000] {dag.py:2726} INFO - Sync 6 DAGs
[2026-02-25T04:54:25.729+0000] {logging_mixin.py:149} INFO - [2026-02-25T04:54:25.729+0000] {dag.py:3490} INFO - Setting next_dagrun for dataset_consumes_1 to None, run_after=None
[2026-02-25T04:54:25.732+0000] {logging_mixin.py:149} INFO - [2026-02-25T04:54:25.731+0000] {dag.py:3490} INFO - Setting next_dagrun for dataset_consumes_1_and_2 to None, run_after=None
[2026-02-25T04:54:25.732+0000] {logging_mixin.py:149} INFO - [2026-02-25T04:54:25.732+0000] {dag.py:3490} INFO - Setting next_dagrun for dataset_consumes_1_never_scheduled to None, run_after=None
[2026-02-25T04:54:25.733+0000] {logging_mixin.py:149} INFO - [2026-02-25T04:54:25.733+0000] {dag.py:3490} INFO - Setting next_dagrun for dataset_consumes_unknown_never_scheduled to None, run_after=None
[2026-02-25T04:54:25.735+0000] {logging_mixin.py:149} INFO - [2026-02-25T04:54:25.735+0000] {dag.py:3490} INFO - Setting next_dagrun for dataset_produces_1 to 2026-02-24T00:00:00+00:00, run_after=2026-02-25T00:00:00+00:00
[2026-02-25T04:54:25.736+0000] {logging_mixin.py:149} INFO - [2026-02-25T04:54:25.736+0000] {dag.py:3490} INFO - Setting next_dagrun for dataset_produces_2 to None, run_after=None
[2026-02-25T04:54:25.777+0000] {processor.py:178} INFO - Processing /home/airflow/.local/lib/python3.7/site-packages/airflow/example_dags/example_datasets.py took 0.108 seconds
[2026-02-25T04:54:55.975+0000] {processor.py:156} INFO - Started process (PID=873) to work on /home/airflow/.local/lib/python3.7/site-packages/airflow/example_dags/example_datasets.py
[2026-02-25T04:54:55.976+0000] {processor.py:799} INFO - Processing file /home/airflow/.local/lib/python3.7/site-packages/airflow/example_dags/example_datasets.py for tasks to queue
[2026-02-25T04:54:55.977+0000] {logging_mixin.py:149} INFO - [2026-02-25T04:54:55.977+0000] {dagbag.py:541} INFO - Filling up the DagBag from /home/airflow/.local/lib/python3.7/site-packages/airflow/example_dags/example_datasets.py
[2026-02-25T04:54:55.983+0000] {processor.py:809} INFO - DAG(s) dict_keys(['dataset_consumes_1_and_2', 'dataset_produces_2', 'dataset_consumes_1_never_scheduled', 'dataset_consumes_1', 'dataset_consumes_unknown_never_scheduled', 'dataset_produces_1']) retrieved from /home/airflow/.local/lib/python3.7/site-packages/airflow/example_dags/example_datasets.py
[2026-02-25T04:54:56.016+0000] {logging_mixin.py:149} INFO - [2026-02-25T04:54:56.016+0000] {dag.py:2726} INFO - Sync 6 DAGs
[2026-02-25T04:54:56.036+0000] {logging_mixin.py:149} INFO - [2026-02-25T04:54:56.036+0000] {dag.py:3490} INFO - Setting next_dagrun for dataset_consumes_1 to None, run_after=None
[2026-02-25T04:54:56.041+0000] {logging_mixin.py:149} INFO - [2026-02-25T04:54:56.041+0000] {dag.py:3490} INFO - Setting next_dagrun for dataset_consumes_1_and_2 to None, run_after=None
[2026-02-25T04:54:56.045+0000] {logging_mixin.py:149} INFO - [2026-02-25T04:54:56.045+0000] {dag.py:3490} INFO - Setting next_dagrun for dataset_consumes_1_never_scheduled to None, run_after=None
[2026-02-25T04:54:56.045+0000] {logging_mixin.py:149} INFO - [2026-02-25T04:54:56.045+0000] {dag.py:3490} INFO - Setting next_dagrun for dataset_consumes_unknown_never_scheduled to None, run_after=None
[2026-02-25T04:54:56.047+0000] {logging_mixin.py:149} INFO - [2026-02-25T04:54:56.047+0000] {dag.py:3490} INFO - Setting next_dagrun for dataset_produces_1 to 2026-02-24T00:00:00+00:00, run_after=2026-02-25T00:00:00+00:00
[2026-02-25T04:54:56.050+0000] {logging_mixin.py:149} INFO - [2026-02-25T04:54:56.050+0000] {dag.py:3490} INFO - Setting next_dagrun for dataset_produces_2 to None, run_after=None
[2026-02-25T04:54:56.087+0000] {processor.py:178} INFO - Processing /home/airflow/.local/lib/python3.7/site-packages/airflow/example_dags/example_datasets.py took 0.114 seconds
[2026-02-25T04:55:26.311+0000] {processor.py:156} INFO - Started process (PID=936) to work on /home/airflow/.local/lib/python3.7/site-packages/airflow/example_dags/example_datasets.py
[2026-02-25T04:55:26.312+0000] {processor.py:799} INFO - Processing file /home/airflow/.local/lib/python3.7/site-packages/airflow/example_dags/example_datasets.py for tasks to queue
[2026-02-25T04:55:26.312+0000] {logging_mixin.py:149} INFO - [2026-02-25T04:55:26.312+0000] {dagbag.py:541} INFO - Filling up the DagBag from /home/airflow/.local/lib/python3.7/site-packages/airflow/example_dags/example_datasets.py
[2026-02-25T04:55:26.318+0000] {processor.py:809} INFO - DAG(s) dict_keys(['dataset_consumes_unknown_never_scheduled', 'dataset_consumes_1_and_2', 'dataset_produces_2', 'dataset_consumes_1', 'dataset_consumes_1_never_scheduled', 'dataset_produces_1']) retrieved from /home/airflow/.local/lib/python3.7/site-packages/airflow/example_dags/example_datasets.py
[2026-02-25T04:55:26.353+0000] {logging_mixin.py:149} INFO - [2026-02-25T04:55:26.353+0000] {dag.py:2726} INFO - Sync 6 DAGs
[2026-02-25T04:55:26.376+0000] {logging_mixin.py:149} INFO - [2026-02-25T04:55:26.376+0000] {dag.py:3490} INFO - Setting next_dagrun for dataset_consumes_1 to None, run_after=None
[2026-02-25T04:55:26.380+0000] {logging_mixin.py:149} INFO - [2026-02-25T04:55:26.380+0000] {dag.py:3490} INFO - Setting next_dagrun for dataset_consumes_1_and_2 to None, run_after=None
[2026-02-25T04:55:26.382+0000] {logging_mixin.py:149} INFO - [2026-02-25T04:55:26.382+0000] {dag.py:3490} INFO - Setting next_dagrun for dataset_consumes_1_never_scheduled to None, run_after=None
[2026-02-25T04:55:26.383+0000] {logging_mixin.py:149} INFO - [2026-02-25T04:55:26.383+0000] {dag.py:3490} INFO - Setting next_dagrun for dataset_consumes_unknown_never_scheduled to None, run_after=None
[2026-02-25T04:55:26.385+0000] {logging_mixin.py:149} INFO - [2026-02-25T04:55:26.385+0000] {dag.py:3490} INFO - Setting next_dagrun for dataset_produces_1 to 2026-02-24T00:00:00+00:00, run_after=2026-02-25T00:00:00+00:00
[2026-02-25T04:55:26.386+0000] {logging_mixin.py:149} INFO - [2026-02-25T04:55:26.386+0000] {dag.py:3490} INFO - Setting next_dagrun for dataset_produces_2 to None, run_after=None
[2026-02-25T04:55:26.417+0000] {processor.py:178} INFO - Processing /home/airflow/.local/lib/python3.7/site-packages/airflow/example_dags/example_datasets.py took 0.108 seconds
[2026-02-25T04:55:56.857+0000] {processor.py:156} INFO - Started process (PID=999) to work on /home/airflow/.local/lib/python3.7/site-packages/airflow/example_dags/example_datasets.py
[2026-02-25T04:55:56.859+0000] {processor.py:799} INFO - Processing file /home/airflow/.local/lib/python3.7/site-packages/airflow/example_dags/example_datasets.py for tasks to queue
[2026-02-25T04:55:56.860+0000] {logging_mixin.py:149} INFO - [2026-02-25T04:55:56.860+0000] {dagbag.py:541} INFO - Filling up the DagBag from /home/airflow/.local/lib/python3.7/site-packages/airflow/example_dags/example_datasets.py
[2026-02-25T04:55:56.871+0000] {processor.py:809} INFO - DAG(s) dict_keys(['dataset_produces_1', 'dataset_produces_2', 'dataset_consumes_unknown_never_scheduled', 'dataset_consumes_1_and_2', 'dataset_consumes_1_never_scheduled', 'dataset_consumes_1']) retrieved from /home/airflow/.local/lib/python3.7/site-packages/airflow/example_dags/example_datasets.py
[2026-02-25T04:55:56.909+0000] {logging_mixin.py:149} INFO - [2026-02-25T04:55:56.908+0000] {dag.py:2726} INFO - Sync 6 DAGs
[2026-02-25T04:55:56.931+0000] {logging_mixin.py:149} INFO - [2026-02-25T04:55:56.931+0000] {dag.py:3490} INFO - Setting next_dagrun for dataset_consumes_1 to None, run_after=None
[2026-02-25T04:55:56.935+0000] {logging_mixin.py:149} INFO - [2026-02-25T04:55:56.935+0000] {dag.py:3490} INFO - Setting next_dagrun for dataset_consumes_1_and_2 to None, run_after=None
[2026-02-25T04:55:56.938+0000] {logging_mixin.py:149} INFO - [2026-02-25T04:55:56.938+0000] {dag.py:3490} INFO - Setting next_dagrun for dataset_consumes_1_never_scheduled to None, run_after=None
[2026-02-25T04:55:56.941+0000] {logging_mixin.py:149} INFO - [2026-02-25T04:55:56.941+0000] {dag.py:3490} INFO - Setting next_dagrun for dataset_consumes_unknown_never_scheduled to None, run_after=None
[2026-02-25T04:55:56.945+0000] {logging_mixin.py:149} INFO - [2026-02-25T04:55:56.945+0000] {dag.py:3490} INFO - Setting next_dagrun for dataset_produces_1 to 2026-02-24T00:00:00+00:00, run_after=2026-02-25T00:00:00+00:00
[2026-02-25T04:55:56.946+0000] {logging_mixin.py:149} INFO - [2026-02-25T04:55:56.946+0000] {dag.py:3490} INFO - Setting next_dagrun for dataset_produces_2 to None, run_after=None
[2026-02-25T04:55:56.976+0000] {processor.py:178} INFO - Processing /home/airflow/.local/lib/python3.7/site-packages/airflow/example_dags/example_datasets.py took 0.121 seconds
[2026-02-25T04:56:27.291+0000] {processor.py:156} INFO - Started process (PID=1062) to work on /home/airflow/.local/lib/python3.7/site-packages/airflow/example_dags/example_datasets.py
[2026-02-25T04:56:27.293+0000] {processor.py:799} INFO - Processing file /home/airflow/.local/lib/python3.7/site-packages/airflow/example_dags/example_datasets.py for tasks to queue
[2026-02-25T04:56:27.293+0000] {logging_mixin.py:149} INFO - [2026-02-25T04:56:27.293+0000] {dagbag.py:541} INFO - Filling up the DagBag from /home/airflow/.local/lib/python3.7/site-packages/airflow/example_dags/example_datasets.py
[2026-02-25T04:56:27.299+0000] {processor.py:809} INFO - DAG(s) dict_keys(['dataset_produces_1', 'dataset_produces_2', 'dataset_consumes_1_and_2', 'dataset_consumes_1', 'dataset_consumes_1_never_scheduled', 'dataset_consumes_unknown_never_scheduled']) retrieved from /home/airflow/.local/lib/python3.7/site-packages/airflow/example_dags/example_datasets.py
[2026-02-25T04:56:27.335+0000] {logging_mixin.py:149} INFO - [2026-02-25T04:56:27.335+0000] {dag.py:2726} INFO - Sync 6 DAGs
[2026-02-25T04:56:27.353+0000] {logging_mixin.py:149} INFO - [2026-02-25T04:56:27.353+0000] {dag.py:3490} INFO - Setting next_dagrun for dataset_consumes_1 to None, run_after=None
[2026-02-25T04:56:27.359+0000] {logging_mixin.py:149} INFO - [2026-02-25T04:56:27.359+0000] {dag.py:3490} INFO - Setting next_dagrun for dataset_consumes_1_and_2 to None, run_after=None
[2026-02-25T04:56:27.360+0000] {logging_mixin.py:149} INFO - [2026-02-25T04:56:27.360+0000] {dag.py:3490} INFO - Setting next_dagrun for dataset_consumes_1_never_scheduled to None, run_after=None
[2026-02-25T04:56:27.361+0000] {logging_mixin.py:149} INFO - [2026-02-25T04:56:27.361+0000] {dag.py:3490} INFO - Setting next_dagrun for dataset_consumes_unknown_never_scheduled to None, run_after=None
[2026-02-25T04:56:27.362+0000] {logging_mixin.py:149} INFO - [2026-02-25T04:56:27.362+0000] {dag.py:3490} INFO - Setting next_dagrun for dataset_produces_1 to 2026-02-24T00:00:00+00:00, run_after=2026-02-25T00:00:00+00:00
[2026-02-25T04:56:27.363+0000] {logging_mixin.py:149} INFO - [2026-02-25T04:56:27.363+0000] {dag.py:3490} INFO - Setting next_dagrun for dataset_produces_2 to None, run_after=None
[2026-02-25T04:56:27.398+0000] {processor.py:178} INFO - Processing /home/airflow/.local/lib/python3.7/site-packages/airflow/example_dags/example_datasets.py took 0.110 seconds
[2026-02-25T04:56:57.849+0000] {processor.py:156} INFO - Started process (PID=1125) to work on /home/airflow/.local/lib/python3.7/site-packages/airflow/example_dags/example_datasets.py
[2026-02-25T04:56:57.850+0000] {processor.py:799} INFO - Processing file /home/airflow/.local/lib/python3.7/site-packages/airflow/example_dags/example_datasets.py for tasks to queue
[2026-02-25T04:56:57.850+0000] {logging_mixin.py:149} INFO - [2026-02-25T04:56:57.850+0000] {dagbag.py:541} INFO - Filling up the DagBag from /home/airflow/.local/lib/python3.7/site-packages/airflow/example_dags/example_datasets.py
[2026-02-25T04:56:57.856+0000] {processor.py:809} INFO - DAG(s) dict_keys(['dataset_produces_1', 'dataset_produces_2', 'dataset_consumes_1_and_2', 'dataset_consumes_1_never_scheduled', 'dataset_consumes_1', 'dataset_consumes_unknown_never_scheduled']) retrieved from /home/airflow/.local/lib/python3.7/site-packages/airflow/example_dags/example_datasets.py
[2026-02-25T04:56:57.880+0000] {logging_mixin.py:149} INFO - [2026-02-25T04:56:57.879+0000] {dag.py:2726} INFO - Sync 6 DAGs
[2026-02-25T04:56:57.895+0000] {logging_mixin.py:149} INFO - [2026-02-25T04:56:57.895+0000] {dag.py:3490} INFO - Setting next_dagrun for dataset_consumes_1 to None, run_after=None
[2026-02-25T04:56:57.897+0000] {logging_mixin.py:149} INFO - [2026-02-25T04:56:57.897+0000] {dag.py:3490} INFO - Setting next_dagrun for dataset_consumes_1_and_2 to None, run_after=None
[2026-02-25T04:56:57.898+0000] {logging_mixin.py:149} INFO - [2026-02-25T04:56:57.898+0000] {dag.py:3490} INFO - Setting next_dagrun for dataset_consumes_1_never_scheduled to None, run_after=None
[2026-02-25T04:56:57.899+0000] {logging_mixin.py:149} INFO - [2026-02-25T04:56:57.899+0000] {dag.py:3490} INFO - Setting next_dagrun for dataset_consumes_unknown_never_scheduled to None, run_after=None
[2026-02-25T04:56:57.901+0000] {logging_mixin.py:149} INFO - [2026-02-25T04:56:57.900+0000] {dag.py:3490} INFO - Setting next_dagrun for dataset_produces_1 to 2026-02-24T00:00:00+00:00, run_after=2026-02-25T00:00:00+00:00
[2026-02-25T04:56:57.902+0000] {logging_mixin.py:149} INFO - [2026-02-25T04:56:57.901+0000] {dag.py:3490} INFO - Setting next_dagrun for dataset_produces_2 to None, run_after=None
[2026-02-25T04:56:57.921+0000] {processor.py:178} INFO - Processing /home/airflow/.local/lib/python3.7/site-packages/airflow/example_dags/example_datasets.py took 0.076 seconds
[2026-02-25T04:57:28.341+0000] {processor.py:156} INFO - Started process (PID=1188) to work on /home/airflow/.local/lib/python3.7/site-packages/airflow/example_dags/example_datasets.py
[2026-02-25T04:57:28.342+0000] {processor.py:799} INFO - Processing file /home/airflow/.local/lib/python3.7/site-packages/airflow/example_dags/example_datasets.py for tasks to queue
[2026-02-25T04:57:28.342+0000] {logging_mixin.py:149} INFO - [2026-02-25T04:57:28.342+0000] {dagbag.py:541} INFO - Filling up the DagBag from /home/airflow/.local/lib/python3.7/site-packages/airflow/example_dags/example_datasets.py
[2026-02-25T04:57:28.348+0000] {processor.py:809} INFO - DAG(s) dict_keys(['dataset_consumes_unknown_never_scheduled', 'dataset_produces_2', 'dataset_consumes_1', 'dataset_produces_1', 'dataset_consumes_1_never_scheduled', 'dataset_consumes_1_and_2']) retrieved from /home/airflow/.local/lib/python3.7/site-packages/airflow/example_dags/example_datasets.py
[2026-02-25T04:57:28.383+0000] {logging_mixin.py:149} INFO - [2026-02-25T04:57:28.383+0000] {dag.py:2726} INFO - Sync 6 DAGs
[2026-02-25T04:57:28.405+0000] {logging_mixin.py:149} INFO - [2026-02-25T04:57:28.405+0000] {dag.py:3490} INFO - Setting next_dagrun for dataset_consumes_1 to None, run_after=None
[2026-02-25T04:57:28.407+0000] {logging_mixin.py:149} INFO - [2026-02-25T04:57:28.407+0000] {dag.py:3490} INFO - Setting next_dagrun for dataset_consumes_1_and_2 to None, run_after=None
[2026-02-25T04:57:28.408+0000] {logging_mixin.py:149} INFO - [2026-02-25T04:57:28.408+0000] {dag.py:3490} INFO - Setting next_dagrun for dataset_consumes_1_never_scheduled to None, run_after=None
[2026-02-25T04:57:28.410+0000] {logging_mixin.py:149} INFO - [2026-02-25T04:57:28.410+0000] {dag.py:3490} INFO - Setting next_dagrun for dataset_consumes_unknown_never_scheduled to None, run_after=None
[2026-02-25T04:57:28.412+0000] {logging_mixin.py:149} INFO - [2026-02-25T04:57:28.412+0000] {dag.py:3490} INFO - Setting next_dagrun for dataset_produces_1 to 2026-02-24T00:00:00+00:00, run_after=2026-02-25T00:00:00+00:00
[2026-02-25T04:57:28.413+0000] {logging_mixin.py:149} INFO - [2026-02-25T04:57:28.412+0000] {dag.py:3490} INFO - Setting next_dagrun for dataset_produces_2 to None, run_after=None
[2026-02-25T04:57:28.440+0000] {processor.py:178} INFO - Processing /home/airflow/.local/lib/python3.7/site-packages/airflow/example_dags/example_datasets.py took 0.101 seconds
[2026-02-25T04:57:58.671+0000] {processor.py:156} INFO - Started process (PID=1251) to work on /home/airflow/.local/lib/python3.7/site-packages/airflow/example_dags/example_datasets.py
[2026-02-25T04:57:58.672+0000] {processor.py:799} INFO - Processing file /home/airflow/.local/lib/python3.7/site-packages/airflow/example_dags/example_datasets.py for tasks to queue
[2026-02-25T04:57:58.673+0000] {logging_mixin.py:149} INFO - [2026-02-25T04:57:58.673+0000] {dagbag.py:541} INFO - Filling up the DagBag from /home/airflow/.local/lib/python3.7/site-packages/airflow/example_dags/example_datasets.py
[2026-02-25T04:57:58.679+0000] {processor.py:809} INFO - DAG(s) dict_keys(['dataset_consumes_unknown_never_scheduled', 'dataset_consumes_1_and_2', 'dataset_produces_1', 'dataset_produces_2', 'dataset_consumes_1_never_scheduled', 'dataset_consumes_1']) retrieved from /home/airflow/.local/lib/python3.7/site-packages/airflow/example_dags/example_datasets.py
[2026-02-25T04:57:58.717+0000] {logging_mixin.py:149} INFO - [2026-02-25T04:57:58.717+0000] {dag.py:2726} INFO - Sync 6 DAGs
[2026-02-25T04:57:58.735+0000] {logging_mixin.py:149} INFO - [2026-02-25T04:57:58.735+0000] {dag.py:3490} INFO - Setting next_dagrun for dataset_consumes_1 to None, run_after=None
[2026-02-25T04:57:58.740+0000] {logging_mixin.py:149} INFO - [2026-02-25T04:57:58.740+0000] {dag.py:3490} INFO - Setting next_dagrun for dataset_consumes_1_and_2 to None, run_after=None
[2026-02-25T04:57:58.741+0000] {logging_mixin.py:149} INFO - [2026-02-25T04:57:58.741+0000] {dag.py:3490} INFO - Setting next_dagrun for dataset_consumes_1_never_scheduled to None, run_after=None
[2026-02-25T04:57:58.743+0000] {logging_mixin.py:149} INFO - [2026-02-25T04:57:58.743+0000] {dag.py:3490} INFO - Setting next_dagrun for dataset_consumes_unknown_never_scheduled to None, run_after=None
[2026-02-25T04:57:58.745+0000] {logging_mixin.py:149} INFO - [2026-02-25T04:57:58.745+0000] {dag.py:3490} INFO - Setting next_dagrun for dataset_produces_1 to 2026-02-24T00:00:00+00:00, run_after=2026-02-25T00:00:00+00:00
[2026-02-25T04:57:58.747+0000] {logging_mixin.py:149} INFO - [2026-02-25T04:57:58.747+0000] {dag.py:3490} INFO - Setting next_dagrun for dataset_produces_2 to None, run_after=None
[2026-02-25T04:57:58.783+0000] {processor.py:178} INFO - Processing /home/airflow/.local/lib/python3.7/site-packages/airflow/example_dags/example_datasets.py took 0.113 seconds
[2026-02-25T04:58:29.240+0000] {processor.py:156} INFO - Started process (PID=1314) to work on /home/airflow/.local/lib/python3.7/site-packages/airflow/example_dags/example_datasets.py
[2026-02-25T04:58:29.242+0000] {processor.py:799} INFO - Processing file /home/airflow/.local/lib/python3.7/site-packages/airflow/example_dags/example_datasets.py for tasks to queue
[2026-02-25T04:58:29.243+0000] {logging_mixin.py:149} INFO - [2026-02-25T04:58:29.243+0000] {dagbag.py:541} INFO - Filling up the DagBag from /home/airflow/.local/lib/python3.7/site-packages/airflow/example_dags/example_datasets.py
[2026-02-25T04:58:29.251+0000] {processor.py:809} INFO - DAG(s) dict_keys(['dataset_consumes_1', 'dataset_produces_2', 'dataset_consumes_1_and_2', 'dataset_produces_1', 'dataset_consumes_1_never_scheduled', 'dataset_consumes_unknown_never_scheduled']) retrieved from /home/airflow/.local/lib/python3.7/site-packages/airflow/example_dags/example_datasets.py
[2026-02-25T04:58:29.301+0000] {logging_mixin.py:149} INFO - [2026-02-25T04:58:29.300+0000] {dag.py:2726} INFO - Sync 6 DAGs
[2026-02-25T04:58:29.324+0000] {logging_mixin.py:149} INFO - [2026-02-25T04:58:29.324+0000] {dag.py:3490} INFO - Setting next_dagrun for dataset_consumes_1 to None, run_after=None
[2026-02-25T04:58:29.326+0000] {logging_mixin.py:149} INFO - [2026-02-25T04:58:29.326+0000] {dag.py:3490} INFO - Setting next_dagrun for dataset_consumes_1_and_2 to None, run_after=None
[2026-02-25T04:58:29.328+0000] {logging_mixin.py:149} INFO - [2026-02-25T04:58:29.327+0000] {dag.py:3490} INFO - Setting next_dagrun for dataset_consumes_1_never_scheduled to None, run_after=None
[2026-02-25T04:58:29.330+0000] {logging_mixin.py:149} INFO - [2026-02-25T04:58:29.330+0000] {dag.py:3490} INFO - Setting next_dagrun for dataset_consumes_unknown_never_scheduled to None, run_after=None
[2026-02-25T04:58:29.335+0000] {logging_mixin.py:149} INFO - [2026-02-25T04:58:29.334+0000] {dag.py:3490} INFO - Setting next_dagrun for dataset_produces_1 to 2026-02-24T00:00:00+00:00, run_after=2026-02-25T00:00:00+00:00
[2026-02-25T04:58:29.337+0000] {logging_mixin.py:149} INFO - [2026-02-25T04:58:29.337+0000] {dag.py:3490} INFO - Setting next_dagrun for dataset_produces_2 to None, run_after=None
[2026-02-25T04:58:29.370+0000] {processor.py:178} INFO - Processing /home/airflow/.local/lib/python3.7/site-packages/airflow/example_dags/example_datasets.py took 0.141 seconds
[2026-02-25T04:58:59.925+0000] {processor.py:156} INFO - Started process (PID=1376) to work on /home/airflow/.local/lib/python3.7/site-packages/airflow/example_dags/example_datasets.py
[2026-02-25T04:58:59.928+0000] {processor.py:799} INFO - Processing file /home/airflow/.local/lib/python3.7/site-packages/airflow/example_dags/example_datasets.py for tasks to queue
[2026-02-25T04:58:59.928+0000] {logging_mixin.py:149} INFO - [2026-02-25T04:58:59.928+0000] {dagbag.py:541} INFO - Filling up the DagBag from /home/airflow/.local/lib/python3.7/site-packages/airflow/example_dags/example_datasets.py
[2026-02-25T04:58:59.939+0000] {processor.py:809} INFO - DAG(s) dict_keys(['dataset_produces_1', 'dataset_consumes_1', 'dataset_consumes_unknown_never_scheduled', 'dataset_consumes_1_and_2', 'dataset_produces_2', 'dataset_consumes_1_never_scheduled']) retrieved from /home/airflow/.local/lib/python3.7/site-packages/airflow/example_dags/example_datasets.py
[2026-02-25T04:58:59.978+0000] {logging_mixin.py:149} INFO - [2026-02-25T04:58:59.977+0000] {dag.py:2726} INFO - Sync 6 DAGs
[2026-02-25T04:59:00.000+0000] {logging_mixin.py:149} INFO - [2026-02-25T04:59:00.000+0000] {dag.py:3490} INFO - Setting next_dagrun for dataset_consumes_1 to None, run_after=None
[2026-02-25T04:59:00.003+0000] {logging_mixin.py:149} INFO - [2026-02-25T04:59:00.003+0000] {dag.py:3490} INFO - Setting next_dagrun for dataset_consumes_1_and_2 to None, run_after=None
[2026-02-25T04:59:00.004+0000] {logging_mixin.py:149} INFO - [2026-02-25T04:59:00.004+0000] {dag.py:3490} INFO - Setting next_dagrun for dataset_consumes_1_never_scheduled to None, run_after=None
[2026-02-25T04:59:00.005+0000] {logging_mixin.py:149} INFO - [2026-02-25T04:59:00.005+0000] {dag.py:3490} INFO - Setting next_dagrun for dataset_consumes_unknown_never_scheduled to None, run_after=None
[2026-02-25T04:59:00.008+0000] {logging_mixin.py:149} INFO - [2026-02-25T04:59:00.008+0000] {dag.py:3490} INFO - Setting next_dagrun for dataset_produces_1 to 2026-02-24T00:00:00+00:00, run_after=2026-02-25T00:00:00+00:00
[2026-02-25T04:59:00.010+0000] {logging_mixin.py:149} INFO - [2026-02-25T04:59:00.010+0000] {dag.py:3490} INFO - Setting next_dagrun for dataset_produces_2 to None, run_after=None
[2026-02-25T04:59:00.042+0000] {processor.py:178} INFO - Processing /home/airflow/.local/lib/python3.7/site-packages/airflow/example_dags/example_datasets.py took 0.121 seconds
[2026-02-25T04:59:30.455+0000] {processor.py:156} INFO - Started process (PID=1439) to work on /home/airflow/.local/lib/python3.7/site-packages/airflow/example_dags/example_datasets.py
[2026-02-25T04:59:30.456+0000] {processor.py:799} INFO - Processing file /home/airflow/.local/lib/python3.7/site-packages/airflow/example_dags/example_datasets.py for tasks to queue
[2026-02-25T04:59:30.456+0000] {logging_mixin.py:149} INFO - [2026-02-25T04:59:30.456+0000] {dagbag.py:541} INFO - Filling up the DagBag from /home/airflow/.local/lib/python3.7/site-packages/airflow/example_dags/example_datasets.py
[2026-02-25T04:59:30.465+0000] {processor.py:809} INFO - DAG(s) dict_keys(['dataset_consumes_unknown_never_scheduled', 'dataset_produces_2', 'dataset_consumes_1_never_scheduled', 'dataset_produces_1', 'dataset_consumes_1_and_2', 'dataset_consumes_1']) retrieved from /home/airflow/.local/lib/python3.7/site-packages/airflow/example_dags/example_datasets.py
[2026-02-25T04:59:30.504+0000] {logging_mixin.py:149} INFO - [2026-02-25T04:59:30.504+0000] {dag.py:2726} INFO - Sync 6 DAGs
[2026-02-25T04:59:30.528+0000] {logging_mixin.py:149} INFO - [2026-02-25T04:59:30.528+0000] {dag.py:3490} INFO - Setting next_dagrun for dataset_consumes_1 to None, run_after=None
[2026-02-25T04:59:30.532+0000] {logging_mixin.py:149} INFO - [2026-02-25T04:59:30.532+0000] {dag.py:3490} INFO - Setting next_dagrun for dataset_consumes_1_and_2 to None, run_after=None
[2026-02-25T04:59:30.534+0000] {logging_mixin.py:149} INFO - [2026-02-25T04:59:30.534+0000] {dag.py:3490} INFO - Setting next_dagrun for dataset_consumes_1_never_scheduled to None, run_after=None
[2026-02-25T04:59:30.539+0000] {logging_mixin.py:149} INFO - [2026-02-25T04:59:30.539+0000] {dag.py:3490} INFO - Setting next_dagrun for dataset_consumes_unknown_never_scheduled to None, run_after=None
[2026-02-25T04:59:30.545+0000] {logging_mixin.py:149} INFO - [2026-02-25T04:59:30.545+0000] {dag.py:3490} INFO - Setting next_dagrun for dataset_produces_1 to 2026-02-24T00:00:00+00:00, run_after=2026-02-25T00:00:00+00:00
[2026-02-25T04:59:30.546+0000] {logging_mixin.py:149} INFO - [2026-02-25T04:59:30.546+0000] {dag.py:3490} INFO - Setting next_dagrun for dataset_produces_2 to None, run_after=None
[2026-02-25T04:59:30.595+0000] {processor.py:178} INFO - Processing /home/airflow/.local/lib/python3.7/site-packages/airflow/example_dags/example_datasets.py took 0.143 seconds
