[2026-02-25T04:40:38.731+0000] {processor.py:156} INFO - Started process (PID=55) to work on /home/airflow/.local/lib/python3.7/site-packages/airflow/example_dags/example_branch_day_of_week_operator.py
[2026-02-25T04:40:38.732+0000] {processor.py:799} INFO - Processing file /home/airflow/.local/lib/python3.7/site-packages/airflow/example_dags/example_branch_day_of_week_operator.py for tasks to queue
[2026-02-25T04:40:38.732+0000] {logging_mixin.py:149} INFO - [2026-02-25T04:40:38.732+0000] {dagbag.py:541} INFO - Filling up the DagBag from /home/airflow/.local/lib/python3.7/site-packages/airflow/example_dags/example_branch_day_of_week_operator.py
[2026-02-25T04:40:38.745+0000] {processor.py:809} INFO - DAG(s) dict_keys(['example_weekday_branch_operator']) retrieved from /home/airflow/.local/lib/python3.7/site-packages/airflow/example_dags/example_branch_day_of_week_operator.py
[2026-02-25T04:40:38.853+0000] {logging_mixin.py:149} INFO - [2026-02-25T04:40:38.853+0000] {manager.py:504} INFO - Created Permission View: can edit on DAG:example_weekday_branch_operator
[2026-02-25T04:40:38.862+0000] {logging_mixin.py:149} INFO - [2026-02-25T04:40:38.862+0000] {manager.py:504} INFO - Created Permission View: can delete on DAG:example_weekday_branch_operator
[2026-02-25T04:40:38.869+0000] {logging_mixin.py:149} INFO - [2026-02-25T04:40:38.869+0000] {manager.py:504} INFO - Created Permission View: can read on DAG:example_weekday_branch_operator
[2026-02-25T04:40:38.870+0000] {logging_mixin.py:149} INFO - [2026-02-25T04:40:38.870+0000] {dag.py:2726} INFO - Sync 1 DAGs
[2026-02-25T04:40:38.884+0000] {logging_mixin.py:149} INFO - [2026-02-25T04:40:38.884+0000] {dag.py:2747} INFO - Creating ORM DAG for example_weekday_branch_operator
[2026-02-25T04:40:38.897+0000] {logging_mixin.py:149} INFO - [2026-02-25T04:40:38.896+0000] {dag.py:3490} INFO - Setting next_dagrun for example_weekday_branch_operator to 2026-02-24T00:00:00+00:00, run_after=2026-02-25T00:00:00+00:00
[2026-02-25T04:40:38.914+0000] {processor.py:178} INFO - Processing /home/airflow/.local/lib/python3.7/site-packages/airflow/example_dags/example_branch_day_of_week_operator.py took 0.186 seconds
[2026-02-25T04:41:08.956+0000] {processor.py:156} INFO - Started process (PID=118) to work on /home/airflow/.local/lib/python3.7/site-packages/airflow/example_dags/example_branch_day_of_week_operator.py
[2026-02-25T04:41:08.957+0000] {processor.py:799} INFO - Processing file /home/airflow/.local/lib/python3.7/site-packages/airflow/example_dags/example_branch_day_of_week_operator.py for tasks to queue
[2026-02-25T04:41:08.957+0000] {logging_mixin.py:149} INFO - [2026-02-25T04:41:08.957+0000] {dagbag.py:541} INFO - Filling up the DagBag from /home/airflow/.local/lib/python3.7/site-packages/airflow/example_dags/example_branch_day_of_week_operator.py
[2026-02-25T04:41:08.963+0000] {processor.py:809} INFO - DAG(s) dict_keys(['example_weekday_branch_operator']) retrieved from /home/airflow/.local/lib/python3.7/site-packages/airflow/example_dags/example_branch_day_of_week_operator.py
[2026-02-25T04:41:08.980+0000] {logging_mixin.py:149} INFO - [2026-02-25T04:41:08.980+0000] {dag.py:2726} INFO - Sync 1 DAGs
[2026-02-25T04:41:08.996+0000] {logging_mixin.py:149} INFO - [2026-02-25T04:41:08.996+0000] {dag.py:3490} INFO - Setting next_dagrun for example_weekday_branch_operator to 2026-02-24T00:00:00+00:00, run_after=2026-02-25T00:00:00+00:00
[2026-02-25T04:41:09.007+0000] {processor.py:178} INFO - Processing /home/airflow/.local/lib/python3.7/site-packages/airflow/example_dags/example_branch_day_of_week_operator.py took 0.053 seconds
[2026-02-25T04:41:39.501+0000] {processor.py:156} INFO - Started process (PID=181) to work on /home/airflow/.local/lib/python3.7/site-packages/airflow/example_dags/example_branch_day_of_week_operator.py
[2026-02-25T04:41:39.502+0000] {processor.py:799} INFO - Processing file /home/airflow/.local/lib/python3.7/site-packages/airflow/example_dags/example_branch_day_of_week_operator.py for tasks to queue
[2026-02-25T04:41:39.503+0000] {logging_mixin.py:149} INFO - [2026-02-25T04:41:39.503+0000] {dagbag.py:541} INFO - Filling up the DagBag from /home/airflow/.local/lib/python3.7/site-packages/airflow/example_dags/example_branch_day_of_week_operator.py
[2026-02-25T04:41:39.509+0000] {processor.py:809} INFO - DAG(s) dict_keys(['example_weekday_branch_operator']) retrieved from /home/airflow/.local/lib/python3.7/site-packages/airflow/example_dags/example_branch_day_of_week_operator.py
[2026-02-25T04:41:39.530+0000] {logging_mixin.py:149} INFO - [2026-02-25T04:41:39.530+0000] {dag.py:2726} INFO - Sync 1 DAGs
[2026-02-25T04:41:39.546+0000] {logging_mixin.py:149} INFO - [2026-02-25T04:41:39.546+0000] {dag.py:3490} INFO - Setting next_dagrun for example_weekday_branch_operator to 2026-02-24T00:00:00+00:00, run_after=2026-02-25T00:00:00+00:00
[2026-02-25T04:41:39.557+0000] {processor.py:178} INFO - Processing /home/airflow/.local/lib/python3.7/site-packages/airflow/example_dags/example_branch_day_of_week_operator.py took 0.058 seconds
[2026-02-25T04:42:09.992+0000] {processor.py:156} INFO - Started process (PID=244) to work on /home/airflow/.local/lib/python3.7/site-packages/airflow/example_dags/example_branch_day_of_week_operator.py
[2026-02-25T04:42:09.993+0000] {processor.py:799} INFO - Processing file /home/airflow/.local/lib/python3.7/site-packages/airflow/example_dags/example_branch_day_of_week_operator.py for tasks to queue
[2026-02-25T04:42:09.994+0000] {logging_mixin.py:149} INFO - [2026-02-25T04:42:09.994+0000] {dagbag.py:541} INFO - Filling up the DagBag from /home/airflow/.local/lib/python3.7/site-packages/airflow/example_dags/example_branch_day_of_week_operator.py
[2026-02-25T04:42:09.998+0000] {processor.py:809} INFO - DAG(s) dict_keys(['example_weekday_branch_operator']) retrieved from /home/airflow/.local/lib/python3.7/site-packages/airflow/example_dags/example_branch_day_of_week_operator.py
[2026-02-25T04:42:10.014+0000] {logging_mixin.py:149} INFO - [2026-02-25T04:42:10.014+0000] {dag.py:2726} INFO - Sync 1 DAGs
[2026-02-25T04:42:10.029+0000] {logging_mixin.py:149} INFO - [2026-02-25T04:42:10.028+0000] {dag.py:3490} INFO - Setting next_dagrun for example_weekday_branch_operator to 2026-02-24T00:00:00+00:00, run_after=2026-02-25T00:00:00+00:00
[2026-02-25T04:42:10.039+0000] {processor.py:178} INFO - Processing /home/airflow/.local/lib/python3.7/site-packages/airflow/example_dags/example_branch_day_of_week_operator.py took 0.049 seconds
[2026-02-25T04:42:40.643+0000] {processor.py:156} INFO - Started process (PID=307) to work on /home/airflow/.local/lib/python3.7/site-packages/airflow/example_dags/example_branch_day_of_week_operator.py
[2026-02-25T04:42:40.645+0000] {processor.py:799} INFO - Processing file /home/airflow/.local/lib/python3.7/site-packages/airflow/example_dags/example_branch_day_of_week_operator.py for tasks to queue
[2026-02-25T04:42:40.646+0000] {logging_mixin.py:149} INFO - [2026-02-25T04:42:40.646+0000] {dagbag.py:541} INFO - Filling up the DagBag from /home/airflow/.local/lib/python3.7/site-packages/airflow/example_dags/example_branch_day_of_week_operator.py
[2026-02-25T04:42:40.651+0000] {processor.py:809} INFO - DAG(s) dict_keys(['example_weekday_branch_operator']) retrieved from /home/airflow/.local/lib/python3.7/site-packages/airflow/example_dags/example_branch_day_of_week_operator.py
[2026-02-25T04:42:40.672+0000] {logging_mixin.py:149} INFO - [2026-02-25T04:42:40.672+0000] {dag.py:2726} INFO - Sync 1 DAGs
[2026-02-25T04:42:40.691+0000] {logging_mixin.py:149} INFO - [2026-02-25T04:42:40.691+0000] {dag.py:3490} INFO - Setting next_dagrun for example_weekday_branch_operator to 2026-02-24T00:00:00+00:00, run_after=2026-02-25T00:00:00+00:00
[2026-02-25T04:42:40.702+0000] {processor.py:178} INFO - Processing /home/airflow/.local/lib/python3.7/site-packages/airflow/example_dags/example_branch_day_of_week_operator.py took 0.061 seconds
[2026-02-25T04:48:20.787+0000] {processor.py:156} INFO - Started process (PID=54) to work on /home/airflow/.local/lib/python3.7/site-packages/airflow/example_dags/example_branch_day_of_week_operator.py
[2026-02-25T04:48:20.788+0000] {processor.py:799} INFO - Processing file /home/airflow/.local/lib/python3.7/site-packages/airflow/example_dags/example_branch_day_of_week_operator.py for tasks to queue
[2026-02-25T04:48:20.789+0000] {logging_mixin.py:149} INFO - [2026-02-25T04:48:20.789+0000] {dagbag.py:541} INFO - Filling up the DagBag from /home/airflow/.local/lib/python3.7/site-packages/airflow/example_dags/example_branch_day_of_week_operator.py
[2026-02-25T04:48:20.796+0000] {processor.py:809} INFO - DAG(s) dict_keys(['example_weekday_branch_operator']) retrieved from /home/airflow/.local/lib/python3.7/site-packages/airflow/example_dags/example_branch_day_of_week_operator.py
[2026-02-25T04:48:20.809+0000] {logging_mixin.py:149} INFO - [2026-02-25T04:48:20.809+0000] {dag.py:2726} INFO - Sync 1 DAGs
[2026-02-25T04:48:20.839+0000] {logging_mixin.py:149} INFO - [2026-02-25T04:48:20.839+0000] {dag.py:3490} INFO - Setting next_dagrun for example_weekday_branch_operator to 2026-02-24T00:00:00+00:00, run_after=2026-02-25T00:00:00+00:00
[2026-02-25T04:48:20.855+0000] {processor.py:178} INFO - Processing /home/airflow/.local/lib/python3.7/site-packages/airflow/example_dags/example_branch_day_of_week_operator.py took 0.072 seconds
[2026-02-25T04:48:51.255+0000] {processor.py:156} INFO - Started process (PID=117) to work on /home/airflow/.local/lib/python3.7/site-packages/airflow/example_dags/example_branch_day_of_week_operator.py
[2026-02-25T04:48:51.256+0000] {processor.py:799} INFO - Processing file /home/airflow/.local/lib/python3.7/site-packages/airflow/example_dags/example_branch_day_of_week_operator.py for tasks to queue
[2026-02-25T04:48:51.257+0000] {logging_mixin.py:149} INFO - [2026-02-25T04:48:51.257+0000] {dagbag.py:541} INFO - Filling up the DagBag from /home/airflow/.local/lib/python3.7/site-packages/airflow/example_dags/example_branch_day_of_week_operator.py
[2026-02-25T04:48:51.262+0000] {processor.py:809} INFO - DAG(s) dict_keys(['example_weekday_branch_operator']) retrieved from /home/airflow/.local/lib/python3.7/site-packages/airflow/example_dags/example_branch_day_of_week_operator.py
[2026-02-25T04:48:51.288+0000] {logging_mixin.py:149} INFO - [2026-02-25T04:48:51.288+0000] {dag.py:2726} INFO - Sync 1 DAGs
[2026-02-25T04:48:51.309+0000] {logging_mixin.py:149} INFO - [2026-02-25T04:48:51.309+0000] {dag.py:3490} INFO - Setting next_dagrun for example_weekday_branch_operator to 2026-02-24T00:00:00+00:00, run_after=2026-02-25T00:00:00+00:00
[2026-02-25T04:48:51.330+0000] {processor.py:178} INFO - Processing /home/airflow/.local/lib/python3.7/site-packages/airflow/example_dags/example_branch_day_of_week_operator.py took 0.078 seconds
[2026-02-25T04:49:21.724+0000] {processor.py:156} INFO - Started process (PID=180) to work on /home/airflow/.local/lib/python3.7/site-packages/airflow/example_dags/example_branch_day_of_week_operator.py
[2026-02-25T04:49:21.725+0000] {processor.py:799} INFO - Processing file /home/airflow/.local/lib/python3.7/site-packages/airflow/example_dags/example_branch_day_of_week_operator.py for tasks to queue
[2026-02-25T04:49:21.725+0000] {logging_mixin.py:149} INFO - [2026-02-25T04:49:21.725+0000] {dagbag.py:541} INFO - Filling up the DagBag from /home/airflow/.local/lib/python3.7/site-packages/airflow/example_dags/example_branch_day_of_week_operator.py
[2026-02-25T04:49:21.733+0000] {processor.py:809} INFO - DAG(s) dict_keys(['example_weekday_branch_operator']) retrieved from /home/airflow/.local/lib/python3.7/site-packages/airflow/example_dags/example_branch_day_of_week_operator.py
[2026-02-25T04:49:21.755+0000] {logging_mixin.py:149} INFO - [2026-02-25T04:49:21.755+0000] {dag.py:2726} INFO - Sync 1 DAGs
[2026-02-25T04:49:21.779+0000] {logging_mixin.py:149} INFO - [2026-02-25T04:49:21.778+0000] {dag.py:3490} INFO - Setting next_dagrun for example_weekday_branch_operator to 2026-02-24T00:00:00+00:00, run_after=2026-02-25T00:00:00+00:00
[2026-02-25T04:49:21.795+0000] {processor.py:178} INFO - Processing /home/airflow/.local/lib/python3.7/site-packages/airflow/example_dags/example_branch_day_of_week_operator.py took 0.073 seconds
[2026-02-25T04:49:52.285+0000] {processor.py:156} INFO - Started process (PID=243) to work on /home/airflow/.local/lib/python3.7/site-packages/airflow/example_dags/example_branch_day_of_week_operator.py
[2026-02-25T04:49:52.286+0000] {processor.py:799} INFO - Processing file /home/airflow/.local/lib/python3.7/site-packages/airflow/example_dags/example_branch_day_of_week_operator.py for tasks to queue
[2026-02-25T04:49:52.286+0000] {logging_mixin.py:149} INFO - [2026-02-25T04:49:52.286+0000] {dagbag.py:541} INFO - Filling up the DagBag from /home/airflow/.local/lib/python3.7/site-packages/airflow/example_dags/example_branch_day_of_week_operator.py
[2026-02-25T04:49:52.293+0000] {processor.py:809} INFO - DAG(s) dict_keys(['example_weekday_branch_operator']) retrieved from /home/airflow/.local/lib/python3.7/site-packages/airflow/example_dags/example_branch_day_of_week_operator.py
[2026-02-25T04:49:52.319+0000] {logging_mixin.py:149} INFO - [2026-02-25T04:49:52.319+0000] {dag.py:2726} INFO - Sync 1 DAGs
[2026-02-25T04:49:52.340+0000] {logging_mixin.py:149} INFO - [2026-02-25T04:49:52.340+0000] {dag.py:3490} INFO - Setting next_dagrun for example_weekday_branch_operator to 2026-02-24T00:00:00+00:00, run_after=2026-02-25T00:00:00+00:00
[2026-02-25T04:49:52.354+0000] {processor.py:178} INFO - Processing /home/airflow/.local/lib/python3.7/site-packages/airflow/example_dags/example_branch_day_of_week_operator.py took 0.072 seconds
[2026-02-25T04:50:22.782+0000] {processor.py:156} INFO - Started process (PID=306) to work on /home/airflow/.local/lib/python3.7/site-packages/airflow/example_dags/example_branch_day_of_week_operator.py
[2026-02-25T04:50:22.782+0000] {processor.py:799} INFO - Processing file /home/airflow/.local/lib/python3.7/site-packages/airflow/example_dags/example_branch_day_of_week_operator.py for tasks to queue
[2026-02-25T04:50:22.783+0000] {logging_mixin.py:149} INFO - [2026-02-25T04:50:22.783+0000] {dagbag.py:541} INFO - Filling up the DagBag from /home/airflow/.local/lib/python3.7/site-packages/airflow/example_dags/example_branch_day_of_week_operator.py
[2026-02-25T04:50:22.787+0000] {processor.py:809} INFO - DAG(s) dict_keys(['example_weekday_branch_operator']) retrieved from /home/airflow/.local/lib/python3.7/site-packages/airflow/example_dags/example_branch_day_of_week_operator.py
[2026-02-25T04:50:22.804+0000] {logging_mixin.py:149} INFO - [2026-02-25T04:50:22.804+0000] {dag.py:2726} INFO - Sync 1 DAGs
[2026-02-25T04:50:22.820+0000] {logging_mixin.py:149} INFO - [2026-02-25T04:50:22.820+0000] {dag.py:3490} INFO - Setting next_dagrun for example_weekday_branch_operator to 2026-02-24T00:00:00+00:00, run_after=2026-02-25T00:00:00+00:00
[2026-02-25T04:50:22.831+0000] {processor.py:178} INFO - Processing /home/airflow/.local/lib/python3.7/site-packages/airflow/example_dags/example_branch_day_of_week_operator.py took 0.052 seconds
[2026-02-25T04:50:52.919+0000] {processor.py:156} INFO - Started process (PID=369) to work on /home/airflow/.local/lib/python3.7/site-packages/airflow/example_dags/example_branch_day_of_week_operator.py
[2026-02-25T04:50:52.922+0000] {processor.py:799} INFO - Processing file /home/airflow/.local/lib/python3.7/site-packages/airflow/example_dags/example_branch_day_of_week_operator.py for tasks to queue
[2026-02-25T04:50:52.922+0000] {logging_mixin.py:149} INFO - [2026-02-25T04:50:52.922+0000] {dagbag.py:541} INFO - Filling up the DagBag from /home/airflow/.local/lib/python3.7/site-packages/airflow/example_dags/example_branch_day_of_week_operator.py
[2026-02-25T04:50:52.927+0000] {processor.py:809} INFO - DAG(s) dict_keys(['example_weekday_branch_operator']) retrieved from /home/airflow/.local/lib/python3.7/site-packages/airflow/example_dags/example_branch_day_of_week_operator.py
[2026-02-25T04:50:52.953+0000] {logging_mixin.py:149} INFO - [2026-02-25T04:50:52.953+0000] {dag.py:2726} INFO - Sync 1 DAGs
[2026-02-25T04:50:52.972+0000] {logging_mixin.py:149} INFO - [2026-02-25T04:50:52.972+0000] {dag.py:3490} INFO - Setting next_dagrun for example_weekday_branch_operator to 2026-02-24T00:00:00+00:00, run_after=2026-02-25T00:00:00+00:00
[2026-02-25T04:50:52.989+0000] {processor.py:178} INFO - Processing /home/airflow/.local/lib/python3.7/site-packages/airflow/example_dags/example_branch_day_of_week_operator.py took 0.072 seconds
[2026-02-25T04:51:23.273+0000] {processor.py:156} INFO - Started process (PID=432) to work on /home/airflow/.local/lib/python3.7/site-packages/airflow/example_dags/example_branch_day_of_week_operator.py
[2026-02-25T04:51:23.275+0000] {processor.py:799} INFO - Processing file /home/airflow/.local/lib/python3.7/site-packages/airflow/example_dags/example_branch_day_of_week_operator.py for tasks to queue
[2026-02-25T04:51:23.275+0000] {logging_mixin.py:149} INFO - [2026-02-25T04:51:23.275+0000] {dagbag.py:541} INFO - Filling up the DagBag from /home/airflow/.local/lib/python3.7/site-packages/airflow/example_dags/example_branch_day_of_week_operator.py
[2026-02-25T04:51:23.283+0000] {processor.py:809} INFO - DAG(s) dict_keys(['example_weekday_branch_operator']) retrieved from /home/airflow/.local/lib/python3.7/site-packages/airflow/example_dags/example_branch_day_of_week_operator.py
[2026-02-25T04:51:23.303+0000] {logging_mixin.py:149} INFO - [2026-02-25T04:51:23.303+0000] {dag.py:2726} INFO - Sync 1 DAGs
[2026-02-25T04:51:23.325+0000] {logging_mixin.py:149} INFO - [2026-02-25T04:51:23.325+0000] {dag.py:3490} INFO - Setting next_dagrun for example_weekday_branch_operator to 2026-02-24T00:00:00+00:00, run_after=2026-02-25T00:00:00+00:00
[2026-02-25T04:51:23.338+0000] {processor.py:178} INFO - Processing /home/airflow/.local/lib/python3.7/site-packages/airflow/example_dags/example_branch_day_of_week_operator.py took 0.068 seconds
[2026-02-25T04:51:53.442+0000] {processor.py:156} INFO - Started process (PID=495) to work on /home/airflow/.local/lib/python3.7/site-packages/airflow/example_dags/example_branch_day_of_week_operator.py
[2026-02-25T04:51:53.443+0000] {processor.py:799} INFO - Processing file /home/airflow/.local/lib/python3.7/site-packages/airflow/example_dags/example_branch_day_of_week_operator.py for tasks to queue
[2026-02-25T04:51:53.446+0000] {logging_mixin.py:149} INFO - [2026-02-25T04:51:53.446+0000] {dagbag.py:541} INFO - Filling up the DagBag from /home/airflow/.local/lib/python3.7/site-packages/airflow/example_dags/example_branch_day_of_week_operator.py
[2026-02-25T04:51:53.451+0000] {processor.py:809} INFO - DAG(s) dict_keys(['example_weekday_branch_operator']) retrieved from /home/airflow/.local/lib/python3.7/site-packages/airflow/example_dags/example_branch_day_of_week_operator.py
[2026-02-25T04:51:53.471+0000] {logging_mixin.py:149} INFO - [2026-02-25T04:51:53.471+0000] {dag.py:2726} INFO - Sync 1 DAGs
[2026-02-25T04:51:53.491+0000] {logging_mixin.py:149} INFO - [2026-02-25T04:51:53.491+0000] {dag.py:3490} INFO - Setting next_dagrun for example_weekday_branch_operator to 2026-02-24T00:00:00+00:00, run_after=2026-02-25T00:00:00+00:00
[2026-02-25T04:51:53.507+0000] {processor.py:178} INFO - Processing /home/airflow/.local/lib/python3.7/site-packages/airflow/example_dags/example_branch_day_of_week_operator.py took 0.068 seconds
[2026-02-25T04:52:24.008+0000] {processor.py:156} INFO - Started process (PID=558) to work on /home/airflow/.local/lib/python3.7/site-packages/airflow/example_dags/example_branch_day_of_week_operator.py
[2026-02-25T04:52:24.009+0000] {processor.py:799} INFO - Processing file /home/airflow/.local/lib/python3.7/site-packages/airflow/example_dags/example_branch_day_of_week_operator.py for tasks to queue
[2026-02-25T04:52:24.010+0000] {logging_mixin.py:149} INFO - [2026-02-25T04:52:24.010+0000] {dagbag.py:541} INFO - Filling up the DagBag from /home/airflow/.local/lib/python3.7/site-packages/airflow/example_dags/example_branch_day_of_week_operator.py
[2026-02-25T04:52:24.016+0000] {processor.py:809} INFO - DAG(s) dict_keys(['example_weekday_branch_operator']) retrieved from /home/airflow/.local/lib/python3.7/site-packages/airflow/example_dags/example_branch_day_of_week_operator.py
[2026-02-25T04:52:24.036+0000] {logging_mixin.py:149} INFO - [2026-02-25T04:52:24.036+0000] {dag.py:2726} INFO - Sync 1 DAGs
[2026-02-25T04:52:24.058+0000] {logging_mixin.py:149} INFO - [2026-02-25T04:52:24.058+0000] {dag.py:3490} INFO - Setting next_dagrun for example_weekday_branch_operator to 2026-02-24T00:00:00+00:00, run_after=2026-02-25T00:00:00+00:00
[2026-02-25T04:52:24.078+0000] {processor.py:178} INFO - Processing /home/airflow/.local/lib/python3.7/site-packages/airflow/example_dags/example_branch_day_of_week_operator.py took 0.072 seconds
[2026-02-25T04:52:54.392+0000] {processor.py:156} INFO - Started process (PID=628) to work on /home/airflow/.local/lib/python3.7/site-packages/airflow/example_dags/example_branch_day_of_week_operator.py
[2026-02-25T04:52:54.393+0000] {processor.py:799} INFO - Processing file /home/airflow/.local/lib/python3.7/site-packages/airflow/example_dags/example_branch_day_of_week_operator.py for tasks to queue
[2026-02-25T04:52:54.393+0000] {logging_mixin.py:149} INFO - [2026-02-25T04:52:54.393+0000] {dagbag.py:541} INFO - Filling up the DagBag from /home/airflow/.local/lib/python3.7/site-packages/airflow/example_dags/example_branch_day_of_week_operator.py
[2026-02-25T04:52:54.400+0000] {processor.py:809} INFO - DAG(s) dict_keys(['example_weekday_branch_operator']) retrieved from /home/airflow/.local/lib/python3.7/site-packages/airflow/example_dags/example_branch_day_of_week_operator.py
[2026-02-25T04:52:54.423+0000] {logging_mixin.py:149} INFO - [2026-02-25T04:52:54.423+0000] {dag.py:2726} INFO - Sync 1 DAGs
[2026-02-25T04:52:54.445+0000] {logging_mixin.py:149} INFO - [2026-02-25T04:52:54.445+0000] {dag.py:3490} INFO - Setting next_dagrun for example_weekday_branch_operator to 2026-02-24T00:00:00+00:00, run_after=2026-02-25T00:00:00+00:00
[2026-02-25T04:52:54.466+0000] {processor.py:178} INFO - Processing /home/airflow/.local/lib/python3.7/site-packages/airflow/example_dags/example_branch_day_of_week_operator.py took 0.077 seconds
[2026-02-25T04:53:25.018+0000] {processor.py:156} INFO - Started process (PID=691) to work on /home/airflow/.local/lib/python3.7/site-packages/airflow/example_dags/example_branch_day_of_week_operator.py
[2026-02-25T04:53:25.019+0000] {processor.py:799} INFO - Processing file /home/airflow/.local/lib/python3.7/site-packages/airflow/example_dags/example_branch_day_of_week_operator.py for tasks to queue
[2026-02-25T04:53:25.019+0000] {logging_mixin.py:149} INFO - [2026-02-25T04:53:25.019+0000] {dagbag.py:541} INFO - Filling up the DagBag from /home/airflow/.local/lib/python3.7/site-packages/airflow/example_dags/example_branch_day_of_week_operator.py
[2026-02-25T04:53:25.027+0000] {processor.py:809} INFO - DAG(s) dict_keys(['example_weekday_branch_operator']) retrieved from /home/airflow/.local/lib/python3.7/site-packages/airflow/example_dags/example_branch_day_of_week_operator.py
[2026-02-25T04:53:25.055+0000] {logging_mixin.py:149} INFO - [2026-02-25T04:53:25.055+0000] {dag.py:2726} INFO - Sync 1 DAGs
[2026-02-25T04:53:25.077+0000] {logging_mixin.py:149} INFO - [2026-02-25T04:53:25.077+0000] {dag.py:3490} INFO - Setting next_dagrun for example_weekday_branch_operator to 2026-02-24T00:00:00+00:00, run_after=2026-02-25T00:00:00+00:00
[2026-02-25T04:53:25.094+0000] {processor.py:178} INFO - Processing /home/airflow/.local/lib/python3.7/site-packages/airflow/example_dags/example_branch_day_of_week_operator.py took 0.080 seconds
[2026-02-25T04:53:55.577+0000] {processor.py:156} INFO - Started process (PID=754) to work on /home/airflow/.local/lib/python3.7/site-packages/airflow/example_dags/example_branch_day_of_week_operator.py
[2026-02-25T04:53:55.578+0000] {processor.py:799} INFO - Processing file /home/airflow/.local/lib/python3.7/site-packages/airflow/example_dags/example_branch_day_of_week_operator.py for tasks to queue
[2026-02-25T04:53:55.579+0000] {logging_mixin.py:149} INFO - [2026-02-25T04:53:55.579+0000] {dagbag.py:541} INFO - Filling up the DagBag from /home/airflow/.local/lib/python3.7/site-packages/airflow/example_dags/example_branch_day_of_week_operator.py
[2026-02-25T04:53:55.586+0000] {processor.py:809} INFO - DAG(s) dict_keys(['example_weekday_branch_operator']) retrieved from /home/airflow/.local/lib/python3.7/site-packages/airflow/example_dags/example_branch_day_of_week_operator.py
[2026-02-25T04:53:55.606+0000] {logging_mixin.py:149} INFO - [2026-02-25T04:53:55.606+0000] {dag.py:2726} INFO - Sync 1 DAGs
[2026-02-25T04:53:55.626+0000] {logging_mixin.py:149} INFO - [2026-02-25T04:53:55.626+0000] {dag.py:3490} INFO - Setting next_dagrun for example_weekday_branch_operator to 2026-02-24T00:00:00+00:00, run_after=2026-02-25T00:00:00+00:00
[2026-02-25T04:53:55.648+0000] {processor.py:178} INFO - Processing /home/airflow/.local/lib/python3.7/site-packages/airflow/example_dags/example_branch_day_of_week_operator.py took 0.074 seconds
[2026-02-25T04:54:25.978+0000] {processor.py:156} INFO - Started process (PID=817) to work on /home/airflow/.local/lib/python3.7/site-packages/airflow/example_dags/example_branch_day_of_week_operator.py
[2026-02-25T04:54:25.979+0000] {processor.py:799} INFO - Processing file /home/airflow/.local/lib/python3.7/site-packages/airflow/example_dags/example_branch_day_of_week_operator.py for tasks to queue
[2026-02-25T04:54:25.982+0000] {logging_mixin.py:149} INFO - [2026-02-25T04:54:25.982+0000] {dagbag.py:541} INFO - Filling up the DagBag from /home/airflow/.local/lib/python3.7/site-packages/airflow/example_dags/example_branch_day_of_week_operator.py
[2026-02-25T04:54:25.989+0000] {processor.py:809} INFO - DAG(s) dict_keys(['example_weekday_branch_operator']) retrieved from /home/airflow/.local/lib/python3.7/site-packages/airflow/example_dags/example_branch_day_of_week_operator.py
[2026-02-25T04:54:26.013+0000] {logging_mixin.py:149} INFO - [2026-02-25T04:54:26.013+0000] {dag.py:2726} INFO - Sync 1 DAGs
[2026-02-25T04:54:26.033+0000] {logging_mixin.py:149} INFO - [2026-02-25T04:54:26.033+0000] {dag.py:3490} INFO - Setting next_dagrun for example_weekday_branch_operator to 2026-02-24T00:00:00+00:00, run_after=2026-02-25T00:00:00+00:00
[2026-02-25T04:54:26.052+0000] {processor.py:178} INFO - Processing /home/airflow/.local/lib/python3.7/site-packages/airflow/example_dags/example_branch_day_of_week_operator.py took 0.076 seconds
[2026-02-25T04:54:56.279+0000] {processor.py:156} INFO - Started process (PID=880) to work on /home/airflow/.local/lib/python3.7/site-packages/airflow/example_dags/example_branch_day_of_week_operator.py
[2026-02-25T04:54:56.282+0000] {processor.py:799} INFO - Processing file /home/airflow/.local/lib/python3.7/site-packages/airflow/example_dags/example_branch_day_of_week_operator.py for tasks to queue
[2026-02-25T04:54:56.283+0000] {logging_mixin.py:149} INFO - [2026-02-25T04:54:56.283+0000] {dagbag.py:541} INFO - Filling up the DagBag from /home/airflow/.local/lib/python3.7/site-packages/airflow/example_dags/example_branch_day_of_week_operator.py
[2026-02-25T04:54:56.288+0000] {processor.py:809} INFO - DAG(s) dict_keys(['example_weekday_branch_operator']) retrieved from /home/airflow/.local/lib/python3.7/site-packages/airflow/example_dags/example_branch_day_of_week_operator.py
[2026-02-25T04:54:56.312+0000] {logging_mixin.py:149} INFO - [2026-02-25T04:54:56.312+0000] {dag.py:2726} INFO - Sync 1 DAGs
[2026-02-25T04:54:56.332+0000] {logging_mixin.py:149} INFO - [2026-02-25T04:54:56.332+0000] {dag.py:3490} INFO - Setting next_dagrun for example_weekday_branch_operator to 2026-02-24T00:00:00+00:00, run_after=2026-02-25T00:00:00+00:00
[2026-02-25T04:54:56.351+0000] {processor.py:178} INFO - Processing /home/airflow/.local/lib/python3.7/site-packages/airflow/example_dags/example_branch_day_of_week_operator.py took 0.075 seconds
[2026-02-25T04:55:26.629+0000] {processor.py:156} INFO - Started process (PID=943) to work on /home/airflow/.local/lib/python3.7/site-packages/airflow/example_dags/example_branch_day_of_week_operator.py
[2026-02-25T04:55:26.630+0000] {processor.py:799} INFO - Processing file /home/airflow/.local/lib/python3.7/site-packages/airflow/example_dags/example_branch_day_of_week_operator.py for tasks to queue
[2026-02-25T04:55:26.630+0000] {logging_mixin.py:149} INFO - [2026-02-25T04:55:26.630+0000] {dagbag.py:541} INFO - Filling up the DagBag from /home/airflow/.local/lib/python3.7/site-packages/airflow/example_dags/example_branch_day_of_week_operator.py
[2026-02-25T04:55:26.637+0000] {processor.py:809} INFO - DAG(s) dict_keys(['example_weekday_branch_operator']) retrieved from /home/airflow/.local/lib/python3.7/site-packages/airflow/example_dags/example_branch_day_of_week_operator.py
[2026-02-25T04:55:26.660+0000] {logging_mixin.py:149} INFO - [2026-02-25T04:55:26.660+0000] {dag.py:2726} INFO - Sync 1 DAGs
[2026-02-25T04:55:26.681+0000] {logging_mixin.py:149} INFO - [2026-02-25T04:55:26.681+0000] {dag.py:3490} INFO - Setting next_dagrun for example_weekday_branch_operator to 2026-02-24T00:00:00+00:00, run_after=2026-02-25T00:00:00+00:00
[2026-02-25T04:55:26.694+0000] {processor.py:178} INFO - Processing /home/airflow/.local/lib/python3.7/site-packages/airflow/example_dags/example_branch_day_of_week_operator.py took 0.068 seconds
[2026-02-25T04:55:57.260+0000] {processor.py:156} INFO - Started process (PID=1006) to work on /home/airflow/.local/lib/python3.7/site-packages/airflow/example_dags/example_branch_day_of_week_operator.py
[2026-02-25T04:55:57.262+0000] {processor.py:799} INFO - Processing file /home/airflow/.local/lib/python3.7/site-packages/airflow/example_dags/example_branch_day_of_week_operator.py for tasks to queue
[2026-02-25T04:55:57.263+0000] {logging_mixin.py:149} INFO - [2026-02-25T04:55:57.263+0000] {dagbag.py:541} INFO - Filling up the DagBag from /home/airflow/.local/lib/python3.7/site-packages/airflow/example_dags/example_branch_day_of_week_operator.py
[2026-02-25T04:55:57.268+0000] {processor.py:809} INFO - DAG(s) dict_keys(['example_weekday_branch_operator']) retrieved from /home/airflow/.local/lib/python3.7/site-packages/airflow/example_dags/example_branch_day_of_week_operator.py
[2026-02-25T04:55:57.292+0000] {logging_mixin.py:149} INFO - [2026-02-25T04:55:57.292+0000] {dag.py:2726} INFO - Sync 1 DAGs
[2026-02-25T04:55:57.310+0000] {logging_mixin.py:149} INFO - [2026-02-25T04:55:57.310+0000] {dag.py:3490} INFO - Setting next_dagrun for example_weekday_branch_operator to 2026-02-24T00:00:00+00:00, run_after=2026-02-25T00:00:00+00:00
[2026-02-25T04:55:57.330+0000] {processor.py:178} INFO - Processing /home/airflow/.local/lib/python3.7/site-packages/airflow/example_dags/example_branch_day_of_week_operator.py took 0.077 seconds
[2026-02-25T04:56:27.596+0000] {processor.py:156} INFO - Started process (PID=1069) to work on /home/airflow/.local/lib/python3.7/site-packages/airflow/example_dags/example_branch_day_of_week_operator.py
[2026-02-25T04:56:27.597+0000] {processor.py:799} INFO - Processing file /home/airflow/.local/lib/python3.7/site-packages/airflow/example_dags/example_branch_day_of_week_operator.py for tasks to queue
[2026-02-25T04:56:27.598+0000] {logging_mixin.py:149} INFO - [2026-02-25T04:56:27.598+0000] {dagbag.py:541} INFO - Filling up the DagBag from /home/airflow/.local/lib/python3.7/site-packages/airflow/example_dags/example_branch_day_of_week_operator.py
[2026-02-25T04:56:27.604+0000] {processor.py:809} INFO - DAG(s) dict_keys(['example_weekday_branch_operator']) retrieved from /home/airflow/.local/lib/python3.7/site-packages/airflow/example_dags/example_branch_day_of_week_operator.py
[2026-02-25T04:56:27.623+0000] {logging_mixin.py:149} INFO - [2026-02-25T04:56:27.623+0000] {dag.py:2726} INFO - Sync 1 DAGs
[2026-02-25T04:56:27.644+0000] {logging_mixin.py:149} INFO - [2026-02-25T04:56:27.644+0000] {dag.py:3490} INFO - Setting next_dagrun for example_weekday_branch_operator to 2026-02-24T00:00:00+00:00, run_after=2026-02-25T00:00:00+00:00
[2026-02-25T04:56:27.657+0000] {processor.py:178} INFO - Processing /home/airflow/.local/lib/python3.7/site-packages/airflow/example_dags/example_branch_day_of_week_operator.py took 0.063 seconds
[2026-02-25T04:56:58.231+0000] {processor.py:156} INFO - Started process (PID=1132) to work on /home/airflow/.local/lib/python3.7/site-packages/airflow/example_dags/example_branch_day_of_week_operator.py
[2026-02-25T04:56:58.237+0000] {processor.py:799} INFO - Processing file /home/airflow/.local/lib/python3.7/site-packages/airflow/example_dags/example_branch_day_of_week_operator.py for tasks to queue
[2026-02-25T04:56:58.237+0000] {logging_mixin.py:149} INFO - [2026-02-25T04:56:58.237+0000] {dagbag.py:541} INFO - Filling up the DagBag from /home/airflow/.local/lib/python3.7/site-packages/airflow/example_dags/example_branch_day_of_week_operator.py
[2026-02-25T04:56:58.244+0000] {processor.py:809} INFO - DAG(s) dict_keys(['example_weekday_branch_operator']) retrieved from /home/airflow/.local/lib/python3.7/site-packages/airflow/example_dags/example_branch_day_of_week_operator.py
[2026-02-25T04:56:58.268+0000] {logging_mixin.py:149} INFO - [2026-02-25T04:56:58.268+0000] {dag.py:2726} INFO - Sync 1 DAGs
[2026-02-25T04:56:58.293+0000] {logging_mixin.py:149} INFO - [2026-02-25T04:56:58.293+0000] {dag.py:3490} INFO - Setting next_dagrun for example_weekday_branch_operator to 2026-02-24T00:00:00+00:00, run_after=2026-02-25T00:00:00+00:00
[2026-02-25T04:56:58.311+0000] {processor.py:178} INFO - Processing /home/airflow/.local/lib/python3.7/site-packages/airflow/example_dags/example_branch_day_of_week_operator.py took 0.084 seconds
[2026-02-25T04:57:28.646+0000] {processor.py:156} INFO - Started process (PID=1195) to work on /home/airflow/.local/lib/python3.7/site-packages/airflow/example_dags/example_branch_day_of_week_operator.py
[2026-02-25T04:57:28.647+0000] {processor.py:799} INFO - Processing file /home/airflow/.local/lib/python3.7/site-packages/airflow/example_dags/example_branch_day_of_week_operator.py for tasks to queue
[2026-02-25T04:57:28.647+0000] {logging_mixin.py:149} INFO - [2026-02-25T04:57:28.647+0000] {dagbag.py:541} INFO - Filling up the DagBag from /home/airflow/.local/lib/python3.7/site-packages/airflow/example_dags/example_branch_day_of_week_operator.py
[2026-02-25T04:57:28.652+0000] {processor.py:809} INFO - DAG(s) dict_keys(['example_weekday_branch_operator']) retrieved from /home/airflow/.local/lib/python3.7/site-packages/airflow/example_dags/example_branch_day_of_week_operator.py
[2026-02-25T04:57:28.671+0000] {logging_mixin.py:149} INFO - [2026-02-25T04:57:28.671+0000] {dag.py:2726} INFO - Sync 1 DAGs
[2026-02-25T04:57:28.691+0000] {logging_mixin.py:149} INFO - [2026-02-25T04:57:28.691+0000] {dag.py:3490} INFO - Setting next_dagrun for example_weekday_branch_operator to 2026-02-24T00:00:00+00:00, run_after=2026-02-25T00:00:00+00:00
[2026-02-25T04:57:28.702+0000] {processor.py:178} INFO - Processing /home/airflow/.local/lib/python3.7/site-packages/airflow/example_dags/example_branch_day_of_week_operator.py took 0.059 seconds
[2026-02-25T04:57:58.989+0000] {processor.py:156} INFO - Started process (PID=1258) to work on /home/airflow/.local/lib/python3.7/site-packages/airflow/example_dags/example_branch_day_of_week_operator.py
[2026-02-25T04:57:58.991+0000] {processor.py:799} INFO - Processing file /home/airflow/.local/lib/python3.7/site-packages/airflow/example_dags/example_branch_day_of_week_operator.py for tasks to queue
[2026-02-25T04:57:58.991+0000] {logging_mixin.py:149} INFO - [2026-02-25T04:57:58.991+0000] {dagbag.py:541} INFO - Filling up the DagBag from /home/airflow/.local/lib/python3.7/site-packages/airflow/example_dags/example_branch_day_of_week_operator.py
[2026-02-25T04:57:59.000+0000] {processor.py:809} INFO - DAG(s) dict_keys(['example_weekday_branch_operator']) retrieved from /home/airflow/.local/lib/python3.7/site-packages/airflow/example_dags/example_branch_day_of_week_operator.py
[2026-02-25T04:57:59.023+0000] {logging_mixin.py:149} INFO - [2026-02-25T04:57:59.023+0000] {dag.py:2726} INFO - Sync 1 DAGs
[2026-02-25T04:57:59.045+0000] {logging_mixin.py:149} INFO - [2026-02-25T04:57:59.045+0000] {dag.py:3490} INFO - Setting next_dagrun for example_weekday_branch_operator to 2026-02-24T00:00:00+00:00, run_after=2026-02-25T00:00:00+00:00
[2026-02-25T04:57:59.059+0000] {processor.py:178} INFO - Processing /home/airflow/.local/lib/python3.7/site-packages/airflow/example_dags/example_branch_day_of_week_operator.py took 0.072 seconds
[2026-02-25T04:58:29.607+0000] {processor.py:156} INFO - Started process (PID=1321) to work on /home/airflow/.local/lib/python3.7/site-packages/airflow/example_dags/example_branch_day_of_week_operator.py
[2026-02-25T04:58:29.608+0000] {processor.py:799} INFO - Processing file /home/airflow/.local/lib/python3.7/site-packages/airflow/example_dags/example_branch_day_of_week_operator.py for tasks to queue
[2026-02-25T04:58:29.608+0000] {logging_mixin.py:149} INFO - [2026-02-25T04:58:29.608+0000] {dagbag.py:541} INFO - Filling up the DagBag from /home/airflow/.local/lib/python3.7/site-packages/airflow/example_dags/example_branch_day_of_week_operator.py
[2026-02-25T04:58:29.613+0000] {processor.py:809} INFO - DAG(s) dict_keys(['example_weekday_branch_operator']) retrieved from /home/airflow/.local/lib/python3.7/site-packages/airflow/example_dags/example_branch_day_of_week_operator.py
[2026-02-25T04:58:29.637+0000] {logging_mixin.py:149} INFO - [2026-02-25T04:58:29.637+0000] {dag.py:2726} INFO - Sync 1 DAGs
[2026-02-25T04:58:29.655+0000] {logging_mixin.py:149} INFO - [2026-02-25T04:58:29.655+0000] {dag.py:3490} INFO - Setting next_dagrun for example_weekday_branch_operator to 2026-02-24T00:00:00+00:00, run_after=2026-02-25T00:00:00+00:00
[2026-02-25T04:58:29.675+0000] {processor.py:178} INFO - Processing /home/airflow/.local/lib/python3.7/site-packages/airflow/example_dags/example_branch_day_of_week_operator.py took 0.070 seconds
[2026-02-25T04:59:00.267+0000] {processor.py:156} INFO - Started process (PID=1383) to work on /home/airflow/.local/lib/python3.7/site-packages/airflow/example_dags/example_branch_day_of_week_operator.py
[2026-02-25T04:59:00.269+0000] {processor.py:799} INFO - Processing file /home/airflow/.local/lib/python3.7/site-packages/airflow/example_dags/example_branch_day_of_week_operator.py for tasks to queue
[2026-02-25T04:59:00.269+0000] {logging_mixin.py:149} INFO - [2026-02-25T04:59:00.269+0000] {dagbag.py:541} INFO - Filling up the DagBag from /home/airflow/.local/lib/python3.7/site-packages/airflow/example_dags/example_branch_day_of_week_operator.py
[2026-02-25T04:59:00.275+0000] {processor.py:809} INFO - DAG(s) dict_keys(['example_weekday_branch_operator']) retrieved from /home/airflow/.local/lib/python3.7/site-packages/airflow/example_dags/example_branch_day_of_week_operator.py
[2026-02-25T04:59:00.298+0000] {logging_mixin.py:149} INFO - [2026-02-25T04:59:00.298+0000] {dag.py:2726} INFO - Sync 1 DAGs
[2026-02-25T04:59:00.320+0000] {logging_mixin.py:149} INFO - [2026-02-25T04:59:00.320+0000] {dag.py:3490} INFO - Setting next_dagrun for example_weekday_branch_operator to 2026-02-24T00:00:00+00:00, run_after=2026-02-25T00:00:00+00:00
[2026-02-25T04:59:00.344+0000] {processor.py:178} INFO - Processing /home/airflow/.local/lib/python3.7/site-packages/airflow/example_dags/example_branch_day_of_week_operator.py took 0.079 seconds
[2026-02-25T04:59:30.831+0000] {processor.py:156} INFO - Started process (PID=1446) to work on /home/airflow/.local/lib/python3.7/site-packages/airflow/example_dags/example_branch_day_of_week_operator.py
[2026-02-25T04:59:30.832+0000] {processor.py:799} INFO - Processing file /home/airflow/.local/lib/python3.7/site-packages/airflow/example_dags/example_branch_day_of_week_operator.py for tasks to queue
[2026-02-25T04:59:30.833+0000] {logging_mixin.py:149} INFO - [2026-02-25T04:59:30.833+0000] {dagbag.py:541} INFO - Filling up the DagBag from /home/airflow/.local/lib/python3.7/site-packages/airflow/example_dags/example_branch_day_of_week_operator.py
[2026-02-25T04:59:30.841+0000] {processor.py:809} INFO - DAG(s) dict_keys(['example_weekday_branch_operator']) retrieved from /home/airflow/.local/lib/python3.7/site-packages/airflow/example_dags/example_branch_day_of_week_operator.py
[2026-02-25T04:59:30.870+0000] {logging_mixin.py:149} INFO - [2026-02-25T04:59:30.870+0000] {dag.py:2726} INFO - Sync 1 DAGs
[2026-02-25T04:59:30.895+0000] {logging_mixin.py:149} INFO - [2026-02-25T04:59:30.894+0000] {dag.py:3490} INFO - Setting next_dagrun for example_weekday_branch_operator to 2026-02-24T00:00:00+00:00, run_after=2026-02-25T00:00:00+00:00
[2026-02-25T04:59:30.911+0000] {processor.py:178} INFO - Processing /home/airflow/.local/lib/python3.7/site-packages/airflow/example_dags/example_branch_day_of_week_operator.py took 0.082 seconds
