[2026-02-25T04:40:41.348+0000] {processor.py:156} INFO - Started process (PID=80) to work on /home/airflow/.local/lib/python3.7/site-packages/airflow/example_dags/example_short_circuit_decorator.py
[2026-02-25T04:40:41.349+0000] {processor.py:799} INFO - Processing file /home/airflow/.local/lib/python3.7/site-packages/airflow/example_dags/example_short_circuit_decorator.py for tasks to queue
[2026-02-25T04:40:41.350+0000] {logging_mixin.py:149} INFO - [2026-02-25T04:40:41.350+0000] {dagbag.py:541} INFO - Filling up the DagBag from /home/airflow/.local/lib/python3.7/site-packages/airflow/example_dags/example_short_circuit_decorator.py
[2026-02-25T04:40:41.359+0000] {processor.py:809} INFO - DAG(s) dict_keys(['example_short_circuit_decorator']) retrieved from /home/airflow/.local/lib/python3.7/site-packages/airflow/example_dags/example_short_circuit_decorator.py
[2026-02-25T04:40:41.450+0000] {logging_mixin.py:149} INFO - [2026-02-25T04:40:41.450+0000] {manager.py:504} INFO - Created Permission View: can edit on DAG:example_short_circuit_decorator
[2026-02-25T04:40:41.459+0000] {logging_mixin.py:149} INFO - [2026-02-25T04:40:41.459+0000] {manager.py:504} INFO - Created Permission View: can delete on DAG:example_short_circuit_decorator
[2026-02-25T04:40:41.464+0000] {logging_mixin.py:149} INFO - [2026-02-25T04:40:41.464+0000] {manager.py:504} INFO - Created Permission View: can read on DAG:example_short_circuit_decorator
[2026-02-25T04:40:41.464+0000] {logging_mixin.py:149} INFO - [2026-02-25T04:40:41.464+0000] {dag.py:2726} INFO - Sync 1 DAGs
[2026-02-25T04:40:41.474+0000] {logging_mixin.py:149} INFO - [2026-02-25T04:40:41.474+0000] {dag.py:2747} INFO - Creating ORM DAG for example_short_circuit_decorator
[2026-02-25T04:40:41.484+0000] {logging_mixin.py:149} INFO - [2026-02-25T04:40:41.484+0000] {dag.py:3490} INFO - Setting next_dagrun for example_short_circuit_decorator to 2026-02-24T04:40:41.483997+00:00, run_after=2026-02-25T04:40:41.483997+00:00
[2026-02-25T04:40:41.504+0000] {processor.py:178} INFO - Processing /home/airflow/.local/lib/python3.7/site-packages/airflow/example_dags/example_short_circuit_decorator.py took 0.159 seconds
[2026-02-25T04:41:11.957+0000] {processor.py:156} INFO - Started process (PID=143) to work on /home/airflow/.local/lib/python3.7/site-packages/airflow/example_dags/example_short_circuit_decorator.py
[2026-02-25T04:41:11.958+0000] {processor.py:799} INFO - Processing file /home/airflow/.local/lib/python3.7/site-packages/airflow/example_dags/example_short_circuit_decorator.py for tasks to queue
[2026-02-25T04:41:11.958+0000] {logging_mixin.py:149} INFO - [2026-02-25T04:41:11.958+0000] {dagbag.py:541} INFO - Filling up the DagBag from /home/airflow/.local/lib/python3.7/site-packages/airflow/example_dags/example_short_circuit_decorator.py
[2026-02-25T04:41:11.965+0000] {processor.py:809} INFO - DAG(s) dict_keys(['example_short_circuit_decorator']) retrieved from /home/airflow/.local/lib/python3.7/site-packages/airflow/example_dags/example_short_circuit_decorator.py
[2026-02-25T04:41:11.986+0000] {logging_mixin.py:149} INFO - [2026-02-25T04:41:11.986+0000] {dag.py:2726} INFO - Sync 1 DAGs
[2026-02-25T04:41:12.004+0000] {logging_mixin.py:149} INFO - [2026-02-25T04:41:12.004+0000] {dag.py:3490} INFO - Setting next_dagrun for example_short_circuit_decorator to 2026-02-24T04:41:12.004058+00:00, run_after=2026-02-25T04:41:12.004058+00:00
[2026-02-25T04:41:12.022+0000] {processor.py:178} INFO - Processing /home/airflow/.local/lib/python3.7/site-packages/airflow/example_dags/example_short_circuit_decorator.py took 0.067 seconds
[2026-02-25T04:41:42.935+0000] {processor.py:156} INFO - Started process (PID=206) to work on /home/airflow/.local/lib/python3.7/site-packages/airflow/example_dags/example_short_circuit_decorator.py
[2026-02-25T04:41:42.936+0000] {processor.py:799} INFO - Processing file /home/airflow/.local/lib/python3.7/site-packages/airflow/example_dags/example_short_circuit_decorator.py for tasks to queue
[2026-02-25T04:41:42.938+0000] {logging_mixin.py:149} INFO - [2026-02-25T04:41:42.938+0000] {dagbag.py:541} INFO - Filling up the DagBag from /home/airflow/.local/lib/python3.7/site-packages/airflow/example_dags/example_short_circuit_decorator.py
[2026-02-25T04:41:42.951+0000] {processor.py:809} INFO - DAG(s) dict_keys(['example_short_circuit_decorator']) retrieved from /home/airflow/.local/lib/python3.7/site-packages/airflow/example_dags/example_short_circuit_decorator.py
[2026-02-25T04:41:42.985+0000] {logging_mixin.py:149} INFO - [2026-02-25T04:41:42.984+0000] {dag.py:2726} INFO - Sync 1 DAGs
[2026-02-25T04:41:43.008+0000] {logging_mixin.py:149} INFO - [2026-02-25T04:41:43.008+0000] {dag.py:3490} INFO - Setting next_dagrun for example_short_circuit_decorator to 2026-02-24T04:41:43.007804+00:00, run_after=2026-02-25T04:41:43.007804+00:00
[2026-02-25T04:41:43.034+0000] {processor.py:178} INFO - Processing /home/airflow/.local/lib/python3.7/site-packages/airflow/example_dags/example_short_circuit_decorator.py took 0.103 seconds
[2026-02-25T04:42:14.028+0000] {processor.py:156} INFO - Started process (PID=269) to work on /home/airflow/.local/lib/python3.7/site-packages/airflow/example_dags/example_short_circuit_decorator.py
[2026-02-25T04:42:14.030+0000] {processor.py:799} INFO - Processing file /home/airflow/.local/lib/python3.7/site-packages/airflow/example_dags/example_short_circuit_decorator.py for tasks to queue
[2026-02-25T04:42:14.030+0000] {logging_mixin.py:149} INFO - [2026-02-25T04:42:14.030+0000] {dagbag.py:541} INFO - Filling up the DagBag from /home/airflow/.local/lib/python3.7/site-packages/airflow/example_dags/example_short_circuit_decorator.py
[2026-02-25T04:42:14.043+0000] {processor.py:809} INFO - DAG(s) dict_keys(['example_short_circuit_decorator']) retrieved from /home/airflow/.local/lib/python3.7/site-packages/airflow/example_dags/example_short_circuit_decorator.py
[2026-02-25T04:42:14.070+0000] {logging_mixin.py:149} INFO - [2026-02-25T04:42:14.069+0000] {dag.py:2726} INFO - Sync 1 DAGs
[2026-02-25T04:42:14.086+0000] {logging_mixin.py:149} INFO - [2026-02-25T04:42:14.086+0000] {dag.py:3490} INFO - Setting next_dagrun for example_short_circuit_decorator to 2026-02-24T04:42:14.086684+00:00, run_after=2026-02-25T04:42:14.086684+00:00
[2026-02-25T04:42:14.107+0000] {processor.py:178} INFO - Processing /home/airflow/.local/lib/python3.7/site-packages/airflow/example_dags/example_short_circuit_decorator.py took 0.084 seconds
[2026-02-25T04:42:44.667+0000] {processor.py:156} INFO - Started process (PID=332) to work on /home/airflow/.local/lib/python3.7/site-packages/airflow/example_dags/example_short_circuit_decorator.py
[2026-02-25T04:42:44.667+0000] {processor.py:799} INFO - Processing file /home/airflow/.local/lib/python3.7/site-packages/airflow/example_dags/example_short_circuit_decorator.py for tasks to queue
[2026-02-25T04:42:44.668+0000] {logging_mixin.py:149} INFO - [2026-02-25T04:42:44.668+0000] {dagbag.py:541} INFO - Filling up the DagBag from /home/airflow/.local/lib/python3.7/site-packages/airflow/example_dags/example_short_circuit_decorator.py
[2026-02-25T04:42:44.676+0000] {processor.py:809} INFO - DAG(s) dict_keys(['example_short_circuit_decorator']) retrieved from /home/airflow/.local/lib/python3.7/site-packages/airflow/example_dags/example_short_circuit_decorator.py
[2026-02-25T04:42:44.705+0000] {logging_mixin.py:149} INFO - [2026-02-25T04:42:44.705+0000] {dag.py:2726} INFO - Sync 1 DAGs
[2026-02-25T04:42:44.729+0000] {logging_mixin.py:149} INFO - [2026-02-25T04:42:44.729+0000] {dag.py:3490} INFO - Setting next_dagrun for example_short_circuit_decorator to 2026-02-24T04:42:44.729143+00:00, run_after=2026-02-25T04:42:44.729143+00:00
[2026-02-25T04:42:44.750+0000] {processor.py:178} INFO - Processing /home/airflow/.local/lib/python3.7/site-packages/airflow/example_dags/example_short_circuit_decorator.py took 0.086 seconds
[2026-02-25T04:48:22.532+0000] {processor.py:156} INFO - Started process (PID=72) to work on /home/airflow/.local/lib/python3.7/site-packages/airflow/example_dags/example_short_circuit_decorator.py
[2026-02-25T04:48:22.535+0000] {processor.py:799} INFO - Processing file /home/airflow/.local/lib/python3.7/site-packages/airflow/example_dags/example_short_circuit_decorator.py for tasks to queue
[2026-02-25T04:48:22.537+0000] {logging_mixin.py:149} INFO - [2026-02-25T04:48:22.537+0000] {dagbag.py:541} INFO - Filling up the DagBag from /home/airflow/.local/lib/python3.7/site-packages/airflow/example_dags/example_short_circuit_decorator.py
[2026-02-25T04:48:22.550+0000] {processor.py:809} INFO - DAG(s) dict_keys(['example_short_circuit_decorator']) retrieved from /home/airflow/.local/lib/python3.7/site-packages/airflow/example_dags/example_short_circuit_decorator.py
[2026-02-25T04:48:22.567+0000] {logging_mixin.py:149} INFO - [2026-02-25T04:48:22.566+0000] {dag.py:2726} INFO - Sync 1 DAGs
[2026-02-25T04:48:22.594+0000] {logging_mixin.py:149} INFO - [2026-02-25T04:48:22.594+0000] {dag.py:3490} INFO - Setting next_dagrun for example_short_circuit_decorator to 2026-02-24T04:48:22.594262+00:00, run_after=2026-02-25T04:48:22.594262+00:00
[2026-02-25T04:48:22.613+0000] {processor.py:178} INFO - Processing /home/airflow/.local/lib/python3.7/site-packages/airflow/example_dags/example_short_circuit_decorator.py took 0.084 seconds
[2026-02-25T04:48:53.153+0000] {processor.py:156} INFO - Started process (PID=135) to work on /home/airflow/.local/lib/python3.7/site-packages/airflow/example_dags/example_short_circuit_decorator.py
[2026-02-25T04:48:53.154+0000] {processor.py:799} INFO - Processing file /home/airflow/.local/lib/python3.7/site-packages/airflow/example_dags/example_short_circuit_decorator.py for tasks to queue
[2026-02-25T04:48:53.154+0000] {logging_mixin.py:149} INFO - [2026-02-25T04:48:53.154+0000] {dagbag.py:541} INFO - Filling up the DagBag from /home/airflow/.local/lib/python3.7/site-packages/airflow/example_dags/example_short_circuit_decorator.py
[2026-02-25T04:48:53.163+0000] {processor.py:809} INFO - DAG(s) dict_keys(['example_short_circuit_decorator']) retrieved from /home/airflow/.local/lib/python3.7/site-packages/airflow/example_dags/example_short_circuit_decorator.py
[2026-02-25T04:48:53.183+0000] {logging_mixin.py:149} INFO - [2026-02-25T04:48:53.182+0000] {dag.py:2726} INFO - Sync 1 DAGs
[2026-02-25T04:48:53.200+0000] {logging_mixin.py:149} INFO - [2026-02-25T04:48:53.199+0000] {dag.py:3490} INFO - Setting next_dagrun for example_short_circuit_decorator to 2026-02-24T04:48:53.199811+00:00, run_after=2026-02-25T04:48:53.199811+00:00
[2026-02-25T04:48:53.215+0000] {processor.py:178} INFO - Processing /home/airflow/.local/lib/python3.7/site-packages/airflow/example_dags/example_short_circuit_decorator.py took 0.065 seconds
[2026-02-25T04:49:23.686+0000] {processor.py:156} INFO - Started process (PID=205) to work on /home/airflow/.local/lib/python3.7/site-packages/airflow/example_dags/example_short_circuit_decorator.py
[2026-02-25T04:49:23.687+0000] {processor.py:799} INFO - Processing file /home/airflow/.local/lib/python3.7/site-packages/airflow/example_dags/example_short_circuit_decorator.py for tasks to queue
[2026-02-25T04:49:23.688+0000] {logging_mixin.py:149} INFO - [2026-02-25T04:49:23.688+0000] {dagbag.py:541} INFO - Filling up the DagBag from /home/airflow/.local/lib/python3.7/site-packages/airflow/example_dags/example_short_circuit_decorator.py
[2026-02-25T04:49:23.696+0000] {processor.py:809} INFO - DAG(s) dict_keys(['example_short_circuit_decorator']) retrieved from /home/airflow/.local/lib/python3.7/site-packages/airflow/example_dags/example_short_circuit_decorator.py
[2026-02-25T04:49:23.718+0000] {logging_mixin.py:149} INFO - [2026-02-25T04:49:23.717+0000] {dag.py:2726} INFO - Sync 1 DAGs
[2026-02-25T04:49:23.734+0000] {logging_mixin.py:149} INFO - [2026-02-25T04:49:23.734+0000] {dag.py:3490} INFO - Setting next_dagrun for example_short_circuit_decorator to 2026-02-24T04:49:23.734204+00:00, run_after=2026-02-25T04:49:23.734204+00:00
[2026-02-25T04:49:23.754+0000] {processor.py:178} INFO - Processing /home/airflow/.local/lib/python3.7/site-packages/airflow/example_dags/example_short_circuit_decorator.py took 0.071 seconds
[2026-02-25T04:49:54.250+0000] {processor.py:156} INFO - Started process (PID=268) to work on /home/airflow/.local/lib/python3.7/site-packages/airflow/example_dags/example_short_circuit_decorator.py
[2026-02-25T04:49:54.251+0000] {processor.py:799} INFO - Processing file /home/airflow/.local/lib/python3.7/site-packages/airflow/example_dags/example_short_circuit_decorator.py for tasks to queue
[2026-02-25T04:49:54.251+0000] {logging_mixin.py:149} INFO - [2026-02-25T04:49:54.251+0000] {dagbag.py:541} INFO - Filling up the DagBag from /home/airflow/.local/lib/python3.7/site-packages/airflow/example_dags/example_short_circuit_decorator.py
[2026-02-25T04:49:54.258+0000] {processor.py:809} INFO - DAG(s) dict_keys(['example_short_circuit_decorator']) retrieved from /home/airflow/.local/lib/python3.7/site-packages/airflow/example_dags/example_short_circuit_decorator.py
[2026-02-25T04:49:54.283+0000] {logging_mixin.py:149} INFO - [2026-02-25T04:49:54.283+0000] {dag.py:2726} INFO - Sync 1 DAGs
[2026-02-25T04:49:54.302+0000] {logging_mixin.py:149} INFO - [2026-02-25T04:49:54.302+0000] {dag.py:3490} INFO - Setting next_dagrun for example_short_circuit_decorator to 2026-02-24T04:49:54.302142+00:00, run_after=2026-02-25T04:49:54.302142+00:00
[2026-02-25T04:49:54.321+0000] {processor.py:178} INFO - Processing /home/airflow/.local/lib/python3.7/site-packages/airflow/example_dags/example_short_circuit_decorator.py took 0.074 seconds
[2026-02-25T04:50:24.694+0000] {processor.py:156} INFO - Started process (PID=331) to work on /home/airflow/.local/lib/python3.7/site-packages/airflow/example_dags/example_short_circuit_decorator.py
[2026-02-25T04:50:24.695+0000] {processor.py:799} INFO - Processing file /home/airflow/.local/lib/python3.7/site-packages/airflow/example_dags/example_short_circuit_decorator.py for tasks to queue
[2026-02-25T04:50:24.695+0000] {logging_mixin.py:149} INFO - [2026-02-25T04:50:24.695+0000] {dagbag.py:541} INFO - Filling up the DagBag from /home/airflow/.local/lib/python3.7/site-packages/airflow/example_dags/example_short_circuit_decorator.py
[2026-02-25T04:50:24.703+0000] {processor.py:809} INFO - DAG(s) dict_keys(['example_short_circuit_decorator']) retrieved from /home/airflow/.local/lib/python3.7/site-packages/airflow/example_dags/example_short_circuit_decorator.py
[2026-02-25T04:50:24.719+0000] {logging_mixin.py:149} INFO - [2026-02-25T04:50:24.719+0000] {dag.py:2726} INFO - Sync 1 DAGs
[2026-02-25T04:50:24.738+0000] {logging_mixin.py:149} INFO - [2026-02-25T04:50:24.737+0000] {dag.py:3490} INFO - Setting next_dagrun for example_short_circuit_decorator to 2026-02-24T04:50:24.737843+00:00, run_after=2026-02-25T04:50:24.737843+00:00
[2026-02-25T04:50:24.753+0000] {processor.py:178} INFO - Processing /home/airflow/.local/lib/python3.7/site-packages/airflow/example_dags/example_short_circuit_decorator.py took 0.061 seconds
[2026-02-25T04:50:54.962+0000] {processor.py:156} INFO - Started process (PID=394) to work on /home/airflow/.local/lib/python3.7/site-packages/airflow/example_dags/example_short_circuit_decorator.py
[2026-02-25T04:50:54.962+0000] {processor.py:799} INFO - Processing file /home/airflow/.local/lib/python3.7/site-packages/airflow/example_dags/example_short_circuit_decorator.py for tasks to queue
[2026-02-25T04:50:54.963+0000] {logging_mixin.py:149} INFO - [2026-02-25T04:50:54.963+0000] {dagbag.py:541} INFO - Filling up the DagBag from /home/airflow/.local/lib/python3.7/site-packages/airflow/example_dags/example_short_circuit_decorator.py
[2026-02-25T04:50:54.969+0000] {processor.py:809} INFO - DAG(s) dict_keys(['example_short_circuit_decorator']) retrieved from /home/airflow/.local/lib/python3.7/site-packages/airflow/example_dags/example_short_circuit_decorator.py
[2026-02-25T04:50:54.997+0000] {logging_mixin.py:149} INFO - [2026-02-25T04:50:54.997+0000] {dag.py:2726} INFO - Sync 1 DAGs
[2026-02-25T04:50:55.013+0000] {logging_mixin.py:149} INFO - [2026-02-25T04:50:55.012+0000] {dag.py:3490} INFO - Setting next_dagrun for example_short_circuit_decorator to 2026-02-24T04:50:55.012754+00:00, run_after=2026-02-25T04:50:55.012754+00:00
[2026-02-25T04:50:55.030+0000] {processor.py:178} INFO - Processing /home/airflow/.local/lib/python3.7/site-packages/airflow/example_dags/example_short_circuit_decorator.py took 0.071 seconds
[2026-02-25T04:51:25.159+0000] {processor.py:156} INFO - Started process (PID=457) to work on /home/airflow/.local/lib/python3.7/site-packages/airflow/example_dags/example_short_circuit_decorator.py
[2026-02-25T04:51:25.160+0000] {processor.py:799} INFO - Processing file /home/airflow/.local/lib/python3.7/site-packages/airflow/example_dags/example_short_circuit_decorator.py for tasks to queue
[2026-02-25T04:51:25.161+0000] {logging_mixin.py:149} INFO - [2026-02-25T04:51:25.161+0000] {dagbag.py:541} INFO - Filling up the DagBag from /home/airflow/.local/lib/python3.7/site-packages/airflow/example_dags/example_short_circuit_decorator.py
[2026-02-25T04:51:25.167+0000] {processor.py:809} INFO - DAG(s) dict_keys(['example_short_circuit_decorator']) retrieved from /home/airflow/.local/lib/python3.7/site-packages/airflow/example_dags/example_short_circuit_decorator.py
[2026-02-25T04:51:25.184+0000] {logging_mixin.py:149} INFO - [2026-02-25T04:51:25.183+0000] {dag.py:2726} INFO - Sync 1 DAGs
[2026-02-25T04:51:25.203+0000] {logging_mixin.py:149} INFO - [2026-02-25T04:51:25.203+0000] {dag.py:3490} INFO - Setting next_dagrun for example_short_circuit_decorator to 2026-02-24T04:51:25.203650+00:00, run_after=2026-02-25T04:51:25.203650+00:00
[2026-02-25T04:51:25.221+0000] {processor.py:178} INFO - Processing /home/airflow/.local/lib/python3.7/site-packages/airflow/example_dags/example_short_circuit_decorator.py took 0.065 seconds
[2026-02-25T04:51:55.477+0000] {processor.py:156} INFO - Started process (PID=520) to work on /home/airflow/.local/lib/python3.7/site-packages/airflow/example_dags/example_short_circuit_decorator.py
[2026-02-25T04:51:55.478+0000] {processor.py:799} INFO - Processing file /home/airflow/.local/lib/python3.7/site-packages/airflow/example_dags/example_short_circuit_decorator.py for tasks to queue
[2026-02-25T04:51:55.479+0000] {logging_mixin.py:149} INFO - [2026-02-25T04:51:55.479+0000] {dagbag.py:541} INFO - Filling up the DagBag from /home/airflow/.local/lib/python3.7/site-packages/airflow/example_dags/example_short_circuit_decorator.py
[2026-02-25T04:51:55.488+0000] {processor.py:809} INFO - DAG(s) dict_keys(['example_short_circuit_decorator']) retrieved from /home/airflow/.local/lib/python3.7/site-packages/airflow/example_dags/example_short_circuit_decorator.py
[2026-02-25T04:51:55.511+0000] {logging_mixin.py:149} INFO - [2026-02-25T04:51:55.511+0000] {dag.py:2726} INFO - Sync 1 DAGs
[2026-02-25T04:51:55.531+0000] {logging_mixin.py:149} INFO - [2026-02-25T04:51:55.531+0000] {dag.py:3490} INFO - Setting next_dagrun for example_short_circuit_decorator to 2026-02-24T04:51:55.530865+00:00, run_after=2026-02-25T04:51:55.530865+00:00
[2026-02-25T04:51:55.546+0000] {processor.py:178} INFO - Processing /home/airflow/.local/lib/python3.7/site-packages/airflow/example_dags/example_short_circuit_decorator.py took 0.070 seconds
[2026-02-25T04:52:25.928+0000] {processor.py:156} INFO - Started process (PID=583) to work on /home/airflow/.local/lib/python3.7/site-packages/airflow/example_dags/example_short_circuit_decorator.py
[2026-02-25T04:52:25.929+0000] {processor.py:799} INFO - Processing file /home/airflow/.local/lib/python3.7/site-packages/airflow/example_dags/example_short_circuit_decorator.py for tasks to queue
[2026-02-25T04:52:25.930+0000] {logging_mixin.py:149} INFO - [2026-02-25T04:52:25.930+0000] {dagbag.py:541} INFO - Filling up the DagBag from /home/airflow/.local/lib/python3.7/site-packages/airflow/example_dags/example_short_circuit_decorator.py
[2026-02-25T04:52:25.937+0000] {processor.py:809} INFO - DAG(s) dict_keys(['example_short_circuit_decorator']) retrieved from /home/airflow/.local/lib/python3.7/site-packages/airflow/example_dags/example_short_circuit_decorator.py
[2026-02-25T04:52:25.958+0000] {logging_mixin.py:149} INFO - [2026-02-25T04:52:25.957+0000] {dag.py:2726} INFO - Sync 1 DAGs
[2026-02-25T04:52:25.976+0000] {logging_mixin.py:149} INFO - [2026-02-25T04:52:25.976+0000] {dag.py:3490} INFO - Setting next_dagrun for example_short_circuit_decorator to 2026-02-24T04:52:25.976023+00:00, run_after=2026-02-25T04:52:25.976023+00:00
[2026-02-25T04:52:25.990+0000] {processor.py:178} INFO - Processing /home/airflow/.local/lib/python3.7/site-packages/airflow/example_dags/example_short_circuit_decorator.py took 0.065 seconds
[2026-02-25T04:52:56.440+0000] {processor.py:156} INFO - Started process (PID=646) to work on /home/airflow/.local/lib/python3.7/site-packages/airflow/example_dags/example_short_circuit_decorator.py
[2026-02-25T04:52:56.441+0000] {processor.py:799} INFO - Processing file /home/airflow/.local/lib/python3.7/site-packages/airflow/example_dags/example_short_circuit_decorator.py for tasks to queue
[2026-02-25T04:52:56.442+0000] {logging_mixin.py:149} INFO - [2026-02-25T04:52:56.442+0000] {dagbag.py:541} INFO - Filling up the DagBag from /home/airflow/.local/lib/python3.7/site-packages/airflow/example_dags/example_short_circuit_decorator.py
[2026-02-25T04:52:56.449+0000] {processor.py:809} INFO - DAG(s) dict_keys(['example_short_circuit_decorator']) retrieved from /home/airflow/.local/lib/python3.7/site-packages/airflow/example_dags/example_short_circuit_decorator.py
[2026-02-25T04:52:56.469+0000] {logging_mixin.py:149} INFO - [2026-02-25T04:52:56.469+0000] {dag.py:2726} INFO - Sync 1 DAGs
[2026-02-25T04:52:56.486+0000] {logging_mixin.py:149} INFO - [2026-02-25T04:52:56.486+0000] {dag.py:3490} INFO - Setting next_dagrun for example_short_circuit_decorator to 2026-02-24T04:52:56.486332+00:00, run_after=2026-02-25T04:52:56.486332+00:00
[2026-02-25T04:52:56.498+0000] {processor.py:178} INFO - Processing /home/airflow/.local/lib/python3.7/site-packages/airflow/example_dags/example_short_circuit_decorator.py took 0.062 seconds
[2026-02-25T04:53:27.111+0000] {processor.py:156} INFO - Started process (PID=709) to work on /home/airflow/.local/lib/python3.7/site-packages/airflow/example_dags/example_short_circuit_decorator.py
[2026-02-25T04:53:27.112+0000] {processor.py:799} INFO - Processing file /home/airflow/.local/lib/python3.7/site-packages/airflow/example_dags/example_short_circuit_decorator.py for tasks to queue
[2026-02-25T04:53:27.113+0000] {logging_mixin.py:149} INFO - [2026-02-25T04:53:27.113+0000] {dagbag.py:541} INFO - Filling up the DagBag from /home/airflow/.local/lib/python3.7/site-packages/airflow/example_dags/example_short_circuit_decorator.py
[2026-02-25T04:53:27.121+0000] {processor.py:809} INFO - DAG(s) dict_keys(['example_short_circuit_decorator']) retrieved from /home/airflow/.local/lib/python3.7/site-packages/airflow/example_dags/example_short_circuit_decorator.py
[2026-02-25T04:53:27.143+0000] {logging_mixin.py:149} INFO - [2026-02-25T04:53:27.143+0000] {dag.py:2726} INFO - Sync 1 DAGs
[2026-02-25T04:53:27.164+0000] {logging_mixin.py:149} INFO - [2026-02-25T04:53:27.163+0000] {dag.py:3490} INFO - Setting next_dagrun for example_short_circuit_decorator to 2026-02-24T04:53:27.163810+00:00, run_after=2026-02-25T04:53:27.163810+00:00
[2026-02-25T04:53:27.188+0000] {processor.py:178} INFO - Processing /home/airflow/.local/lib/python3.7/site-packages/airflow/example_dags/example_short_circuit_decorator.py took 0.080 seconds
[2026-02-25T04:53:57.535+0000] {processor.py:156} INFO - Started process (PID=772) to work on /home/airflow/.local/lib/python3.7/site-packages/airflow/example_dags/example_short_circuit_decorator.py
[2026-02-25T04:53:57.535+0000] {processor.py:799} INFO - Processing file /home/airflow/.local/lib/python3.7/site-packages/airflow/example_dags/example_short_circuit_decorator.py for tasks to queue
[2026-02-25T04:53:57.536+0000] {logging_mixin.py:149} INFO - [2026-02-25T04:53:57.536+0000] {dagbag.py:541} INFO - Filling up the DagBag from /home/airflow/.local/lib/python3.7/site-packages/airflow/example_dags/example_short_circuit_decorator.py
[2026-02-25T04:53:57.541+0000] {processor.py:809} INFO - DAG(s) dict_keys(['example_short_circuit_decorator']) retrieved from /home/airflow/.local/lib/python3.7/site-packages/airflow/example_dags/example_short_circuit_decorator.py
[2026-02-25T04:53:57.562+0000] {logging_mixin.py:149} INFO - [2026-02-25T04:53:57.562+0000] {dag.py:2726} INFO - Sync 1 DAGs
[2026-02-25T04:53:57.583+0000] {logging_mixin.py:149} INFO - [2026-02-25T04:53:57.582+0000] {dag.py:3490} INFO - Setting next_dagrun for example_short_circuit_decorator to 2026-02-24T04:53:57.582846+00:00, run_after=2026-02-25T04:53:57.582846+00:00
[2026-02-25T04:53:57.603+0000] {processor.py:178} INFO - Processing /home/airflow/.local/lib/python3.7/site-packages/airflow/example_dags/example_short_circuit_decorator.py took 0.071 seconds
[2026-02-25T04:54:27.887+0000] {processor.py:156} INFO - Started process (PID=835) to work on /home/airflow/.local/lib/python3.7/site-packages/airflow/example_dags/example_short_circuit_decorator.py
[2026-02-25T04:54:27.891+0000] {processor.py:799} INFO - Processing file /home/airflow/.local/lib/python3.7/site-packages/airflow/example_dags/example_short_circuit_decorator.py for tasks to queue
[2026-02-25T04:54:27.891+0000] {logging_mixin.py:149} INFO - [2026-02-25T04:54:27.891+0000] {dagbag.py:541} INFO - Filling up the DagBag from /home/airflow/.local/lib/python3.7/site-packages/airflow/example_dags/example_short_circuit_decorator.py
[2026-02-25T04:54:27.897+0000] {processor.py:809} INFO - DAG(s) dict_keys(['example_short_circuit_decorator']) retrieved from /home/airflow/.local/lib/python3.7/site-packages/airflow/example_dags/example_short_circuit_decorator.py
[2026-02-25T04:54:27.917+0000] {logging_mixin.py:149} INFO - [2026-02-25T04:54:27.917+0000] {dag.py:2726} INFO - Sync 1 DAGs
[2026-02-25T04:54:27.934+0000] {logging_mixin.py:149} INFO - [2026-02-25T04:54:27.933+0000] {dag.py:3490} INFO - Setting next_dagrun for example_short_circuit_decorator to 2026-02-24T04:54:27.933724+00:00, run_after=2026-02-25T04:54:27.933724+00:00
[2026-02-25T04:54:27.951+0000] {processor.py:178} INFO - Processing /home/airflow/.local/lib/python3.7/site-packages/airflow/example_dags/example_short_circuit_decorator.py took 0.067 seconds
[2026-02-25T04:54:58.196+0000] {processor.py:156} INFO - Started process (PID=898) to work on /home/airflow/.local/lib/python3.7/site-packages/airflow/example_dags/example_short_circuit_decorator.py
[2026-02-25T04:54:58.197+0000] {processor.py:799} INFO - Processing file /home/airflow/.local/lib/python3.7/site-packages/airflow/example_dags/example_short_circuit_decorator.py for tasks to queue
[2026-02-25T04:54:58.198+0000] {logging_mixin.py:149} INFO - [2026-02-25T04:54:58.198+0000] {dagbag.py:541} INFO - Filling up the DagBag from /home/airflow/.local/lib/python3.7/site-packages/airflow/example_dags/example_short_circuit_decorator.py
[2026-02-25T04:54:58.206+0000] {processor.py:809} INFO - DAG(s) dict_keys(['example_short_circuit_decorator']) retrieved from /home/airflow/.local/lib/python3.7/site-packages/airflow/example_dags/example_short_circuit_decorator.py
[2026-02-25T04:54:58.226+0000] {logging_mixin.py:149} INFO - [2026-02-25T04:54:58.226+0000] {dag.py:2726} INFO - Sync 1 DAGs
[2026-02-25T04:54:58.246+0000] {logging_mixin.py:149} INFO - [2026-02-25T04:54:58.246+0000] {dag.py:3490} INFO - Setting next_dagrun for example_short_circuit_decorator to 2026-02-24T04:54:58.246215+00:00, run_after=2026-02-25T04:54:58.246215+00:00
[2026-02-25T04:54:58.265+0000] {processor.py:178} INFO - Processing /home/airflow/.local/lib/python3.7/site-packages/airflow/example_dags/example_short_circuit_decorator.py took 0.071 seconds
[2026-02-25T04:55:28.567+0000] {processor.py:156} INFO - Started process (PID=961) to work on /home/airflow/.local/lib/python3.7/site-packages/airflow/example_dags/example_short_circuit_decorator.py
[2026-02-25T04:55:28.568+0000] {processor.py:799} INFO - Processing file /home/airflow/.local/lib/python3.7/site-packages/airflow/example_dags/example_short_circuit_decorator.py for tasks to queue
[2026-02-25T04:55:28.568+0000] {logging_mixin.py:149} INFO - [2026-02-25T04:55:28.568+0000] {dagbag.py:541} INFO - Filling up the DagBag from /home/airflow/.local/lib/python3.7/site-packages/airflow/example_dags/example_short_circuit_decorator.py
[2026-02-25T04:55:28.575+0000] {processor.py:809} INFO - DAG(s) dict_keys(['example_short_circuit_decorator']) retrieved from /home/airflow/.local/lib/python3.7/site-packages/airflow/example_dags/example_short_circuit_decorator.py
[2026-02-25T04:55:28.594+0000] {logging_mixin.py:149} INFO - [2026-02-25T04:55:28.594+0000] {dag.py:2726} INFO - Sync 1 DAGs
[2026-02-25T04:55:28.611+0000] {logging_mixin.py:149} INFO - [2026-02-25T04:55:28.611+0000] {dag.py:3490} INFO - Setting next_dagrun for example_short_circuit_decorator to 2026-02-24T04:55:28.611141+00:00, run_after=2026-02-25T04:55:28.611141+00:00
[2026-02-25T04:55:28.622+0000] {processor.py:178} INFO - Processing /home/airflow/.local/lib/python3.7/site-packages/airflow/example_dags/example_short_circuit_decorator.py took 0.058 seconds
[2026-02-25T04:55:59.224+0000] {processor.py:156} INFO - Started process (PID=1024) to work on /home/airflow/.local/lib/python3.7/site-packages/airflow/example_dags/example_short_circuit_decorator.py
[2026-02-25T04:55:59.225+0000] {processor.py:799} INFO - Processing file /home/airflow/.local/lib/python3.7/site-packages/airflow/example_dags/example_short_circuit_decorator.py for tasks to queue
[2026-02-25T04:55:59.225+0000] {logging_mixin.py:149} INFO - [2026-02-25T04:55:59.225+0000] {dagbag.py:541} INFO - Filling up the DagBag from /home/airflow/.local/lib/python3.7/site-packages/airflow/example_dags/example_short_circuit_decorator.py
[2026-02-25T04:55:59.235+0000] {processor.py:809} INFO - DAG(s) dict_keys(['example_short_circuit_decorator']) retrieved from /home/airflow/.local/lib/python3.7/site-packages/airflow/example_dags/example_short_circuit_decorator.py
[2026-02-25T04:55:59.255+0000] {logging_mixin.py:149} INFO - [2026-02-25T04:55:59.255+0000] {dag.py:2726} INFO - Sync 1 DAGs
[2026-02-25T04:55:59.277+0000] {logging_mixin.py:149} INFO - [2026-02-25T04:55:59.277+0000] {dag.py:3490} INFO - Setting next_dagrun for example_short_circuit_decorator to 2026-02-24T04:55:59.277171+00:00, run_after=2026-02-25T04:55:59.277171+00:00
[2026-02-25T04:55:59.299+0000] {processor.py:178} INFO - Processing /home/airflow/.local/lib/python3.7/site-packages/airflow/example_dags/example_short_circuit_decorator.py took 0.077 seconds
[2026-02-25T04:56:29.632+0000] {processor.py:156} INFO - Started process (PID=1087) to work on /home/airflow/.local/lib/python3.7/site-packages/airflow/example_dags/example_short_circuit_decorator.py
[2026-02-25T04:56:29.633+0000] {processor.py:799} INFO - Processing file /home/airflow/.local/lib/python3.7/site-packages/airflow/example_dags/example_short_circuit_decorator.py for tasks to queue
[2026-02-25T04:56:29.634+0000] {logging_mixin.py:149} INFO - [2026-02-25T04:56:29.634+0000] {dagbag.py:541} INFO - Filling up the DagBag from /home/airflow/.local/lib/python3.7/site-packages/airflow/example_dags/example_short_circuit_decorator.py
[2026-02-25T04:56:29.643+0000] {processor.py:809} INFO - DAG(s) dict_keys(['example_short_circuit_decorator']) retrieved from /home/airflow/.local/lib/python3.7/site-packages/airflow/example_dags/example_short_circuit_decorator.py
[2026-02-25T04:56:29.666+0000] {logging_mixin.py:149} INFO - [2026-02-25T04:56:29.666+0000] {dag.py:2726} INFO - Sync 1 DAGs
[2026-02-25T04:56:29.689+0000] {logging_mixin.py:149} INFO - [2026-02-25T04:56:29.689+0000] {dag.py:3490} INFO - Setting next_dagrun for example_short_circuit_decorator to 2026-02-24T04:56:29.689053+00:00, run_after=2026-02-25T04:56:29.689053+00:00
[2026-02-25T04:56:29.718+0000] {processor.py:178} INFO - Processing /home/airflow/.local/lib/python3.7/site-packages/airflow/example_dags/example_short_circuit_decorator.py took 0.087 seconds
[2026-02-25T04:57:00.308+0000] {processor.py:156} INFO - Started process (PID=1150) to work on /home/airflow/.local/lib/python3.7/site-packages/airflow/example_dags/example_short_circuit_decorator.py
[2026-02-25T04:57:00.308+0000] {processor.py:799} INFO - Processing file /home/airflow/.local/lib/python3.7/site-packages/airflow/example_dags/example_short_circuit_decorator.py for tasks to queue
[2026-02-25T04:57:00.309+0000] {logging_mixin.py:149} INFO - [2026-02-25T04:57:00.309+0000] {dagbag.py:541} INFO - Filling up the DagBag from /home/airflow/.local/lib/python3.7/site-packages/airflow/example_dags/example_short_circuit_decorator.py
[2026-02-25T04:57:00.315+0000] {processor.py:809} INFO - DAG(s) dict_keys(['example_short_circuit_decorator']) retrieved from /home/airflow/.local/lib/python3.7/site-packages/airflow/example_dags/example_short_circuit_decorator.py
[2026-02-25T04:57:00.333+0000] {logging_mixin.py:149} INFO - [2026-02-25T04:57:00.333+0000] {dag.py:2726} INFO - Sync 1 DAGs
[2026-02-25T04:57:00.353+0000] {logging_mixin.py:149} INFO - [2026-02-25T04:57:00.353+0000] {dag.py:3490} INFO - Setting next_dagrun for example_short_circuit_decorator to 2026-02-24T04:57:00.353212+00:00, run_after=2026-02-25T04:57:00.353212+00:00
[2026-02-25T04:57:00.364+0000] {processor.py:178} INFO - Processing /home/airflow/.local/lib/python3.7/site-packages/airflow/example_dags/example_short_circuit_decorator.py took 0.059 seconds
[2026-02-25T04:57:30.557+0000] {processor.py:156} INFO - Started process (PID=1213) to work on /home/airflow/.local/lib/python3.7/site-packages/airflow/example_dags/example_short_circuit_decorator.py
[2026-02-25T04:57:30.558+0000] {processor.py:799} INFO - Processing file /home/airflow/.local/lib/python3.7/site-packages/airflow/example_dags/example_short_circuit_decorator.py for tasks to queue
[2026-02-25T04:57:30.559+0000] {logging_mixin.py:149} INFO - [2026-02-25T04:57:30.559+0000] {dagbag.py:541} INFO - Filling up the DagBag from /home/airflow/.local/lib/python3.7/site-packages/airflow/example_dags/example_short_circuit_decorator.py
[2026-02-25T04:57:30.566+0000] {processor.py:809} INFO - DAG(s) dict_keys(['example_short_circuit_decorator']) retrieved from /home/airflow/.local/lib/python3.7/site-packages/airflow/example_dags/example_short_circuit_decorator.py
[2026-02-25T04:57:30.586+0000] {logging_mixin.py:149} INFO - [2026-02-25T04:57:30.586+0000] {dag.py:2726} INFO - Sync 1 DAGs
[2026-02-25T04:57:30.603+0000] {logging_mixin.py:149} INFO - [2026-02-25T04:57:30.603+0000] {dag.py:3490} INFO - Setting next_dagrun for example_short_circuit_decorator to 2026-02-24T04:57:30.603382+00:00, run_after=2026-02-25T04:57:30.603382+00:00
[2026-02-25T04:57:30.620+0000] {processor.py:178} INFO - Processing /home/airflow/.local/lib/python3.7/site-packages/airflow/example_dags/example_short_circuit_decorator.py took 0.065 seconds
[2026-02-25T04:58:00.974+0000] {processor.py:156} INFO - Started process (PID=1276) to work on /home/airflow/.local/lib/python3.7/site-packages/airflow/example_dags/example_short_circuit_decorator.py
[2026-02-25T04:58:00.975+0000] {processor.py:799} INFO - Processing file /home/airflow/.local/lib/python3.7/site-packages/airflow/example_dags/example_short_circuit_decorator.py for tasks to queue
[2026-02-25T04:58:00.976+0000] {logging_mixin.py:149} INFO - [2026-02-25T04:58:00.976+0000] {dagbag.py:541} INFO - Filling up the DagBag from /home/airflow/.local/lib/python3.7/site-packages/airflow/example_dags/example_short_circuit_decorator.py
[2026-02-25T04:58:00.983+0000] {processor.py:809} INFO - DAG(s) dict_keys(['example_short_circuit_decorator']) retrieved from /home/airflow/.local/lib/python3.7/site-packages/airflow/example_dags/example_short_circuit_decorator.py
[2026-02-25T04:58:01.013+0000] {logging_mixin.py:149} INFO - [2026-02-25T04:58:01.013+0000] {dag.py:2726} INFO - Sync 1 DAGs
[2026-02-25T04:58:01.033+0000] {logging_mixin.py:149} INFO - [2026-02-25T04:58:01.033+0000] {dag.py:3490} INFO - Setting next_dagrun for example_short_circuit_decorator to 2026-02-24T04:58:01.033621+00:00, run_after=2026-02-25T04:58:01.033621+00:00
[2026-02-25T04:58:01.056+0000] {processor.py:178} INFO - Processing /home/airflow/.local/lib/python3.7/site-packages/airflow/example_dags/example_short_circuit_decorator.py took 0.084 seconds
[2026-02-25T04:58:31.727+0000] {processor.py:156} INFO - Started process (PID=1339) to work on /home/airflow/.local/lib/python3.7/site-packages/airflow/example_dags/example_short_circuit_decorator.py
[2026-02-25T04:58:31.729+0000] {processor.py:799} INFO - Processing file /home/airflow/.local/lib/python3.7/site-packages/airflow/example_dags/example_short_circuit_decorator.py for tasks to queue
[2026-02-25T04:58:31.730+0000] {logging_mixin.py:149} INFO - [2026-02-25T04:58:31.730+0000] {dagbag.py:541} INFO - Filling up the DagBag from /home/airflow/.local/lib/python3.7/site-packages/airflow/example_dags/example_short_circuit_decorator.py
[2026-02-25T04:58:31.737+0000] {processor.py:809} INFO - DAG(s) dict_keys(['example_short_circuit_decorator']) retrieved from /home/airflow/.local/lib/python3.7/site-packages/airflow/example_dags/example_short_circuit_decorator.py
[2026-02-25T04:58:31.756+0000] {logging_mixin.py:149} INFO - [2026-02-25T04:58:31.756+0000] {dag.py:2726} INFO - Sync 1 DAGs
[2026-02-25T04:58:31.776+0000] {logging_mixin.py:149} INFO - [2026-02-25T04:58:31.775+0000] {dag.py:3490} INFO - Setting next_dagrun for example_short_circuit_decorator to 2026-02-24T04:58:31.775714+00:00, run_after=2026-02-25T04:58:31.775714+00:00
[2026-02-25T04:58:31.789+0000] {processor.py:178} INFO - Processing /home/airflow/.local/lib/python3.7/site-packages/airflow/example_dags/example_short_circuit_decorator.py took 0.069 seconds
[2026-02-25T04:59:02.320+0000] {processor.py:156} INFO - Started process (PID=1401) to work on /home/airflow/.local/lib/python3.7/site-packages/airflow/example_dags/example_short_circuit_decorator.py
[2026-02-25T04:59:02.321+0000] {processor.py:799} INFO - Processing file /home/airflow/.local/lib/python3.7/site-packages/airflow/example_dags/example_short_circuit_decorator.py for tasks to queue
[2026-02-25T04:59:02.322+0000] {logging_mixin.py:149} INFO - [2026-02-25T04:59:02.322+0000] {dagbag.py:541} INFO - Filling up the DagBag from /home/airflow/.local/lib/python3.7/site-packages/airflow/example_dags/example_short_circuit_decorator.py
[2026-02-25T04:59:02.330+0000] {processor.py:809} INFO - DAG(s) dict_keys(['example_short_circuit_decorator']) retrieved from /home/airflow/.local/lib/python3.7/site-packages/airflow/example_dags/example_short_circuit_decorator.py
[2026-02-25T04:59:02.350+0000] {logging_mixin.py:149} INFO - [2026-02-25T04:59:02.349+0000] {dag.py:2726} INFO - Sync 1 DAGs
[2026-02-25T04:59:02.366+0000] {logging_mixin.py:149} INFO - [2026-02-25T04:59:02.366+0000] {dag.py:3490} INFO - Setting next_dagrun for example_short_circuit_decorator to 2026-02-24T04:59:02.366553+00:00, run_after=2026-02-25T04:59:02.366553+00:00
[2026-02-25T04:59:02.380+0000] {processor.py:178} INFO - Processing /home/airflow/.local/lib/python3.7/site-packages/airflow/example_dags/example_short_circuit_decorator.py took 0.062 seconds
[2026-02-25T04:59:32.978+0000] {processor.py:156} INFO - Started process (PID=1464) to work on /home/airflow/.local/lib/python3.7/site-packages/airflow/example_dags/example_short_circuit_decorator.py
[2026-02-25T04:59:32.980+0000] {processor.py:799} INFO - Processing file /home/airflow/.local/lib/python3.7/site-packages/airflow/example_dags/example_short_circuit_decorator.py for tasks to queue
[2026-02-25T04:59:32.981+0000] {logging_mixin.py:149} INFO - [2026-02-25T04:59:32.981+0000] {dagbag.py:541} INFO - Filling up the DagBag from /home/airflow/.local/lib/python3.7/site-packages/airflow/example_dags/example_short_circuit_decorator.py
[2026-02-25T04:59:32.991+0000] {processor.py:809} INFO - DAG(s) dict_keys(['example_short_circuit_decorator']) retrieved from /home/airflow/.local/lib/python3.7/site-packages/airflow/example_dags/example_short_circuit_decorator.py
[2026-02-25T04:59:33.014+0000] {logging_mixin.py:149} INFO - [2026-02-25T04:59:33.014+0000] {dag.py:2726} INFO - Sync 1 DAGs
[2026-02-25T04:59:33.034+0000] {logging_mixin.py:149} INFO - [2026-02-25T04:59:33.034+0000] {dag.py:3490} INFO - Setting next_dagrun for example_short_circuit_decorator to 2026-02-24T04:59:33.033855+00:00, run_after=2026-02-25T04:59:33.033855+00:00
[2026-02-25T04:59:33.066+0000] {processor.py:178} INFO - Processing /home/airflow/.local/lib/python3.7/site-packages/airflow/example_dags/example_short_circuit_decorator.py took 0.091 seconds
