[2026-02-25T04:40:37.516+0000] {processor.py:156} INFO - Started process (PID=44) to work on /home/airflow/.local/lib/python3.7/site-packages/airflow/example_dags/example_sensors.py
[2026-02-25T04:40:37.517+0000] {processor.py:799} INFO - Processing file /home/airflow/.local/lib/python3.7/site-packages/airflow/example_dags/example_sensors.py for tasks to queue
[2026-02-25T04:40:37.518+0000] {logging_mixin.py:149} INFO - [2026-02-25T04:40:37.518+0000] {dagbag.py:541} INFO - Filling up the DagBag from /home/airflow/.local/lib/python3.7/site-packages/airflow/example_dags/example_sensors.py
[2026-02-25T04:40:37.526+0000] {processor.py:809} INFO - DAG(s) dict_keys(['example_sensors']) retrieved from /home/airflow/.local/lib/python3.7/site-packages/airflow/example_dags/example_sensors.py
[2026-02-25T04:40:37.614+0000] {logging_mixin.py:149} INFO - [2026-02-25T04:40:37.614+0000] {manager.py:504} INFO - Created Permission View: can edit on DAG:example_sensors
[2026-02-25T04:40:37.626+0000] {logging_mixin.py:149} INFO - [2026-02-25T04:40:37.626+0000] {manager.py:504} INFO - Created Permission View: can delete on DAG:example_sensors
[2026-02-25T04:40:37.631+0000] {logging_mixin.py:149} INFO - [2026-02-25T04:40:37.631+0000] {manager.py:504} INFO - Created Permission View: can read on DAG:example_sensors
[2026-02-25T04:40:37.631+0000] {logging_mixin.py:149} INFO - [2026-02-25T04:40:37.631+0000] {dag.py:2726} INFO - Sync 1 DAGs
[2026-02-25T04:40:37.640+0000] {logging_mixin.py:149} INFO - [2026-02-25T04:40:37.640+0000] {dag.py:2747} INFO - Creating ORM DAG for example_sensors
[2026-02-25T04:40:37.647+0000] {logging_mixin.py:149} INFO - [2026-02-25T04:40:37.647+0000] {dag.py:3490} INFO - Setting next_dagrun for example_sensors to None, run_after=None
[2026-02-25T04:40:37.658+0000] {processor.py:178} INFO - Processing /home/airflow/.local/lib/python3.7/site-packages/airflow/example_dags/example_sensors.py took 0.144 seconds
[2026-02-25T04:41:08.400+0000] {processor.py:156} INFO - Started process (PID=107) to work on /home/airflow/.local/lib/python3.7/site-packages/airflow/example_dags/example_sensors.py
[2026-02-25T04:41:08.401+0000] {processor.py:799} INFO - Processing file /home/airflow/.local/lib/python3.7/site-packages/airflow/example_dags/example_sensors.py for tasks to queue
[2026-02-25T04:41:08.401+0000] {logging_mixin.py:149} INFO - [2026-02-25T04:41:08.401+0000] {dagbag.py:541} INFO - Filling up the DagBag from /home/airflow/.local/lib/python3.7/site-packages/airflow/example_dags/example_sensors.py
[2026-02-25T04:41:08.408+0000] {processor.py:809} INFO - DAG(s) dict_keys(['example_sensors']) retrieved from /home/airflow/.local/lib/python3.7/site-packages/airflow/example_dags/example_sensors.py
[2026-02-25T04:41:08.433+0000] {logging_mixin.py:149} INFO - [2026-02-25T04:41:08.433+0000] {dag.py:2726} INFO - Sync 1 DAGs
[2026-02-25T04:41:08.450+0000] {logging_mixin.py:149} INFO - [2026-02-25T04:41:08.450+0000] {dag.py:3490} INFO - Setting next_dagrun for example_sensors to None, run_after=None
[2026-02-25T04:41:08.465+0000] {processor.py:178} INFO - Processing /home/airflow/.local/lib/python3.7/site-packages/airflow/example_dags/example_sensors.py took 0.068 seconds
[2026-02-25T04:41:38.928+0000] {processor.py:156} INFO - Started process (PID=170) to work on /home/airflow/.local/lib/python3.7/site-packages/airflow/example_dags/example_sensors.py
[2026-02-25T04:41:38.929+0000] {processor.py:799} INFO - Processing file /home/airflow/.local/lib/python3.7/site-packages/airflow/example_dags/example_sensors.py for tasks to queue
[2026-02-25T04:41:38.929+0000] {logging_mixin.py:149} INFO - [2026-02-25T04:41:38.929+0000] {dagbag.py:541} INFO - Filling up the DagBag from /home/airflow/.local/lib/python3.7/site-packages/airflow/example_dags/example_sensors.py
[2026-02-25T04:41:38.935+0000] {processor.py:809} INFO - DAG(s) dict_keys(['example_sensors']) retrieved from /home/airflow/.local/lib/python3.7/site-packages/airflow/example_dags/example_sensors.py
[2026-02-25T04:41:38.958+0000] {logging_mixin.py:149} INFO - [2026-02-25T04:41:38.957+0000] {dag.py:2726} INFO - Sync 1 DAGs
[2026-02-25T04:41:38.975+0000] {logging_mixin.py:149} INFO - [2026-02-25T04:41:38.975+0000] {dag.py:3490} INFO - Setting next_dagrun for example_sensors to None, run_after=None
[2026-02-25T04:41:38.998+0000] {processor.py:178} INFO - Processing /home/airflow/.local/lib/python3.7/site-packages/airflow/example_dags/example_sensors.py took 0.071 seconds
[2026-02-25T04:42:09.414+0000] {processor.py:156} INFO - Started process (PID=233) to work on /home/airflow/.local/lib/python3.7/site-packages/airflow/example_dags/example_sensors.py
[2026-02-25T04:42:09.415+0000] {processor.py:799} INFO - Processing file /home/airflow/.local/lib/python3.7/site-packages/airflow/example_dags/example_sensors.py for tasks to queue
[2026-02-25T04:42:09.415+0000] {logging_mixin.py:149} INFO - [2026-02-25T04:42:09.415+0000] {dagbag.py:541} INFO - Filling up the DagBag from /home/airflow/.local/lib/python3.7/site-packages/airflow/example_dags/example_sensors.py
[2026-02-25T04:42:09.421+0000] {processor.py:809} INFO - DAG(s) dict_keys(['example_sensors']) retrieved from /home/airflow/.local/lib/python3.7/site-packages/airflow/example_dags/example_sensors.py
[2026-02-25T04:42:09.440+0000] {logging_mixin.py:149} INFO - [2026-02-25T04:42:09.440+0000] {dag.py:2726} INFO - Sync 1 DAGs
[2026-02-25T04:42:09.457+0000] {logging_mixin.py:149} INFO - [2026-02-25T04:42:09.457+0000] {dag.py:3490} INFO - Setting next_dagrun for example_sensors to None, run_after=None
[2026-02-25T04:42:09.476+0000] {processor.py:178} INFO - Processing /home/airflow/.local/lib/python3.7/site-packages/airflow/example_dags/example_sensors.py took 0.064 seconds
[2026-02-25T04:42:40.128+0000] {processor.py:156} INFO - Started process (PID=296) to work on /home/airflow/.local/lib/python3.7/site-packages/airflow/example_dags/example_sensors.py
[2026-02-25T04:42:40.131+0000] {processor.py:799} INFO - Processing file /home/airflow/.local/lib/python3.7/site-packages/airflow/example_dags/example_sensors.py for tasks to queue
[2026-02-25T04:42:40.132+0000] {logging_mixin.py:149} INFO - [2026-02-25T04:42:40.132+0000] {dagbag.py:541} INFO - Filling up the DagBag from /home/airflow/.local/lib/python3.7/site-packages/airflow/example_dags/example_sensors.py
[2026-02-25T04:42:40.139+0000] {processor.py:809} INFO - DAG(s) dict_keys(['example_sensors']) retrieved from /home/airflow/.local/lib/python3.7/site-packages/airflow/example_dags/example_sensors.py
[2026-02-25T04:42:40.174+0000] {logging_mixin.py:149} INFO - [2026-02-25T04:42:40.174+0000] {dag.py:2726} INFO - Sync 1 DAGs
[2026-02-25T04:42:40.192+0000] {logging_mixin.py:149} INFO - [2026-02-25T04:42:40.192+0000] {dag.py:3490} INFO - Setting next_dagrun for example_sensors to None, run_after=None
[2026-02-25T04:42:40.205+0000] {processor.py:178} INFO - Processing /home/airflow/.local/lib/python3.7/site-packages/airflow/example_dags/example_sensors.py took 0.081 seconds
[2026-02-25T04:48:20.242+0000] {processor.py:156} INFO - Started process (PID=43) to work on /home/airflow/.local/lib/python3.7/site-packages/airflow/example_dags/example_sensors.py
[2026-02-25T04:48:20.242+0000] {processor.py:799} INFO - Processing file /home/airflow/.local/lib/python3.7/site-packages/airflow/example_dags/example_sensors.py for tasks to queue
[2026-02-25T04:48:20.243+0000] {logging_mixin.py:149} INFO - [2026-02-25T04:48:20.242+0000] {dagbag.py:541} INFO - Filling up the DagBag from /home/airflow/.local/lib/python3.7/site-packages/airflow/example_dags/example_sensors.py
[2026-02-25T04:48:20.249+0000] {processor.py:809} INFO - DAG(s) dict_keys(['example_sensors']) retrieved from /home/airflow/.local/lib/python3.7/site-packages/airflow/example_dags/example_sensors.py
[2026-02-25T04:48:20.258+0000] {logging_mixin.py:149} INFO - [2026-02-25T04:48:20.258+0000] {dag.py:2726} INFO - Sync 1 DAGs
[2026-02-25T04:48:20.275+0000] {logging_mixin.py:149} INFO - [2026-02-25T04:48:20.275+0000] {dag.py:3490} INFO - Setting next_dagrun for example_sensors to None, run_after=None
[2026-02-25T04:48:20.288+0000] {processor.py:178} INFO - Processing /home/airflow/.local/lib/python3.7/site-packages/airflow/example_dags/example_sensors.py took 0.049 seconds
[2026-02-25T04:48:50.607+0000] {processor.py:156} INFO - Started process (PID=106) to work on /home/airflow/.local/lib/python3.7/site-packages/airflow/example_dags/example_sensors.py
[2026-02-25T04:48:50.608+0000] {processor.py:799} INFO - Processing file /home/airflow/.local/lib/python3.7/site-packages/airflow/example_dags/example_sensors.py for tasks to queue
[2026-02-25T04:48:50.608+0000] {logging_mixin.py:149} INFO - [2026-02-25T04:48:50.608+0000] {dagbag.py:541} INFO - Filling up the DagBag from /home/airflow/.local/lib/python3.7/site-packages/airflow/example_dags/example_sensors.py
[2026-02-25T04:48:50.615+0000] {processor.py:809} INFO - DAG(s) dict_keys(['example_sensors']) retrieved from /home/airflow/.local/lib/python3.7/site-packages/airflow/example_dags/example_sensors.py
[2026-02-25T04:48:50.645+0000] {logging_mixin.py:149} INFO - [2026-02-25T04:48:50.645+0000] {dag.py:2726} INFO - Sync 1 DAGs
[2026-02-25T04:48:50.671+0000] {logging_mixin.py:149} INFO - [2026-02-25T04:48:50.671+0000] {dag.py:3490} INFO - Setting next_dagrun for example_sensors to None, run_after=None
[2026-02-25T04:48:50.699+0000] {processor.py:178} INFO - Processing /home/airflow/.local/lib/python3.7/site-packages/airflow/example_dags/example_sensors.py took 0.094 seconds
[2026-02-25T04:49:21.072+0000] {processor.py:156} INFO - Started process (PID=169) to work on /home/airflow/.local/lib/python3.7/site-packages/airflow/example_dags/example_sensors.py
[2026-02-25T04:49:21.073+0000] {processor.py:799} INFO - Processing file /home/airflow/.local/lib/python3.7/site-packages/airflow/example_dags/example_sensors.py for tasks to queue
[2026-02-25T04:49:21.073+0000] {logging_mixin.py:149} INFO - [2026-02-25T04:49:21.073+0000] {dagbag.py:541} INFO - Filling up the DagBag from /home/airflow/.local/lib/python3.7/site-packages/airflow/example_dags/example_sensors.py
[2026-02-25T04:49:21.080+0000] {processor.py:809} INFO - DAG(s) dict_keys(['example_sensors']) retrieved from /home/airflow/.local/lib/python3.7/site-packages/airflow/example_dags/example_sensors.py
[2026-02-25T04:49:21.101+0000] {logging_mixin.py:149} INFO - [2026-02-25T04:49:21.100+0000] {dag.py:2726} INFO - Sync 1 DAGs
[2026-02-25T04:49:21.119+0000] {logging_mixin.py:149} INFO - [2026-02-25T04:49:21.119+0000] {dag.py:3490} INFO - Setting next_dagrun for example_sensors to None, run_after=None
[2026-02-25T04:49:21.138+0000] {processor.py:178} INFO - Processing /home/airflow/.local/lib/python3.7/site-packages/airflow/example_dags/example_sensors.py took 0.069 seconds
[2026-02-25T04:49:51.731+0000] {processor.py:156} INFO - Started process (PID=232) to work on /home/airflow/.local/lib/python3.7/site-packages/airflow/example_dags/example_sensors.py
[2026-02-25T04:49:51.733+0000] {processor.py:799} INFO - Processing file /home/airflow/.local/lib/python3.7/site-packages/airflow/example_dags/example_sensors.py for tasks to queue
[2026-02-25T04:49:51.734+0000] {logging_mixin.py:149} INFO - [2026-02-25T04:49:51.734+0000] {dagbag.py:541} INFO - Filling up the DagBag from /home/airflow/.local/lib/python3.7/site-packages/airflow/example_dags/example_sensors.py
[2026-02-25T04:49:51.747+0000] {processor.py:809} INFO - DAG(s) dict_keys(['example_sensors']) retrieved from /home/airflow/.local/lib/python3.7/site-packages/airflow/example_dags/example_sensors.py
[2026-02-25T04:49:51.783+0000] {logging_mixin.py:149} INFO - [2026-02-25T04:49:51.783+0000] {dag.py:2726} INFO - Sync 1 DAGs
[2026-02-25T04:49:51.833+0000] {logging_mixin.py:149} INFO - [2026-02-25T04:49:51.832+0000] {dag.py:3490} INFO - Setting next_dagrun for example_sensors to None, run_after=None
[2026-02-25T04:49:51.852+0000] {processor.py:178} INFO - Processing /home/airflow/.local/lib/python3.7/site-packages/airflow/example_dags/example_sensors.py took 0.125 seconds
[2026-02-25T04:50:22.211+0000] {processor.py:156} INFO - Started process (PID=295) to work on /home/airflow/.local/lib/python3.7/site-packages/airflow/example_dags/example_sensors.py
[2026-02-25T04:50:22.212+0000] {processor.py:799} INFO - Processing file /home/airflow/.local/lib/python3.7/site-packages/airflow/example_dags/example_sensors.py for tasks to queue
[2026-02-25T04:50:22.212+0000] {logging_mixin.py:149} INFO - [2026-02-25T04:50:22.212+0000] {dagbag.py:541} INFO - Filling up the DagBag from /home/airflow/.local/lib/python3.7/site-packages/airflow/example_dags/example_sensors.py
[2026-02-25T04:50:22.219+0000] {processor.py:809} INFO - DAG(s) dict_keys(['example_sensors']) retrieved from /home/airflow/.local/lib/python3.7/site-packages/airflow/example_dags/example_sensors.py
[2026-02-25T04:50:22.247+0000] {logging_mixin.py:149} INFO - [2026-02-25T04:50:22.247+0000] {dag.py:2726} INFO - Sync 1 DAGs
[2026-02-25T04:50:22.265+0000] {logging_mixin.py:149} INFO - [2026-02-25T04:50:22.265+0000] {dag.py:3490} INFO - Setting next_dagrun for example_sensors to None, run_after=None
[2026-02-25T04:50:22.280+0000] {processor.py:178} INFO - Processing /home/airflow/.local/lib/python3.7/site-packages/airflow/example_dags/example_sensors.py took 0.077 seconds
[2026-02-25T04:50:52.473+0000] {processor.py:156} INFO - Started process (PID=358) to work on /home/airflow/.local/lib/python3.7/site-packages/airflow/example_dags/example_sensors.py
[2026-02-25T04:50:52.475+0000] {processor.py:799} INFO - Processing file /home/airflow/.local/lib/python3.7/site-packages/airflow/example_dags/example_sensors.py for tasks to queue
[2026-02-25T04:50:52.475+0000] {logging_mixin.py:149} INFO - [2026-02-25T04:50:52.475+0000] {dagbag.py:541} INFO - Filling up the DagBag from /home/airflow/.local/lib/python3.7/site-packages/airflow/example_dags/example_sensors.py
[2026-02-25T04:50:52.482+0000] {processor.py:809} INFO - DAG(s) dict_keys(['example_sensors']) retrieved from /home/airflow/.local/lib/python3.7/site-packages/airflow/example_dags/example_sensors.py
[2026-02-25T04:50:52.503+0000] {logging_mixin.py:149} INFO - [2026-02-25T04:50:52.502+0000] {dag.py:2726} INFO - Sync 1 DAGs
[2026-02-25T04:50:52.522+0000] {logging_mixin.py:149} INFO - [2026-02-25T04:50:52.522+0000] {dag.py:3490} INFO - Setting next_dagrun for example_sensors to None, run_after=None
[2026-02-25T04:50:52.541+0000] {processor.py:178} INFO - Processing /home/airflow/.local/lib/python3.7/site-packages/airflow/example_dags/example_sensors.py took 0.070 seconds
[2026-02-25T04:51:22.813+0000] {processor.py:156} INFO - Started process (PID=421) to work on /home/airflow/.local/lib/python3.7/site-packages/airflow/example_dags/example_sensors.py
[2026-02-25T04:51:22.814+0000] {processor.py:799} INFO - Processing file /home/airflow/.local/lib/python3.7/site-packages/airflow/example_dags/example_sensors.py for tasks to queue
[2026-02-25T04:51:22.815+0000] {logging_mixin.py:149} INFO - [2026-02-25T04:51:22.815+0000] {dagbag.py:541} INFO - Filling up the DagBag from /home/airflow/.local/lib/python3.7/site-packages/airflow/example_dags/example_sensors.py
[2026-02-25T04:51:22.825+0000] {processor.py:809} INFO - DAG(s) dict_keys(['example_sensors']) retrieved from /home/airflow/.local/lib/python3.7/site-packages/airflow/example_dags/example_sensors.py
[2026-02-25T04:51:22.853+0000] {logging_mixin.py:149} INFO - [2026-02-25T04:51:22.853+0000] {dag.py:2726} INFO - Sync 1 DAGs
[2026-02-25T04:51:22.871+0000] {logging_mixin.py:149} INFO - [2026-02-25T04:51:22.871+0000] {dag.py:3490} INFO - Setting next_dagrun for example_sensors to None, run_after=None
[2026-02-25T04:51:22.884+0000] {processor.py:178} INFO - Processing /home/airflow/.local/lib/python3.7/site-packages/airflow/example_dags/example_sensors.py took 0.075 seconds
[2026-02-25T04:51:52.937+0000] {processor.py:156} INFO - Started process (PID=484) to work on /home/airflow/.local/lib/python3.7/site-packages/airflow/example_dags/example_sensors.py
[2026-02-25T04:51:52.938+0000] {processor.py:799} INFO - Processing file /home/airflow/.local/lib/python3.7/site-packages/airflow/example_dags/example_sensors.py for tasks to queue
[2026-02-25T04:51:52.938+0000] {logging_mixin.py:149} INFO - [2026-02-25T04:51:52.938+0000] {dagbag.py:541} INFO - Filling up the DagBag from /home/airflow/.local/lib/python3.7/site-packages/airflow/example_dags/example_sensors.py
[2026-02-25T04:51:52.944+0000] {processor.py:809} INFO - DAG(s) dict_keys(['example_sensors']) retrieved from /home/airflow/.local/lib/python3.7/site-packages/airflow/example_dags/example_sensors.py
[2026-02-25T04:51:52.981+0000] {logging_mixin.py:149} INFO - [2026-02-25T04:51:52.981+0000] {dag.py:2726} INFO - Sync 1 DAGs
[2026-02-25T04:51:53.004+0000] {logging_mixin.py:149} INFO - [2026-02-25T04:51:53.004+0000] {dag.py:3490} INFO - Setting next_dagrun for example_sensors to None, run_after=None
[2026-02-25T04:51:53.020+0000] {processor.py:178} INFO - Processing /home/airflow/.local/lib/python3.7/site-packages/airflow/example_dags/example_sensors.py took 0.085 seconds
[2026-02-25T04:52:23.450+0000] {processor.py:156} INFO - Started process (PID=547) to work on /home/airflow/.local/lib/python3.7/site-packages/airflow/example_dags/example_sensors.py
[2026-02-25T04:52:23.451+0000] {processor.py:799} INFO - Processing file /home/airflow/.local/lib/python3.7/site-packages/airflow/example_dags/example_sensors.py for tasks to queue
[2026-02-25T04:52:23.451+0000] {logging_mixin.py:149} INFO - [2026-02-25T04:52:23.451+0000] {dagbag.py:541} INFO - Filling up the DagBag from /home/airflow/.local/lib/python3.7/site-packages/airflow/example_dags/example_sensors.py
[2026-02-25T04:52:23.457+0000] {processor.py:809} INFO - DAG(s) dict_keys(['example_sensors']) retrieved from /home/airflow/.local/lib/python3.7/site-packages/airflow/example_dags/example_sensors.py
[2026-02-25T04:52:23.478+0000] {logging_mixin.py:149} INFO - [2026-02-25T04:52:23.478+0000] {dag.py:2726} INFO - Sync 1 DAGs
[2026-02-25T04:52:23.496+0000] {logging_mixin.py:149} INFO - [2026-02-25T04:52:23.496+0000] {dag.py:3490} INFO - Setting next_dagrun for example_sensors to None, run_after=None
[2026-02-25T04:52:23.509+0000] {processor.py:178} INFO - Processing /home/airflow/.local/lib/python3.7/site-packages/airflow/example_dags/example_sensors.py took 0.062 seconds
[2026-02-25T04:52:53.883+0000] {processor.py:156} INFO - Started process (PID=610) to work on /home/airflow/.local/lib/python3.7/site-packages/airflow/example_dags/example_sensors.py
[2026-02-25T04:52:53.884+0000] {processor.py:799} INFO - Processing file /home/airflow/.local/lib/python3.7/site-packages/airflow/example_dags/example_sensors.py for tasks to queue
[2026-02-25T04:52:53.885+0000] {logging_mixin.py:149} INFO - [2026-02-25T04:52:53.885+0000] {dagbag.py:541} INFO - Filling up the DagBag from /home/airflow/.local/lib/python3.7/site-packages/airflow/example_dags/example_sensors.py
[2026-02-25T04:52:53.892+0000] {processor.py:809} INFO - DAG(s) dict_keys(['example_sensors']) retrieved from /home/airflow/.local/lib/python3.7/site-packages/airflow/example_dags/example_sensors.py
[2026-02-25T04:52:53.928+0000] {logging_mixin.py:149} INFO - [2026-02-25T04:52:53.928+0000] {dag.py:2726} INFO - Sync 1 DAGs
[2026-02-25T04:52:53.952+0000] {logging_mixin.py:149} INFO - [2026-02-25T04:52:53.952+0000] {dag.py:3490} INFO - Setting next_dagrun for example_sensors to None, run_after=None
[2026-02-25T04:52:53.970+0000] {processor.py:178} INFO - Processing /home/airflow/.local/lib/python3.7/site-packages/airflow/example_dags/example_sensors.py took 0.091 seconds
[2026-02-25T04:53:24.466+0000] {processor.py:156} INFO - Started process (PID=680) to work on /home/airflow/.local/lib/python3.7/site-packages/airflow/example_dags/example_sensors.py
[2026-02-25T04:53:24.467+0000] {processor.py:799} INFO - Processing file /home/airflow/.local/lib/python3.7/site-packages/airflow/example_dags/example_sensors.py for tasks to queue
[2026-02-25T04:53:24.468+0000] {logging_mixin.py:149} INFO - [2026-02-25T04:53:24.468+0000] {dagbag.py:541} INFO - Filling up the DagBag from /home/airflow/.local/lib/python3.7/site-packages/airflow/example_dags/example_sensors.py
[2026-02-25T04:53:24.476+0000] {processor.py:809} INFO - DAG(s) dict_keys(['example_sensors']) retrieved from /home/airflow/.local/lib/python3.7/site-packages/airflow/example_dags/example_sensors.py
[2026-02-25T04:53:24.502+0000] {logging_mixin.py:149} INFO - [2026-02-25T04:53:24.502+0000] {dag.py:2726} INFO - Sync 1 DAGs
[2026-02-25T04:53:24.525+0000] {logging_mixin.py:149} INFO - [2026-02-25T04:53:24.525+0000] {dag.py:3490} INFO - Setting next_dagrun for example_sensors to None, run_after=None
[2026-02-25T04:53:24.540+0000] {processor.py:178} INFO - Processing /home/airflow/.local/lib/python3.7/site-packages/airflow/example_dags/example_sensors.py took 0.077 seconds
[2026-02-25T04:53:55.060+0000] {processor.py:156} INFO - Started process (PID=743) to work on /home/airflow/.local/lib/python3.7/site-packages/airflow/example_dags/example_sensors.py
[2026-02-25T04:53:55.061+0000] {processor.py:799} INFO - Processing file /home/airflow/.local/lib/python3.7/site-packages/airflow/example_dags/example_sensors.py for tasks to queue
[2026-02-25T04:53:55.062+0000] {logging_mixin.py:149} INFO - [2026-02-25T04:53:55.062+0000] {dagbag.py:541} INFO - Filling up the DagBag from /home/airflow/.local/lib/python3.7/site-packages/airflow/example_dags/example_sensors.py
[2026-02-25T04:53:55.070+0000] {processor.py:809} INFO - DAG(s) dict_keys(['example_sensors']) retrieved from /home/airflow/.local/lib/python3.7/site-packages/airflow/example_dags/example_sensors.py
[2026-02-25T04:53:55.094+0000] {logging_mixin.py:149} INFO - [2026-02-25T04:53:55.094+0000] {dag.py:2726} INFO - Sync 1 DAGs
[2026-02-25T04:53:55.114+0000] {logging_mixin.py:149} INFO - [2026-02-25T04:53:55.114+0000] {dag.py:3490} INFO - Setting next_dagrun for example_sensors to None, run_after=None
[2026-02-25T04:53:55.130+0000] {processor.py:178} INFO - Processing /home/airflow/.local/lib/python3.7/site-packages/airflow/example_dags/example_sensors.py took 0.074 seconds
[2026-02-25T04:54:25.482+0000] {processor.py:156} INFO - Started process (PID=806) to work on /home/airflow/.local/lib/python3.7/site-packages/airflow/example_dags/example_sensors.py
[2026-02-25T04:54:25.482+0000] {processor.py:799} INFO - Processing file /home/airflow/.local/lib/python3.7/site-packages/airflow/example_dags/example_sensors.py for tasks to queue
[2026-02-25T04:54:25.483+0000] {logging_mixin.py:149} INFO - [2026-02-25T04:54:25.483+0000] {dagbag.py:541} INFO - Filling up the DagBag from /home/airflow/.local/lib/python3.7/site-packages/airflow/example_dags/example_sensors.py
[2026-02-25T04:54:25.493+0000] {processor.py:809} INFO - DAG(s) dict_keys(['example_sensors']) retrieved from /home/airflow/.local/lib/python3.7/site-packages/airflow/example_dags/example_sensors.py
[2026-02-25T04:54:25.519+0000] {logging_mixin.py:149} INFO - [2026-02-25T04:54:25.519+0000] {dag.py:2726} INFO - Sync 1 DAGs
[2026-02-25T04:54:25.539+0000] {logging_mixin.py:149} INFO - [2026-02-25T04:54:25.539+0000] {dag.py:3490} INFO - Setting next_dagrun for example_sensors to None, run_after=None
[2026-02-25T04:54:25.557+0000] {processor.py:178} INFO - Processing /home/airflow/.local/lib/python3.7/site-packages/airflow/example_dags/example_sensors.py took 0.078 seconds
[2026-02-25T04:54:55.791+0000] {processor.py:156} INFO - Started process (PID=869) to work on /home/airflow/.local/lib/python3.7/site-packages/airflow/example_dags/example_sensors.py
[2026-02-25T04:54:55.792+0000] {processor.py:799} INFO - Processing file /home/airflow/.local/lib/python3.7/site-packages/airflow/example_dags/example_sensors.py for tasks to queue
[2026-02-25T04:54:55.793+0000] {logging_mixin.py:149} INFO - [2026-02-25T04:54:55.793+0000] {dagbag.py:541} INFO - Filling up the DagBag from /home/airflow/.local/lib/python3.7/site-packages/airflow/example_dags/example_sensors.py
[2026-02-25T04:54:55.799+0000] {processor.py:809} INFO - DAG(s) dict_keys(['example_sensors']) retrieved from /home/airflow/.local/lib/python3.7/site-packages/airflow/example_dags/example_sensors.py
[2026-02-25T04:54:55.827+0000] {logging_mixin.py:149} INFO - [2026-02-25T04:54:55.827+0000] {dag.py:2726} INFO - Sync 1 DAGs
[2026-02-25T04:54:55.847+0000] {logging_mixin.py:149} INFO - [2026-02-25T04:54:55.847+0000] {dag.py:3490} INFO - Setting next_dagrun for example_sensors to None, run_after=None
[2026-02-25T04:54:55.868+0000] {processor.py:178} INFO - Processing /home/airflow/.local/lib/python3.7/site-packages/airflow/example_dags/example_sensors.py took 0.078 seconds
[2026-02-25T04:55:26.129+0000] {processor.py:156} INFO - Started process (PID=932) to work on /home/airflow/.local/lib/python3.7/site-packages/airflow/example_dags/example_sensors.py
[2026-02-25T04:55:26.130+0000] {processor.py:799} INFO - Processing file /home/airflow/.local/lib/python3.7/site-packages/airflow/example_dags/example_sensors.py for tasks to queue
[2026-02-25T04:55:26.130+0000] {logging_mixin.py:149} INFO - [2026-02-25T04:55:26.130+0000] {dagbag.py:541} INFO - Filling up the DagBag from /home/airflow/.local/lib/python3.7/site-packages/airflow/example_dags/example_sensors.py
[2026-02-25T04:55:26.137+0000] {processor.py:809} INFO - DAG(s) dict_keys(['example_sensors']) retrieved from /home/airflow/.local/lib/python3.7/site-packages/airflow/example_dags/example_sensors.py
[2026-02-25T04:55:26.163+0000] {logging_mixin.py:149} INFO - [2026-02-25T04:55:26.163+0000] {dag.py:2726} INFO - Sync 1 DAGs
[2026-02-25T04:55:26.185+0000] {logging_mixin.py:149} INFO - [2026-02-25T04:55:26.185+0000] {dag.py:3490} INFO - Setting next_dagrun for example_sensors to None, run_after=None
[2026-02-25T04:55:26.199+0000] {processor.py:178} INFO - Processing /home/airflow/.local/lib/python3.7/site-packages/airflow/example_dags/example_sensors.py took 0.073 seconds
[2026-02-25T04:55:56.665+0000] {processor.py:156} INFO - Started process (PID=995) to work on /home/airflow/.local/lib/python3.7/site-packages/airflow/example_dags/example_sensors.py
[2026-02-25T04:55:56.666+0000] {processor.py:799} INFO - Processing file /home/airflow/.local/lib/python3.7/site-packages/airflow/example_dags/example_sensors.py for tasks to queue
[2026-02-25T04:55:56.667+0000] {logging_mixin.py:149} INFO - [2026-02-25T04:55:56.667+0000] {dagbag.py:541} INFO - Filling up the DagBag from /home/airflow/.local/lib/python3.7/site-packages/airflow/example_dags/example_sensors.py
[2026-02-25T04:55:56.682+0000] {processor.py:809} INFO - DAG(s) dict_keys(['example_sensors']) retrieved from /home/airflow/.local/lib/python3.7/site-packages/airflow/example_dags/example_sensors.py
[2026-02-25T04:55:56.713+0000] {logging_mixin.py:149} INFO - [2026-02-25T04:55:56.713+0000] {dag.py:2726} INFO - Sync 1 DAGs
[2026-02-25T04:55:56.739+0000] {logging_mixin.py:149} INFO - [2026-02-25T04:55:56.739+0000] {dag.py:3490} INFO - Setting next_dagrun for example_sensors to None, run_after=None
[2026-02-25T04:55:56.754+0000] {processor.py:178} INFO - Processing /home/airflow/.local/lib/python3.7/site-packages/airflow/example_dags/example_sensors.py took 0.092 seconds
[2026-02-25T04:56:27.130+0000] {processor.py:156} INFO - Started process (PID=1058) to work on /home/airflow/.local/lib/python3.7/site-packages/airflow/example_dags/example_sensors.py
[2026-02-25T04:56:27.131+0000] {processor.py:799} INFO - Processing file /home/airflow/.local/lib/python3.7/site-packages/airflow/example_dags/example_sensors.py for tasks to queue
[2026-02-25T04:56:27.131+0000] {logging_mixin.py:149} INFO - [2026-02-25T04:56:27.131+0000] {dagbag.py:541} INFO - Filling up the DagBag from /home/airflow/.local/lib/python3.7/site-packages/airflow/example_dags/example_sensors.py
[2026-02-25T04:56:27.137+0000] {processor.py:809} INFO - DAG(s) dict_keys(['example_sensors']) retrieved from /home/airflow/.local/lib/python3.7/site-packages/airflow/example_dags/example_sensors.py
[2026-02-25T04:56:27.156+0000] {logging_mixin.py:149} INFO - [2026-02-25T04:56:27.156+0000] {dag.py:2726} INFO - Sync 1 DAGs
[2026-02-25T04:56:27.177+0000] {logging_mixin.py:149} INFO - [2026-02-25T04:56:27.177+0000] {dag.py:3490} INFO - Setting next_dagrun for example_sensors to None, run_after=None
[2026-02-25T04:56:27.190+0000] {processor.py:178} INFO - Processing /home/airflow/.local/lib/python3.7/site-packages/airflow/example_dags/example_sensors.py took 0.062 seconds
[2026-02-25T04:56:57.614+0000] {processor.py:156} INFO - Started process (PID=1121) to work on /home/airflow/.local/lib/python3.7/site-packages/airflow/example_dags/example_sensors.py
[2026-02-25T04:56:57.615+0000] {processor.py:799} INFO - Processing file /home/airflow/.local/lib/python3.7/site-packages/airflow/example_dags/example_sensors.py for tasks to queue
[2026-02-25T04:56:57.616+0000] {logging_mixin.py:149} INFO - [2026-02-25T04:56:57.615+0000] {dagbag.py:541} INFO - Filling up the DagBag from /home/airflow/.local/lib/python3.7/site-packages/airflow/example_dags/example_sensors.py
[2026-02-25T04:56:57.622+0000] {processor.py:809} INFO - DAG(s) dict_keys(['example_sensors']) retrieved from /home/airflow/.local/lib/python3.7/site-packages/airflow/example_dags/example_sensors.py
[2026-02-25T04:56:57.640+0000] {logging_mixin.py:149} INFO - [2026-02-25T04:56:57.640+0000] {dag.py:2726} INFO - Sync 1 DAGs
[2026-02-25T04:56:57.657+0000] {logging_mixin.py:149} INFO - [2026-02-25T04:56:57.657+0000] {dag.py:3490} INFO - Setting next_dagrun for example_sensors to None, run_after=None
[2026-02-25T04:56:57.674+0000] {processor.py:178} INFO - Processing /home/airflow/.local/lib/python3.7/site-packages/airflow/example_dags/example_sensors.py took 0.062 seconds
[2026-02-25T04:57:28.177+0000] {processor.py:156} INFO - Started process (PID=1184) to work on /home/airflow/.local/lib/python3.7/site-packages/airflow/example_dags/example_sensors.py
[2026-02-25T04:57:28.177+0000] {processor.py:799} INFO - Processing file /home/airflow/.local/lib/python3.7/site-packages/airflow/example_dags/example_sensors.py for tasks to queue
[2026-02-25T04:57:28.178+0000] {logging_mixin.py:149} INFO - [2026-02-25T04:57:28.178+0000] {dagbag.py:541} INFO - Filling up the DagBag from /home/airflow/.local/lib/python3.7/site-packages/airflow/example_dags/example_sensors.py
[2026-02-25T04:57:28.184+0000] {processor.py:809} INFO - DAG(s) dict_keys(['example_sensors']) retrieved from /home/airflow/.local/lib/python3.7/site-packages/airflow/example_dags/example_sensors.py
[2026-02-25T04:57:28.213+0000] {logging_mixin.py:149} INFO - [2026-02-25T04:57:28.213+0000] {dag.py:2726} INFO - Sync 1 DAGs
[2026-02-25T04:57:28.233+0000] {logging_mixin.py:149} INFO - [2026-02-25T04:57:28.233+0000] {dag.py:3490} INFO - Setting next_dagrun for example_sensors to None, run_after=None
[2026-02-25T04:57:28.246+0000] {processor.py:178} INFO - Processing /home/airflow/.local/lib/python3.7/site-packages/airflow/example_dags/example_sensors.py took 0.071 seconds
[2026-02-25T04:57:58.509+0000] {processor.py:156} INFO - Started process (PID=1247) to work on /home/airflow/.local/lib/python3.7/site-packages/airflow/example_dags/example_sensors.py
[2026-02-25T04:57:58.509+0000] {processor.py:799} INFO - Processing file /home/airflow/.local/lib/python3.7/site-packages/airflow/example_dags/example_sensors.py for tasks to queue
[2026-02-25T04:57:58.510+0000] {logging_mixin.py:149} INFO - [2026-02-25T04:57:58.510+0000] {dagbag.py:541} INFO - Filling up the DagBag from /home/airflow/.local/lib/python3.7/site-packages/airflow/example_dags/example_sensors.py
[2026-02-25T04:57:58.517+0000] {processor.py:809} INFO - DAG(s) dict_keys(['example_sensors']) retrieved from /home/airflow/.local/lib/python3.7/site-packages/airflow/example_dags/example_sensors.py
[2026-02-25T04:57:58.539+0000] {logging_mixin.py:149} INFO - [2026-02-25T04:57:58.539+0000] {dag.py:2726} INFO - Sync 1 DAGs
[2026-02-25T04:57:58.560+0000] {logging_mixin.py:149} INFO - [2026-02-25T04:57:58.560+0000] {dag.py:3490} INFO - Setting next_dagrun for example_sensors to None, run_after=None
[2026-02-25T04:57:58.573+0000] {processor.py:178} INFO - Processing /home/airflow/.local/lib/python3.7/site-packages/airflow/example_dags/example_sensors.py took 0.067 seconds
[2026-02-25T04:58:29.031+0000] {processor.py:156} INFO - Started process (PID=1310) to work on /home/airflow/.local/lib/python3.7/site-packages/airflow/example_dags/example_sensors.py
[2026-02-25T04:58:29.031+0000] {processor.py:799} INFO - Processing file /home/airflow/.local/lib/python3.7/site-packages/airflow/example_dags/example_sensors.py for tasks to queue
[2026-02-25T04:58:29.032+0000] {logging_mixin.py:149} INFO - [2026-02-25T04:58:29.032+0000] {dagbag.py:541} INFO - Filling up the DagBag from /home/airflow/.local/lib/python3.7/site-packages/airflow/example_dags/example_sensors.py
[2026-02-25T04:58:29.042+0000] {processor.py:809} INFO - DAG(s) dict_keys(['example_sensors']) retrieved from /home/airflow/.local/lib/python3.7/site-packages/airflow/example_dags/example_sensors.py
[2026-02-25T04:58:29.066+0000] {logging_mixin.py:149} INFO - [2026-02-25T04:58:29.065+0000] {dag.py:2726} INFO - Sync 1 DAGs
[2026-02-25T04:58:29.087+0000] {logging_mixin.py:149} INFO - [2026-02-25T04:58:29.087+0000] {dag.py:3490} INFO - Setting next_dagrun for example_sensors to None, run_after=None
[2026-02-25T04:58:29.101+0000] {processor.py:178} INFO - Processing /home/airflow/.local/lib/python3.7/site-packages/airflow/example_dags/example_sensors.py took 0.073 seconds
[2026-02-25T04:58:59.683+0000] {processor.py:156} INFO - Started process (PID=1372) to work on /home/airflow/.local/lib/python3.7/site-packages/airflow/example_dags/example_sensors.py
[2026-02-25T04:58:59.685+0000] {processor.py:799} INFO - Processing file /home/airflow/.local/lib/python3.7/site-packages/airflow/example_dags/example_sensors.py for tasks to queue
[2026-02-25T04:58:59.686+0000] {logging_mixin.py:149} INFO - [2026-02-25T04:58:59.685+0000] {dagbag.py:541} INFO - Filling up the DagBag from /home/airflow/.local/lib/python3.7/site-packages/airflow/example_dags/example_sensors.py
[2026-02-25T04:58:59.694+0000] {processor.py:809} INFO - DAG(s) dict_keys(['example_sensors']) retrieved from /home/airflow/.local/lib/python3.7/site-packages/airflow/example_dags/example_sensors.py
[2026-02-25T04:58:59.721+0000] {logging_mixin.py:149} INFO - [2026-02-25T04:58:59.721+0000] {dag.py:2726} INFO - Sync 1 DAGs
[2026-02-25T04:58:59.741+0000] {logging_mixin.py:149} INFO - [2026-02-25T04:58:59.741+0000] {dag.py:3490} INFO - Setting next_dagrun for example_sensors to None, run_after=None
[2026-02-25T04:58:59.757+0000] {processor.py:178} INFO - Processing /home/airflow/.local/lib/python3.7/site-packages/airflow/example_dags/example_sensors.py took 0.078 seconds
[2026-02-25T04:59:30.283+0000] {processor.py:156} INFO - Started process (PID=1435) to work on /home/airflow/.local/lib/python3.7/site-packages/airflow/example_dags/example_sensors.py
[2026-02-25T04:59:30.284+0000] {processor.py:799} INFO - Processing file /home/airflow/.local/lib/python3.7/site-packages/airflow/example_dags/example_sensors.py for tasks to queue
[2026-02-25T04:59:30.284+0000] {logging_mixin.py:149} INFO - [2026-02-25T04:59:30.284+0000] {dagbag.py:541} INFO - Filling up the DagBag from /home/airflow/.local/lib/python3.7/site-packages/airflow/example_dags/example_sensors.py
[2026-02-25T04:59:30.290+0000] {processor.py:809} INFO - DAG(s) dict_keys(['example_sensors']) retrieved from /home/airflow/.local/lib/python3.7/site-packages/airflow/example_dags/example_sensors.py
[2026-02-25T04:59:30.312+0000] {logging_mixin.py:149} INFO - [2026-02-25T04:59:30.312+0000] {dag.py:2726} INFO - Sync 1 DAGs
[2026-02-25T04:59:30.334+0000] {logging_mixin.py:149} INFO - [2026-02-25T04:59:30.334+0000] {dag.py:3490} INFO - Setting next_dagrun for example_sensors to None, run_after=None
[2026-02-25T04:59:30.353+0000] {processor.py:178} INFO - Processing /home/airflow/.local/lib/python3.7/site-packages/airflow/example_dags/example_sensors.py took 0.074 seconds
