[2026-02-25T04:40:38.503+0000] {processor.py:156} INFO - Started process (PID=53) to work on /home/airflow/.local/lib/python3.7/site-packages/airflow/example_dags/example_task_group_decorator.py
[2026-02-25T04:40:38.504+0000] {processor.py:799} INFO - Processing file /home/airflow/.local/lib/python3.7/site-packages/airflow/example_dags/example_task_group_decorator.py for tasks to queue
[2026-02-25T04:40:38.505+0000] {logging_mixin.py:149} INFO - [2026-02-25T04:40:38.505+0000] {dagbag.py:541} INFO - Filling up the DagBag from /home/airflow/.local/lib/python3.7/site-packages/airflow/example_dags/example_task_group_decorator.py
[2026-02-25T04:40:38.525+0000] {processor.py:809} INFO - DAG(s) dict_keys(['example_task_group_decorator']) retrieved from /home/airflow/.local/lib/python3.7/site-packages/airflow/example_dags/example_task_group_decorator.py
[2026-02-25T04:40:38.655+0000] {logging_mixin.py:149} INFO - [2026-02-25T04:40:38.655+0000] {manager.py:504} INFO - Created Permission View: can edit on DAG:example_task_group_decorator
[2026-02-25T04:40:38.663+0000] {logging_mixin.py:149} INFO - [2026-02-25T04:40:38.663+0000] {manager.py:504} INFO - Created Permission View: can delete on DAG:example_task_group_decorator
[2026-02-25T04:40:38.667+0000] {logging_mixin.py:149} INFO - [2026-02-25T04:40:38.667+0000] {manager.py:504} INFO - Created Permission View: can read on DAG:example_task_group_decorator
[2026-02-25T04:40:38.667+0000] {logging_mixin.py:149} INFO - [2026-02-25T04:40:38.667+0000] {dag.py:2726} INFO - Sync 1 DAGs
[2026-02-25T04:40:38.676+0000] {logging_mixin.py:149} INFO - [2026-02-25T04:40:38.676+0000] {dag.py:2747} INFO - Creating ORM DAG for example_task_group_decorator
[2026-02-25T04:40:38.685+0000] {logging_mixin.py:149} INFO - [2026-02-25T04:40:38.685+0000] {dag.py:3490} INFO - Setting next_dagrun for example_task_group_decorator to 2026-02-24T04:40:38.684827+00:00, run_after=2026-02-25T04:40:38.684827+00:00
[2026-02-25T04:40:38.702+0000] {processor.py:178} INFO - Processing /home/airflow/.local/lib/python3.7/site-packages/airflow/example_dags/example_task_group_decorator.py took 0.203 seconds
[2026-02-25T04:41:08.799+0000] {processor.py:156} INFO - Started process (PID=116) to work on /home/airflow/.local/lib/python3.7/site-packages/airflow/example_dags/example_task_group_decorator.py
[2026-02-25T04:41:08.801+0000] {processor.py:799} INFO - Processing file /home/airflow/.local/lib/python3.7/site-packages/airflow/example_dags/example_task_group_decorator.py for tasks to queue
[2026-02-25T04:41:08.802+0000] {logging_mixin.py:149} INFO - [2026-02-25T04:41:08.801+0000] {dagbag.py:541} INFO - Filling up the DagBag from /home/airflow/.local/lib/python3.7/site-packages/airflow/example_dags/example_task_group_decorator.py
[2026-02-25T04:41:08.815+0000] {processor.py:809} INFO - DAG(s) dict_keys(['example_task_group_decorator']) retrieved from /home/airflow/.local/lib/python3.7/site-packages/airflow/example_dags/example_task_group_decorator.py
[2026-02-25T04:41:08.841+0000] {logging_mixin.py:149} INFO - [2026-02-25T04:41:08.841+0000] {dag.py:2726} INFO - Sync 1 DAGs
[2026-02-25T04:41:08.861+0000] {logging_mixin.py:149} INFO - [2026-02-25T04:41:08.861+0000] {dag.py:3490} INFO - Setting next_dagrun for example_task_group_decorator to 2026-02-24T04:41:08.860873+00:00, run_after=2026-02-25T04:41:08.860873+00:00
[2026-02-25T04:41:08.878+0000] {processor.py:178} INFO - Processing /home/airflow/.local/lib/python3.7/site-packages/airflow/example_dags/example_task_group_decorator.py took 0.082 seconds
[2026-02-25T04:41:39.409+0000] {processor.py:156} INFO - Started process (PID=179) to work on /home/airflow/.local/lib/python3.7/site-packages/airflow/example_dags/example_task_group_decorator.py
[2026-02-25T04:41:39.411+0000] {processor.py:799} INFO - Processing file /home/airflow/.local/lib/python3.7/site-packages/airflow/example_dags/example_task_group_decorator.py for tasks to queue
[2026-02-25T04:41:39.411+0000] {logging_mixin.py:149} INFO - [2026-02-25T04:41:39.411+0000] {dagbag.py:541} INFO - Filling up the DagBag from /home/airflow/.local/lib/python3.7/site-packages/airflow/example_dags/example_task_group_decorator.py
[2026-02-25T04:41:39.425+0000] {processor.py:809} INFO - DAG(s) dict_keys(['example_task_group_decorator']) retrieved from /home/airflow/.local/lib/python3.7/site-packages/airflow/example_dags/example_task_group_decorator.py
[2026-02-25T04:41:39.453+0000] {logging_mixin.py:149} INFO - [2026-02-25T04:41:39.452+0000] {dag.py:2726} INFO - Sync 1 DAGs
[2026-02-25T04:41:39.472+0000] {logging_mixin.py:149} INFO - [2026-02-25T04:41:39.472+0000] {dag.py:3490} INFO - Setting next_dagrun for example_task_group_decorator to 2026-02-24T04:41:39.472469+00:00, run_after=2026-02-25T04:41:39.472469+00:00
[2026-02-25T04:41:39.487+0000] {processor.py:178} INFO - Processing /home/airflow/.local/lib/python3.7/site-packages/airflow/example_dags/example_task_group_decorator.py took 0.081 seconds
[2026-02-25T04:42:09.901+0000] {processor.py:156} INFO - Started process (PID=242) to work on /home/airflow/.local/lib/python3.7/site-packages/airflow/example_dags/example_task_group_decorator.py
[2026-02-25T04:42:09.901+0000] {processor.py:799} INFO - Processing file /home/airflow/.local/lib/python3.7/site-packages/airflow/example_dags/example_task_group_decorator.py for tasks to queue
[2026-02-25T04:42:09.902+0000] {logging_mixin.py:149} INFO - [2026-02-25T04:42:09.902+0000] {dagbag.py:541} INFO - Filling up the DagBag from /home/airflow/.local/lib/python3.7/site-packages/airflow/example_dags/example_task_group_decorator.py
[2026-02-25T04:42:09.911+0000] {processor.py:809} INFO - DAG(s) dict_keys(['example_task_group_decorator']) retrieved from /home/airflow/.local/lib/python3.7/site-packages/airflow/example_dags/example_task_group_decorator.py
[2026-02-25T04:42:09.929+0000] {logging_mixin.py:149} INFO - [2026-02-25T04:42:09.929+0000] {dag.py:2726} INFO - Sync 1 DAGs
[2026-02-25T04:42:09.954+0000] {logging_mixin.py:149} INFO - [2026-02-25T04:42:09.954+0000] {dag.py:3490} INFO - Setting next_dagrun for example_task_group_decorator to 2026-02-24T04:42:09.953864+00:00, run_after=2026-02-25T04:42:09.953864+00:00
[2026-02-25T04:42:09.971+0000] {processor.py:178} INFO - Processing /home/airflow/.local/lib/python3.7/site-packages/airflow/example_dags/example_task_group_decorator.py took 0.074 seconds
[2026-02-25T04:42:40.550+0000] {processor.py:156} INFO - Started process (PID=305) to work on /home/airflow/.local/lib/python3.7/site-packages/airflow/example_dags/example_task_group_decorator.py
[2026-02-25T04:42:40.552+0000] {processor.py:799} INFO - Processing file /home/airflow/.local/lib/python3.7/site-packages/airflow/example_dags/example_task_group_decorator.py for tasks to queue
[2026-02-25T04:42:40.552+0000] {logging_mixin.py:149} INFO - [2026-02-25T04:42:40.552+0000] {dagbag.py:541} INFO - Filling up the DagBag from /home/airflow/.local/lib/python3.7/site-packages/airflow/example_dags/example_task_group_decorator.py
[2026-02-25T04:42:40.561+0000] {processor.py:809} INFO - DAG(s) dict_keys(['example_task_group_decorator']) retrieved from /home/airflow/.local/lib/python3.7/site-packages/airflow/example_dags/example_task_group_decorator.py
[2026-02-25T04:42:40.587+0000] {logging_mixin.py:149} INFO - [2026-02-25T04:42:40.587+0000] {dag.py:2726} INFO - Sync 1 DAGs
[2026-02-25T04:42:40.607+0000] {logging_mixin.py:149} INFO - [2026-02-25T04:42:40.606+0000] {dag.py:3490} INFO - Setting next_dagrun for example_task_group_decorator to 2026-02-24T04:42:40.606772+00:00, run_after=2026-02-25T04:42:40.606772+00:00
[2026-02-25T04:42:40.627+0000] {processor.py:178} INFO - Processing /home/airflow/.local/lib/python3.7/site-packages/airflow/example_dags/example_task_group_decorator.py took 0.080 seconds
[2026-02-25T04:48:20.701+0000] {processor.py:156} INFO - Started process (PID=52) to work on /home/airflow/.local/lib/python3.7/site-packages/airflow/example_dags/example_task_group_decorator.py
[2026-02-25T04:48:20.701+0000] {processor.py:799} INFO - Processing file /home/airflow/.local/lib/python3.7/site-packages/airflow/example_dags/example_task_group_decorator.py for tasks to queue
[2026-02-25T04:48:20.702+0000] {logging_mixin.py:149} INFO - [2026-02-25T04:48:20.702+0000] {dagbag.py:541} INFO - Filling up the DagBag from /home/airflow/.local/lib/python3.7/site-packages/airflow/example_dags/example_task_group_decorator.py
[2026-02-25T04:48:20.712+0000] {processor.py:809} INFO - DAG(s) dict_keys(['example_task_group_decorator']) retrieved from /home/airflow/.local/lib/python3.7/site-packages/airflow/example_dags/example_task_group_decorator.py
[2026-02-25T04:48:20.722+0000] {logging_mixin.py:149} INFO - [2026-02-25T04:48:20.722+0000] {dag.py:2726} INFO - Sync 1 DAGs
[2026-02-25T04:48:20.740+0000] {logging_mixin.py:149} INFO - [2026-02-25T04:48:20.740+0000] {dag.py:3490} INFO - Setting next_dagrun for example_task_group_decorator to 2026-02-24T04:48:20.740337+00:00, run_after=2026-02-25T04:48:20.740337+00:00
[2026-02-25T04:48:20.753+0000] {processor.py:178} INFO - Processing /home/airflow/.local/lib/python3.7/site-packages/airflow/example_dags/example_task_group_decorator.py took 0.055 seconds
[2026-02-25T04:48:51.094+0000] {processor.py:156} INFO - Started process (PID=115) to work on /home/airflow/.local/lib/python3.7/site-packages/airflow/example_dags/example_task_group_decorator.py
[2026-02-25T04:48:51.097+0000] {processor.py:799} INFO - Processing file /home/airflow/.local/lib/python3.7/site-packages/airflow/example_dags/example_task_group_decorator.py for tasks to queue
[2026-02-25T04:48:51.097+0000] {logging_mixin.py:149} INFO - [2026-02-25T04:48:51.097+0000] {dagbag.py:541} INFO - Filling up the DagBag from /home/airflow/.local/lib/python3.7/site-packages/airflow/example_dags/example_task_group_decorator.py
[2026-02-25T04:48:51.106+0000] {processor.py:809} INFO - DAG(s) dict_keys(['example_task_group_decorator']) retrieved from /home/airflow/.local/lib/python3.7/site-packages/airflow/example_dags/example_task_group_decorator.py
[2026-02-25T04:48:51.124+0000] {logging_mixin.py:149} INFO - [2026-02-25T04:48:51.124+0000] {dag.py:2726} INFO - Sync 1 DAGs
[2026-02-25T04:48:51.146+0000] {logging_mixin.py:149} INFO - [2026-02-25T04:48:51.146+0000] {dag.py:3490} INFO - Setting next_dagrun for example_task_group_decorator to 2026-02-24T04:48:51.146473+00:00, run_after=2026-02-25T04:48:51.146473+00:00
[2026-02-25T04:48:51.165+0000] {processor.py:178} INFO - Processing /home/airflow/.local/lib/python3.7/site-packages/airflow/example_dags/example_task_group_decorator.py took 0.075 seconds
[2026-02-25T04:49:21.581+0000] {processor.py:156} INFO - Started process (PID=178) to work on /home/airflow/.local/lib/python3.7/site-packages/airflow/example_dags/example_task_group_decorator.py
[2026-02-25T04:49:21.582+0000] {processor.py:799} INFO - Processing file /home/airflow/.local/lib/python3.7/site-packages/airflow/example_dags/example_task_group_decorator.py for tasks to queue
[2026-02-25T04:49:21.582+0000] {logging_mixin.py:149} INFO - [2026-02-25T04:49:21.582+0000] {dagbag.py:541} INFO - Filling up the DagBag from /home/airflow/.local/lib/python3.7/site-packages/airflow/example_dags/example_task_group_decorator.py
[2026-02-25T04:49:21.592+0000] {processor.py:809} INFO - DAG(s) dict_keys(['example_task_group_decorator']) retrieved from /home/airflow/.local/lib/python3.7/site-packages/airflow/example_dags/example_task_group_decorator.py
[2026-02-25T04:49:21.613+0000] {logging_mixin.py:149} INFO - [2026-02-25T04:49:21.613+0000] {dag.py:2726} INFO - Sync 1 DAGs
[2026-02-25T04:49:21.633+0000] {logging_mixin.py:149} INFO - [2026-02-25T04:49:21.633+0000] {dag.py:3490} INFO - Setting next_dagrun for example_task_group_decorator to 2026-02-24T04:49:21.632892+00:00, run_after=2026-02-25T04:49:21.632892+00:00
[2026-02-25T04:49:21.650+0000] {processor.py:178} INFO - Processing /home/airflow/.local/lib/python3.7/site-packages/airflow/example_dags/example_task_group_decorator.py took 0.071 seconds
[2026-02-25T04:49:52.188+0000] {processor.py:156} INFO - Started process (PID=241) to work on /home/airflow/.local/lib/python3.7/site-packages/airflow/example_dags/example_task_group_decorator.py
[2026-02-25T04:49:52.189+0000] {processor.py:799} INFO - Processing file /home/airflow/.local/lib/python3.7/site-packages/airflow/example_dags/example_task_group_decorator.py for tasks to queue
[2026-02-25T04:49:52.191+0000] {logging_mixin.py:149} INFO - [2026-02-25T04:49:52.191+0000] {dagbag.py:541} INFO - Filling up the DagBag from /home/airflow/.local/lib/python3.7/site-packages/airflow/example_dags/example_task_group_decorator.py
[2026-02-25T04:49:52.204+0000] {processor.py:809} INFO - DAG(s) dict_keys(['example_task_group_decorator']) retrieved from /home/airflow/.local/lib/python3.7/site-packages/airflow/example_dags/example_task_group_decorator.py
[2026-02-25T04:49:52.227+0000] {logging_mixin.py:149} INFO - [2026-02-25T04:49:52.227+0000] {dag.py:2726} INFO - Sync 1 DAGs
[2026-02-25T04:49:52.252+0000] {logging_mixin.py:149} INFO - [2026-02-25T04:49:52.252+0000] {dag.py:3490} INFO - Setting next_dagrun for example_task_group_decorator to 2026-02-24T04:49:52.252392+00:00, run_after=2026-02-25T04:49:52.252392+00:00
[2026-02-25T04:49:52.269+0000] {processor.py:178} INFO - Processing /home/airflow/.local/lib/python3.7/site-packages/airflow/example_dags/example_task_group_decorator.py took 0.083 seconds
[2026-02-25T04:50:22.693+0000] {processor.py:156} INFO - Started process (PID=304) to work on /home/airflow/.local/lib/python3.7/site-packages/airflow/example_dags/example_task_group_decorator.py
[2026-02-25T04:50:22.694+0000] {processor.py:799} INFO - Processing file /home/airflow/.local/lib/python3.7/site-packages/airflow/example_dags/example_task_group_decorator.py for tasks to queue
[2026-02-25T04:50:22.695+0000] {logging_mixin.py:149} INFO - [2026-02-25T04:50:22.695+0000] {dagbag.py:541} INFO - Filling up the DagBag from /home/airflow/.local/lib/python3.7/site-packages/airflow/example_dags/example_task_group_decorator.py
[2026-02-25T04:50:22.705+0000] {processor.py:809} INFO - DAG(s) dict_keys(['example_task_group_decorator']) retrieved from /home/airflow/.local/lib/python3.7/site-packages/airflow/example_dags/example_task_group_decorator.py
[2026-02-25T04:50:22.725+0000] {logging_mixin.py:149} INFO - [2026-02-25T04:50:22.725+0000] {dag.py:2726} INFO - Sync 1 DAGs
[2026-02-25T04:50:22.743+0000] {logging_mixin.py:149} INFO - [2026-02-25T04:50:22.743+0000] {dag.py:3490} INFO - Setting next_dagrun for example_task_group_decorator to 2026-02-24T04:50:22.743440+00:00, run_after=2026-02-25T04:50:22.743440+00:00
[2026-02-25T04:50:22.762+0000] {processor.py:178} INFO - Processing /home/airflow/.local/lib/python3.7/site-packages/airflow/example_dags/example_task_group_decorator.py took 0.072 seconds
[2026-02-25T04:50:52.843+0000] {processor.py:156} INFO - Started process (PID=367) to work on /home/airflow/.local/lib/python3.7/site-packages/airflow/example_dags/example_task_group_decorator.py
[2026-02-25T04:50:52.845+0000] {processor.py:799} INFO - Processing file /home/airflow/.local/lib/python3.7/site-packages/airflow/example_dags/example_task_group_decorator.py for tasks to queue
[2026-02-25T04:50:52.846+0000] {logging_mixin.py:149} INFO - [2026-02-25T04:50:52.846+0000] {dagbag.py:541} INFO - Filling up the DagBag from /home/airflow/.local/lib/python3.7/site-packages/airflow/example_dags/example_task_group_decorator.py
[2026-02-25T04:50:52.854+0000] {processor.py:809} INFO - DAG(s) dict_keys(['example_task_group_decorator']) retrieved from /home/airflow/.local/lib/python3.7/site-packages/airflow/example_dags/example_task_group_decorator.py
[2026-02-25T04:50:52.872+0000] {logging_mixin.py:149} INFO - [2026-02-25T04:50:52.872+0000] {dag.py:2726} INFO - Sync 1 DAGs
[2026-02-25T04:50:52.890+0000] {logging_mixin.py:149} INFO - [2026-02-25T04:50:52.890+0000] {dag.py:3490} INFO - Setting next_dagrun for example_task_group_decorator to 2026-02-24T04:50:52.889949+00:00, run_after=2026-02-25T04:50:52.889949+00:00
[2026-02-25T04:50:52.904+0000] {processor.py:178} INFO - Processing /home/airflow/.local/lib/python3.7/site-packages/airflow/example_dags/example_task_group_decorator.py took 0.064 seconds
[2026-02-25T04:51:23.186+0000] {processor.py:156} INFO - Started process (PID=430) to work on /home/airflow/.local/lib/python3.7/site-packages/airflow/example_dags/example_task_group_decorator.py
[2026-02-25T04:51:23.187+0000] {processor.py:799} INFO - Processing file /home/airflow/.local/lib/python3.7/site-packages/airflow/example_dags/example_task_group_decorator.py for tasks to queue
[2026-02-25T04:51:23.187+0000] {logging_mixin.py:149} INFO - [2026-02-25T04:51:23.187+0000] {dagbag.py:541} INFO - Filling up the DagBag from /home/airflow/.local/lib/python3.7/site-packages/airflow/example_dags/example_task_group_decorator.py
[2026-02-25T04:51:23.198+0000] {processor.py:809} INFO - DAG(s) dict_keys(['example_task_group_decorator']) retrieved from /home/airflow/.local/lib/python3.7/site-packages/airflow/example_dags/example_task_group_decorator.py
[2026-02-25T04:51:23.221+0000] {logging_mixin.py:149} INFO - [2026-02-25T04:51:23.221+0000] {dag.py:2726} INFO - Sync 1 DAGs
[2026-02-25T04:51:23.244+0000] {logging_mixin.py:149} INFO - [2026-02-25T04:51:23.244+0000] {dag.py:3490} INFO - Setting next_dagrun for example_task_group_decorator to 2026-02-24T04:51:23.244466+00:00, run_after=2026-02-25T04:51:23.244466+00:00
[2026-02-25T04:51:23.257+0000] {processor.py:178} INFO - Processing /home/airflow/.local/lib/python3.7/site-packages/airflow/example_dags/example_task_group_decorator.py took 0.074 seconds
[2026-02-25T04:51:53.349+0000] {processor.py:156} INFO - Started process (PID=493) to work on /home/airflow/.local/lib/python3.7/site-packages/airflow/example_dags/example_task_group_decorator.py
[2026-02-25T04:51:53.349+0000] {processor.py:799} INFO - Processing file /home/airflow/.local/lib/python3.7/site-packages/airflow/example_dags/example_task_group_decorator.py for tasks to queue
[2026-02-25T04:51:53.350+0000] {logging_mixin.py:149} INFO - [2026-02-25T04:51:53.350+0000] {dagbag.py:541} INFO - Filling up the DagBag from /home/airflow/.local/lib/python3.7/site-packages/airflow/example_dags/example_task_group_decorator.py
[2026-02-25T04:51:53.359+0000] {processor.py:809} INFO - DAG(s) dict_keys(['example_task_group_decorator']) retrieved from /home/airflow/.local/lib/python3.7/site-packages/airflow/example_dags/example_task_group_decorator.py
[2026-02-25T04:51:53.384+0000] {logging_mixin.py:149} INFO - [2026-02-25T04:51:53.384+0000] {dag.py:2726} INFO - Sync 1 DAGs
[2026-02-25T04:51:53.406+0000] {logging_mixin.py:149} INFO - [2026-02-25T04:51:53.405+0000] {dag.py:3490} INFO - Setting next_dagrun for example_task_group_decorator to 2026-02-24T04:51:53.405720+00:00, run_after=2026-02-25T04:51:53.405720+00:00
[2026-02-25T04:51:53.426+0000] {processor.py:178} INFO - Processing /home/airflow/.local/lib/python3.7/site-packages/airflow/example_dags/example_task_group_decorator.py took 0.079 seconds
[2026-02-25T04:52:23.906+0000] {processor.py:156} INFO - Started process (PID=556) to work on /home/airflow/.local/lib/python3.7/site-packages/airflow/example_dags/example_task_group_decorator.py
[2026-02-25T04:52:23.908+0000] {processor.py:799} INFO - Processing file /home/airflow/.local/lib/python3.7/site-packages/airflow/example_dags/example_task_group_decorator.py for tasks to queue
[2026-02-25T04:52:23.911+0000] {logging_mixin.py:149} INFO - [2026-02-25T04:52:23.911+0000] {dagbag.py:541} INFO - Filling up the DagBag from /home/airflow/.local/lib/python3.7/site-packages/airflow/example_dags/example_task_group_decorator.py
[2026-02-25T04:52:23.923+0000] {processor.py:809} INFO - DAG(s) dict_keys(['example_task_group_decorator']) retrieved from /home/airflow/.local/lib/python3.7/site-packages/airflow/example_dags/example_task_group_decorator.py
[2026-02-25T04:52:23.951+0000] {logging_mixin.py:149} INFO - [2026-02-25T04:52:23.951+0000] {dag.py:2726} INFO - Sync 1 DAGs
[2026-02-25T04:52:23.973+0000] {logging_mixin.py:149} INFO - [2026-02-25T04:52:23.972+0000] {dag.py:3490} INFO - Setting next_dagrun for example_task_group_decorator to 2026-02-24T04:52:23.972637+00:00, run_after=2026-02-25T04:52:23.972637+00:00
[2026-02-25T04:52:23.991+0000] {processor.py:178} INFO - Processing /home/airflow/.local/lib/python3.7/site-packages/airflow/example_dags/example_task_group_decorator.py took 0.089 seconds
[2026-02-25T04:52:54.300+0000] {processor.py:156} INFO - Started process (PID=626) to work on /home/airflow/.local/lib/python3.7/site-packages/airflow/example_dags/example_task_group_decorator.py
[2026-02-25T04:52:54.301+0000] {processor.py:799} INFO - Processing file /home/airflow/.local/lib/python3.7/site-packages/airflow/example_dags/example_task_group_decorator.py for tasks to queue
[2026-02-25T04:52:54.302+0000] {logging_mixin.py:149} INFO - [2026-02-25T04:52:54.302+0000] {dagbag.py:541} INFO - Filling up the DagBag from /home/airflow/.local/lib/python3.7/site-packages/airflow/example_dags/example_task_group_decorator.py
[2026-02-25T04:52:54.311+0000] {processor.py:809} INFO - DAG(s) dict_keys(['example_task_group_decorator']) retrieved from /home/airflow/.local/lib/python3.7/site-packages/airflow/example_dags/example_task_group_decorator.py
[2026-02-25T04:52:54.333+0000] {logging_mixin.py:149} INFO - [2026-02-25T04:52:54.333+0000] {dag.py:2726} INFO - Sync 1 DAGs
[2026-02-25T04:52:54.357+0000] {logging_mixin.py:149} INFO - [2026-02-25T04:52:54.357+0000] {dag.py:3490} INFO - Setting next_dagrun for example_task_group_decorator to 2026-02-24T04:52:54.357532+00:00, run_after=2026-02-25T04:52:54.357532+00:00
[2026-02-25T04:52:54.373+0000] {processor.py:178} INFO - Processing /home/airflow/.local/lib/python3.7/site-packages/airflow/example_dags/example_task_group_decorator.py took 0.075 seconds
[2026-02-25T04:53:24.870+0000] {processor.py:156} INFO - Started process (PID=689) to work on /home/airflow/.local/lib/python3.7/site-packages/airflow/example_dags/example_task_group_decorator.py
[2026-02-25T04:53:24.870+0000] {processor.py:799} INFO - Processing file /home/airflow/.local/lib/python3.7/site-packages/airflow/example_dags/example_task_group_decorator.py for tasks to queue
[2026-02-25T04:53:24.871+0000] {logging_mixin.py:149} INFO - [2026-02-25T04:53:24.871+0000] {dagbag.py:541} INFO - Filling up the DagBag from /home/airflow/.local/lib/python3.7/site-packages/airflow/example_dags/example_task_group_decorator.py
[2026-02-25T04:53:24.881+0000] {processor.py:809} INFO - DAG(s) dict_keys(['example_task_group_decorator']) retrieved from /home/airflow/.local/lib/python3.7/site-packages/airflow/example_dags/example_task_group_decorator.py
[2026-02-25T04:53:24.908+0000] {logging_mixin.py:149} INFO - [2026-02-25T04:53:24.908+0000] {dag.py:2726} INFO - Sync 1 DAGs
[2026-02-25T04:53:24.927+0000] {logging_mixin.py:149} INFO - [2026-02-25T04:53:24.927+0000] {dag.py:3490} INFO - Setting next_dagrun for example_task_group_decorator to 2026-02-24T04:53:24.927597+00:00, run_after=2026-02-25T04:53:24.927597+00:00
[2026-02-25T04:53:24.942+0000] {processor.py:178} INFO - Processing /home/airflow/.local/lib/python3.7/site-packages/airflow/example_dags/example_task_group_decorator.py took 0.075 seconds
[2026-02-25T04:53:55.486+0000] {processor.py:156} INFO - Started process (PID=752) to work on /home/airflow/.local/lib/python3.7/site-packages/airflow/example_dags/example_task_group_decorator.py
[2026-02-25T04:53:55.488+0000] {processor.py:799} INFO - Processing file /home/airflow/.local/lib/python3.7/site-packages/airflow/example_dags/example_task_group_decorator.py for tasks to queue
[2026-02-25T04:53:55.489+0000] {logging_mixin.py:149} INFO - [2026-02-25T04:53:55.489+0000] {dagbag.py:541} INFO - Filling up the DagBag from /home/airflow/.local/lib/python3.7/site-packages/airflow/example_dags/example_task_group_decorator.py
[2026-02-25T04:53:55.499+0000] {processor.py:809} INFO - DAG(s) dict_keys(['example_task_group_decorator']) retrieved from /home/airflow/.local/lib/python3.7/site-packages/airflow/example_dags/example_task_group_decorator.py
[2026-02-25T04:53:55.522+0000] {logging_mixin.py:149} INFO - [2026-02-25T04:53:55.522+0000] {dag.py:2726} INFO - Sync 1 DAGs
[2026-02-25T04:53:55.542+0000] {logging_mixin.py:149} INFO - [2026-02-25T04:53:55.542+0000] {dag.py:3490} INFO - Setting next_dagrun for example_task_group_decorator to 2026-02-24T04:53:55.542663+00:00, run_after=2026-02-25T04:53:55.542663+00:00
[2026-02-25T04:53:55.561+0000] {processor.py:178} INFO - Processing /home/airflow/.local/lib/python3.7/site-packages/airflow/example_dags/example_task_group_decorator.py took 0.076 seconds
[2026-02-25T04:54:25.893+0000] {processor.py:156} INFO - Started process (PID=815) to work on /home/airflow/.local/lib/python3.7/site-packages/airflow/example_dags/example_task_group_decorator.py
[2026-02-25T04:54:25.896+0000] {processor.py:799} INFO - Processing file /home/airflow/.local/lib/python3.7/site-packages/airflow/example_dags/example_task_group_decorator.py for tasks to queue
[2026-02-25T04:54:25.897+0000] {logging_mixin.py:149} INFO - [2026-02-25T04:54:25.897+0000] {dagbag.py:541} INFO - Filling up the DagBag from /home/airflow/.local/lib/python3.7/site-packages/airflow/example_dags/example_task_group_decorator.py
[2026-02-25T04:54:25.906+0000] {processor.py:809} INFO - DAG(s) dict_keys(['example_task_group_decorator']) retrieved from /home/airflow/.local/lib/python3.7/site-packages/airflow/example_dags/example_task_group_decorator.py
[2026-02-25T04:54:25.933+0000] {logging_mixin.py:149} INFO - [2026-02-25T04:54:25.933+0000] {dag.py:2726} INFO - Sync 1 DAGs
[2026-02-25T04:54:25.950+0000] {logging_mixin.py:149} INFO - [2026-02-25T04:54:25.950+0000] {dag.py:3490} INFO - Setting next_dagrun for example_task_group_decorator to 2026-02-24T04:54:25.950538+00:00, run_after=2026-02-25T04:54:25.950538+00:00
[2026-02-25T04:54:25.964+0000] {processor.py:178} INFO - Processing /home/airflow/.local/lib/python3.7/site-packages/airflow/example_dags/example_task_group_decorator.py took 0.072 seconds
[2026-02-25T04:54:56.193+0000] {processor.py:156} INFO - Started process (PID=878) to work on /home/airflow/.local/lib/python3.7/site-packages/airflow/example_dags/example_task_group_decorator.py
[2026-02-25T04:54:56.194+0000] {processor.py:799} INFO - Processing file /home/airflow/.local/lib/python3.7/site-packages/airflow/example_dags/example_task_group_decorator.py for tasks to queue
[2026-02-25T04:54:56.195+0000] {logging_mixin.py:149} INFO - [2026-02-25T04:54:56.195+0000] {dagbag.py:541} INFO - Filling up the DagBag from /home/airflow/.local/lib/python3.7/site-packages/airflow/example_dags/example_task_group_decorator.py
[2026-02-25T04:54:56.204+0000] {processor.py:809} INFO - DAG(s) dict_keys(['example_task_group_decorator']) retrieved from /home/airflow/.local/lib/python3.7/site-packages/airflow/example_dags/example_task_group_decorator.py
[2026-02-25T04:54:56.228+0000] {logging_mixin.py:149} INFO - [2026-02-25T04:54:56.228+0000] {dag.py:2726} INFO - Sync 1 DAGs
[2026-02-25T04:54:56.244+0000] {logging_mixin.py:149} INFO - [2026-02-25T04:54:56.244+0000] {dag.py:3490} INFO - Setting next_dagrun for example_task_group_decorator to 2026-02-24T04:54:56.243943+00:00, run_after=2026-02-25T04:54:56.243943+00:00
[2026-02-25T04:54:56.259+0000] {processor.py:178} INFO - Processing /home/airflow/.local/lib/python3.7/site-packages/airflow/example_dags/example_task_group_decorator.py took 0.068 seconds
[2026-02-25T04:55:26.545+0000] {processor.py:156} INFO - Started process (PID=941) to work on /home/airflow/.local/lib/python3.7/site-packages/airflow/example_dags/example_task_group_decorator.py
[2026-02-25T04:55:26.547+0000] {processor.py:799} INFO - Processing file /home/airflow/.local/lib/python3.7/site-packages/airflow/example_dags/example_task_group_decorator.py for tasks to queue
[2026-02-25T04:55:26.547+0000] {logging_mixin.py:149} INFO - [2026-02-25T04:55:26.547+0000] {dagbag.py:541} INFO - Filling up the DagBag from /home/airflow/.local/lib/python3.7/site-packages/airflow/example_dags/example_task_group_decorator.py
[2026-02-25T04:55:26.557+0000] {processor.py:809} INFO - DAG(s) dict_keys(['example_task_group_decorator']) retrieved from /home/airflow/.local/lib/python3.7/site-packages/airflow/example_dags/example_task_group_decorator.py
[2026-02-25T04:55:26.580+0000] {logging_mixin.py:149} INFO - [2026-02-25T04:55:26.580+0000] {dag.py:2726} INFO - Sync 1 DAGs
[2026-02-25T04:55:26.599+0000] {logging_mixin.py:149} INFO - [2026-02-25T04:55:26.599+0000] {dag.py:3490} INFO - Setting next_dagrun for example_task_group_decorator to 2026-02-24T04:55:26.599149+00:00, run_after=2026-02-25T04:55:26.599149+00:00
[2026-02-25T04:55:26.614+0000] {processor.py:178} INFO - Processing /home/airflow/.local/lib/python3.7/site-packages/airflow/example_dags/example_task_group_decorator.py took 0.073 seconds
[2026-02-25T04:55:57.122+0000] {processor.py:156} INFO - Started process (PID=1004) to work on /home/airflow/.local/lib/python3.7/site-packages/airflow/example_dags/example_task_group_decorator.py
[2026-02-25T04:55:57.123+0000] {processor.py:799} INFO - Processing file /home/airflow/.local/lib/python3.7/site-packages/airflow/example_dags/example_task_group_decorator.py for tasks to queue
[2026-02-25T04:55:57.124+0000] {logging_mixin.py:149} INFO - [2026-02-25T04:55:57.124+0000] {dagbag.py:541} INFO - Filling up the DagBag from /home/airflow/.local/lib/python3.7/site-packages/airflow/example_dags/example_task_group_decorator.py
[2026-02-25T04:55:57.134+0000] {processor.py:809} INFO - DAG(s) dict_keys(['example_task_group_decorator']) retrieved from /home/airflow/.local/lib/python3.7/site-packages/airflow/example_dags/example_task_group_decorator.py
[2026-02-25T04:55:57.169+0000] {logging_mixin.py:149} INFO - [2026-02-25T04:55:57.169+0000] {dag.py:2726} INFO - Sync 1 DAGs
[2026-02-25T04:55:57.199+0000] {logging_mixin.py:149} INFO - [2026-02-25T04:55:57.199+0000] {dag.py:3490} INFO - Setting next_dagrun for example_task_group_decorator to 2026-02-24T04:55:57.199200+00:00, run_after=2026-02-25T04:55:57.199200+00:00
[2026-02-25T04:55:57.223+0000] {processor.py:178} INFO - Processing /home/airflow/.local/lib/python3.7/site-packages/airflow/example_dags/example_task_group_decorator.py took 0.105 seconds
[2026-02-25T04:56:27.521+0000] {processor.py:156} INFO - Started process (PID=1067) to work on /home/airflow/.local/lib/python3.7/site-packages/airflow/example_dags/example_task_group_decorator.py
[2026-02-25T04:56:27.524+0000] {processor.py:799} INFO - Processing file /home/airflow/.local/lib/python3.7/site-packages/airflow/example_dags/example_task_group_decorator.py for tasks to queue
[2026-02-25T04:56:27.525+0000] {logging_mixin.py:149} INFO - [2026-02-25T04:56:27.525+0000] {dagbag.py:541} INFO - Filling up the DagBag from /home/airflow/.local/lib/python3.7/site-packages/airflow/example_dags/example_task_group_decorator.py
[2026-02-25T04:56:27.533+0000] {processor.py:809} INFO - DAG(s) dict_keys(['example_task_group_decorator']) retrieved from /home/airflow/.local/lib/python3.7/site-packages/airflow/example_dags/example_task_group_decorator.py
[2026-02-25T04:56:27.550+0000] {logging_mixin.py:149} INFO - [2026-02-25T04:56:27.550+0000] {dag.py:2726} INFO - Sync 1 DAGs
[2026-02-25T04:56:27.569+0000] {logging_mixin.py:149} INFO - [2026-02-25T04:56:27.569+0000] {dag.py:3490} INFO - Setting next_dagrun for example_task_group_decorator to 2026-02-24T04:56:27.569190+00:00, run_after=2026-02-25T04:56:27.569190+00:00
[2026-02-25T04:56:27.583+0000] {processor.py:178} INFO - Processing /home/airflow/.local/lib/python3.7/site-packages/airflow/example_dags/example_task_group_decorator.py took 0.065 seconds
[2026-02-25T04:56:58.110+0000] {processor.py:156} INFO - Started process (PID=1130) to work on /home/airflow/.local/lib/python3.7/site-packages/airflow/example_dags/example_task_group_decorator.py
[2026-02-25T04:56:58.113+0000] {processor.py:799} INFO - Processing file /home/airflow/.local/lib/python3.7/site-packages/airflow/example_dags/example_task_group_decorator.py for tasks to queue
[2026-02-25T04:56:58.115+0000] {logging_mixin.py:149} INFO - [2026-02-25T04:56:58.115+0000] {dagbag.py:541} INFO - Filling up the DagBag from /home/airflow/.local/lib/python3.7/site-packages/airflow/example_dags/example_task_group_decorator.py
[2026-02-25T04:56:58.128+0000] {processor.py:809} INFO - DAG(s) dict_keys(['example_task_group_decorator']) retrieved from /home/airflow/.local/lib/python3.7/site-packages/airflow/example_dags/example_task_group_decorator.py
[2026-02-25T04:56:58.157+0000] {logging_mixin.py:149} INFO - [2026-02-25T04:56:58.157+0000] {dag.py:2726} INFO - Sync 1 DAGs
[2026-02-25T04:56:58.183+0000] {logging_mixin.py:149} INFO - [2026-02-25T04:56:58.183+0000] {dag.py:3490} INFO - Setting next_dagrun for example_task_group_decorator to 2026-02-24T04:56:58.182884+00:00, run_after=2026-02-25T04:56:58.182884+00:00
[2026-02-25T04:56:58.200+0000] {processor.py:178} INFO - Processing /home/airflow/.local/lib/python3.7/site-packages/airflow/example_dags/example_task_group_decorator.py took 0.093 seconds
[2026-02-25T04:57:28.559+0000] {processor.py:156} INFO - Started process (PID=1193) to work on /home/airflow/.local/lib/python3.7/site-packages/airflow/example_dags/example_task_group_decorator.py
[2026-02-25T04:57:28.561+0000] {processor.py:799} INFO - Processing file /home/airflow/.local/lib/python3.7/site-packages/airflow/example_dags/example_task_group_decorator.py for tasks to queue
[2026-02-25T04:57:28.561+0000] {logging_mixin.py:149} INFO - [2026-02-25T04:57:28.561+0000] {dagbag.py:541} INFO - Filling up the DagBag from /home/airflow/.local/lib/python3.7/site-packages/airflow/example_dags/example_task_group_decorator.py
[2026-02-25T04:57:28.572+0000] {processor.py:809} INFO - DAG(s) dict_keys(['example_task_group_decorator']) retrieved from /home/airflow/.local/lib/python3.7/site-packages/airflow/example_dags/example_task_group_decorator.py
[2026-02-25T04:57:28.598+0000] {logging_mixin.py:149} INFO - [2026-02-25T04:57:28.598+0000] {dag.py:2726} INFO - Sync 1 DAGs
[2026-02-25T04:57:28.616+0000] {logging_mixin.py:149} INFO - [2026-02-25T04:57:28.616+0000] {dag.py:3490} INFO - Setting next_dagrun for example_task_group_decorator to 2026-02-24T04:57:28.616086+00:00, run_after=2026-02-25T04:57:28.616086+00:00
[2026-02-25T04:57:28.629+0000] {processor.py:178} INFO - Processing /home/airflow/.local/lib/python3.7/site-packages/airflow/example_dags/example_task_group_decorator.py took 0.073 seconds
[2026-02-25T04:57:58.905+0000] {processor.py:156} INFO - Started process (PID=1256) to work on /home/airflow/.local/lib/python3.7/site-packages/airflow/example_dags/example_task_group_decorator.py
[2026-02-25T04:57:58.910+0000] {processor.py:799} INFO - Processing file /home/airflow/.local/lib/python3.7/site-packages/airflow/example_dags/example_task_group_decorator.py for tasks to queue
[2026-02-25T04:57:58.910+0000] {logging_mixin.py:149} INFO - [2026-02-25T04:57:58.910+0000] {dagbag.py:541} INFO - Filling up the DagBag from /home/airflow/.local/lib/python3.7/site-packages/airflow/example_dags/example_task_group_decorator.py
[2026-02-25T04:57:58.919+0000] {processor.py:809} INFO - DAG(s) dict_keys(['example_task_group_decorator']) retrieved from /home/airflow/.local/lib/python3.7/site-packages/airflow/example_dags/example_task_group_decorator.py
[2026-02-25T04:57:58.942+0000] {logging_mixin.py:149} INFO - [2026-02-25T04:57:58.942+0000] {dag.py:2726} INFO - Sync 1 DAGs
[2026-02-25T04:57:58.960+0000] {logging_mixin.py:149} INFO - [2026-02-25T04:57:58.960+0000] {dag.py:3490} INFO - Setting next_dagrun for example_task_group_decorator to 2026-02-24T04:57:58.960125+00:00, run_after=2026-02-25T04:57:58.960125+00:00
[2026-02-25T04:57:58.976+0000] {processor.py:178} INFO - Processing /home/airflow/.local/lib/python3.7/site-packages/airflow/example_dags/example_task_group_decorator.py took 0.073 seconds
[2026-02-25T04:58:29.530+0000] {processor.py:156} INFO - Started process (PID=1319) to work on /home/airflow/.local/lib/python3.7/site-packages/airflow/example_dags/example_task_group_decorator.py
[2026-02-25T04:58:29.531+0000] {processor.py:799} INFO - Processing file /home/airflow/.local/lib/python3.7/site-packages/airflow/example_dags/example_task_group_decorator.py for tasks to queue
[2026-02-25T04:58:29.531+0000] {logging_mixin.py:149} INFO - [2026-02-25T04:58:29.531+0000] {dagbag.py:541} INFO - Filling up the DagBag from /home/airflow/.local/lib/python3.7/site-packages/airflow/example_dags/example_task_group_decorator.py
[2026-02-25T04:58:29.541+0000] {processor.py:809} INFO - DAG(s) dict_keys(['example_task_group_decorator']) retrieved from /home/airflow/.local/lib/python3.7/site-packages/airflow/example_dags/example_task_group_decorator.py
[2026-02-25T04:58:29.562+0000] {logging_mixin.py:149} INFO - [2026-02-25T04:58:29.562+0000] {dag.py:2726} INFO - Sync 1 DAGs
[2026-02-25T04:58:29.578+0000] {logging_mixin.py:149} INFO - [2026-02-25T04:58:29.578+0000] {dag.py:3490} INFO - Setting next_dagrun for example_task_group_decorator to 2026-02-24T04:58:29.577876+00:00, run_after=2026-02-25T04:58:29.577876+00:00
[2026-02-25T04:58:29.594+0000] {processor.py:178} INFO - Processing /home/airflow/.local/lib/python3.7/site-packages/airflow/example_dags/example_task_group_decorator.py took 0.066 seconds
[2026-02-25T04:59:00.170+0000] {processor.py:156} INFO - Started process (PID=1381) to work on /home/airflow/.local/lib/python3.7/site-packages/airflow/example_dags/example_task_group_decorator.py
[2026-02-25T04:59:00.173+0000] {processor.py:799} INFO - Processing file /home/airflow/.local/lib/python3.7/site-packages/airflow/example_dags/example_task_group_decorator.py for tasks to queue
[2026-02-25T04:59:00.174+0000] {logging_mixin.py:149} INFO - [2026-02-25T04:59:00.173+0000] {dagbag.py:541} INFO - Filling up the DagBag from /home/airflow/.local/lib/python3.7/site-packages/airflow/example_dags/example_task_group_decorator.py
[2026-02-25T04:59:00.183+0000] {processor.py:809} INFO - DAG(s) dict_keys(['example_task_group_decorator']) retrieved from /home/airflow/.local/lib/python3.7/site-packages/airflow/example_dags/example_task_group_decorator.py
[2026-02-25T04:59:00.216+0000] {logging_mixin.py:149} INFO - [2026-02-25T04:59:00.216+0000] {dag.py:2726} INFO - Sync 1 DAGs
[2026-02-25T04:59:00.236+0000] {logging_mixin.py:149} INFO - [2026-02-25T04:59:00.236+0000] {dag.py:3490} INFO - Setting next_dagrun for example_task_group_decorator to 2026-02-24T04:59:00.236281+00:00, run_after=2026-02-25T04:59:00.236281+00:00
[2026-02-25T04:59:00.250+0000] {processor.py:178} INFO - Processing /home/airflow/.local/lib/python3.7/site-packages/airflow/example_dags/example_task_group_decorator.py took 0.083 seconds
[2026-02-25T04:59:30.742+0000] {processor.py:156} INFO - Started process (PID=1444) to work on /home/airflow/.local/lib/python3.7/site-packages/airflow/example_dags/example_task_group_decorator.py
[2026-02-25T04:59:30.745+0000] {processor.py:799} INFO - Processing file /home/airflow/.local/lib/python3.7/site-packages/airflow/example_dags/example_task_group_decorator.py for tasks to queue
[2026-02-25T04:59:30.745+0000] {logging_mixin.py:149} INFO - [2026-02-25T04:59:30.745+0000] {dagbag.py:541} INFO - Filling up the DagBag from /home/airflow/.local/lib/python3.7/site-packages/airflow/example_dags/example_task_group_decorator.py
[2026-02-25T04:59:30.754+0000] {processor.py:809} INFO - DAG(s) dict_keys(['example_task_group_decorator']) retrieved from /home/airflow/.local/lib/python3.7/site-packages/airflow/example_dags/example_task_group_decorator.py
[2026-02-25T04:59:30.776+0000] {logging_mixin.py:149} INFO - [2026-02-25T04:59:30.776+0000] {dag.py:2726} INFO - Sync 1 DAGs
[2026-02-25T04:59:30.795+0000] {logging_mixin.py:149} INFO - [2026-02-25T04:59:30.795+0000] {dag.py:3490} INFO - Setting next_dagrun for example_task_group_decorator to 2026-02-24T04:59:30.794912+00:00, run_after=2026-02-25T04:59:30.794912+00:00
[2026-02-25T04:59:30.816+0000] {processor.py:178} INFO - Processing /home/airflow/.local/lib/python3.7/site-packages/airflow/example_dags/example_task_group_decorator.py took 0.077 seconds
