[2026-02-25T04:40:38.184+0000] {processor.py:156} INFO - Started process (PID=50) to work on /home/airflow/.local/lib/python3.7/site-packages/airflow/example_dags/example_time_delta_sensor_async.py
[2026-02-25T04:40:38.186+0000] {processor.py:799} INFO - Processing file /home/airflow/.local/lib/python3.7/site-packages/airflow/example_dags/example_time_delta_sensor_async.py for tasks to queue
[2026-02-25T04:40:38.186+0000] {logging_mixin.py:149} INFO - [2026-02-25T04:40:38.186+0000] {dagbag.py:541} INFO - Filling up the DagBag from /home/airflow/.local/lib/python3.7/site-packages/airflow/example_dags/example_time_delta_sensor_async.py
[2026-02-25T04:40:38.192+0000] {processor.py:809} INFO - DAG(s) dict_keys(['example_time_delta_sensor_async']) retrieved from /home/airflow/.local/lib/python3.7/site-packages/airflow/example_dags/example_time_delta_sensor_async.py
[2026-02-25T04:40:38.320+0000] {logging_mixin.py:149} INFO - [2026-02-25T04:40:38.319+0000] {manager.py:504} INFO - Created Permission View: can edit on DAG:example_time_delta_sensor_async
[2026-02-25T04:40:38.329+0000] {logging_mixin.py:149} INFO - [2026-02-25T04:40:38.329+0000] {manager.py:504} INFO - Created Permission View: can delete on DAG:example_time_delta_sensor_async
[2026-02-25T04:40:38.340+0000] {logging_mixin.py:149} INFO - [2026-02-25T04:40:38.340+0000] {manager.py:504} INFO - Created Permission View: can read on DAG:example_time_delta_sensor_async
[2026-02-25T04:40:38.341+0000] {logging_mixin.py:149} INFO - [2026-02-25T04:40:38.341+0000] {dag.py:2726} INFO - Sync 1 DAGs
[2026-02-25T04:40:38.356+0000] {logging_mixin.py:149} INFO - [2026-02-25T04:40:38.356+0000] {dag.py:2747} INFO - Creating ORM DAG for example_time_delta_sensor_async
[2026-02-25T04:40:38.366+0000] {logging_mixin.py:149} INFO - [2026-02-25T04:40:38.366+0000] {dag.py:3490} INFO - Setting next_dagrun for example_time_delta_sensor_async to None, run_after=None
[2026-02-25T04:40:38.381+0000] {processor.py:178} INFO - Processing /home/airflow/.local/lib/python3.7/site-packages/airflow/example_dags/example_time_delta_sensor_async.py took 0.200 seconds
[2026-02-25T04:41:08.675+0000] {processor.py:156} INFO - Started process (PID=113) to work on /home/airflow/.local/lib/python3.7/site-packages/airflow/example_dags/example_time_delta_sensor_async.py
[2026-02-25T04:41:08.677+0000] {processor.py:799} INFO - Processing file /home/airflow/.local/lib/python3.7/site-packages/airflow/example_dags/example_time_delta_sensor_async.py for tasks to queue
[2026-02-25T04:41:08.678+0000] {logging_mixin.py:149} INFO - [2026-02-25T04:41:08.678+0000] {dagbag.py:541} INFO - Filling up the DagBag from /home/airflow/.local/lib/python3.7/site-packages/airflow/example_dags/example_time_delta_sensor_async.py
[2026-02-25T04:41:08.682+0000] {processor.py:809} INFO - DAG(s) dict_keys(['example_time_delta_sensor_async']) retrieved from /home/airflow/.local/lib/python3.7/site-packages/airflow/example_dags/example_time_delta_sensor_async.py
[2026-02-25T04:41:08.704+0000] {logging_mixin.py:149} INFO - [2026-02-25T04:41:08.703+0000] {dag.py:2726} INFO - Sync 1 DAGs
[2026-02-25T04:41:08.720+0000] {logging_mixin.py:149} INFO - [2026-02-25T04:41:08.720+0000] {dag.py:3490} INFO - Setting next_dagrun for example_time_delta_sensor_async to None, run_after=None
[2026-02-25T04:41:08.738+0000] {processor.py:178} INFO - Processing /home/airflow/.local/lib/python3.7/site-packages/airflow/example_dags/example_time_delta_sensor_async.py took 0.064 seconds
[2026-02-25T04:41:39.284+0000] {processor.py:156} INFO - Started process (PID=176) to work on /home/airflow/.local/lib/python3.7/site-packages/airflow/example_dags/example_time_delta_sensor_async.py
[2026-02-25T04:41:39.284+0000] {processor.py:799} INFO - Processing file /home/airflow/.local/lib/python3.7/site-packages/airflow/example_dags/example_time_delta_sensor_async.py for tasks to queue
[2026-02-25T04:41:39.285+0000] {logging_mixin.py:149} INFO - [2026-02-25T04:41:39.285+0000] {dagbag.py:541} INFO - Filling up the DagBag from /home/airflow/.local/lib/python3.7/site-packages/airflow/example_dags/example_time_delta_sensor_async.py
[2026-02-25T04:41:39.289+0000] {processor.py:809} INFO - DAG(s) dict_keys(['example_time_delta_sensor_async']) retrieved from /home/airflow/.local/lib/python3.7/site-packages/airflow/example_dags/example_time_delta_sensor_async.py
[2026-02-25T04:41:39.314+0000] {logging_mixin.py:149} INFO - [2026-02-25T04:41:39.314+0000] {dag.py:2726} INFO - Sync 1 DAGs
[2026-02-25T04:41:39.333+0000] {logging_mixin.py:149} INFO - [2026-02-25T04:41:39.333+0000] {dag.py:3490} INFO - Setting next_dagrun for example_time_delta_sensor_async to None, run_after=None
[2026-02-25T04:41:39.352+0000] {processor.py:178} INFO - Processing /home/airflow/.local/lib/python3.7/site-packages/airflow/example_dags/example_time_delta_sensor_async.py took 0.072 seconds
[2026-02-25T04:42:09.763+0000] {processor.py:156} INFO - Started process (PID=239) to work on /home/airflow/.local/lib/python3.7/site-packages/airflow/example_dags/example_time_delta_sensor_async.py
[2026-02-25T04:42:09.763+0000] {processor.py:799} INFO - Processing file /home/airflow/.local/lib/python3.7/site-packages/airflow/example_dags/example_time_delta_sensor_async.py for tasks to queue
[2026-02-25T04:42:09.764+0000] {logging_mixin.py:149} INFO - [2026-02-25T04:42:09.764+0000] {dagbag.py:541} INFO - Filling up the DagBag from /home/airflow/.local/lib/python3.7/site-packages/airflow/example_dags/example_time_delta_sensor_async.py
[2026-02-25T04:42:09.767+0000] {processor.py:809} INFO - DAG(s) dict_keys(['example_time_delta_sensor_async']) retrieved from /home/airflow/.local/lib/python3.7/site-packages/airflow/example_dags/example_time_delta_sensor_async.py
[2026-02-25T04:42:09.788+0000] {logging_mixin.py:149} INFO - [2026-02-25T04:42:09.788+0000] {dag.py:2726} INFO - Sync 1 DAGs
[2026-02-25T04:42:09.803+0000] {logging_mixin.py:149} INFO - [2026-02-25T04:42:09.803+0000] {dag.py:3490} INFO - Setting next_dagrun for example_time_delta_sensor_async to None, run_after=None
[2026-02-25T04:42:09.813+0000] {processor.py:178} INFO - Processing /home/airflow/.local/lib/python3.7/site-packages/airflow/example_dags/example_time_delta_sensor_async.py took 0.052 seconds
[2026-02-25T04:42:40.436+0000] {processor.py:156} INFO - Started process (PID=302) to work on /home/airflow/.local/lib/python3.7/site-packages/airflow/example_dags/example_time_delta_sensor_async.py
[2026-02-25T04:42:40.437+0000] {processor.py:799} INFO - Processing file /home/airflow/.local/lib/python3.7/site-packages/airflow/example_dags/example_time_delta_sensor_async.py for tasks to queue
[2026-02-25T04:42:40.438+0000] {logging_mixin.py:149} INFO - [2026-02-25T04:42:40.438+0000] {dagbag.py:541} INFO - Filling up the DagBag from /home/airflow/.local/lib/python3.7/site-packages/airflow/example_dags/example_time_delta_sensor_async.py
[2026-02-25T04:42:40.440+0000] {processor.py:809} INFO - DAG(s) dict_keys(['example_time_delta_sensor_async']) retrieved from /home/airflow/.local/lib/python3.7/site-packages/airflow/example_dags/example_time_delta_sensor_async.py
[2026-02-25T04:42:40.461+0000] {logging_mixin.py:149} INFO - [2026-02-25T04:42:40.460+0000] {dag.py:2726} INFO - Sync 1 DAGs
[2026-02-25T04:42:40.482+0000] {logging_mixin.py:149} INFO - [2026-02-25T04:42:40.482+0000] {dag.py:3490} INFO - Setting next_dagrun for example_time_delta_sensor_async to None, run_after=None
[2026-02-25T04:42:40.504+0000] {processor.py:178} INFO - Processing /home/airflow/.local/lib/python3.7/site-packages/airflow/example_dags/example_time_delta_sensor_async.py took 0.071 seconds
[2026-02-25T04:48:20.552+0000] {processor.py:156} INFO - Started process (PID=49) to work on /home/airflow/.local/lib/python3.7/site-packages/airflow/example_dags/example_time_delta_sensor_async.py
[2026-02-25T04:48:20.553+0000] {processor.py:799} INFO - Processing file /home/airflow/.local/lib/python3.7/site-packages/airflow/example_dags/example_time_delta_sensor_async.py for tasks to queue
[2026-02-25T04:48:20.554+0000] {logging_mixin.py:149} INFO - [2026-02-25T04:48:20.554+0000] {dagbag.py:541} INFO - Filling up the DagBag from /home/airflow/.local/lib/python3.7/site-packages/airflow/example_dags/example_time_delta_sensor_async.py
[2026-02-25T04:48:20.557+0000] {processor.py:809} INFO - DAG(s) dict_keys(['example_time_delta_sensor_async']) retrieved from /home/airflow/.local/lib/python3.7/site-packages/airflow/example_dags/example_time_delta_sensor_async.py
[2026-02-25T04:48:20.566+0000] {logging_mixin.py:149} INFO - [2026-02-25T04:48:20.566+0000] {dag.py:2726} INFO - Sync 1 DAGs
[2026-02-25T04:48:20.590+0000] {logging_mixin.py:149} INFO - [2026-02-25T04:48:20.590+0000] {dag.py:3490} INFO - Setting next_dagrun for example_time_delta_sensor_async to None, run_after=None
[2026-02-25T04:48:20.605+0000] {processor.py:178} INFO - Processing /home/airflow/.local/lib/python3.7/site-packages/airflow/example_dags/example_time_delta_sensor_async.py took 0.055 seconds
[2026-02-25T04:48:50.975+0000] {processor.py:156} INFO - Started process (PID=112) to work on /home/airflow/.local/lib/python3.7/site-packages/airflow/example_dags/example_time_delta_sensor_async.py
[2026-02-25T04:48:50.976+0000] {processor.py:799} INFO - Processing file /home/airflow/.local/lib/python3.7/site-packages/airflow/example_dags/example_time_delta_sensor_async.py for tasks to queue
[2026-02-25T04:48:50.977+0000] {logging_mixin.py:149} INFO - [2026-02-25T04:48:50.977+0000] {dagbag.py:541} INFO - Filling up the DagBag from /home/airflow/.local/lib/python3.7/site-packages/airflow/example_dags/example_time_delta_sensor_async.py
[2026-02-25T04:48:50.979+0000] {processor.py:809} INFO - DAG(s) dict_keys(['example_time_delta_sensor_async']) retrieved from /home/airflow/.local/lib/python3.7/site-packages/airflow/example_dags/example_time_delta_sensor_async.py
[2026-02-25T04:48:50.998+0000] {logging_mixin.py:149} INFO - [2026-02-25T04:48:50.997+0000] {dag.py:2726} INFO - Sync 1 DAGs
[2026-02-25T04:48:51.021+0000] {logging_mixin.py:149} INFO - [2026-02-25T04:48:51.021+0000] {dag.py:3490} INFO - Setting next_dagrun for example_time_delta_sensor_async to None, run_after=None
[2026-02-25T04:48:51.042+0000] {processor.py:178} INFO - Processing /home/airflow/.local/lib/python3.7/site-packages/airflow/example_dags/example_time_delta_sensor_async.py took 0.069 seconds
[2026-02-25T04:49:21.427+0000] {processor.py:156} INFO - Started process (PID=175) to work on /home/airflow/.local/lib/python3.7/site-packages/airflow/example_dags/example_time_delta_sensor_async.py
[2026-02-25T04:49:21.428+0000] {processor.py:799} INFO - Processing file /home/airflow/.local/lib/python3.7/site-packages/airflow/example_dags/example_time_delta_sensor_async.py for tasks to queue
[2026-02-25T04:49:21.429+0000] {logging_mixin.py:149} INFO - [2026-02-25T04:49:21.429+0000] {dagbag.py:541} INFO - Filling up the DagBag from /home/airflow/.local/lib/python3.7/site-packages/airflow/example_dags/example_time_delta_sensor_async.py
[2026-02-25T04:49:21.433+0000] {processor.py:809} INFO - DAG(s) dict_keys(['example_time_delta_sensor_async']) retrieved from /home/airflow/.local/lib/python3.7/site-packages/airflow/example_dags/example_time_delta_sensor_async.py
[2026-02-25T04:49:21.460+0000] {logging_mixin.py:149} INFO - [2026-02-25T04:49:21.460+0000] {dag.py:2726} INFO - Sync 1 DAGs
[2026-02-25T04:49:21.481+0000] {logging_mixin.py:149} INFO - [2026-02-25T04:49:21.481+0000] {dag.py:3490} INFO - Setting next_dagrun for example_time_delta_sensor_async to None, run_after=None
[2026-02-25T04:49:21.500+0000] {processor.py:178} INFO - Processing /home/airflow/.local/lib/python3.7/site-packages/airflow/example_dags/example_time_delta_sensor_async.py took 0.076 seconds
[2026-02-25T04:49:52.095+0000] {processor.py:156} INFO - Started process (PID=238) to work on /home/airflow/.local/lib/python3.7/site-packages/airflow/example_dags/example_time_delta_sensor_async.py
[2026-02-25T04:49:52.096+0000] {processor.py:799} INFO - Processing file /home/airflow/.local/lib/python3.7/site-packages/airflow/example_dags/example_time_delta_sensor_async.py for tasks to queue
[2026-02-25T04:49:52.096+0000] {logging_mixin.py:149} INFO - [2026-02-25T04:49:52.096+0000] {dagbag.py:541} INFO - Filling up the DagBag from /home/airflow/.local/lib/python3.7/site-packages/airflow/example_dags/example_time_delta_sensor_async.py
[2026-02-25T04:49:52.099+0000] {processor.py:809} INFO - DAG(s) dict_keys(['example_time_delta_sensor_async']) retrieved from /home/airflow/.local/lib/python3.7/site-packages/airflow/example_dags/example_time_delta_sensor_async.py
[2026-02-25T04:49:52.118+0000] {logging_mixin.py:149} INFO - [2026-02-25T04:49:52.118+0000] {dag.py:2726} INFO - Sync 1 DAGs
[2026-02-25T04:49:52.136+0000] {logging_mixin.py:149} INFO - [2026-02-25T04:49:52.136+0000] {dag.py:3490} INFO - Setting next_dagrun for example_time_delta_sensor_async to None, run_after=None
[2026-02-25T04:49:52.156+0000] {processor.py:178} INFO - Processing /home/airflow/.local/lib/python3.7/site-packages/airflow/example_dags/example_time_delta_sensor_async.py took 0.063 seconds
[2026-02-25T04:50:22.519+0000] {processor.py:156} INFO - Started process (PID=301) to work on /home/airflow/.local/lib/python3.7/site-packages/airflow/example_dags/example_time_delta_sensor_async.py
[2026-02-25T04:50:22.520+0000] {processor.py:799} INFO - Processing file /home/airflow/.local/lib/python3.7/site-packages/airflow/example_dags/example_time_delta_sensor_async.py for tasks to queue
[2026-02-25T04:50:22.521+0000] {logging_mixin.py:149} INFO - [2026-02-25T04:50:22.521+0000] {dagbag.py:541} INFO - Filling up the DagBag from /home/airflow/.local/lib/python3.7/site-packages/airflow/example_dags/example_time_delta_sensor_async.py
[2026-02-25T04:50:22.524+0000] {processor.py:809} INFO - DAG(s) dict_keys(['example_time_delta_sensor_async']) retrieved from /home/airflow/.local/lib/python3.7/site-packages/airflow/example_dags/example_time_delta_sensor_async.py
[2026-02-25T04:50:22.542+0000] {logging_mixin.py:149} INFO - [2026-02-25T04:50:22.542+0000] {dag.py:2726} INFO - Sync 1 DAGs
[2026-02-25T04:50:22.561+0000] {logging_mixin.py:149} INFO - [2026-02-25T04:50:22.561+0000] {dag.py:3490} INFO - Setting next_dagrun for example_time_delta_sensor_async to None, run_after=None
[2026-02-25T04:50:22.583+0000] {processor.py:178} INFO - Processing /home/airflow/.local/lib/python3.7/site-packages/airflow/example_dags/example_time_delta_sensor_async.py took 0.070 seconds
[2026-02-25T04:50:52.752+0000] {processor.py:156} INFO - Started process (PID=364) to work on /home/airflow/.local/lib/python3.7/site-packages/airflow/example_dags/example_time_delta_sensor_async.py
[2026-02-25T04:50:52.752+0000] {processor.py:799} INFO - Processing file /home/airflow/.local/lib/python3.7/site-packages/airflow/example_dags/example_time_delta_sensor_async.py for tasks to queue
[2026-02-25T04:50:52.753+0000] {logging_mixin.py:149} INFO - [2026-02-25T04:50:52.753+0000] {dagbag.py:541} INFO - Filling up the DagBag from /home/airflow/.local/lib/python3.7/site-packages/airflow/example_dags/example_time_delta_sensor_async.py
[2026-02-25T04:50:52.756+0000] {processor.py:809} INFO - DAG(s) dict_keys(['example_time_delta_sensor_async']) retrieved from /home/airflow/.local/lib/python3.7/site-packages/airflow/example_dags/example_time_delta_sensor_async.py
[2026-02-25T04:50:52.775+0000] {logging_mixin.py:149} INFO - [2026-02-25T04:50:52.775+0000] {dag.py:2726} INFO - Sync 1 DAGs
[2026-02-25T04:50:52.798+0000] {logging_mixin.py:149} INFO - [2026-02-25T04:50:52.798+0000] {dag.py:3490} INFO - Setting next_dagrun for example_time_delta_sensor_async to None, run_after=None
[2026-02-25T04:50:52.816+0000] {processor.py:178} INFO - Processing /home/airflow/.local/lib/python3.7/site-packages/airflow/example_dags/example_time_delta_sensor_async.py took 0.067 seconds
[2026-02-25T04:51:23.098+0000] {processor.py:156} INFO - Started process (PID=427) to work on /home/airflow/.local/lib/python3.7/site-packages/airflow/example_dags/example_time_delta_sensor_async.py
[2026-02-25T04:51:23.098+0000] {processor.py:799} INFO - Processing file /home/airflow/.local/lib/python3.7/site-packages/airflow/example_dags/example_time_delta_sensor_async.py for tasks to queue
[2026-02-25T04:51:23.099+0000] {logging_mixin.py:149} INFO - [2026-02-25T04:51:23.099+0000] {dagbag.py:541} INFO - Filling up the DagBag from /home/airflow/.local/lib/python3.7/site-packages/airflow/example_dags/example_time_delta_sensor_async.py
[2026-02-25T04:51:23.102+0000] {processor.py:809} INFO - DAG(s) dict_keys(['example_time_delta_sensor_async']) retrieved from /home/airflow/.local/lib/python3.7/site-packages/airflow/example_dags/example_time_delta_sensor_async.py
[2026-02-25T04:51:23.118+0000] {logging_mixin.py:149} INFO - [2026-02-25T04:51:23.118+0000] {dag.py:2726} INFO - Sync 1 DAGs
[2026-02-25T04:51:23.136+0000] {logging_mixin.py:149} INFO - [2026-02-25T04:51:23.136+0000] {dag.py:3490} INFO - Setting next_dagrun for example_time_delta_sensor_async to None, run_after=None
[2026-02-25T04:51:23.155+0000] {processor.py:178} INFO - Processing /home/airflow/.local/lib/python3.7/site-packages/airflow/example_dags/example_time_delta_sensor_async.py took 0.059 seconds
[2026-02-25T04:51:53.220+0000] {processor.py:156} INFO - Started process (PID=490) to work on /home/airflow/.local/lib/python3.7/site-packages/airflow/example_dags/example_time_delta_sensor_async.py
[2026-02-25T04:51:53.221+0000] {processor.py:799} INFO - Processing file /home/airflow/.local/lib/python3.7/site-packages/airflow/example_dags/example_time_delta_sensor_async.py for tasks to queue
[2026-02-25T04:51:53.223+0000] {logging_mixin.py:149} INFO - [2026-02-25T04:51:53.223+0000] {dagbag.py:541} INFO - Filling up the DagBag from /home/airflow/.local/lib/python3.7/site-packages/airflow/example_dags/example_time_delta_sensor_async.py
[2026-02-25T04:51:53.226+0000] {processor.py:809} INFO - DAG(s) dict_keys(['example_time_delta_sensor_async']) retrieved from /home/airflow/.local/lib/python3.7/site-packages/airflow/example_dags/example_time_delta_sensor_async.py
[2026-02-25T04:51:53.244+0000] {logging_mixin.py:149} INFO - [2026-02-25T04:51:53.244+0000] {dag.py:2726} INFO - Sync 1 DAGs
[2026-02-25T04:51:53.266+0000] {logging_mixin.py:149} INFO - [2026-02-25T04:51:53.265+0000] {dag.py:3490} INFO - Setting next_dagrun for example_time_delta_sensor_async to None, run_after=None
[2026-02-25T04:51:53.283+0000] {processor.py:178} INFO - Processing /home/airflow/.local/lib/python3.7/site-packages/airflow/example_dags/example_time_delta_sensor_async.py took 0.067 seconds
[2026-02-25T04:52:23.778+0000] {processor.py:156} INFO - Started process (PID=553) to work on /home/airflow/.local/lib/python3.7/site-packages/airflow/example_dags/example_time_delta_sensor_async.py
[2026-02-25T04:52:23.779+0000] {processor.py:799} INFO - Processing file /home/airflow/.local/lib/python3.7/site-packages/airflow/example_dags/example_time_delta_sensor_async.py for tasks to queue
[2026-02-25T04:52:23.781+0000] {logging_mixin.py:149} INFO - [2026-02-25T04:52:23.781+0000] {dagbag.py:541} INFO - Filling up the DagBag from /home/airflow/.local/lib/python3.7/site-packages/airflow/example_dags/example_time_delta_sensor_async.py
[2026-02-25T04:52:23.785+0000] {processor.py:809} INFO - DAG(s) dict_keys(['example_time_delta_sensor_async']) retrieved from /home/airflow/.local/lib/python3.7/site-packages/airflow/example_dags/example_time_delta_sensor_async.py
[2026-02-25T04:52:23.812+0000] {logging_mixin.py:149} INFO - [2026-02-25T04:52:23.812+0000] {dag.py:2726} INFO - Sync 1 DAGs
[2026-02-25T04:52:23.837+0000] {logging_mixin.py:149} INFO - [2026-02-25T04:52:23.837+0000] {dag.py:3490} INFO - Setting next_dagrun for example_time_delta_sensor_async to None, run_after=None
[2026-02-25T04:52:23.858+0000] {processor.py:178} INFO - Processing /home/airflow/.local/lib/python3.7/site-packages/airflow/example_dags/example_time_delta_sensor_async.py took 0.083 seconds
[2026-02-25T04:52:54.208+0000] {processor.py:156} INFO - Started process (PID=623) to work on /home/airflow/.local/lib/python3.7/site-packages/airflow/example_dags/example_time_delta_sensor_async.py
[2026-02-25T04:52:54.209+0000] {processor.py:799} INFO - Processing file /home/airflow/.local/lib/python3.7/site-packages/airflow/example_dags/example_time_delta_sensor_async.py for tasks to queue
[2026-02-25T04:52:54.210+0000] {logging_mixin.py:149} INFO - [2026-02-25T04:52:54.210+0000] {dagbag.py:541} INFO - Filling up the DagBag from /home/airflow/.local/lib/python3.7/site-packages/airflow/example_dags/example_time_delta_sensor_async.py
[2026-02-25T04:52:54.213+0000] {processor.py:809} INFO - DAG(s) dict_keys(['example_time_delta_sensor_async']) retrieved from /home/airflow/.local/lib/python3.7/site-packages/airflow/example_dags/example_time_delta_sensor_async.py
[2026-02-25T04:52:54.231+0000] {logging_mixin.py:149} INFO - [2026-02-25T04:52:54.231+0000] {dag.py:2726} INFO - Sync 1 DAGs
[2026-02-25T04:52:54.249+0000] {logging_mixin.py:149} INFO - [2026-02-25T04:52:54.248+0000] {dag.py:3490} INFO - Setting next_dagrun for example_time_delta_sensor_async to None, run_after=None
[2026-02-25T04:52:54.273+0000] {processor.py:178} INFO - Processing /home/airflow/.local/lib/python3.7/site-packages/airflow/example_dags/example_time_delta_sensor_async.py took 0.067 seconds
[2026-02-25T04:53:24.775+0000] {processor.py:156} INFO - Started process (PID=686) to work on /home/airflow/.local/lib/python3.7/site-packages/airflow/example_dags/example_time_delta_sensor_async.py
[2026-02-25T04:53:24.778+0000] {processor.py:799} INFO - Processing file /home/airflow/.local/lib/python3.7/site-packages/airflow/example_dags/example_time_delta_sensor_async.py for tasks to queue
[2026-02-25T04:53:24.778+0000] {logging_mixin.py:149} INFO - [2026-02-25T04:53:24.778+0000] {dagbag.py:541} INFO - Filling up the DagBag from /home/airflow/.local/lib/python3.7/site-packages/airflow/example_dags/example_time_delta_sensor_async.py
[2026-02-25T04:53:24.781+0000] {processor.py:809} INFO - DAG(s) dict_keys(['example_time_delta_sensor_async']) retrieved from /home/airflow/.local/lib/python3.7/site-packages/airflow/example_dags/example_time_delta_sensor_async.py
[2026-02-25T04:53:24.807+0000] {logging_mixin.py:149} INFO - [2026-02-25T04:53:24.807+0000] {dag.py:2726} INFO - Sync 1 DAGs
[2026-02-25T04:53:24.833+0000] {logging_mixin.py:149} INFO - [2026-02-25T04:53:24.833+0000] {dag.py:3490} INFO - Setting next_dagrun for example_time_delta_sensor_async to None, run_after=None
[2026-02-25T04:53:24.848+0000] {processor.py:178} INFO - Processing /home/airflow/.local/lib/python3.7/site-packages/airflow/example_dags/example_time_delta_sensor_async.py took 0.081 seconds
[2026-02-25T04:53:55.365+0000] {processor.py:156} INFO - Started process (PID=749) to work on /home/airflow/.local/lib/python3.7/site-packages/airflow/example_dags/example_time_delta_sensor_async.py
[2026-02-25T04:53:55.366+0000] {processor.py:799} INFO - Processing file /home/airflow/.local/lib/python3.7/site-packages/airflow/example_dags/example_time_delta_sensor_async.py for tasks to queue
[2026-02-25T04:53:55.367+0000] {logging_mixin.py:149} INFO - [2026-02-25T04:53:55.367+0000] {dagbag.py:541} INFO - Filling up the DagBag from /home/airflow/.local/lib/python3.7/site-packages/airflow/example_dags/example_time_delta_sensor_async.py
[2026-02-25T04:53:55.370+0000] {processor.py:809} INFO - DAG(s) dict_keys(['example_time_delta_sensor_async']) retrieved from /home/airflow/.local/lib/python3.7/site-packages/airflow/example_dags/example_time_delta_sensor_async.py
[2026-02-25T04:53:55.394+0000] {logging_mixin.py:149} INFO - [2026-02-25T04:53:55.394+0000] {dag.py:2726} INFO - Sync 1 DAGs
[2026-02-25T04:53:55.415+0000] {logging_mixin.py:149} INFO - [2026-02-25T04:53:55.415+0000] {dag.py:3490} INFO - Setting next_dagrun for example_time_delta_sensor_async to None, run_after=None
[2026-02-25T04:53:55.433+0000] {processor.py:178} INFO - Processing /home/airflow/.local/lib/python3.7/site-packages/airflow/example_dags/example_time_delta_sensor_async.py took 0.071 seconds
[2026-02-25T04:54:25.793+0000] {processor.py:156} INFO - Started process (PID=812) to work on /home/airflow/.local/lib/python3.7/site-packages/airflow/example_dags/example_time_delta_sensor_async.py
[2026-02-25T04:54:25.794+0000] {processor.py:799} INFO - Processing file /home/airflow/.local/lib/python3.7/site-packages/airflow/example_dags/example_time_delta_sensor_async.py for tasks to queue
[2026-02-25T04:54:25.795+0000] {logging_mixin.py:149} INFO - [2026-02-25T04:54:25.795+0000] {dagbag.py:541} INFO - Filling up the DagBag from /home/airflow/.local/lib/python3.7/site-packages/airflow/example_dags/example_time_delta_sensor_async.py
[2026-02-25T04:54:25.797+0000] {processor.py:809} INFO - DAG(s) dict_keys(['example_time_delta_sensor_async']) retrieved from /home/airflow/.local/lib/python3.7/site-packages/airflow/example_dags/example_time_delta_sensor_async.py
[2026-02-25T04:54:25.817+0000] {logging_mixin.py:149} INFO - [2026-02-25T04:54:25.817+0000] {dag.py:2726} INFO - Sync 1 DAGs
[2026-02-25T04:54:25.834+0000] {logging_mixin.py:149} INFO - [2026-02-25T04:54:25.834+0000] {dag.py:3490} INFO - Setting next_dagrun for example_time_delta_sensor_async to None, run_after=None
[2026-02-25T04:54:25.850+0000] {processor.py:178} INFO - Processing /home/airflow/.local/lib/python3.7/site-packages/airflow/example_dags/example_time_delta_sensor_async.py took 0.060 seconds
[2026-02-25T04:54:56.103+0000] {processor.py:156} INFO - Started process (PID=875) to work on /home/airflow/.local/lib/python3.7/site-packages/airflow/example_dags/example_time_delta_sensor_async.py
[2026-02-25T04:54:56.103+0000] {processor.py:799} INFO - Processing file /home/airflow/.local/lib/python3.7/site-packages/airflow/example_dags/example_time_delta_sensor_async.py for tasks to queue
[2026-02-25T04:54:56.104+0000] {logging_mixin.py:149} INFO - [2026-02-25T04:54:56.104+0000] {dagbag.py:541} INFO - Filling up the DagBag from /home/airflow/.local/lib/python3.7/site-packages/airflow/example_dags/example_time_delta_sensor_async.py
[2026-02-25T04:54:56.108+0000] {processor.py:809} INFO - DAG(s) dict_keys(['example_time_delta_sensor_async']) retrieved from /home/airflow/.local/lib/python3.7/site-packages/airflow/example_dags/example_time_delta_sensor_async.py
[2026-02-25T04:54:56.126+0000] {logging_mixin.py:149} INFO - [2026-02-25T04:54:56.126+0000] {dag.py:2726} INFO - Sync 1 DAGs
[2026-02-25T04:54:56.146+0000] {logging_mixin.py:149} INFO - [2026-02-25T04:54:56.146+0000] {dag.py:3490} INFO - Setting next_dagrun for example_time_delta_sensor_async to None, run_after=None
[2026-02-25T04:54:56.166+0000] {processor.py:178} INFO - Processing /home/airflow/.local/lib/python3.7/site-packages/airflow/example_dags/example_time_delta_sensor_async.py took 0.066 seconds
[2026-02-25T04:55:26.434+0000] {processor.py:156} INFO - Started process (PID=938) to work on /home/airflow/.local/lib/python3.7/site-packages/airflow/example_dags/example_time_delta_sensor_async.py
[2026-02-25T04:55:26.435+0000] {processor.py:799} INFO - Processing file /home/airflow/.local/lib/python3.7/site-packages/airflow/example_dags/example_time_delta_sensor_async.py for tasks to queue
[2026-02-25T04:55:26.436+0000] {logging_mixin.py:149} INFO - [2026-02-25T04:55:26.436+0000] {dagbag.py:541} INFO - Filling up the DagBag from /home/airflow/.local/lib/python3.7/site-packages/airflow/example_dags/example_time_delta_sensor_async.py
[2026-02-25T04:55:26.440+0000] {processor.py:809} INFO - DAG(s) dict_keys(['example_time_delta_sensor_async']) retrieved from /home/airflow/.local/lib/python3.7/site-packages/airflow/example_dags/example_time_delta_sensor_async.py
[2026-02-25T04:55:26.461+0000] {logging_mixin.py:149} INFO - [2026-02-25T04:55:26.461+0000] {dag.py:2726} INFO - Sync 1 DAGs
[2026-02-25T04:55:26.484+0000] {logging_mixin.py:149} INFO - [2026-02-25T04:55:26.484+0000] {dag.py:3490} INFO - Setting next_dagrun for example_time_delta_sensor_async to None, run_after=None
[2026-02-25T04:55:26.505+0000] {processor.py:178} INFO - Processing /home/airflow/.local/lib/python3.7/site-packages/airflow/example_dags/example_time_delta_sensor_async.py took 0.075 seconds
[2026-02-25T04:55:56.992+0000] {processor.py:156} INFO - Started process (PID=1001) to work on /home/airflow/.local/lib/python3.7/site-packages/airflow/example_dags/example_time_delta_sensor_async.py
[2026-02-25T04:55:56.993+0000] {processor.py:799} INFO - Processing file /home/airflow/.local/lib/python3.7/site-packages/airflow/example_dags/example_time_delta_sensor_async.py for tasks to queue
[2026-02-25T04:55:56.994+0000] {logging_mixin.py:149} INFO - [2026-02-25T04:55:56.994+0000] {dagbag.py:541} INFO - Filling up the DagBag from /home/airflow/.local/lib/python3.7/site-packages/airflow/example_dags/example_time_delta_sensor_async.py
[2026-02-25T04:55:56.997+0000] {processor.py:809} INFO - DAG(s) dict_keys(['example_time_delta_sensor_async']) retrieved from /home/airflow/.local/lib/python3.7/site-packages/airflow/example_dags/example_time_delta_sensor_async.py
[2026-02-25T04:55:57.020+0000] {logging_mixin.py:149} INFO - [2026-02-25T04:55:57.020+0000] {dag.py:2726} INFO - Sync 1 DAGs
[2026-02-25T04:55:57.045+0000] {logging_mixin.py:149} INFO - [2026-02-25T04:55:57.045+0000] {dag.py:3490} INFO - Setting next_dagrun for example_time_delta_sensor_async to None, run_after=None
[2026-02-25T04:55:57.066+0000] {processor.py:178} INFO - Processing /home/airflow/.local/lib/python3.7/site-packages/airflow/example_dags/example_time_delta_sensor_async.py took 0.076 seconds
[2026-02-25T04:56:27.416+0000] {processor.py:156} INFO - Started process (PID=1064) to work on /home/airflow/.local/lib/python3.7/site-packages/airflow/example_dags/example_time_delta_sensor_async.py
[2026-02-25T04:56:27.417+0000] {processor.py:799} INFO - Processing file /home/airflow/.local/lib/python3.7/site-packages/airflow/example_dags/example_time_delta_sensor_async.py for tasks to queue
[2026-02-25T04:56:27.418+0000] {logging_mixin.py:149} INFO - [2026-02-25T04:56:27.418+0000] {dagbag.py:541} INFO - Filling up the DagBag from /home/airflow/.local/lib/python3.7/site-packages/airflow/example_dags/example_time_delta_sensor_async.py
[2026-02-25T04:56:27.421+0000] {processor.py:809} INFO - DAG(s) dict_keys(['example_time_delta_sensor_async']) retrieved from /home/airflow/.local/lib/python3.7/site-packages/airflow/example_dags/example_time_delta_sensor_async.py
[2026-02-25T04:56:27.440+0000] {logging_mixin.py:149} INFO - [2026-02-25T04:56:27.440+0000] {dag.py:2726} INFO - Sync 1 DAGs
[2026-02-25T04:56:27.458+0000] {logging_mixin.py:149} INFO - [2026-02-25T04:56:27.458+0000] {dag.py:3490} INFO - Setting next_dagrun for example_time_delta_sensor_async to None, run_after=None
[2026-02-25T04:56:27.474+0000] {processor.py:178} INFO - Processing /home/airflow/.local/lib/python3.7/site-packages/airflow/example_dags/example_time_delta_sensor_async.py took 0.060 seconds
[2026-02-25T04:56:57.941+0000] {processor.py:156} INFO - Started process (PID=1127) to work on /home/airflow/.local/lib/python3.7/site-packages/airflow/example_dags/example_time_delta_sensor_async.py
[2026-02-25T04:56:57.943+0000] {processor.py:799} INFO - Processing file /home/airflow/.local/lib/python3.7/site-packages/airflow/example_dags/example_time_delta_sensor_async.py for tasks to queue
[2026-02-25T04:56:57.944+0000] {logging_mixin.py:149} INFO - [2026-02-25T04:56:57.944+0000] {dagbag.py:541} INFO - Filling up the DagBag from /home/airflow/.local/lib/python3.7/site-packages/airflow/example_dags/example_time_delta_sensor_async.py
[2026-02-25T04:56:57.948+0000] {processor.py:809} INFO - DAG(s) dict_keys(['example_time_delta_sensor_async']) retrieved from /home/airflow/.local/lib/python3.7/site-packages/airflow/example_dags/example_time_delta_sensor_async.py
[2026-02-25T04:56:57.971+0000] {logging_mixin.py:149} INFO - [2026-02-25T04:56:57.971+0000] {dag.py:2726} INFO - Sync 1 DAGs
[2026-02-25T04:56:57.996+0000] {logging_mixin.py:149} INFO - [2026-02-25T04:56:57.996+0000] {dag.py:3490} INFO - Setting next_dagrun for example_time_delta_sensor_async to None, run_after=None
[2026-02-25T04:56:58.017+0000] {processor.py:178} INFO - Processing /home/airflow/.local/lib/python3.7/site-packages/airflow/example_dags/example_time_delta_sensor_async.py took 0.079 seconds
[2026-02-25T04:57:28.456+0000] {processor.py:156} INFO - Started process (PID=1190) to work on /home/airflow/.local/lib/python3.7/site-packages/airflow/example_dags/example_time_delta_sensor_async.py
[2026-02-25T04:57:28.457+0000] {processor.py:799} INFO - Processing file /home/airflow/.local/lib/python3.7/site-packages/airflow/example_dags/example_time_delta_sensor_async.py for tasks to queue
[2026-02-25T04:57:28.458+0000] {logging_mixin.py:149} INFO - [2026-02-25T04:57:28.458+0000] {dagbag.py:541} INFO - Filling up the DagBag from /home/airflow/.local/lib/python3.7/site-packages/airflow/example_dags/example_time_delta_sensor_async.py
[2026-02-25T04:57:28.460+0000] {processor.py:809} INFO - DAG(s) dict_keys(['example_time_delta_sensor_async']) retrieved from /home/airflow/.local/lib/python3.7/site-packages/airflow/example_dags/example_time_delta_sensor_async.py
[2026-02-25T04:57:28.477+0000] {logging_mixin.py:149} INFO - [2026-02-25T04:57:28.477+0000] {dag.py:2726} INFO - Sync 1 DAGs
[2026-02-25T04:57:28.500+0000] {logging_mixin.py:149} INFO - [2026-02-25T04:57:28.500+0000] {dag.py:3490} INFO - Setting next_dagrun for example_time_delta_sensor_async to None, run_after=None
[2026-02-25T04:57:28.520+0000] {processor.py:178} INFO - Processing /home/airflow/.local/lib/python3.7/site-packages/airflow/example_dags/example_time_delta_sensor_async.py took 0.067 seconds
[2026-02-25T04:57:58.804+0000] {processor.py:156} INFO - Started process (PID=1253) to work on /home/airflow/.local/lib/python3.7/site-packages/airflow/example_dags/example_time_delta_sensor_async.py
[2026-02-25T04:57:58.805+0000] {processor.py:799} INFO - Processing file /home/airflow/.local/lib/python3.7/site-packages/airflow/example_dags/example_time_delta_sensor_async.py for tasks to queue
[2026-02-25T04:57:58.806+0000] {logging_mixin.py:149} INFO - [2026-02-25T04:57:58.806+0000] {dagbag.py:541} INFO - Filling up the DagBag from /home/airflow/.local/lib/python3.7/site-packages/airflow/example_dags/example_time_delta_sensor_async.py
[2026-02-25T04:57:58.812+0000] {processor.py:809} INFO - DAG(s) dict_keys(['example_time_delta_sensor_async']) retrieved from /home/airflow/.local/lib/python3.7/site-packages/airflow/example_dags/example_time_delta_sensor_async.py
[2026-02-25T04:57:58.828+0000] {logging_mixin.py:149} INFO - [2026-02-25T04:57:58.828+0000] {dag.py:2726} INFO - Sync 1 DAGs
[2026-02-25T04:57:58.849+0000] {logging_mixin.py:149} INFO - [2026-02-25T04:57:58.849+0000] {dag.py:3490} INFO - Setting next_dagrun for example_time_delta_sensor_async to None, run_after=None
[2026-02-25T04:57:58.868+0000] {processor.py:178} INFO - Processing /home/airflow/.local/lib/python3.7/site-packages/airflow/example_dags/example_time_delta_sensor_async.py took 0.066 seconds
[2026-02-25T04:58:29.386+0000] {processor.py:156} INFO - Started process (PID=1316) to work on /home/airflow/.local/lib/python3.7/site-packages/airflow/example_dags/example_time_delta_sensor_async.py
[2026-02-25T04:58:29.388+0000] {processor.py:799} INFO - Processing file /home/airflow/.local/lib/python3.7/site-packages/airflow/example_dags/example_time_delta_sensor_async.py for tasks to queue
[2026-02-25T04:58:29.389+0000] {logging_mixin.py:149} INFO - [2026-02-25T04:58:29.389+0000] {dagbag.py:541} INFO - Filling up the DagBag from /home/airflow/.local/lib/python3.7/site-packages/airflow/example_dags/example_time_delta_sensor_async.py
[2026-02-25T04:58:29.393+0000] {processor.py:809} INFO - DAG(s) dict_keys(['example_time_delta_sensor_async']) retrieved from /home/airflow/.local/lib/python3.7/site-packages/airflow/example_dags/example_time_delta_sensor_async.py
[2026-02-25T04:58:29.417+0000] {logging_mixin.py:149} INFO - [2026-02-25T04:58:29.416+0000] {dag.py:2726} INFO - Sync 1 DAGs
[2026-02-25T04:58:29.436+0000] {logging_mixin.py:149} INFO - [2026-02-25T04:58:29.435+0000] {dag.py:3490} INFO - Setting next_dagrun for example_time_delta_sensor_async to None, run_after=None
[2026-02-25T04:58:29.452+0000] {processor.py:178} INFO - Processing /home/airflow/.local/lib/python3.7/site-packages/airflow/example_dags/example_time_delta_sensor_async.py took 0.069 seconds
[2026-02-25T04:59:00.061+0000] {processor.py:156} INFO - Started process (PID=1378) to work on /home/airflow/.local/lib/python3.7/site-packages/airflow/example_dags/example_time_delta_sensor_async.py
[2026-02-25T04:59:00.063+0000] {processor.py:799} INFO - Processing file /home/airflow/.local/lib/python3.7/site-packages/airflow/example_dags/example_time_delta_sensor_async.py for tasks to queue
[2026-02-25T04:59:00.064+0000] {logging_mixin.py:149} INFO - [2026-02-25T04:59:00.064+0000] {dagbag.py:541} INFO - Filling up the DagBag from /home/airflow/.local/lib/python3.7/site-packages/airflow/example_dags/example_time_delta_sensor_async.py
[2026-02-25T04:59:00.068+0000] {processor.py:809} INFO - DAG(s) dict_keys(['example_time_delta_sensor_async']) retrieved from /home/airflow/.local/lib/python3.7/site-packages/airflow/example_dags/example_time_delta_sensor_async.py
[2026-02-25T04:59:00.091+0000] {logging_mixin.py:149} INFO - [2026-02-25T04:59:00.091+0000] {dag.py:2726} INFO - Sync 1 DAGs
[2026-02-25T04:59:00.111+0000] {logging_mixin.py:149} INFO - [2026-02-25T04:59:00.111+0000] {dag.py:3490} INFO - Setting next_dagrun for example_time_delta_sensor_async to None, run_after=None
[2026-02-25T04:59:00.127+0000] {processor.py:178} INFO - Processing /home/airflow/.local/lib/python3.7/site-packages/airflow/example_dags/example_time_delta_sensor_async.py took 0.069 seconds
[2026-02-25T04:59:30.615+0000] {processor.py:156} INFO - Started process (PID=1441) to work on /home/airflow/.local/lib/python3.7/site-packages/airflow/example_dags/example_time_delta_sensor_async.py
[2026-02-25T04:59:30.618+0000] {processor.py:799} INFO - Processing file /home/airflow/.local/lib/python3.7/site-packages/airflow/example_dags/example_time_delta_sensor_async.py for tasks to queue
[2026-02-25T04:59:30.618+0000] {logging_mixin.py:149} INFO - [2026-02-25T04:59:30.618+0000] {dagbag.py:541} INFO - Filling up the DagBag from /home/airflow/.local/lib/python3.7/site-packages/airflow/example_dags/example_time_delta_sensor_async.py
[2026-02-25T04:59:30.621+0000] {processor.py:809} INFO - DAG(s) dict_keys(['example_time_delta_sensor_async']) retrieved from /home/airflow/.local/lib/python3.7/site-packages/airflow/example_dags/example_time_delta_sensor_async.py
[2026-02-25T04:59:30.644+0000] {logging_mixin.py:149} INFO - [2026-02-25T04:59:30.644+0000] {dag.py:2726} INFO - Sync 1 DAGs
[2026-02-25T04:59:30.663+0000] {logging_mixin.py:149} INFO - [2026-02-25T04:59:30.663+0000] {dag.py:3490} INFO - Setting next_dagrun for example_time_delta_sensor_async to None, run_after=None
[2026-02-25T04:59:30.684+0000] {processor.py:178} INFO - Processing /home/airflow/.local/lib/python3.7/site-packages/airflow/example_dags/example_time_delta_sensor_async.py took 0.072 seconds
