[2026-02-25T04:40:37.977+0000] {processor.py:156} INFO - Started process (PID=49) to work on /home/airflow/.local/lib/python3.7/site-packages/airflow/example_dags/example_branch_operator.py
[2026-02-25T04:40:37.978+0000] {processor.py:799} INFO - Processing file /home/airflow/.local/lib/python3.7/site-packages/airflow/example_dags/example_branch_operator.py for tasks to queue
[2026-02-25T04:40:37.979+0000] {logging_mixin.py:149} INFO - [2026-02-25T04:40:37.979+0000] {dagbag.py:541} INFO - Filling up the DagBag from /home/airflow/.local/lib/python3.7/site-packages/airflow/example_dags/example_branch_operator.py
[2026-02-25T04:40:37.987+0000] {processor.py:809} INFO - DAG(s) dict_keys(['example_branch_operator']) retrieved from /home/airflow/.local/lib/python3.7/site-packages/airflow/example_dags/example_branch_operator.py
[2026-02-25T04:40:38.085+0000] {logging_mixin.py:149} INFO - [2026-02-25T04:40:38.085+0000] {manager.py:504} INFO - Created Permission View: can edit on DAG:example_branch_operator
[2026-02-25T04:40:38.094+0000] {logging_mixin.py:149} INFO - [2026-02-25T04:40:38.094+0000] {manager.py:504} INFO - Created Permission View: can delete on DAG:example_branch_operator
[2026-02-25T04:40:38.103+0000] {logging_mixin.py:149} INFO - [2026-02-25T04:40:38.102+0000] {manager.py:504} INFO - Created Permission View: can read on DAG:example_branch_operator
[2026-02-25T04:40:38.103+0000] {logging_mixin.py:149} INFO - [2026-02-25T04:40:38.103+0000] {dag.py:2726} INFO - Sync 1 DAGs
[2026-02-25T04:40:38.118+0000] {logging_mixin.py:149} INFO - [2026-02-25T04:40:38.118+0000] {dag.py:2747} INFO - Creating ORM DAG for example_branch_operator
[2026-02-25T04:40:38.134+0000] {logging_mixin.py:149} INFO - [2026-02-25T04:40:38.134+0000] {dag.py:3490} INFO - Setting next_dagrun for example_branch_operator to 2026-02-24T00:00:00+00:00, run_after=2026-02-25T00:00:00+00:00
[2026-02-25T04:40:38.160+0000] {processor.py:178} INFO - Processing /home/airflow/.local/lib/python3.7/site-packages/airflow/example_dags/example_branch_operator.py took 0.187 seconds
[2026-02-25T04:41:08.632+0000] {processor.py:156} INFO - Started process (PID=112) to work on /home/airflow/.local/lib/python3.7/site-packages/airflow/example_dags/example_branch_operator.py
[2026-02-25T04:41:08.633+0000] {processor.py:799} INFO - Processing file /home/airflow/.local/lib/python3.7/site-packages/airflow/example_dags/example_branch_operator.py for tasks to queue
[2026-02-25T04:41:08.634+0000] {logging_mixin.py:149} INFO - [2026-02-25T04:41:08.634+0000] {dagbag.py:541} INFO - Filling up the DagBag from /home/airflow/.local/lib/python3.7/site-packages/airflow/example_dags/example_branch_operator.py
[2026-02-25T04:41:08.641+0000] {processor.py:809} INFO - DAG(s) dict_keys(['example_branch_operator']) retrieved from /home/airflow/.local/lib/python3.7/site-packages/airflow/example_dags/example_branch_operator.py
[2026-02-25T04:41:08.661+0000] {logging_mixin.py:149} INFO - [2026-02-25T04:41:08.661+0000] {dag.py:2726} INFO - Sync 1 DAGs
[2026-02-25T04:41:08.682+0000] {logging_mixin.py:149} INFO - [2026-02-25T04:41:08.682+0000] {dag.py:3490} INFO - Setting next_dagrun for example_branch_operator to 2026-02-24T00:00:00+00:00, run_after=2026-02-25T00:00:00+00:00
[2026-02-25T04:41:08.700+0000] {processor.py:178} INFO - Processing /home/airflow/.local/lib/python3.7/site-packages/airflow/example_dags/example_branch_operator.py took 0.069 seconds
[2026-02-25T04:41:39.241+0000] {processor.py:156} INFO - Started process (PID=175) to work on /home/airflow/.local/lib/python3.7/site-packages/airflow/example_dags/example_branch_operator.py
[2026-02-25T04:41:39.243+0000] {processor.py:799} INFO - Processing file /home/airflow/.local/lib/python3.7/site-packages/airflow/example_dags/example_branch_operator.py for tasks to queue
[2026-02-25T04:41:39.244+0000] {logging_mixin.py:149} INFO - [2026-02-25T04:41:39.244+0000] {dagbag.py:541} INFO - Filling up the DagBag from /home/airflow/.local/lib/python3.7/site-packages/airflow/example_dags/example_branch_operator.py
[2026-02-25T04:41:39.250+0000] {processor.py:809} INFO - DAG(s) dict_keys(['example_branch_operator']) retrieved from /home/airflow/.local/lib/python3.7/site-packages/airflow/example_dags/example_branch_operator.py
[2026-02-25T04:41:39.269+0000] {logging_mixin.py:149} INFO - [2026-02-25T04:41:39.269+0000] {dag.py:2726} INFO - Sync 1 DAGs
[2026-02-25T04:41:39.290+0000] {logging_mixin.py:149} INFO - [2026-02-25T04:41:39.290+0000] {dag.py:3490} INFO - Setting next_dagrun for example_branch_operator to 2026-02-24T00:00:00+00:00, run_after=2026-02-25T00:00:00+00:00
[2026-02-25T04:41:39.311+0000] {processor.py:178} INFO - Processing /home/airflow/.local/lib/python3.7/site-packages/airflow/example_dags/example_branch_operator.py took 0.073 seconds
[2026-02-25T04:42:09.667+0000] {processor.py:156} INFO - Started process (PID=238) to work on /home/airflow/.local/lib/python3.7/site-packages/airflow/example_dags/example_branch_operator.py
[2026-02-25T04:42:09.669+0000] {processor.py:799} INFO - Processing file /home/airflow/.local/lib/python3.7/site-packages/airflow/example_dags/example_branch_operator.py for tasks to queue
[2026-02-25T04:42:09.671+0000] {logging_mixin.py:149} INFO - [2026-02-25T04:42:09.671+0000] {dagbag.py:541} INFO - Filling up the DagBag from /home/airflow/.local/lib/python3.7/site-packages/airflow/example_dags/example_branch_operator.py
[2026-02-25T04:42:09.681+0000] {processor.py:809} INFO - DAG(s) dict_keys(['example_branch_operator']) retrieved from /home/airflow/.local/lib/python3.7/site-packages/airflow/example_dags/example_branch_operator.py
[2026-02-25T04:42:09.710+0000] {logging_mixin.py:149} INFO - [2026-02-25T04:42:09.710+0000] {dag.py:2726} INFO - Sync 1 DAGs
[2026-02-25T04:42:09.732+0000] {logging_mixin.py:149} INFO - [2026-02-25T04:42:09.732+0000] {dag.py:3490} INFO - Setting next_dagrun for example_branch_operator to 2026-02-24T00:00:00+00:00, run_after=2026-02-25T00:00:00+00:00
[2026-02-25T04:42:09.750+0000] {processor.py:178} INFO - Processing /home/airflow/.local/lib/python3.7/site-packages/airflow/example_dags/example_branch_operator.py took 0.086 seconds
[2026-02-25T04:42:40.374+0000] {processor.py:156} INFO - Started process (PID=301) to work on /home/airflow/.local/lib/python3.7/site-packages/airflow/example_dags/example_branch_operator.py
[2026-02-25T04:42:40.376+0000] {processor.py:799} INFO - Processing file /home/airflow/.local/lib/python3.7/site-packages/airflow/example_dags/example_branch_operator.py for tasks to queue
[2026-02-25T04:42:40.377+0000] {logging_mixin.py:149} INFO - [2026-02-25T04:42:40.377+0000] {dagbag.py:541} INFO - Filling up the DagBag from /home/airflow/.local/lib/python3.7/site-packages/airflow/example_dags/example_branch_operator.py
[2026-02-25T04:42:40.384+0000] {processor.py:809} INFO - DAG(s) dict_keys(['example_branch_operator']) retrieved from /home/airflow/.local/lib/python3.7/site-packages/airflow/example_dags/example_branch_operator.py
[2026-02-25T04:42:40.413+0000] {logging_mixin.py:149} INFO - [2026-02-25T04:42:40.412+0000] {dag.py:2726} INFO - Sync 1 DAGs
[2026-02-25T04:42:40.432+0000] {logging_mixin.py:149} INFO - [2026-02-25T04:42:40.432+0000] {dag.py:3490} INFO - Setting next_dagrun for example_branch_operator to 2026-02-24T00:00:00+00:00, run_after=2026-02-25T00:00:00+00:00
[2026-02-25T04:42:40.449+0000] {processor.py:178} INFO - Processing /home/airflow/.local/lib/python3.7/site-packages/airflow/example_dags/example_branch_operator.py took 0.082 seconds
[2026-02-25T04:48:20.454+0000] {processor.py:156} INFO - Started process (PID=48) to work on /home/airflow/.local/lib/python3.7/site-packages/airflow/example_dags/example_branch_operator.py
[2026-02-25T04:48:20.457+0000] {processor.py:799} INFO - Processing file /home/airflow/.local/lib/python3.7/site-packages/airflow/example_dags/example_branch_operator.py for tasks to queue
[2026-02-25T04:48:20.461+0000] {logging_mixin.py:149} INFO - [2026-02-25T04:48:20.461+0000] {dagbag.py:541} INFO - Filling up the DagBag from /home/airflow/.local/lib/python3.7/site-packages/airflow/example_dags/example_branch_operator.py
[2026-02-25T04:48:20.469+0000] {processor.py:809} INFO - DAG(s) dict_keys(['example_branch_operator']) retrieved from /home/airflow/.local/lib/python3.7/site-packages/airflow/example_dags/example_branch_operator.py
[2026-02-25T04:48:20.485+0000] {logging_mixin.py:149} INFO - [2026-02-25T04:48:20.485+0000] {dag.py:2726} INFO - Sync 1 DAGs
[2026-02-25T04:48:20.519+0000] {logging_mixin.py:149} INFO - [2026-02-25T04:48:20.519+0000] {dag.py:3490} INFO - Setting next_dagrun for example_branch_operator to 2026-02-24T00:00:00+00:00, run_after=2026-02-25T00:00:00+00:00
[2026-02-25T04:48:20.538+0000] {processor.py:178} INFO - Processing /home/airflow/.local/lib/python3.7/site-packages/airflow/example_dags/example_branch_operator.py took 0.087 seconds
[2026-02-25T04:48:50.895+0000] {processor.py:156} INFO - Started process (PID=111) to work on /home/airflow/.local/lib/python3.7/site-packages/airflow/example_dags/example_branch_operator.py
[2026-02-25T04:48:50.896+0000] {processor.py:799} INFO - Processing file /home/airflow/.local/lib/python3.7/site-packages/airflow/example_dags/example_branch_operator.py for tasks to queue
[2026-02-25T04:48:50.896+0000] {logging_mixin.py:149} INFO - [2026-02-25T04:48:50.896+0000] {dagbag.py:541} INFO - Filling up the DagBag from /home/airflow/.local/lib/python3.7/site-packages/airflow/example_dags/example_branch_operator.py
[2026-02-25T04:48:50.902+0000] {processor.py:809} INFO - DAG(s) dict_keys(['example_branch_operator']) retrieved from /home/airflow/.local/lib/python3.7/site-packages/airflow/example_dags/example_branch_operator.py
[2026-02-25T04:48:50.919+0000] {logging_mixin.py:149} INFO - [2026-02-25T04:48:50.918+0000] {dag.py:2726} INFO - Sync 1 DAGs
[2026-02-25T04:48:50.936+0000] {logging_mixin.py:149} INFO - [2026-02-25T04:48:50.936+0000] {dag.py:3490} INFO - Setting next_dagrun for example_branch_operator to 2026-02-24T00:00:00+00:00, run_after=2026-02-25T00:00:00+00:00
[2026-02-25T04:48:50.961+0000] {processor.py:178} INFO - Processing /home/airflow/.local/lib/python3.7/site-packages/airflow/example_dags/example_branch_operator.py took 0.069 seconds
[2026-02-25T04:49:21.423+0000] {processor.py:156} INFO - Started process (PID=174) to work on /home/airflow/.local/lib/python3.7/site-packages/airflow/example_dags/example_branch_operator.py
[2026-02-25T04:49:21.424+0000] {processor.py:799} INFO - Processing file /home/airflow/.local/lib/python3.7/site-packages/airflow/example_dags/example_branch_operator.py for tasks to queue
[2026-02-25T04:49:21.425+0000] {logging_mixin.py:149} INFO - [2026-02-25T04:49:21.425+0000] {dagbag.py:541} INFO - Filling up the DagBag from /home/airflow/.local/lib/python3.7/site-packages/airflow/example_dags/example_branch_operator.py
[2026-02-25T04:49:21.433+0000] {processor.py:809} INFO - DAG(s) dict_keys(['example_branch_operator']) retrieved from /home/airflow/.local/lib/python3.7/site-packages/airflow/example_dags/example_branch_operator.py
[2026-02-25T04:49:21.455+0000] {logging_mixin.py:149} INFO - [2026-02-25T04:49:21.455+0000] {dag.py:2726} INFO - Sync 1 DAGs
[2026-02-25T04:49:21.480+0000] {logging_mixin.py:149} INFO - [2026-02-25T04:49:21.480+0000] {dag.py:3490} INFO - Setting next_dagrun for example_branch_operator to 2026-02-24T00:00:00+00:00, run_after=2026-02-25T00:00:00+00:00
[2026-02-25T04:49:21.500+0000] {processor.py:178} INFO - Processing /home/airflow/.local/lib/python3.7/site-packages/airflow/example_dags/example_branch_operator.py took 0.079 seconds
[2026-02-25T04:49:52.016+0000] {processor.py:156} INFO - Started process (PID=237) to work on /home/airflow/.local/lib/python3.7/site-packages/airflow/example_dags/example_branch_operator.py
[2026-02-25T04:49:52.018+0000] {processor.py:799} INFO - Processing file /home/airflow/.local/lib/python3.7/site-packages/airflow/example_dags/example_branch_operator.py for tasks to queue
[2026-02-25T04:49:52.019+0000] {logging_mixin.py:149} INFO - [2026-02-25T04:49:52.019+0000] {dagbag.py:541} INFO - Filling up the DagBag from /home/airflow/.local/lib/python3.7/site-packages/airflow/example_dags/example_branch_operator.py
[2026-02-25T04:49:52.027+0000] {processor.py:809} INFO - DAG(s) dict_keys(['example_branch_operator']) retrieved from /home/airflow/.local/lib/python3.7/site-packages/airflow/example_dags/example_branch_operator.py
[2026-02-25T04:49:52.051+0000] {logging_mixin.py:149} INFO - [2026-02-25T04:49:52.051+0000] {dag.py:2726} INFO - Sync 1 DAGs
[2026-02-25T04:49:52.072+0000] {logging_mixin.py:149} INFO - [2026-02-25T04:49:52.072+0000] {dag.py:3490} INFO - Setting next_dagrun for example_branch_operator to 2026-02-24T00:00:00+00:00, run_after=2026-02-25T00:00:00+00:00
[2026-02-25T04:49:52.086+0000] {processor.py:178} INFO - Processing /home/airflow/.local/lib/python3.7/site-packages/airflow/example_dags/example_branch_operator.py took 0.074 seconds
[2026-02-25T04:50:22.440+0000] {processor.py:156} INFO - Started process (PID=300) to work on /home/airflow/.local/lib/python3.7/site-packages/airflow/example_dags/example_branch_operator.py
[2026-02-25T04:50:22.442+0000] {processor.py:799} INFO - Processing file /home/airflow/.local/lib/python3.7/site-packages/airflow/example_dags/example_branch_operator.py for tasks to queue
[2026-02-25T04:50:22.443+0000] {logging_mixin.py:149} INFO - [2026-02-25T04:50:22.442+0000] {dagbag.py:541} INFO - Filling up the DagBag from /home/airflow/.local/lib/python3.7/site-packages/airflow/example_dags/example_branch_operator.py
[2026-02-25T04:50:22.450+0000] {processor.py:809} INFO - DAG(s) dict_keys(['example_branch_operator']) retrieved from /home/airflow/.local/lib/python3.7/site-packages/airflow/example_dags/example_branch_operator.py
[2026-02-25T04:50:22.474+0000] {logging_mixin.py:149} INFO - [2026-02-25T04:50:22.473+0000] {dag.py:2726} INFO - Sync 1 DAGs
[2026-02-25T04:50:22.494+0000] {logging_mixin.py:149} INFO - [2026-02-25T04:50:22.494+0000] {dag.py:3490} INFO - Setting next_dagrun for example_branch_operator to 2026-02-24T00:00:00+00:00, run_after=2026-02-25T00:00:00+00:00
[2026-02-25T04:50:22.509+0000] {processor.py:178} INFO - Processing /home/airflow/.local/lib/python3.7/site-packages/airflow/example_dags/example_branch_operator.py took 0.071 seconds
[2026-02-25T04:50:52.678+0000] {processor.py:156} INFO - Started process (PID=363) to work on /home/airflow/.local/lib/python3.7/site-packages/airflow/example_dags/example_branch_operator.py
[2026-02-25T04:50:52.679+0000] {processor.py:799} INFO - Processing file /home/airflow/.local/lib/python3.7/site-packages/airflow/example_dags/example_branch_operator.py for tasks to queue
[2026-02-25T04:50:52.681+0000] {logging_mixin.py:149} INFO - [2026-02-25T04:50:52.681+0000] {dagbag.py:541} INFO - Filling up the DagBag from /home/airflow/.local/lib/python3.7/site-packages/airflow/example_dags/example_branch_operator.py
[2026-02-25T04:50:52.687+0000] {processor.py:809} INFO - DAG(s) dict_keys(['example_branch_operator']) retrieved from /home/airflow/.local/lib/python3.7/site-packages/airflow/example_dags/example_branch_operator.py
[2026-02-25T04:50:52.711+0000] {logging_mixin.py:149} INFO - [2026-02-25T04:50:52.711+0000] {dag.py:2726} INFO - Sync 1 DAGs
[2026-02-25T04:50:52.730+0000] {logging_mixin.py:149} INFO - [2026-02-25T04:50:52.730+0000] {dag.py:3490} INFO - Setting next_dagrun for example_branch_operator to 2026-02-24T00:00:00+00:00, run_after=2026-02-25T00:00:00+00:00
[2026-02-25T04:50:52.746+0000] {processor.py:178} INFO - Processing /home/airflow/.local/lib/python3.7/site-packages/airflow/example_dags/example_branch_operator.py took 0.070 seconds
[2026-02-25T04:51:23.029+0000] {processor.py:156} INFO - Started process (PID=426) to work on /home/airflow/.local/lib/python3.7/site-packages/airflow/example_dags/example_branch_operator.py
[2026-02-25T04:51:23.033+0000] {processor.py:799} INFO - Processing file /home/airflow/.local/lib/python3.7/site-packages/airflow/example_dags/example_branch_operator.py for tasks to queue
[2026-02-25T04:51:23.033+0000] {logging_mixin.py:149} INFO - [2026-02-25T04:51:23.033+0000] {dagbag.py:541} INFO - Filling up the DagBag from /home/airflow/.local/lib/python3.7/site-packages/airflow/example_dags/example_branch_operator.py
[2026-02-25T04:51:23.041+0000] {processor.py:809} INFO - DAG(s) dict_keys(['example_branch_operator']) retrieved from /home/airflow/.local/lib/python3.7/site-packages/airflow/example_dags/example_branch_operator.py
[2026-02-25T04:51:23.061+0000] {logging_mixin.py:149} INFO - [2026-02-25T04:51:23.060+0000] {dag.py:2726} INFO - Sync 1 DAGs
[2026-02-25T04:51:23.079+0000] {logging_mixin.py:149} INFO - [2026-02-25T04:51:23.078+0000] {dag.py:3490} INFO - Setting next_dagrun for example_branch_operator to 2026-02-24T00:00:00+00:00, run_after=2026-02-25T00:00:00+00:00
[2026-02-25T04:51:23.092+0000] {processor.py:178} INFO - Processing /home/airflow/.local/lib/python3.7/site-packages/airflow/example_dags/example_branch_operator.py took 0.066 seconds
[2026-02-25T04:51:53.172+0000] {processor.py:156} INFO - Started process (PID=489) to work on /home/airflow/.local/lib/python3.7/site-packages/airflow/example_dags/example_branch_operator.py
[2026-02-25T04:51:53.173+0000] {processor.py:799} INFO - Processing file /home/airflow/.local/lib/python3.7/site-packages/airflow/example_dags/example_branch_operator.py for tasks to queue
[2026-02-25T04:51:53.173+0000] {logging_mixin.py:149} INFO - [2026-02-25T04:51:53.173+0000] {dagbag.py:541} INFO - Filling up the DagBag from /home/airflow/.local/lib/python3.7/site-packages/airflow/example_dags/example_branch_operator.py
[2026-02-25T04:51:53.182+0000] {processor.py:809} INFO - DAG(s) dict_keys(['example_branch_operator']) retrieved from /home/airflow/.local/lib/python3.7/site-packages/airflow/example_dags/example_branch_operator.py
[2026-02-25T04:51:53.206+0000] {logging_mixin.py:149} INFO - [2026-02-25T04:51:53.206+0000] {dag.py:2726} INFO - Sync 1 DAGs
[2026-02-25T04:51:53.231+0000] {logging_mixin.py:149} INFO - [2026-02-25T04:51:53.231+0000] {dag.py:3490} INFO - Setting next_dagrun for example_branch_operator to 2026-02-24T00:00:00+00:00, run_after=2026-02-25T00:00:00+00:00
[2026-02-25T04:51:53.244+0000] {processor.py:178} INFO - Processing /home/airflow/.local/lib/python3.7/site-packages/airflow/example_dags/example_branch_operator.py took 0.075 seconds
[2026-02-25T04:52:23.693+0000] {processor.py:156} INFO - Started process (PID=552) to work on /home/airflow/.local/lib/python3.7/site-packages/airflow/example_dags/example_branch_operator.py
[2026-02-25T04:52:23.694+0000] {processor.py:799} INFO - Processing file /home/airflow/.local/lib/python3.7/site-packages/airflow/example_dags/example_branch_operator.py for tasks to queue
[2026-02-25T04:52:23.695+0000] {logging_mixin.py:149} INFO - [2026-02-25T04:52:23.695+0000] {dagbag.py:541} INFO - Filling up the DagBag from /home/airflow/.local/lib/python3.7/site-packages/airflow/example_dags/example_branch_operator.py
[2026-02-25T04:52:23.702+0000] {processor.py:809} INFO - DAG(s) dict_keys(['example_branch_operator']) retrieved from /home/airflow/.local/lib/python3.7/site-packages/airflow/example_dags/example_branch_operator.py
[2026-02-25T04:52:23.741+0000] {logging_mixin.py:149} INFO - [2026-02-25T04:52:23.741+0000] {dag.py:2726} INFO - Sync 1 DAGs
[2026-02-25T04:52:23.772+0000] {logging_mixin.py:149} INFO - [2026-02-25T04:52:23.772+0000] {dag.py:3490} INFO - Setting next_dagrun for example_branch_operator to 2026-02-24T00:00:00+00:00, run_after=2026-02-25T00:00:00+00:00
[2026-02-25T04:52:23.793+0000] {processor.py:178} INFO - Processing /home/airflow/.local/lib/python3.7/site-packages/airflow/example_dags/example_branch_operator.py took 0.103 seconds
[2026-02-25T04:52:54.136+0000] {processor.py:156} INFO - Started process (PID=615) to work on /home/airflow/.local/lib/python3.7/site-packages/airflow/example_dags/example_branch_operator.py
[2026-02-25T04:52:54.138+0000] {processor.py:799} INFO - Processing file /home/airflow/.local/lib/python3.7/site-packages/airflow/example_dags/example_branch_operator.py for tasks to queue
[2026-02-25T04:52:54.138+0000] {logging_mixin.py:149} INFO - [2026-02-25T04:52:54.138+0000] {dagbag.py:541} INFO - Filling up the DagBag from /home/airflow/.local/lib/python3.7/site-packages/airflow/example_dags/example_branch_operator.py
[2026-02-25T04:52:54.145+0000] {processor.py:809} INFO - DAG(s) dict_keys(['example_branch_operator']) retrieved from /home/airflow/.local/lib/python3.7/site-packages/airflow/example_dags/example_branch_operator.py
[2026-02-25T04:52:54.169+0000] {logging_mixin.py:149} INFO - [2026-02-25T04:52:54.169+0000] {dag.py:2726} INFO - Sync 1 DAGs
[2026-02-25T04:52:54.189+0000] {logging_mixin.py:149} INFO - [2026-02-25T04:52:54.189+0000] {dag.py:3490} INFO - Setting next_dagrun for example_branch_operator to 2026-02-24T00:00:00+00:00, run_after=2026-02-25T00:00:00+00:00
[2026-02-25T04:52:54.205+0000] {processor.py:178} INFO - Processing /home/airflow/.local/lib/python3.7/site-packages/airflow/example_dags/example_branch_operator.py took 0.072 seconds
[2026-02-25T04:53:24.704+0000] {processor.py:156} INFO - Started process (PID=685) to work on /home/airflow/.local/lib/python3.7/site-packages/airflow/example_dags/example_branch_operator.py
[2026-02-25T04:53:24.705+0000] {processor.py:799} INFO - Processing file /home/airflow/.local/lib/python3.7/site-packages/airflow/example_dags/example_branch_operator.py for tasks to queue
[2026-02-25T04:53:24.706+0000] {logging_mixin.py:149} INFO - [2026-02-25T04:53:24.706+0000] {dagbag.py:541} INFO - Filling up the DagBag from /home/airflow/.local/lib/python3.7/site-packages/airflow/example_dags/example_branch_operator.py
[2026-02-25T04:53:24.712+0000] {processor.py:809} INFO - DAG(s) dict_keys(['example_branch_operator']) retrieved from /home/airflow/.local/lib/python3.7/site-packages/airflow/example_dags/example_branch_operator.py
[2026-02-25T04:53:24.735+0000] {logging_mixin.py:149} INFO - [2026-02-25T04:53:24.734+0000] {dag.py:2726} INFO - Sync 1 DAGs
[2026-02-25T04:53:24.757+0000] {logging_mixin.py:149} INFO - [2026-02-25T04:53:24.757+0000] {dag.py:3490} INFO - Setting next_dagrun for example_branch_operator to 2026-02-24T00:00:00+00:00, run_after=2026-02-25T00:00:00+00:00
[2026-02-25T04:53:24.770+0000] {processor.py:178} INFO - Processing /home/airflow/.local/lib/python3.7/site-packages/airflow/example_dags/example_branch_operator.py took 0.068 seconds
[2026-02-25T04:53:55.303+0000] {processor.py:156} INFO - Started process (PID=748) to work on /home/airflow/.local/lib/python3.7/site-packages/airflow/example_dags/example_branch_operator.py
[2026-02-25T04:53:55.304+0000] {processor.py:799} INFO - Processing file /home/airflow/.local/lib/python3.7/site-packages/airflow/example_dags/example_branch_operator.py for tasks to queue
[2026-02-25T04:53:55.304+0000] {logging_mixin.py:149} INFO - [2026-02-25T04:53:55.304+0000] {dagbag.py:541} INFO - Filling up the DagBag from /home/airflow/.local/lib/python3.7/site-packages/airflow/example_dags/example_branch_operator.py
[2026-02-25T04:53:55.311+0000] {processor.py:809} INFO - DAG(s) dict_keys(['example_branch_operator']) retrieved from /home/airflow/.local/lib/python3.7/site-packages/airflow/example_dags/example_branch_operator.py
[2026-02-25T04:53:55.337+0000] {logging_mixin.py:149} INFO - [2026-02-25T04:53:55.337+0000] {dag.py:2726} INFO - Sync 1 DAGs
[2026-02-25T04:53:55.360+0000] {logging_mixin.py:149} INFO - [2026-02-25T04:53:55.360+0000] {dag.py:3490} INFO - Setting next_dagrun for example_branch_operator to 2026-02-24T00:00:00+00:00, run_after=2026-02-25T00:00:00+00:00
[2026-02-25T04:53:55.380+0000] {processor.py:178} INFO - Processing /home/airflow/.local/lib/python3.7/site-packages/airflow/example_dags/example_branch_operator.py took 0.080 seconds
[2026-02-25T04:54:25.718+0000] {processor.py:156} INFO - Started process (PID=811) to work on /home/airflow/.local/lib/python3.7/site-packages/airflow/example_dags/example_branch_operator.py
[2026-02-25T04:54:25.719+0000] {processor.py:799} INFO - Processing file /home/airflow/.local/lib/python3.7/site-packages/airflow/example_dags/example_branch_operator.py for tasks to queue
[2026-02-25T04:54:25.720+0000] {logging_mixin.py:149} INFO - [2026-02-25T04:54:25.720+0000] {dagbag.py:541} INFO - Filling up the DagBag from /home/airflow/.local/lib/python3.7/site-packages/airflow/example_dags/example_branch_operator.py
[2026-02-25T04:54:25.728+0000] {processor.py:809} INFO - DAG(s) dict_keys(['example_branch_operator']) retrieved from /home/airflow/.local/lib/python3.7/site-packages/airflow/example_dags/example_branch_operator.py
[2026-02-25T04:54:25.754+0000] {logging_mixin.py:149} INFO - [2026-02-25T04:54:25.754+0000] {dag.py:2726} INFO - Sync 1 DAGs
[2026-02-25T04:54:25.773+0000] {logging_mixin.py:149} INFO - [2026-02-25T04:54:25.773+0000] {dag.py:3490} INFO - Setting next_dagrun for example_branch_operator to 2026-02-24T00:00:00+00:00, run_after=2026-02-25T00:00:00+00:00
[2026-02-25T04:54:25.788+0000] {processor.py:178} INFO - Processing /home/airflow/.local/lib/python3.7/site-packages/airflow/example_dags/example_branch_operator.py took 0.073 seconds
[2026-02-25T04:54:56.036+0000] {processor.py:156} INFO - Started process (PID=874) to work on /home/airflow/.local/lib/python3.7/site-packages/airflow/example_dags/example_branch_operator.py
[2026-02-25T04:54:56.037+0000] {processor.py:799} INFO - Processing file /home/airflow/.local/lib/python3.7/site-packages/airflow/example_dags/example_branch_operator.py for tasks to queue
[2026-02-25T04:54:56.038+0000] {logging_mixin.py:149} INFO - [2026-02-25T04:54:56.038+0000] {dagbag.py:541} INFO - Filling up the DagBag from /home/airflow/.local/lib/python3.7/site-packages/airflow/example_dags/example_branch_operator.py
[2026-02-25T04:54:56.044+0000] {processor.py:809} INFO - DAG(s) dict_keys(['example_branch_operator']) retrieved from /home/airflow/.local/lib/python3.7/site-packages/airflow/example_dags/example_branch_operator.py
[2026-02-25T04:54:56.071+0000] {logging_mixin.py:149} INFO - [2026-02-25T04:54:56.071+0000] {dag.py:2726} INFO - Sync 1 DAGs
[2026-02-25T04:54:56.094+0000] {logging_mixin.py:149} INFO - [2026-02-25T04:54:56.093+0000] {dag.py:3490} INFO - Setting next_dagrun for example_branch_operator to 2026-02-24T00:00:00+00:00, run_after=2026-02-25T00:00:00+00:00
[2026-02-25T04:54:56.109+0000] {processor.py:178} INFO - Processing /home/airflow/.local/lib/python3.7/site-packages/airflow/example_dags/example_branch_operator.py took 0.076 seconds
[2026-02-25T04:55:26.366+0000] {processor.py:156} INFO - Started process (PID=937) to work on /home/airflow/.local/lib/python3.7/site-packages/airflow/example_dags/example_branch_operator.py
[2026-02-25T04:55:26.367+0000] {processor.py:799} INFO - Processing file /home/airflow/.local/lib/python3.7/site-packages/airflow/example_dags/example_branch_operator.py for tasks to queue
[2026-02-25T04:55:26.370+0000] {logging_mixin.py:149} INFO - [2026-02-25T04:55:26.370+0000] {dagbag.py:541} INFO - Filling up the DagBag from /home/airflow/.local/lib/python3.7/site-packages/airflow/example_dags/example_branch_operator.py
[2026-02-25T04:55:26.378+0000] {processor.py:809} INFO - DAG(s) dict_keys(['example_branch_operator']) retrieved from /home/airflow/.local/lib/python3.7/site-packages/airflow/example_dags/example_branch_operator.py
[2026-02-25T04:55:26.400+0000] {logging_mixin.py:149} INFO - [2026-02-25T04:55:26.400+0000] {dag.py:2726} INFO - Sync 1 DAGs
[2026-02-25T04:55:26.421+0000] {logging_mixin.py:149} INFO - [2026-02-25T04:55:26.420+0000] {dag.py:3490} INFO - Setting next_dagrun for example_branch_operator to 2026-02-24T00:00:00+00:00, run_after=2026-02-25T00:00:00+00:00
[2026-02-25T04:55:26.433+0000] {processor.py:178} INFO - Processing /home/airflow/.local/lib/python3.7/site-packages/airflow/example_dags/example_branch_operator.py took 0.071 seconds
[2026-02-25T04:55:56.930+0000] {processor.py:156} INFO - Started process (PID=1000) to work on /home/airflow/.local/lib/python3.7/site-packages/airflow/example_dags/example_branch_operator.py
[2026-02-25T04:55:56.931+0000] {processor.py:799} INFO - Processing file /home/airflow/.local/lib/python3.7/site-packages/airflow/example_dags/example_branch_operator.py for tasks to queue
[2026-02-25T04:55:56.932+0000] {logging_mixin.py:149} INFO - [2026-02-25T04:55:56.931+0000] {dagbag.py:541} INFO - Filling up the DagBag from /home/airflow/.local/lib/python3.7/site-packages/airflow/example_dags/example_branch_operator.py
[2026-02-25T04:55:56.941+0000] {processor.py:809} INFO - DAG(s) dict_keys(['example_branch_operator']) retrieved from /home/airflow/.local/lib/python3.7/site-packages/airflow/example_dags/example_branch_operator.py
[2026-02-25T04:55:56.967+0000] {logging_mixin.py:149} INFO - [2026-02-25T04:55:56.967+0000] {dag.py:2726} INFO - Sync 1 DAGs
[2026-02-25T04:55:56.987+0000] {logging_mixin.py:149} INFO - [2026-02-25T04:55:56.987+0000] {dag.py:3490} INFO - Setting next_dagrun for example_branch_operator to 2026-02-24T00:00:00+00:00, run_after=2026-02-25T00:00:00+00:00
[2026-02-25T04:55:57.002+0000] {processor.py:178} INFO - Processing /home/airflow/.local/lib/python3.7/site-packages/airflow/example_dags/example_branch_operator.py took 0.076 seconds
[2026-02-25T04:56:27.349+0000] {processor.py:156} INFO - Started process (PID=1063) to work on /home/airflow/.local/lib/python3.7/site-packages/airflow/example_dags/example_branch_operator.py
[2026-02-25T04:56:27.350+0000] {processor.py:799} INFO - Processing file /home/airflow/.local/lib/python3.7/site-packages/airflow/example_dags/example_branch_operator.py for tasks to queue
[2026-02-25T04:56:27.351+0000] {logging_mixin.py:149} INFO - [2026-02-25T04:56:27.351+0000] {dagbag.py:541} INFO - Filling up the DagBag from /home/airflow/.local/lib/python3.7/site-packages/airflow/example_dags/example_branch_operator.py
[2026-02-25T04:56:27.359+0000] {processor.py:809} INFO - DAG(s) dict_keys(['example_branch_operator']) retrieved from /home/airflow/.local/lib/python3.7/site-packages/airflow/example_dags/example_branch_operator.py
[2026-02-25T04:56:27.385+0000] {logging_mixin.py:149} INFO - [2026-02-25T04:56:27.385+0000] {dag.py:2726} INFO - Sync 1 DAGs
[2026-02-25T04:56:27.408+0000] {logging_mixin.py:149} INFO - [2026-02-25T04:56:27.408+0000] {dag.py:3490} INFO - Setting next_dagrun for example_branch_operator to 2026-02-24T00:00:00+00:00, run_after=2026-02-25T00:00:00+00:00
[2026-02-25T04:56:27.426+0000] {processor.py:178} INFO - Processing /home/airflow/.local/lib/python3.7/site-packages/airflow/example_dags/example_branch_operator.py took 0.079 seconds
[2026-02-25T04:56:57.935+0000] {processor.py:156} INFO - Started process (PID=1126) to work on /home/airflow/.local/lib/python3.7/site-packages/airflow/example_dags/example_branch_operator.py
[2026-02-25T04:56:57.936+0000] {processor.py:799} INFO - Processing file /home/airflow/.local/lib/python3.7/site-packages/airflow/example_dags/example_branch_operator.py for tasks to queue
[2026-02-25T04:56:57.936+0000] {logging_mixin.py:149} INFO - [2026-02-25T04:56:57.936+0000] {dagbag.py:541} INFO - Filling up the DagBag from /home/airflow/.local/lib/python3.7/site-packages/airflow/example_dags/example_branch_operator.py
[2026-02-25T04:56:57.943+0000] {processor.py:809} INFO - DAG(s) dict_keys(['example_branch_operator']) retrieved from /home/airflow/.local/lib/python3.7/site-packages/airflow/example_dags/example_branch_operator.py
[2026-02-25T04:56:57.967+0000] {logging_mixin.py:149} INFO - [2026-02-25T04:56:57.967+0000] {dag.py:2726} INFO - Sync 1 DAGs
[2026-02-25T04:56:58.000+0000] {logging_mixin.py:149} INFO - [2026-02-25T04:56:58.000+0000] {dag.py:3490} INFO - Setting next_dagrun for example_branch_operator to 2026-02-24T00:00:00+00:00, run_after=2026-02-25T00:00:00+00:00
[2026-02-25T04:56:58.019+0000] {processor.py:178} INFO - Processing /home/airflow/.local/lib/python3.7/site-packages/airflow/example_dags/example_branch_operator.py took 0.087 seconds
[2026-02-25T04:57:28.399+0000] {processor.py:156} INFO - Started process (PID=1189) to work on /home/airflow/.local/lib/python3.7/site-packages/airflow/example_dags/example_branch_operator.py
[2026-02-25T04:57:28.400+0000] {processor.py:799} INFO - Processing file /home/airflow/.local/lib/python3.7/site-packages/airflow/example_dags/example_branch_operator.py for tasks to queue
[2026-02-25T04:57:28.401+0000] {logging_mixin.py:149} INFO - [2026-02-25T04:57:28.400+0000] {dagbag.py:541} INFO - Filling up the DagBag from /home/airflow/.local/lib/python3.7/site-packages/airflow/example_dags/example_branch_operator.py
[2026-02-25T04:57:28.408+0000] {processor.py:809} INFO - DAG(s) dict_keys(['example_branch_operator']) retrieved from /home/airflow/.local/lib/python3.7/site-packages/airflow/example_dags/example_branch_operator.py
[2026-02-25T04:57:28.430+0000] {logging_mixin.py:149} INFO - [2026-02-25T04:57:28.430+0000] {dag.py:2726} INFO - Sync 1 DAGs
[2026-02-25T04:57:28.449+0000] {logging_mixin.py:149} INFO - [2026-02-25T04:57:28.449+0000] {dag.py:3490} INFO - Setting next_dagrun for example_branch_operator to 2026-02-24T00:00:00+00:00, run_after=2026-02-25T00:00:00+00:00
[2026-02-25T04:57:28.461+0000] {processor.py:178} INFO - Processing /home/airflow/.local/lib/python3.7/site-packages/airflow/example_dags/example_branch_operator.py took 0.066 seconds
[2026-02-25T04:57:58.735+0000] {processor.py:156} INFO - Started process (PID=1252) to work on /home/airflow/.local/lib/python3.7/site-packages/airflow/example_dags/example_branch_operator.py
[2026-02-25T04:57:58.736+0000] {processor.py:799} INFO - Processing file /home/airflow/.local/lib/python3.7/site-packages/airflow/example_dags/example_branch_operator.py for tasks to queue
[2026-02-25T04:57:58.737+0000] {logging_mixin.py:149} INFO - [2026-02-25T04:57:58.737+0000] {dagbag.py:541} INFO - Filling up the DagBag from /home/airflow/.local/lib/python3.7/site-packages/airflow/example_dags/example_branch_operator.py
[2026-02-25T04:57:58.744+0000] {processor.py:809} INFO - DAG(s) dict_keys(['example_branch_operator']) retrieved from /home/airflow/.local/lib/python3.7/site-packages/airflow/example_dags/example_branch_operator.py
[2026-02-25T04:57:58.766+0000] {logging_mixin.py:149} INFO - [2026-02-25T04:57:58.766+0000] {dag.py:2726} INFO - Sync 1 DAGs
[2026-02-25T04:57:58.789+0000] {logging_mixin.py:149} INFO - [2026-02-25T04:57:58.789+0000] {dag.py:3490} INFO - Setting next_dagrun for example_branch_operator to 2026-02-24T00:00:00+00:00, run_after=2026-02-25T00:00:00+00:00
[2026-02-25T04:57:58.806+0000] {processor.py:178} INFO - Processing /home/airflow/.local/lib/python3.7/site-packages/airflow/example_dags/example_branch_operator.py took 0.074 seconds
[2026-02-25T04:58:29.288+0000] {processor.py:156} INFO - Started process (PID=1315) to work on /home/airflow/.local/lib/python3.7/site-packages/airflow/example_dags/example_branch_operator.py
[2026-02-25T04:58:29.290+0000] {processor.py:799} INFO - Processing file /home/airflow/.local/lib/python3.7/site-packages/airflow/example_dags/example_branch_operator.py for tasks to queue
[2026-02-25T04:58:29.291+0000] {logging_mixin.py:149} INFO - [2026-02-25T04:58:29.291+0000] {dagbag.py:541} INFO - Filling up the DagBag from /home/airflow/.local/lib/python3.7/site-packages/airflow/example_dags/example_branch_operator.py
[2026-02-25T04:58:29.301+0000] {processor.py:809} INFO - DAG(s) dict_keys(['example_branch_operator']) retrieved from /home/airflow/.local/lib/python3.7/site-packages/airflow/example_dags/example_branch_operator.py
[2026-02-25T04:58:29.329+0000] {logging_mixin.py:149} INFO - [2026-02-25T04:58:29.329+0000] {dag.py:2726} INFO - Sync 1 DAGs
[2026-02-25T04:58:29.356+0000] {logging_mixin.py:149} INFO - [2026-02-25T04:58:29.356+0000] {dag.py:3490} INFO - Setting next_dagrun for example_branch_operator to 2026-02-24T00:00:00+00:00, run_after=2026-02-25T00:00:00+00:00
[2026-02-25T04:58:29.376+0000] {processor.py:178} INFO - Processing /home/airflow/.local/lib/python3.7/site-packages/airflow/example_dags/example_branch_operator.py took 0.091 seconds
[2026-02-25T04:59:00.003+0000] {processor.py:156} INFO - Started process (PID=1377) to work on /home/airflow/.local/lib/python3.7/site-packages/airflow/example_dags/example_branch_operator.py
[2026-02-25T04:59:00.005+0000] {processor.py:799} INFO - Processing file /home/airflow/.local/lib/python3.7/site-packages/airflow/example_dags/example_branch_operator.py for tasks to queue
[2026-02-25T04:59:00.006+0000] {logging_mixin.py:149} INFO - [2026-02-25T04:59:00.006+0000] {dagbag.py:541} INFO - Filling up the DagBag from /home/airflow/.local/lib/python3.7/site-packages/airflow/example_dags/example_branch_operator.py
[2026-02-25T04:59:00.016+0000] {processor.py:809} INFO - DAG(s) dict_keys(['example_branch_operator']) retrieved from /home/airflow/.local/lib/python3.7/site-packages/airflow/example_dags/example_branch_operator.py
[2026-02-25T04:59:00.043+0000] {logging_mixin.py:149} INFO - [2026-02-25T04:59:00.043+0000] {dag.py:2726} INFO - Sync 1 DAGs
[2026-02-25T04:59:00.063+0000] {logging_mixin.py:149} INFO - [2026-02-25T04:59:00.063+0000] {dag.py:3490} INFO - Setting next_dagrun for example_branch_operator to 2026-02-24T00:00:00+00:00, run_after=2026-02-25T00:00:00+00:00
[2026-02-25T04:59:00.083+0000] {processor.py:178} INFO - Processing /home/airflow/.local/lib/python3.7/site-packages/airflow/example_dags/example_branch_operator.py took 0.087 seconds
[2026-02-25T04:59:30.531+0000] {processor.py:156} INFO - Started process (PID=1440) to work on /home/airflow/.local/lib/python3.7/site-packages/airflow/example_dags/example_branch_operator.py
[2026-02-25T04:59:30.533+0000] {processor.py:799} INFO - Processing file /home/airflow/.local/lib/python3.7/site-packages/airflow/example_dags/example_branch_operator.py for tasks to queue
[2026-02-25T04:59:30.535+0000] {logging_mixin.py:149} INFO - [2026-02-25T04:59:30.535+0000] {dagbag.py:541} INFO - Filling up the DagBag from /home/airflow/.local/lib/python3.7/site-packages/airflow/example_dags/example_branch_operator.py
[2026-02-25T04:59:30.556+0000] {processor.py:809} INFO - DAG(s) dict_keys(['example_branch_operator']) retrieved from /home/airflow/.local/lib/python3.7/site-packages/airflow/example_dags/example_branch_operator.py
[2026-02-25T04:59:30.593+0000] {logging_mixin.py:149} INFO - [2026-02-25T04:59:30.593+0000] {dag.py:2726} INFO - Sync 1 DAGs
[2026-02-25T04:59:30.617+0000] {logging_mixin.py:149} INFO - [2026-02-25T04:59:30.617+0000] {dag.py:3490} INFO - Setting next_dagrun for example_branch_operator to 2026-02-24T00:00:00+00:00, run_after=2026-02-25T00:00:00+00:00
[2026-02-25T04:59:30.641+0000] {processor.py:178} INFO - Processing /home/airflow/.local/lib/python3.7/site-packages/airflow/example_dags/example_branch_operator.py took 0.118 seconds
