[2026-02-25T04:40:38.625+0000] {processor.py:156} INFO - Started process (PID=54) to work on /home/airflow/.local/lib/python3.7/site-packages/airflow/example_dags/tutorial.py
[2026-02-25T04:40:38.626+0000] {processor.py:799} INFO - Processing file /home/airflow/.local/lib/python3.7/site-packages/airflow/example_dags/tutorial.py for tasks to queue
[2026-02-25T04:40:38.627+0000] {logging_mixin.py:149} INFO - [2026-02-25T04:40:38.627+0000] {dagbag.py:541} INFO - Filling up the DagBag from /home/airflow/.local/lib/python3.7/site-packages/airflow/example_dags/tutorial.py
[2026-02-25T04:40:38.637+0000] {processor.py:809} INFO - DAG(s) dict_keys(['tutorial']) retrieved from /home/airflow/.local/lib/python3.7/site-packages/airflow/example_dags/tutorial.py
[2026-02-25T04:40:38.737+0000] {logging_mixin.py:149} INFO - [2026-02-25T04:40:38.737+0000] {manager.py:504} INFO - Created Permission View: can edit on DAG:tutorial
[2026-02-25T04:40:38.749+0000] {logging_mixin.py:149} INFO - [2026-02-25T04:40:38.748+0000] {manager.py:504} INFO - Created Permission View: can delete on DAG:tutorial
[2026-02-25T04:40:38.757+0000] {logging_mixin.py:149} INFO - [2026-02-25T04:40:38.757+0000] {manager.py:504} INFO - Created Permission View: can read on DAG:tutorial
[2026-02-25T04:40:38.758+0000] {logging_mixin.py:149} INFO - [2026-02-25T04:40:38.758+0000] {dag.py:2726} INFO - Sync 1 DAGs
[2026-02-25T04:40:38.769+0000] {logging_mixin.py:149} INFO - [2026-02-25T04:40:38.769+0000] {dag.py:2747} INFO - Creating ORM DAG for tutorial
[2026-02-25T04:40:38.781+0000] {logging_mixin.py:149} INFO - [2026-02-25T04:40:38.781+0000] {dag.py:3490} INFO - Setting next_dagrun for tutorial to 2026-02-24T04:40:38.781497+00:00, run_after=2026-02-25T04:40:38.781497+00:00
[2026-02-25T04:40:38.799+0000] {processor.py:178} INFO - Processing /home/airflow/.local/lib/python3.7/site-packages/airflow/example_dags/tutorial.py took 0.177 seconds
[2026-02-25T04:41:08.861+0000] {processor.py:156} INFO - Started process (PID=117) to work on /home/airflow/.local/lib/python3.7/site-packages/airflow/example_dags/tutorial.py
[2026-02-25T04:41:08.863+0000] {processor.py:799} INFO - Processing file /home/airflow/.local/lib/python3.7/site-packages/airflow/example_dags/tutorial.py for tasks to queue
[2026-02-25T04:41:08.864+0000] {logging_mixin.py:149} INFO - [2026-02-25T04:41:08.864+0000] {dagbag.py:541} INFO - Filling up the DagBag from /home/airflow/.local/lib/python3.7/site-packages/airflow/example_dags/tutorial.py
[2026-02-25T04:41:08.872+0000] {processor.py:809} INFO - DAG(s) dict_keys(['tutorial']) retrieved from /home/airflow/.local/lib/python3.7/site-packages/airflow/example_dags/tutorial.py
[2026-02-25T04:41:08.899+0000] {logging_mixin.py:149} INFO - [2026-02-25T04:41:08.899+0000] {dag.py:2726} INFO - Sync 1 DAGs
[2026-02-25T04:41:08.920+0000] {logging_mixin.py:149} INFO - [2026-02-25T04:41:08.920+0000] {dag.py:3490} INFO - Setting next_dagrun for tutorial to 2026-02-24T04:41:08.920151+00:00, run_after=2026-02-25T04:41:08.920151+00:00
[2026-02-25T04:41:08.934+0000] {processor.py:178} INFO - Processing /home/airflow/.local/lib/python3.7/site-packages/airflow/example_dags/tutorial.py took 0.076 seconds
[2026-02-25T04:41:39.463+0000] {processor.py:156} INFO - Started process (PID=180) to work on /home/airflow/.local/lib/python3.7/site-packages/airflow/example_dags/tutorial.py
[2026-02-25T04:41:39.464+0000] {processor.py:799} INFO - Processing file /home/airflow/.local/lib/python3.7/site-packages/airflow/example_dags/tutorial.py for tasks to queue
[2026-02-25T04:41:39.465+0000] {logging_mixin.py:149} INFO - [2026-02-25T04:41:39.465+0000] {dagbag.py:541} INFO - Filling up the DagBag from /home/airflow/.local/lib/python3.7/site-packages/airflow/example_dags/tutorial.py
[2026-02-25T04:41:39.470+0000] {processor.py:809} INFO - DAG(s) dict_keys(['tutorial']) retrieved from /home/airflow/.local/lib/python3.7/site-packages/airflow/example_dags/tutorial.py
[2026-02-25T04:41:39.487+0000] {logging_mixin.py:149} INFO - [2026-02-25T04:41:39.487+0000] {dag.py:2726} INFO - Sync 1 DAGs
[2026-02-25T04:41:39.505+0000] {logging_mixin.py:149} INFO - [2026-02-25T04:41:39.505+0000] {dag.py:3490} INFO - Setting next_dagrun for tutorial to 2026-02-24T04:41:39.505376+00:00, run_after=2026-02-25T04:41:39.505376+00:00
[2026-02-25T04:41:39.521+0000] {processor.py:178} INFO - Processing /home/airflow/.local/lib/python3.7/site-packages/airflow/example_dags/tutorial.py took 0.060 seconds
[2026-02-25T04:42:09.915+0000] {processor.py:156} INFO - Started process (PID=243) to work on /home/airflow/.local/lib/python3.7/site-packages/airflow/example_dags/tutorial.py
[2026-02-25T04:42:09.916+0000] {processor.py:799} INFO - Processing file /home/airflow/.local/lib/python3.7/site-packages/airflow/example_dags/tutorial.py for tasks to queue
[2026-02-25T04:42:09.916+0000] {logging_mixin.py:149} INFO - [2026-02-25T04:42:09.916+0000] {dagbag.py:541} INFO - Filling up the DagBag from /home/airflow/.local/lib/python3.7/site-packages/airflow/example_dags/tutorial.py
[2026-02-25T04:42:09.921+0000] {processor.py:809} INFO - DAG(s) dict_keys(['tutorial']) retrieved from /home/airflow/.local/lib/python3.7/site-packages/airflow/example_dags/tutorial.py
[2026-02-25T04:42:09.936+0000] {logging_mixin.py:149} INFO - [2026-02-25T04:42:09.936+0000] {dag.py:2726} INFO - Sync 1 DAGs
[2026-02-25T04:42:09.958+0000] {logging_mixin.py:149} INFO - [2026-02-25T04:42:09.958+0000] {dag.py:3490} INFO - Setting next_dagrun for tutorial to 2026-02-24T04:42:09.957926+00:00, run_after=2026-02-25T04:42:09.957926+00:00
[2026-02-25T04:42:09.976+0000] {processor.py:178} INFO - Processing /home/airflow/.local/lib/python3.7/site-packages/airflow/example_dags/tutorial.py took 0.065 seconds
[2026-02-25T04:42:40.605+0000] {processor.py:156} INFO - Started process (PID=306) to work on /home/airflow/.local/lib/python3.7/site-packages/airflow/example_dags/tutorial.py
[2026-02-25T04:42:40.606+0000] {processor.py:799} INFO - Processing file /home/airflow/.local/lib/python3.7/site-packages/airflow/example_dags/tutorial.py for tasks to queue
[2026-02-25T04:42:40.606+0000] {logging_mixin.py:149} INFO - [2026-02-25T04:42:40.606+0000] {dagbag.py:541} INFO - Filling up the DagBag from /home/airflow/.local/lib/python3.7/site-packages/airflow/example_dags/tutorial.py
[2026-02-25T04:42:40.612+0000] {processor.py:809} INFO - DAG(s) dict_keys(['tutorial']) retrieved from /home/airflow/.local/lib/python3.7/site-packages/airflow/example_dags/tutorial.py
[2026-02-25T04:42:40.632+0000] {logging_mixin.py:149} INFO - [2026-02-25T04:42:40.632+0000] {dag.py:2726} INFO - Sync 1 DAGs
[2026-02-25T04:42:40.650+0000] {logging_mixin.py:149} INFO - [2026-02-25T04:42:40.650+0000] {dag.py:3490} INFO - Setting next_dagrun for tutorial to 2026-02-24T04:42:40.650469+00:00, run_after=2026-02-25T04:42:40.650469+00:00
[2026-02-25T04:42:40.670+0000] {processor.py:178} INFO - Processing /home/airflow/.local/lib/python3.7/site-packages/airflow/example_dags/tutorial.py took 0.067 seconds
[2026-02-25T04:48:20.774+0000] {processor.py:156} INFO - Started process (PID=53) to work on /home/airflow/.local/lib/python3.7/site-packages/airflow/example_dags/tutorial.py
[2026-02-25T04:48:20.775+0000] {processor.py:799} INFO - Processing file /home/airflow/.local/lib/python3.7/site-packages/airflow/example_dags/tutorial.py for tasks to queue
[2026-02-25T04:48:20.776+0000] {logging_mixin.py:149} INFO - [2026-02-25T04:48:20.776+0000] {dagbag.py:541} INFO - Filling up the DagBag from /home/airflow/.local/lib/python3.7/site-packages/airflow/example_dags/tutorial.py
[2026-02-25T04:48:20.784+0000] {processor.py:809} INFO - DAG(s) dict_keys(['tutorial']) retrieved from /home/airflow/.local/lib/python3.7/site-packages/airflow/example_dags/tutorial.py
[2026-02-25T04:48:20.799+0000] {logging_mixin.py:149} INFO - [2026-02-25T04:48:20.799+0000] {dag.py:2726} INFO - Sync 1 DAGs
[2026-02-25T04:48:20.818+0000] {logging_mixin.py:149} INFO - [2026-02-25T04:48:20.818+0000] {dag.py:3490} INFO - Setting next_dagrun for tutorial to 2026-02-24T04:48:20.818643+00:00, run_after=2026-02-25T04:48:20.818643+00:00
[2026-02-25T04:48:20.841+0000] {processor.py:178} INFO - Processing /home/airflow/.local/lib/python3.7/site-packages/airflow/example_dags/tutorial.py took 0.070 seconds
[2026-02-25T04:48:51.181+0000] {processor.py:156} INFO - Started process (PID=116) to work on /home/airflow/.local/lib/python3.7/site-packages/airflow/example_dags/tutorial.py
[2026-02-25T04:48:51.182+0000] {processor.py:799} INFO - Processing file /home/airflow/.local/lib/python3.7/site-packages/airflow/example_dags/tutorial.py for tasks to queue
[2026-02-25T04:48:51.183+0000] {logging_mixin.py:149} INFO - [2026-02-25T04:48:51.183+0000] {dagbag.py:541} INFO - Filling up the DagBag from /home/airflow/.local/lib/python3.7/site-packages/airflow/example_dags/tutorial.py
[2026-02-25T04:48:51.188+0000] {processor.py:809} INFO - DAG(s) dict_keys(['tutorial']) retrieved from /home/airflow/.local/lib/python3.7/site-packages/airflow/example_dags/tutorial.py
[2026-02-25T04:48:51.207+0000] {logging_mixin.py:149} INFO - [2026-02-25T04:48:51.207+0000] {dag.py:2726} INFO - Sync 1 DAGs
[2026-02-25T04:48:51.228+0000] {logging_mixin.py:149} INFO - [2026-02-25T04:48:51.228+0000] {dag.py:3490} INFO - Setting next_dagrun for tutorial to 2026-02-24T04:48:51.228114+00:00, run_after=2026-02-25T04:48:51.228114+00:00
[2026-02-25T04:48:51.241+0000] {processor.py:178} INFO - Processing /home/airflow/.local/lib/python3.7/site-packages/airflow/example_dags/tutorial.py took 0.063 seconds
[2026-02-25T04:49:21.663+0000] {processor.py:156} INFO - Started process (PID=179) to work on /home/airflow/.local/lib/python3.7/site-packages/airflow/example_dags/tutorial.py
[2026-02-25T04:49:21.663+0000] {processor.py:799} INFO - Processing file /home/airflow/.local/lib/python3.7/site-packages/airflow/example_dags/tutorial.py for tasks to queue
[2026-02-25T04:49:21.664+0000] {logging_mixin.py:149} INFO - [2026-02-25T04:49:21.664+0000] {dagbag.py:541} INFO - Filling up the DagBag from /home/airflow/.local/lib/python3.7/site-packages/airflow/example_dags/tutorial.py
[2026-02-25T04:49:21.669+0000] {processor.py:809} INFO - DAG(s) dict_keys(['tutorial']) retrieved from /home/airflow/.local/lib/python3.7/site-packages/airflow/example_dags/tutorial.py
[2026-02-25T04:49:21.685+0000] {logging_mixin.py:149} INFO - [2026-02-25T04:49:21.684+0000] {dag.py:2726} INFO - Sync 1 DAGs
[2026-02-25T04:49:21.700+0000] {logging_mixin.py:149} INFO - [2026-02-25T04:49:21.700+0000] {dag.py:3490} INFO - Setting next_dagrun for tutorial to 2026-02-24T04:49:21.700356+00:00, run_after=2026-02-25T04:49:21.700356+00:00
[2026-02-25T04:49:21.711+0000] {processor.py:178} INFO - Processing /home/airflow/.local/lib/python3.7/site-packages/airflow/example_dags/tutorial.py took 0.051 seconds
[2026-02-25T04:49:52.277+0000] {processor.py:156} INFO - Started process (PID=242) to work on /home/airflow/.local/lib/python3.7/site-packages/airflow/example_dags/tutorial.py
[2026-02-25T04:49:52.277+0000] {processor.py:799} INFO - Processing file /home/airflow/.local/lib/python3.7/site-packages/airflow/example_dags/tutorial.py for tasks to queue
[2026-02-25T04:49:52.278+0000] {logging_mixin.py:149} INFO - [2026-02-25T04:49:52.278+0000] {dagbag.py:541} INFO - Filling up the DagBag from /home/airflow/.local/lib/python3.7/site-packages/airflow/example_dags/tutorial.py
[2026-02-25T04:49:52.282+0000] {processor.py:809} INFO - DAG(s) dict_keys(['tutorial']) retrieved from /home/airflow/.local/lib/python3.7/site-packages/airflow/example_dags/tutorial.py
[2026-02-25T04:49:52.301+0000] {logging_mixin.py:149} INFO - [2026-02-25T04:49:52.301+0000] {dag.py:2726} INFO - Sync 1 DAGs
[2026-02-25T04:49:52.320+0000] {logging_mixin.py:149} INFO - [2026-02-25T04:49:52.320+0000] {dag.py:3490} INFO - Setting next_dagrun for tutorial to 2026-02-24T04:49:52.320236+00:00, run_after=2026-02-25T04:49:52.320236+00:00
[2026-02-25T04:49:52.342+0000] {processor.py:178} INFO - Processing /home/airflow/.local/lib/python3.7/site-packages/airflow/example_dags/tutorial.py took 0.067 seconds
[2026-02-25T04:50:22.697+0000] {processor.py:156} INFO - Started process (PID=305) to work on /home/airflow/.local/lib/python3.7/site-packages/airflow/example_dags/tutorial.py
[2026-02-25T04:50:22.700+0000] {processor.py:799} INFO - Processing file /home/airflow/.local/lib/python3.7/site-packages/airflow/example_dags/tutorial.py for tasks to queue
[2026-02-25T04:50:22.702+0000] {logging_mixin.py:149} INFO - [2026-02-25T04:50:22.702+0000] {dagbag.py:541} INFO - Filling up the DagBag from /home/airflow/.local/lib/python3.7/site-packages/airflow/example_dags/tutorial.py
[2026-02-25T04:50:22.706+0000] {processor.py:809} INFO - DAG(s) dict_keys(['tutorial']) retrieved from /home/airflow/.local/lib/python3.7/site-packages/airflow/example_dags/tutorial.py
[2026-02-25T04:50:22.723+0000] {logging_mixin.py:149} INFO - [2026-02-25T04:50:22.723+0000] {dag.py:2726} INFO - Sync 1 DAGs
[2026-02-25T04:50:22.741+0000] {logging_mixin.py:149} INFO - [2026-02-25T04:50:22.740+0000] {dag.py:3490} INFO - Setting next_dagrun for tutorial to 2026-02-24T04:50:22.740682+00:00, run_after=2026-02-25T04:50:22.740682+00:00
[2026-02-25T04:50:22.758+0000] {processor.py:178} INFO - Processing /home/airflow/.local/lib/python3.7/site-packages/airflow/example_dags/tutorial.py took 0.063 seconds
[2026-02-25T04:50:52.913+0000] {processor.py:156} INFO - Started process (PID=368) to work on /home/airflow/.local/lib/python3.7/site-packages/airflow/example_dags/tutorial.py
[2026-02-25T04:50:52.914+0000] {processor.py:799} INFO - Processing file /home/airflow/.local/lib/python3.7/site-packages/airflow/example_dags/tutorial.py for tasks to queue
[2026-02-25T04:50:52.915+0000] {logging_mixin.py:149} INFO - [2026-02-25T04:50:52.914+0000] {dagbag.py:541} INFO - Filling up the DagBag from /home/airflow/.local/lib/python3.7/site-packages/airflow/example_dags/tutorial.py
[2026-02-25T04:50:52.919+0000] {processor.py:809} INFO - DAG(s) dict_keys(['tutorial']) retrieved from /home/airflow/.local/lib/python3.7/site-packages/airflow/example_dags/tutorial.py
[2026-02-25T04:50:52.946+0000] {logging_mixin.py:149} INFO - [2026-02-25T04:50:52.946+0000] {dag.py:2726} INFO - Sync 1 DAGs
[2026-02-25T04:50:52.964+0000] {logging_mixin.py:149} INFO - [2026-02-25T04:50:52.964+0000] {dag.py:3490} INFO - Setting next_dagrun for tutorial to 2026-02-24T04:50:52.964594+00:00, run_after=2026-02-25T04:50:52.964594+00:00
[2026-02-25T04:50:52.983+0000] {processor.py:178} INFO - Processing /home/airflow/.local/lib/python3.7/site-packages/airflow/example_dags/tutorial.py took 0.072 seconds
[2026-02-25T04:51:23.255+0000] {processor.py:156} INFO - Started process (PID=431) to work on /home/airflow/.local/lib/python3.7/site-packages/airflow/example_dags/tutorial.py
[2026-02-25T04:51:23.256+0000] {processor.py:799} INFO - Processing file /home/airflow/.local/lib/python3.7/site-packages/airflow/example_dags/tutorial.py for tasks to queue
[2026-02-25T04:51:23.257+0000] {logging_mixin.py:149} INFO - [2026-02-25T04:51:23.257+0000] {dagbag.py:541} INFO - Filling up the DagBag from /home/airflow/.local/lib/python3.7/site-packages/airflow/example_dags/tutorial.py
[2026-02-25T04:51:23.261+0000] {processor.py:809} INFO - DAG(s) dict_keys(['tutorial']) retrieved from /home/airflow/.local/lib/python3.7/site-packages/airflow/example_dags/tutorial.py
[2026-02-25T04:51:23.279+0000] {logging_mixin.py:149} INFO - [2026-02-25T04:51:23.279+0000] {dag.py:2726} INFO - Sync 1 DAGs
[2026-02-25T04:51:23.298+0000] {logging_mixin.py:149} INFO - [2026-02-25T04:51:23.298+0000] {dag.py:3490} INFO - Setting next_dagrun for tutorial to 2026-02-24T04:51:23.298535+00:00, run_after=2026-02-25T04:51:23.298535+00:00
[2026-02-25T04:51:23.313+0000] {processor.py:178} INFO - Processing /home/airflow/.local/lib/python3.7/site-packages/airflow/example_dags/tutorial.py took 0.060 seconds
[2026-02-25T04:51:53.397+0000] {processor.py:156} INFO - Started process (PID=494) to work on /home/airflow/.local/lib/python3.7/site-packages/airflow/example_dags/tutorial.py
[2026-02-25T04:51:53.399+0000] {processor.py:799} INFO - Processing file /home/airflow/.local/lib/python3.7/site-packages/airflow/example_dags/tutorial.py for tasks to queue
[2026-02-25T04:51:53.399+0000] {logging_mixin.py:149} INFO - [2026-02-25T04:51:53.399+0000] {dagbag.py:541} INFO - Filling up the DagBag from /home/airflow/.local/lib/python3.7/site-packages/airflow/example_dags/tutorial.py
[2026-02-25T04:51:53.407+0000] {processor.py:809} INFO - DAG(s) dict_keys(['tutorial']) retrieved from /home/airflow/.local/lib/python3.7/site-packages/airflow/example_dags/tutorial.py
[2026-02-25T04:51:53.430+0000] {logging_mixin.py:149} INFO - [2026-02-25T04:51:53.429+0000] {dag.py:2726} INFO - Sync 1 DAGs
[2026-02-25T04:51:53.449+0000] {logging_mixin.py:149} INFO - [2026-02-25T04:51:53.449+0000] {dag.py:3490} INFO - Setting next_dagrun for tutorial to 2026-02-24T04:51:53.449004+00:00, run_after=2026-02-25T04:51:53.449004+00:00
[2026-02-25T04:51:53.467+0000] {processor.py:178} INFO - Processing /home/airflow/.local/lib/python3.7/site-packages/airflow/example_dags/tutorial.py took 0.076 seconds
[2026-02-25T04:52:23.971+0000] {processor.py:156} INFO - Started process (PID=557) to work on /home/airflow/.local/lib/python3.7/site-packages/airflow/example_dags/tutorial.py
[2026-02-25T04:52:23.972+0000] {processor.py:799} INFO - Processing file /home/airflow/.local/lib/python3.7/site-packages/airflow/example_dags/tutorial.py for tasks to queue
[2026-02-25T04:52:23.973+0000] {logging_mixin.py:149} INFO - [2026-02-25T04:52:23.973+0000] {dagbag.py:541} INFO - Filling up the DagBag from /home/airflow/.local/lib/python3.7/site-packages/airflow/example_dags/tutorial.py
[2026-02-25T04:52:23.980+0000] {processor.py:809} INFO - DAG(s) dict_keys(['tutorial']) retrieved from /home/airflow/.local/lib/python3.7/site-packages/airflow/example_dags/tutorial.py
[2026-02-25T04:52:24.000+0000] {logging_mixin.py:149} INFO - [2026-02-25T04:52:24.000+0000] {dag.py:2726} INFO - Sync 1 DAGs
[2026-02-25T04:52:24.021+0000] {logging_mixin.py:149} INFO - [2026-02-25T04:52:24.021+0000] {dag.py:3490} INFO - Setting next_dagrun for tutorial to 2026-02-24T04:52:24.021507+00:00, run_after=2026-02-25T04:52:24.021507+00:00
[2026-02-25T04:52:24.036+0000] {processor.py:178} INFO - Processing /home/airflow/.local/lib/python3.7/site-packages/airflow/example_dags/tutorial.py took 0.068 seconds
[2026-02-25T04:52:54.378+0000] {processor.py:156} INFO - Started process (PID=627) to work on /home/airflow/.local/lib/python3.7/site-packages/airflow/example_dags/tutorial.py
[2026-02-25T04:52:54.379+0000] {processor.py:799} INFO - Processing file /home/airflow/.local/lib/python3.7/site-packages/airflow/example_dags/tutorial.py for tasks to queue
[2026-02-25T04:52:54.379+0000] {logging_mixin.py:149} INFO - [2026-02-25T04:52:54.379+0000] {dagbag.py:541} INFO - Filling up the DagBag from /home/airflow/.local/lib/python3.7/site-packages/airflow/example_dags/tutorial.py
[2026-02-25T04:52:54.384+0000] {processor.py:809} INFO - DAG(s) dict_keys(['tutorial']) retrieved from /home/airflow/.local/lib/python3.7/site-packages/airflow/example_dags/tutorial.py
[2026-02-25T04:52:54.403+0000] {logging_mixin.py:149} INFO - [2026-02-25T04:52:54.403+0000] {dag.py:2726} INFO - Sync 1 DAGs
[2026-02-25T04:52:54.425+0000] {logging_mixin.py:149} INFO - [2026-02-25T04:52:54.425+0000] {dag.py:3490} INFO - Setting next_dagrun for tutorial to 2026-02-24T04:52:54.425602+00:00, run_after=2026-02-25T04:52:54.425602+00:00
[2026-02-25T04:52:54.439+0000] {processor.py:178} INFO - Processing /home/airflow/.local/lib/python3.7/site-packages/airflow/example_dags/tutorial.py took 0.065 seconds
[2026-02-25T04:53:24.958+0000] {processor.py:156} INFO - Started process (PID=690) to work on /home/airflow/.local/lib/python3.7/site-packages/airflow/example_dags/tutorial.py
[2026-02-25T04:53:24.959+0000] {processor.py:799} INFO - Processing file /home/airflow/.local/lib/python3.7/site-packages/airflow/example_dags/tutorial.py for tasks to queue
[2026-02-25T04:53:24.959+0000] {logging_mixin.py:149} INFO - [2026-02-25T04:53:24.959+0000] {dagbag.py:541} INFO - Filling up the DagBag from /home/airflow/.local/lib/python3.7/site-packages/airflow/example_dags/tutorial.py
[2026-02-25T04:53:24.963+0000] {processor.py:809} INFO - DAG(s) dict_keys(['tutorial']) retrieved from /home/airflow/.local/lib/python3.7/site-packages/airflow/example_dags/tutorial.py
[2026-02-25T04:53:24.978+0000] {logging_mixin.py:149} INFO - [2026-02-25T04:53:24.978+0000] {dag.py:2726} INFO - Sync 1 DAGs
[2026-02-25T04:53:24.994+0000] {logging_mixin.py:149} INFO - [2026-02-25T04:53:24.994+0000] {dag.py:3490} INFO - Setting next_dagrun for tutorial to 2026-02-24T04:53:24.993866+00:00, run_after=2026-02-25T04:53:24.993866+00:00
[2026-02-25T04:53:25.004+0000] {processor.py:178} INFO - Processing /home/airflow/.local/lib/python3.7/site-packages/airflow/example_dags/tutorial.py took 0.050 seconds
[2026-02-25T04:53:55.546+0000] {processor.py:156} INFO - Started process (PID=753) to work on /home/airflow/.local/lib/python3.7/site-packages/airflow/example_dags/tutorial.py
[2026-02-25T04:53:55.547+0000] {processor.py:799} INFO - Processing file /home/airflow/.local/lib/python3.7/site-packages/airflow/example_dags/tutorial.py for tasks to queue
[2026-02-25T04:53:55.548+0000] {logging_mixin.py:149} INFO - [2026-02-25T04:53:55.548+0000] {dagbag.py:541} INFO - Filling up the DagBag from /home/airflow/.local/lib/python3.7/site-packages/airflow/example_dags/tutorial.py
[2026-02-25T04:53:55.553+0000] {processor.py:809} INFO - DAG(s) dict_keys(['tutorial']) retrieved from /home/airflow/.local/lib/python3.7/site-packages/airflow/example_dags/tutorial.py
[2026-02-25T04:53:55.573+0000] {logging_mixin.py:149} INFO - [2026-02-25T04:53:55.573+0000] {dag.py:2726} INFO - Sync 1 DAGs
[2026-02-25T04:53:55.593+0000] {logging_mixin.py:149} INFO - [2026-02-25T04:53:55.593+0000] {dag.py:3490} INFO - Setting next_dagrun for tutorial to 2026-02-24T04:53:55.592873+00:00, run_after=2026-02-25T04:53:55.592873+00:00
[2026-02-25T04:53:55.605+0000] {processor.py:178} INFO - Processing /home/airflow/.local/lib/python3.7/site-packages/airflow/example_dags/tutorial.py took 0.062 seconds
[2026-02-25T04:54:25.951+0000] {processor.py:156} INFO - Started process (PID=816) to work on /home/airflow/.local/lib/python3.7/site-packages/airflow/example_dags/tutorial.py
[2026-02-25T04:54:25.952+0000] {processor.py:799} INFO - Processing file /home/airflow/.local/lib/python3.7/site-packages/airflow/example_dags/tutorial.py for tasks to queue
[2026-02-25T04:54:25.953+0000] {logging_mixin.py:149} INFO - [2026-02-25T04:54:25.953+0000] {dagbag.py:541} INFO - Filling up the DagBag from /home/airflow/.local/lib/python3.7/site-packages/airflow/example_dags/tutorial.py
[2026-02-25T04:54:25.957+0000] {processor.py:809} INFO - DAG(s) dict_keys(['tutorial']) retrieved from /home/airflow/.local/lib/python3.7/site-packages/airflow/example_dags/tutorial.py
[2026-02-25T04:54:25.974+0000] {logging_mixin.py:149} INFO - [2026-02-25T04:54:25.974+0000] {dag.py:2726} INFO - Sync 1 DAGs
[2026-02-25T04:54:25.993+0000] {logging_mixin.py:149} INFO - [2026-02-25T04:54:25.993+0000] {dag.py:3490} INFO - Setting next_dagrun for tutorial to 2026-02-24T04:54:25.993069+00:00, run_after=2026-02-25T04:54:25.993069+00:00
[2026-02-25T04:54:26.012+0000] {processor.py:178} INFO - Processing /home/airflow/.local/lib/python3.7/site-packages/airflow/example_dags/tutorial.py took 0.064 seconds
[2026-02-25T04:54:56.260+0000] {processor.py:156} INFO - Started process (PID=879) to work on /home/airflow/.local/lib/python3.7/site-packages/airflow/example_dags/tutorial.py
[2026-02-25T04:54:56.262+0000] {processor.py:799} INFO - Processing file /home/airflow/.local/lib/python3.7/site-packages/airflow/example_dags/tutorial.py for tasks to queue
[2026-02-25T04:54:56.262+0000] {logging_mixin.py:149} INFO - [2026-02-25T04:54:56.262+0000] {dagbag.py:541} INFO - Filling up the DagBag from /home/airflow/.local/lib/python3.7/site-packages/airflow/example_dags/tutorial.py
[2026-02-25T04:54:56.267+0000] {processor.py:809} INFO - DAG(s) dict_keys(['tutorial']) retrieved from /home/airflow/.local/lib/python3.7/site-packages/airflow/example_dags/tutorial.py
[2026-02-25T04:54:56.288+0000] {logging_mixin.py:149} INFO - [2026-02-25T04:54:56.288+0000] {dag.py:2726} INFO - Sync 1 DAGs
[2026-02-25T04:54:56.306+0000] {logging_mixin.py:149} INFO - [2026-02-25T04:54:56.306+0000] {dag.py:3490} INFO - Setting next_dagrun for tutorial to 2026-02-24T04:54:56.306091+00:00, run_after=2026-02-25T04:54:56.306091+00:00
[2026-02-25T04:54:56.326+0000] {processor.py:178} INFO - Processing /home/airflow/.local/lib/python3.7/site-packages/airflow/example_dags/tutorial.py took 0.068 seconds
[2026-02-25T04:55:26.619+0000] {processor.py:156} INFO - Started process (PID=942) to work on /home/airflow/.local/lib/python3.7/site-packages/airflow/example_dags/tutorial.py
[2026-02-25T04:55:26.620+0000] {processor.py:799} INFO - Processing file /home/airflow/.local/lib/python3.7/site-packages/airflow/example_dags/tutorial.py for tasks to queue
[2026-02-25T04:55:26.620+0000] {logging_mixin.py:149} INFO - [2026-02-25T04:55:26.620+0000] {dagbag.py:541} INFO - Filling up the DagBag from /home/airflow/.local/lib/python3.7/site-packages/airflow/example_dags/tutorial.py
[2026-02-25T04:55:26.624+0000] {processor.py:809} INFO - DAG(s) dict_keys(['tutorial']) retrieved from /home/airflow/.local/lib/python3.7/site-packages/airflow/example_dags/tutorial.py
[2026-02-25T04:55:26.645+0000] {logging_mixin.py:149} INFO - [2026-02-25T04:55:26.644+0000] {dag.py:2726} INFO - Sync 1 DAGs
[2026-02-25T04:55:26.663+0000] {logging_mixin.py:149} INFO - [2026-02-25T04:55:26.663+0000] {dag.py:3490} INFO - Setting next_dagrun for tutorial to 2026-02-24T04:55:26.663506+00:00, run_after=2026-02-25T04:55:26.663506+00:00
[2026-02-25T04:55:26.674+0000] {processor.py:178} INFO - Processing /home/airflow/.local/lib/python3.7/site-packages/airflow/example_dags/tutorial.py took 0.058 seconds
[2026-02-25T04:55:57.202+0000] {processor.py:156} INFO - Started process (PID=1005) to work on /home/airflow/.local/lib/python3.7/site-packages/airflow/example_dags/tutorial.py
[2026-02-25T04:55:57.203+0000] {processor.py:799} INFO - Processing file /home/airflow/.local/lib/python3.7/site-packages/airflow/example_dags/tutorial.py for tasks to queue
[2026-02-25T04:55:57.206+0000] {logging_mixin.py:149} INFO - [2026-02-25T04:55:57.205+0000] {dagbag.py:541} INFO - Filling up the DagBag from /home/airflow/.local/lib/python3.7/site-packages/airflow/example_dags/tutorial.py
[2026-02-25T04:55:57.211+0000] {processor.py:809} INFO - DAG(s) dict_keys(['tutorial']) retrieved from /home/airflow/.local/lib/python3.7/site-packages/airflow/example_dags/tutorial.py
[2026-02-25T04:55:57.247+0000] {logging_mixin.py:149} INFO - [2026-02-25T04:55:57.246+0000] {dag.py:2726} INFO - Sync 1 DAGs
[2026-02-25T04:55:57.266+0000] {logging_mixin.py:149} INFO - [2026-02-25T04:55:57.266+0000] {dag.py:3490} INFO - Setting next_dagrun for tutorial to 2026-02-24T04:55:57.266464+00:00, run_after=2026-02-25T04:55:57.266464+00:00
[2026-02-25T04:55:57.286+0000] {processor.py:178} INFO - Processing /home/airflow/.local/lib/python3.7/site-packages/airflow/example_dags/tutorial.py took 0.091 seconds
[2026-02-25T04:56:27.585+0000] {processor.py:156} INFO - Started process (PID=1068) to work on /home/airflow/.local/lib/python3.7/site-packages/airflow/example_dags/tutorial.py
[2026-02-25T04:56:27.586+0000] {processor.py:799} INFO - Processing file /home/airflow/.local/lib/python3.7/site-packages/airflow/example_dags/tutorial.py for tasks to queue
[2026-02-25T04:56:27.587+0000] {logging_mixin.py:149} INFO - [2026-02-25T04:56:27.587+0000] {dagbag.py:541} INFO - Filling up the DagBag from /home/airflow/.local/lib/python3.7/site-packages/airflow/example_dags/tutorial.py
[2026-02-25T04:56:27.591+0000] {processor.py:809} INFO - DAG(s) dict_keys(['tutorial']) retrieved from /home/airflow/.local/lib/python3.7/site-packages/airflow/example_dags/tutorial.py
[2026-02-25T04:56:27.608+0000] {logging_mixin.py:149} INFO - [2026-02-25T04:56:27.608+0000] {dag.py:2726} INFO - Sync 1 DAGs
[2026-02-25T04:56:27.628+0000] {logging_mixin.py:149} INFO - [2026-02-25T04:56:27.627+0000] {dag.py:3490} INFO - Setting next_dagrun for tutorial to 2026-02-24T04:56:27.627755+00:00, run_after=2026-02-25T04:56:27.627755+00:00
[2026-02-25T04:56:27.642+0000] {processor.py:178} INFO - Processing /home/airflow/.local/lib/python3.7/site-packages/airflow/example_dags/tutorial.py took 0.060 seconds
[2026-02-25T04:56:58.215+0000] {processor.py:156} INFO - Started process (PID=1131) to work on /home/airflow/.local/lib/python3.7/site-packages/airflow/example_dags/tutorial.py
[2026-02-25T04:56:58.215+0000] {processor.py:799} INFO - Processing file /home/airflow/.local/lib/python3.7/site-packages/airflow/example_dags/tutorial.py for tasks to queue
[2026-02-25T04:56:58.216+0000] {logging_mixin.py:149} INFO - [2026-02-25T04:56:58.216+0000] {dagbag.py:541} INFO - Filling up the DagBag from /home/airflow/.local/lib/python3.7/site-packages/airflow/example_dags/tutorial.py
[2026-02-25T04:56:58.221+0000] {processor.py:809} INFO - DAG(s) dict_keys(['tutorial']) retrieved from /home/airflow/.local/lib/python3.7/site-packages/airflow/example_dags/tutorial.py
[2026-02-25T04:56:58.241+0000] {logging_mixin.py:149} INFO - [2026-02-25T04:56:58.241+0000] {dag.py:2726} INFO - Sync 1 DAGs
[2026-02-25T04:56:58.260+0000] {logging_mixin.py:149} INFO - [2026-02-25T04:56:58.260+0000] {dag.py:3490} INFO - Setting next_dagrun for tutorial to 2026-02-24T04:56:58.260099+00:00, run_after=2026-02-25T04:56:58.260099+00:00
[2026-02-25T04:56:58.283+0000] {processor.py:178} INFO - Processing /home/airflow/.local/lib/python3.7/site-packages/airflow/example_dags/tutorial.py took 0.073 seconds
[2026-02-25T04:57:28.619+0000] {processor.py:156} INFO - Started process (PID=1194) to work on /home/airflow/.local/lib/python3.7/site-packages/airflow/example_dags/tutorial.py
[2026-02-25T04:57:28.621+0000] {processor.py:799} INFO - Processing file /home/airflow/.local/lib/python3.7/site-packages/airflow/example_dags/tutorial.py for tasks to queue
[2026-02-25T04:57:28.622+0000] {logging_mixin.py:149} INFO - [2026-02-25T04:57:28.622+0000] {dagbag.py:541} INFO - Filling up the DagBag from /home/airflow/.local/lib/python3.7/site-packages/airflow/example_dags/tutorial.py
[2026-02-25T04:57:28.626+0000] {processor.py:809} INFO - DAG(s) dict_keys(['tutorial']) retrieved from /home/airflow/.local/lib/python3.7/site-packages/airflow/example_dags/tutorial.py
[2026-02-25T04:57:28.645+0000] {logging_mixin.py:149} INFO - [2026-02-25T04:57:28.644+0000] {dag.py:2726} INFO - Sync 1 DAGs
[2026-02-25T04:57:28.665+0000] {logging_mixin.py:149} INFO - [2026-02-25T04:57:28.665+0000] {dag.py:3490} INFO - Setting next_dagrun for tutorial to 2026-02-24T04:57:28.665258+00:00, run_after=2026-02-25T04:57:28.665258+00:00
[2026-02-25T04:57:28.688+0000] {processor.py:178} INFO - Processing /home/airflow/.local/lib/python3.7/site-packages/airflow/example_dags/tutorial.py took 0.072 seconds
[2026-02-25T04:57:58.965+0000] {processor.py:156} INFO - Started process (PID=1257) to work on /home/airflow/.local/lib/python3.7/site-packages/airflow/example_dags/tutorial.py
[2026-02-25T04:57:58.966+0000] {processor.py:799} INFO - Processing file /home/airflow/.local/lib/python3.7/site-packages/airflow/example_dags/tutorial.py for tasks to queue
[2026-02-25T04:57:58.967+0000] {logging_mixin.py:149} INFO - [2026-02-25T04:57:58.967+0000] {dagbag.py:541} INFO - Filling up the DagBag from /home/airflow/.local/lib/python3.7/site-packages/airflow/example_dags/tutorial.py
[2026-02-25T04:57:58.971+0000] {processor.py:809} INFO - DAG(s) dict_keys(['tutorial']) retrieved from /home/airflow/.local/lib/python3.7/site-packages/airflow/example_dags/tutorial.py
[2026-02-25T04:57:58.989+0000] {logging_mixin.py:149} INFO - [2026-02-25T04:57:58.989+0000] {dag.py:2726} INFO - Sync 1 DAGs
[2026-02-25T04:57:59.016+0000] {logging_mixin.py:149} INFO - [2026-02-25T04:57:59.016+0000] {dag.py:3490} INFO - Setting next_dagrun for tutorial to 2026-02-24T04:57:59.016125+00:00, run_after=2026-02-25T04:57:59.016125+00:00
[2026-02-25T04:57:59.037+0000] {processor.py:178} INFO - Processing /home/airflow/.local/lib/python3.7/site-packages/airflow/example_dags/tutorial.py took 0.075 seconds
[2026-02-25T04:58:29.533+0000] {processor.py:156} INFO - Started process (PID=1320) to work on /home/airflow/.local/lib/python3.7/site-packages/airflow/example_dags/tutorial.py
[2026-02-25T04:58:29.534+0000] {processor.py:799} INFO - Processing file /home/airflow/.local/lib/python3.7/site-packages/airflow/example_dags/tutorial.py for tasks to queue
[2026-02-25T04:58:29.535+0000] {logging_mixin.py:149} INFO - [2026-02-25T04:58:29.535+0000] {dagbag.py:541} INFO - Filling up the DagBag from /home/airflow/.local/lib/python3.7/site-packages/airflow/example_dags/tutorial.py
[2026-02-25T04:58:29.539+0000] {processor.py:809} INFO - DAG(s) dict_keys(['tutorial']) retrieved from /home/airflow/.local/lib/python3.7/site-packages/airflow/example_dags/tutorial.py
[2026-02-25T04:58:29.558+0000] {logging_mixin.py:149} INFO - [2026-02-25T04:58:29.558+0000] {dag.py:2726} INFO - Sync 1 DAGs
[2026-02-25T04:58:29.581+0000] {logging_mixin.py:149} INFO - [2026-02-25T04:58:29.581+0000] {dag.py:3490} INFO - Setting next_dagrun for tutorial to 2026-02-24T04:58:29.581312+00:00, run_after=2026-02-25T04:58:29.581312+00:00
[2026-02-25T04:58:29.599+0000] {processor.py:178} INFO - Processing /home/airflow/.local/lib/python3.7/site-packages/airflow/example_dags/tutorial.py took 0.068 seconds
[2026-02-25T04:59:00.226+0000] {processor.py:156} INFO - Started process (PID=1382) to work on /home/airflow/.local/lib/python3.7/site-packages/airflow/example_dags/tutorial.py
[2026-02-25T04:59:00.227+0000] {processor.py:799} INFO - Processing file /home/airflow/.local/lib/python3.7/site-packages/airflow/example_dags/tutorial.py for tasks to queue
[2026-02-25T04:59:00.228+0000] {logging_mixin.py:149} INFO - [2026-02-25T04:59:00.228+0000] {dagbag.py:541} INFO - Filling up the DagBag from /home/airflow/.local/lib/python3.7/site-packages/airflow/example_dags/tutorial.py
[2026-02-25T04:59:00.233+0000] {processor.py:809} INFO - DAG(s) dict_keys(['tutorial']) retrieved from /home/airflow/.local/lib/python3.7/site-packages/airflow/example_dags/tutorial.py
[2026-02-25T04:59:00.251+0000] {logging_mixin.py:149} INFO - [2026-02-25T04:59:00.251+0000] {dag.py:2726} INFO - Sync 1 DAGs
[2026-02-25T04:59:00.269+0000] {logging_mixin.py:149} INFO - [2026-02-25T04:59:00.269+0000] {dag.py:3490} INFO - Setting next_dagrun for tutorial to 2026-02-24T04:59:00.269643+00:00, run_after=2026-02-25T04:59:00.269643+00:00
[2026-02-25T04:59:00.287+0000] {processor.py:178} INFO - Processing /home/airflow/.local/lib/python3.7/site-packages/airflow/example_dags/tutorial.py took 0.063 seconds
[2026-02-25T04:59:30.790+0000] {processor.py:156} INFO - Started process (PID=1445) to work on /home/airflow/.local/lib/python3.7/site-packages/airflow/example_dags/tutorial.py
[2026-02-25T04:59:30.790+0000] {processor.py:799} INFO - Processing file /home/airflow/.local/lib/python3.7/site-packages/airflow/example_dags/tutorial.py for tasks to queue
[2026-02-25T04:59:30.791+0000] {logging_mixin.py:149} INFO - [2026-02-25T04:59:30.791+0000] {dagbag.py:541} INFO - Filling up the DagBag from /home/airflow/.local/lib/python3.7/site-packages/airflow/example_dags/tutorial.py
[2026-02-25T04:59:30.796+0000] {processor.py:809} INFO - DAG(s) dict_keys(['tutorial']) retrieved from /home/airflow/.local/lib/python3.7/site-packages/airflow/example_dags/tutorial.py
[2026-02-25T04:59:30.818+0000] {logging_mixin.py:149} INFO - [2026-02-25T04:59:30.818+0000] {dag.py:2726} INFO - Sync 1 DAGs
[2026-02-25T04:59:30.838+0000] {logging_mixin.py:149} INFO - [2026-02-25T04:59:30.838+0000] {dag.py:3490} INFO - Setting next_dagrun for tutorial to 2026-02-24T04:59:30.838515+00:00, run_after=2026-02-25T04:59:30.838515+00:00
[2026-02-25T04:59:30.858+0000] {processor.py:178} INFO - Processing /home/airflow/.local/lib/python3.7/site-packages/airflow/example_dags/tutorial.py took 0.070 seconds
