[2026-02-25T04:40:39.971+0000] {processor.py:156} INFO - Started process (PID=63) to work on /home/airflow/.local/lib/python3.7/site-packages/airflow/example_dags/tutorial_taskflow_api.py
[2026-02-25T04:40:39.976+0000] {processor.py:799} INFO - Processing file /home/airflow/.local/lib/python3.7/site-packages/airflow/example_dags/tutorial_taskflow_api.py for tasks to queue
[2026-02-25T04:40:39.978+0000] {logging_mixin.py:149} INFO - [2026-02-25T04:40:39.978+0000] {dagbag.py:541} INFO - Filling up the DagBag from /home/airflow/.local/lib/python3.7/site-packages/airflow/example_dags/tutorial_taskflow_api.py
[2026-02-25T04:40:39.992+0000] {processor.py:809} INFO - DAG(s) dict_keys(['tutorial_taskflow_api']) retrieved from /home/airflow/.local/lib/python3.7/site-packages/airflow/example_dags/tutorial_taskflow_api.py
[2026-02-25T04:40:40.119+0000] {logging_mixin.py:149} INFO - [2026-02-25T04:40:40.119+0000] {manager.py:504} INFO - Created Permission View: can edit on DAG:tutorial_taskflow_api
[2026-02-25T04:40:40.126+0000] {logging_mixin.py:149} INFO - [2026-02-25T04:40:40.126+0000] {manager.py:504} INFO - Created Permission View: can delete on DAG:tutorial_taskflow_api
[2026-02-25T04:40:40.132+0000] {logging_mixin.py:149} INFO - [2026-02-25T04:40:40.132+0000] {manager.py:504} INFO - Created Permission View: can read on DAG:tutorial_taskflow_api
[2026-02-25T04:40:40.132+0000] {logging_mixin.py:149} INFO - [2026-02-25T04:40:40.132+0000] {dag.py:2726} INFO - Sync 1 DAGs
[2026-02-25T04:40:40.144+0000] {logging_mixin.py:149} INFO - [2026-02-25T04:40:40.144+0000] {dag.py:2747} INFO - Creating ORM DAG for tutorial_taskflow_api
[2026-02-25T04:40:40.154+0000] {logging_mixin.py:149} INFO - [2026-02-25T04:40:40.153+0000] {dag.py:3490} INFO - Setting next_dagrun for tutorial_taskflow_api to None, run_after=None
[2026-02-25T04:40:40.173+0000] {processor.py:178} INFO - Processing /home/airflow/.local/lib/python3.7/site-packages/airflow/example_dags/tutorial_taskflow_api.py took 0.209 seconds
[2026-02-25T04:41:10.219+0000] {processor.py:156} INFO - Started process (PID=125) to work on /home/airflow/.local/lib/python3.7/site-packages/airflow/example_dags/tutorial_taskflow_api.py
[2026-02-25T04:41:10.220+0000] {processor.py:799} INFO - Processing file /home/airflow/.local/lib/python3.7/site-packages/airflow/example_dags/tutorial_taskflow_api.py for tasks to queue
[2026-02-25T04:41:10.221+0000] {logging_mixin.py:149} INFO - [2026-02-25T04:41:10.221+0000] {dagbag.py:541} INFO - Filling up the DagBag from /home/airflow/.local/lib/python3.7/site-packages/airflow/example_dags/tutorial_taskflow_api.py
[2026-02-25T04:41:10.225+0000] {processor.py:809} INFO - DAG(s) dict_keys(['tutorial_taskflow_api']) retrieved from /home/airflow/.local/lib/python3.7/site-packages/airflow/example_dags/tutorial_taskflow_api.py
[2026-02-25T04:41:10.239+0000] {logging_mixin.py:149} INFO - [2026-02-25T04:41:10.239+0000] {dag.py:2726} INFO - Sync 1 DAGs
[2026-02-25T04:41:10.254+0000] {logging_mixin.py:149} INFO - [2026-02-25T04:41:10.253+0000] {dag.py:3490} INFO - Setting next_dagrun for tutorial_taskflow_api to None, run_after=None
[2026-02-25T04:41:10.264+0000] {processor.py:178} INFO - Processing /home/airflow/.local/lib/python3.7/site-packages/airflow/example_dags/tutorial_taskflow_api.py took 0.046 seconds
[2026-02-25T04:41:40.837+0000] {processor.py:156} INFO - Started process (PID=195) to work on /home/airflow/.local/lib/python3.7/site-packages/airflow/example_dags/tutorial_taskflow_api.py
[2026-02-25T04:41:40.838+0000] {processor.py:799} INFO - Processing file /home/airflow/.local/lib/python3.7/site-packages/airflow/example_dags/tutorial_taskflow_api.py for tasks to queue
[2026-02-25T04:41:40.839+0000] {logging_mixin.py:149} INFO - [2026-02-25T04:41:40.839+0000] {dagbag.py:541} INFO - Filling up the DagBag from /home/airflow/.local/lib/python3.7/site-packages/airflow/example_dags/tutorial_taskflow_api.py
[2026-02-25T04:41:40.843+0000] {processor.py:809} INFO - DAG(s) dict_keys(['tutorial_taskflow_api']) retrieved from /home/airflow/.local/lib/python3.7/site-packages/airflow/example_dags/tutorial_taskflow_api.py
[2026-02-25T04:41:40.860+0000] {logging_mixin.py:149} INFO - [2026-02-25T04:41:40.859+0000] {dag.py:2726} INFO - Sync 1 DAGs
[2026-02-25T04:41:40.877+0000] {logging_mixin.py:149} INFO - [2026-02-25T04:41:40.876+0000] {dag.py:3490} INFO - Setting next_dagrun for tutorial_taskflow_api to None, run_after=None
[2026-02-25T04:41:40.890+0000] {processor.py:178} INFO - Processing /home/airflow/.local/lib/python3.7/site-packages/airflow/example_dags/tutorial_taskflow_api.py took 0.056 seconds
[2026-02-25T04:42:11.276+0000] {processor.py:156} INFO - Started process (PID=258) to work on /home/airflow/.local/lib/python3.7/site-packages/airflow/example_dags/tutorial_taskflow_api.py
[2026-02-25T04:42:11.277+0000] {processor.py:799} INFO - Processing file /home/airflow/.local/lib/python3.7/site-packages/airflow/example_dags/tutorial_taskflow_api.py for tasks to queue
[2026-02-25T04:42:11.278+0000] {logging_mixin.py:149} INFO - [2026-02-25T04:42:11.278+0000] {dagbag.py:541} INFO - Filling up the DagBag from /home/airflow/.local/lib/python3.7/site-packages/airflow/example_dags/tutorial_taskflow_api.py
[2026-02-25T04:42:11.284+0000] {processor.py:809} INFO - DAG(s) dict_keys(['tutorial_taskflow_api']) retrieved from /home/airflow/.local/lib/python3.7/site-packages/airflow/example_dags/tutorial_taskflow_api.py
[2026-02-25T04:42:11.311+0000] {logging_mixin.py:149} INFO - [2026-02-25T04:42:11.311+0000] {dag.py:2726} INFO - Sync 1 DAGs
[2026-02-25T04:42:11.327+0000] {logging_mixin.py:149} INFO - [2026-02-25T04:42:11.327+0000] {dag.py:3490} INFO - Setting next_dagrun for tutorial_taskflow_api to None, run_after=None
[2026-02-25T04:42:11.342+0000] {processor.py:178} INFO - Processing /home/airflow/.local/lib/python3.7/site-packages/airflow/example_dags/tutorial_taskflow_api.py took 0.070 seconds
[2026-02-25T04:42:41.956+0000] {processor.py:156} INFO - Started process (PID=321) to work on /home/airflow/.local/lib/python3.7/site-packages/airflow/example_dags/tutorial_taskflow_api.py
[2026-02-25T04:42:41.957+0000] {processor.py:799} INFO - Processing file /home/airflow/.local/lib/python3.7/site-packages/airflow/example_dags/tutorial_taskflow_api.py for tasks to queue
[2026-02-25T04:42:41.958+0000] {logging_mixin.py:149} INFO - [2026-02-25T04:42:41.958+0000] {dagbag.py:541} INFO - Filling up the DagBag from /home/airflow/.local/lib/python3.7/site-packages/airflow/example_dags/tutorial_taskflow_api.py
[2026-02-25T04:42:41.966+0000] {processor.py:809} INFO - DAG(s) dict_keys(['tutorial_taskflow_api']) retrieved from /home/airflow/.local/lib/python3.7/site-packages/airflow/example_dags/tutorial_taskflow_api.py
[2026-02-25T04:42:41.981+0000] {logging_mixin.py:149} INFO - [2026-02-25T04:42:41.981+0000] {dag.py:2726} INFO - Sync 1 DAGs
[2026-02-25T04:42:41.996+0000] {logging_mixin.py:149} INFO - [2026-02-25T04:42:41.996+0000] {dag.py:3490} INFO - Setting next_dagrun for tutorial_taskflow_api to None, run_after=None
[2026-02-25T04:42:42.005+0000] {processor.py:178} INFO - Processing /home/airflow/.local/lib/python3.7/site-packages/airflow/example_dags/tutorial_taskflow_api.py took 0.051 seconds
[2026-02-25T04:48:21.922+0000] {processor.py:156} INFO - Started process (PID=62) to work on /home/airflow/.local/lib/python3.7/site-packages/airflow/example_dags/tutorial_taskflow_api.py
[2026-02-25T04:48:21.923+0000] {processor.py:799} INFO - Processing file /home/airflow/.local/lib/python3.7/site-packages/airflow/example_dags/tutorial_taskflow_api.py for tasks to queue
[2026-02-25T04:48:21.924+0000] {logging_mixin.py:149} INFO - [2026-02-25T04:48:21.924+0000] {dagbag.py:541} INFO - Filling up the DagBag from /home/airflow/.local/lib/python3.7/site-packages/airflow/example_dags/tutorial_taskflow_api.py
[2026-02-25T04:48:21.930+0000] {processor.py:809} INFO - DAG(s) dict_keys(['tutorial_taskflow_api']) retrieved from /home/airflow/.local/lib/python3.7/site-packages/airflow/example_dags/tutorial_taskflow_api.py
[2026-02-25T04:48:21.943+0000] {logging_mixin.py:149} INFO - [2026-02-25T04:48:21.942+0000] {dag.py:2726} INFO - Sync 1 DAGs
[2026-02-25T04:48:21.967+0000] {logging_mixin.py:149} INFO - [2026-02-25T04:48:21.967+0000] {dag.py:3490} INFO - Setting next_dagrun for tutorial_taskflow_api to None, run_after=None
[2026-02-25T04:48:21.979+0000] {processor.py:178} INFO - Processing /home/airflow/.local/lib/python3.7/site-packages/airflow/example_dags/tutorial_taskflow_api.py took 0.060 seconds
[2026-02-25T04:48:52.606+0000] {processor.py:156} INFO - Started process (PID=125) to work on /home/airflow/.local/lib/python3.7/site-packages/airflow/example_dags/tutorial_taskflow_api.py
[2026-02-25T04:48:52.607+0000] {processor.py:799} INFO - Processing file /home/airflow/.local/lib/python3.7/site-packages/airflow/example_dags/tutorial_taskflow_api.py for tasks to queue
[2026-02-25T04:48:52.607+0000] {logging_mixin.py:149} INFO - [2026-02-25T04:48:52.607+0000] {dagbag.py:541} INFO - Filling up the DagBag from /home/airflow/.local/lib/python3.7/site-packages/airflow/example_dags/tutorial_taskflow_api.py
[2026-02-25T04:48:52.611+0000] {processor.py:809} INFO - DAG(s) dict_keys(['tutorial_taskflow_api']) retrieved from /home/airflow/.local/lib/python3.7/site-packages/airflow/example_dags/tutorial_taskflow_api.py
[2026-02-25T04:48:52.628+0000] {logging_mixin.py:149} INFO - [2026-02-25T04:48:52.628+0000] {dag.py:2726} INFO - Sync 1 DAGs
[2026-02-25T04:48:52.647+0000] {logging_mixin.py:149} INFO - [2026-02-25T04:48:52.647+0000] {dag.py:3490} INFO - Setting next_dagrun for tutorial_taskflow_api to None, run_after=None
[2026-02-25T04:48:52.673+0000] {processor.py:178} INFO - Processing /home/airflow/.local/lib/python3.7/site-packages/airflow/example_dags/tutorial_taskflow_api.py took 0.069 seconds
[2026-02-25T04:49:23.151+0000] {processor.py:156} INFO - Started process (PID=188) to work on /home/airflow/.local/lib/python3.7/site-packages/airflow/example_dags/tutorial_taskflow_api.py
[2026-02-25T04:49:23.152+0000] {processor.py:799} INFO - Processing file /home/airflow/.local/lib/python3.7/site-packages/airflow/example_dags/tutorial_taskflow_api.py for tasks to queue
[2026-02-25T04:49:23.153+0000] {logging_mixin.py:149} INFO - [2026-02-25T04:49:23.153+0000] {dagbag.py:541} INFO - Filling up the DagBag from /home/airflow/.local/lib/python3.7/site-packages/airflow/example_dags/tutorial_taskflow_api.py
[2026-02-25T04:49:23.157+0000] {processor.py:809} INFO - DAG(s) dict_keys(['tutorial_taskflow_api']) retrieved from /home/airflow/.local/lib/python3.7/site-packages/airflow/example_dags/tutorial_taskflow_api.py
[2026-02-25T04:49:23.176+0000] {logging_mixin.py:149} INFO - [2026-02-25T04:49:23.175+0000] {dag.py:2726} INFO - Sync 1 DAGs
[2026-02-25T04:49:23.194+0000] {logging_mixin.py:149} INFO - [2026-02-25T04:49:23.194+0000] {dag.py:3490} INFO - Setting next_dagrun for tutorial_taskflow_api to None, run_after=None
[2026-02-25T04:49:23.217+0000] {processor.py:178} INFO - Processing /home/airflow/.local/lib/python3.7/site-packages/airflow/example_dags/tutorial_taskflow_api.py took 0.070 seconds
[2026-02-25T04:49:53.683+0000] {processor.py:156} INFO - Started process (PID=251) to work on /home/airflow/.local/lib/python3.7/site-packages/airflow/example_dags/tutorial_taskflow_api.py
[2026-02-25T04:49:53.684+0000] {processor.py:799} INFO - Processing file /home/airflow/.local/lib/python3.7/site-packages/airflow/example_dags/tutorial_taskflow_api.py for tasks to queue
[2026-02-25T04:49:53.684+0000] {logging_mixin.py:149} INFO - [2026-02-25T04:49:53.684+0000] {dagbag.py:541} INFO - Filling up the DagBag from /home/airflow/.local/lib/python3.7/site-packages/airflow/example_dags/tutorial_taskflow_api.py
[2026-02-25T04:49:53.688+0000] {processor.py:809} INFO - DAG(s) dict_keys(['tutorial_taskflow_api']) retrieved from /home/airflow/.local/lib/python3.7/site-packages/airflow/example_dags/tutorial_taskflow_api.py
[2026-02-25T04:49:53.711+0000] {logging_mixin.py:149} INFO - [2026-02-25T04:49:53.711+0000] {dag.py:2726} INFO - Sync 1 DAGs
[2026-02-25T04:49:53.736+0000] {logging_mixin.py:149} INFO - [2026-02-25T04:49:53.736+0000] {dag.py:3490} INFO - Setting next_dagrun for tutorial_taskflow_api to None, run_after=None
[2026-02-25T04:49:53.752+0000] {processor.py:178} INFO - Processing /home/airflow/.local/lib/python3.7/site-packages/airflow/example_dags/tutorial_taskflow_api.py took 0.072 seconds
[2026-02-25T04:50:24.170+0000] {processor.py:156} INFO - Started process (PID=321) to work on /home/airflow/.local/lib/python3.7/site-packages/airflow/example_dags/tutorial_taskflow_api.py
[2026-02-25T04:50:24.170+0000] {processor.py:799} INFO - Processing file /home/airflow/.local/lib/python3.7/site-packages/airflow/example_dags/tutorial_taskflow_api.py for tasks to queue
[2026-02-25T04:50:24.171+0000] {logging_mixin.py:149} INFO - [2026-02-25T04:50:24.171+0000] {dagbag.py:541} INFO - Filling up the DagBag from /home/airflow/.local/lib/python3.7/site-packages/airflow/example_dags/tutorial_taskflow_api.py
[2026-02-25T04:50:24.175+0000] {processor.py:809} INFO - DAG(s) dict_keys(['tutorial_taskflow_api']) retrieved from /home/airflow/.local/lib/python3.7/site-packages/airflow/example_dags/tutorial_taskflow_api.py
[2026-02-25T04:50:24.192+0000] {logging_mixin.py:149} INFO - [2026-02-25T04:50:24.191+0000] {dag.py:2726} INFO - Sync 1 DAGs
[2026-02-25T04:50:24.213+0000] {logging_mixin.py:149} INFO - [2026-02-25T04:50:24.213+0000] {dag.py:3490} INFO - Setting next_dagrun for tutorial_taskflow_api to None, run_after=None
[2026-02-25T04:50:24.232+0000] {processor.py:178} INFO - Processing /home/airflow/.local/lib/python3.7/site-packages/airflow/example_dags/tutorial_taskflow_api.py took 0.064 seconds
[2026-02-25T04:50:54.453+0000] {processor.py:156} INFO - Started process (PID=384) to work on /home/airflow/.local/lib/python3.7/site-packages/airflow/example_dags/tutorial_taskflow_api.py
[2026-02-25T04:50:54.453+0000] {processor.py:799} INFO - Processing file /home/airflow/.local/lib/python3.7/site-packages/airflow/example_dags/tutorial_taskflow_api.py for tasks to queue
[2026-02-25T04:50:54.454+0000] {logging_mixin.py:149} INFO - [2026-02-25T04:50:54.454+0000] {dagbag.py:541} INFO - Filling up the DagBag from /home/airflow/.local/lib/python3.7/site-packages/airflow/example_dags/tutorial_taskflow_api.py
[2026-02-25T04:50:54.458+0000] {processor.py:809} INFO - DAG(s) dict_keys(['tutorial_taskflow_api']) retrieved from /home/airflow/.local/lib/python3.7/site-packages/airflow/example_dags/tutorial_taskflow_api.py
[2026-02-25T04:50:54.472+0000] {logging_mixin.py:149} INFO - [2026-02-25T04:50:54.472+0000] {dag.py:2726} INFO - Sync 1 DAGs
[2026-02-25T04:50:54.487+0000] {logging_mixin.py:149} INFO - [2026-02-25T04:50:54.487+0000] {dag.py:3490} INFO - Setting next_dagrun for tutorial_taskflow_api to None, run_after=None
[2026-02-25T04:50:54.498+0000] {processor.py:178} INFO - Processing /home/airflow/.local/lib/python3.7/site-packages/airflow/example_dags/tutorial_taskflow_api.py took 0.048 seconds
[2026-02-25T04:51:24.654+0000] {processor.py:156} INFO - Started process (PID=447) to work on /home/airflow/.local/lib/python3.7/site-packages/airflow/example_dags/tutorial_taskflow_api.py
[2026-02-25T04:51:24.655+0000] {processor.py:799} INFO - Processing file /home/airflow/.local/lib/python3.7/site-packages/airflow/example_dags/tutorial_taskflow_api.py for tasks to queue
[2026-02-25T04:51:24.655+0000] {logging_mixin.py:149} INFO - [2026-02-25T04:51:24.655+0000] {dagbag.py:541} INFO - Filling up the DagBag from /home/airflow/.local/lib/python3.7/site-packages/airflow/example_dags/tutorial_taskflow_api.py
[2026-02-25T04:51:24.660+0000] {processor.py:809} INFO - DAG(s) dict_keys(['tutorial_taskflow_api']) retrieved from /home/airflow/.local/lib/python3.7/site-packages/airflow/example_dags/tutorial_taskflow_api.py
[2026-02-25T04:51:24.676+0000] {logging_mixin.py:149} INFO - [2026-02-25T04:51:24.676+0000] {dag.py:2726} INFO - Sync 1 DAGs
[2026-02-25T04:51:24.698+0000] {logging_mixin.py:149} INFO - [2026-02-25T04:51:24.698+0000] {dag.py:3490} INFO - Setting next_dagrun for tutorial_taskflow_api to None, run_after=None
[2026-02-25T04:51:24.720+0000] {processor.py:178} INFO - Processing /home/airflow/.local/lib/python3.7/site-packages/airflow/example_dags/tutorial_taskflow_api.py took 0.068 seconds
[2026-02-25T04:51:54.984+0000] {processor.py:156} INFO - Started process (PID=510) to work on /home/airflow/.local/lib/python3.7/site-packages/airflow/example_dags/tutorial_taskflow_api.py
[2026-02-25T04:51:54.984+0000] {processor.py:799} INFO - Processing file /home/airflow/.local/lib/python3.7/site-packages/airflow/example_dags/tutorial_taskflow_api.py for tasks to queue
[2026-02-25T04:51:54.985+0000] {logging_mixin.py:149} INFO - [2026-02-25T04:51:54.985+0000] {dagbag.py:541} INFO - Filling up the DagBag from /home/airflow/.local/lib/python3.7/site-packages/airflow/example_dags/tutorial_taskflow_api.py
[2026-02-25T04:51:54.989+0000] {processor.py:809} INFO - DAG(s) dict_keys(['tutorial_taskflow_api']) retrieved from /home/airflow/.local/lib/python3.7/site-packages/airflow/example_dags/tutorial_taskflow_api.py
[2026-02-25T04:51:55.003+0000] {logging_mixin.py:149} INFO - [2026-02-25T04:51:55.003+0000] {dag.py:2726} INFO - Sync 1 DAGs
[2026-02-25T04:51:55.019+0000] {logging_mixin.py:149} INFO - [2026-02-25T04:51:55.019+0000] {dag.py:3490} INFO - Setting next_dagrun for tutorial_taskflow_api to None, run_after=None
[2026-02-25T04:51:55.031+0000] {processor.py:178} INFO - Processing /home/airflow/.local/lib/python3.7/site-packages/airflow/example_dags/tutorial_taskflow_api.py took 0.049 seconds
[2026-02-25T04:52:25.436+0000] {processor.py:156} INFO - Started process (PID=573) to work on /home/airflow/.local/lib/python3.7/site-packages/airflow/example_dags/tutorial_taskflow_api.py
[2026-02-25T04:52:25.437+0000] {processor.py:799} INFO - Processing file /home/airflow/.local/lib/python3.7/site-packages/airflow/example_dags/tutorial_taskflow_api.py for tasks to queue
[2026-02-25T04:52:25.438+0000] {logging_mixin.py:149} INFO - [2026-02-25T04:52:25.438+0000] {dagbag.py:541} INFO - Filling up the DagBag from /home/airflow/.local/lib/python3.7/site-packages/airflow/example_dags/tutorial_taskflow_api.py
[2026-02-25T04:52:25.442+0000] {processor.py:809} INFO - DAG(s) dict_keys(['tutorial_taskflow_api']) retrieved from /home/airflow/.local/lib/python3.7/site-packages/airflow/example_dags/tutorial_taskflow_api.py
[2026-02-25T04:52:25.463+0000] {logging_mixin.py:149} INFO - [2026-02-25T04:52:25.463+0000] {dag.py:2726} INFO - Sync 1 DAGs
[2026-02-25T04:52:25.485+0000] {logging_mixin.py:149} INFO - [2026-02-25T04:52:25.485+0000] {dag.py:3490} INFO - Setting next_dagrun for tutorial_taskflow_api to None, run_after=None
[2026-02-25T04:52:25.503+0000] {processor.py:178} INFO - Processing /home/airflow/.local/lib/python3.7/site-packages/airflow/example_dags/tutorial_taskflow_api.py took 0.070 seconds
[2026-02-25T04:52:55.865+0000] {processor.py:156} INFO - Started process (PID=636) to work on /home/airflow/.local/lib/python3.7/site-packages/airflow/example_dags/tutorial_taskflow_api.py
[2026-02-25T04:52:55.866+0000] {processor.py:799} INFO - Processing file /home/airflow/.local/lib/python3.7/site-packages/airflow/example_dags/tutorial_taskflow_api.py for tasks to queue
[2026-02-25T04:52:55.867+0000] {logging_mixin.py:149} INFO - [2026-02-25T04:52:55.867+0000] {dagbag.py:541} INFO - Filling up the DagBag from /home/airflow/.local/lib/python3.7/site-packages/airflow/example_dags/tutorial_taskflow_api.py
[2026-02-25T04:52:55.871+0000] {processor.py:809} INFO - DAG(s) dict_keys(['tutorial_taskflow_api']) retrieved from /home/airflow/.local/lib/python3.7/site-packages/airflow/example_dags/tutorial_taskflow_api.py
[2026-02-25T04:52:55.893+0000] {logging_mixin.py:149} INFO - [2026-02-25T04:52:55.893+0000] {dag.py:2726} INFO - Sync 1 DAGs
[2026-02-25T04:52:55.914+0000] {logging_mixin.py:149} INFO - [2026-02-25T04:52:55.914+0000] {dag.py:3490} INFO - Setting next_dagrun for tutorial_taskflow_api to None, run_after=None
[2026-02-25T04:52:55.933+0000] {processor.py:178} INFO - Processing /home/airflow/.local/lib/python3.7/site-packages/airflow/example_dags/tutorial_taskflow_api.py took 0.075 seconds
[2026-02-25T04:53:26.504+0000] {processor.py:156} INFO - Started process (PID=699) to work on /home/airflow/.local/lib/python3.7/site-packages/airflow/example_dags/tutorial_taskflow_api.py
[2026-02-25T04:53:26.505+0000] {processor.py:799} INFO - Processing file /home/airflow/.local/lib/python3.7/site-packages/airflow/example_dags/tutorial_taskflow_api.py for tasks to queue
[2026-02-25T04:53:26.508+0000] {logging_mixin.py:149} INFO - [2026-02-25T04:53:26.508+0000] {dagbag.py:541} INFO - Filling up the DagBag from /home/airflow/.local/lib/python3.7/site-packages/airflow/example_dags/tutorial_taskflow_api.py
[2026-02-25T04:53:26.512+0000] {processor.py:809} INFO - DAG(s) dict_keys(['tutorial_taskflow_api']) retrieved from /home/airflow/.local/lib/python3.7/site-packages/airflow/example_dags/tutorial_taskflow_api.py
[2026-02-25T04:53:26.530+0000] {logging_mixin.py:149} INFO - [2026-02-25T04:53:26.530+0000] {dag.py:2726} INFO - Sync 1 DAGs
[2026-02-25T04:53:26.548+0000] {logging_mixin.py:149} INFO - [2026-02-25T04:53:26.548+0000] {dag.py:3490} INFO - Setting next_dagrun for tutorial_taskflow_api to None, run_after=None
[2026-02-25T04:53:26.566+0000] {processor.py:178} INFO - Processing /home/airflow/.local/lib/python3.7/site-packages/airflow/example_dags/tutorial_taskflow_api.py took 0.065 seconds
[2026-02-25T04:53:56.970+0000] {processor.py:156} INFO - Started process (PID=762) to work on /home/airflow/.local/lib/python3.7/site-packages/airflow/example_dags/tutorial_taskflow_api.py
[2026-02-25T04:53:56.971+0000] {processor.py:799} INFO - Processing file /home/airflow/.local/lib/python3.7/site-packages/airflow/example_dags/tutorial_taskflow_api.py for tasks to queue
[2026-02-25T04:53:56.971+0000] {logging_mixin.py:149} INFO - [2026-02-25T04:53:56.971+0000] {dagbag.py:541} INFO - Filling up the DagBag from /home/airflow/.local/lib/python3.7/site-packages/airflow/example_dags/tutorial_taskflow_api.py
[2026-02-25T04:53:56.976+0000] {processor.py:809} INFO - DAG(s) dict_keys(['tutorial_taskflow_api']) retrieved from /home/airflow/.local/lib/python3.7/site-packages/airflow/example_dags/tutorial_taskflow_api.py
[2026-02-25T04:53:56.998+0000] {logging_mixin.py:149} INFO - [2026-02-25T04:53:56.998+0000] {dag.py:2726} INFO - Sync 1 DAGs
[2026-02-25T04:53:57.019+0000] {logging_mixin.py:149} INFO - [2026-02-25T04:53:57.019+0000] {dag.py:3490} INFO - Setting next_dagrun for tutorial_taskflow_api to None, run_after=None
[2026-02-25T04:53:57.036+0000] {processor.py:178} INFO - Processing /home/airflow/.local/lib/python3.7/site-packages/airflow/example_dags/tutorial_taskflow_api.py took 0.068 seconds
[2026-02-25T04:54:27.380+0000] {processor.py:156} INFO - Started process (PID=825) to work on /home/airflow/.local/lib/python3.7/site-packages/airflow/example_dags/tutorial_taskflow_api.py
[2026-02-25T04:54:27.381+0000] {processor.py:799} INFO - Processing file /home/airflow/.local/lib/python3.7/site-packages/airflow/example_dags/tutorial_taskflow_api.py for tasks to queue
[2026-02-25T04:54:27.381+0000] {logging_mixin.py:149} INFO - [2026-02-25T04:54:27.381+0000] {dagbag.py:541} INFO - Filling up the DagBag from /home/airflow/.local/lib/python3.7/site-packages/airflow/example_dags/tutorial_taskflow_api.py
[2026-02-25T04:54:27.385+0000] {processor.py:809} INFO - DAG(s) dict_keys(['tutorial_taskflow_api']) retrieved from /home/airflow/.local/lib/python3.7/site-packages/airflow/example_dags/tutorial_taskflow_api.py
[2026-02-25T04:54:27.402+0000] {logging_mixin.py:149} INFO - [2026-02-25T04:54:27.402+0000] {dag.py:2726} INFO - Sync 1 DAGs
[2026-02-25T04:54:27.423+0000] {logging_mixin.py:149} INFO - [2026-02-25T04:54:27.423+0000] {dag.py:3490} INFO - Setting next_dagrun for tutorial_taskflow_api to None, run_after=None
[2026-02-25T04:54:27.446+0000] {processor.py:178} INFO - Processing /home/airflow/.local/lib/python3.7/site-packages/airflow/example_dags/tutorial_taskflow_api.py took 0.068 seconds
[2026-02-25T04:54:57.686+0000] {processor.py:156} INFO - Started process (PID=888) to work on /home/airflow/.local/lib/python3.7/site-packages/airflow/example_dags/tutorial_taskflow_api.py
[2026-02-25T04:54:57.687+0000] {processor.py:799} INFO - Processing file /home/airflow/.local/lib/python3.7/site-packages/airflow/example_dags/tutorial_taskflow_api.py for tasks to queue
[2026-02-25T04:54:57.688+0000] {logging_mixin.py:149} INFO - [2026-02-25T04:54:57.688+0000] {dagbag.py:541} INFO - Filling up the DagBag from /home/airflow/.local/lib/python3.7/site-packages/airflow/example_dags/tutorial_taskflow_api.py
[2026-02-25T04:54:57.692+0000] {processor.py:809} INFO - DAG(s) dict_keys(['tutorial_taskflow_api']) retrieved from /home/airflow/.local/lib/python3.7/site-packages/airflow/example_dags/tutorial_taskflow_api.py
[2026-02-25T04:54:57.708+0000] {logging_mixin.py:149} INFO - [2026-02-25T04:54:57.708+0000] {dag.py:2726} INFO - Sync 1 DAGs
[2026-02-25T04:54:57.727+0000] {logging_mixin.py:149} INFO - [2026-02-25T04:54:57.727+0000] {dag.py:3490} INFO - Setting next_dagrun for tutorial_taskflow_api to None, run_after=None
[2026-02-25T04:54:57.740+0000] {processor.py:178} INFO - Processing /home/airflow/.local/lib/python3.7/site-packages/airflow/example_dags/tutorial_taskflow_api.py took 0.056 seconds
[2026-02-25T04:55:28.014+0000] {processor.py:156} INFO - Started process (PID=951) to work on /home/airflow/.local/lib/python3.7/site-packages/airflow/example_dags/tutorial_taskflow_api.py
[2026-02-25T04:55:28.015+0000] {processor.py:799} INFO - Processing file /home/airflow/.local/lib/python3.7/site-packages/airflow/example_dags/tutorial_taskflow_api.py for tasks to queue
[2026-02-25T04:55:28.016+0000] {logging_mixin.py:149} INFO - [2026-02-25T04:55:28.016+0000] {dagbag.py:541} INFO - Filling up the DagBag from /home/airflow/.local/lib/python3.7/site-packages/airflow/example_dags/tutorial_taskflow_api.py
[2026-02-25T04:55:28.020+0000] {processor.py:809} INFO - DAG(s) dict_keys(['tutorial_taskflow_api']) retrieved from /home/airflow/.local/lib/python3.7/site-packages/airflow/example_dags/tutorial_taskflow_api.py
[2026-02-25T04:55:28.037+0000] {logging_mixin.py:149} INFO - [2026-02-25T04:55:28.037+0000] {dag.py:2726} INFO - Sync 1 DAGs
[2026-02-25T04:55:28.056+0000] {logging_mixin.py:149} INFO - [2026-02-25T04:55:28.056+0000] {dag.py:3490} INFO - Setting next_dagrun for tutorial_taskflow_api to None, run_after=None
[2026-02-25T04:55:28.077+0000] {processor.py:178} INFO - Processing /home/airflow/.local/lib/python3.7/site-packages/airflow/example_dags/tutorial_taskflow_api.py took 0.065 seconds
[2026-02-25T04:55:58.646+0000] {processor.py:156} INFO - Started process (PID=1014) to work on /home/airflow/.local/lib/python3.7/site-packages/airflow/example_dags/tutorial_taskflow_api.py
[2026-02-25T04:55:58.647+0000] {processor.py:799} INFO - Processing file /home/airflow/.local/lib/python3.7/site-packages/airflow/example_dags/tutorial_taskflow_api.py for tasks to queue
[2026-02-25T04:55:58.648+0000] {logging_mixin.py:149} INFO - [2026-02-25T04:55:58.647+0000] {dagbag.py:541} INFO - Filling up the DagBag from /home/airflow/.local/lib/python3.7/site-packages/airflow/example_dags/tutorial_taskflow_api.py
[2026-02-25T04:55:58.653+0000] {processor.py:809} INFO - DAG(s) dict_keys(['tutorial_taskflow_api']) retrieved from /home/airflow/.local/lib/python3.7/site-packages/airflow/example_dags/tutorial_taskflow_api.py
[2026-02-25T04:55:58.673+0000] {logging_mixin.py:149} INFO - [2026-02-25T04:55:58.672+0000] {dag.py:2726} INFO - Sync 1 DAGs
[2026-02-25T04:55:58.693+0000] {logging_mixin.py:149} INFO - [2026-02-25T04:55:58.693+0000] {dag.py:3490} INFO - Setting next_dagrun for tutorial_taskflow_api to None, run_after=None
[2026-02-25T04:55:58.716+0000] {processor.py:178} INFO - Processing /home/airflow/.local/lib/python3.7/site-packages/airflow/example_dags/tutorial_taskflow_api.py took 0.072 seconds
[2026-02-25T04:56:29.012+0000] {processor.py:156} INFO - Started process (PID=1077) to work on /home/airflow/.local/lib/python3.7/site-packages/airflow/example_dags/tutorial_taskflow_api.py
[2026-02-25T04:56:29.013+0000] {processor.py:799} INFO - Processing file /home/airflow/.local/lib/python3.7/site-packages/airflow/example_dags/tutorial_taskflow_api.py for tasks to queue
[2026-02-25T04:56:29.013+0000] {logging_mixin.py:149} INFO - [2026-02-25T04:56:29.013+0000] {dagbag.py:541} INFO - Filling up the DagBag from /home/airflow/.local/lib/python3.7/site-packages/airflow/example_dags/tutorial_taskflow_api.py
[2026-02-25T04:56:29.018+0000] {processor.py:809} INFO - DAG(s) dict_keys(['tutorial_taskflow_api']) retrieved from /home/airflow/.local/lib/python3.7/site-packages/airflow/example_dags/tutorial_taskflow_api.py
[2026-02-25T04:56:29.047+0000] {logging_mixin.py:149} INFO - [2026-02-25T04:56:29.047+0000] {dag.py:2726} INFO - Sync 1 DAGs
[2026-02-25T04:56:29.071+0000] {logging_mixin.py:149} INFO - [2026-02-25T04:56:29.070+0000] {dag.py:3490} INFO - Setting next_dagrun for tutorial_taskflow_api to None, run_after=None
[2026-02-25T04:56:29.090+0000] {processor.py:178} INFO - Processing /home/airflow/.local/lib/python3.7/site-packages/airflow/example_dags/tutorial_taskflow_api.py took 0.081 seconds
[2026-02-25T04:56:59.698+0000] {processor.py:156} INFO - Started process (PID=1140) to work on /home/airflow/.local/lib/python3.7/site-packages/airflow/example_dags/tutorial_taskflow_api.py
[2026-02-25T04:56:59.699+0000] {processor.py:799} INFO - Processing file /home/airflow/.local/lib/python3.7/site-packages/airflow/example_dags/tutorial_taskflow_api.py for tasks to queue
[2026-02-25T04:56:59.700+0000] {logging_mixin.py:149} INFO - [2026-02-25T04:56:59.700+0000] {dagbag.py:541} INFO - Filling up the DagBag from /home/airflow/.local/lib/python3.7/site-packages/airflow/example_dags/tutorial_taskflow_api.py
[2026-02-25T04:56:59.704+0000] {processor.py:809} INFO - DAG(s) dict_keys(['tutorial_taskflow_api']) retrieved from /home/airflow/.local/lib/python3.7/site-packages/airflow/example_dags/tutorial_taskflow_api.py
[2026-02-25T04:56:59.725+0000] {logging_mixin.py:149} INFO - [2026-02-25T04:56:59.724+0000] {dag.py:2726} INFO - Sync 1 DAGs
[2026-02-25T04:56:59.743+0000] {logging_mixin.py:149} INFO - [2026-02-25T04:56:59.742+0000] {dag.py:3490} INFO - Setting next_dagrun for tutorial_taskflow_api to None, run_after=None
[2026-02-25T04:56:59.762+0000] {processor.py:178} INFO - Processing /home/airflow/.local/lib/python3.7/site-packages/airflow/example_dags/tutorial_taskflow_api.py took 0.070 seconds
[2026-02-25T04:57:30.027+0000] {processor.py:156} INFO - Started process (PID=1203) to work on /home/airflow/.local/lib/python3.7/site-packages/airflow/example_dags/tutorial_taskflow_api.py
[2026-02-25T04:57:30.028+0000] {processor.py:799} INFO - Processing file /home/airflow/.local/lib/python3.7/site-packages/airflow/example_dags/tutorial_taskflow_api.py for tasks to queue
[2026-02-25T04:57:30.028+0000] {logging_mixin.py:149} INFO - [2026-02-25T04:57:30.028+0000] {dagbag.py:541} INFO - Filling up the DagBag from /home/airflow/.local/lib/python3.7/site-packages/airflow/example_dags/tutorial_taskflow_api.py
[2026-02-25T04:57:30.032+0000] {processor.py:809} INFO - DAG(s) dict_keys(['tutorial_taskflow_api']) retrieved from /home/airflow/.local/lib/python3.7/site-packages/airflow/example_dags/tutorial_taskflow_api.py
[2026-02-25T04:57:30.048+0000] {logging_mixin.py:149} INFO - [2026-02-25T04:57:30.048+0000] {dag.py:2726} INFO - Sync 1 DAGs
[2026-02-25T04:57:30.067+0000] {logging_mixin.py:149} INFO - [2026-02-25T04:57:30.067+0000] {dag.py:3490} INFO - Setting next_dagrun for tutorial_taskflow_api to None, run_after=None
[2026-02-25T04:57:30.081+0000] {processor.py:178} INFO - Processing /home/airflow/.local/lib/python3.7/site-packages/airflow/example_dags/tutorial_taskflow_api.py took 0.056 seconds
[2026-02-25T04:58:00.396+0000] {processor.py:156} INFO - Started process (PID=1266) to work on /home/airflow/.local/lib/python3.7/site-packages/airflow/example_dags/tutorial_taskflow_api.py
[2026-02-25T04:58:00.397+0000] {processor.py:799} INFO - Processing file /home/airflow/.local/lib/python3.7/site-packages/airflow/example_dags/tutorial_taskflow_api.py for tasks to queue
[2026-02-25T04:58:00.397+0000] {logging_mixin.py:149} INFO - [2026-02-25T04:58:00.397+0000] {dagbag.py:541} INFO - Filling up the DagBag from /home/airflow/.local/lib/python3.7/site-packages/airflow/example_dags/tutorial_taskflow_api.py
[2026-02-25T04:58:00.402+0000] {processor.py:809} INFO - DAG(s) dict_keys(['tutorial_taskflow_api']) retrieved from /home/airflow/.local/lib/python3.7/site-packages/airflow/example_dags/tutorial_taskflow_api.py
[2026-02-25T04:58:00.418+0000] {logging_mixin.py:149} INFO - [2026-02-25T04:58:00.418+0000] {dag.py:2726} INFO - Sync 1 DAGs
[2026-02-25T04:58:00.438+0000] {logging_mixin.py:149} INFO - [2026-02-25T04:58:00.437+0000] {dag.py:3490} INFO - Setting next_dagrun for tutorial_taskflow_api to None, run_after=None
[2026-02-25T04:58:00.453+0000] {processor.py:178} INFO - Processing /home/airflow/.local/lib/python3.7/site-packages/airflow/example_dags/tutorial_taskflow_api.py took 0.059 seconds
[2026-02-25T04:58:31.026+0000] {processor.py:156} INFO - Started process (PID=1329) to work on /home/airflow/.local/lib/python3.7/site-packages/airflow/example_dags/tutorial_taskflow_api.py
[2026-02-25T04:58:31.027+0000] {processor.py:799} INFO - Processing file /home/airflow/.local/lib/python3.7/site-packages/airflow/example_dags/tutorial_taskflow_api.py for tasks to queue
[2026-02-25T04:58:31.031+0000] {logging_mixin.py:149} INFO - [2026-02-25T04:58:31.030+0000] {dagbag.py:541} INFO - Filling up the DagBag from /home/airflow/.local/lib/python3.7/site-packages/airflow/example_dags/tutorial_taskflow_api.py
[2026-02-25T04:58:31.035+0000] {processor.py:809} INFO - DAG(s) dict_keys(['tutorial_taskflow_api']) retrieved from /home/airflow/.local/lib/python3.7/site-packages/airflow/example_dags/tutorial_taskflow_api.py
[2026-02-25T04:58:31.057+0000] {logging_mixin.py:149} INFO - [2026-02-25T04:58:31.057+0000] {dag.py:2726} INFO - Sync 1 DAGs
[2026-02-25T04:58:31.079+0000] {logging_mixin.py:149} INFO - [2026-02-25T04:58:31.078+0000] {dag.py:3490} INFO - Setting next_dagrun for tutorial_taskflow_api to None, run_after=None
[2026-02-25T04:58:31.103+0000] {processor.py:178} INFO - Processing /home/airflow/.local/lib/python3.7/site-packages/airflow/example_dags/tutorial_taskflow_api.py took 0.080 seconds
[2026-02-25T04:59:01.678+0000] {processor.py:156} INFO - Started process (PID=1391) to work on /home/airflow/.local/lib/python3.7/site-packages/airflow/example_dags/tutorial_taskflow_api.py
[2026-02-25T04:59:01.679+0000] {processor.py:799} INFO - Processing file /home/airflow/.local/lib/python3.7/site-packages/airflow/example_dags/tutorial_taskflow_api.py for tasks to queue
[2026-02-25T04:59:01.680+0000] {logging_mixin.py:149} INFO - [2026-02-25T04:59:01.680+0000] {dagbag.py:541} INFO - Filling up the DagBag from /home/airflow/.local/lib/python3.7/site-packages/airflow/example_dags/tutorial_taskflow_api.py
[2026-02-25T04:59:01.685+0000] {processor.py:809} INFO - DAG(s) dict_keys(['tutorial_taskflow_api']) retrieved from /home/airflow/.local/lib/python3.7/site-packages/airflow/example_dags/tutorial_taskflow_api.py
[2026-02-25T04:59:01.703+0000] {logging_mixin.py:149} INFO - [2026-02-25T04:59:01.703+0000] {dag.py:2726} INFO - Sync 1 DAGs
[2026-02-25T04:59:01.729+0000] {logging_mixin.py:149} INFO - [2026-02-25T04:59:01.729+0000] {dag.py:3490} INFO - Setting next_dagrun for tutorial_taskflow_api to None, run_after=None
[2026-02-25T04:59:01.751+0000] {processor.py:178} INFO - Processing /home/airflow/.local/lib/python3.7/site-packages/airflow/example_dags/tutorial_taskflow_api.py took 0.075 seconds
[2026-02-25T04:59:32.255+0000] {processor.py:156} INFO - Started process (PID=1454) to work on /home/airflow/.local/lib/python3.7/site-packages/airflow/example_dags/tutorial_taskflow_api.py
[2026-02-25T04:59:32.256+0000] {processor.py:799} INFO - Processing file /home/airflow/.local/lib/python3.7/site-packages/airflow/example_dags/tutorial_taskflow_api.py for tasks to queue
[2026-02-25T04:59:32.256+0000] {logging_mixin.py:149} INFO - [2026-02-25T04:59:32.256+0000] {dagbag.py:541} INFO - Filling up the DagBag from /home/airflow/.local/lib/python3.7/site-packages/airflow/example_dags/tutorial_taskflow_api.py
[2026-02-25T04:59:32.261+0000] {processor.py:809} INFO - DAG(s) dict_keys(['tutorial_taskflow_api']) retrieved from /home/airflow/.local/lib/python3.7/site-packages/airflow/example_dags/tutorial_taskflow_api.py
[2026-02-25T04:59:32.278+0000] {logging_mixin.py:149} INFO - [2026-02-25T04:59:32.278+0000] {dag.py:2726} INFO - Sync 1 DAGs
[2026-02-25T04:59:32.301+0000] {logging_mixin.py:149} INFO - [2026-02-25T04:59:32.300+0000] {dag.py:3490} INFO - Setting next_dagrun for tutorial_taskflow_api to None, run_after=None
[2026-02-25T04:59:32.318+0000] {processor.py:178} INFO - Processing /home/airflow/.local/lib/python3.7/site-packages/airflow/example_dags/tutorial_taskflow_api.py took 0.066 seconds
