[2026-02-25T04:40:41.289+0000] {processor.py:156} INFO - Started process (PID=79) to work on /home/airflow/.local/lib/python3.7/site-packages/airflow/example_dags/tutorial_dag.py
[2026-02-25T04:40:41.291+0000] {processor.py:799} INFO - Processing file /home/airflow/.local/lib/python3.7/site-packages/airflow/example_dags/tutorial_dag.py for tasks to queue
[2026-02-25T04:40:41.292+0000] {logging_mixin.py:149} INFO - [2026-02-25T04:40:41.292+0000] {dagbag.py:541} INFO - Filling up the DagBag from /home/airflow/.local/lib/python3.7/site-packages/airflow/example_dags/tutorial_dag.py
[2026-02-25T04:40:41.297+0000] {processor.py:809} INFO - DAG(s) dict_keys(['tutorial_dag']) retrieved from /home/airflow/.local/lib/python3.7/site-packages/airflow/example_dags/tutorial_dag.py
[2026-02-25T04:40:41.394+0000] {logging_mixin.py:149} INFO - [2026-02-25T04:40:41.394+0000] {manager.py:504} INFO - Created Permission View: can edit on DAG:tutorial_dag
[2026-02-25T04:40:41.402+0000] {logging_mixin.py:149} INFO - [2026-02-25T04:40:41.402+0000] {manager.py:504} INFO - Created Permission View: can delete on DAG:tutorial_dag
[2026-02-25T04:40:41.408+0000] {logging_mixin.py:149} INFO - [2026-02-25T04:40:41.408+0000] {manager.py:504} INFO - Created Permission View: can read on DAG:tutorial_dag
[2026-02-25T04:40:41.409+0000] {logging_mixin.py:149} INFO - [2026-02-25T04:40:41.409+0000] {dag.py:2726} INFO - Sync 1 DAGs
[2026-02-25T04:40:41.425+0000] {logging_mixin.py:149} INFO - [2026-02-25T04:40:41.425+0000] {dag.py:2747} INFO - Creating ORM DAG for tutorial_dag
[2026-02-25T04:40:41.438+0000] {logging_mixin.py:149} INFO - [2026-02-25T04:40:41.438+0000] {dag.py:3490} INFO - Setting next_dagrun for tutorial_dag to None, run_after=None
[2026-02-25T04:40:41.452+0000] {processor.py:178} INFO - Processing /home/airflow/.local/lib/python3.7/site-packages/airflow/example_dags/tutorial_dag.py took 0.167 seconds
[2026-02-25T04:41:11.901+0000] {processor.py:156} INFO - Started process (PID=142) to work on /home/airflow/.local/lib/python3.7/site-packages/airflow/example_dags/tutorial_dag.py
[2026-02-25T04:41:11.902+0000] {processor.py:799} INFO - Processing file /home/airflow/.local/lib/python3.7/site-packages/airflow/example_dags/tutorial_dag.py for tasks to queue
[2026-02-25T04:41:11.902+0000] {logging_mixin.py:149} INFO - [2026-02-25T04:41:11.902+0000] {dagbag.py:541} INFO - Filling up the DagBag from /home/airflow/.local/lib/python3.7/site-packages/airflow/example_dags/tutorial_dag.py
[2026-02-25T04:41:11.905+0000] {processor.py:809} INFO - DAG(s) dict_keys(['tutorial_dag']) retrieved from /home/airflow/.local/lib/python3.7/site-packages/airflow/example_dags/tutorial_dag.py
[2026-02-25T04:41:11.920+0000] {logging_mixin.py:149} INFO - [2026-02-25T04:41:11.920+0000] {dag.py:2726} INFO - Sync 1 DAGs
[2026-02-25T04:41:11.935+0000] {logging_mixin.py:149} INFO - [2026-02-25T04:41:11.935+0000] {dag.py:3490} INFO - Setting next_dagrun for tutorial_dag to None, run_after=None
[2026-02-25T04:41:11.945+0000] {processor.py:178} INFO - Processing /home/airflow/.local/lib/python3.7/site-packages/airflow/example_dags/tutorial_dag.py took 0.046 seconds
[2026-02-25T04:41:42.836+0000] {processor.py:156} INFO - Started process (PID=205) to work on /home/airflow/.local/lib/python3.7/site-packages/airflow/example_dags/tutorial_dag.py
[2026-02-25T04:41:42.838+0000] {processor.py:799} INFO - Processing file /home/airflow/.local/lib/python3.7/site-packages/airflow/example_dags/tutorial_dag.py for tasks to queue
[2026-02-25T04:41:42.839+0000] {logging_mixin.py:149} INFO - [2026-02-25T04:41:42.839+0000] {dagbag.py:541} INFO - Filling up the DagBag from /home/airflow/.local/lib/python3.7/site-packages/airflow/example_dags/tutorial_dag.py
[2026-02-25T04:41:42.843+0000] {processor.py:809} INFO - DAG(s) dict_keys(['tutorial_dag']) retrieved from /home/airflow/.local/lib/python3.7/site-packages/airflow/example_dags/tutorial_dag.py
[2026-02-25T04:41:42.873+0000] {logging_mixin.py:149} INFO - [2026-02-25T04:41:42.873+0000] {dag.py:2726} INFO - Sync 1 DAGs
[2026-02-25T04:41:42.895+0000] {logging_mixin.py:149} INFO - [2026-02-25T04:41:42.895+0000] {dag.py:3490} INFO - Setting next_dagrun for tutorial_dag to None, run_after=None
[2026-02-25T04:41:42.913+0000] {processor.py:178} INFO - Processing /home/airflow/.local/lib/python3.7/site-packages/airflow/example_dags/tutorial_dag.py took 0.081 seconds
[2026-02-25T04:42:12.951+0000] {processor.py:156} INFO - Started process (PID=268) to work on /home/airflow/.local/lib/python3.7/site-packages/airflow/example_dags/tutorial_dag.py
[2026-02-25T04:42:12.952+0000] {processor.py:799} INFO - Processing file /home/airflow/.local/lib/python3.7/site-packages/airflow/example_dags/tutorial_dag.py for tasks to queue
[2026-02-25T04:42:12.953+0000] {logging_mixin.py:149} INFO - [2026-02-25T04:42:12.953+0000] {dagbag.py:541} INFO - Filling up the DagBag from /home/airflow/.local/lib/python3.7/site-packages/airflow/example_dags/tutorial_dag.py
[2026-02-25T04:42:12.956+0000] {processor.py:809} INFO - DAG(s) dict_keys(['tutorial_dag']) retrieved from /home/airflow/.local/lib/python3.7/site-packages/airflow/example_dags/tutorial_dag.py
[2026-02-25T04:42:12.973+0000] {logging_mixin.py:149} INFO - [2026-02-25T04:42:12.973+0000] {dag.py:2726} INFO - Sync 1 DAGs
[2026-02-25T04:42:12.993+0000] {logging_mixin.py:149} INFO - [2026-02-25T04:42:12.993+0000] {dag.py:3490} INFO - Setting next_dagrun for tutorial_dag to None, run_after=None
[2026-02-25T04:42:13.005+0000] {processor.py:178} INFO - Processing /home/airflow/.local/lib/python3.7/site-packages/airflow/example_dags/tutorial_dag.py took 0.056 seconds
[2026-02-25T04:42:43.572+0000] {processor.py:156} INFO - Started process (PID=331) to work on /home/airflow/.local/lib/python3.7/site-packages/airflow/example_dags/tutorial_dag.py
[2026-02-25T04:42:43.573+0000] {processor.py:799} INFO - Processing file /home/airflow/.local/lib/python3.7/site-packages/airflow/example_dags/tutorial_dag.py for tasks to queue
[2026-02-25T04:42:43.574+0000] {logging_mixin.py:149} INFO - [2026-02-25T04:42:43.574+0000] {dagbag.py:541} INFO - Filling up the DagBag from /home/airflow/.local/lib/python3.7/site-packages/airflow/example_dags/tutorial_dag.py
[2026-02-25T04:42:43.579+0000] {processor.py:809} INFO - DAG(s) dict_keys(['tutorial_dag']) retrieved from /home/airflow/.local/lib/python3.7/site-packages/airflow/example_dags/tutorial_dag.py
[2026-02-25T04:42:43.609+0000] {logging_mixin.py:149} INFO - [2026-02-25T04:42:43.609+0000] {dag.py:2726} INFO - Sync 1 DAGs
[2026-02-25T04:42:43.628+0000] {logging_mixin.py:149} INFO - [2026-02-25T04:42:43.628+0000] {dag.py:3490} INFO - Setting next_dagrun for tutorial_dag to None, run_after=None
[2026-02-25T04:42:43.643+0000] {processor.py:178} INFO - Processing /home/airflow/.local/lib/python3.7/site-packages/airflow/example_dags/tutorial_dag.py took 0.073 seconds
[2026-02-25T04:48:22.505+0000] {processor.py:156} INFO - Started process (PID=71) to work on /home/airflow/.local/lib/python3.7/site-packages/airflow/example_dags/tutorial_dag.py
[2026-02-25T04:48:22.509+0000] {processor.py:799} INFO - Processing file /home/airflow/.local/lib/python3.7/site-packages/airflow/example_dags/tutorial_dag.py for tasks to queue
[2026-02-25T04:48:22.509+0000] {logging_mixin.py:149} INFO - [2026-02-25T04:48:22.509+0000] {dagbag.py:541} INFO - Filling up the DagBag from /home/airflow/.local/lib/python3.7/site-packages/airflow/example_dags/tutorial_dag.py
[2026-02-25T04:48:22.513+0000] {processor.py:809} INFO - DAG(s) dict_keys(['tutorial_dag']) retrieved from /home/airflow/.local/lib/python3.7/site-packages/airflow/example_dags/tutorial_dag.py
[2026-02-25T04:48:22.525+0000] {logging_mixin.py:149} INFO - [2026-02-25T04:48:22.525+0000] {dag.py:2726} INFO - Sync 1 DAGs
[2026-02-25T04:48:22.549+0000] {logging_mixin.py:149} INFO - [2026-02-25T04:48:22.549+0000] {dag.py:3490} INFO - Setting next_dagrun for tutorial_dag to None, run_after=None
[2026-02-25T04:48:22.574+0000] {processor.py:178} INFO - Processing /home/airflow/.local/lib/python3.7/site-packages/airflow/example_dags/tutorial_dag.py took 0.074 seconds
[2026-02-25T04:48:53.095+0000] {processor.py:156} INFO - Started process (PID=134) to work on /home/airflow/.local/lib/python3.7/site-packages/airflow/example_dags/tutorial_dag.py
[2026-02-25T04:48:53.097+0000] {processor.py:799} INFO - Processing file /home/airflow/.local/lib/python3.7/site-packages/airflow/example_dags/tutorial_dag.py for tasks to queue
[2026-02-25T04:48:53.097+0000] {logging_mixin.py:149} INFO - [2026-02-25T04:48:53.097+0000] {dagbag.py:541} INFO - Filling up the DagBag from /home/airflow/.local/lib/python3.7/site-packages/airflow/example_dags/tutorial_dag.py
[2026-02-25T04:48:53.102+0000] {processor.py:809} INFO - DAG(s) dict_keys(['tutorial_dag']) retrieved from /home/airflow/.local/lib/python3.7/site-packages/airflow/example_dags/tutorial_dag.py
[2026-02-25T04:48:53.125+0000] {logging_mixin.py:149} INFO - [2026-02-25T04:48:53.125+0000] {dag.py:2726} INFO - Sync 1 DAGs
[2026-02-25T04:48:53.143+0000] {logging_mixin.py:149} INFO - [2026-02-25T04:48:53.143+0000] {dag.py:3490} INFO - Setting next_dagrun for tutorial_dag to None, run_after=None
[2026-02-25T04:48:53.158+0000] {processor.py:178} INFO - Processing /home/airflow/.local/lib/python3.7/site-packages/airflow/example_dags/tutorial_dag.py took 0.065 seconds
[2026-02-25T04:49:23.649+0000] {processor.py:156} INFO - Started process (PID=203) to work on /home/airflow/.local/lib/python3.7/site-packages/airflow/example_dags/tutorial_dag.py
[2026-02-25T04:49:23.651+0000] {processor.py:799} INFO - Processing file /home/airflow/.local/lib/python3.7/site-packages/airflow/example_dags/tutorial_dag.py for tasks to queue
[2026-02-25T04:49:23.652+0000] {logging_mixin.py:149} INFO - [2026-02-25T04:49:23.652+0000] {dagbag.py:541} INFO - Filling up the DagBag from /home/airflow/.local/lib/python3.7/site-packages/airflow/example_dags/tutorial_dag.py
[2026-02-25T04:49:23.656+0000] {processor.py:809} INFO - DAG(s) dict_keys(['tutorial_dag']) retrieved from /home/airflow/.local/lib/python3.7/site-packages/airflow/example_dags/tutorial_dag.py
[2026-02-25T04:49:23.677+0000] {logging_mixin.py:149} INFO - [2026-02-25T04:49:23.677+0000] {dag.py:2726} INFO - Sync 1 DAGs
[2026-02-25T04:49:23.695+0000] {logging_mixin.py:149} INFO - [2026-02-25T04:49:23.695+0000] {dag.py:3490} INFO - Setting next_dagrun for tutorial_dag to None, run_after=None
[2026-02-25T04:49:23.713+0000] {processor.py:178} INFO - Processing /home/airflow/.local/lib/python3.7/site-packages/airflow/example_dags/tutorial_dag.py took 0.066 seconds
[2026-02-25T04:49:54.172+0000] {processor.py:156} INFO - Started process (PID=267) to work on /home/airflow/.local/lib/python3.7/site-packages/airflow/example_dags/tutorial_dag.py
[2026-02-25T04:49:54.173+0000] {processor.py:799} INFO - Processing file /home/airflow/.local/lib/python3.7/site-packages/airflow/example_dags/tutorial_dag.py for tasks to queue
[2026-02-25T04:49:54.174+0000] {logging_mixin.py:149} INFO - [2026-02-25T04:49:54.174+0000] {dagbag.py:541} INFO - Filling up the DagBag from /home/airflow/.local/lib/python3.7/site-packages/airflow/example_dags/tutorial_dag.py
[2026-02-25T04:49:54.178+0000] {processor.py:809} INFO - DAG(s) dict_keys(['tutorial_dag']) retrieved from /home/airflow/.local/lib/python3.7/site-packages/airflow/example_dags/tutorial_dag.py
[2026-02-25T04:49:54.203+0000] {logging_mixin.py:149} INFO - [2026-02-25T04:49:54.203+0000] {dag.py:2726} INFO - Sync 1 DAGs
[2026-02-25T04:49:54.223+0000] {logging_mixin.py:149} INFO - [2026-02-25T04:49:54.223+0000] {dag.py:3490} INFO - Setting next_dagrun for tutorial_dag to None, run_after=None
[2026-02-25T04:49:54.240+0000] {processor.py:178} INFO - Processing /home/airflow/.local/lib/python3.7/site-packages/airflow/example_dags/tutorial_dag.py took 0.070 seconds
[2026-02-25T04:50:24.636+0000] {processor.py:156} INFO - Started process (PID=330) to work on /home/airflow/.local/lib/python3.7/site-packages/airflow/example_dags/tutorial_dag.py
[2026-02-25T04:50:24.636+0000] {processor.py:799} INFO - Processing file /home/airflow/.local/lib/python3.7/site-packages/airflow/example_dags/tutorial_dag.py for tasks to queue
[2026-02-25T04:50:24.640+0000] {logging_mixin.py:149} INFO - [2026-02-25T04:50:24.640+0000] {dagbag.py:541} INFO - Filling up the DagBag from /home/airflow/.local/lib/python3.7/site-packages/airflow/example_dags/tutorial_dag.py
[2026-02-25T04:50:24.643+0000] {processor.py:809} INFO - DAG(s) dict_keys(['tutorial_dag']) retrieved from /home/airflow/.local/lib/python3.7/site-packages/airflow/example_dags/tutorial_dag.py
[2026-02-25T04:50:24.663+0000] {logging_mixin.py:149} INFO - [2026-02-25T04:50:24.663+0000] {dag.py:2726} INFO - Sync 1 DAGs
[2026-02-25T04:50:24.683+0000] {logging_mixin.py:149} INFO - [2026-02-25T04:50:24.683+0000] {dag.py:3490} INFO - Setting next_dagrun for tutorial_dag to None, run_after=None
[2026-02-25T04:50:24.695+0000] {processor.py:178} INFO - Processing /home/airflow/.local/lib/python3.7/site-packages/airflow/example_dags/tutorial_dag.py took 0.061 seconds
[2026-02-25T04:50:54.897+0000] {processor.py:156} INFO - Started process (PID=393) to work on /home/airflow/.local/lib/python3.7/site-packages/airflow/example_dags/tutorial_dag.py
[2026-02-25T04:50:54.898+0000] {processor.py:799} INFO - Processing file /home/airflow/.local/lib/python3.7/site-packages/airflow/example_dags/tutorial_dag.py for tasks to queue
[2026-02-25T04:50:54.899+0000] {logging_mixin.py:149} INFO - [2026-02-25T04:50:54.899+0000] {dagbag.py:541} INFO - Filling up the DagBag from /home/airflow/.local/lib/python3.7/site-packages/airflow/example_dags/tutorial_dag.py
[2026-02-25T04:50:54.902+0000] {processor.py:809} INFO - DAG(s) dict_keys(['tutorial_dag']) retrieved from /home/airflow/.local/lib/python3.7/site-packages/airflow/example_dags/tutorial_dag.py
[2026-02-25T04:50:54.923+0000] {logging_mixin.py:149} INFO - [2026-02-25T04:50:54.923+0000] {dag.py:2726} INFO - Sync 1 DAGs
[2026-02-25T04:50:54.941+0000] {logging_mixin.py:149} INFO - [2026-02-25T04:50:54.941+0000] {dag.py:3490} INFO - Setting next_dagrun for tutorial_dag to None, run_after=None
[2026-02-25T04:50:54.955+0000] {processor.py:178} INFO - Processing /home/airflow/.local/lib/python3.7/site-packages/airflow/example_dags/tutorial_dag.py took 0.060 seconds
[2026-02-25T04:51:25.126+0000] {processor.py:156} INFO - Started process (PID=456) to work on /home/airflow/.local/lib/python3.7/site-packages/airflow/example_dags/tutorial_dag.py
[2026-02-25T04:51:25.128+0000] {processor.py:799} INFO - Processing file /home/airflow/.local/lib/python3.7/site-packages/airflow/example_dags/tutorial_dag.py for tasks to queue
[2026-02-25T04:51:25.129+0000] {logging_mixin.py:149} INFO - [2026-02-25T04:51:25.128+0000] {dagbag.py:541} INFO - Filling up the DagBag from /home/airflow/.local/lib/python3.7/site-packages/airflow/example_dags/tutorial_dag.py
[2026-02-25T04:51:25.132+0000] {processor.py:809} INFO - DAG(s) dict_keys(['tutorial_dag']) retrieved from /home/airflow/.local/lib/python3.7/site-packages/airflow/example_dags/tutorial_dag.py
[2026-02-25T04:51:25.152+0000] {logging_mixin.py:149} INFO - [2026-02-25T04:51:25.152+0000] {dag.py:2726} INFO - Sync 1 DAGs
[2026-02-25T04:51:25.169+0000] {logging_mixin.py:149} INFO - [2026-02-25T04:51:25.169+0000] {dag.py:3490} INFO - Setting next_dagrun for tutorial_dag to None, run_after=None
[2026-02-25T04:51:25.180+0000] {processor.py:178} INFO - Processing /home/airflow/.local/lib/python3.7/site-packages/airflow/example_dags/tutorial_dag.py took 0.056 seconds
[2026-02-25T04:51:55.477+0000] {processor.py:156} INFO - Started process (PID=519) to work on /home/airflow/.local/lib/python3.7/site-packages/airflow/example_dags/tutorial_dag.py
[2026-02-25T04:51:55.478+0000] {processor.py:799} INFO - Processing file /home/airflow/.local/lib/python3.7/site-packages/airflow/example_dags/tutorial_dag.py for tasks to queue
[2026-02-25T04:51:55.479+0000] {logging_mixin.py:149} INFO - [2026-02-25T04:51:55.479+0000] {dagbag.py:541} INFO - Filling up the DagBag from /home/airflow/.local/lib/python3.7/site-packages/airflow/example_dags/tutorial_dag.py
[2026-02-25T04:51:55.482+0000] {processor.py:809} INFO - DAG(s) dict_keys(['tutorial_dag']) retrieved from /home/airflow/.local/lib/python3.7/site-packages/airflow/example_dags/tutorial_dag.py
[2026-02-25T04:51:55.505+0000] {logging_mixin.py:149} INFO - [2026-02-25T04:51:55.505+0000] {dag.py:2726} INFO - Sync 1 DAGs
[2026-02-25T04:51:55.521+0000] {logging_mixin.py:149} INFO - [2026-02-25T04:51:55.520+0000] {dag.py:3490} INFO - Setting next_dagrun for tutorial_dag to None, run_after=None
[2026-02-25T04:51:55.541+0000] {processor.py:178} INFO - Processing /home/airflow/.local/lib/python3.7/site-packages/airflow/example_dags/tutorial_dag.py took 0.066 seconds
[2026-02-25T04:52:25.895+0000] {processor.py:156} INFO - Started process (PID=582) to work on /home/airflow/.local/lib/python3.7/site-packages/airflow/example_dags/tutorial_dag.py
[2026-02-25T04:52:25.897+0000] {processor.py:799} INFO - Processing file /home/airflow/.local/lib/python3.7/site-packages/airflow/example_dags/tutorial_dag.py for tasks to queue
[2026-02-25T04:52:25.898+0000] {logging_mixin.py:149} INFO - [2026-02-25T04:52:25.898+0000] {dagbag.py:541} INFO - Filling up the DagBag from /home/airflow/.local/lib/python3.7/site-packages/airflow/example_dags/tutorial_dag.py
[2026-02-25T04:52:25.901+0000] {processor.py:809} INFO - DAG(s) dict_keys(['tutorial_dag']) retrieved from /home/airflow/.local/lib/python3.7/site-packages/airflow/example_dags/tutorial_dag.py
[2026-02-25T04:52:25.917+0000] {logging_mixin.py:149} INFO - [2026-02-25T04:52:25.917+0000] {dag.py:2726} INFO - Sync 1 DAGs
[2026-02-25T04:52:25.934+0000] {logging_mixin.py:149} INFO - [2026-02-25T04:52:25.934+0000] {dag.py:3490} INFO - Setting next_dagrun for tutorial_dag to None, run_after=None
[2026-02-25T04:52:25.955+0000] {processor.py:178} INFO - Processing /home/airflow/.local/lib/python3.7/site-packages/airflow/example_dags/tutorial_dag.py took 0.061 seconds
[2026-02-25T04:52:56.373+0000] {processor.py:156} INFO - Started process (PID=645) to work on /home/airflow/.local/lib/python3.7/site-packages/airflow/example_dags/tutorial_dag.py
[2026-02-25T04:52:56.374+0000] {processor.py:799} INFO - Processing file /home/airflow/.local/lib/python3.7/site-packages/airflow/example_dags/tutorial_dag.py for tasks to queue
[2026-02-25T04:52:56.376+0000] {logging_mixin.py:149} INFO - [2026-02-25T04:52:56.376+0000] {dagbag.py:541} INFO - Filling up the DagBag from /home/airflow/.local/lib/python3.7/site-packages/airflow/example_dags/tutorial_dag.py
[2026-02-25T04:52:56.379+0000] {processor.py:809} INFO - DAG(s) dict_keys(['tutorial_dag']) retrieved from /home/airflow/.local/lib/python3.7/site-packages/airflow/example_dags/tutorial_dag.py
[2026-02-25T04:52:56.401+0000] {logging_mixin.py:149} INFO - [2026-02-25T04:52:56.401+0000] {dag.py:2726} INFO - Sync 1 DAGs
[2026-02-25T04:52:56.421+0000] {logging_mixin.py:149} INFO - [2026-02-25T04:52:56.421+0000] {dag.py:3490} INFO - Setting next_dagrun for tutorial_dag to None, run_after=None
[2026-02-25T04:52:56.438+0000] {processor.py:178} INFO - Processing /home/airflow/.local/lib/python3.7/site-packages/airflow/example_dags/tutorial_dag.py took 0.067 seconds
[2026-02-25T04:53:27.044+0000] {processor.py:156} INFO - Started process (PID=708) to work on /home/airflow/.local/lib/python3.7/site-packages/airflow/example_dags/tutorial_dag.py
[2026-02-25T04:53:27.045+0000] {processor.py:799} INFO - Processing file /home/airflow/.local/lib/python3.7/site-packages/airflow/example_dags/tutorial_dag.py for tasks to queue
[2026-02-25T04:53:27.046+0000] {logging_mixin.py:149} INFO - [2026-02-25T04:53:27.046+0000] {dagbag.py:541} INFO - Filling up the DagBag from /home/airflow/.local/lib/python3.7/site-packages/airflow/example_dags/tutorial_dag.py
[2026-02-25T04:53:27.049+0000] {processor.py:809} INFO - DAG(s) dict_keys(['tutorial_dag']) retrieved from /home/airflow/.local/lib/python3.7/site-packages/airflow/example_dags/tutorial_dag.py
[2026-02-25T04:53:27.072+0000] {logging_mixin.py:149} INFO - [2026-02-25T04:53:27.071+0000] {dag.py:2726} INFO - Sync 1 DAGs
[2026-02-25T04:53:27.102+0000] {logging_mixin.py:149} INFO - [2026-02-25T04:53:27.102+0000] {dag.py:3490} INFO - Setting next_dagrun for tutorial_dag to None, run_after=None
[2026-02-25T04:53:27.121+0000] {processor.py:178} INFO - Processing /home/airflow/.local/lib/python3.7/site-packages/airflow/example_dags/tutorial_dag.py took 0.080 seconds
[2026-02-25T04:53:57.500+0000] {processor.py:156} INFO - Started process (PID=771) to work on /home/airflow/.local/lib/python3.7/site-packages/airflow/example_dags/tutorial_dag.py
[2026-02-25T04:53:57.501+0000] {processor.py:799} INFO - Processing file /home/airflow/.local/lib/python3.7/site-packages/airflow/example_dags/tutorial_dag.py for tasks to queue
[2026-02-25T04:53:57.502+0000] {logging_mixin.py:149} INFO - [2026-02-25T04:53:57.502+0000] {dagbag.py:541} INFO - Filling up the DagBag from /home/airflow/.local/lib/python3.7/site-packages/airflow/example_dags/tutorial_dag.py
[2026-02-25T04:53:57.507+0000] {processor.py:809} INFO - DAG(s) dict_keys(['tutorial_dag']) retrieved from /home/airflow/.local/lib/python3.7/site-packages/airflow/example_dags/tutorial_dag.py
[2026-02-25T04:53:57.528+0000] {logging_mixin.py:149} INFO - [2026-02-25T04:53:57.528+0000] {dag.py:2726} INFO - Sync 1 DAGs
[2026-02-25T04:53:57.544+0000] {logging_mixin.py:149} INFO - [2026-02-25T04:53:57.544+0000] {dag.py:3490} INFO - Setting next_dagrun for tutorial_dag to None, run_after=None
[2026-02-25T04:53:57.557+0000] {processor.py:178} INFO - Processing /home/airflow/.local/lib/python3.7/site-packages/airflow/example_dags/tutorial_dag.py took 0.060 seconds
[2026-02-25T04:54:27.872+0000] {processor.py:156} INFO - Started process (PID=834) to work on /home/airflow/.local/lib/python3.7/site-packages/airflow/example_dags/tutorial_dag.py
[2026-02-25T04:54:27.875+0000] {processor.py:799} INFO - Processing file /home/airflow/.local/lib/python3.7/site-packages/airflow/example_dags/tutorial_dag.py for tasks to queue
[2026-02-25T04:54:27.875+0000] {logging_mixin.py:149} INFO - [2026-02-25T04:54:27.875+0000] {dagbag.py:541} INFO - Filling up the DagBag from /home/airflow/.local/lib/python3.7/site-packages/airflow/example_dags/tutorial_dag.py
[2026-02-25T04:54:27.879+0000] {processor.py:809} INFO - DAG(s) dict_keys(['tutorial_dag']) retrieved from /home/airflow/.local/lib/python3.7/site-packages/airflow/example_dags/tutorial_dag.py
[2026-02-25T04:54:27.898+0000] {logging_mixin.py:149} INFO - [2026-02-25T04:54:27.898+0000] {dag.py:2726} INFO - Sync 1 DAGs
[2026-02-25T04:54:27.915+0000] {logging_mixin.py:149} INFO - [2026-02-25T04:54:27.915+0000] {dag.py:3490} INFO - Setting next_dagrun for tutorial_dag to None, run_after=None
[2026-02-25T04:54:27.926+0000] {processor.py:178} INFO - Processing /home/airflow/.local/lib/python3.7/site-packages/airflow/example_dags/tutorial_dag.py took 0.057 seconds
[2026-02-25T04:54:58.160+0000] {processor.py:156} INFO - Started process (PID=897) to work on /home/airflow/.local/lib/python3.7/site-packages/airflow/example_dags/tutorial_dag.py
[2026-02-25T04:54:58.161+0000] {processor.py:799} INFO - Processing file /home/airflow/.local/lib/python3.7/site-packages/airflow/example_dags/tutorial_dag.py for tasks to queue
[2026-02-25T04:54:58.163+0000] {logging_mixin.py:149} INFO - [2026-02-25T04:54:58.162+0000] {dagbag.py:541} INFO - Filling up the DagBag from /home/airflow/.local/lib/python3.7/site-packages/airflow/example_dags/tutorial_dag.py
[2026-02-25T04:54:58.165+0000] {processor.py:809} INFO - DAG(s) dict_keys(['tutorial_dag']) retrieved from /home/airflow/.local/lib/python3.7/site-packages/airflow/example_dags/tutorial_dag.py
[2026-02-25T04:54:58.183+0000] {logging_mixin.py:149} INFO - [2026-02-25T04:54:58.183+0000] {dag.py:2726} INFO - Sync 1 DAGs
[2026-02-25T04:54:58.200+0000] {logging_mixin.py:149} INFO - [2026-02-25T04:54:58.200+0000] {dag.py:3490} INFO - Setting next_dagrun for tutorial_dag to None, run_after=None
[2026-02-25T04:54:58.220+0000] {processor.py:178} INFO - Processing /home/airflow/.local/lib/python3.7/site-packages/airflow/example_dags/tutorial_dag.py took 0.063 seconds
[2026-02-25T04:55:28.545+0000] {processor.py:156} INFO - Started process (PID=960) to work on /home/airflow/.local/lib/python3.7/site-packages/airflow/example_dags/tutorial_dag.py
[2026-02-25T04:55:28.546+0000] {processor.py:799} INFO - Processing file /home/airflow/.local/lib/python3.7/site-packages/airflow/example_dags/tutorial_dag.py for tasks to queue
[2026-02-25T04:55:28.547+0000] {logging_mixin.py:149} INFO - [2026-02-25T04:55:28.547+0000] {dagbag.py:541} INFO - Filling up the DagBag from /home/airflow/.local/lib/python3.7/site-packages/airflow/example_dags/tutorial_dag.py
[2026-02-25T04:55:28.550+0000] {processor.py:809} INFO - DAG(s) dict_keys(['tutorial_dag']) retrieved from /home/airflow/.local/lib/python3.7/site-packages/airflow/example_dags/tutorial_dag.py
[2026-02-25T04:55:28.566+0000] {logging_mixin.py:149} INFO - [2026-02-25T04:55:28.566+0000] {dag.py:2726} INFO - Sync 1 DAGs
[2026-02-25T04:55:28.587+0000] {logging_mixin.py:149} INFO - [2026-02-25T04:55:28.587+0000] {dag.py:3490} INFO - Setting next_dagrun for tutorial_dag to None, run_after=None
[2026-02-25T04:55:28.601+0000] {processor.py:178} INFO - Processing /home/airflow/.local/lib/python3.7/site-packages/airflow/example_dags/tutorial_dag.py took 0.058 seconds
[2026-02-25T04:55:59.168+0000] {processor.py:156} INFO - Started process (PID=1023) to work on /home/airflow/.local/lib/python3.7/site-packages/airflow/example_dags/tutorial_dag.py
[2026-02-25T04:55:59.169+0000] {processor.py:799} INFO - Processing file /home/airflow/.local/lib/python3.7/site-packages/airflow/example_dags/tutorial_dag.py for tasks to queue
[2026-02-25T04:55:59.170+0000] {logging_mixin.py:149} INFO - [2026-02-25T04:55:59.170+0000] {dagbag.py:541} INFO - Filling up the DagBag from /home/airflow/.local/lib/python3.7/site-packages/airflow/example_dags/tutorial_dag.py
[2026-02-25T04:55:59.175+0000] {processor.py:809} INFO - DAG(s) dict_keys(['tutorial_dag']) retrieved from /home/airflow/.local/lib/python3.7/site-packages/airflow/example_dags/tutorial_dag.py
[2026-02-25T04:55:59.193+0000] {logging_mixin.py:149} INFO - [2026-02-25T04:55:59.193+0000] {dag.py:2726} INFO - Sync 1 DAGs
[2026-02-25T04:55:59.213+0000] {logging_mixin.py:149} INFO - [2026-02-25T04:55:59.212+0000] {dag.py:3490} INFO - Setting next_dagrun for tutorial_dag to None, run_after=None
[2026-02-25T04:55:59.225+0000] {processor.py:178} INFO - Processing /home/airflow/.local/lib/python3.7/site-packages/airflow/example_dags/tutorial_dag.py took 0.059 seconds
[2026-02-25T04:56:29.574+0000] {processor.py:156} INFO - Started process (PID=1086) to work on /home/airflow/.local/lib/python3.7/site-packages/airflow/example_dags/tutorial_dag.py
[2026-02-25T04:56:29.576+0000] {processor.py:799} INFO - Processing file /home/airflow/.local/lib/python3.7/site-packages/airflow/example_dags/tutorial_dag.py for tasks to queue
[2026-02-25T04:56:29.576+0000] {logging_mixin.py:149} INFO - [2026-02-25T04:56:29.576+0000] {dagbag.py:541} INFO - Filling up the DagBag from /home/airflow/.local/lib/python3.7/site-packages/airflow/example_dags/tutorial_dag.py
[2026-02-25T04:56:29.579+0000] {processor.py:809} INFO - DAG(s) dict_keys(['tutorial_dag']) retrieved from /home/airflow/.local/lib/python3.7/site-packages/airflow/example_dags/tutorial_dag.py
[2026-02-25T04:56:29.601+0000] {logging_mixin.py:149} INFO - [2026-02-25T04:56:29.601+0000] {dag.py:2726} INFO - Sync 1 DAGs
[2026-02-25T04:56:29.620+0000] {logging_mixin.py:149} INFO - [2026-02-25T04:56:29.620+0000] {dag.py:3490} INFO - Setting next_dagrun for tutorial_dag to None, run_after=None
[2026-02-25T04:56:29.638+0000] {processor.py:178} INFO - Processing /home/airflow/.local/lib/python3.7/site-packages/airflow/example_dags/tutorial_dag.py took 0.067 seconds
[2026-02-25T04:57:00.248+0000] {processor.py:156} INFO - Started process (PID=1149) to work on /home/airflow/.local/lib/python3.7/site-packages/airflow/example_dags/tutorial_dag.py
[2026-02-25T04:57:00.252+0000] {processor.py:799} INFO - Processing file /home/airflow/.local/lib/python3.7/site-packages/airflow/example_dags/tutorial_dag.py for tasks to queue
[2026-02-25T04:57:00.252+0000] {logging_mixin.py:149} INFO - [2026-02-25T04:57:00.252+0000] {dagbag.py:541} INFO - Filling up the DagBag from /home/airflow/.local/lib/python3.7/site-packages/airflow/example_dags/tutorial_dag.py
[2026-02-25T04:57:00.255+0000] {processor.py:809} INFO - DAG(s) dict_keys(['tutorial_dag']) retrieved from /home/airflow/.local/lib/python3.7/site-packages/airflow/example_dags/tutorial_dag.py
[2026-02-25T04:57:00.277+0000] {logging_mixin.py:149} INFO - [2026-02-25T04:57:00.277+0000] {dag.py:2726} INFO - Sync 1 DAGs
[2026-02-25T04:57:00.298+0000] {logging_mixin.py:149} INFO - [2026-02-25T04:57:00.298+0000] {dag.py:3490} INFO - Setting next_dagrun for tutorial_dag to None, run_after=None
[2026-02-25T04:57:00.310+0000] {processor.py:178} INFO - Processing /home/airflow/.local/lib/python3.7/site-packages/airflow/example_dags/tutorial_dag.py took 0.066 seconds
[2026-02-25T04:57:30.523+0000] {processor.py:156} INFO - Started process (PID=1212) to work on /home/airflow/.local/lib/python3.7/site-packages/airflow/example_dags/tutorial_dag.py
[2026-02-25T04:57:30.524+0000] {processor.py:799} INFO - Processing file /home/airflow/.local/lib/python3.7/site-packages/airflow/example_dags/tutorial_dag.py for tasks to queue
[2026-02-25T04:57:30.525+0000] {logging_mixin.py:149} INFO - [2026-02-25T04:57:30.525+0000] {dagbag.py:541} INFO - Filling up the DagBag from /home/airflow/.local/lib/python3.7/site-packages/airflow/example_dags/tutorial_dag.py
[2026-02-25T04:57:30.528+0000] {processor.py:809} INFO - DAG(s) dict_keys(['tutorial_dag']) retrieved from /home/airflow/.local/lib/python3.7/site-packages/airflow/example_dags/tutorial_dag.py
[2026-02-25T04:57:30.544+0000] {logging_mixin.py:149} INFO - [2026-02-25T04:57:30.544+0000] {dag.py:2726} INFO - Sync 1 DAGs
[2026-02-25T04:57:30.561+0000] {logging_mixin.py:149} INFO - [2026-02-25T04:57:30.561+0000] {dag.py:3490} INFO - Setting next_dagrun for tutorial_dag to None, run_after=None
[2026-02-25T04:57:30.580+0000] {processor.py:178} INFO - Processing /home/airflow/.local/lib/python3.7/site-packages/airflow/example_dags/tutorial_dag.py took 0.059 seconds
[2026-02-25T04:58:00.901+0000] {processor.py:156} INFO - Started process (PID=1275) to work on /home/airflow/.local/lib/python3.7/site-packages/airflow/example_dags/tutorial_dag.py
[2026-02-25T04:58:00.902+0000] {processor.py:799} INFO - Processing file /home/airflow/.local/lib/python3.7/site-packages/airflow/example_dags/tutorial_dag.py for tasks to queue
[2026-02-25T04:58:00.903+0000] {logging_mixin.py:149} INFO - [2026-02-25T04:58:00.902+0000] {dagbag.py:541} INFO - Filling up the DagBag from /home/airflow/.local/lib/python3.7/site-packages/airflow/example_dags/tutorial_dag.py
[2026-02-25T04:58:00.908+0000] {processor.py:809} INFO - DAG(s) dict_keys(['tutorial_dag']) retrieved from /home/airflow/.local/lib/python3.7/site-packages/airflow/example_dags/tutorial_dag.py
[2026-02-25T04:58:00.926+0000] {logging_mixin.py:149} INFO - [2026-02-25T04:58:00.926+0000] {dag.py:2726} INFO - Sync 1 DAGs
[2026-02-25T04:58:00.945+0000] {logging_mixin.py:149} INFO - [2026-02-25T04:58:00.945+0000] {dag.py:3490} INFO - Setting next_dagrun for tutorial_dag to None, run_after=None
[2026-02-25T04:58:00.961+0000] {processor.py:178} INFO - Processing /home/airflow/.local/lib/python3.7/site-packages/airflow/example_dags/tutorial_dag.py took 0.062 seconds
[2026-02-25T04:58:31.664+0000] {processor.py:156} INFO - Started process (PID=1338) to work on /home/airflow/.local/lib/python3.7/site-packages/airflow/example_dags/tutorial_dag.py
[2026-02-25T04:58:31.666+0000] {processor.py:799} INFO - Processing file /home/airflow/.local/lib/python3.7/site-packages/airflow/example_dags/tutorial_dag.py for tasks to queue
[2026-02-25T04:58:31.667+0000] {logging_mixin.py:149} INFO - [2026-02-25T04:58:31.667+0000] {dagbag.py:541} INFO - Filling up the DagBag from /home/airflow/.local/lib/python3.7/site-packages/airflow/example_dags/tutorial_dag.py
[2026-02-25T04:58:31.670+0000] {processor.py:809} INFO - DAG(s) dict_keys(['tutorial_dag']) retrieved from /home/airflow/.local/lib/python3.7/site-packages/airflow/example_dags/tutorial_dag.py
[2026-02-25T04:58:31.687+0000] {logging_mixin.py:149} INFO - [2026-02-25T04:58:31.686+0000] {dag.py:2726} INFO - Sync 1 DAGs
[2026-02-25T04:58:31.710+0000] {logging_mixin.py:149} INFO - [2026-02-25T04:58:31.710+0000] {dag.py:3490} INFO - Setting next_dagrun for tutorial_dag to None, run_after=None
[2026-02-25T04:58:31.725+0000] {processor.py:178} INFO - Processing /home/airflow/.local/lib/python3.7/site-packages/airflow/example_dags/tutorial_dag.py took 0.064 seconds
[2026-02-25T04:59:02.259+0000] {processor.py:156} INFO - Started process (PID=1400) to work on /home/airflow/.local/lib/python3.7/site-packages/airflow/example_dags/tutorial_dag.py
[2026-02-25T04:59:02.261+0000] {processor.py:799} INFO - Processing file /home/airflow/.local/lib/python3.7/site-packages/airflow/example_dags/tutorial_dag.py for tasks to queue
[2026-02-25T04:59:02.262+0000] {logging_mixin.py:149} INFO - [2026-02-25T04:59:02.262+0000] {dagbag.py:541} INFO - Filling up the DagBag from /home/airflow/.local/lib/python3.7/site-packages/airflow/example_dags/tutorial_dag.py
[2026-02-25T04:59:02.265+0000] {processor.py:809} INFO - DAG(s) dict_keys(['tutorial_dag']) retrieved from /home/airflow/.local/lib/python3.7/site-packages/airflow/example_dags/tutorial_dag.py
[2026-02-25T04:59:02.284+0000] {logging_mixin.py:149} INFO - [2026-02-25T04:59:02.284+0000] {dag.py:2726} INFO - Sync 1 DAGs
[2026-02-25T04:59:02.306+0000] {logging_mixin.py:149} INFO - [2026-02-25T04:59:02.306+0000] {dag.py:3490} INFO - Setting next_dagrun for tutorial_dag to None, run_after=None
[2026-02-25T04:59:02.321+0000] {processor.py:178} INFO - Processing /home/airflow/.local/lib/python3.7/site-packages/airflow/example_dags/tutorial_dag.py took 0.064 seconds
[2026-02-25T04:59:32.938+0000] {processor.py:156} INFO - Started process (PID=1463) to work on /home/airflow/.local/lib/python3.7/site-packages/airflow/example_dags/tutorial_dag.py
[2026-02-25T04:59:32.939+0000] {processor.py:799} INFO - Processing file /home/airflow/.local/lib/python3.7/site-packages/airflow/example_dags/tutorial_dag.py for tasks to queue
[2026-02-25T04:59:32.941+0000] {logging_mixin.py:149} INFO - [2026-02-25T04:59:32.941+0000] {dagbag.py:541} INFO - Filling up the DagBag from /home/airflow/.local/lib/python3.7/site-packages/airflow/example_dags/tutorial_dag.py
[2026-02-25T04:59:32.944+0000] {processor.py:809} INFO - DAG(s) dict_keys(['tutorial_dag']) retrieved from /home/airflow/.local/lib/python3.7/site-packages/airflow/example_dags/tutorial_dag.py
[2026-02-25T04:59:32.967+0000] {logging_mixin.py:149} INFO - [2026-02-25T04:59:32.967+0000] {dag.py:2726} INFO - Sync 1 DAGs
[2026-02-25T04:59:32.988+0000] {logging_mixin.py:149} INFO - [2026-02-25T04:59:32.988+0000] {dag.py:3490} INFO - Setting next_dagrun for tutorial_dag to None, run_after=None
[2026-02-25T04:59:33.011+0000] {processor.py:178} INFO - Processing /home/airflow/.local/lib/python3.7/site-packages/airflow/example_dags/tutorial_dag.py took 0.077 seconds
