[2026-05-09T19:32:47.059+0000] {local_task_job_runner.py:120} INFO - ::group::Pre task execution logs
[2026-05-09T19:32:47.081+0000] {taskinstance.py:2076} INFO - Dependencies all met for dep_context=non-requeueable deps ti=<TaskInstance: diabetes_mlops_pipeline.load_incremental_raw manual__2026-05-09T19:32:45.498270+00:00 [queued]>
[2026-05-09T19:32:47.086+0000] {taskinstance.py:2076} INFO - Dependencies all met for dep_context=requeueable deps ti=<TaskInstance: diabetes_mlops_pipeline.load_incremental_raw manual__2026-05-09T19:32:45.498270+00:00 [queued]>
[2026-05-09T19:32:47.086+0000] {taskinstance.py:2306} INFO - Starting attempt 1 of 2
[2026-05-09T19:32:47.097+0000] {taskinstance.py:2330} INFO - Executing <Task(PythonOperator): load_incremental_raw> on 2026-05-09 19:32:45.498270+00:00
[2026-05-09T19:32:47.105+0000] {standard_task_runner.py:90} INFO - Running: ['airflow', 'tasks', 'run', 'diabetes_mlops_pipeline', 'load_incremental_raw', 'manual__2026-05-09T19:32:45.498270+00:00', '--job-id', '19', '--raw', '--subdir', 'DAGS_FOLDER/mlops_pipeline.py', '--cfg-path', '/tmp/tmpr6brq56a']
[2026-05-09T19:32:47.107+0000] {logging_mixin.py:188} WARNING - /home/airflow/.local/lib/python3.12/site-packages/airflow/task/task_runner/standard_task_runner.py:61 DeprecationWarning: This process (pid=1376) is multi-threaded, use of fork() may lead to deadlocks in the child.
[2026-05-09T19:32:47.107+0000] {standard_task_runner.py:63} INFO - Started process 1394 to run task
[2026-05-09T19:32:47.107+0000] {standard_task_runner.py:91} INFO - Job 19: Subtask load_incremental_raw
[2026-05-09T19:32:47.143+0000] {task_command.py:426} INFO - Running <TaskInstance: diabetes_mlops_pipeline.load_incremental_raw manual__2026-05-09T19:32:45.498270+00:00 [running]> on host 3441b056496b
[2026-05-09T19:32:47.217+0000] {taskinstance.py:2648} INFO - Exporting env vars: AIRFLOW_CTX_DAG_OWNER='mlops_team' AIRFLOW_CTX_DAG_ID='diabetes_mlops_pipeline' AIRFLOW_CTX_TASK_ID='load_incremental_raw' AIRFLOW_CTX_EXECUTION_DATE='2026-05-09T19:32:45.498270+00:00' AIRFLOW_CTX_TRY_NUMBER='1' AIRFLOW_CTX_DAG_RUN_ID='manual__2026-05-09T19:32:45.498270+00:00'
[2026-05-09T19:32:47.218+0000] {taskinstance.py:430} INFO - ::endgroup::
[2026-05-09T19:32:48.739+0000] {crypto.py:82} WARNING - empty cryptography key - values will not be stored encrypted.
[2026-05-09T19:32:48.760+0000] {logging_mixin.py:188} INFO - Lote batch_20260509193247 insertado con 15000 registros.
[2026-05-09T19:32:48.766+0000] {python.py:237} INFO - Done. Returned value was: None
[2026-05-09T19:32:48.766+0000] {taskinstance.py:441} INFO - ::group::Post task execution logs
[2026-05-09T19:32:48.774+0000] {taskinstance.py:1206} INFO - Marking task as SUCCESS. dag_id=diabetes_mlops_pipeline, task_id=load_incremental_raw, run_id=manual__2026-05-09T19:32:45.498270+00:00, execution_date=20260509T193245, start_date=20260509T193247, end_date=20260509T193248
[2026-05-09T19:32:48.804+0000] {local_task_job_runner.py:240} INFO - Task exited with return code 0
[2026-05-09T19:32:48.823+0000] {taskinstance.py:3498} INFO - 1 downstream tasks scheduled from follow-on schedule check
[2026-05-09T19:32:48.827+0000] {local_task_job_runner.py:222} INFO - ::endgroup::
