[2026-05-09T17:55:20.682+0000] {local_task_job_runner.py:120} INFO - ::group::Pre task execution logs
[2026-05-09T17:55:20.708+0000] {taskinstance.py:2076} INFO - Dependencies all met for dep_context=non-requeueable deps ti=<TaskInstance: diabetes_mlops_pipeline.quality_check scheduled__2026-05-08T00:00:00+00:00 [queued]>
[2026-05-09T17:55:20.715+0000] {taskinstance.py:2076} INFO - Dependencies all met for dep_context=requeueable deps ti=<TaskInstance: diabetes_mlops_pipeline.quality_check scheduled__2026-05-08T00:00:00+00:00 [queued]>
[2026-05-09T17:55:20.715+0000] {taskinstance.py:2306} INFO - Starting attempt 1 of 2
[2026-05-09T17:55:20.726+0000] {taskinstance.py:2330} INFO - Executing <Task(PythonOperator): quality_check> on 2026-05-08 00:00:00+00:00
[2026-05-09T17:55:20.735+0000] {standard_task_runner.py:90} INFO - Running: ['airflow', 'tasks', 'run', 'diabetes_mlops_pipeline', 'quality_check', 'scheduled__2026-05-08T00:00:00+00:00', '--job-id', '25', '--raw', '--subdir', 'DAGS_FOLDER/mlops_pipeline.py', '--cfg-path', '/tmp/tmpcp1rhhhy']
[2026-05-09T17:55:20.738+0000] {standard_task_runner.py:91} INFO - Job 25: Subtask quality_check
[2026-05-09T17:55:20.738+0000] {logging_mixin.py:188} WARNING - /home/airflow/.local/lib/python3.12/site-packages/airflow/task/task_runner/standard_task_runner.py:61 DeprecationWarning: This process (pid=645) is multi-threaded, use of fork() may lead to deadlocks in the child.
[2026-05-09T17:55:20.739+0000] {standard_task_runner.py:63} INFO - Started process 663 to run task
[2026-05-09T17:55:20.778+0000] {task_command.py:426} INFO - Running <TaskInstance: diabetes_mlops_pipeline.quality_check scheduled__2026-05-08T00:00:00+00:00 [running]> on host d709ff05c5f9
[2026-05-09T17:55:20.848+0000] {taskinstance.py:2648} INFO - Exporting env vars: AIRFLOW_CTX_DAG_OWNER='mlops_team' AIRFLOW_CTX_DAG_ID='diabetes_mlops_pipeline' AIRFLOW_CTX_TASK_ID='quality_check' AIRFLOW_CTX_EXECUTION_DATE='2026-05-08T00:00:00+00:00' AIRFLOW_CTX_TRY_NUMBER='1' AIRFLOW_CTX_DAG_RUN_ID='scheduled__2026-05-08T00:00:00+00:00'
[2026-05-09T17:55:20.849+0000] {taskinstance.py:430} INFO - ::endgroup::
[2026-05-09T17:55:20.887+0000] {logging_mixin.py:188} INFO - Quality check superado. Lote batch_20260509175516 tiene 15000 registros.
[2026-05-09T17:55:20.887+0000] {python.py:237} INFO - Done. Returned value was: None
[2026-05-09T17:55:20.888+0000] {taskinstance.py:441} INFO - ::group::Post task execution logs
[2026-05-09T17:55:20.896+0000] {taskinstance.py:1206} INFO - Marking task as SUCCESS. dag_id=diabetes_mlops_pipeline, task_id=quality_check, run_id=scheduled__2026-05-08T00:00:00+00:00, execution_date=20260508T000000, start_date=20260509T175520, end_date=20260509T175520
[2026-05-09T17:55:20.924+0000] {local_task_job_runner.py:240} INFO - Task exited with return code 0
[2026-05-09T17:55:20.944+0000] {taskinstance.py:3498} INFO - 1 downstream tasks scheduled from follow-on schedule check
[2026-05-09T17:55:20.947+0000] {local_task_job_runner.py:222} INFO - ::endgroup::
[2026-05-09T18:33:44.961+0000] {local_task_job_runner.py:120} INFO - ::group::Pre task execution logs
[2026-05-09T18:33:44.984+0000] {taskinstance.py:2076} INFO - Dependencies all met for dep_context=non-requeueable deps ti=<TaskInstance: diabetes_mlops_pipeline.quality_check scheduled__2026-05-08T00:00:00+00:00 [queued]>
[2026-05-09T18:33:44.989+0000] {taskinstance.py:2076} INFO - Dependencies all met for dep_context=requeueable deps ti=<TaskInstance: diabetes_mlops_pipeline.quality_check scheduled__2026-05-08T00:00:00+00:00 [queued]>
[2026-05-09T18:33:44.990+0000] {taskinstance.py:2306} INFO - Starting attempt 1 of 2
[2026-05-09T18:33:45.001+0000] {taskinstance.py:2330} INFO - Executing <Task(PythonOperator): quality_check> on 2026-05-08 00:00:00+00:00
[2026-05-09T18:33:45.009+0000] {standard_task_runner.py:90} INFO - Running: ['airflow', 'tasks', 'run', 'diabetes_mlops_pipeline', 'quality_check', 'scheduled__2026-05-08T00:00:00+00:00', '--job-id', '3', '--raw', '--subdir', 'DAGS_FOLDER/mlops_pipeline.py', '--cfg-path', '/tmp/tmpiw5rvpnz']
[2026-05-09T18:33:45.010+0000] {standard_task_runner.py:91} INFO - Job 3: Subtask quality_check
[2026-05-09T18:33:45.010+0000] {logging_mixin.py:188} WARNING - /home/airflow/.local/lib/python3.12/site-packages/airflow/task/task_runner/standard_task_runner.py:61 DeprecationWarning: This process (pid=301) is multi-threaded, use of fork() may lead to deadlocks in the child.
[2026-05-09T18:33:45.011+0000] {standard_task_runner.py:63} INFO - Started process 319 to run task
[2026-05-09T18:33:45.051+0000] {task_command.py:426} INFO - Running <TaskInstance: diabetes_mlops_pipeline.quality_check scheduled__2026-05-08T00:00:00+00:00 [running]> on host f748990a7bb4
[2026-05-09T18:33:45.119+0000] {taskinstance.py:2648} INFO - Exporting env vars: AIRFLOW_CTX_DAG_OWNER='mlops_team' AIRFLOW_CTX_DAG_ID='diabetes_mlops_pipeline' AIRFLOW_CTX_TASK_ID='quality_check' AIRFLOW_CTX_EXECUTION_DATE='2026-05-08T00:00:00+00:00' AIRFLOW_CTX_TRY_NUMBER='1' AIRFLOW_CTX_DAG_RUN_ID='scheduled__2026-05-08T00:00:00+00:00'
[2026-05-09T18:33:45.120+0000] {taskinstance.py:430} INFO - ::endgroup::
[2026-05-09T18:33:45.156+0000] {logging_mixin.py:188} INFO - Quality check superado. Lote batch_20260509183341 tiene 15000 registros.
[2026-05-09T18:33:45.156+0000] {python.py:237} INFO - Done. Returned value was: None
[2026-05-09T18:33:45.157+0000] {taskinstance.py:441} INFO - ::group::Post task execution logs
[2026-05-09T18:33:45.164+0000] {taskinstance.py:1206} INFO - Marking task as SUCCESS. dag_id=diabetes_mlops_pipeline, task_id=quality_check, run_id=scheduled__2026-05-08T00:00:00+00:00, execution_date=20260508T000000, start_date=20260509T183344, end_date=20260509T183345
[2026-05-09T18:33:45.193+0000] {local_task_job_runner.py:240} INFO - Task exited with return code 0
[2026-05-09T18:33:45.214+0000] {taskinstance.py:3498} INFO - 1 downstream tasks scheduled from follow-on schedule check
[2026-05-09T18:33:45.218+0000] {local_task_job_runner.py:222} INFO - ::endgroup::
[2026-05-09T18:49:46.195+0000] {local_task_job_runner.py:120} INFO - ::group::Pre task execution logs
[2026-05-09T18:49:46.231+0000] {taskinstance.py:2076} INFO - Dependencies all met for dep_context=non-requeueable deps ti=<TaskInstance: diabetes_mlops_pipeline.quality_check scheduled__2026-05-08T00:00:00+00:00 [queued]>
[2026-05-09T18:49:46.241+0000] {taskinstance.py:2076} INFO - Dependencies all met for dep_context=requeueable deps ti=<TaskInstance: diabetes_mlops_pipeline.quality_check scheduled__2026-05-08T00:00:00+00:00 [queued]>
[2026-05-09T18:49:46.242+0000] {taskinstance.py:2306} INFO - Starting attempt 1 of 2
[2026-05-09T18:49:46.260+0000] {taskinstance.py:2330} INFO - Executing <Task(PythonOperator): quality_check> on 2026-05-08 00:00:00+00:00
[2026-05-09T18:49:46.272+0000] {standard_task_runner.py:90} INFO - Running: ['airflow', 'tasks', 'run', 'diabetes_mlops_pipeline', 'quality_check', 'scheduled__2026-05-08T00:00:00+00:00', '--job-id', '3', '--raw', '--subdir', 'DAGS_FOLDER/mlops_pipeline.py', '--cfg-path', '/tmp/tmpiioms37o']
[2026-05-09T18:49:46.275+0000] {standard_task_runner.py:91} INFO - Job 3: Subtask quality_check
[2026-05-09T18:49:46.276+0000] {logging_mixin.py:188} WARNING - /home/airflow/.local/lib/python3.12/site-packages/airflow/task/task_runner/standard_task_runner.py:61 DeprecationWarning: This process (pid=257) is multi-threaded, use of fork() may lead to deadlocks in the child.
[2026-05-09T18:49:46.277+0000] {standard_task_runner.py:63} INFO - Started process 275 to run task
[2026-05-09T18:49:46.322+0000] {task_command.py:426} INFO - Running <TaskInstance: diabetes_mlops_pipeline.quality_check scheduled__2026-05-08T00:00:00+00:00 [running]> on host b4f9c666e238
[2026-05-09T18:49:46.410+0000] {taskinstance.py:2648} INFO - Exporting env vars: AIRFLOW_CTX_DAG_OWNER='mlops_team' AIRFLOW_CTX_DAG_ID='diabetes_mlops_pipeline' AIRFLOW_CTX_TASK_ID='quality_check' AIRFLOW_CTX_EXECUTION_DATE='2026-05-08T00:00:00+00:00' AIRFLOW_CTX_TRY_NUMBER='1' AIRFLOW_CTX_DAG_RUN_ID='scheduled__2026-05-08T00:00:00+00:00'
[2026-05-09T18:49:46.411+0000] {taskinstance.py:430} INFO - ::endgroup::
[2026-05-09T18:49:46.455+0000] {logging_mixin.py:188} INFO - Quality check superado. Lote batch_20260509184941 tiene 15000 registros.
[2026-05-09T18:49:46.455+0000] {python.py:237} INFO - Done. Returned value was: None
[2026-05-09T18:49:46.456+0000] {taskinstance.py:441} INFO - ::group::Post task execution logs
[2026-05-09T18:49:46.465+0000] {taskinstance.py:1206} INFO - Marking task as SUCCESS. dag_id=diabetes_mlops_pipeline, task_id=quality_check, run_id=scheduled__2026-05-08T00:00:00+00:00, execution_date=20260508T000000, start_date=20260509T184946, end_date=20260509T184946
[2026-05-09T18:49:46.498+0000] {local_task_job_runner.py:240} INFO - Task exited with return code 0
[2026-05-09T18:49:46.523+0000] {taskinstance.py:3498} INFO - 1 downstream tasks scheduled from follow-on schedule check
[2026-05-09T18:49:46.528+0000] {local_task_job_runner.py:222} INFO - ::endgroup::
