[2026-05-09T18:02:48.329+0000] {local_task_job_runner.py:120} INFO - ::group::Pre task execution logs
[2026-05-09T18:02:48.355+0000] {taskinstance.py:2076} INFO - Dependencies all met for dep_context=non-requeueable deps ti=<TaskInstance: diabetes_mlops_pipeline.train_and_log_model manual__2026-05-09T17:54:10.958799+00:00 [queued]>
[2026-05-09T18:02:48.362+0000] {taskinstance.py:2076} INFO - Dependencies all met for dep_context=requeueable deps ti=<TaskInstance: diabetes_mlops_pipeline.train_and_log_model manual__2026-05-09T17:54:10.958799+00:00 [queued]>
[2026-05-09T18:02:48.363+0000] {taskinstance.py:2306} INFO - Starting attempt 1 of 2
[2026-05-09T18:02:48.374+0000] {taskinstance.py:2330} INFO - Executing <Task(PythonOperator): train_and_log_model> on 2026-05-09 17:54:10.958799+00:00
[2026-05-09T18:02:48.383+0000] {standard_task_runner.py:90} INFO - Running: ['airflow', 'tasks', 'run', 'diabetes_mlops_pipeline', 'train_and_log_model', 'manual__2026-05-09T17:54:10.958799+00:00', '--job-id', '44', '--raw', '--subdir', 'DAGS_FOLDER/mlops_pipeline.py', '--cfg-path', '/tmp/tmpi2npt18k']
[2026-05-09T18:02:48.385+0000] {standard_task_runner.py:91} INFO - Job 44: Subtask train_and_log_model
[2026-05-09T18:02:48.385+0000] {logging_mixin.py:188} WARNING - /home/airflow/.local/lib/python3.12/site-packages/airflow/task/task_runner/standard_task_runner.py:61 DeprecationWarning: This process (pid=1336) is multi-threaded, use of fork() may lead to deadlocks in the child.
[2026-05-09T18:02:48.388+0000] {standard_task_runner.py:63} INFO - Started process 1358 to run task
[2026-05-09T18:02:48.428+0000] {task_command.py:426} INFO - Running <TaskInstance: diabetes_mlops_pipeline.train_and_log_model manual__2026-05-09T17:54:10.958799+00:00 [running]> on host d709ff05c5f9
[2026-05-09T18:02:48.495+0000] {taskinstance.py:2648} INFO - Exporting env vars: AIRFLOW_CTX_DAG_OWNER='mlops_team' AIRFLOW_CTX_DAG_ID='diabetes_mlops_pipeline' AIRFLOW_CTX_TASK_ID='train_and_log_model' AIRFLOW_CTX_EXECUTION_DATE='2026-05-09T17:54:10.958799+00:00' AIRFLOW_CTX_TRY_NUMBER='1' AIRFLOW_CTX_DAG_RUN_ID='manual__2026-05-09T17:54:10.958799+00:00'
[2026-05-09T18:02:48.496+0000] {taskinstance.py:430} INFO - ::endgroup::
[2026-05-09T18:02:48.743+0000] {taskinstance.py:441} INFO - ::group::Post task execution logs
[2026-05-09T18:02:48.744+0000] {taskinstance.py:2905} ERROR - Task failed with exception
Traceback (most recent call last):
  File "/home/airflow/.local/lib/python3.12/site-packages/airflow/models/taskinstance.py", line 465, in _execute_task
    result = _execute_callable(context=context, **execute_callable_kwargs)
             ^^^^^^^^^^^^^^^^^^^^^^^^^^^^^^^^^^^^^^^^^^^^^^^^^^^^^^^^^^^^^
  File "/home/airflow/.local/lib/python3.12/site-packages/airflow/models/taskinstance.py", line 432, in _execute_callable
    return execute_callable(context=context, **execute_callable_kwargs)
           ^^^^^^^^^^^^^^^^^^^^^^^^^^^^^^^^^^^^^^^^^^^^^^^^^^^^^^^^^^^^
  File "/home/airflow/.local/lib/python3.12/site-packages/airflow/models/baseoperator.py", line 400, in wrapper
    return func(self, *args, **kwargs)
           ^^^^^^^^^^^^^^^^^^^^^^^^^^^
  File "/home/airflow/.local/lib/python3.12/site-packages/airflow/operators/python.py", line 235, in execute
    return_value = self.execute_callable()
                   ^^^^^^^^^^^^^^^^^^^^^^^
  File "/home/airflow/.local/lib/python3.12/site-packages/airflow/operators/python.py", line 252, in execute_callable
    return self.python_callable(*self.op_args, **self.op_kwargs)
           ^^^^^^^^^^^^^^^^^^^^^^^^^^^^^^^^^^^^^^^^^^^^^^^^^^^^^
  File "/opt/airflow/dags/mlops_pipeline.py", line 129, in _train_and_log_model
    X = pd.json_normalize(clean_df['features'].apply(json.loads))
                          ^^^^^^^^^^^^^^^^^^^^^^^^^^^^^^^^^^^^^^
  File "/home/airflow/.local/lib/python3.12/site-packages/pandas/core/series.py", line 4764, in apply
    ).apply()
      ^^^^^^^
  File "/home/airflow/.local/lib/python3.12/site-packages/pandas/core/apply.py", line 1209, in apply
    return self.apply_standard()
           ^^^^^^^^^^^^^^^^^^^^^
  File "/home/airflow/.local/lib/python3.12/site-packages/pandas/core/apply.py", line 1289, in apply_standard
    mapped = obj._map_values(
             ^^^^^^^^^^^^^^^^
  File "/home/airflow/.local/lib/python3.12/site-packages/pandas/core/base.py", line 921, in _map_values
    return algorithms.map_array(arr, mapper, na_action=na_action, convert=convert)
           ^^^^^^^^^^^^^^^^^^^^^^^^^^^^^^^^^^^^^^^^^^^^^^^^^^^^^^^^^^^^^^^^^^^^^^^
  File "/home/airflow/.local/lib/python3.12/site-packages/pandas/core/algorithms.py", line 1814, in map_array
    return lib.map_infer(values, mapper, convert=convert)
           ^^^^^^^^^^^^^^^^^^^^^^^^^^^^^^^^^^^^^^^^^^^^^^
  File "lib.pyx", line 2926, in pandas._libs.lib.map_infer
  File "/usr/local/lib/python3.12/json/__init__.py", line 339, in loads
    raise TypeError(f'the JSON object must be str, bytes or bytearray, '
TypeError: the JSON object must be str, bytes or bytearray, not dict
[2026-05-09T18:02:48.754+0000] {taskinstance.py:1206} INFO - Marking task as UP_FOR_RETRY. dag_id=diabetes_mlops_pipeline, task_id=train_and_log_model, run_id=manual__2026-05-09T17:54:10.958799+00:00, execution_date=20260509T175410, start_date=20260509T180248, end_date=20260509T180248
[2026-05-09T18:02:48.764+0000] {standard_task_runner.py:110} ERROR - Failed to execute job 44 for task train_and_log_model (the JSON object must be str, bytes or bytearray, not dict; 1358)
[2026-05-09T18:02:48.818+0000] {local_task_job_runner.py:240} INFO - Task exited with return code 1
[2026-05-09T18:02:48.851+0000] {taskinstance.py:3498} INFO - 0 downstream tasks scheduled from follow-on schedule check
[2026-05-09T18:02:48.855+0000] {local_task_job_runner.py:222} INFO - ::endgroup::
