[2026-05-30T01:19:45.662+0000] {local_task_job_runner.py:120} INFO - ::group::Pre task execution logs
[2026-05-30T01:19:45.688+0000] {taskinstance.py:2076} INFO - Dependencies all met for dep_context=non-requeueable deps ti=<TaskInstance: real_estate_mlops_pipeline.register_candidate_in_mlflow scheduled__2026-05-30T00:00:00+00:00 [queued]>
[2026-05-30T01:19:45.695+0000] {taskinstance.py:2076} INFO - Dependencies all met for dep_context=requeueable deps ti=<TaskInstance: real_estate_mlops_pipeline.register_candidate_in_mlflow scheduled__2026-05-30T00:00:00+00:00 [queued]>
[2026-05-30T01:19:45.695+0000] {taskinstance.py:2306} INFO - Starting attempt 1 of 3
[2026-05-30T01:19:45.715+0000] {taskinstance.py:2330} INFO - Executing <Task(PythonOperator): register_candidate_in_mlflow> on 2026-05-30 00:00:00+00:00
[2026-05-30T01:19:45.733+0000] {logging_mixin.py:188} WARNING - /home/airflow/.local/lib/python3.12/site-packages/airflow/task/task_runner/standard_task_runner.py:61 DeprecationWarning: This process (pid=617) is multi-threaded, use of fork() may lead to deadlocks in the child.
[2026-05-30T01:19:45.734+0000] {standard_task_runner.py:63} INFO - Started process 635 to run task
[2026-05-30T01:19:45.733+0000] {standard_task_runner.py:90} INFO - Running: ['airflow', 'tasks', 'run', 'real_estate_mlops_pipeline', 'register_candidate_in_mlflow', 'scheduled__2026-05-30T00:00:00+00:00', '--job-id', '86', '--raw', '--subdir', 'DAGS_FOLDER/mlops_pipeline.py', '--cfg-path', '/tmp/tmph6kn543v']
[2026-05-30T01:19:45.735+0000] {standard_task_runner.py:91} INFO - Job 86: Subtask register_candidate_in_mlflow
[2026-05-30T01:19:45.789+0000] {task_command.py:426} INFO - Running <TaskInstance: real_estate_mlops_pipeline.register_candidate_in_mlflow scheduled__2026-05-30T00:00:00+00:00 [running]> on host 123d1cd2e2a1
[2026-05-30T01:19:45.871+0000] {taskinstance.py:2648} INFO - Exporting env vars: AIRFLOW_CTX_DAG_OWNER='mlops_team' AIRFLOW_CTX_DAG_ID='real_estate_mlops_pipeline' AIRFLOW_CTX_TASK_ID='register_candidate_in_mlflow' AIRFLOW_CTX_EXECUTION_DATE='2026-05-30T00:00:00+00:00' AIRFLOW_CTX_TRY_NUMBER='1' AIRFLOW_CTX_DAG_RUN_ID='scheduled__2026-05-30T00:00:00+00:00'
[2026-05-30T01:19:45.872+0000] {taskinstance.py:430} INFO - ::endgroup::
[2026-05-30T01:19:47.847+0000] {logging_mixin.py:188} WARNING - 2026/05/30 01:19:47 WARNING mlflow.utils.git_utils: Failed to import Git (the Git executable is probably not on your PATH), so Git SHA is not available. Error: Failed to initialize: Bad git executable.
The git executable must be specified in one of the following ways:
    - be included in your $PATH
    - be set via $GIT_PYTHON_GIT_EXECUTABLE
    - explicitly set via git.refresh(<full-path-to-git-executable>)

All git commands will error until this is rectified.

This initial message can be silenced or aggravated in the future by setting the
$GIT_PYTHON_REFRESH environment variable. Use one of the following values:
    - quiet|q|silence|s|silent|none|n|0: for no message or exception
    - warn|w|warning|log|l|1: for a warning message (logging level CRITICAL, displayed by default)
    - error|e|exception|raise|r|2: for a raised exception

Example:
    export GIT_PYTHON_REFRESH=quiet
[2026-05-30T01:33:22.071+0000] {credentials.py:1147} INFO - Found credentials in environment variables.
[2026-05-30T01:33:22.968+0000] {logging_mixin.py:188} INFO - Modelo registrado oficialmente en MLflow (ID: a7987939cf3f4695b932ba2f31e60e5e)
[2026-05-30T01:33:23.015+0000] {logging_mixin.py:188} INFO - Objeto temporal temp_models/candidate_scheduled__2026-05-30T00:00:00+00:00.pkl eliminado de MinIO.
[2026-05-30T01:33:23.048+0000] {python.py:237} INFO - Done. Returned value was: None
[2026-05-30T01:33:23.049+0000] {taskinstance.py:441} INFO - ::group::Post task execution logs
[2026-05-30T01:33:23.060+0000] {taskinstance.py:1206} INFO - Marking task as SUCCESS. dag_id=real_estate_mlops_pipeline, task_id=register_candidate_in_mlflow, run_id=scheduled__2026-05-30T00:00:00+00:00, execution_date=20260530T000000, start_date=20260530T011945, end_date=20260530T013323
[2026-05-30T01:33:23.138+0000] {local_task_job_runner.py:240} INFO - Task exited with return code 0
[2026-05-30T01:33:23.167+0000] {taskinstance.py:3498} INFO - 1 downstream tasks scheduled from follow-on schedule check
[2026-05-30T01:33:23.171+0000] {local_task_job_runner.py:222} INFO - ::endgroup::
