[2026-05-27T02:49:26.367+0000] {local_task_job_runner.py:120} INFO - ::group::Pre task execution logs
[2026-05-27T02:49:26.399+0000] {taskinstance.py:2076} INFO - Dependencies all met for dep_context=non-requeueable deps ti=<TaskInstance: real_estate_mlops_pipeline.evaluate_candidate_model manual__2026-05-27T02:31:03.363362+00:00 [queued]>
[2026-05-27T02:49:26.408+0000] {taskinstance.py:2076} INFO - Dependencies all met for dep_context=requeueable deps ti=<TaskInstance: real_estate_mlops_pipeline.evaluate_candidate_model manual__2026-05-27T02:31:03.363362+00:00 [queued]>
[2026-05-27T02:49:26.409+0000] {taskinstance.py:2306} INFO - Starting attempt 3 of 3
[2026-05-27T02:49:26.421+0000] {taskinstance.py:2330} INFO - Executing <Task(PythonOperator): evaluate_candidate_model> on 2026-05-27 02:31:03.363362+00:00
[2026-05-27T02:49:26.436+0000] {logging_mixin.py:188} WARNING - /home/airflow/.local/lib/python3.12/site-packages/airflow/task/task_runner/standard_task_runner.py:61 DeprecationWarning: This process (pid=3310) is multi-threaded, use of fork() may lead to deadlocks in the child.
[2026-05-27T02:49:26.438+0000] {standard_task_runner.py:63} INFO - Started process 3328 to run task
[2026-05-27T02:49:26.437+0000] {standard_task_runner.py:90} INFO - Running: ['airflow', 'tasks', 'run', 'real_estate_mlops_pipeline', 'evaluate_candidate_model', 'manual__2026-05-27T02:31:03.363362+00:00', '--job-id', '43', '--raw', '--subdir', 'DAGS_FOLDER/mlops_pipeline.py', '--cfg-path', '/tmp/tmpzvfq_e_x']
[2026-05-27T02:49:26.439+0000] {standard_task_runner.py:91} INFO - Job 43: Subtask evaluate_candidate_model
[2026-05-27T02:49:26.502+0000] {task_command.py:426} INFO - Running <TaskInstance: real_estate_mlops_pipeline.evaluate_candidate_model manual__2026-05-27T02:31:03.363362+00:00 [running]> on host 86717520d88f
[2026-05-27T02:49:26.593+0000] {taskinstance.py:2648} INFO - Exporting env vars: AIRFLOW_CTX_DAG_OWNER='mlops_team' AIRFLOW_CTX_DAG_ID='real_estate_mlops_pipeline' AIRFLOW_CTX_TASK_ID='evaluate_candidate_model' AIRFLOW_CTX_EXECUTION_DATE='2026-05-27T02:31:03.363362+00:00' AIRFLOW_CTX_TRY_NUMBER='3' AIRFLOW_CTX_DAG_RUN_ID='manual__2026-05-27T02:31:03.363362+00:00'
[2026-05-27T02:49:26.595+0000] {taskinstance.py:430} INFO - ::endgroup::
[2026-05-27T02:49:27.269+0000] {credentials.py:1147} INFO - Found credentials in environment variables.
[2026-05-27T02:49:27.382+0000] {logging_mixin.py:188} WARNING - Downloading artifacts:   0%|          | 0/1 [00:00<?, ?it/s]
[2026-05-27T02:49:27.383+0000] {logging_mixin.py:188} WARNING - Downloading artifacts:   0%|          | 0/1 [00:00<?, ?it/s]
[2026-05-27T02:49:27.403+0000] {taskinstance.py:441} INFO - ::group::Post task execution logs
[2026-05-27T02:49:27.404+0000] {taskinstance.py:2905} ERROR - Task failed with exception
Traceback (most recent call last):
  File "/home/airflow/.local/lib/python3.12/site-packages/airflow/models/taskinstance.py", line 465, in _execute_task
    result = _execute_callable(context=context, **execute_callable_kwargs)
             ^^^^^^^^^^^^^^^^^^^^^^^^^^^^^^^^^^^^^^^^^^^^^^^^^^^^^^^^^^^^^
  File "/home/airflow/.local/lib/python3.12/site-packages/airflow/models/taskinstance.py", line 432, in _execute_callable
    return execute_callable(context=context, **execute_callable_kwargs)
           ^^^^^^^^^^^^^^^^^^^^^^^^^^^^^^^^^^^^^^^^^^^^^^^^^^^^^^^^^^^^
  File "/home/airflow/.local/lib/python3.12/site-packages/airflow/models/baseoperator.py", line 400, in wrapper
    return func(self, *args, **kwargs)
           ^^^^^^^^^^^^^^^^^^^^^^^^^^^
  File "/home/airflow/.local/lib/python3.12/site-packages/airflow/operators/python.py", line 235, in execute
    return_value = self.execute_callable()
                   ^^^^^^^^^^^^^^^^^^^^^^^
  File "/home/airflow/.local/lib/python3.12/site-packages/airflow/operators/python.py", line 252, in execute_callable
    return self.python_callable(*self.op_args, **self.op_kwargs)
           ^^^^^^^^^^^^^^^^^^^^^^^^^^^^^^^^^^^^^^^^^^^^^^^^^^^^^
  File "/opt/airflow/dags/mlops_pipeline.py", line 246, in _evaluate_candidate_model
    pipeline = mlflow.sklearn.load_model(f"runs:/{run_id}/model")
               ^^^^^^^^^^^^^^^^^^^^^^^^^^^^^^^^^^^^^^^^^^^^^^^^^^
  File "/home/airflow/.local/lib/python3.12/site-packages/mlflow/sklearn/__init__.py", line 613, in load_model
    local_model_path = _download_artifact_from_uri(artifact_uri=model_uri, output_path=dst_path)
                       ^^^^^^^^^^^^^^^^^^^^^^^^^^^^^^^^^^^^^^^^^^^^^^^^^^^^^^^^^^^^^^^^^^^^^^^^^
  File "/home/airflow/.local/lib/python3.12/site-packages/mlflow/tracking/artifact_utils.py", line 100, in _download_artifact_from_uri
    return get_artifact_repository(artifact_uri=root_uri).download_artifacts(
           ^^^^^^^^^^^^^^^^^^^^^^^^^^^^^^^^^^^^^^^^^^^^^^^^^^^^^^^^^^^^^^^^^^
  File "/home/airflow/.local/lib/python3.12/site-packages/mlflow/store/artifact/runs_artifact_repo.py", line 125, in download_artifacts
    return self.repo.download_artifacts(artifact_path, dst_path)
           ^^^^^^^^^^^^^^^^^^^^^^^^^^^^^^^^^^^^^^^^^^^^^^^^^^^^^
  File "/home/airflow/.local/lib/python3.12/site-packages/mlflow/store/artifact/artifact_repo.py", line 222, in download_artifacts
    raise MlflowException(
mlflow.exceptions.MlflowException: The following failures occurred while downloading one or more artifacts from s3://mlflow-artifacts/1/f7f1f3ea717842349a31b4cb71379a95/artifacts:
##### File model #####
An error occurred (404) when calling the HeadObject operation: Not Found
[2026-05-27T02:49:27.421+0000] {taskinstance.py:1206} INFO - Marking task as FAILED. dag_id=real_estate_mlops_pipeline, task_id=evaluate_candidate_model, run_id=manual__2026-05-27T02:31:03.363362+00:00, execution_date=20260527T023103, start_date=20260527T024926, end_date=20260527T024927
[2026-05-27T02:49:27.440+0000] {standard_task_runner.py:110} ERROR - Failed to execute job 43 for task evaluate_candidate_model (The following failures occurred while downloading one or more artifacts from s3://mlflow-artifacts/1/f7f1f3ea717842349a31b4cb71379a95/artifacts:
##### File model #####
An error occurred (404) when calling the HeadObject operation: Not Found; 3328)
[2026-05-27T02:49:27.466+0000] {local_task_job_runner.py:240} INFO - Task exited with return code 1
[2026-05-27T02:49:27.490+0000] {taskinstance.py:3498} INFO - 0 downstream tasks scheduled from follow-on schedule check
[2026-05-27T02:49:27.497+0000] {local_task_job_runner.py:222} INFO - ::endgroup::
