[2026-05-27T02:47:21.325+0000] {local_task_job_runner.py:120} INFO - ::group::Pre task execution logs
[2026-05-27T02:47:21.353+0000] {taskinstance.py:2076} INFO - Dependencies all met for dep_context=non-requeueable deps ti=<TaskInstance: real_estate_mlops_pipeline.evaluate_candidate_model manual__2026-05-27T02:31:03.363362+00:00 [queued]>
[2026-05-27T02:47:21.363+0000] {taskinstance.py:2076} INFO - Dependencies all met for dep_context=requeueable deps ti=<TaskInstance: real_estate_mlops_pipeline.evaluate_candidate_model manual__2026-05-27T02:31:03.363362+00:00 [queued]>
[2026-05-27T02:47:21.363+0000] {taskinstance.py:2306} INFO - Starting attempt 2 of 3
[2026-05-27T02:47:21.415+0000] {taskinstance.py:2330} INFO - Executing <Task(PythonOperator): evaluate_candidate_model> on 2026-05-27 02:31:03.363362+00:00
[2026-05-27T02:47:21.429+0000] {logging_mixin.py:188} WARNING - /home/airflow/.local/lib/python3.12/site-packages/airflow/task/task_runner/standard_task_runner.py:61 DeprecationWarning: This process (pid=3159) is multi-threaded, use of fork() may lead to deadlocks in the child.
[2026-05-27T02:47:21.429+0000] {standard_task_runner.py:90} INFO - Running: ['airflow', 'tasks', 'run', 'real_estate_mlops_pipeline', 'evaluate_candidate_model', 'manual__2026-05-27T02:31:03.363362+00:00', '--job-id', '40', '--raw', '--subdir', 'DAGS_FOLDER/mlops_pipeline.py', '--cfg-path', '/tmp/tmpg3r3dl0k']
[2026-05-27T02:47:21.431+0000] {standard_task_runner.py:91} INFO - Job 40: Subtask evaluate_candidate_model
[2026-05-27T02:47:21.431+0000] {standard_task_runner.py:63} INFO - Started process 3183 to run task
[2026-05-27T02:47:21.490+0000] {task_command.py:426} INFO - Running <TaskInstance: real_estate_mlops_pipeline.evaluate_candidate_model manual__2026-05-27T02:31:03.363362+00:00 [running]> on host 86717520d88f
[2026-05-27T02:47:21.587+0000] {taskinstance.py:2648} INFO - Exporting env vars: AIRFLOW_CTX_DAG_OWNER='mlops_team' AIRFLOW_CTX_DAG_ID='real_estate_mlops_pipeline' AIRFLOW_CTX_TASK_ID='evaluate_candidate_model' AIRFLOW_CTX_EXECUTION_DATE='2026-05-27T02:31:03.363362+00:00' AIRFLOW_CTX_TRY_NUMBER='2' AIRFLOW_CTX_DAG_RUN_ID='manual__2026-05-27T02:31:03.363362+00:00'
[2026-05-27T02:47:21.589+0000] {taskinstance.py:430} INFO - ::endgroup::
[2026-05-27T02:47:22.373+0000] {credentials.py:1147} INFO - Found credentials in environment variables.
[2026-05-27T02:47:22.493+0000] {logging_mixin.py:188} WARNING - Downloading artifacts:   0%|          | 0/1 [00:00<?, ?it/s]
[2026-05-27T02:47:22.494+0000] {logging_mixin.py:188} WARNING - Downloading artifacts:   0%|          | 0/1 [00:00<?, ?it/s]
[2026-05-27T02:47:22.512+0000] {taskinstance.py:441} INFO - ::group::Post task execution logs
[2026-05-27T02:47:22.513+0000] {taskinstance.py:2905} ERROR - Task failed with exception
Traceback (most recent call last):
  File "/home/airflow/.local/lib/python3.12/site-packages/airflow/models/taskinstance.py", line 465, in _execute_task
    result = _execute_callable(context=context, **execute_callable_kwargs)
             ^^^^^^^^^^^^^^^^^^^^^^^^^^^^^^^^^^^^^^^^^^^^^^^^^^^^^^^^^^^^^
  File "/home/airflow/.local/lib/python3.12/site-packages/airflow/models/taskinstance.py", line 432, in _execute_callable
    return execute_callable(context=context, **execute_callable_kwargs)
           ^^^^^^^^^^^^^^^^^^^^^^^^^^^^^^^^^^^^^^^^^^^^^^^^^^^^^^^^^^^^
  File "/home/airflow/.local/lib/python3.12/site-packages/airflow/models/baseoperator.py", line 400, in wrapper
    return func(self, *args, **kwargs)
           ^^^^^^^^^^^^^^^^^^^^^^^^^^^
  File "/home/airflow/.local/lib/python3.12/site-packages/airflow/operators/python.py", line 235, in execute
    return_value = self.execute_callable()
                   ^^^^^^^^^^^^^^^^^^^^^^^
  File "/home/airflow/.local/lib/python3.12/site-packages/airflow/operators/python.py", line 252, in execute_callable
    return self.python_callable(*self.op_args, **self.op_kwargs)
           ^^^^^^^^^^^^^^^^^^^^^^^^^^^^^^^^^^^^^^^^^^^^^^^^^^^^^
  File "/opt/airflow/dags/mlops_pipeline.py", line 246, in _evaluate_candidate_model
    pipeline = mlflow.sklearn.load_model(f"runs:/{run_id}/model")
               ^^^^^^^^^^^^^^^^^^^^^^^^^^^^^^^^^^^^^^^^^^^^^^^^^^
  File "/home/airflow/.local/lib/python3.12/site-packages/mlflow/sklearn/__init__.py", line 613, in load_model
    local_model_path = _download_artifact_from_uri(artifact_uri=model_uri, output_path=dst_path)
                       ^^^^^^^^^^^^^^^^^^^^^^^^^^^^^^^^^^^^^^^^^^^^^^^^^^^^^^^^^^^^^^^^^^^^^^^^^
  File "/home/airflow/.local/lib/python3.12/site-packages/mlflow/tracking/artifact_utils.py", line 100, in _download_artifact_from_uri
    return get_artifact_repository(artifact_uri=root_uri).download_artifacts(
           ^^^^^^^^^^^^^^^^^^^^^^^^^^^^^^^^^^^^^^^^^^^^^^^^^^^^^^^^^^^^^^^^^^
  File "/home/airflow/.local/lib/python3.12/site-packages/mlflow/store/artifact/runs_artifact_repo.py", line 125, in download_artifacts
    return self.repo.download_artifacts(artifact_path, dst_path)
           ^^^^^^^^^^^^^^^^^^^^^^^^^^^^^^^^^^^^^^^^^^^^^^^^^^^^^
  File "/home/airflow/.local/lib/python3.12/site-packages/mlflow/store/artifact/artifact_repo.py", line 222, in download_artifacts
    raise MlflowException(
mlflow.exceptions.MlflowException: The following failures occurred while downloading one or more artifacts from s3://mlflow-artifacts/1/f7f1f3ea717842349a31b4cb71379a95/artifacts:
##### File model #####
An error occurred (404) when calling the HeadObject operation: Not Found
[2026-05-27T02:47:22.531+0000] {taskinstance.py:1206} INFO - Marking task as UP_FOR_RETRY. dag_id=real_estate_mlops_pipeline, task_id=evaluate_candidate_model, run_id=manual__2026-05-27T02:31:03.363362+00:00, execution_date=20260527T023103, start_date=20260527T024721, end_date=20260527T024722
[2026-05-27T02:47:22.545+0000] {standard_task_runner.py:110} ERROR - Failed to execute job 40 for task evaluate_candidate_model (The following failures occurred while downloading one or more artifacts from s3://mlflow-artifacts/1/f7f1f3ea717842349a31b4cb71379a95/artifacts:
##### File model #####
An error occurred (404) when calling the HeadObject operation: Not Found; 3183)
[2026-05-27T02:47:22.584+0000] {local_task_job_runner.py:240} INFO - Task exited with return code 1
[2026-05-27T02:47:22.610+0000] {taskinstance.py:3498} INFO - 0 downstream tasks scheduled from follow-on schedule check
[2026-05-27T02:47:22.614+0000] {local_task_job_runner.py:222} INFO - ::endgroup::
