[2026-05-09T22:31:24.951+0000] {local_task_job_runner.py:120} INFO - ::group::Pre task execution logs
[2026-05-09T22:31:24.977+0000] {taskinstance.py:2076} INFO - Dependencies all met for dep_context=non-requeueable deps ti=<TaskInstance: diabetes_mlops_pipeline.load_incremental_raw manual__2026-05-09T22:30:53.541237+00:00 [queued]>
[2026-05-09T22:31:24.984+0000] {taskinstance.py:2076} INFO - Dependencies all met for dep_context=requeueable deps ti=<TaskInstance: diabetes_mlops_pipeline.load_incremental_raw manual__2026-05-09T22:30:53.541237+00:00 [queued]>
[2026-05-09T22:31:24.985+0000] {taskinstance.py:2306} INFO - Starting attempt 2 of 3
[2026-05-09T22:31:24.995+0000] {taskinstance.py:2330} INFO - Executing <Task(PythonOperator): load_incremental_raw> on 2026-05-09 22:30:53.541237+00:00
[2026-05-09T22:31:25.004+0000] {standard_task_runner.py:90} INFO - Running: ['airflow', 'tasks', 'run', 'diabetes_mlops_pipeline', 'load_incremental_raw', 'manual__2026-05-09T22:30:53.541237+00:00', '--job-id', '40', '--raw', '--subdir', 'DAGS_FOLDER/mlops_pipeline.py', '--cfg-path', '/tmp/tmphbde2y6l']
[2026-05-09T22:31:25.006+0000] {standard_task_runner.py:91} INFO - Job 40: Subtask load_incremental_raw
[2026-05-09T22:31:25.005+0000] {logging_mixin.py:188} WARNING - /home/airflow/.local/lib/python3.12/site-packages/airflow/task/task_runner/standard_task_runner.py:61 DeprecationWarning: This process (pid=6932) is multi-threaded, use of fork() may lead to deadlocks in the child.
[2026-05-09T22:31:25.006+0000] {standard_task_runner.py:63} INFO - Started process 6970 to run task
[2026-05-09T22:31:25.050+0000] {task_command.py:426} INFO - Running <TaskInstance: diabetes_mlops_pipeline.load_incremental_raw manual__2026-05-09T22:30:53.541237+00:00 [running]> on host 3441b056496b
[2026-05-09T22:31:25.126+0000] {taskinstance.py:2648} INFO - Exporting env vars: AIRFLOW_CTX_DAG_OWNER='mlops_team' AIRFLOW_CTX_DAG_ID='diabetes_mlops_pipeline' AIRFLOW_CTX_TASK_ID='load_incremental_raw' AIRFLOW_CTX_EXECUTION_DATE='2026-05-09T22:30:53.541237+00:00' AIRFLOW_CTX_TRY_NUMBER='2' AIRFLOW_CTX_DAG_RUN_ID='manual__2026-05-09T22:30:53.541237+00:00'
[2026-05-09T22:31:25.127+0000] {taskinstance.py:430} INFO - ::endgroup::
[2026-05-09T22:31:25.142+0000] {taskinstance.py:441} INFO - ::group::Post task execution logs
[2026-05-09T22:31:25.143+0000] {taskinstance.py:2905} ERROR - Task failed with exception
Traceback (most recent call last):
  File "/home/airflow/.local/lib/python3.12/site-packages/sqlalchemy/engine/base.py", line 1910, in _execute_context
    self.dialect.do_execute(
  File "/home/airflow/.local/lib/python3.12/site-packages/sqlalchemy/engine/default.py", line 736, in do_execute
    cursor.execute(statement, parameters)
psycopg2.errors.UndefinedTable: relation "raw_data" does not exist
LINE 1: DELETE FROM raw_data WHERE batch_id = 'manual__2026-05-09T22...
                    ^


The above exception was the direct cause of the following exception:

Traceback (most recent call last):
  File "/home/airflow/.local/lib/python3.12/site-packages/airflow/models/taskinstance.py", line 465, in _execute_task
    result = _execute_callable(context=context, **execute_callable_kwargs)
             ^^^^^^^^^^^^^^^^^^^^^^^^^^^^^^^^^^^^^^^^^^^^^^^^^^^^^^^^^^^^^
  File "/home/airflow/.local/lib/python3.12/site-packages/airflow/models/taskinstance.py", line 432, in _execute_callable
    return execute_callable(context=context, **execute_callable_kwargs)
           ^^^^^^^^^^^^^^^^^^^^^^^^^^^^^^^^^^^^^^^^^^^^^^^^^^^^^^^^^^^^
  File "/home/airflow/.local/lib/python3.12/site-packages/airflow/models/baseoperator.py", line 400, in wrapper
    return func(self, *args, **kwargs)
           ^^^^^^^^^^^^^^^^^^^^^^^^^^^
  File "/home/airflow/.local/lib/python3.12/site-packages/airflow/operators/python.py", line 235, in execute
    return_value = self.execute_callable()
                   ^^^^^^^^^^^^^^^^^^^^^^^
  File "/home/airflow/.local/lib/python3.12/site-packages/airflow/operators/python.py", line 252, in execute_callable
    return self.python_callable(*self.op_args, **self.op_kwargs)
           ^^^^^^^^^^^^^^^^^^^^^^^^^^^^^^^^^^^^^^^^^^^^^^^^^^^^^
  File "/opt/airflow/dags/mlops_pipeline.py", line 44, in _load_incremental_raw
    conn.execute(text("DELETE FROM raw_data WHERE batch_id = :b_id"), {"b_id": batch_id})
  File "/home/airflow/.local/lib/python3.12/site-packages/sqlalchemy/engine/base.py", line 1385, in execute
    return meth(self, multiparams, params, _EMPTY_EXECUTION_OPTS)
           ^^^^^^^^^^^^^^^^^^^^^^^^^^^^^^^^^^^^^^^^^^^^^^^^^^^^^^
  File "/home/airflow/.local/lib/python3.12/site-packages/sqlalchemy/sql/elements.py", line 334, in _execute_on_connection
    return connection._execute_clauseelement(
           ^^^^^^^^^^^^^^^^^^^^^^^^^^^^^^^^^^
  File "/home/airflow/.local/lib/python3.12/site-packages/sqlalchemy/engine/base.py", line 1577, in _execute_clauseelement
    ret = self._execute_context(
          ^^^^^^^^^^^^^^^^^^^^^^
  File "/home/airflow/.local/lib/python3.12/site-packages/sqlalchemy/engine/base.py", line 1953, in _execute_context
    self._handle_dbapi_exception(
  File "/home/airflow/.local/lib/python3.12/site-packages/sqlalchemy/engine/base.py", line 2134, in _handle_dbapi_exception
    util.raise_(
  File "/home/airflow/.local/lib/python3.12/site-packages/sqlalchemy/util/compat.py", line 211, in raise_
    raise exception
  File "/home/airflow/.local/lib/python3.12/site-packages/sqlalchemy/engine/base.py", line 1910, in _execute_context
    self.dialect.do_execute(
  File "/home/airflow/.local/lib/python3.12/site-packages/sqlalchemy/engine/default.py", line 736, in do_execute
    cursor.execute(statement, parameters)
sqlalchemy.exc.ProgrammingError: (psycopg2.errors.UndefinedTable) relation "raw_data" does not exist
LINE 1: DELETE FROM raw_data WHERE batch_id = 'manual__2026-05-09T22...
                    ^

[SQL: DELETE FROM raw_data WHERE batch_id = %(b_id)s]
[parameters: {'b_id': 'manual__2026-05-09T22:30:53.541237+00:00'}]
(Background on this error at: https://sqlalche.me/e/14/f405)
[2026-05-09T22:31:25.154+0000] {taskinstance.py:1206} INFO - Marking task as UP_FOR_RETRY. dag_id=diabetes_mlops_pipeline, task_id=load_incremental_raw, run_id=manual__2026-05-09T22:30:53.541237+00:00, execution_date=20260509T223053, start_date=20260509T223124, end_date=20260509T223125
[2026-05-09T22:31:25.164+0000] {standard_task_runner.py:110} ERROR - Failed to execute job 40 for task load_incremental_raw ((psycopg2.errors.UndefinedTable) relation "raw_data" does not exist
LINE 1: DELETE FROM raw_data WHERE batch_id = 'manual__2026-05-09T22...
                    ^

[SQL: DELETE FROM raw_data WHERE batch_id = %(b_id)s]
[parameters: {'b_id': 'manual__2026-05-09T22:30:53.541237+00:00'}]
(Background on this error at: https://sqlalche.me/e/14/f405); 6970)
[2026-05-09T22:31:25.187+0000] {local_task_job_runner.py:240} INFO - Task exited with return code 1
[2026-05-09T22:31:25.207+0000] {taskinstance.py:3498} INFO - 0 downstream tasks scheduled from follow-on schedule check
[2026-05-09T22:31:25.210+0000] {local_task_job_runner.py:222} INFO - ::endgroup::
