[2026-05-27T02:50:50.146+0000] {local_task_job_runner.py:120} INFO - ::group::Pre task execution logs
[2026-05-27T02:50:50.176+0000] {taskinstance.py:2076} INFO - Dependencies all met for dep_context=non-requeueable deps ti=<TaskInstance: real_estate_mlops_pipeline.evaluate_candidate_model manual__2026-05-27T02:41:38.136765+00:00 [queued]>
[2026-05-27T02:50:50.184+0000] {taskinstance.py:2076} INFO - Dependencies all met for dep_context=requeueable deps ti=<TaskInstance: real_estate_mlops_pipeline.evaluate_candidate_model manual__2026-05-27T02:41:38.136765+00:00 [queued]>
[2026-05-27T02:50:50.185+0000] {taskinstance.py:2306} INFO - Starting attempt 4 of 6
[2026-05-27T02:50:50.236+0000] {taskinstance.py:2330} INFO - Executing <Task(PythonOperator): evaluate_candidate_model> on 2026-05-27 02:41:38.136765+00:00
[2026-05-27T02:50:50.251+0000] {logging_mixin.py:188} WARNING - /home/airflow/.local/lib/python3.12/site-packages/airflow/task/task_runner/standard_task_runner.py:61 DeprecationWarning: This process (pid=3420) is multi-threaded, use of fork() may lead to deadlocks in the child.
[2026-05-27T02:50:50.253+0000] {standard_task_runner.py:63} INFO - Started process 3438 to run task
[2026-05-27T02:50:50.251+0000] {standard_task_runner.py:90} INFO - Running: ['airflow', 'tasks', 'run', 'real_estate_mlops_pipeline', 'evaluate_candidate_model', 'manual__2026-05-27T02:41:38.136765+00:00', '--job-id', '44', '--raw', '--subdir', 'DAGS_FOLDER/mlops_pipeline.py', '--cfg-path', '/tmp/tmpyuqn7t8g']
[2026-05-27T02:50:50.254+0000] {standard_task_runner.py:91} INFO - Job 44: Subtask evaluate_candidate_model
[2026-05-27T02:50:50.321+0000] {task_command.py:426} INFO - Running <TaskInstance: real_estate_mlops_pipeline.evaluate_candidate_model manual__2026-05-27T02:41:38.136765+00:00 [running]> on host 86717520d88f
[2026-05-27T02:50:50.413+0000] {taskinstance.py:2648} INFO - Exporting env vars: AIRFLOW_CTX_DAG_OWNER='mlops_team' AIRFLOW_CTX_DAG_ID='real_estate_mlops_pipeline' AIRFLOW_CTX_TASK_ID='evaluate_candidate_model' AIRFLOW_CTX_EXECUTION_DATE='2026-05-27T02:41:38.136765+00:00' AIRFLOW_CTX_TRY_NUMBER='4' AIRFLOW_CTX_DAG_RUN_ID='manual__2026-05-27T02:41:38.136765+00:00'
[2026-05-27T02:50:50.414+0000] {taskinstance.py:430} INFO - ::endgroup::
[2026-05-27T02:50:50.669+0000] {taskinstance.py:441} INFO - ::group::Post task execution logs
[2026-05-27T02:50:50.670+0000] {taskinstance.py:2905} ERROR - Task failed with exception
Traceback (most recent call last):
  File "/home/airflow/.local/lib/python3.12/site-packages/airflow/models/taskinstance.py", line 465, in _execute_task
    result = _execute_callable(context=context, **execute_callable_kwargs)
             ^^^^^^^^^^^^^^^^^^^^^^^^^^^^^^^^^^^^^^^^^^^^^^^^^^^^^^^^^^^^^
  File "/home/airflow/.local/lib/python3.12/site-packages/airflow/models/taskinstance.py", line 432, in _execute_callable
    return execute_callable(context=context, **execute_callable_kwargs)
           ^^^^^^^^^^^^^^^^^^^^^^^^^^^^^^^^^^^^^^^^^^^^^^^^^^^^^^^^^^^^
  File "/home/airflow/.local/lib/python3.12/site-packages/airflow/models/baseoperator.py", line 400, in wrapper
    return func(self, *args, **kwargs)
           ^^^^^^^^^^^^^^^^^^^^^^^^^^^
  File "/home/airflow/.local/lib/python3.12/site-packages/airflow/operators/python.py", line 235, in execute
    return_value = self.execute_callable()
                   ^^^^^^^^^^^^^^^^^^^^^^^
  File "/home/airflow/.local/lib/python3.12/site-packages/airflow/operators/python.py", line 252, in execute_callable
    return self.python_callable(*self.op_args, **self.op_kwargs)
           ^^^^^^^^^^^^^^^^^^^^^^^^^^^^^^^^^^^^^^^^^^^^^^^^^^^^^
  File "/opt/airflow/dags/mlops_pipeline.py", line 263, in _evaluate_candidate_model
    s3_client.download_file(MINIO_BUCKET, s3_key, temp_model_path)
  File "/home/airflow/.local/lib/python3.12/site-packages/boto3/s3/inject.py", line 192, in download_file
    return transfer.download_file(
           ^^^^^^^^^^^^^^^^^^^^^^^
  File "/home/airflow/.local/lib/python3.12/site-packages/boto3/s3/transfer.py", line 405, in download_file
    future.result()
  File "/home/airflow/.local/lib/python3.12/site-packages/s3transfer/futures.py", line 103, in result
    return self._coordinator.result()
           ^^^^^^^^^^^^^^^^^^^^^^^^^^
  File "/home/airflow/.local/lib/python3.12/site-packages/s3transfer/futures.py", line 266, in result
    raise self._exception
  File "/home/airflow/.local/lib/python3.12/site-packages/s3transfer/tasks.py", line 269, in _main
    self._submit(transfer_future=transfer_future, **kwargs)
  File "/home/airflow/.local/lib/python3.12/site-packages/s3transfer/download.py", line 354, in _submit
    response = client.head_object(
               ^^^^^^^^^^^^^^^^^^^
  File "/home/airflow/.local/lib/python3.12/site-packages/botocore/client.py", line 553, in _api_call
    return self._make_api_call(operation_name, kwargs)
           ^^^^^^^^^^^^^^^^^^^^^^^^^^^^^^^^^^^^^^^^^^^
  File "/home/airflow/.local/lib/python3.12/site-packages/botocore/client.py", line 962, in _make_api_call
    request_dict = self._convert_to_request_dict(
                   ^^^^^^^^^^^^^^^^^^^^^^^^^^^^^^
  File "/home/airflow/.local/lib/python3.12/site-packages/botocore/client.py", line 1036, in _convert_to_request_dict
    request_dict = self._serializer.serialize_to_request(
                   ^^^^^^^^^^^^^^^^^^^^^^^^^^^^^^^^^^^^^^
  File "/home/airflow/.local/lib/python3.12/site-packages/botocore/validate.py", line 381, in serialize_to_request
    raise ParamValidationError(report=report.generate_report())
botocore.exceptions.ParamValidationError: Parameter validation failed:
Invalid type for parameter Key, value: None, type: <class 'NoneType'>, valid types: <class 'str'>
[2026-05-27T02:50:50.698+0000] {taskinstance.py:1206} INFO - Marking task as UP_FOR_RETRY. dag_id=real_estate_mlops_pipeline, task_id=evaluate_candidate_model, run_id=manual__2026-05-27T02:41:38.136765+00:00, execution_date=20260527T024138, start_date=20260527T025050, end_date=20260527T025050
[2026-05-27T02:50:50.712+0000] {standard_task_runner.py:110} ERROR - Failed to execute job 44 for task evaluate_candidate_model (Parameter validation failed:
Invalid type for parameter Key, value: None, type: <class 'NoneType'>, valid types: <class 'str'>; 3438)
[2026-05-27T02:50:50.753+0000] {local_task_job_runner.py:240} INFO - Task exited with return code 1
[2026-05-27T02:50:50.781+0000] {taskinstance.py:3498} INFO - 0 downstream tasks scheduled from follow-on schedule check
[2026-05-27T02:50:50.786+0000] {local_task_job_runner.py:222} INFO - ::endgroup::
