[2026-05-09T19:24:21.200+0000] {local_task_job_runner.py:120} INFO - ::group::Pre task execution logs
[2026-05-09T19:24:21.224+0000] {taskinstance.py:2076} INFO - Dependencies all met for dep_context=non-requeueable deps ti=<TaskInstance: diabetes_mlops_pipeline.load_incremental_raw manual__2026-05-09T19:24:19.190744+00:00 [queued]>
[2026-05-09T19:24:21.229+0000] {taskinstance.py:2076} INFO - Dependencies all met for dep_context=requeueable deps ti=<TaskInstance: diabetes_mlops_pipeline.load_incremental_raw manual__2026-05-09T19:24:19.190744+00:00 [queued]>
[2026-05-09T19:24:21.229+0000] {taskinstance.py:2306} INFO - Starting attempt 1 of 2
[2026-05-09T19:24:21.240+0000] {taskinstance.py:2330} INFO - Executing <Task(PythonOperator): load_incremental_raw> on 2026-05-09 19:24:19.190744+00:00
[2026-05-09T19:24:21.249+0000] {standard_task_runner.py:90} INFO - Running: ['airflow', 'tasks', 'run', 'diabetes_mlops_pipeline', 'load_incremental_raw', 'manual__2026-05-09T19:24:19.190744+00:00', '--job-id', '9', '--raw', '--subdir', 'DAGS_FOLDER/mlops_pipeline.py', '--cfg-path', '/tmp/tmpf7zguel9']
[2026-05-09T19:24:21.251+0000] {standard_task_runner.py:91} INFO - Job 9: Subtask load_incremental_raw
[2026-05-09T19:24:21.251+0000] {logging_mixin.py:188} WARNING - /home/airflow/.local/lib/python3.12/site-packages/airflow/task/task_runner/standard_task_runner.py:61 DeprecationWarning: This process (pid=744) is multi-threaded, use of fork() may lead to deadlocks in the child.
[2026-05-09T19:24:21.252+0000] {standard_task_runner.py:63} INFO - Started process 762 to run task
[2026-05-09T19:24:21.287+0000] {task_command.py:426} INFO - Running <TaskInstance: diabetes_mlops_pipeline.load_incremental_raw manual__2026-05-09T19:24:19.190744+00:00 [running]> on host 3441b056496b
[2026-05-09T19:24:21.360+0000] {taskinstance.py:2648} INFO - Exporting env vars: AIRFLOW_CTX_DAG_OWNER='mlops_team' AIRFLOW_CTX_DAG_ID='diabetes_mlops_pipeline' AIRFLOW_CTX_TASK_ID='load_incremental_raw' AIRFLOW_CTX_EXECUTION_DATE='2026-05-09T19:24:19.190744+00:00' AIRFLOW_CTX_TRY_NUMBER='1' AIRFLOW_CTX_DAG_RUN_ID='manual__2026-05-09T19:24:19.190744+00:00'
[2026-05-09T19:24:21.361+0000] {taskinstance.py:430} INFO - ::endgroup::
[2026-05-09T19:24:22.817+0000] {crypto.py:82} WARNING - empty cryptography key - values will not be stored encrypted.
[2026-05-09T19:24:22.834+0000] {logging_mixin.py:188} INFO - Lote batch_20260509192421 insertado con 15000 registros.
[2026-05-09T19:24:22.840+0000] {python.py:237} INFO - Done. Returned value was: None
[2026-05-09T19:24:22.841+0000] {taskinstance.py:441} INFO - ::group::Post task execution logs
[2026-05-09T19:24:22.848+0000] {taskinstance.py:1206} INFO - Marking task as SUCCESS. dag_id=diabetes_mlops_pipeline, task_id=load_incremental_raw, run_id=manual__2026-05-09T19:24:19.190744+00:00, execution_date=20260509T192419, start_date=20260509T192421, end_date=20260509T192422
[2026-05-09T19:24:22.870+0000] {local_task_job_runner.py:240} INFO - Task exited with return code 0
[2026-05-09T19:24:22.892+0000] {taskinstance.py:3498} INFO - 1 downstream tasks scheduled from follow-on schedule check
[2026-05-09T19:24:22.895+0000] {local_task_job_runner.py:222} INFO - ::endgroup::
