[2026-05-09T17:56:11.940+0000] {local_task_job_runner.py:120} INFO - ::group::Pre task execution logs
[2026-05-09T17:56:11.961+0000] {taskinstance.py:2076} INFO - Dependencies all met for dep_context=non-requeueable deps ti=<TaskInstance: diabetes_mlops_pipeline.load_incremental_raw manual__2026-05-09T17:51:05.347540+00:00 [queued]>
[2026-05-09T17:56:11.966+0000] {taskinstance.py:2076} INFO - Dependencies all met for dep_context=requeueable deps ti=<TaskInstance: diabetes_mlops_pipeline.load_incremental_raw manual__2026-05-09T17:51:05.347540+00:00 [queued]>
[2026-05-09T17:56:11.966+0000] {taskinstance.py:2306} INFO - Starting attempt 2 of 2
[2026-05-09T17:56:11.976+0000] {taskinstance.py:2330} INFO - Executing <Task(PythonOperator): load_incremental_raw> on 2026-05-09 17:51:05.347540+00:00
[2026-05-09T17:56:11.984+0000] {standard_task_runner.py:90} INFO - Running: ['airflow', 'tasks', 'run', 'diabetes_mlops_pipeline', 'load_incremental_raw', 'manual__2026-05-09T17:51:05.347540+00:00', '--job-id', '33', '--raw', '--subdir', 'DAGS_FOLDER/mlops_pipeline.py', '--cfg-path', '/tmp/tmp9qkafvhw']
[2026-05-09T17:56:11.986+0000] {logging_mixin.py:188} WARNING - /home/airflow/.local/lib/python3.12/site-packages/airflow/task/task_runner/standard_task_runner.py:61 DeprecationWarning: This process (pid=841) is multi-threaded, use of fork() may lead to deadlocks in the child.
[2026-05-09T17:56:11.986+0000] {standard_task_runner.py:63} INFO - Started process 859 to run task
[2026-05-09T17:56:11.986+0000] {standard_task_runner.py:91} INFO - Job 33: Subtask load_incremental_raw
[2026-05-09T17:56:12.025+0000] {task_command.py:426} INFO - Running <TaskInstance: diabetes_mlops_pipeline.load_incremental_raw manual__2026-05-09T17:51:05.347540+00:00 [running]> on host d709ff05c5f9
[2026-05-09T17:56:12.087+0000] {taskinstance.py:2648} INFO - Exporting env vars: AIRFLOW_CTX_DAG_OWNER='mlops_team' AIRFLOW_CTX_DAG_ID='diabetes_mlops_pipeline' AIRFLOW_CTX_TASK_ID='load_incremental_raw' AIRFLOW_CTX_EXECUTION_DATE='2026-05-09T17:51:05.347540+00:00' AIRFLOW_CTX_TRY_NUMBER='2' AIRFLOW_CTX_DAG_RUN_ID='manual__2026-05-09T17:51:05.347540+00:00'
[2026-05-09T17:56:12.089+0000] {taskinstance.py:430} INFO - ::endgroup::
[2026-05-09T17:56:13.574+0000] {crypto.py:82} WARNING - empty cryptography key - values will not be stored encrypted.
[2026-05-09T17:56:13.592+0000] {logging_mixin.py:188} INFO - Lote batch_20260509175612 insertado con 15000 registros.
[2026-05-09T17:56:13.598+0000] {python.py:237} INFO - Done. Returned value was: None
[2026-05-09T17:56:13.599+0000] {taskinstance.py:441} INFO - ::group::Post task execution logs
[2026-05-09T17:56:13.606+0000] {taskinstance.py:1206} INFO - Marking task as SUCCESS. dag_id=diabetes_mlops_pipeline, task_id=load_incremental_raw, run_id=manual__2026-05-09T17:51:05.347540+00:00, execution_date=20260509T175105, start_date=20260509T175611, end_date=20260509T175613
[2026-05-09T17:56:13.642+0000] {local_task_job_runner.py:240} INFO - Task exited with return code 0
[2026-05-09T17:56:13.660+0000] {taskinstance.py:3498} INFO - 1 downstream tasks scheduled from follow-on schedule check
[2026-05-09T17:56:13.664+0000] {local_task_job_runner.py:222} INFO - ::endgroup::
